पुलकितमिव,:पुलकितम्,इव,
तत्कारणादेव,:तत्कारणात्,एव,
हीब्रूज्ञानमपि,:हीब्रूज्ञानम्,अपि,
बेन्‌यहूदोऽपि,:बेन्‌यहूदः,अपि,
तद्विषये,:तत्,विषये,
सराम",:सरामः,",
शक्नुयाम',:शक्नुयामः,',
आसीदेव,:आसीत्,एव,
इत्येतदपि,:इति,एतत्,अपि,
युद्धार्थमेव,:युद्धार्थम्,एव,
इदानीमेव,:इदानीम्,एव,
नास्ति,:न,अस्ति,
अप्रियमेव,:अप्रियम्,एव,
चेदपि,:चेत्,अपि,
नासीत्,:न,आसीत्,
अनुपदमेव,:अनुपदम्,एव,
किञ्चिदिव,:किञ्चित्,इव,
सायङ्‌कालपर्यन्तमपि,:सायङ्‌कालपर्यन्तम्,अपि,
नाङ्गीकुर्वन्ति,:न,अङ्गीकुर्वन्ति,
निमेषमात्रमपि,:निमेषमात्रम्,अपि,
सन्देशमेव,:सन्देशम्,एव,
किञ्चित्कालानन्तरं,:किञ्चित्,कालानन्तरं,
इत्युक्त्वा,:इति,उक्त्वा,
सञ्चिकाश्च,:सञ्चिकाः,च,
