नैके,:न,एके,
युवकाश्च,:युवकाः,च,
सर्वामपि,:सर्वाम्,अपि,
मध्यरात्रपर्यन्तमपि,:मध्यरात्रपर्यन्तम्,अपि,
शब्दकोषनिर्माणकार्यमपि,:शब्दकोषनिर्माणकार्यम्,अपि,
सत्यमेव,:सत्यम्,एव,
करणीयमेव,:करणीयम्,एव,
देवो,दयालुः,:देवः,दयालुः,
तदर्थमपि,:तदर्थम्,अपि,
यच्च,:यत्,च,
नामापि,:नाम,अपि,
क्रेतुमपि,:क्रेतुम्,अपि,
तत्रापि,:तत्र,अपि,
अवसरमेनं,:अवसरम्,एनं,
शीघ्रमेव,:शीघ्रम्,एव,
रक्तमपि,:रक्तम्,अपि,
गृहमागतं,:गृहम्,आगतं,
भाटकमपि,:भाटकम्,अपि,
अस्मानेव,:अस्मान्,एव,
अधुनैव,:अधुना,एव,
एवमुक्त्वा,:एवम्,उक्त्वा,
अन्वेष्टुमपि,:अन्वेष्टुम्,अपि,
विनैव,:विना,एव,
दातव्यमेव,:दातव्यम्,एव,
हीब्रूभाषामेव,:हीब्रूभाषाम्,एव,
नान्यां,:न,अन्यां,
इत्येतत्,:इति,एतत्,
मयापि,:मया,अपि,
कीलितमेव,:कीलितम्,एव,
ततश्च,:ततः,च,
विचित्रमिव,:विचित्रम्,इव,
पुनरपि,:पुनः,अपि,
तमेव,:तम्,एव,
अन्येऽपि,:अन्ये,अपि,
कुतो,वा,:कुतः,वा,
किञ्चित्कालानन्तरं,:किञ्चित्,कालानन्तरं,
बालशुनकमेकम्,:बालशुनकम्,एकम्,
मुखमेव,:मुखम्,एव,
इदानीमपि,:इदानीम्,अपि,
मुखमेव,:मुखम्,एव,
नाङ्गीकुरुतः,:न,अङ्गीकुरुतः,
नैनं,:न,एनं,
नान्यया,:न,अन्यया,
शुनकोऽपि,:शुनकः,अपि,
नान्यया,:न,अन्यया,
भाषापि,:भाषा,अपि,
एकैव,:एका,एव,
तत्तु,:तत्,तु,
नासीदेव,:न,आसीत्,एव,
तत्रैव,:तत्र,एव,
अल्पेनैव,:अल्पेन,एव,
सम्यगेव,:सम्यक्,एव,
कुक्कुरमपि,:कुक्कुरम्,अपि,
इत्येतत्,:इति,एतत्,
तस्यापि,:तस्य,अपि,
अभिमानास्पदमेव,:अभिमानास्पदम्,एव,
आसीदेव,:आसीत्,एव,
किञ्चिद्दूरं,:किञ्चित्,दूरं,
वेषदर्शनादेव,:वेषदर्शनात्,एव,
सहैव,:सह,एव,
ईषदिव,:ईषत्,इव,
भवन्तोऽपि,:भवन्तः,अपि,
शिलाखण्डमेकं,:शिलाखण्डम्,एकं,
शिलावर्षणमेव,:शिलावर्षणम्,एव,
गृहमुद्दिश्य,:गृहम्,उद्दिश्य,
शुनकोऽपि,:शुनकः,अपि,
गर्तमेकं,:गर्तम्,एकं,
स,एव,:सः,एव,
नासीत्,:न,आसीत्,
नाहं,:न,अहं,
एतत्तु,:एतत्,तु,
द्रष्टुमपि,:द्रष्टुम्,अपि,
मारितोऽभवत्,:मारितः,अभवत्,
अन्यदेव,:अन्यत्,एव,
एतदेव,:एतत्,एव,
यश्च,:यः,च,
