अनाथमेव,:अनाथम्,एव,
सर्वस्वमेव,:सर्वस्वम्,एव,
नागमिष्यति,:न,आगमिष्यति,
आरम्भकालादपि,:आरम्भकालात्,अपि,
तेनैव,:तेन,एव,
सम्पदमिव,:सम्पदम्,इव,
अल्पेनैव,:अल्पेन,एव,
नावगतं,:न,अवगतं,
अधुनैव,:अधुना,एव,
नास्ति,:न,अस्ति,
सापि,:सा,अपि,
तस्यामपि,:तस्याम्,अपि,
त्रयाणामपि,:त्रयाणाम्,अपि,
अधुनैव,:अधुना,एव,
नाधिकेन,:न,अधिकेन,
तयैव,:तया,एव,
उच्छ्‌वसितुमपि,:उच्छ्‌वसितुम्,अपि,
सर्वेऽपि,:सर्वे,अपि,
तत्सेवनक्रममपि,:तत्सेवनक्रमम्,अपि,
उषःकालपर्यन्तमपि,:उषःकालपर्यन्तम्,अपि,
किञ्चिदिव,:किञ्चित्,इव,
पुनरुज्जीवितः,:पुनः,उज्जीवितः,
अनुवृत्तमेव,:अनुवृत्तम्,एव,
इदानीमपि,:इदानीम्,अपि,
टर्कशासनमेव,:टर्कशासनम्,एव,
एतदपि,:एतत्,अपि,
हीब्रूपुनरुत्थानं,:हीब्रूपुनः,उत्थानं,
यहूद्यधर्मगुरूणामपि,:यहूद्यधर्मगुरूणाम्,अपि,
आसीदेव,:आसीत्,एव,
विशेषवेतनस्यापि,:विशेषवेतनस्य,अपि,
तेऽपि,:ते,अपि,
तद्विषये,:तत्,विषये,
कर्तुमपि,:कर्तुम्,अपि,
ग्राहकसंख्यापि,:ग्राहकसंख्या,अपि,
जेरूसलेंनगरमेव,:जेरूसलेंनगरम्,एव,
हीब्रूभाषाशिक्षणविषयेऽपि,:हीब्रूभाषाशिक्षणविषये,अपि,
कस्यापि,:कस्य,अपि,
सर्वेऽपि,:सर्वे,अपि,
साहसमपि,:साहसम्,अपि,
नार्हामि,:न,अर्हामि,
अन्तिमेच्छा,:अन्तिमा,इच्छा,
एतद्विषये,:एतत्,विषये,
नापसृतः,:न,अपसृतः,
नातीतं,:न,अतीतं,
पुनर्विवाहस्य,:पुनः,विवाहस्य,
खिन्नश्च,:खिन्नः,च,
किमेतत्,:किम्,एतत्,
परिणेतुमिच्छति,:परिणेतुम्,इच्छति,
सत्यमिति,:सत्यम्,इति,
नास्ति,:न,अस्ति,
बेहरस्यापि,:बेहरस्य,अपि,
आसीदेव,:आसीत्,एव,
कार्यमग्नमपि,:कार्यमग्नम्,अपि,
अप्रियमेव,:अप्रियम्,एव,
वक्तव्यमेव,:वक्तव्यम्,एव,
सर्वमपि,:सर्वम्,अपि,
वाक्यमपि,:वाक्यम्,अपि,
पुष्पमिव,:पुष्पम्,इव,
सर्वमपि,:सर्वम्,अपि,
तथैव,:तथा,एव,
उचितमिति,:उचितम्,इति,
नास्ति,:न,अस्ति,
ज्ञात्वापि,:ज्ञात्वा,अपि,
अन्यच्च,:अन्यत्,च,
तद्‌द्वयमपि,:तद्‌द्वयम्,अपि,
इत्यासीत्,:इति,आसीत्,
