नोचितम्,:न,उचितम्,
विषयमेनं,:विषयम्,एनं,
एतद्विषये,:एतत्,विषये,
किमस्ति,:किम्,अस्ति,
एकैकोऽपि,:एकैकः,अपि,
वयमत्र,:वयम्,अत्र,
चापि,:च,अपि,
आत्मानमेव,:आत्मानम्,एव,
एकमपि,:एकम्,अपि,
ततोऽधिकं,:ततः,अधिकं,
तदवमाननमेव,:तदवमाननम्,एव,
करणीयमासीत्,:करणीयम्,आसीत्,
कुतो,वा,:कुतः,वा,
नाहं,:न,अहं,
भवितुमिच्छामि,:भवितुम्,इच्छामि,
तातोऽपि,:तातः,अपि,
अहमिच्छामि,:अहम्,इच्छामि,
मास्तु,:मा,अस्तु,
अनुशासनपरश्च,:अनुशासनपरः,च,
सत्यमेव,:सत्यम्,एव,
नाहं,:न,अहं,
तातोऽपि,:तातः,अपि,
पुनरारब्धः,:पुनः,आरब्धः,
उत्साहेनैव,:उत्साहेन,एव,
तद्विषये,:तत्,विषये,
नाक्षिपति,:न,आक्षिपति,
एकोऽपि,:एकः,अपि,
किमिदम्,:किम्,इदम्,
अन्यच्च,:अन्यत्,च,
नाहं,:न,अहं,
किमर्थमिति,:किमर्थम्,इति,
नोक्तवान्,:न,उक्तवान्,
शिक्षकोऽपि,:शिक्षकः,अपि,
तमुद्दिश्य,:तम्,उद्दिश्य,
प्रश्नमपि,:प्रश्नम्,अपि,
लिखितमासीत्,:लिखितम्,आसीत्,
नासीत्,:न,आसीत्,
उद्घोषमपि,:उद्घोषम्,अपि,
तातमेव,:तातम्,एव,
किमेतत्,:किम्,एतत्,
मास्तु,:मा,अस्तु,
इत्युक्त्वा,:इति,उक्त्वा,
विद्यालयेऽपि,:विद्यालये,अपि,
मास्तु,:मा,अस्तु,
वक्तव्यमेव,:वक्तव्यम्,एव,
पिबाव",:पिबावः,",
नावगच्छेः,:न,अवगच्छेः,
अहमस्मि,:अहम्,अस्मि,
विद्युद्वेगेन,:विद्युत्,वेगेन,
तमुद्दिश्य,:तम्,उद्दिश्य,
तेऽपि,:ते,अपि,
कार्यमेव,:कार्यम्,एव,
प्रवृत्तमपि,:प्रवृत्तम्,अपि,
विच्छायमासीत्,:विच्छायम्,आसीत्,
एषोऽपि,:एषः,अपि,
स,एव,:सः,एव,
अन्यच्च,:अन्यत्,च,
अन्योऽपि,:अन्यः,अपि,
शक्यमिति,:शक्यम्,इति,
अपरोऽपि,:अपरः,अपि,
तस्यापि,:तस्य,अपि,
नान्यः,:न,अन्यः,
युद्धमेतत्,:युद्धम्,एतत्,
युद्धमेव,:युद्धम्,एव,
