किञ्चित्कालानन्तरं,:किञ्चित्,कालानन्तरं,
खेदोऽपि,:खेदः,अपि,
तावद्दूरतः,:तावत्,दूरतः,
दातुमपि,:दातुम्,अपि,
हितैषिणश्च,:हितैषिणः,च,
चेदपि,:चेत्,अपि,
कथमपि,:कथम्,अपि,
चापि,:च,अपि,
नान्यया,:न,अन्यया,
अन्येषामपि,:अन्येषाम्,अपि,
मध्येऽपि,:मध्ये,अपि,
तत्रापि,:तत्र,अपि,
तेषामपि,:तेषाम्,अपि,
तदपेक्षितां,:तत्,अपेक्षितां,
नैके,:न,एके,
मञ्चस्यापि,:मञ्चस्य,अपि,
प्रसवसमयेऽपि,:प्रसवसमये,अपि,
नान्यां,:न,अन्यां,
तदनुसरन्ती,:तत्,अनुसरन्ती,
हीब्रूशब्दमेव,:हीब्रूशब्दम्,एव,
एकोऽपि,:एकः,अपि,
एकैकामपि,:एकैकाम्,अपि,
प्रसिद्धो,जातः,:प्रसिद्धः,जातः,
एतदनुसारम्,:एतत्,अनुसारम्,
गृहमागताः,:गृहम्,आगताः,
दर्शनमपि,:दर्शनम्,अपि,
नान्यत्किमपि,:न,अन्यत्,किमपि,
एकमपि,:एकम्,अपि,
पुनरपि,:पुनः,अपि,
इदानीमपि,:इदानीम्,अपि,
एकमपि,:एकम्,अपि,
एतस्यापि,:एतस्य,अपि,
एवमेव,:एवम्,एव,
कर्तुमिच्छति,:कर्तुम्,इच्छति,
जन्मदिनमपि,:जन्मदिनम्,अपि,
तदानीमपि,:तदानीम्,अपि,
शब्दमपि,:शब्दम्,अपि,
नैके,:न,एके,
एतत्तु,:एतत्,तु,
तदानीमपि,:तदानीम्,अपि,
नार्हति,:न,अर्हति,
प्रतिदिनमिव,:प्रतिदिनम्,इव,
चापि,:च,अपि,
एकैकस्यापि,:एकैकस्य,अपि,
तदनन्तरमेव,:तदनन्तरम्,एव,
सर्वेऽपि,:सर्वे,अपि,
अद्भुतमेव,:अद्भुतम्,एव,
स,च,:सः,च,
शौचविचारमपि,:शौचविचारम्,अपि,
सर्वेऽपि,:सर्वे,अपि,
पुनरुज्जीवनाय,:पुनः,उज्जीवनाय,
भ्रान्तिरेव,:भ्रान्तिः,एव,
स,तु,:सः,तु,
पुनरुच्चारयति,:पुनः,उच्चारयति,
तावदेव,:तावत्,एव,
कस्यापि,:कस्य,अपि,
चेति,:च,एति,
पुष्पमिव,:पुष्पम्,इव,
तत्रापि,:तत्र,अपि,
चापि,:च,अपि,
नाहं,:न,अहं,
मदपेक्षितरीत्या,:मत्,अपेक्षितरीत्या,
आसीदेव,:आसीत्,एव,
सोत्साहानां,:सः,उत्साहानां,
नास्त्यसाध्यं,:न,अस्ति,असाध्यं,
नावदत्,:न,अवदत्,
परिचितो,जातः,:परिचितः,जातः,
यश्च,:यः,च,
नासीत्,:न,आसीत्,
ततश्च,:ततः,च,
नाहं,:न,अहं,
तत्रापि,:तत्र,अपि,
नैकवारं,:न,एकवारं,
पूर्वमपि,:पूर्वम्,अपि,
नेच्छति,:न,इच्छति,
घटनानामपि,:घटनानाम्,अपि,
तावत्पर्यन्तमपि,:तावत्पर्यन्तम्,अपि,
अनन्तरमेव,:अनन्तरम्,एव,
अनिवार्यमेव,:अनिवार्यम्,एव,
चेति,:च,एति,
एतदुभयमपि,:एतत्,उभयम्,अपि,
दातव्यमेव,:दातव्यम्,एव,
तन्निमित्तमेव,:तन्निमित्तम्,एव,
गृहमागतं,:गृहम्,आगतं,
सेवितुमपि,:सेवितुम्,अपि,
शक्यमासीत्,:शक्यम्,आसीत्,
नान्यत्किमपि,:न,अन्यत्,किमपि,
नेच्छामि,:न,इच्छामि,
किञ्चिदस्ति,:किञ्चित्,अस्ति,
इदानीमपि,:इदानीम्,अपि,
पूर्वमिव,:पूर्वम्,इव,
भवदागमनपर्यन्तमपि,:भवदागमनपर्यन्तम्,अपि,
तन्मध्येऽपि,:तन्मध्ये,अपि,
तावन्तमपि,:तावन्तम्,अपि,
एतत्सर्वं,:एतत्,सर्वं,
नैकवारम्,:न,एकवारम्,
आसीदेव,:आसीत्,एव,
