नासीदेव,:न,आसीत्,एव,
तदानीमेव,:तदानीम्,एव,
किञ्चिदपि,:किञ्चित्,अपि,
किन्निमित्तम्,:किम्,निमित्तम्,
हीब्रूपुनरुज्जीवनकार्यं,:हीब्रूपुनः,उज्जीवनकार्यं,
तस्यापि,:तस्य,अपि,
प्रियमेव,:प्रियम्,एव,
कुर्यादेव,:कुर्यात्,एव,
सत्यमेव,:सत्यम्,एव,
अन्यच्च,:अन्यत्,च,
आर्थिकसाहाय्यमपि,:आर्थिकसाहाय्यम्,अपि,
एतत्तु,:एतत्,तु,
भाषाज्ञानमपि,:भाषाज्ञानम्,अपि,
तेनापि,:तेन,अपि,
त्वदुपरि,:त्वत्,उपरि,
किमिदानीम्,:किम्,इदानीम्,
अधुनैव,:अधुना,एव,
मासाद्वयानन्तरमेव,:मासाद्वयानन्तरम्,एव,
मासद्वयात्पूर्वमेव,:मासद्वयात्,पूर्वमेव,
जागरितेऽपि,:जागरिते,अपि,
सन्तुष्टोऽस्मि,:सन्तुष्टः,अस्मि,
नास्ति,:न,अस्ति,
इत्युक्त्वा,:इति,उक्त्वा,
अस्मदपेक्षया,:अस्मत्,अपेक्षया,
शिशुमेव,:शिशुम्,एव,
हीब्रूभाषामेव,:हीब्रूभाषाम्,एव,
नान्यां,:न,अन्यां,
अपरोऽपि,:अपरः,अपि,
प्रसवसमयेऽपि,:प्रसवसमये,अपि,
तदैव,:तदा,एव,
पठनमपि,:पठनम्,अपि,
पत्रिकासञ्चालनमेव,:पत्रिकासञ्चालनम्,एव,
बालाश्च,:बालाः,च,
सकृदपि,:सकृत्,अपि,
तेनापि,:तेन,अपि,
नासीत्,:न,आसीत्,
धनमपि,:धनम्,अपि,
व्ययीकृतमासीत्,:व्ययीकृतम्,आसीत्,
बालस्तु,:बालः,तु,
आर्थिकस्थितिरपि,:आर्थिकस्थितिः,अपि,
विद्यालयमेव,:विद्यालयम्,एव,
नाहम्,:न,अहम्,
किञ्चित्कालानन्तरं,:किञ्चित्,कालानन्तरं,
खाद्यमपि,:खाद्यम्,अपि,
प्रतिदिनमपि,:प्रतिदिनम्,अपि,
नापहरन्तु,:न,अपहरन्तु,
वक्तव्यमिति,:वक्तव्यम्,इति,
लज्जास्पदमेतत्,:लज्जास्पदम्,एतत्,
सत्यमेव,:सत्यम्,एव,
मास्तु,:मा,अस्तु,
सर्वदापि,:सर्वदा,अपि,
कथञ्चिदपि,:कथञ्चित्,अपि,
आसीदेव,:आसीत्,एव,
इत्युक्त्वा,:इति,उक्त्वा,
इतिहासमपि,:इतिहासम्,अपि,
आसीदेव,:आसीत्,एव,
स्वस्यापि,:स्वस्य,अपि,
पाठयितुमपि,:पाठयितुम्,अपि,
विधिमेव,:विधिम्,एव,
एकमपि,:एकम्,अपि,
सर्वेषामपि,:सर्वेषाम्,अपि,
समग्रेऽपि,:समग्रे,अपि,
प्रेरणामपि,:प्रेरणाम्,अपि,
मास्तु,:मा,अस्तु,
