क्रौर्यस्यास्ति,:क्रौर्यस्य,अस्ति,
मास्तु,:मा,अस्तु,
अन्यच्च,:अन्यत्,च,
पत्रिकायाश्च,:पत्रिकायाः,च,
वस्त्रधारणेऽपि,:वस्त्रधारणे,अपि,
किञ्चिद्दूरं,:किञ्चित्,दूरं,
दिग्बन्धनमेव,:दिग्बन्धनम्,एव,
मार्गमेव,:मार्गम्,एव,
किमिदम्,:किम्,इदम्,
नानुभवन्ति,:न,अनुभवन्ति,
दृष्ट्वैव,:दृष्ट्वा,एव,
गृहपर्यन्तमपि,:गृहपर्यन्तम्,अपि,
एतत्तु,:एतत्,तु,
करवाम,इदानीम्,:करवामः,इदानीम्,
मास्तु,:मा,अस्तु,
गमनमार्गमेव,:गमनमार्गम्,एव,
नाहम्,:न,अहम्,
किञ्चित्कालानन्तरं,:किञ्चित्,कालानन्तरं,
अन्ततो,गत्वा,:अन्ततः,गत्वा,
नावरुन्धन्ति,:न,अवरुन्धन्ति,
नातिदूरे,:न,अतिदूरे,
इत्युक्त्वा,:इति,उक्त्वा,
अनुमतिमपि,:अनुमतिम्,अपि,
नैकविधाः,:न,एकविधाः,
किमुक्तं,:किम्,उक्तं,
नास्ति,:न,अस्ति,
अम्बायाश्च,:अम्बायाः,च,
कासोऽपि,:कासः,अपि,
विधिविलसितमेतत्,:विधिविलसितम्,एतत्,
हेमन्तकालेऽस्मिन्,:हेमन्तकाले,अस्मिन्,
हेषारवश्च,:हेषारवः,च,
गृहमेव,:गृहम्,एव,
मन्यमानाश्च।,:मन्यमानाः,च।,
नगरेभ्यश्च,:नगरेभ्यः,च,
दावाग्निरिव,:दावाग्निः,इव,
अन्येऽपि,:अन्ये,अपि,
सन्तीति,:सन्ति,इति,
तदपि,:तत्,अपि,
