तत्रापि,:तत्र,अपि,
नाचरितम्,:न,आचरितम्,
हितैषिणश्च,:हितैषिणः,च,
शब्दकोषनिर्माणमपि,:शब्दकोषनिर्माणम्,अपि,
विद्यालयेऽपि,:विद्यालये,अपि,
कस्यापि,:कस्य,अपि,
नावगच्छति,:न,अवगच्छति,
बालास्तु,:बालाः,तु,
रूक्षतामेव,:रूक्षताम्,एव,
जन्तुमिव,:जन्तुम्,इव,
भोजनेऽपि,:भोजने,अपि,
एकैकमपि,:एकैकम्,अपि,
इत्येतत्,:इति,एतत्,
तद्विषये,:तत्,विषये,
सर्वेषामपि,:सर्वेषाम्,अपि,
एकमपि,:एकम्,अपि,
करुणाजनकमेतत्,:करुणाजनकम्,एतत्,
किञ्चित्कालानन्तरं,:किञ्चित्,कालानन्तरं,
मुखेऽपि,:मुखे,अपि,
किमिति,:किम्,इति,
सकृदपि,:सकृत्,अपि,
करणीयम्+इत्येव,:करणीयम्,इत्येव,
नासीदित्यतः,:न,आसीत्,इत्यतः,
बोधितोऽपि,:बोधितः,अपि,
नान्वमन्यत,:न,अन्वमन्यत,
कृत्वापि,:कृत्वा,अपि,
पदमपि,:पदम्,अपि,
नेच्छन्ति,:न,इच्छन्ति,
तादृशमेव,:तादृशम्,एव,
बाल्येऽपि,:बाल्ये,अपि,
कृतमिति,:कृतम्,इति,
द्वितीयकक्ष्यामेव,:द्वितीयकक्ष्याम्,एव,
अन्येऽपि,:अन्ये,अपि,
अध्ययनेऽपि,:अध्ययने,अपि,
अविचायिलमपि,:अविचायिलम्,अपि,
अनुसृतमपि,:अनुसृतम्,अपि,
प्रतिदिनमपि,:प्रतिदिनम्,अपि,
कण्ठोऽपि,:कण्ठः,अपि,
अन्येऽपि,:अन्ये,अपि,
इत्युक्त्वा,:इति,उक्त्वा,
चापि,:च,अपि,
मेलनमेव,:मेलनम्,एव,
कक्ष्येतरसमयोऽपि,:कक्ष्येतरसमयः,अपि,
सहैव,:सह,एव,
दुश्शकमेव,:दुश्शकम्,एव,
दुष्करमपि,:दुष्करम्,अपि,
करणीयमेव,:करणीयम्,एव,
पुस्तकमेकं,:पुस्तकम्,एकं,
अत्यद्भुतमस्ति,:अत्यद्भुतम्,अस्ति,
अन्यदपि,:अन्यत्,अपि,
पठनीयमासीत्,:पठनीयम्,आसीत्,
नावगतं,:न,अवगतं,
गृहीत्वैव,:गृहीत्वा,एव,
कक्ष्यायामपि,:कक्ष्यायाम्,अपि,
नान्यत्किमपि,:न,अन्यत्,किमपि,
हतोऽस्मि,:हतः,अस्मि,
अचिरात्+एव,:अचिरात्,एव,
नास्ति,:न,अस्ति,
अचिरादेव,:अचिरात्,एव,
हीब्रूभाषयापि,:हीब्रूभाषया,अपि,
नावगतम्,:न,अवगतम्,
विद्यालयेऽपि,:विद्यालये,अपि,
कुपितश्च,:कुपितः,च,
सम्भाषणमेव,:सम्भाषणम्,एव,
नाकरोत्,:न,अकरोत्,
नासीत्,:न,आसीत्,
अविचायिलमपि,:अविचायिलम्,अपि,
मित्रगृहगमनमपि,:मित्रगृहगमनम्,अपि,
शिक्षकोऽपि,:शिक्षकः,अपि,
अपठित्वापि,:अपठित्वा,अपि,
पठितमिति,:पठितम्,इति,
हीब्रूभाषायाश्चापि,:हीब्रूभाषायाः,च,अपि,
