नासीत्,:न,आसीत्,
प्रगतिरेव,:प्रगतिः,एव,
नाभवत्,:न,अभवत्,
तदानीमपि,:तदानीम्,अपि,
नासीदेव,:न,आसीत्,एव,
प्रचारोऽपि,:प्रचारः,अपि,
तस्यापि,:तस्य,अपि,
सर्वेषामपि,:सर्वेषाम्,अपि,
रूपमेव,:रूपम्,एव,
नृत्यमेव,:नृत्यम्,एव,
सर्वेषामपि,:सर्वेषाम्,अपि,
सर्वेऽपि,:सर्वे,अपि,
पोषणमपि,:पोषणम्,अपि,
तच्च,:तत्,च,
यश्च,:यः,च,
एतदुभयमपि,:एतत्,उभयमपि,
नोपलभ्यते,:न,उपलभ्यते,
तादृशमपि,:तादृशम्,अपि,
शुभावसरेऽस्मिन्,:शुभावसरे,अस्मिन्,
तद्,वाक्यं,:तत्,वाक्यं,
लिखितमपि,:लिखितम्,अपि,
एतदतिरिच्य,:एतत्,अतिरिच्य,
तावदेव,:तावत्,एव,
इस्रेल्‌गमनमपि,:इस्रेल्‌गमनम्,अपि,
वार्तामेव,:वार्ताम्,एव,
वातावरणमपि,:वातावरणम्,अपि,
केषाञ्चिदेव,:केषाञ्चित्,एव,
स्वकीयमेव,:स्वकीयम्,एव,
शक्नुयाम',:शक्नुयामः,',
तच्च,:तत्,च,
निमित्तमपि,:निमित्तम्,अपि,
कुतो,न,:कुतः,न,
अयमासीत्,:अयम्,आसीत्,
नाहं,:न,अहं,
यदेषः,:यत्,एषः,
मेलितुमपि,:मेलितुम्,अपि,
निवासमपि,:निवासम्,अपि,
किमिति,:किम्,इति,
सोऽयं,:सः,अयं,
पुनरायातः,:पुनः,आयातः,
एतदासीत्,:एतत्,आसीत्,
तद्विषये,:तत्,विषये,
नावगतवन्तः,:न,अवगतवन्तः,
उचितमेव,:उचितम्,एव,
