नाममात्रमेव,:नाममात्रम्,एव,
स,तु,:सः,तु,
तन्नगरे,:तत्,नगरे,
हीब्रूभाषायाश्च,:हीब्रूभाषायाः,च,
तदर्थमेव,:तत्,अर्थम्,एव,
पूर्वमपि,:पूर्वम्,अपि,
आसीदेव,:आसीत्,एव,
रक्तमपि,:रक्तम्,अपि,
प्रतिक्षणमपि,:प्रतिक्षणम्,अपि,
तद्दिने,:तत्,दिने,
तन्निमित्तं,:तत्,निमित्तं,
पुनरुज्जीवनम्,:पुनः,उज्जीवनम्,
निरीक्षायामेव,:निरीक्षायाम्,एव,
प्रतिघण्टमिव,:प्रतिघण्टम्,इव,
पत्रमेकं,:पत्रम्,एकं,
तच्च,:तत्,च,
एतावदेव,:एतावत्,एव,
नास्ति,:न,अस्ति,
सर्वेऽपि,:सर्वे,अपि,
पुनरपि,:पुनः,अपि,
पुनरपि,:पुनः,अपि,
तच्च,:तत्,च,
चैतन्यमेव,:चैतन्यम्,एव,
निर्माणमेव,:निर्माणम्,एव,
स्वयमेव,:स्वयम्,एव,
सर्वोऽपि,:सर्वः,अपि,
स्वशक्त्यनुसारं,:स्वशक्ती,अनुसारं,
किञ्चित्किञ्चिदिव,:किञ्चित्,किञ्चित्,इव,
समग्रामपि,:समग्राम्,अपि,
तद्,दृष्ट्वा,:तत्,दृष्ट्वा,
एतदेव,:एतत्,एव,
एतत्तु,:एतत्,तु,
हीब्रूभाषीयमेव,:हीब्रूभाषीयम्,एव,
अन्वर्थमपि,:अन्वर्थम्,अपि,
पुनरपि,:पुनः,अपि,
पूर्वमपि,:पूर्वम्,अपि,
सूचितमेव,:सूचितम्,एव,
वातावरणमेव,:वातावरणम्,एव,
एतत्तु,:एतत्,तु,
नासीत्,:न,आसीत्,
नास्ति,:न,अस्ति,
नान्या,:न,अन्या,
इत्येतदपि,:इति,एतत्,अपि,
नाङ्गीकुर्वन्ति,:न,अङ्गीकुर्वन्ति,
अन्यच्च,:अन्यत्,च,
कोषकारेणापि,:कोषकारेण,अपि,
नैकवारं,:न,एकवारं,
तत्तद्देशे,:तत्,तत्,देशे,
तत्तद्देशीयैः,:तत्,तत्,देशीयैः,
जीवनमेव,:जीवनम्,एव,
इत्यासीत्,:इति,आसीत्,
विचारमन्थनमेव,:विचारमन्थनम्,एव,
केयं,:का,इयं,
तदेव,:तत्,एव,
वैद्यकीयशिक्षणमपि,:वैद्यकीयशिक्षणम्,अपि,
नैकान्,:न,एकान्,
इत्येतत्,:इति,एतत्,
नासीत्,:न,आसीत्,
नासीत्,:न,आसीत्,
इत्यासीत्,:इति,आसीत्,
वैद्यकीयशिक्षणमपि,:वैद्यकीयशिक्षणम्,अपि,
मदपेक्षया,:मत्,अपेक्षया,
नास्ति,:न,अस्ति,
शीघ्रमेव,:शीघ्रम्,एव,
ततश्च,:ततः,च,
तमेव,:तम्,एव,
आसीदेव,:आसीत्,एव,
कथमपि,:कथम्,अपि,
पुनर्निर्माणं,:पुनः,निर्माणं,
तद्विषये,:तत्,विषये,
अग्रेऽपि,:अग्रे,अपि,
चेति,:च,इति,
चेति,:च,इति,
कथमपि,:कथम्,अपि,
आसीदेव,:आसीत्,एव,
ततश्च,:ततः,च,
खिन्नमनस्को,भूत्वा,:खिन्नमनस्कः,भूत्वा,
विश्वसितुमेव,:विश्वसितुम्,एव,
द्वयोरपि,:द्वयोः,अपि,
ततश्च,:ततः,च,
नासन्,:न,आसन्,
प्राप्तुमपि,:प्राप्तुम्,अपि,
निश्चयेनापि,:निश्चयेन,अपि,
पुनरुत्थानस्य,:पुनः,उत्थानस्य,
अक्षरमपि,:अक्षरम्,अपि,
नाहं,:न,अहं,
तावदपि,:तावत्,अपि,
नागतः,:न,आगतः,
आसीदिति,:आसीत्,इति,
