सुन्दरमेतत्,:सुन्दरम्,एतत्,
तदङ्गीकुर्वती,:तत्,अङ्गीकुर्वती,
तदेव,:तत्,एव,
पुनरुच्चरितवती,:पुनः,उच्चरितवती,
कार्यमेव,:कार्यम्,एव,
तत्पत्न्याश्च,:तत्पत्न्याः,च,
किमेतत्,:किम्,एतत्,
वाक्यमपि,:वाक्यम्,अपि,
तावदेव,:तावत्,एव,
आचराम,विवाहमङ्गलोत्सवम्,:आचरामः,विवाहमङ्गलोत्सवम्,
एतत्सर्वम्,:एतत्,सर्वम्,
सत्यमिति,:सत्यम्,इति,
नातिदूरे,:न,अतिदूरे,
तावद्दूरगमनाय,:तावत्,दूरगमनाय,
तद्दिने,:तत्,दिने,
क्लेशकरमेव,:क्लेशकरम्,एव,
तन्मध्येऽपि,:तन्मध्ये,अपि,
भूमिकामपि,:भूमिकाम्,अपि,
दुर्गन्धपूर्णाश्च,:दुर्गन्धपूर्णाः,च,
यश्च,:यः,च,
चर्चामपि,:चर्चाम्,अपि,
ततश्च,:ततः,च,
नान्यत्,:न,अन्यत्,
आवासस्यापि,:आवासस्य,अपि,
नान्यत्,:न,अन्यत्,
शक्यमासीत्,:शक्यम्,आसीत्,
सुदूरमेव,:सुदूरम्,एव,
तच्च,:तत्,च,
नान्या,:न,अन्या,
तद्,अङ्गीकृतम्,:तत्,अङ्गीकृतम्,
आवासश्च,:आवासः,च,
आनेतुमपि,:आनेतुम्,अपि,
नासीत्,:न,आसीत्,
आभरणमेकं,:आभरणम्,एकं,
नास्ति,:न,अस्ति,
आवश्यकमिति,:आवश्यकम्,इति,
वयमपि,:वयम्,अपि,
तदैव,:तदा,एव,
एतत्तु,:एतत्,तु,
प्रतिसबात्दिने,:प्रतिसबात्,दिने,
एतत्तु,:एतत्,तु,
पुनरानयनाय,:पुनः,आनयनाय,
भवितुमर्हति,:भवितुम्,अर्हति,
नाङ्गीकरोति,:न,अङ्गीकरोति,
एतदेव,:एतत्,एव,
इत्येषः,:इति,एषः,
दैवमपि,:दैवम्,अपि,
नोक्तं,:न,उक्तं,
चेदपि,:चेत्,अपि,
नावशिष्टः,:न,अवशिष्टः,
तद्दिने,:तत्,दिने,
नान्या,:न,अन्या,
नान्यभाषाशब्दाः,:न,अन्यभाषाशब्दाः,
भयमपि,:भयम्,अपि,
इदानीमपि,:इदानीम्,अपि,
नासीत्,:न,आसीत्,
अन्यच्च,:अन्यत्,च,
तद्विषये,:तत्,विषये,
चेति,:च,इति,
अन्यच्च,:अन्यत्,च,
अनिवार्यमेव,:अनिवार्यम्,एव,
आचिरतुमेव,:आचिरतुम्,एव,
पश्याव",:पश्यावः,",
युरोपीयशैल्या,अलङ्‌कृताः,:युरोपीयशैल्याः,अलङ्‌कृताः,
