अग्रजमेव,:अग्रजम्,एव,
कुतो,न,:कुतः,न,
महदपि,:महत्,अपि,
नास्ति,:न,अस्ति,
कुतो,न,:कुतः,न,
यच्च,:यत्,च,
सर्वैरपि,:सर्वैः,अपि,
अन्यदपि,:अन्यत्,अपि,
सुमहदपि,:सुमहत्,अपि,
इदानीमेव,:इदानीम्,एव,
धनमपि,:धनम्,अपि,
सर्वोऽपि,:सर्वः,अपि,
अन्यच्च,:अन्यत्,च,
सर्वेषामपि,:सर्वेषाम्,अपि,
पत्रमेकं,:पत्रम्,एकं,
भवत्येव,:भवति,एव,
तावतामपि,:तावताम्,अपि,
एतत्पत्रप्राप्तिसमनन्तरमेव,:एतत्पत्रप्राप्तिसमनन्तरम्,एव,
रूपमपि,:रूपम्,अपि,
एतन्निमित्तं,:एतत्,निमित्तं,
नाभवत्,:न,अभवत्,
चापि,:च,अपि,
अहमस्मि,:अहम्,अस्मि,
तन्त्रमिदं,:तन्त्रम्,इदं,
अन्यच्च,:अन्यत्,च,
विश्वासपात्रत्वमपि,:विश्वासपात्रत्वम्,अपि,
नष्टमस्ति,:नष्टम्,अस्ति,
निश्चयेनापि,:निश्चयेन,अपि,
कुतो,न,:कुत:,न,
पत्रमेकं,:पत्रम्,एकं,
भवानेव,:भवान्,एव,
नावगच्छसि,:न,अवगच्छसि,
इत्येतत्,:इति,एतत्,
एतेनैव,:एतेन,एव,
इत्युक्त्वा,:इति,उक्त्वा,
अल्पेनैव,:अल्पेन,एव,
प्रतिकृतिमपि,:प्रतिकृतिम्,अपि,
कुतो,न,:कुतः,न,
भवेदेव,:भवेत्,एव,
तदर्थमेव,:तदर्थम्,एव,
कविताश्च,:कविता:,च,
आवलीमपि,:आवलीम्,अपि,
हास्यरचनाश्च,:हास्यरचनाः,च,
एकैकमपि,:एकैकम्,अपि,
नागच्छति,:न,आगच्छति,
गृहमेव,:गृहम्,एव,
तादृशमेव,:तादृशम्,एव,
तन्निमित्तं,:तत्,निमित्तं,
धनमपि,:धनम्,अपि,
सत्यमेव,:सत्यम्,एव,
नास्ति,:न,अस्ति,
नास्ति,:न,अस्ति,
इत्येषः,:इति,एषः,
मास्तु,:मा,अस्तु,
यावदहं,:यावत्,अहं,
सर्वेषामपि,:सर्वेषाम्,अपि,
पन्थानमेव,:पन्थानम्,एव,
