This is pdfTeX, Version 3.14159265-2.6-1.40.17 (TeX Live 2016) (preloaded format=pdflatex 2016.9.17)  17 SEP 2016 16:37
entering extended mode
 restricted \write18 enabled.
 %&-line parsing enabled.
**eacl2017.tex
(./eacl2017.tex
LaTeX2e <2016/03/31>
Babel <3.9r> and hyphenation patterns for 22 language(s) loaded.
(/usr/local/texlive/2016basic/texmf-dist/tex/latex/base/article.cls
Document Class: article 2014/09/29 v1.4h Standard LaTeX document class
(/usr/local/texlive/2016basic/texmf-dist/tex/latex/base/size11.clo
File: size11.clo 2014/09/29 v1.4h Standard LaTeX file (size option)
)
\c@part=\count79
\c@section=\count80
\c@subsection=\count81
\c@subsubsection=\count82
\c@paragraph=\count83
\c@subparagraph=\count84
\c@figure=\count85
\c@table=\count86
\abovecaptionskip=\skip41
\belowcaptionskip=\skip42
\bibindent=\dimen102
)
(./eacl2017.sty
Conference Style for EACL 2017 -- released August 8th, 2016
\titlebox=\skip43
\aclrulerbox=\box26
\aclrulercount=\count87
\aclruleroffset=\dimen103
\cv@lineheight=\dimen104
\cv@boxheight=\dimen105
\cv@tmpbox=\box27
\cv@refno=\count88
\cv@tot=\count89
\cv@tmpc@=\count90
\cv@tmpc=\count91
) (/usr/local/texlive/2016basic/texmf-dist/tex/latex/psnfss/times.sty
Package: times 2005/04/12 PSNFSS-v9.2a (SPQR) 
)
(/usr/local/texlive/2016basic/texmf-dist/tex/latex/url/url.sty
\Urlmuskip=\muskip10
Package: url 2013/09/16  ver 3.4  Verb mode for urls, etc.
)
(/usr/local/texlive/2016basic/texmf-dist/tex/latex/base/latexsym.sty
Package: latexsym 1998/08/17 v2.2e Standard LaTeX package (lasy symbols)
\symlasy=\mathgroup4
LaTeX Font Info:    Overwriting symbol font `lasy' in version `bold'
(Font)                  U/lasy/m/n --> U/lasy/b/n on input line 52.
)
(./eacl2017.aux

LaTeX Warning: Label `font-table' multiply defined.


LaTeX Warning: Label `font-table' multiply defined.


LaTeX Warning: Label `font-table' multiply defined.


LaTeX Warning: Label `font-table' multiply defined.


LaTeX Warning: Label `font-table' multiply defined.


LaTeX Warning: Label `font-table' multiply defined.

)
\openout1 = `eacl2017.aux'.

LaTeX Font Info:    Checking defaults for OML/cmm/m/it on input line 49.
LaTeX Font Info:    ... okay on input line 49.
LaTeX Font Info:    Checking defaults for T1/cmr/m/n on input line 49.
LaTeX Font Info:    ... okay on input line 49.
LaTeX Font Info:    Checking defaults for OT1/cmr/m/n on input line 49.
LaTeX Font Info:    ... okay on input line 49.
LaTeX Font Info:    Checking defaults for OMS/cmsy/m/n on input line 49.
LaTeX Font Info:    ... okay on input line 49.
LaTeX Font Info:    Checking defaults for OMX/cmex/m/n on input line 49.
LaTeX Font Info:    ... okay on input line 49.
LaTeX Font Info:    Checking defaults for U/cmr/m/n on input line 49.
LaTeX Font Info:    ... okay on input line 49.
LaTeX Font Info:    Try loading font information for OT1+ptm on input line 49.
 (/usr/local/texlive/2016basic/texmf-dist/tex/latex/psnfss/ot1ptm.fd
File: ot1ptm.fd 2001/06/04 font definitions for OT1/ptm.
)
ABD: EveryShipout initializing macros
LaTeX Font Info:    Font shape `OT1/ptm/bx/n' in size <14.4> not available
(Font)              Font shape `OT1/ptm/b/n' tried instead on input line 50.
LaTeX Font Info:    External font `cmex10' loaded for size
(Font)              <12> on input line 50.
LaTeX Font Info:    External font `cmex10' loaded for size
(Font)              <8> on input line 50.
LaTeX Font Info:    External font `cmex10' loaded for size
(Font)              <6> on input line 50.
LaTeX Font Info:    Try loading font information for U+lasy on input line 50.

(/usr/local/texlive/2016basic/texmf-dist/tex/latex/base/ulasy.fd
File: ulasy.fd 1998/08/17 v2.2e LaTeX symbol font definitions
)
LaTeX Font Info:    Font shape `OT1/ptm/bx/n' in size <12> not available
(Font)              Font shape `OT1/ptm/b/n' tried instead on input line 50.

Underfull \hbox (badness 1308) in paragraph at lines 52--54
[]\OT1/ptm/m/n/10.95 Sanskrit texts con-tain nu-mer-ous words
 []

Missing character: There is no ‚ in font ptmri7t!
Missing character: There is no Ä in font ptmri7t!
Missing character: There is no ò in font ptmri7t!
Missing character: There is no ‚ in font ptmri7t!
Missing character: There is no Ä in font ptmri7t!
Missing character: There is no ô in font ptmri7t!
Missing character: There is no ‚ in font ptmr7t!
Missing character: There is no Ä in font ptmr7t!
Missing character: There is no ò in font ptmr7t!
Missing character: There is no ‚ in font ptmr7t!
Missing character: There is no Ä in font ptmr7t!
Missing character: There is no ô in font ptmr7t!
Missing character: There is no ‚ in font ptmr7t!
Missing character: There is no Ä in font ptmr7t!
Missing character: There is no ò in font ptmr7t!
Missing character: There is no ‚ in font ptmr7t!
Missing character: There is no Ä in font ptmr7t!
Missing character: There is no ô in font ptmr7t!

Underfull \hbox (badness 1412) in paragraph at lines 77--80
 []\OT1/ptm/m/it/10.95 astaadhyaayi \OT1/ptm/m/n/10.95 (mean-ing a col-lec-tion
 of eight
 []

LaTeX Font Info:    Font shape `OT1/ptm/bx/n' in size <10.95> not available
(Font)              Font shape `OT1/ptm/b/n' tried instead on input line 82.
Missing character: There is no ‚ in font ptmr7t!
Missing character: There is no Ä in font ptmr7t!
Missing character: There is no ì in font ptmr7t!
Missing character: There is no ‚ in font ptmr7t!
Missing character: There is no Ä in font ptmr7t!
Missing character: There is no ò in font ptmr7t!
Missing character: There is no ‚ in font ptmr7t!
Missing character: There is no Ä in font ptmr7t!
Missing character: There is no ô in font ptmr7t!
Missing character: There is no ‚ in font ptmr7t!
Missing character: There is no Ä in font ptmr7t!
Missing character: There is no ô in font ptmr7t!
Missing character: There is no ‚ in font ptmr7t!
Missing character: There is no Ä in font ptmr7t!
Missing character: There is no ô in font ptmr7t!
LaTeX Font Info:    External font `cmex10' loaded for size
(Font)              <10.95> on input line 85.
Missing character: There is no ‚ in font ptmr7t!
Missing character: There is no Ä in font ptmr7t!
Missing character: There is no ú in font ptmr7t!
Missing character: There is no ‚ in font ptmr7t!
Missing character: There is no Ä in font ptmr7t!
Missing character: There is no ù in font ptmr7t!

Underfull \hbox (badness 1642) in paragraph at lines 84--86
[]\OT1/ptm/b/n/10.95 Internal Sandhi: \OT1/ptm/m/n/10.95 San-skrit gram-mar has

 []


Underfull \hbox (badness 1688) in paragraph at lines 84--86
\OT1/ptm/m/n/10.95 three kinds of min-i-mal mean-ing-ful units
 []

[1{/usr/local/texlive/2016basic/texmf-var/fonts/map/pdftex/updmap/pdftex.map}



]
Underfull \hbox (badness 1910) in paragraph at lines 98--99
[]\OT1/ptm/b/n/10.95 Vowel Sandhi: \OT1/ptm/m/n/10.95 Both let-ters are vow-els

 []

Missing character: There is no ‚ in font ptmr7t!
Missing character: There is no Ä in font ptmr7t!
Missing character: There is no ú in font ptmr7t!
Missing character: There is no ‚ in font ptmr7t!
Missing character: There is no Ä in font ptmr7t!
Missing character: There is no ù in font ptmr7t!
LaTeX Font Info:    Try loading font information for OT1+pcr on input line 114.

(/usr/local/texlive/2016basic/texmf-dist/tex/latex/psnfss/ot1pcr.fd
File: ot1pcr.fd 2001/06/04 font definitions for OT1/pcr.
)
Underfull \hbox (badness 2158) in paragraph at lines 114--115
[]\OT1/ptm/b/n/10.95 Sanskrit Sandhi An-a-lyzer and Split-ter
 []


Underfull \hbox (badness 1701) in paragraph at lines 114--115
\OT1/ptm/m/n/10.95 der the guid-ance of Prof. Girish Nath
 []


Underfull \hbox (badness 5893) in paragraph at lines 115--118
[]\OT1/ptm/b/n/10.95 Sandhi-Splitter \OT1/ptm/m/n/10.95 This was de-vel-oped at

 []


Underfull \hbox (badness 1259) in paragraph at lines 115--118
\OT1/ptm/m/n/10.95 Uni-ver-sity of Hy-der-abad un-der the guid-
 []


Underfull \hbox (badness 1048) in paragraph at lines 115--118
\OT1/ptm/m/n/10.95 ance of Ms. Amba Kulka-rni (As-so-ciate
 []


Underfull \hbox (badness 1502) in paragraph at lines 115--118
\OT1/ptm/m/n/10.95 split-ter is avail-able at the TDIL web-site
 []


Underfull \hbox (badness 10000) in paragraph at lines 115--118
\OT1/pcr/m/n/10.95 http : / / tdil-[]dc . in / san / sandhi _
 []


Underfull \hbox (badness 1019) in paragraph at lines 115--118
\OT1/pcr/m/n/10.95 splitter / index _ dit . html$ \OT1/ptm/m/n/10.95 but it is
 []

Missing character: There is no ‚ in font ptmr7t!
Missing character: There is no Ä in font ptmr7t!
Missing character: There is no ¶ in font ptmr7t!
Missing character: There is no ‚ in font ptmr7t!
Missing character: There is no Ä in font ptmr7t!
Missing character: There is no ¶ in font ptmr7t!
[2]
Missing character: There is no ‚ in font ptmr7t!
Missing character: There is no Ä in font ptmr7t!
Missing character: There is no ò in font ptmr7t!
Missing character: There is no ‚ in font ptmr7t!
Missing character: There is no Ä in font ptmr7t!
Missing character: There is no ô in font ptmr7t!
Missing character: There is no ‚ in font ptmr7t!
Missing character: There is no Ä in font ptmr7t!
Missing character: There is no ú in font ptmr7t!
Missing character: There is no ‚ in font ptmr7t!
Missing character: There is no Ä in font ptmr7t!
Missing character: There is no ù in font ptmr7t!

Overfull \hbox (3.98207pt too wide) in paragraph at lines 159--159
[]\OT1/ptm/b/n/10.95 Splitter| 
 []


Underfull \hbox (badness 10000) in paragraph at lines 159--159
[]\OT1/ptm/b/n/10.95 External
 []


Underfull \hbox (badness 10000) in paragraph at lines 159--159
\OT1/ptm/b/n/10.95 Sandhi
 []


Underfull \hbox (badness 10000) in paragraph at lines 159--159
[]\OT1/ptm/b/n/10.95 Internal
 []


Underfull \hbox (badness 10000) in paragraph at lines 159--159
\OT1/ptm/b/n/10.95 Sandhi
 []


Overfull \hbox (1.0277pt too wide) in paragraph at lines 159--160
[]\OT1/ptm/b/n/10.95 Overall| 
 []


Overfull \hbox (2.47542pt too wide) in paragraph at lines 158--166
 [] 
 []


LaTeX Warning: `h' float specifier changed to `ht'.

LaTeX Font Info:    Try loading font information for OMS+ptm on input line 177.

(/usr/local/texlive/2016basic/texmf-dist/tex/latex/psnfss/omsptm.fd
File: omsptm.fd 
)
LaTeX Font Info:    Font shape `OMS/ptm/m/n' in size <10.95> not available
(Font)              Font shape `OMS/cmsy/m/n' tried instead on input line 177.

Underfull \vbox (badness 10000) has occurred while \output is active []

 [3]
Overfull \hbox (6.82753pt too wide) in paragraph at lines 217--217
[]\OT1/ptm/b/n/10.95 Splitter| 
 []


Underfull \hbox (badness 10000) in paragraph at lines 217--218
[]\OT1/ptm/b/n/10.95 Automated
 []


Underfull \hbox (badness 10000) in paragraph at lines 217--218
\OT1/ptm/b/n/10.95 Eval-u-a-tion
 []


Overfull \hbox (1.95512pt too wide) in paragraph at lines 221--221
[]\OT1/ptm/m/n/10.95 INRIA| 
 []


Underfull \hbox (badness 10000) in paragraph at lines 221--221
[]$\OT1/cmr/m/n/10.95 123\OML/cmm/m/it/10.95 =\OT1/cmr/m/n/10.95 150 \OMS/cmsy/
m/n/10.95 ^^C
 []

Missing character: There is no ‚ in font ptmr7t!
Missing character: There is no Ä in font ptmr7t!
Missing character: There is no ¶ in font ptmr7t!

Overfull \hbox (29.83453pt too wide) in paragraph at lines 241--252
 [] 
 []


LaTeX Warning: `h' float specifier changed to `ht'.


Underfull \hbox (badness 10000) in paragraph at lines 262--269
\OT1/ptm/m/it/10.95 tu-mulo vya-nun[]adayan $\OMS/cmsy/m/n/10.95 !$
 []

LaTeX Font Info:    Font shape `OT1/ptm/bx/it' in size <10.95> not available
(Font)              Font shape `OT1/ptm/b/it' tried instead on input line 292.
Missing character: There is no ‚ in font ptmr7t!
Missing character: There is no Ä in font ptmr7t!
Missing character: There is no ¶ in font ptmr7t!

Underfull \vbox (badness 10000) has occurred while \output is active []

 [4]
Underfull \hbox (badness 10000) in paragraph at lines 304--305
[]\OT1/ptm/m/it/10.95 prathamacaramatay[]alp[]ardhakatipayanem[]a[]sca
 []


Underfull \hbox (badness 10000) in paragraph at lines 304--305
\OMS/cmsy/m/n/10.95 !$ \OT1/ptm/m/it/10.95 prathamacara-
 []


Underfull \hbox (badness 10000) in paragraph at lines 304--305
\OT1/ptm/m/it/10.95 udupadh[]adbh[]av[]adikarma[]oranyatarasy[]am $\OMS/cmsy/m/
n/10.95 !$
 []


Underfull \hbox (badness 10000) in paragraph at lines 304--305
\OT1/ptm/m/it/10.95 taddhita[]sc[]asarvavibhakti[] $\OMS/cmsy/m/n/10.95 !$
 []


Underfull \hbox (badness 10000) in paragraph at lines 304--305

 []

Missing character: There is no ‚ in font ptmr7t!
Missing character: There is no Ä in font ptmr7t!
Missing character: There is no ì in font ptmr7t!
Missing character: There is no ‚ in font ptmr7t!
Missing character: There is no Ä in font ptmr7t!
Missing character: There is no ì in font ptmr7t!

Overfull \hbox (11.42595pt too wide) in paragraph at lines 314--326
 [] 
 []

[5]
Underfull \hbox (badness 1715) in paragraph at lines 355--356
[]\OT1/ptm/m/it/10.95 uttara \OT1/ptm/m/n/10.95 (north) + \OT1/ptm/m/it/10.95 a
yana \OT1/ptm/m/n/10.95 (move-ment) $\OMS/cmsy/m/n/10.95 !$ \OT1/ptm/m/it/10.95
 ut-
 []


Underfull \hbox (badness 6063) in paragraph at lines 358--360
[]\OT1/ptm/m/it/10.95 dak[]i[]a \OT1/ptm/m/n/10.95 (south) + \OT1/ptm/m/it/10.9
5 ayana \OT1/ptm/m/n/10.95 (move-ment) $\OMS/cmsy/m/n/10.95 !$
 []


Underfull \hbox (badness 2932) in paragraph at lines 358--360
\OT1/ptm/m/it/10.95 dak[]i[][]ayana \OT1/ptm/m/n/10.95 (south-ward move-ment, r
efers to
 []


Underfull \hbox (badness 10000) in paragraph at lines 382--383
[]\OT1/ptm/m/it/10.95 lak[]yasy[]arthatvavyavah[]ar[]anurodhena $\OMS/cmsy/m/n/
10.95 !$
 []


Overfull \hbox (97.23535pt too wide) in paragraph at lines 388--389
[]\OT1/ptm/m/it/10.95 prapa[]nce'v[]antaravibh[]agapravibh[]agabhinn[]anantapad
[]arthasa[]nkule'pi
 []

[6] (./eacl2017.aux)

LaTeX Warning: There were multiply-defined labels.

 )
(\end occurred when \iffalse on line 331 was incomplete) 
Here is how much of TeX's memory you used:
 535 strings out of 494447
 6978 string characters out of 6166766
 67832 words of memory out of 5000000
 3907 multiletter control sequences out of 15000+600000
 20669 words of font info for 48 fonts, out of 8000000 for 9000
 319 hyphenation exceptions out of 8191
 24i,10n,19p,903b,252s stack positions out of 5000i,500n,10000p,200000b,80000s
{/usr/local/texlive/201
6basic/texmf-dist/fonts/enc/dvips/base/8r.enc}</usr/local/texlive/2016basic/tex
mf-dist/fonts/type1/public/amsfonts/cm/cmmi10.pfb></usr/local/texlive/2016basic
/texmf-dist/fonts/type1/public/amsfonts/cm/cmr10.pfb></usr/local/texlive/2016ba
sic/texmf-dist/fonts/type1/public/amsfonts/cm/cmr8.pfb></usr/local/texlive/2016
basic/texmf-dist/fonts/type1/public/amsfonts/cm/cmsy10.pfb></usr/local/texlive/
2016basic/texmf-dist/fonts/type1/urw/courier/ucrr8a.pfb></usr/local/texlive/201
6basic/texmf-dist/fonts/type1/urw/helvetic/uhvb8a.pfb></usr/local/texlive/2016b
asic/texmf-dist/fonts/type1/urw/times/utmb8a.pfb></usr/local/texlive/2016basic/
texmf-dist/fonts/type1/urw/times/utmbi8a.pfb></usr/local/texlive/2016basic/texm
f-dist/fonts/type1/urw/times/utmr8a.pfb></usr/local/texlive/2016basic/texmf-dis
t/fonts/type1/urw/times/utmri8a.pfb>
Output written on eacl2017.pdf (6 pages, 135755 bytes).
PDF statistics:
 64 PDF objects out of 1000 (max. 8388607)
 45 compressed objects within 1 object stream
 0 named destinations out of 1000 (max. 500000)
 1 words of extra memory for PDF output out of 10000 (max. 10000000)

