नागतवान्,:न,आगतवान्,
गतवानासीत्,:गतवान्,आसीत्,
गतवानासीत्,:गतवान्,आसीत्,
पूर्वमहं,:पूर्वम्,अहं,
वदन्नस्ति,:वदन्,अस्ति,
तामेकाकिनीं,:ताम्,एकाकिनीं,
कस्यामपि,:कस्याम्,अपि,
समुद्रोपकण्ठस्थं,:समुद्र,उपकण्ठस्थं,
पत्न्यश्च,:पत्न्यः,च,
शिशुकन्यामेकाकिनीं,:शिशुकन्याम्,एकाकिनीं,
अधिकमेवोपार्जयति,:अधिकम्,एव,उपार्जयति,
आवश्यकतैव,:आवश्यकता,एव,
पूर्वमपि,:पूर्वम्,अपि,
गतवानासीत्,:गतवान्,आसीत्,
किमपि,:किम्,अपि,
समीपस्थमापणं,:समीपस्थम्,आपणं,
व्ययमपि,:व्ययम्,अपि,
षष्ठेऽपि,:षष्ठे,अपि,
तमेव,:तम्,एव,
आपणद्वयमेव,:आपणद्वयम्,एव,
अपरश्चापणः,:अपरः,च,आपणः,
कस्मादप्यज्ञातकारणात्,:कस्मात्,अपि,अज्ञातकारणात्,
कथमपि,:कथम्,अपि,
इतोऽधिकां,:इतः,अधिकां,
समर्थोऽस्मि,:समर्थः,अस्मि,
कन्याऽपि,:कन्या,अपि,
यथाकथमपि,:यथाकथम्,अपि,
सोढुमसमर्था,:सोढुम्,असमर्था,
पुनरेकवारं,:पुनः,एकवारं,
भद्रजनस्तत्र,:भद्रजनः,तत्र,
उपविष्टोऽस्ति,:उपविष्टः,अस्ति,
नगरान्तरादत्र,:नगरान्तरात्,अत्र,
आगतोऽस्ति,:आगतः,अस्ति,
अयमद्य,:अयम्,अद्य,
तवैव,:तव,एव,
अपरेऽपि,:अपरे,अपि,
भवितुमर्हतीति,:भवितुम्,अर्हति,इति,
तत्पराऽभवत्,:तत्परा,अभवत्,
प्रस्तावमङ्गीकर्तुं,:प्रस्तावम्,अङ्गीकर्तुं,
कुक्कुटमांसमपि,:कुक्कुटमांसम्,अपि,
प्रदत्तमासीत्,:प्रदत्तम्,आसीत्,
दुग्धचूर्णमपि,:दुग्धचूर्णम्,अपि,
कराघातशब्दोऽभवत्,:कराघातशब्दः,अभवत्,
स्यादिति,:स्यात्,इति,
धारणाऽभवत्,:धारणा,अभवत्,
नासीत्,:न,आसीत्,
मित्रमेव,:मित्रम्,एव,
पूर्वनियोजितमासीत्,:पूर्वनियोजितम्,आसीत्,
स्वयमेव,:स्वयम्,एव,
भोक्तुमुपविष्टवान्,:भोक्तुम्,उपविष्टवान्,
व्यवहाराच्च,:व्यवहारात्,च,
मद्यमपि,:मद्यम्,अपि,
कालविलन्बमसहमाना,:कालविलन्बम्,असहमाना,
साऽपि,:सा,अपि,
भोक्तुमुपविष्टवती,:भोक्तुम्,उपविष्टवती,
अमृतमिव,:अमृतम्,इव,
पिबन्नासीत्,:पिबन्,आसीत्,
आसीदेव,:आसीत्,एव,
स्वभर्तुरेव,:स्वभर्तुः,एव,
शिशुरिव,:शिशुः,इव,
स्वभर्त्तुरप्यधिकः,:स्वभर्त्तुः,अपि,अधिकः,
नारीजनोचिता,:नारीजन,उचिता,
दुर्बलताऽप्यागता,:दुर्बलता,अपि,आगता,
सोऽपि,:सः,अपि,
तमधिकारं,:तम्,अधिकारं,
पत्युरनागमनकष्टम्,:पत्युः,अनागमनकष्टम्,
यौवनसुखमुपभुक्तवती,:यौवनसुखम्,उपभुक्तवती,
प्रचलिष्यतीति,:प्रचलिष्यति,इति,
जीवितव्यमिति,:जीवितव्यम्,इति,
