बालिकाश्च,:बालिकाः,च,
तदानीमेव,:तदानीम्,एव,
कोऽपि,:कः,अपि,
दरिद्रश्च,:दरिद्रः,च,
बाल्यावस्थायामेव,:बाल्यावस्थायाम्,एव,
तत्रैव,:तत्र,एव,
कामपि,:काम्,अपि,
मातामह्याश्च,:मातामह्याः,च,
औषधव्यवस्थामपि,:औषधव्यवस्थाम्,अपि,
स्वसीमितोपार्जनेन,:स्वसीमित,उपार्जनेन,
तदनुसारम्,:तत्,अनुसारम्,
इत्यादिभिश्च,:इत्यादिभिः,च,
तदपि,:तत्,अपि,
एकमेव,:एकम्,एव,
रूप्यकमपि,:रूप्यकम्,अपि,
किमपि,:किम्,अपि,
क्षणेनैव,:क्षणेन,एव,
काकाश्च,:काकाः,च,
सोऽपि,:सः,अपि,
तदानीमपि,:तदानीम्,अपि,
किशोरोऽपि,:किशोरः,अपि,
अपरश्च,:अपरः,च,
कामपि,:काम्,अपि,
मुखपृष्ठोपरि,:मुखपृष्ठ,उपरि,
चित्रमपि,:चित्रम्,अपि,
किशोरोऽपि,:किशोरः,अपि,
एकेनैव,:एकेन,एव,
गृहमागतवान्,:गृहम्,आगतवान्,
इदानीमेव,:इदानीम्,एव,
किमपि,:किम्,अपि,
इदानीमपि,:इदानीम्,अपि,
स्वयमेव,:स्वयम्,एव,
जलहिममिति,:जलहिमम्,इति,
तत्तु,:तत्,तु,
शर्कराभिश्च,:शर्कराभिः,च,
कमलाऽपि,:कमला,अपि,
साऽपि,:सा,अपि,
प्रचलतीति,:प्रचलति,इति,
स्वयमेव,:स्वयम्,एव,
कदापि,:कदा,अपि,
अस्मद्बालान्,:अस्मत्,बालान्,
नास्ति,:न,अस्ति,
कोऽपि,:कः,अपि,
यथाकथमपि,:यथाकथम्,अपि,
कमपि,:कम्,अपि,
एवमेव,:एवम्,एव,
एतदपि,:एतत्,अपि,
क्षणात्पूर्वं,:क्षणात्,पूर्वं,
तदुपरि,:तत्,उपरि,
उत्थातुमपि,:उत्थातुम्,अपि,
अयमपि,:अयम्,अपि,
हस्तमाकृष्य,:हस्तम्,आकृष्य,
चिन्ताग्रस्तश्च,:चिन्ताग्रस्तः,च,
पयोहिमोद्योगी,:पयोहिम,उद्योगी,
व्यवहरिष्यतीति,:व्यवहरिष्यति,इति,
पूर्वमेव,:पूर्वम्,एव,
शीघ्रमपसर,:शीघ्रम्,अपसर,
कदापि,:कदा,अपि,
दोषमविज्ञाय,:दोषम्,अविज्ञाय,
अहमेव,:अहम्,एव,
किमपि,:किम्,अपि,
कोऽपि,:कः,अपि,
मोनुश्च,:मोनुः,च,
बोद्धुमेव,:बोद्धुम्,एव,
तक्रमपि,:तक्रम्,अपि,
इदानीमपि,:इदानीम्,अपि,
