प्रथमोऽङ्कः,:प्रथमः,अङ्कः,
एवमार्यमिश्रान्,:एवम्,आर्यमिश्रान्,
(परिक्रम्यावलोक्य,:(परिक्रम्य,अवलोक्य,
बलाहकानामिव,:बलाहकानाम्,इव,
खेऽभिगर्जताम्,:खे,अभिगर्जताम्,
नावगच्छसि|,:न,अवगच्छसि|,
हरिहराविव,:हरिहरौ,इव,
मत्सायकान्निहतभिन्नविकीर्णदेहं,:मत्सायकात्,निहतभिन्नविकीर्णदेहं,
तवाद्य,:तव,अद्य,
ममापि,:मम,अपि,
दृष्टस्त्वया,:दृष्टः,त्वया,
खल्वार्यस्य,:खलु,आर्यस्य,
देवानामपि,:देवानाम्,अपि,
राज्यमाशङ्के|,:राज्यम्,आशङ्के|,
पुनर्वानराणाम्|,:पुनः,वानराणाम्|,
तवाद्य,:तव,अद्य,
शृङ्गोपमाञ्छ्रीधर!,:शृङ्गोपमान्,श्रीधर!,
वनान्तरस्याभितः,:वनान्तरस्य,अभितः,
सुग्रीवः---सम्यगाह,:सुग्रीवः---सम्यक्,आह,
करोम्यहं,:करोमि,अहं,
सुग्रीवः---यदाज्ञापयति,:सुग्रीवः---यद्,आज्ञापयति,
अपराधमनुद्दिश्य,:अपराधम्,अनुद्दिश्य,
परित्यक्तस्त्वया,:परित्यक्तः,त्वया,
कर्तुमिच्छति,:कर्तुम्,इच्छति,
वस्त्रमनिन्दिताङ्गि!,:वस्त्रम्,अनिन्दिताङ्गि!,
किमसि,:किम्,असि,
सुग्रीवमद्य,:सुग्रीवम्,अद्य,
नागमिष्यति,:न,आगमिष्यति,
तदमात्यवर्गेण,:तद्,अमात्यवर्गेण,
शत्रोर्मे,:शत्रोः,मे,
मामभिमुखमेत्य,:माम्,अभिमुखम्,एत्य,
कर्तुमर्हति,:कर्तुम्,अर्हति,
पुरामृतमन्थनेऽपि,:पुरा,अमृतमन्थने,अपि,
सुविस्मितास्ते,:सुविस्मिताः,ते,
त्वमभ्यन्तरम्|,:त्वम्,अभ्यन्तरम्|,
(द्रुतमुपगम्य),:(द्रुतम्,उपगम्य),
तेऽस्तु,:ते,अस्तु,
प्रभुर्वा,:प्रभुः,वा,
मच्चक्षुष्पथमासाद्य,:मच्चक्षुष्पथम्,आसाद्य,
नैव,:न,एव,
सुग्रीवः---यदाज्ञापयति,:सुग्रीवः---यत्,आज्ञापयति,
गाढमुद्वृत्तदंष्ट्रः|,:गाढम्,उद्वृत्तदंष्ट्रः|,
सन्दिधक्षुर्यथैव,:सन्दिधक्षुः,यथा,एव,
लक्ष्मणः---सुग्रीवमपि,:लक्ष्मणः---सुग्रीवम्,अपि,
पश्यत्वार्यः,:पश्यतु,आर्यः,
हरिवरमुपयाति,:हरिवरम्,उपयाति,
राममुपगम्य),:रामम्,उपगम्य),
अस्यैषावस्था|,:अस्य,एषा,अवस्था|,
वानरेन्द्रस्तु,:वानरेन्द्रः,तु,
दुर्बलश्च,:दुर्बलः,च,
पतिर्मम|,:पतिः,मम|,
शपथश्चैव,:शपथः,च,एव,
सर्वमार्येण,:सर्वम्,आर्येण,
एतदनुष्ठीयते|,:एतत्,अनुष्ठीयते|,
धीरमाकर्षमाणः,:धीरम्,आकर्षमाणः,
वाली---(मोहमुपगम्य,:वाली---(मोहम्,उपगम्य,
राममुद्दिश्य),:रामम्,उद्दिश्य),
नरपतिधर्ममास्थितेन,:नरपतिधर्मम्,आस्थितेन,
छलयितुमक्रमेण,:छलयितुम्,अक्रमेण,
छलमपनेतुमुद्यतेन,:छलम्,अपनेतुम्,उद्यतेन,
प्ररूढमयशः,:प्ररूढम्,अयशः,
युद्धव्यग्रस्याधर्म्यः,:युद्धव्यग्रस्य,अधर्म्यः,
रामः---कथमधर्म्यः,:रामः---कथम्,अधर्म्यः,
खल्वेतत्|,:खलु,एतत्|,
वागुराच्छन्नमाश्रित्य,:वागुराच्छन्नम्,आश्रित्य,
मृगाणामिष्यते,:मृगाणाम्,इष्यते,
वध्यत्वाच्च,:वध्यत्वात्,च,
मृगत्वाच्च,:मृगत्वात्,च,
भवांश्छन्नेन,:भवान्,छन्नेन,
वाली---अगम्यागमनेनेति|,:वाली---अगम्यागमनेन,इति|,
मृगमुद्दिश्य,:मृगम्,उद्दिश्य,
तुल्यदोषयोरहमेव,:तुल्यदोषयोः,अहम्,एव,
नैव,:न,एव,
गुरोर्मम|,:गुरोः,मम|,
दण्ड्योऽस्मि,:दण्ड्यः,अस्मि,
कदाचिज्ज्येष्ठस्य,:कदाचित्,ज्येष्ठस्य,
रामः---एवमस्तु|,:रामः---एवम्,अस्तु|,
गजेन्द्रगामिंस्तव,:गजेन्द्रगामिन्,तव,
पततीव,:पतति,इव,
मेऽद्य,:मे,अद्य,
नार्हति,:न,अर्हति,
सुग्रीवः---यदाज्ञापयति,:सुग्रीवः---यद्,आज्ञापयति,
हनूमान्---यदाज्ञापयति,:हनूमान्---यद्,ज्ञापयति,
हनूमांश्च),:हनूमान्,च),
हरिमृक्षगणेश्वरम्|,:हरिम्,ऋक्षगणेश्वरम्|,
पूर्वमासीर्हरीन्द्रः,:पूर्वम्,आसीः,हरीन्द्रः,
व्यक्तमुत्सृज्य,:व्यक्तम्,उत्सृज्य,
स्वर्गमद्याभिगन्तुम्,:स्वर्गम्,अद्य,अभिगन्तुम्,
दोषमपास्य,:दोषम्,अपास्य,
हरीणामधिपेन,:हरीणाम्,अधिपेन,
सुग्रीवः---यदाज्ञापयति,:सुग्रीवः---यत्,आज्ञापयति,
क्षन्तुमर्हसि|,:क्षन्तुम्,अर्हसि|,
प्रतिगृह्यतामस्मत्कुलधनं,:प्रतिगृह्यताम्,अस्मत्कुलधनं,
सुग्रीवः---अनुगृहीतोऽस्मि|,:सुग्रीवः---अनुगृहीतः,अस्मि|,
आपस्तावत्|,:आपः,तावत्|,
हनुमान्---यदाज्ञापयति,:हनूमान्---यत्,आज्ञापयति,
परित्यजन्तीव,:परित्यजन्ति,इव,
मामभिगताः|,:माम्,अभिगताः|,
नेतुमागतः|,:नेतुम्,आगतः|,
अयमयमागच्छामि|,:अयम्,अयम्,आगच्छामि|,
(स्वर्यातः|),:(स्वः,यातः|),
क्रियतामस्य,:क्रियताम्,अस्य,
सुग्रीवः---यदाज्ञापयति,:सुग्रीवः---यद्,आज्ञापयति,
सुग्रीवस्याभिषेकः,:सुग्रीवस्य,अभिषेकः,
लक्ष्मणः---यदाज्ञापयत्यार्यः|,:लक्ष्मणः---यद्,आज्ञापयति,आर्यः|,
प्रथमोऽङ्कः,:प्रथमः,अङ्कः,
द्वितीयोऽङ्कः,:द्वितीयः,अङ्कः,
कार्यस्याहारव्यापृताः,:कार्यस्य,आहारव्यापृताः,
तस्मादहमपि,:तस्मात्,अहम्,अपि,
[प्रेषितोऽस्मि,:[प्रेषितः,अस्मि,
कुमारस्याङ्गदस्य,:कुमारस्य,अङ्गदस्य,
शीघ्रमागच्छेति|,:शीघ्रम्,आगच्छ,इति|,
सुखमार्यस्य|],:सुखम्,आर्यस्य|],
प्रेक्षितुमागतोऽस्मि|],:प्रेक्षितुम्,आगतः,अस्मि|],
महाराजश्च|,:महाराजः,च|,
सागरोऽद्य,:सागरः,अद्य,
तस्मादागच्छ,:तस्मात्,आगच्छ,
कुमारपादमूलमेव,:कुमारपादमूलम्,एव,
खल्वस्मि,:खलु,अस्मि,
राक्षसराजभवनमानीतानिष्टान्यनर्हाणि,:राक्षसराजभवनम्,आनीता,अनिष्टानि,अनर्हाणि,
खल्वद्य,:खलु,अद्य,
मामन्तरेण,:माम्,अन्तरेण,
विमलविकृतसञ्चितैर्विमानैर्वियति,:विमलविकृतसञ्चितैः,विमानैः,वियति,
महेन्द्रपुरीव,:महेन्द्रपुरी,इव,
राजलक्ष्मीमनुत्तमाम्|,:राजलक्ष्मीम्,अनुत्तमाम्|,
व्यापादयितुमुद्यतः,:व्यापादयितुम्,उद्यतः,
चैव,:च,एव,
एतद्धर्म्याग्रमारुह्यावलोकयामि|,:एतत्,हर्म्याग्रम्,आरुह्य,अवलोकयामि|,
(प्रविश्यावलोक्य),:(प्रविश्य,अवलोक्य),
कनकरचितविद्रुमेन्द्रनीलैर्विकृतमहाद्रुमपङ्क्तिचित्रदेशा|,:कनकरचितविद्रुमेन्द्रनीलैः,विकृतमहाद्रुमपङ्क्तिचित्रदेशा|,
शैलाश्च,:शैलाः,च,
देशाश्च,:देशाः,च,
खल्वेतस्मिन्,:खलु,एतस्मिन्,
तावदवलोकयामि|,:तावत्,अवलोकयामि|,
खल्वियम्|,:खलु,इयम्|,
विद्युल्लेखेव,:विद्युल्लेख,इव,
यैषा,:या,एषा,
मणिविरचितमौलिश्चारुताम्रायताक्षी,:मणिविरचितमौलिः,चारुताम्रायताक्षी,
भात्यसौ,:भाति,असौ,
हरिणीनामन्तरे,:हरिणीनाम्,अन्तरे,
एनमशोकपादपमारुह्य,:एनम्,अशोकपादपम्,आरुह्य,
ध्रुवमहो,:ध्रुवम्,अहो,
(ऊर्ध्वमवलोक्य),:(ऊर्ध्वम्,अवलोक्य),
ममाभिपीड्य|,:मम,अभिपीड्य|,
पादपमूलमाश्रित्य,:पादपमूलम्,आश्रित्य,
ध्यानसंवीतहृदयानशनक्षामवदना,:ध्यानसंवीतहृदया,अनशनक्षामवदना,
स्वदेहमिव,:स्वदेहम्,इव,
चन्द्रलेखेव,:चन्द्रलेख,इव,
राक्षसीगणपरिवृतोपविष्टा|,:राक्षसीगणपरिवृता,उपविष्टा|,
यैषा,:या,एषा,
चैव,:च,एव,
महतीमिमाम्|,:महतीम्,इमाम्|,
नैव,:न,एव,
वश्यत्वमागता,:वश्यत्वम्,आगता,
मृगीव,:मृगी,इव,
मानुषमद्य,:मानुषम्,अद्य,
कामपथान्निवृत्तम्,:कामपथात्,निवृत्तम्,
वचनगतसिद्धिमपि,:वचनगतसिद्धिम्,अपि,
रावणस्यावलेपः|,:रावणस्य,अवलेपः|,
तच्चापि,:तत्,च,अपि,
चापि,:च,अपि,
गतायुरिति,:गतायुः,इति,
अहमेवार्यरामस्य,:अहम्,एव,आर्यरामस्य,
कार्यसिद्धिर्भविष्यति|,:कार्यसिद्धिः,भविष्यति|,
खल्वयं,:खलु,अयं,
सुप्ताश्च,:सुप्ताः,च,
देवीमुपसर्पितुम्|,:देवीम्,उपसर्पितुम्|,
(कोटरादवरुह्य),:(कोटरात्,अवरुह्य),
जयत्वविधवा|,:जयतु,अविधवा|,
अलमन्यशङ्कया|,:अलम्,अन्यशङ्कया|,
श्रोतुमर्हति,:श्रोतुम्,अर्हति,
त्वहम्|,:तु,अहम्|,
आर्यपुत्रनामसंकीर्तनेनाहमेनेनाभिभाषिष्ये|,:आर्यपुत्रः,नामसंकीर्तनेन,अहम्,एतेन,अभिभाषिष्ये|,
धिग्व्रीडिता,:धिक्,व्रीडिता,
खल्वस्मि,:खलु,अस्मि,
विरहपरिश्रमोऽपि,:विरहपरिश्रमः,अपि,
आर्यपुत्रस्यास्मिन्,:आर्यपुत्रस्य,अस्मिन्,
चान्तरे,:च,अन्तरे,
त्वयार्यपुत्रस्य,:त्वया,आर्यपुत्रस्य,
वालिनमाहवे,:वालिनम्,आहवे,
प्रेषितास्तेषामस्म्यहमद्य,:प्रेषिताः,तेषाम्,अस्मि,अहम्,अद्य,
ईदृशमिव|,:ईदृशम्,इव|,
खल्वीश्वरा,:खलु,ईश्वराः,
लङ्कामेवाभियास्यति,:लङ्काम्,एव,अभियास्यति,
अयमिदानीम्,:अयम्,इदानीम्,
तवानयामि|,:तव,आनयामि|,
हनूमान्---यदाज्ञापयति,:हनूमान्---यद्,आज्ञापयति,
कार्यसिद्धिर्भवतु|],:कार्यसिद्धिः,भवतु|],
हनूमान्---अनुगृहीतोऽस्मि|,:हनूमान्---अनुगृहीतः,अस्मि|,
द्वितीयोऽङ्कः,:द्वितीयः,अङ्कः,
तृतीयोऽङ्कः,:तृतीयः,अङ्कः,
लङ्केश्वराय---भग्नप्रायाशोकवनिकेति|,:लङ्केश्वराय---भग्नप्राया,अशोकवनिका,इति|,
प्रियमण्डनापि,:प्रियमण्डन,अपि,
स्नेहाल्लुम्पति,:स्नेहात्,लुम्पति,
पल्लवान्न,:पल्लवान्,न,
पुनर्वीजन्ति,:पुनः,वीजन्ति,
करैरस्पृष्टबालद्रुमाः,:करैः,अस्पृष्टबालद्रुमाः,
शक्ररिपोरशोकवनिका,:शक्ररिपोः,अशोकवनिका,
भग्नेति,:भग्ना,इति,
किमेतद्|],:किम्,एतत्|],
कार्यमिदम्|,:कार्यम्,इदम्|,
एवाभिवर्तते|,:एव,अभिवर्तते|,
त्वरितमभिपतत्यसौ,:त्वरितम्,अभिपतति,असौ,
यथार्कः,:यथा,अर्कः,
नववाक्यवादिञ्छृणोमि,:नववाक्यवादिन्,शृणोमि,
चाद्य|,:च,अद्य|,
ससंरम्भमभिमृदिताशोकवनिका|,:ससंरम्भम्,अभिमृदिताशोकवनिका|,
वानरेणेति|,:वानरेण,इति|,
निगृह्यानय|,:निगृह्य,आनय|,
शङ्कुकर्णः--यदाज्ञापयति,:शङ्कुकर्णः--यद्,आज्ञापयति,
जगत्त्रयभीतिकृतोऽपि,:जगत्त्रयभीतिकृतः,अपि,
त्रिदशैरिदमप्रियम्|,:त्रिदशैः,इदम्,अप्रियम्|,
अनुभवन्त्वचिरादमृताशिनः,:अनुभवन्तु,अचिरात्,अमृताशिनः,
मृणालवदुत्पाटिताः,:मृणालवत्,उत्पाटिताः,
पाणितलाभ्यामभिमृदितानि,:पाणितलाभ्याम्,अभिमृदितानि,
नादेनैव,:नादेन,एव,
बलमाज्ञापयितुमर्हति,:बलम्,आज्ञापयितुम्,अर्हति,
बलमाज्ञापय,:बलम्,आज्ञापय,
शङ्कुकर्णः---यदाज्ञापयति,:शङ्कुकर्णः---यद्,आज्ञापयति,
क्षिप्रमेव,:क्षिप्रम्,एव,
हतास्तेन,:हताः,तेन,
कुमारमक्षमाज्ञापय,:कुमारम्,अक्षम्,आज्ञापय,
शङ्कुकर्णः---यदाज्ञापयति,:शङ्कुकर्णः---यद्,आज्ञापयति,
कृतास्त्रश्च,:कृतास्त्रः,च,
शूरश्च,:शूरः,च,
बलवानपि|,:बलवान्,अपि|,
चापि,:च,अपि,
बलमाज्ञापयितुमर्हति,:बलम्,आज्ञापयितुम्,अर्हति,
रावणः---किमर्थम्|,:रावणः---किम्,अर्थम्|,
शङ्कुकर्णः---श्रोतुमर्हति,:शङ्कुकर्णः---श्रोतुम्,अर्हति,
महाराजेनानाज्ञापिता,:महाराजेन,अनाज्ञापिता,
अप्यनुगताः,:अपि,अनुगताः,
रावणः---ततस्ततः|,:रावणः---ततः,ततः|,
शङ्कुकर्णः---ततस्तानभिद्रुतान्,:शङ्कुकर्णः---ततः,तान्,अभिद्रुतान्,
तोरणमाश्रित्य,:तोरणम्,आश्रित्य,
काञ्चनपरिघमुद्यम्य,:काञ्चनपरिघम्,उद्यम्य,
निपातितास्तेन,:निपातिताः,तेन,
रावणः---ततस्ततः|,:रावणः---ततः,ततः|,
कुमारमक्षं,:कुमारम्,अक्षम्,
कपिरपि,:कपिः,अपि,
निर्जघानेति|,:निर्जघान,इति|,
त्वमहमेवैनमासाद्य,:त्वम्,अहम्,एव,एनम्,आसाद्य,
भस्मीकरोम्यस्मत्,:भस्मीकरोमि,अस्मत्,
शङ्कुकर्णः---यदाज्ञापयति,:शङ्कुकर्णः---यद्,आज्ञापयति,
कृतास्त्रश्च,:कृतास्त्रः,च,
विजयोऽथवा|,:विजयः,अथवा|,
तथापि,:तथा,अपि,
मह्यमीषन्मनोज्वरः,:मह्यम्,ईषत्,मनोज्वरः,
रावणः---कोऽत्र,:रावणः---कः,अत्र,
कोऽत्र,:कः,अत्र,
विभीषणस्तावदाहूयताम्|,:विभीषणः,तावत्,आहूयताम्|,
राक्षसः---यदाज्ञापयति,:राक्षसः---यद्,आज्ञापयति,
रावणः---त्वमपि,:रावणः---त्वम्,अपि,
वानरमानय|,:वानरम्,आनय|,
शङ्कुकर्ण---यदाज्ञापयति,:शङ्कुकर्ण---यद्,आज्ञापयति,
त्रैलोक्यमाजौ,:त्रैलोक्यम्,आजौ,
यन्मया,:यत्,मया,
साकमाकम्प्य,:साकम्,आकम्प्य,
पुनरगसुतया,:पुनः,अगसुतया,
तन्मम,:तत्,मम,
दीयतामिति|,:दीयताम्,इति|,
एह्येहि|,:एहि,एहि|,
निर्विण्णमिव,:निर्विण्णम्,इव,
स्वामिनमुपाश्रितस्य,:स्वामिनम्,उपाश्रितस्य,
रावणः---छिद्यतामेषा,:रावणः---छिद्यताम्,एषा,
त्वमपि,:त्वम्,अपि,
वानरमानय|,:वानरम्,आनय|,
विभीषणः---यदाज्ञापयति,:विभीषणः---यद्,आज्ञापयति,
धर्षितस्तेन,:धर्षितः,तेन,
किमस्य,:किम्,अस्य,
अतोऽप्यधिकम्|,:अतः,अपि,अधिकम्|,
त्वमवगच्छसि|,:त्वम्,अवगच्छसि|,
विभीषणः---प्रष्टुमर्हति,:विभीषणः---प्रष्टुम्,अर्हति,
कस्त्वमिति|,:कः,त्वम्,इति|,
कस्त्वम्|,:कः,त्वम्|,
मारुतस्यौरसः,:मारुतस्य,औरसः,
किमाह,:किम्,आह,
रामशासनमित्याह|,:रामशासनम्,इति,आह|,
सर्वापराधेष्ववध्याः,:सर्वापराधेषु,अवध्याः,
कर्तुमर्हति,:कर्तुम्,अर्हति,
किमाह,:किम्,आह,
विभीषणः---सम्यगाह,:विभीषणः---सम्यक्,आह,
समास्थायच्छलेनापहृता,:समास्थाय,छलेन,अपहृता,
विपक्षपक्षमवलम्बसे|,:विपक्षपक्षम्,अवलम्बसे|,
नेच्छामि,:न,इच्छामि,
नामाभिधत्ते|,:नाम,अभिधत्ते|,
लाङ्गूलमादीप्य,:लाङ्गूलम्,आदीप्य,
शङ्कुकर्णः---यदाज्ञापयति,:शङ्कुकर्णः---यद्,आज्ञापयति,
हनूमान्---अयमस्मि|,:हनूमान्---अयम्,अस्मि|,
मद्वचनात्,:मद्,वचनात्,
दारापहरणादसि|,:दारापहरणाद्,असि|,
तेऽस्ति,:ते,अस्ति,
हितमन्तरेण|,:हितम्,अन्तरेण|,
वयमपि,:वयम्,अपि,
सीतापहरणमेव|,:सीतापहरणम्,एव|,
विभीषणः---अधर्मश्च|,:विभीषणः---अधर्मः,च|,
सावशेषमिव,:सावशेषम्,इव,
विभीषणः---तदेव,:विभीषणः---तद्,एव,
दातुमर्हति,:दातुम्,अर्हति,
रावणः---दत्तमभयम्|,:रावणः---दत्तम्,अभयम्|,
विभीषणः---बलवद्विग्रहश्च|,:विभीषणः---बलवद्विग्रहः,च|,
शत्रुपक्षमुपाश्रित्य,:शत्रुपक्षम्,उपाश्रित्य,
क्रोधमाहारयंस्तीव्रमभीरुरभिभाषते,:क्रोधम्,आहारयन्,तीव्रम्,अभीरुः,अभिभाषते,
कोऽत्र|,:कः,अत्र|,
ममानवेक्ष्य,:मम,अनवेक्ष्य,
शत्रुपक्षमुपाश्रितम्|,:शत्रुपक्षम्,उपाश्रितम्|,
नोत्सहे,:न,उत्सहे,
अहमेव,:अहम्,एव,
अयमिदानीम्---,:अयम्,इदानीम्---,
अद्यैव,:अद्य,एव,
पुनरुद्धरिष्ये,:पुनः,उद्धरिष्ये,
यावदहमपि,:यावद्,अहम्,अपि,
तृतीयोऽङ्कः,:तृतीयः,अङ्कः,
चतुर्थोऽङ्कः,:चतुर्थः,अङ्कः,
सन्नाहमाज्ञापय,:सन्नाहम्,आज्ञापय,
हनूमतानीतः,:हनूमता,आनीतः,
खल्वार्यरामस्य,:खलु,आर्यरामस्य,
बलाध्यक्षः---किमिति,:बलाध्यक्षः---किम्,इति,
किमिति|,:किम्,इति|,
सन्नाहमाज्ञापिता,:सन्नाहम्,आज्ञापिता,
यदाज्ञापयति,:यद्,आज्ञापयति,
काञ्चुकीयः---यावदहमपि,:काञ्चुकीयः---यावद्,अहम्,अपि,
वानरवाहिनीति,:वानरवाहिनी,इति,
हनुमांश्च|),:हनुमान्,च|),
नद्यश्च,:नद्यः,च,
समधिगतनदीसहस्रबाहुर्हरिरिव,:समधिगतनदीसहस्रबाहुः,हरिः,इव,
सजीवमद्य,:सजीवम्,अद्य,
राक्षसोऽसौ,:राक्षसः,असौ,
इवाशु,:इव,आशु,
शैलैर्द्रुमैः,:शैलैः,द्रुमैः,
मुष्टिबन्धैर्दन्तैर्नखैर्जानुभिरुग्रनादैः|,:मुष्टिबन्धैः,दन्तैः,नखैः,जानुभिः,उग्रनादैः|,
वानरेन्द्रास्तिष्ठन्तु,:वानरेन्द्राः,तिष्ठन्तु,
हनूमान्---यदाज्ञापयति,:हनूमान्---यद्,आज्ञापयति,
प्राप्तोऽस्मि,:प्राप्तः,अस्मि,
मामवगच्छेत्,:माम्,अवगच्छेत्,
सहितोऽप्यशक्तः,:सहितः,अपि,अशक्तः,
सुररिपोर्युधि,:सुररिपोः,युधि,
वक्ष्यतीति,:वक्ष्यति,इति,
(अधोऽवलोक्य),:(अधः,अवलोक्य),
यावदवतरामि|,:यावत्,अवतरामि|,
हनूमान्---(ऊर्ध्वमवलोक्य),:हनूमान्---(ऊर्ध्वम्,अवलोक्य),
राजंस्त्वत्कारणादेव,:राजन्,त्वत्कारणात्,एव,
शरणार्थमुपागतः,:शरणार्थम्,उपागतः,
लक्ष्मणः---यदाज्ञापयत्यार्यः|,:लक्ष्मणः---यद्,आज्ञापयति,आर्यः|,
वक्तुकाममिव,:वक्तुकामम्,इव,
बहुमायाश्छलयोधिनश्च,:बहुमायाः,छलयोधिनः,च,
मैवं,:मा,एवम्,
भक्तास्तथा,:भक्ताः,तथा,
विवदमानोऽपि,:विवदमानः,अपि,
लक्ष्मणः---यदाज्ञापयत्यार्यः|,:लक्ष्मणः---यद्,आज्ञापयति,आर्यः|,
संवृत्तोऽस्मि|,:संवृत्तः,अस्मि|,
उपसर्पावस्तावदार्यम्|,:उपसर्पावः,तावद्,आर्यम्|,
लक्ष्मणः---जयत्वार्यः|,:लक्ष्मणः---जयतु,आर्यः|,
संवृत्तोऽस्मि|,:संवृत्तः,अस्मि|,
अद्यास्मि,:अद्य,अस्मि,
राजंस्त्वद्दर्शनविकल्मषः,:राजन्,त्वद्दर्शनविकल्मषः,
विभीषणः---अनुगृहीतोऽस्मि|,:विभीषणः---अनुगृहीतः,अस्मि|,
त्वदागमनादेव,:त्वदागमनात्,एव,
सिद्धमस्मत्कार्यम्|,:सिद्धम्,अस्मत्कार्यम्|,
नाधिगम्यते|,:न,अधिगम्यते|,
किमत्रावगन्तव्यम्|,:किम्,अत्र,अवगन्तव्यम्|,
विस्रष्टुमर्हति,:विस्रष्टुम्,अर्हति,
(सहसोत्तिष्ठन्,:(सहसा,उत्तिष्ठन्,
नररूपमुपाश्रितस्य,:नररूपम्,उपाश्रितस्य,
कार्यार्थमभ्युपगतस्य,:कार्यार्थम्,अभ्युपगतस्य,
रूपमास्थाय,:रूपम्,आस्थाय,
खल्वेषः|,:खलु,एषः|,
कुर्वंस्तेजसा,:कुर्वंन्,तेजसा,
वरुणोऽयम्|,:वरुणः,अयम्|,
कर्तुमर्हति,:कर्तुम्,अर्हति,
तावदस्माभिर्वद,:तावद्,अस्माभिः,वद,
दातुमर्हति,:दातुम्,अर्हति,
गच्छाग्रतः|,:गच्छ,अग्रतः|,
हनूमान्---यदाज्ञापयति,:हनूमान्---यद्,आज्ञापयति,
क्वचिदपि,:क्वचित्,अपि,
क्वचिच्छङ्खाकीर्णः,:क्वचित्,शङ्खाकीर्णः,
क्वचिदपि,:क्वचित्,अपि,
क्वचिदपि,:क्वचित्,अपि,
क्वचिदपि,:क्वचित्,अपि,
भगवत्प्रसादादतीतः,:भगवत्प्रसादाद्,अतीतः,
उदधिजलगतेव,:उदधिजलगता,इव,
नौर्विपन्ना,:नौः,विपन्ना,
सुग्रीवः---यदाज्ञापयति,:सुग्रीवः---यद्,आज्ञापयति,
नीलः---यदाज्ञापयति,:नीलः---यद्,आज्ञापयति,
क्रमान्निवेश्यमानासु,:क्रमात्,निवेश्यमानासु,
कुतश्चिदप्यविज्ञायमानौ,:कुतश्चित्,अपि,अविज्ञायमानौ,
देवस्तस्मात्,:देवः,तस्मात्,
प्रवेशयत्वेतौ|,:प्रवेशयतु,एतौ|,
नीलः---यदाज्ञापयति,:नीलः---यद्,आज्ञापयति,
वानरैर्गृह्यमाणौ,:वानरैः,गृह्यमाणौ,
आवामार्यकुमुदस्य,:आवाम्,आर्यकुमुदस्य,
सेवकावित्यात्मानमपदिशतः|,:सेवकौ,इति,अत्मानम्,अपदिशतः|,
चाप्येतौ,:च,अपि,एतौ,
चाप्येतौ,:च,अपि,एतौ,
रावणेनैतौ,:रावणेन,एतौ,
दृष्ट्वास्पदमलभमानौ,:दृष्ट्वा,आस्पदम्,अलभमानौ,
कथमिव,:कथम्,इव,
प्राणान्तिकेऽपि,:प्राणान्तिके,अपि,
नैव,:न,एव,
दण्डमाज्ञापयतु,:दण्डम्,आज्ञापयतु,
मैवम्|,:मा,एवम्|,
शासनादेव,:शासनात्,एव,
वृद्धिर्भविष्यति|,:वृद्धिः,भविष्यति|,
तस्मादेतौ,:तस्मात्,एतौ,
पुनर्मोक्षमाज्ञापयत्वार्यः|,:पुनः,मोक्षम्,आज्ञापयतु,आर्यः|,
नीलः---यदाज्ञापयति,:नीलः---यद्,आज्ञापयति,
उभौ---यदाज्ञापयति,:उभौ---यद्,आज्ञापयति,
वयमपि,:वयम्,अपि,
विभीषणः---यदाज्ञापयति,:विभीषणः---यद्,आज्ञापयति,
यथैव,:यथा,एव,
चतुर्थोऽङ्कः,:चतुर्थः,अङ्कः,
पञ्चमोऽङ्कः,:पञ्चमः,अङ्कः,
अयमस्मि|,:अयम्,अस्मि|,
प्राप्तस्येदानीमपि,:प्राप्तस्येदानीम्,अपि,
चलत्तरङ्गाहतभीमवेलमुदीर्णनक्राकुलनीलनीरम्|,:चलत्तरङ्गाहतभीमवेलम्,उदीर्णनक्राकुलनीलनीरम्|,
समुद्रमाक्रान्तमवेक्ष्य,:समुद्रम्,आक्रान्तम्,अवेक्ष्य,
दारप्रदानान्न,:दारप्रदानात्,न,
राघवेणाद्य,:राघवेण,अद्य,
शक्रजिच्चापि,:शक्रजित्,च,अपि,
एवमपि,:एवम्,अपि,
सचिववचोऽप्यनवेक्ष्य,:सचिववचः,अपि,अनवेक्ष्य,
सुखमार्यस्य|,:सुखम्,आर्यस्य|,
काञ्चुकीयः---यावदहमपि,:काञ्चुकीयः---यावद्,अहम्,अपि,
खल्वार्यपुत्रस्यागमनेन,:खलु,आर्यपुत्रस्य,आगमनेन,
एवमपीदानीं,:एवम्,अपि,इदानीं,
वशमागता,:वशम्,आगता,
पौलस्त्यमाशु,:पौलस्त्यम्,आशु,
राममुपगच्छामीति|,:रामम्,उपगच्छामि,इति|,
राघवमाहवे,:राघवम्,आहवे,
किमनया|,:किम्,अनया|,
यावदहमपि,:यावद्,अहम्,अपि,
खल्वतुलबलता,:खलु,अतुलबलता,
नयनान्यालोक्य,:नयनानि,आलोक्य,
त्वमरविन्दपलाशनेत्रे!,:त्वम्,अरविन्दपलाशनेत्रे!,
मेऽद्य,:मे,अद्य,
खल्वसि,:खलु,असि,
तयोर्मानुषयोः,:तयोः,मानुषयोः,
तयोर्मानुषयोः,:तयोः,मानुषयोः,
मानुषेऽस्मिन्,:मानुषे,अस्मिन्,
अद्यैव,:अद्य,एव,
श्रियमाप्नुहि,:श्रियम्,आप्नुहि,
खल्वस्मि,:खलु,अस्मि,
गतोऽसि|,:गतः,असि|,
यावन्न,:यावत्,न,
खल्वलीकमेतद्,:खलु,अलीकम्,एतद्,
येनासिनार्यपुत्रस्यासदृशं,:येन,आसिना,आर्यपुत्रस्य,असदृशं,
मामपि,:माम्,अपि,
व्यक्तमिन्द्रजिता,:व्यक्तम्,इन्द्रजिता,
रामेणेति|,:रामेण,इति|,
नावेक्षितम्|,:न,अवेक्षितम्|,
राक्षसः---श्रोतुमर्हति,:राक्षसः---श्रोतुम्,अर्हति,
त्वामभिभूय,:त्वाम्,अभिभूय,
सलक्ष्मणेनाद्य,:सलक्ष्मणेन,अद्य,
सुतस्ते,:सुतः,ते,
दैत्याश्चापि,:दैत्याः,च,अपि,
सोऽपि,:सः,अपि,
नाभिधीयते|,:न,अभिधीयते|,
वासवजिदानतवैरिचक्र!|,:वासवजित्,आनतवैरिचक्र!|,
मामिह,:माम्,इह,
गतोऽसि,:गतः,असि,
मोहमुपगतः|),:मोहम्,उपगतः|),
इदानीमनर्थहेतुभूतया,:इदानीम्,अनर्थहेतुभूतया,
किमनया,:किम्,अनया,
अद्यापि,:अद्य,अपि,
भयविह्वलोऽसि!,:भयविह्वलः,असि!,
इदानीमपि,:इदानीम्,अपि,
वत्सेनेन्द्रजिता,:वत्सेन,इन्द्रजिता,
राजन्यन्तः,:राजनि,अन्तः,
चपलपलायनमनुचितमविरतममरसमराणि,:चपलपलायनम्,अनुचितम्,अविरतम्,अमरसमराणि,
भर्तर्यत्र,:भर्तरि,अत्र,
राक्षसः---यदाज्ञापयति,:राक्षसः---यद्,आज्ञापयति,
निहितबाणस्त्वामतिक्रम्य,:निहितबाणः,त्वाम्,अतिक्रम्य,
सन्दिधक्षुर्यथैव,:सन्दिधक्षुः,यथा,एव,
रावणः---(सहसोत्थाय,:रावणः---(सहसा,उत्थाय,
क्वासौ,:क्व,असौ,
क्वासौ|,:क्व,असौ|,
(असिमुद्यम्य),:(असिम्,उद्यम्य),
अलमतिसाहसेन|,:अलम्,अतिसाहसेन|,
रावणस्याचिरेण,:रावणस्य,अचिरेण,
सुहृदश्च,:सुहृदः,च,
अलमलमिदानीमरिबलावलेपमन्तरेणानवरतवृथाप्रयासेन|,:अलम्,अलम्,इदानीम्,अरिबलावलेपम्,अन्तरेण,अनवरतवृथाप्रयासेन|,
स्यन्दनमानय|,:स्यन्दनम्,आनय|,
राक्षसः---यदाज्ञापयति,:राक्षसः---यद्,आज्ञापयति,
रावणः---(रथमारुह्य),:रावणः---(रथम्,आरुह्य),
सुरैरद्य,:सुरैः,अद्य,
चापच्युतैस्तीक्ष्णैर्बाणैराक्रान्तचेतसम्,:चापच्युतैः,तीक्ष्णैः,बाणैः,आक्रान्तचेतसम्,
यद्यहमनुसराम्यार्यपुत्रम्,:यदि,अहम्,अनुसरामि,आर्यपुत्रम्,
पञ्चमोऽङ्कः,:पञ्चमः,अङ्कः,
षष्ठोऽङ्कः,:षष्ठः,अङ्कः,
विद्याधरास्त्रयः|,:विद्याधराः,त्रयः|,
वयमप्येतेषामेतान्,:वयम्,अपि,एतेषाम्,एतान्,
स्वैरमेकान्ते,:स्वैरम्,एकान्ते,
उदधिरिव,:उदधिः,इव,
द्वितीयः---एवमेतत्|,:द्वितीयः---एवम्,एतत्|,
मुष्टिप्रहारैर्हताः,:मुष्टिप्रहारैः,हताः,
क्रुद्धैर्वानरयूथपैरतिबलैरुत्पुच्छकर्णैर्वृताः|,:क्रुद्धैः,वानरयूथपैः,अतिबलैः,उत्पुच्छकर्णैः,वृताः|,
कण्ठग्राहविवृत्ततुङ्गनयनैर्दष्टौष्ठतीव्रैर्मुखैः,:कण्ठग्राहविवृत्ततुङ्गनयनैः,दष्टौष्ठतीव्रैः,मुखैः,
इवाशु,:इव,आशु,
चापि,:च,अपि,
राक्षसैर्वानरेषु,:राक्षसैः,वानरेषु,
वानरैर्नैरृतेषु|,:वानरैः,नैरृतेषु|,
तृतीयः---मुष्टिप्रक्षेपैर्जानुसङ्घट्टनैश्च,:तृतीयः---मुष्टिप्रक्षेपैः,जानुसङ्घट्टनैः,च,
प्रथमः---रावणमपि,:प्रथमः---रावणम्,अपि,
राममालोक्य,:रामम्,आलोक्य,
द्वितीयः---राममपि,:द्वितीयः---रामम्,अपि,
चापमवलम्ब्य,:चापम्,अवलम्ब्य,
वीरमन्येन,:वीरम्,अन्येन,
वर्षमभिवर्षति,:वर्षम्,अभिवर्षति,
राममासाद्य,:रामम्,आसाद्य,
तीक्ष्णमुद्यम्य,:तीक्ष्णम्,उद्यम्य,
खल्विदम्|,:खलु,इदम्|,
रथमारूढवान्,:रथम्,आरूढवान्,
सुरवरजयदर्पदेशिकेऽस्मिन्,:सुरवरजयदर्पदेशिके,अस्मिन्,
स्थिताश्च,:स्थिताः,च,
चारिभिरेतौ,:चारिभिः,एतौ,
सूर्याविव,:सूर्यौ,इव,
तृतीयः---रावणमपि,:तृतीयः---रावणम्,अपि,
शरैर्भीमवेगैर्हयान्,:शरैः,भीमवेगैः,हयान्,
चापि,:च,अपि,
बलेनाभिहत्य|,:बलेन,अभिहत्य|,
बाणमवेक्ष्य,:बाणम्,अवेक्ष्य,
द्वितीयः---एतदस्त्रं,:द्वितीयः---एतद्,अस्त्रम्,
पुनरभिगच्छति,:पुनः,अभिगच्छति,
राममेव,:रामम्,एव,
पुष्पवृष्टिर्निपातिता|,:पुष्पवृष्टिः,निपातिता|,
भेर्यस्त्रिदिवसद्मनाम्,:भेर्यः,त्रिदिवसद्मनाम्,
प्रथमः---तदागम्यताम्|,:प्रथमः---तद्,आगम्यताम्|,
वयमपि,:वयम्,अपि,
रावणमाहवेऽद्य,:रावणम्,आहवे,अद्य,
लक्ष्मणः---जयत्वार्यः|,:लक्ष्मणः---जयतु,आर्यः|,
ह्यार्यार्यस्य,:हि,आर्या,आर्यस्य,
समीपमुपसर्पति|,:समीपम्,उपसर्पति|,
अपायाच्च,:अपायात्,च,
मन्युर्मे,:मन्युः,मे,
लक्ष्मणः---यदाज्ञापयत्यार्यः|,:लक्ष्मणः---यद्,आज्ञापयति,आर्यः|,
राजंस्तव,:राजन्,तव,
दैत्यकुलच्युतेव,:दैत्यकुलच्युता,इव,
तत्रैव,:तत्र,एव,
इक्ष्वाकुकुलस्याङ्कभूता|,:इक्ष्वाकुकुलस्य,अङ्कभूता|,
पितरमुद्दिश्य,:पितरम्,उद्दिश्य,
मज्जमानमकार्येषु,:मज्जमानम्,अकार्येषु,
रिपुरन्यथा,:रिपुः,अन्यथा,
रामः---नार्हति,:रामः---न,अर्हति,
भवानतः,:भवान्,अतः,
लक्ष्मणः---जयत्वार्यः|,:लक्ष्मणः---जयतु,आर्यः|,
श्रुत्वैवाग्निप्रवेशाय,:श्रुत्वा,एव,अग्निप्रवेशाय,
प्रतिपालयत्यार्या|,:प्रतिपालयति,आर्या|,
पतिव्रतायाश्छन्दमनुतिष्ठ|,:पतिव्रतायाः,छन्दम्,अनुतिष्ठ|,
लक्ष्मणः---यदाज्ञापयत्यार्यः|,:लक्ष्मणः---यद्,आज्ञापयति,आर्यः|,
चार्यस्य,:च,आर्यस्य,
बुद्धिर्दोलायते,:बुद्धिः,दोलायते,
कोऽत्र|,:कः,अत्र|,
शक्तिरस्ति,:शक्तिः,अस्ति,
एवमाज्ञापयत्यार्यः|,:एवम्,आज्ञापयति,आर्यः|,
वयमार्यस्याभिप्रायमनुवर्तितारः|,:वयम्,आर्यस्य,अभिप्रायम्,अनुवर्तितारः|,
गच्छामस्तावत्|,:गच्छामः,तावत्|,
हनूमान्---यदाज्ञापयति,:हनूमान्---यद्,आज्ञापयति,
लक्ष्मणः---प्रसीदत्वार्यः|,:लक्ष्मणः---प्रसीदतु,आर्यः|,
आश्चर्यमाश्चर्यम्|,:आश्चर्यम्,आश्चर्यम्|,
ह्यार्या,:हि,आर्या,
ज्वलनमिहाशु,:ज्वलनम्,इह,आशु,
श्रममिह,:श्रमम्,इह,
यथैव,:यथा,एव,
रामः---आश्चर्यमाश्चर्यम्|,:रामः---आश्चर्यम्,आश्चर्यम्|,
लक्ष्मणः---यदाज्ञापयत्यार्यः|,:लक्ष्मणः---यद्,आज्ञापयति,आर्यः|,
कनकमालेव,:कनकमाला,इव,
निर्विकारमुपागता,:निर्विकारम्,उपागता,
किमिति,:किम्,इति,
किमिति|,:किम्,इति|,
जीवन्तीमादाय,:जीवन्तीम्,आदाय,
अयमार्यां,:अयम्,आर्यां,
एवाभिवर्तते,:एव,अभिवर्तते,
उपसर्पामस्तावत्|,:उपसर्पामः,तावत्|,
प्रविशत्यग्निः,:प्रविशति,अग्निः,
कर्तुमर्हति,:कर्तुम्,अर्हति,
भवन्तमनुप्राप्ता,:भवन्तम्,अनुप्राप्ता,
तनुमास्थिता,:तनुम्,आस्थिता,
रामः---अनुगृहीतोऽस्मि|,:रामः---अनुगृहीतः,अस्मि|,
जानतापि,:जानता,अपि,
लोकानामेवमेव,:लोकानाम्,एवम्,एव,
रुद्रश्च,:रुद्रः,च,
कोपस्तव,:कोपः,तव,
त्वयेव,:त्वया,एव,
विष्णुर्भवान्,:विष्णुः,भवान्,
(पुनर्नेपथ्ये,:(पुनः,नेपथ्ये,
भूमिस्त्वयैवोद्धृता,:भूमिः,त्वया,एव,उद्धृता,
रूपमुपस्थितेन,:रूपम्,उपस्थितेन,
रामः---अनुगृहीतोऽस्मि|,:रामः---अनुगृहीतः,अस्मि|,
रामः---यदाज्ञापयति,:रामः---यद्,आज्ञापयति,
जयत्वायुष्मान्|,:जयतु,आयुष्मान्|,
प्रतिज्ञार्णवमाहवेऽद्य,:प्रतिज्ञार्णवम्,आहवे,अद्य,
समस्तैश्च,:समस्तैः,च,
नभसीव,:नभसि,इव,
खल्वार्यस्य,:खलु,आर्यस्य,
वृत्रहेव,:वृत्रहा,इव,
भद्रासनारोपितोऽप्यम्बायाः,:भद्रासनारोपितः,अपि,अम्बायाः,
प्रियमिच्छता,:प्रियम्,इच्छता,
भवन्तमुपस्थिताः|,:भवन्तम्,उपस्थिताः|,
प्रहृष्टोऽस्मि|,:प्रहृष्टः,अस्मि|,
भवन्तमभिवर्धयन्ति|,:भवन्तम्,अभिवर्धयन्ति|,
रामः---अनुगृहीतोऽस्मि|,:रामः---अनुगृहीतः,अस्मि|,
प्रियमुपहरामि|,:प्रियम्,उपहरामि|,
किमतः,:किम्,अतः,
परमहमिच्छामि|,:परम्,अहम्,इच्छामि|,
इमामपि,:इमाम्,अपि,
षष्ठोऽङ्कः,:षष्ठः,अङ्कः,
