यस्माज्जायते,:यस्मात्,जायते,
सोऽपि,:सः,अपि,
स्वपितेव,:स्वपिता,इव,
नैव,:न,एव,
स्वप्रकृतेस्त्यागं,:स्वप्रकृतेः,त्यागं,
वैवश्यतस्तस्य,:वैवश्यतः,तस्य,
नैव,:न,एव,
शरीरेऽस्मिन्,:शरीरे,अस्मिन्,
सम्बन्धस्तावदेव,:सम्बन्धः,तावत्,एव,
वयसाऽपि,:वयसा,अपि,
वर्त्तमानास्ते,:वर्तमानाः,ते,
अन्यानिष्टचिकीर्षुर्ना,:अन्यानिष्टचिकीर्षुः,ना,
सोऽन्यापशकुनं,:सः,अन्यापशकुनं,
नासिकामपि॥,:नासिकाम्,अपि॥,
कृत्रिमतामुपाश्रयेत्।,:कृत्रिमताम्,उपाश्रयेत्।,
नैवासौ,:न,एव,असौ,
जगत्यत्र,:जगति,अत्र,
ज्यायांसश्च,:ज्यायांसः,च,
स्युस्तत्र,:स्युः,तत्र,
कोऽप्यन्तः,:कोऽपि,अन्तः,
पूर्तिस्तासां,:पूर्तिः,तासां,
आदावन्ते,:आदौ,अन्ते,
सदुःखास्ता,:सदुःखाः,ताः,
अतस्तासु,:अतः,तासु,
कस्यचिज्जन्तोः,:कस्यचित्,जन्तोः,
दुःखिनस्तस्य,:दुःखिनः,तस्य,
तन्नीडं,:तत्,नीडं,
एवास्ति,:एव,अस्ति,
तुच्छोऽस्त्यखिलसङ्ग्रहः॥,:तुच्छः,अस्ति,अखिलसङ्ग्रहः॥,
भाग्यशाल्येव,:भाग्यशाली,एव,
पूर्णमेवाब्धिं,:पूर्णम्,एव,अब्धिं,
श्रीरपि,:श्रीः,अपि,
बहिरागच्छन्,:बहिः,आगच्छन्,
बहिर्निःसृत्य,:बहिः,निःसृत्य,
विचाराश्चेल्लिख्यन्ते,:विचाराः,च,उल्लिख्यन्ते,
शान्तिस्तथा,:शान्तः,तथा,
प्रकृतिनियमाग्रे,:प्रकृतिनियम,अग्रे,
धैर्यादुद्धरते,:धैर्यात्,उद्धरते,
नात्र,:न,अत्र,
मिथस्तैर्विहितां,:मिथः,तैः,विहितां,
भवेन्नित्यं,:भवेत्,नित्यं,
यशस्तस्य,:यशः,तस्य,
बहिर्निर्गमयत्।,:बहिः,निर्गमयत्।,
जनश्चौर्ये,:जनः,चौर्ये,
वृत्तिलाभश्चौर्यकर्मनिवारकः,:वृत्तिलाभः,चौर्यकर्मनिवारकः,
मृतोऽपि,:मृतः,अपि,
सुखमाप्नोति,:सुखम्,आप्नोति,
भवत्येव,:भवति,एव,
बहिर्गतः,:बहिः,गतः,
सामान्यस्यापि,:सामान्यस्य,अपि,
नास्मात्,:न,अस्मात्,
स्वल्पेऽप्यर्धं,:स्वल्पे,अपि,अर्धं,
अतोऽप्यधीयताम्,:अतः,अपि,अधीयताम्,
भङ्गोऽस्तु,:भङ्गः,अस्तु,
माऽधुना,:मा,अधुना,
रामायणमधीत्यापि,:रामायणं,अधीत्य,अपि,
तच्छिक्षाऽनुसृता,:तत्,शिक्षा,अनुसृता,
कोऽस्ति,:कः,अस्ति,
ततस्तर्हि,:ततः,तर्हि,
सर्वेश्वरोऽपि,:सर्वेश्वरः,अपि,
तस्याग्रे,:तस्य,अग्रे,
बहिरागतः,:बहिः,आगतः,
पार्वतीशङ्‌कराविव,:पार्वतीशङ्‌करौ,इव,
कास्ति,:का,अस्ति,
पुनरहं,:पुनः,अहं,
भगवद्गुणान्,:भगवत्,गुणान्,
बहिरागताः।,:बहिः,आगताः।,
एतद्?,:एतत्,?,
नोचिता,:न,उचिता,
नोचिता,:न,उचिता,
सुबुद्धिमन्तस्तां,:सुबुद्धिमन्तः,तां,
स्वयमेव,:स्वयम्,एव,
ईश्वरोऽपि,:ईश्वरः,अपि,
ततस्तुष्टः,:ततः,तुष्टः,
पुनरपि,:पुनः,अपि,
यन्नियतं,:यत्‌,नियतं,
सदैवैका,:सदा,एव,एका,
प्रकृतिरवतिष्ठते,:प्रकृतिः,अवतिष्ठते,
उदारचरितश्चापि,:उदारचरितः,च,अपि,
यत्तु,:यत्,तु,
भवत्यच्छमेव,:भवति,अच्छम्,एव,
मन्दस्तन्मन्यते,:मन्दः,तत्,मन्यते,
किन्त्वन्यो,:किन्तु,अन्यः,
श्रमोऽवश्यं,:श्रमः,अवश्यं,
नोत्पद्यतेऽनेन,:न,उत्पद्यते,अनेन,
स्याच्च,:स्यात्,च,
तदासक्तौ,:तदा,आसक्तौ,
चोपहस्यते॥,:च,उपहस्यते॥,
निषेधेऽप्यधिकारं,:निषेधे,अपि,अधिकारं,
परस्यास्मिन्‌,:परस्य,अस्मिन्‌,
प्रवर्त्यान्यान्,:प्रवर्त्य,अन्यान्,
रुचिमन्यस्य,:रुचिम्,अन्यस्य,
तन्नूनं,:तत्,नूनं,
नात्र,:न,अत्र,
स्वस्यैव,:स्वस्य,एव,
उग्रतायामपि,:उग्रतायाम्,अपि,
चापि,:च,अपि,
शासकास्ततः।,:शासकाः,ततः।,
श्वश्रूर्भूत्वा,:श्वश्रूः,भूत्वा,
सन्तापयेन्न,:सन्तापयेत्,न,
वधूस्तर्हि,:वधूः,तर्हि,
विद्यान्न,:विद्यात्,न,
पतिस्ताभिर्भार्याभिस्ताप्यते,:पतिः,ताभिः,भार्याभिः,ताप्यते,
सोऽस्ति,:सः,अस्ति,
पक्षविपक्षतोऽनन्तान्,:पक्षविपक्षतः,अनन्तान्,
निद्रितोऽपि,:निद्रितः,अपि,
सन्तस्तु,:सन्तः,तु,
सद्यस्तत्,:सद्यः,तत्,
यद्‌गृहे,:यत्,गृहे,
यद्‌गृहे,:यत्,गृहे,
प्रत्युत्पन्नमतेरुक्तिः,:प्रत्युत्पन्नमतेः,उक्तिः,
वाक्छलतोऽवश्यं,:वाक्छलतः,अवश्यं,
दूरेऽवतिष्ठेत,:दूरे,अवतिष्ठेत,
सुमतिमाञ्जनः॥,:सुमतिमान्,जनः॥,
व्यक्तिरुपभुङ्‌क्ते,:व्यक्तिः,उपभुङ्‌क्ते,
बहिर्निःसृतम्।,:बहिः,निःसृतम्।,
कार्यश्चापि,:कार्यः,च,अपि,
योऽन्यायं,:यः,अन्यायं,
सोऽस्ति,:सः,अस्ति,
नानिष्टं,:न,अनिष्टं,
कस्यचिच्चिन्त्यं,:कस्यचित्,चिन्त्यं,
नापि,:न,अपि,
तत्कार्यमेव,:तत्,कार्यम्,एव,
हरितान्यपि॥,:हरितानि,अपि॥,
भवितुमर्हति॥,:भवितुम्,अर्हति॥,
अभ्यासोऽत्र,:अभ्यासः,अत्र,
एकलव्यस्तयैवाभूत्,:एकलव्यः,तया,एव,अभूत्,
प्रवीणोऽति,:प्रवीणः,अति,
सन्त्येव,:सन्ति,एव,
यत्राऽऽयान्ति,:यात्रा,आयान्ति,
पार्श्वेऽस्ति,:पार्श्वे,अस्ति,
कदापि,:कदा,अपि,
नश्येन्न,:नश्येत्,न,
बुद्धिस्तदा,:बुद्धिः,तदा,
किञ्चित्समयानन्तरम्,:किञ्चित्,समयानन्तरम्,
तद्धनं,:तत्,धनं,
सङ्‌कटेऽप्यागते,:सङ्‌कटे,अपि,आगते,
मिलत्यच्छम्,:मिलति,अच्छम्,
विष्णोरेतत्समाधानं,:विष्णोः,एतत्,समाधानं,
तमेवासौ,:तम्,एव,असौ,
तुदत्यलम्॥,:तुदति,अलम्॥,
कृतोऽतीव,:कृतः,अतीव,
सुविधाजनकोऽस्त्येव,:सुविधाजनकः,अस्ति,एव,
यात्रायामपरिग्रहः॥,:यात्रायाम्,अपरिग्रहः॥,
पुनश्च,:पुनः,च,
योऽन्यस्मै,:यः,अन्यस्मै,
मिथोऽनिष्टं,:मिथः,अनिष्टं,
सन्तानोऽनुकुर्वीत,:सन्तानः,अनुकुर्वीत,
केवलमीश्वरः॥,:केवलम्,ईश्वरः॥,
स्वमीश्वरं,:स्वम्,ईश्वरं,
ईश्वरस्तेन,:ईश्वरः,तेन,
गुणयुक्तश्चेत्,:गुणयुक्तः,चेत्,
अमुष्मिंश्चान्यथा,:अमुष्मिन्,च,अन्यथा,
साहाय्यमाचरेत्,:साहाय्यम्,आचरेत्,
स्वेष्टानि,:स्व,इष्टानि,
मत्यैव,:मत्या,एव,
तन्नैव,:तत्,नैव,
क्षतिर्भवेत्।,:क्षतिः,भवेत्।,
अस्मदाश्रिताः,:अस्मत्,आश्रिताः,
प्रश्नस्तथोत्तरम्>,:प्रश्नः,तथा,उत्तरम्>,
प्रश्नस्तथोत्तरम्,:प्रश्नः,तथा,उत्तरम्,
लेखकस्यात्र,:लेखकस्य,अत्र,
प्रश्नस्तथोत्तरम्।,:प्रश्नः,तथा,उत्तरम्।,
प्रदत्तेयं,:प्रदत्ता,इयं,
परनिन्दावचोभिर्न,:परनिन्दावचोभिः,न,
क्षीणशक्तिर्विधीयताम्॥,:क्षीणशक्तिः,विधीयताम्॥,
कर्तव्योऽसौ,:कर्तव्यः,असौ,
बहिर्विश्रामं,:बहिः,विश्रामं,
स्वाचरणे,:स्व,आचरणे,
निःस्पृहास्ततः।,:निःस्पृहाः,ततः।,
स्वल्पोऽपि,:स्वल्पः,अपि,
सन्त्याज्यमेव,:सन्त्याज्यम्,एव,
कष्टमाविन्दन्,:कष्टम्,आविन्दन्,
मनस्तीर्थ-स्नानेन,:मनः,तीर्थस्नानेन,
सदाचरणमेवैकं,:सदाचरणम्,एव,एकं,
नेदृक्,:न,ईदृक्,
फलेन्नहि॥,:फलेत्,नहि॥,
जनतेच्छति,:जनता,इच्छति,
सेच्छति।,:स,इच्छति।,
शासकास्तस्याः,:शासकाः,तस्याः,
जीवद्‌भ्योऽपि,:जीवद्‌भ्यः,अपि,
विलम्बाज्जायते,:विलम्बात्,जायते,
हानिस्तस्याः,:हानिः,तस्याः,
पूर्तिरसम्भवा॥,:पूर्तिः,असम्भवा॥,
दृष्ट्वाऽन्येषां,:दृष्ट्वा,अन्येषां,
हेतुर्हि,:हेतुः,हि,
नापमानयेत्।,:न,आपमानयेत्।,
नीरसमेव,:नीरसम्,एव,
सर्वकाराच्च,:सर्वकारात्,च,
भिक्षुरेकोऽन्यं,:भिक्षुः,एकः,अन्यं,
अन्यांश्चापि,:अन्यान्,च,अपि,
जगन्मातेव,:जगन्माता,इव,
समुपास्यैव,:समुपास्य,एव,
विमातापि,:विमाता,अपि,
नैवाभिवर्षति॥,:नैव,अभिवर्षति॥,
तस्यान्तिकम्,:तस्य,अन्तिकम्,
कोऽपि,:कः,अपि,
प्राणाहुतिप्रदानेऽपि,:प्राणाहुतिप्रदाने,अपि,
शत्रुणाऽपि,:शत्रुणा,अपि,
तमवश्यं,:तम्,अवश्यं,
नैवाप्नोति,:नैव,आप्नोति,
बृहद्राशिं,:बृहत्,राशिं,
विहायान्यत्,:विहाय,अन्यत्,
किञ्चिन्नैवाभिपश्यति।,:किञ्चित्,नैव,अभिपश्यति।,
अग्निनाग्निर्विवर्धेत,:अग्निना,अग्निः,विवर्धेत,
जलेनैव,:जलेन,एव,
युक्त्यैव,:युक्त्या,एव,
युक्त्यैव,:युक्त्या,एव,
युक्तिबलेनैव,:युक्तिबलेन,एव,
बहिर्वृक्षोपरि,:बहिः,वृक्षोपरि,
प्रशंसामन्यतः,:प्रशंसाम्,अन्यतः,
यस्तथा,:यः,तथा,
वीरशिवाजितुल्यास्ते,:वीरशिवाजितुल्याः,ते,
विपत्तावपि,:विपत्तौ,अपि,
