श्रीधरोस्तु,:श्रीधरः,अस्तु,
एवमार्यमिश्रान्,:एवम्,आर्यमिश्रान्,
महाराजायाङ्गेश्वराय|,:महाराजाय,अङ्गेश्वराय|,
महाराजायाङ्गेश्वराय,:महाराजाय,अङ्गेश्वराय,
कृतोऽद्य|,:कृतः,अद्य|,
त्वरितमरिनिनादैर्दुस्सहालोकवीरः,:त्वरितम्,अरिनिनादैः,दुस्सहालोकवीरः,
समरमधिगतार्थः,:समरम्,अधिगतार्थः,
अयमङ्गराजः,:अयम्,अङ्गराजः,
एवाभिवर्तते|,:एव,अभिवर्तते|,
समरेऽग्रगण्यः,:समरे,अग्रगण्यः,
सशोकमुपैति,:सशोकम्,उपैति,
स्वभावरुचिमानिव,:स्वभावरुचिमान्,इव,
यावदपसर्पामि|,:यावद्,अपसर्पामि|,
शल्यश्च),:शल्यः,च),
तावन्मम,:तावत्,मम,
यत्रासावर्जुनस्तत्रैव,:यत्र,असौ,अर्जुनः,तत्र,एव,
ममापि,:मम,अपि,
वैधुर्यमापतति,:वैधुर्यम्,आपतति,
युधिष्ठिरादयस्ते,:युधिष्ठिरादयः,ते,
यवीयांसस्तु,:यवीयांसः,तु,
दिवसोऽयमागतः|,:दिवसः,अयम्,आगतः|,
मातुर्वचनेन,:मातुः,वचनेन,
ममास्त्रस्य,:मम,अस्त्रस्य,
शल्यः---ममाप्यस्ति,:शल्यः---मम,अपि,अस्ति,
गतवानस्मि|,:गतवान्,अस्मि|,
शल्यः---ततस्ततः|,:शल्यः---ततः,ततः|,
शल्यः---ततस्ततः|,:शल्यः---ततः,ततः|,
पृष्टोऽस्मि|,:पृष्टः,अस्मि|,
शल्यः---ततस्ततः|,:शल्यः---ततः,ततः|,
अखिलान्यस्त्राण्युपशिक्षितुमिच्छामीत्युक्तवानस्मि|,:अखिलानि,अस्त्राणि,उपशिक्षितुम्,इच्छामि,इति,उक्तवान्,अस्मि|,
शल्यः---ततस्ततः|,:शल्यः---ततः,ततः|,
क्षत्रियाणामिति|,:क्षत्रियाणाम्,इति|,
ततस्ततः|,:ततः,ततः|,
शल्यः---ततस्ततः|,:शल्यः---ततः,ततः|,
सहानुगतोऽस्मि|,:सह,अनुगतः,अस्मि|,
शल्यः---ततस्ततः|,:शल्यः---ततः,ततः|,
गुरुर्वनभ्रमणपरिश्रमान्मदङ्के,:गुरुः,वनभ्रमणपरिश्रमात्,मदङ्के,
निद्रावशमुपगतः|,:निद्रावशम्,उपगतः|,
शल्यः---ततस्ततः|,:शल्यः---ततः,ततः|,
दैवान्ममोरुद्वये,:दैवात्,मम,ऊरुद्वये,
निद्राच्छेदभयादसह्यत,:निद्राच्छेदभयात्,असह्यत,
गुरोर्धैर्यात्तदा,:गुरोः,धैर्यात्,तदा,
कालविफलान्यस्त्राणि,:कालविफलानि,अस्त्राणि,
सन्त्विति,:सन्तु,इति,
तावदस्त्रस्य,:तावद्,अस्त्रस्य,
एतान्यस्त्राणि,:एतानि,अस्त्राणि,
निर्वीर्याणीव,:निर्वीर्याणि,इव,
विवशास्तुरङ्गमाः|,:विवशाः,तुरङ्गमाः|,
गजाश्च,:गजाः,च,
शङ्खदुन्दुभयश्च,:शङ्खदुन्दुभयः,च,
खल्विदम्|,:खलु,इदम्|,
हतोऽपि,:हतः,अपि,
नास्ति,:न,अस्ति,
युद्धेष्वनिवर्तिताशा,:युद्धेषु,अनिवर्तिताशा,
अक्षयोऽस्तु,:अक्षयः,अस्तु,
अक्षयोऽस्तु,:अक्षयः,अस्तु,
अक्षयोऽस्तु,:अक्षयः,अस्तु,
अक्षयोऽस्तु,:अक्षयः,अस्तु,
प्रसन्नोऽस्मि|,:प्रसन्नः,अस्मि|,
वनमिव,:वनम्,इव,
यावद्रथमारोहावः|,:यावत्,रथम्,आरोहावः|,
यत्रासावर्जुनस्तत्रैव,:यत्र,असौ,अर्जुनः,तत्र,एव,
उत्कर्णस्तिमिताञ्चिताक्षवलितग्रीवार्पिताग्राननास्तिष्ठन्त्यश्ववशाङ्गयष्टि,:उत्कर्णस्तिमिताञ्चिताक्षवलितग्रीवार्पिताग्राननाः,तिष्ठन्ति,अश्ववशाङ्गयष्टि,
ममैते,:मम,एते,
अहमेवाह्वयामि|,:अहम्,एव,आह्वयामि|,
सूर्येणैव,:सूर्येण,एव,
(कर्णमुपगम्य),:(कर्णम्,उपगम्य),
प्रीतोऽस्मि,:प्रीतः,अस्मि,
कृतार्थगणनामहमद्य,:कृतार्थगणनाम्,अहम्,अद्य,
दीर्घायुर्भविष्यति|,:दीर्घायुः,भविष्यति|,
दीर्घायुर्भवेति|,:दीर्घायुः,भव,इति|,
एतदेव,:एतद्,एव,
किमिच्छसि|,:किम्,इच्छसि|,
[गोसहस्रमिति|,:[गोसहस्रम्,इति|,
नेच्छामि,:न,इच्छामि,
नेच्छामि|],:न,इच्छामि|],
नेच्छति,:न,इच्छति,
इदमपि,:इदम्,अपि,
मुहूर्तकमारोहामि|,:मुहूर्तकम्,आरोहामि|,
नेच्छामि,:न,इच्छामि,
नेच्छामि|],:न,इच्छामि|],
नेच्छति,:न,इच्छति,
अन्यदपि,:अन्यत्,अपि,
वृन्दमेतद्ददामि,:वृन्दम्,एतत्,ददामि,
मुहूर्तकमारोहामि|,:मुहूर्तकम्,आरोहामि|,
नेच्छामि,:न,इच्छामि,
नेच्छामि|],:न,इच्छामि|],
नेच्छति,:न,इच्छति,
अन्यदपि,:अन्यत्,अपि,
नेच्छामि|,:न,इच्छामि|,
नेच्छामि|],:न,इच्छामि|],
अन्यदपि,:अन्यत्,अपि,
सहैव,:सह,एव,
देवासुरैरपि,:देवासुरैः,अपि,
एवास्य,:एव,अस्य,
खल्वनेककपटबुद्धेः,:खलु,अनेककपटबुद्धेः,
कृष्णस्योपायः|,:कृष्णस्य,उपायः|,
सोऽपि,:सः,अपि,
धिगयुक्तमनुशोचितुम्|,:धिग्,अयुक्तम्,अनुशोचितुम्|,
नास्ति,:न,अस्ति,
तथैव,:तथा,एव,
सर्वदेवैर्यत्,:सर्वदेवैः,यत्,
मयानुष्ठितम्|,:मया,अनुष्ठितम्|,
पुरन्दरेणानुगृहीतोऽसि|,:पुरन्दरेण,अनुगृहीतः,असि|,
कर्णः---ब्राह्मणवचनमिति|,:कर्णः---ब्राह्मणवचनम्,इति|,
मयातिक्रान्तपूर्वम्|,:मया,अतिक्रान्तपूर्वम्|,
अनुगृहीतोऽस्मि|,:अनुगृहीतः,अस्मि|,
यावद्रथमारोहावः|,:यावत्,रथम्,आरोहावः|,
खल्विदम्,:खलु,इदम्,
यथाबलमद्य,:यथाबलम्,अद्य,
भूमिमेकः,:भूमिम्,एकः,
कर्णभारमवसितम्,:कर्णभारम्,अवसितम्,
