पायादुपेन्द्रस्य,:पायात्,उपेन्द्रस्य,
नमुचिर्येन,:नमुचिः,येन,
एवमार्यमिश्रान्,:एवम्,आर्यमिश्रान्,
मन्त्रयितुमिच्छामि|,:मन्त्रयितुम्,इच्छामि|,
(परिक्रम्यावलोक्य),:(परिक्रम्य,अवलोक्य),
एवाभिवर्तते|,:एव,अभिवर्तते|,
उद्धूतरोषमिव,:उद्धूतरोषम्,इव,
त्वमवरोधनम्|,:त्वम्,अवरोधनम्|,
काञ्चुकीयः---यदाज्ञापयति,:काञ्चुकीयः---यद्,आज्ञापयति,
ममैकादशाक्षौहिणीबलसमुदयः|,:मम,एकादश,अक्षौहिणीबलसमुदयः|,
सेनापतिर्भवितुमर्हति|,:सेनापतिः,भवितुम्,अर्हति|,
किमाहतुर्भवन्तौ,:किम्,आहतुः,भवन्तौ,
खल्वयमर्थः|,:खलु,अयम्,अर्थः|,
वक्तव्यमिति|,:वक्तव्यम्,इति|,
सदृशमेतत्|,:सदृशम्,एतत्|,
मन्त्रशालामेव,:मन्त्रशालाम्,एव,
प्रविशामस्तावत्|,:प्रविशामः,तावत्|,
एतच्चर्मासनम्,:एतत्,चर्मासनम्,
किमिति,:किम्,इति,
नन्वयमहमासे|,:ननु,अयम्,अहम्,आसे|,
त्वमप्यास्स्व|,:त्वम्,अपि,आस्स्व|,
ममैकादशाक्षौहिणीबलसमुदयः|,:मम,एकादश,अक्षौहिणीबलसमुदयः|,
सेनापतिर्भवितुमर्हतीति|,:सेनापतिः,भवितुम्,अर्हति,इति|,
किमाहतुर्भवन्तौ-अत्रभवान्,:किम,आहतुः,भवन्तौ-अत्रभवान्,
वक्ष्यतीति|,:वक्ष्यति,इति|,
मातुलेनाभिधीयताम्|,:मातुलेन,अभिधीयताम्|,
किमाह,:किम्,आह,
कोऽन्यः,:कः,अन्यः,
सेनापतिर्भवितुमर्हतीति|,:सेनापतिः,भवितुम्,अर्हति,इति|,
सम्यगाह,:सम्यक्,आह,
वयमप्येतदभिलषामः|,:वयम्,अपि,एतत्,अभिलषामः|,
दौत्येनागतः,:दौत्येन,आगतः,
दामोदरस्तव,:दामोदरः,तव,
गोपालकस्तव,:गोपालकः,तव,
बार्हद्रथापहृतविषयकीर्तिभोगस्तव,:बार्हद्रथापहृतविषयकीर्तिभोगः,तव,
पार्थिवासन्नमाश्रितस्य,:पार्थिवासन्नम्,आश्रितस्य,
खल्वस्य,:खलु,अस्य,
मनुष्याणामस्त्येव,:मनुष्याणाम्,अस्ति,एव,
उत्तिष्ठोत्तिष्ठ|,:उत्तिष्ठ,उत्तिष्ठ|,
काञ्चुकीयः---अनुगृहीतोऽस्मि|,:काञ्चुकीयः---अनुगृहीतः,अस्मि|,
प्रसन्नोऽस्मि|,:प्रसन्नः,अस्मि|,
एवमेष्टव्यम्|,:एवम्,एष्टव्यम्|,
अयमेव,:अयम्,एव,
दौत्येनागतस्य,:दौत्येन,आगतस्य,
किमाहुर्भवन्तः,:किम्,आहुः,भवन्तः,
ग्रहणमस्यात्र,:ग्रहणम्,अस्य,अत्र,
ग्रहणमुपगते,:ग्रहणम्,उपगते,
गतिमतिरहितेषु,:गतिम्,अतिरहितेषु,
क्षितिरखिलापि,:क्षितिः,अखिलापि,
भवेन्ममासपत्ना,:भवेत्,मम,असपत्ना,
योऽत्र,:यः,अत्र,
ममाप्रत्युत्थानस्योपायः|,:मम,अप्रत्युत्थानस्य,उपायः|,
द्रौपदीकेशाम्बरावकर्षणमालिखितम्|,:द्रौपदीकेशाम्बरावकर्षणम्,आलिखितम्|,
नोत्थास्यामि,:न,उत्थास्यामि,
काञ्चुकीयः---यदाज्ञापयति,:काञ्चुकीयः---यद्,आज्ञापयति,
दुर्योधनः---ममाग्रतः,:दुर्योधनः---मम,अग्रतः,
काञ्चुकीयः---यदाज्ञापयति,:काञ्चुकीयः---यद्,आज्ञापयति,
चन्द्रलेखेव,:चन्द्रलेखा,इव,
करोत्यपाङ्गविक्षेपैः,:करोति,अपाङ्गविक्षेपैः,
इदानीमर्जुनः,:इदानीम्,अर्जुनः,
उत्सादयिष्यन्निव,:उत्सादयिष्यन्,इव,
हरिमिव,:हरिम्,इव,
तेजसाभिप्रयातौ,:तेजसा,अभिप्रयातौ,
कुमारावुपेत्य,:कुमारौ,उपेत्य,
नीचोऽहमेव,:नीचः,अहम्,एव,
परित्यजतमद्य,:परित्यजतम्,अद्य,
द्यूताधिकारमवमानममृष्यमाणाः,:द्यूताधिकारम्,अवमानम्,अमृष्यमाणाः,
एतावाचार्यपितामहौ,:एतौ,आचार्यपितामहौ,
प्रीतोऽस्मि|,:प्रीतः,अस्मि|,
कोऽत्र|,:कः,अत्र|,
काञ्चुकीयः---यदाज्ञापयति,:काञ्चुकीयः---यद्,आज्ञापयति,
किलाद्य,:किल,अद्य,
वचनादिह,:वचनात्,इह,
त्वमपि,:त्वम्,अपि,
काञ्चुकीयश्च),:काञ्चुकीयः,च),
मयाप्यनुचितदौत्यसमयोऽनुष्ठितः|,:मया,अपि,अनुचितदौत्यसमयः,अनुष्ठितः|,
चण्डानिलैश्च,:चण्डानिलैः,च,
शस्त्रैरुपचिताः,:शस्त्रैः,उपचिताः,
स्फीतमेतत्,:स्फीतम्,एतत्,
स्वजनपरिभवादासन्नविलयम्,:स्वजनपरिभवात्,आसन्नविलयम्,
नैव,:न,एव,
किमथ,:किम्,अथ,
प्रवेष्टुमर्हति,:प्रवेष्टुम्,अर्हति,
नन्वहमाज्ञप्ता|,:ननु,अहम्,आज्ञप्ता|,
किमास्से|,:किम्,आस्से|,
कृत्वाप्यासीनोऽस्मि,:कृत्वा,अपि,आसीनः,अस्मि,
चलितोऽस्म्यासनादहम्,:चलितः,अस्मि,आसनात्,अहम्,
एतदासनमास्यताम्|,:एतत्,आसनम्,आस्यताम्|,
वयमप्युपविशामः|,:वयम्,अपि,उपविशामः|,
द्रौपदीकेशघर्षणमत्रालिखितम्|,:द्रौपदीकेशघर्षणम्,अत्र,आलिखितम्|,
काञ्चुकीयः---यदाज्ञापयति,:काञ्चुकीयः---यद्,आज्ञापयति,
वायुसुतश्च,:वायुसुतः,च,
तावश्विसुतौ,:तौ,अश्विसुतौ,
किमथ,:किम्,अथ,
अस्माकमपि,:अस्माकम्,अपि,
दायाद्यमिति|,:दायाद्यम्,इति|,
मुनिशापमाप्तवान्|,:मुनिशापम्,आप्तवान्|,
प्रभृत्येव,:प्रभृति,एव,
कर्तुमर्हति,:कर्तुम्,अर्हति,
भवानपकृष्य,:भवान्,अपकृष्य,
सहृदयैर्जित्वा,:सहृदयैः,जित्वा,
तल्लोके,:तत्,लोके,
पुनर्दीनाय,:पुनः,दीनाय,
चेन्नृपतित्वमाप्तुमचिरात्,:चेत्,नृपतित्वम्,आप्तुम्,अचिरात्,
शमायाश्रमम्,:शमाय,आश्रमम्,
परुषमभिधातुम्|,:परुषम्,अभिधातुम्|,
पुण्यसञ्चयसम्प्राप्तामधिगम्य,:पुण्यसञ्चयसम्प्राप्ताम्,अधिगम्य,
वञ्चितस्त्वया,:वञ्चितः,त्वया,
अलमात्मस्तवेन|,:अलम्,आत्मस्तवेन|,
शौर्यमेतत्|,:शौर्यम्,एतत्|,
मगधेश्वरेऽथ|,:मगधेश्वरे,अथ|,
तदेतत्,:तत्,एतत्,
तवासीत्,:तव,आसीत्,
तावदस्मद्गतः,:तावत्,अस्मद्गतः,
स्वकार्यमनुष्ठीयताम्|,:स्वकार्यम्,अनुष्ठीयताम्|,
लोकयोरुभयोरपि,:लोकयोः,उभयोः,अपि,
पिष्टपेषणमेतावत्,:पिष्टपेषणम्,एतावत्,
जानीषेऽर्जुनस्य,:जानीषे,अर्जुनस्य,
वपुरास्थितः,:वपुः,आस्थितः,
पशुपतिर्युद्धेन,:पशुपतिः,युद्धेन,
शरैश्छादिता|,:शरैः,छादिता|,
नन्वेकेन,:ननु,एकेन,
तवापि,:तव,अपि,
फल्गुनेनैव,:फल्गुनेन,एव,
दातुमर्हसि,:दातुम्,अर्हसि,
त्वद्वचोभिर्न,:त्वद्वचोभिः,न,
तृणमपि,:तृणम्,अपि,
गोवृषमेव,:गोवृषम्,एव,
मल्लानपि,:मल्लान्,अपि,
वक्तुमिच्छसि,:वक्तुम्,इच्छसि,
अभाष्यस्त्वम्|,:अभाष्यः,त्वम्|,
कुरुवंशोऽयमचिरान्नाशमेष्यति,:कुरुवंशः,अयम्,अचिरात्,नाशम्,एष्यति,
गच्छामस्तावत्|,:गच्छामः,तावत्|,
दूतसमुदाचारमतिक्रान्तः,:दूतसमुदाचारम्,अतिक्रान्तः,
कथमशक्ताः|,:कथम्,अशक्ताः|,
खल्वसि|,:खलु,असि|,
पशुपकुलनिवासादानुजीव्यानभिज्ञः|,:पशुपकुलनिवासात्,अनुजीव्यानभिज्ञः|,
अयमाशक्तः|,:अयम्,अशक्तः|,
अहमेव,:अहम्,एव,
पाशैर्बध्नामि|,:पाशैः,बध्नामि|,
(विश्वरूपमास्थितः|),:(विश्वरूपम्,आस्थितः|),
मयाद्य,:मया,अद्य,
तिष्ठेदानीम्|,:तिष्ठ,इदानीम्|,
तिष्ठेदानीम्|,:तिष्ठ,इदानीम्|,
एकेनैकः,:एकेन,एकः,
स्वयमेव,:स्वयम्,एव,
पाशैर्बद्धाः,:पाशैः,बद्धाः,
कार्यमहमेव,:कार्यम्,अहम्,एव,
इतस्तावत्|,:इतः,तावत्|,
कस्याद्य,:कस्य,अद्य,
अव्यक्तादिरचिन्त्यात्मा,:अव्यक्तादिः,अचिन्त्यात्मा,
एकोऽनेकवपुः,:एकः,अनेकवपुः,
दूतसमुदाचारेणोपस्थितः|,:दूतसमुदाचारेण,उपस्थितः|,
खल्वापः,:खलु,आपः,
खल्वापः|,:खलु,आपः|,
आपस्तावत्|,:आपः,तावत्|,
(आचम्योपसृत्य),:(आचम्य,उपसृत्य),
सुदर्शनः---अनुगृहीतोऽस्मि|,:सुदर्शनः---अनुगृहीतः,अस्मि|,
भगवानाज्ञापयतु|,:भगवान्,आज्ञापयतु|,
नाशक्यमस्ति,:न,अशक्यम्,अस्ति,
इतस्तावत्|,:इतः,तावत्|,
तवाद्य,:तव,अद्य,
पुनर्विचार्य),:पुनः,विचार्य),
नावेक्षितः|,:न,अवेक्षितः|,
स्वनिलयमेव|,:स्वनिलयम्,एव|,
सुदर्शनः---यदाज्ञापयति,:सुदर्शनः---यद्,आज्ञापयति,
खल्वत्रभवान्|,:खलु,अत्रभवान्|,
चारुविद्युल्लतेव,:चारुविद्युल्लता,इव,
स्वनिलयमेव|,:स्वनिलयम्,एव|,
निपतन्त्यसुराङ्गनानाम्,:निपतन्ति,असुराङ्गनानाम्,
महोल्केव,:महोल्का,इव,
विभात्ययम्,:विभाति,अयम्,
खरांशोरपहसिततनुः,:खरांशोः,अपहसिततनुः,
करैर्नन्दकाख्यः,:करैः,नन्दकाख्यः,
सैषा,:सा,एषा,
स्वस्थानमेवात्र,:स्वस्थानम्,एव,अत्र,
अतितपत्यादित्यः|,:अतितपति,आदित्यः|,
खल्विदम्|,:खलु,इदम्|,
वरोऽपि,:वरः,अपि,
स्वनिलयमेव|,:स्वनिलयम्,एव|,
देवाश्च,:देवाः,च,
रुष्टेऽच्युते,:रुष्टे,अच्युते,
मेरुगुहामेव,:मेरुगुहाम्,एव,
वासुदेवः---यावदहमपि,:वासुदेवः---यावत्,अहम्,अपि,
पाण्डवशिबिरमेव,:पाण्डवशिबिरम्,एव,
स्थितोऽस्मि|,:स्थितः,अस्मि|,
तवाधुना|,:तव,अधुना|,
एतन्मे,:एतत्,मे,
पतितोऽत्रभवान्|,:पतितः,अत्रभवान्|,
उतिष्ठोत्तिष्ठ|,:उतिष्ठ,उत्तिष्ठ|,
धृतराष्ट्रः---अनुगृहीतोऽस्मि|,:धृतराष्ट्रः---अनुगृहीतः,अस्मि|,
प्रियमुपहरामि|,:प्रियम्,उपहरामि|,
किमतः,:किम्,अतः,
परमिच्छामि|,:परम्,इच्छामि|,
पुनर्दर्शनाय|,:पुनः,दर्शनाय|,
धृतराष्ट्रः---यदाज्ञापयति,:धृतराष्ट्रः---यत्,आज्ञापयति,
