पायादुपायशतयुक्तिकरः,:पायात्,उपायशतयुक्तिकरः,
एवमार्यमिश्रान्,:एवम्,आर्यमिश्रान्,
तदनन्तरमुपगतभीष्मवधामर्षितैर्धार्तराष्ट्रैः,:तदनन्तरम्,उपगतभीष्मवधामर्षितैः,धार्तराष्ट्रैः,
कुमारोऽभिमन्युः|,:कुमारः,अभिमन्युः|,
दिशमीक्षमाणाः|,:दिशम्,ईक्षमाणाः|,
योधस्यन्दनवाजिवारणवधैर्विक्षोभ्य,:योधस्यन्दनवाजिवारणवधैः,विक्षोभ्य,
नराधिपशतैर्वेगागतैः,:नराधिपशतैः,वेगागतैः,
सहसैवोत्सङ्गमारोपितः,:सहसा,एव,उत्सङ्गम्,आरोपितः,
प्रियमिति,:प्रियम्,इति,
पुनर्ज्ञायते,:पुनः,ज्ञायते,
भविष्यतीति|],:भविष्यति,इति|],
अद्याभिमन्युनिधनाज्जनितप्रकोपः,:अद्य,अभिमन्युनिधनात्,जनितप्रकोपः,
विनाशमवाप्य,:विनाशम्,अवाप्य,
ईदृशेऽपि,:ईदृशे,अपि,
गतोऽसि|],:गतः,असि|],
वैधव्यमादिष्टम्|),:वैधव्यम्,आदिष्टम्|),
जयत्रातोऽस्मि|,:जयत्रातः,अस्मि|,
केनाभिमन्युर्निहतः,:केन,अभिमन्युः,निहतः,
जीवितमप्रियम्|,:जीवितम्,अप्रियम्|,
पाण्डवाग्नीनामात्मा,:पाण्डवाग्नीनाम्,आत्मा,
केनेन्धनीकृतः,:केन,इन्धनीकृतः,
समागतैर्निहतः,:समागतैः,निहतः,
कुमारोऽभिमन्युः|,:कुमारः,अभिमन्युः|,
स्यात्तु,:स्यात्,तु,
(तच्छ्रुत्वा,:(तत्,श्रुत्वा,
धृतराष्ट्रः---कैषा,:धृतराष्ट्रः---का,एषा,
गाण्डीविबाणानामात्मा,:गाण्डीविबाणानाम्,आत्मा,
ह्यनुजानात्,:हि,अनुजानात्,
अहमपि,:अहम्,अपि,
किमभिधास्यसि|,:किम्,अभिधास्यसि|,
वेषग्रहणमहमप्युपधारयिष्यामीति|),:वेषग्रहणम्,अहम्,अपि,उपधारयिष्यामि,इति|),
धृतराष्ट्रः---सत्यमाह,:धृतराष्ट्रः---सत्यम्,आह,
कृष्णस्याष्टभुजोपधानरचिते,:कृष्णस्य,अष्टभुजोपधानरचिते,
योऽङ्के,:यः,अङ्के,
इहोपलप्स्यति,:इह,उपलप्स्यति,
स्वैर्दुष्कृतैर्जीवितम्,:स्वैः,दुष्कृतैः,जीवितम्,
वार्जुनसमीपे,:वा,अर्जुनसमीपे,
वृत्तमेतत्|,:वृत्तम्,एतत्|,
धृतराष्ट्रः---कथमर्जुनोऽपि,:धृतराष्ट्रः---कथम्,अर्जुनः,अपि,
तत्रासीत्|,:तत्र,आसीत्|,
वृत्तमेतत्|,:वृत्तम्,एतत्|,
बालभावाददृष्टदोषः,:बालभावात्,अदृष्टदोषः,
संग्राममवतीर्णः,:संग्रामम्,अमवतीर्णः,
कुमारोऽभिमन्युः|,:कुमारः,अभिमन्युः|,
युक्तरूपोऽस्य,:युक्तरूपः,अस्य,
किमनुतिष्ठन्ति|,:किम्,अनुतिष्ठन्ति|,
देहमारोपयन्त्यर्जुनदर्शनार्थम्|,:देहम्,आरोपयन्ति,अर्जुनदर्शनार्थम्|,
नामान्युपधारयन्ति,:नामानि,उपधारयन्ति,
यैस्तस्य,:यैः,तस्य,
तदागम्यताम्|,:तत्,आगम्यताम्|,
गड्गाकूलमेव,:गड्गाकूलम्,एव,
अद्यैव,:अद्य,एव,
स्वेनापराधेन,:स्वेन,अपराधेन,
तवात्मजेभ्यः|,:तव,आत्मजेभ्यः|,
त्वस्मि,:तु,अस्मि,
शकुनिश्च|),:शकुनिः,च|),
यातोऽभिमन्युनिधनात्,:यातः,अभिमन्युनिधनात्,
उन्मूलितोऽस्य,:उन्मूलितः,अस्य,
मयाद्य,:मया,अद्य,
सममभ्युदयेन,:समम्,अभ्युदयेन,
जयद्रथबलेनाक्रम्य,:जयद्रथबलेन,आक्रम्य,
प्राप्तैश्च,:प्राप्तैः,च,
भीष्मपतनादस्माभिरद्याहवे,:भीष्मपतनात्,अस्माभिः,अद्य,आहवे,
जयद्रथेनाद्य,:जयद्रथेन,अद्य,
नृपैरसंभावितमात्मपौरुषम्|,:नृपैः,असंभावितम्,आत्मपौरुषम्|,
यदनेन,:यत्,अनेन,
इतस्तावत्|,:इतः,तावत्|,
इतस्तावत्|,:इतः,तावत्|,
तातमभिवादयिष्यामः|,:तातम्,अभिवादयिष्यामः|,
मैवम्|,:मा,एवम्|,
कुलविग्रहोऽयमस्मांश्च,:कुलविग्रहः,अयम्,अस्मान्,च,
युद्धोत्थितैर्जयमवाप्य,:युद्धोत्थितैः,जयम्,अवाप्य,
प्रहृष्टवदनैरभिगन्तुमेनम्,:प्रहृष्टवदनैः,अभिगन्तुम्,एनम्,
मैवम्|,:मा,एवम्|,
तातमभिवादयिष्यामः|,:तातम्,अभिवादयिष्यामः|,
दुर्योधनोऽहमभिवादये|,:दुर्योधनः,अहम्,अभिवादये|,
दुश्शासनोऽहमभिवादये|,:दुश्शासनः,अहम्,अभिवादये|,
शकुनिः---शकुनिरहमभिवादये|,:शकुनिः---शकुनिः,अहम्,अभिवादये|,
कथमाशीर्वचनमिति|,:कथम्,आशीर्वचनम्,इति|,
कथमाशीः,:कथम्,आशीः,
कुलेऽस्मिन्,:कुले,अस्मिन्,
पुत्रशताद्विशिष्टा|,:पुत्रशतात्,विशिष्टा|,
चात्र,:च,अत्र,
खल्वन्यैः.,:खलु,अन्यैः.,
समवेतानामेकस्मिन्निर्घृणात्मनाम्,:समवेतानाम्,एकस्मिन्,निर्घृणात्मनाम्,
छलैर्हत्वा,:छलैः,हत्वा,
तमबालपराक्रमम्,:तम्,अबालपराक्रमम्,
निपातनमभिमन्योश्च,:निपातनम्,अभिमन्योः,च,
स्वेनोपदेशेन,:स्वेन,उपदेशेन,
कुरुवंशनाथश्छिन्नोऽर्जुनस्य,:कुरुवंशनाथः,छिन्नः,अर्जुनस्य,
सूर्येणेवाभ्यागतैरंशुजालैः,:सूर्येणे,इव,अभ्यागतैः,अंशुजालैः,
बालेनैकेन,:बालेन,एकेन,
तावद्भोः!,:तावत्,भोः!,
धृतराष्ट्रः---तत्करिष्यति,:धृतराष्ट्रः---तत्,करिष्यति,
अर्जुनमपि,:अर्जुनम्,अपि,
अहमपि,:अहम्,अपि,
किन्तु|,:किम्,तु|,
केऽर्जुनस्य,:के,अर्जुनस्य,
यस्तर्पितः,:यः,तर्पितः,
विद्यारक्षितमद्य,:विद्यारक्षितम्,अद्य,
दुर्योधनः---यद्येतद्वीर्यमर्जुनस्य,:दुर्योधनः---यदि,एतत्,वीर्यम्,अर्जुनस्य,
प्रतियोद्धारोऽर्जुनस्य|,:प्रतियोद्धारः,अर्जुनस्य|,
शक्रापनीतकवचोऽर्धरथः,:शक्रापनीतकवचः,अर्धरथः,
कर्णोऽर्जुनस्य,:कर्णः,अर्जुनस्य,
भवानस्मानवधीरयितुम्|,:भवान्,अस्मान्,अवधीरयितुम्|,
धृतराष्ट्रः--शकुनिरेष,:धृतराष्ट्रः--शकुनिः,एष,
कुलस्यास्य,:कुलस्य,अस्य,
वैराग्निर्बालेष्वपि,:वैराग्निः,बालेषु,अपि,
सहसोत्थितः|,:सहसा,उत्थितः|,
उल्काभिश्च,:उल्काभिः,च,
प्रज्वालितमिवाम्बरम्,:प्रज्वालितम्,इव,अम्बरम्,
पौत्रमायस्तचेतसः|,:पौत्रम्,आयस्तचेतसः|,
पतन्त्येते,:पतन्ति,एते,
महेन्द्रस्याश्रुबिन्दवः,:महेन्द्रस्य,अश्रुबिन्दवः,
भटः---यदाज्ञापयति|,:भटः---यत्,आज्ञापयति|,
पुत्रमङ्कस्थमश्रुभिः,:पुत्रम्,अङ्कस्थम्,अश्रुभिः,
किलानेन|,:किल,अनेन|,
दुर्योधनः---किमिति,:दुर्योधनः---किम्,इति,
किमिति|,:किम्,इति|,
तस्यैव,:तस्य,एव,
व्यवसायतुष्टहृदयैस्तद्विक्रमोत्साहिभिस्तुष्टास्यैर्जितमित्यवेक्ष्य,:व्यवसायतुष्टहृदयैः,तद्विक्रमोत्साहिभिः,तुष्टास्यैः,जितम्,इति,अवेक्ष्य,
प्रहर्षात्कृतः|,:प्रहर्षात्,कृतः|,
गुरुभिर्धराधरवरैः,:गुरुभिः,धराधरवरैः,
पार्थिवैर्भूमिश्चागतसंभ्रमेव,:पार्थिवैः,भूमिः,चागतसंभ्रमा,इव,
युवतिस्तस्मिन्,:युवतिः,तस्मिन्,
किमनेन,:किम्,अनेन,
सूर्येऽस्तमसम्प्राप्ते,:सूर्ये,अस्तम्,असम्प्राप्ते,
तानहम्,:तान्,अहम्,
वयमपि,:वयम्,अपि,
प्रयत्नमनुतिष्ठामः|,:प्रयत्नम्,अनुतिष्ठामः|,
खिन्नाशयास्ते,:खिन्नाशयाः,ते,
सर्वत्रानुगमिष्यन्ति,:सर्वत्र,अनुगमिष्यन्ति,
शरास्ते,:शराः,ते,
ब्रूयान्न,:ब्रूयान्,न,
दिदृक्षुरद्यारिमनार्यचेतसम्|,:दिदृक्षुः,अद्य,अरिम्,अनार्यचेतसम्|,
विचिन्तयंश्चक्रधरस्य,:विचिन्तयन्,चक्रधरस्य,
इदमस्योपस्थानगृहद्वारम्|,:इदम्,अस्य,उपस्थानगृहद्वारम्|,
यावदवतरामि|,:यावत्,अवतरामि|,
हैडिम्बोऽस्मि,:हैडिम्बः,अस्मि,
स्वचरितैर्दोषैर्गतः,:स्वचरितैः,दोषैः,गतः,
एह्येहि,:एहि,एहि,
अयमत्रभवान्,:अयम्,अत्रभवान्,
अनार्यशतस्योत्पादयिता|,:अनार्यशतस्य,उत्पादयिता|,
आश्चर्यमाश्चर्यम्|,:आश्चर्यम्,आश्चर्यम्|,
वृद्धोऽप्यनाततवलीगुरुसंहतांसः,:वृद्धः,अपि,अनाततवलीगुरुसंहतांसः,
सुरैस्त्रिदिवरक्षणजातशङ्कैस्त्रासान्निमीलितमुखोऽत्रभवान्,:सुरैः,त्रिदिवरक्षणजातशङ्कैः,त्रासात्,निमीलितमुखः,अत्रभवान्,
अयमक्रमः|,:अयम्,अक्रमः|,
युधिष्ठिरादयश्च,:युधिष्ठिरादयः,च,
भवन्तमभिवादयन्ति|,:भवन्तम्,अभिवादयन्ति|,
पश्चाद्धटोत्कचोऽहमभिवादये|,:पश्चात्,घटोत्कचः,अहम्,अभिवादये|,
धृतराष्ट्रः---एह्येहि,:धृतराष्ट्रः---एहि,एहि,
ममापि,:मम,अपि,
व्यथितस्तवात्मा|,:व्यथितः,तव,आत्मा|,
खल्वत्रभवान्|,:खलु,अत्रभवान्|,
पितामहमाह,:पितामहम्,आह,
भगवांश्चक्रायुधः|,:भगवान्,चक्रायुधः|,
धृतराष्ट्रः---(आसनादुत्थाय|),:धृतराष्ट्रः---(आसनात्,उत्थाय|),
कमाज्ञापयति,:कम्,आज्ञापयति,
भगवांश्चक्रायुधः|,:भगवान्,चक्रायुधः|,
आसनस्थेनैव,:आसनस्थेन,एव,
धृतराष्ट्रः---यदाज्ञापयति,:धृतराष्ट्रः---यत्,आज्ञापयति,
भगवांश्चक्रायुधः|,:भगवान्,चक्रायुधः|,
मामपि,:माम्,अपि,
द्रष्टुमाशया,:द्रष्टुम्,आशया,
स्वर्गमभिगतोऽसि|,:स्वर्गम्,अभिगतः,असि|,
एकपुत्रविनाशादर्जुनस्य,:एकपुत्रविनाशात्,अर्जुनस्य,
तावदीदृशी,:तावत्,ईदृशी,
खल्ववस्था,:खलु,अवस्था,
पुत्रशोकसमुत्थितोऽग्निर्न,:पुत्रशोकसमुत्थितः,अग्निः,न,
हविरिति|,:हविः,इति|,
कृष्णेनैतदुदाहृतम्|,:कृष्णेन,एतत्,उदाहृतम्|,
पश्यामीव,:पश्यामि,इव,
हास्यमभिधानम्|,:हास्यम्,अभिधानम्|,
घटोत्कचः---किमेतद्धास्यते|,:घटोत्कचः---किम्,एतत्,हास्यते|,
दुर्योधनः---एतद्धास्यते|,:दुर्योधनः---एतत्,हास्यते|,
देवैर्मन्त्रयते,:देवैः,मन्त्रयते,
पार्थेनैकेन,:पार्थेन,एकेन,
प्रेषितश्चक्रपाणिना|,:प्रेषितः,चक्रपाणिना|,
पार्थकर्मेदमहो,:पार्थकर्म,इदम्,अहो,
तवैव,:तव,एव,
भवतापि,:भवता,अपि,
भीष्माग्रहस्ताद्धृतम्|,:भीष्माग्रहस्तात्,धृतम्|,
पार्थिवपार्थिवस्तव,:पार्थिवपार्थिवः,तव,
वाऽराजा,:वा,अराजा,
वाऽबली|,:वा,अबली|,
बहुनात्र,:बहुना,अत्र,
किमुक्तेन,:किम्,उक्तेन,
किमाह,:किम्,आह,
किमथ,:किम्,अथ,
प्रभुरेव,:प्रभुः,एव,
भगवांश्चक्रायुधः|,:भगवान्,चक्रायुधः|,
अवसितमवगच्छ,:अवसितम्,अवगच्छ,
चास्तु,:च,अस्तु,
तनयविनाशादुद्यतोग्रास्त्रमुक्तैः,:तनयविनाशात्,उद्यतोग्रास्त्रमुक्तैः,
कश्चित्फल्गुनस्यातिभारः,:कश्चित्,फल्गुनस्य,अतिभारः,
स्याद्वाक्यमात्रेण,:स्यात्,वाक्यमात्रेण,
ह्यत्र,:हि,अत्र,
रतिरुग्रबलैश्च,:रतिः,उग्रबलैः,च,
राक्षसेभ्योऽपि,:राक्षसेभ्यः,अपि,
युद्धार्थमागतः|,:युद्धार्थम्,आगतः|,
दूतोऽहम्|,:दूतः,अहम्|,
नाहमभिमन्युरिह,:न,अहम्,अभिमन्युः,इह,
महानेष,:महान्,एष,
मुष्टिमुद्यम्य,:मुष्टिम्,उद्यम्य,
तिष्ठत्येष,:तिष्ठति,एष,
कश्चिद्गन्तुमिच्छेद्यमालयम्,:कश्चित्,गन्तुम्,इच्छेत्,यमालयम्,
दूतोऽहमस्मि|,:दूतः,अहम्,अस्मि|,
तथापि,:तथा,अपि,
किमिति,:किम्,इति,
किञ्चिदेव,:किञ्चित्,एव,
नृपशतच्छत्रावलीभिर्वृतस्तिष्ठ,:नृपशतच्छत्रावलीभिः,वृतः,तिष्ठ,
सर्वमिहानुतिष्ठ|,:सर्वम्,इह,अनुतिष्ठ|,
सममुपैष्यति,:समम्,उपैष्यति,
