प्रथमोऽङ्कः,:प्रथमः,अङ्कः,
योऽञ्जनसन्निभः,:यः,अञ्जनसन्निभः,
एवमार्यमिश्रान्,:एवम्,आर्यमिश्रान्,
पतत्यसौ,:पतति,असौ,
वृष्टिर्नदन्ति,:वृष्टिः,नदन्ति,
ब्रह्मलोकादिह,:ब्रह्मलोकात्,इह,
तन्त्रीश्च,:तन्त्रीः,च,
द्रष्टुमिहागतोऽस्मि,:द्रष्टुम्,इह,आगतः,अस्मि,
इयमत्रभवती,:इयम्,अत्रभवती,
स्वगृहान्निष्क्रामति,:स्वगृहात्,निष्क्रामति,
यैषा,:या,एषा,
गिरिमिव,:गिरिम्,इव,
सुरेन्द्रनाथोऽसुरवीर्यहन्ता,:सुरेन्द्रनाथः,असुरवीर्यहन्ता,
त्रिलोककेतुर्जगतश्च,:त्रिलोककेतुः,जगतः,च,
यावदहमपि,:यावत्,अहम्,अपि,
ब्रह्मलोकमेव,:ब्रह्मलोकम्,एव,
प्रत्यक्षीकुर्वन्त्यपि,:प्रत्यक्षीकुर्वन्ती,अपि,
एवागच्छति],:एव,आगच्छति],
खल्विदम्,:खलु,इदम्,
विद्युच्चण्डवातानुविद्धैर्नवजलदनिनादैर्मेदिनी,:विद्युच्चण्डवातानुविद्धैः,नवजलदनिनादैः,मेदिनी,
प्रजानामसुरसमितिहन्ता,:प्रजानाम्,असुरसमितिहन्ता,
विष्णुरद्यावतीर्णः,:विष्णुः,अद्य,अवतीर्णः,
[जयत्वार्यपुत्रः],:[जयतु,आर्यपुत्रः],
यावन्न,:यावत्,न,
गृहीत्वापक्रामामि,:गृहीत्वा,अपक्रामामि,
अहमपि,:अहम्,अपि,
खल्वयमायुष्मान्,:खलु,अयम्,अयुष्मान्,
गृहीत्वापक्रामामि,:गृहीत्वा,अपक्रामामि,
त्वयाप्यस्य,:त्वया,अपि,अस्य,
मृत्युर्भविष्यति,:मृत्युः,भविष्यति,
[गृह्णात्वार्यपुत्रः],:[गृह्णातु,आर्यपुत्रः],
त्वमभ्यन्तरम्,:त्वम्,अभ्यन्तरम्,
हृदयेनेह,:हृदयेन,इह,
तत्राङ्गैर्द्विधाभूतेव,:तत्र,अङ्गैः,द्विधाभूत,इव,
यावदहमपि,:यावत्,अहम्,अपि,
प्रथमसुतविनाशजातमन्युर्नृपतिभयाकुलितः,:प्रथमसुतविनाशजातमन्युः,नृपतिभयाकुलितः,
त्वरिततरमिह,:त्वरिततरम्,इह,
गिरिमिव,:गिरिम्,इव,
मन्दरमुद्वहन्,:मन्दरम्,उद्वहन्,
निष्क्रान्तोऽस्मि,:निष्क्रान्तः,अस्मि,
बलवांश्चायमन्धकारः,:बलवान्,च,अयम्,अन्धकारः,
लिम्पतीव,:लिम्पति,इव,
तमोऽङ्गानि,:तमः,अङ्गानि,
असत्पुरुषसेवेव,:असत्पुरुषसेवा,इव,
भवत्वहमस्य,:भवतु,अहम्,अस्य,
खङ्गमुत्कोशयति,:खङ्गम्,उत्कोशयति,
निवृत्त्यावलोक्य,:निवृत्त्य,अवलोक्य,
मार्गमपश्यतः,:मार्गम्,अपश्यतः,
अपक्रमणहेतोस्तु,:अपक्रमणहेतोः,तु,
यावदपक्रामामि,:यावत्,अपक्रामामि,
मनसापि,:मनसा,अपि,
भुजप्लवेनाशु,:भुजप्लवेन,अशु,
यावदपक्रामामि,:यावत्,अपक्रामामि,
निष्क्रान्तोऽस्मि,:निष्क्रान्तः,अस्मि,
कशाभिहतश्च,:कशाभिहतः,च,
तस्मादिह,:तस्मात्,इह,
न्यग्रोधपादपस्याधस्तात्,:न्यग्रोधपादपस्य,अधस्तात्,
एवागच्छतु,:एव,आगच्छतु,
महिषशतसंपातसदृशोऽहो,:महिषशतसंपातसदृशः,अहो,
रात्रिर्वर्तते,:रात्रिः,वर्तते,
ह्यर्धरात्रेऽस्माकं,:हि,अर्धरात्रे,अस्माकम्,
जातमात्रैवोद्गतप्राणा,:जातमात्र,एव,अपगतप्राणा,
गोपजनैरनुभूयमानमिति,:गोपजनैः,अनुभूयमानम्,इति,
मयैकाकिना,:मया,एकाकिना,
निर्गतोऽस्मि,:निर्गतः,अस्मि,
यशोदापि,:यशोदा,अपि,
नैव,:न,एव,
यावच्छब्दयामि,:यावत्,शब्दयामि,
इतस्तावत्,:इतः,तावत्,
श्रुतपूर्वेणेव,:श्रुतपूर्वेण,इव,
अलमन्यशङ्कया,:अलम्,अन्यशङ्कया,
इतस्तावत्,:इतः,तावत्,
यावदुपसर्प्स्यामि,:यावत्,उपसर्प्स्यामि,
श्रुत्वाऽपराद्धः,:श्रुत्वा,अपराद्धः,
कशाभिस्ताडयित्वा,:कशाभिः,ताडयित्वा,
निगलैर्बद्धोऽस्मि,:निगलैः,बद्धः,अस्मि,
तन्न,:तत्,न,
कृतमेकबन्धनम्,:कृतम्,एकबन्धनम्,
यावदुपसर्प्स्यामि,:यावत्,उपसर्प्स्यामि,
[परिजनमिति,:[परिजनम्,इति,
नास्ति,:न,अस्ति,
जातमात्रैवोद्गतप्राणा,:जातमात्र,एव,अपगतप्राणा,
गोपजनैरनुभूयमानमिति,:गोपजनैः,अनुभूयमानम्,इति,
मयैकाकिना,:मया,एकाकिना,
निर्गतोऽस्मि,:निर्गतः,अस्मि,
यशोदापि,:यशोदा,अपि,
नैव,:न,एव,
भर्ताज्ञापयति,:भर्ता,आज्ञापयति,
उत्तिष्ठोत्तिष्ठ,:उत्तिष्ठ,उत्तिष्ठ,
कृत्वोपगम्य,:कृत्वा,उपगम्य,
त्वमपि,:त्वम्,अपि,
नास्ति,:न,अस्ति,
गतमेव,:गतम्,एव,
तदेव,:तत्,एव,
यद्यस्मि,:यदि,अस्मि,
किञ्चिन्मया,:किञ्चित्,मया,
कालस्ते,:कालः,ते,
अशौचितोऽस्मि,:अशौचितः,अस्मि,
शुचिरेव,:शुचिः,एव,
वसुदेवः---कोऽत्र,:वसुदेवः---कः,अत्र,
भर्ताज्ञापयति,:भर्ता,आज्ञापयति,
सलिलधारोत्थिता],:सलिलधारा,उत्थिता],
वसुदेवः---बालस्यैव,:वसुदेवः---बालस्य,एव,
कृत्वोपसृत्यभट्टा!,:कृत्वा,उपसृत्यभट्टा!,
अयमस्मि],:अयम्,अस्मि],
समर्थोऽस्मि],:समर्थः,अस्मि],
गरुडश्च,:गरुडः,च,
शार्ङ्गायुधस्यास्य,:शार्ङ्गायुधस्य,अस्य,
ध्वजश्च,:ध्वजः,च,
चक्रोऽस्मि,:चक्रः,अस्मि,
चामृतमन्थने,:च,अमृतमन्थने,
शार्ङ्गोऽस्मि,:शार्ङ्गः,अस्मि,
यस्यार्थमाहवमुखेषु,:यस्य,अर्थम्,आहवमुखेषु,
मयारिसङ्घाः,:मया,अरिसङ्घाः,
हरेर्गदाहमाज्ञावशात्,:हरेः,गदा,अहम्,आज्ञावशात्,
सङ्ग्रामेष्वपराङ्मुखः,:सङ्ग्रामेषु,अपराङ्मुखः,
वयमपि,:वयम्,अपि,
मनुष्यलोकमवतीर्णस्य,:मनुष्यलोकम्,अवतीर्णस्य,
घोषमेवावतरिष्यामः,:घोषम्,एव,अवतरिष्यामः,
सर्वे---तथास्तु,:सर्वे---तथा,अस्तु,
विष्णुमुपस्थिताः,:विष्णुम्,उपस्थिताः,
भर्ताज्ञापयति],:भर्ता,आज्ञापयति],
वसुदेवः---सर्वमेतत्,:वसुदेवः---सर्वम्,एतत्,
भर्ताज्ञापयति],:भर्ता,आज्ञापयति],
अयमस्मि],:अयम्,अस्मि],
स्नेहोऽप्यस्मिन्नर्थ्यते,:स्नेहः,अपि,अस्मिन्,अर्थ्यते,
पतिर्भवति],:पतिः,भवति],
वसुदेवः---एवमस्तु,:वसुदेवः---एवम्,अस्तु,
भर्ताज्ञापयति],:भर्ता,आज्ञापयति],
यावदहमपि,:यावत्,अहम्,अपि,
मधुरामेव,:मधुराम्,एव,
गुरुत्वमस्याः,:गुरुत्वम्,अस्याः,
एतदपि,:एतत्,अपि,
यावदपक्रामामि,:यावत्,अपक्रामामि,
तथैव,:तथा,एव,
यावदपक्रामामि,:यावत्,अपक्रामामि,
निष्क्रान्तोऽस्मि,:निष्क्रान्तः,अस्मि,
एतन्नगरद्वारम्,:एतत्,नगरद्वारम्,
तथैव,:तथा,एव,
ज्येष्ठाश्रितमिव,:ज्येष्ठाश्रितम्,इव,
श्रियारूढमिव,:श्रियारूढम्,इव,
प्रथमोऽङ्कः,:प्रथमः,अङ्कः,
द्वितीयोऽङ्कः,:द्वितीयः,अङ्कः,
खल्विदम्,:खलु,इदम्,
यन्मेदिनी,:यत्,मेदिनी,
सन्तारनौरिव,:सन्तारनौः,इव,
प्रधानगुणकर्मफलैर्निमित्तैः,:प्रधानगुणकर्मफलैः,निमित्तैः,
तन्मे,:तत्,मे,
यस्मान्न,:यस्मात्,न,
प्रमदाश्चरन्ति,:प्रमदाः,चरन्ति,
खल्वेताश्चण्डालयुवतयः---,:खलु,एताः,चण्डालयुवतयः---,
हुतवहश्च,:हुतवहः,च,
मापवादवचनैः,:मा,अपवादवचनैः,
सहसैव,:सहसा,एव,
यावदिदानीमभ्यन्तरमेव,:यावत्,इदानीम्,अभ्यन्तरम्,एव,
सहसाञ्जनराशिवर्णः,:सहसा,अञ्जनराशिवर्णः,
ह्यहिपिङ्गलाक्षः,:हि,अहिपिङ्गलाक्षः,
महेश्वरमुखादिव,:महेश्वरमुखात्,इव,
वज्रबाहुर्नाम,:वज्रबाहुः,नाम,
श्मशानमध्यादहमागतोऽस्मि,:श्मशानमध्यात्,अहम्,आगतः,अस्मि,
हास्योऽसि,:हास्यः,असि,
सहसैव,:सहसा,एव,
यावदहमपि,:यावत्,अहम्,अपि,
शयनमुपगम्य,:शयनम्,उपगम्य,
खल्वस्य,:खलु,अस्य,
मामवधूय,:माम्,अवधूय,
प्रवेष्टुमिह,:प्रवेष्टुम्,इह,
तेऽद्य,:ते,अद्य,
मयाभिजुष्टम्,:मया,अभिजुष्टम्,
विष्णुराज्ञापयति,:विष्णुः,आज्ञापयति,
विष्णुराज्ञापयतीति,:विष्णुः,आज्ञापयति,इति,
मामयम्,:माम्,अयम्,
विष्णोराज्ञा,:विष्णोः,आज्ञा,
तस्मादहमपि,:तस्मात्,अहम्,अपि,
विष्णुसकाशमेव,:विष्णुसकाशम्,एव,
हन्तेदानीमिदमस्माकमावासः,:हन्त,इदानीम्,इदम्,अस्माकम्,आवासः,
खल्वहम्],:खलु,अहम्],
वर्तमानस्यापि,:वर्तमानस्य,अपि,
जनस्येह,:जनस्य,इह,
पुनर्मातङ्गीजनस्य],:पुनः,मातङ्गीजनस्य],
मयानुभूतः,:मया,अनुभूतः,
भर्ताज्ञापयति],:भर्ता,आज्ञापयति],
दैवतप्रतिमाश्च,:दैवतप्रतिमाः,च,
किमर्थमिति,:किम्,अर्थम्,इति,
राजा---कमिति,:राजा---किम्,इति,
कस्मिञ्जाते,:कस्मिन्,जाते,
काञ्चुकीयः--यदाज्ञापयति,:काञ्चुकीयः--यत्,आज्ञापयति,
ब्राह्मणवचनमनृतमपि,:ब्राह्मणवचनम्,अनृतम्,अपि,
वसुदेवस्तावदाहूयताम्,:वसुदेवः,तावत्,आहूयताम्,
काञ्चुकीयः---यदाज्ञापयति,:काञ्चुकीयः---यत्,आज्ञापयति,
श्रोष्यामस्तावत्,:श्रोष्यामः,तावत्,
आहूयमानोऽकरुणेन,:आहूयमानः,अकरुणेन,
इवास्वतन्त्रः,:इव,अस्वतन्त्रः,
स्मरतापि,:स्मरता,अपि,
स्मरतापि,:स्मरता,अपि,
उभाभ्यामपि,:उभाभ्याम्,अपि,
वयमाहूताः,:वयम्,आहूताः,
मयापि,:मया,अपि,
कुमाररक्षणार्थमनृतमपि,:कुमाररक्षणार्थम्,अनृतम्,अपि,
विज्ञापयति---दारिकेति,:विज्ञापयति---दारिका,इति,
बालेति,:बाला,इति,
महाराजेनानुक्रोशः],:महाराजेन,अनुक्रोशः],
स्त्रीणामधिकतरः,:स्त्रीणाम्,अधिकतरः,
दास्यामीति,:दास्यामि,इति,
निर्बन्धमभिधातुम्,:निर्बन्धम्,अभिधातुम्,
करिष्यामीति,:करिष्यामि,इति,
भर्ताज्ञापयति],:भर्ता,आज्ञापयति],
वसुदेवः---विविक्तमिच्छता,:वसुदेवः---विविक्तम्,इच्छता,
मयापि,:मया,अपि,
कुमारमेवानीय,:कुमारम्,एव,आनीय,
वधमवाप्स्यति,:वधम्,अवाप्स्यति,
यावदहमपि,:यावत्,अहम्,अपि,
भर्ताज्ञापयति],:भर्ता,आज्ञापयति],
रक्षिपुरुषाश्च,:रक्षिपुरुषाः,च,
शनैरार्या,:शनैः,आर्या,
प्रविशत्वार्या],:प्रविशतु,आर्या],
दारिकास्माभिश्चिरात्,:दारिका,अस्माभिः,चिरात्,
मयापि,:मया,अपि,
साहसमनुष्ठास्यामि,:साहसम्,अनुष्ठास्यामि,
शान्तिर्भविष्यति,:शान्तिः,भविष्यति,
भूमावेकांशो,:भूमौ,एकांशः,
दिवमुन्नतः,:दिवम्,उन्नतः,
निहन्तुमिहोद्भूतः,:निहन्तुम्,इह,उद्भूतः,
इयमिदानीम्,:इयम्,इदानीम्,
शूलमालम्ब्य,:शूलम्,आलम्ब्य,
कालरात्रिरिवोत्थिता,:कालरात्रिः,इव,उत्थिता,
सुरांस्तान्,:सुरान्,तान्,
शूलोऽस्मि,:शूलः,अस्मि,
भूतमिह,:भूतम्,इह,
जलनिधेरिव,:जलनिधेः,इव,
पराङ्मुखश्च,:पराङ्मुखः,च,
कार्यार्थमिहोपयातः,:कार्यार्थम्,इह,उपयातः,
यथैव,:यथा,एव,
तदागम्यताम्,:तत्,आगम्यताम्,
घोषमेवावतरिष्यामः,:घोषम्,एव,अवतरिष्यामः,
सर्वे---यदाज्ञापयति,:सर्वे---यत्,आज्ञापयति,
द्वितीयोऽङ्कः,:द्वितीयः,अङ्कः,
तृतीयोऽङ्कः,:तृतीयः,अङ्कः,
कुर्वदायातु,:कुर्वत्,आयातु,
शृङ्गलग्नैरिव,:शृङ्गलग्नैः,इव,
शशीव,:शशी,इव,
महीमुद्वहन्निव,:महीम्,उद्वहन्,इव,
सुस्थलेऽवतार्य,:सुस्थले,अवतार्य,
सहवत्सास्त्वमप्यागच्छ],:सहवत्साः,त्वम्,अपि,आगच्छ],
यावन्मातुलमुपसर्प्स्यामि,:यावत्,मातुलम्,उपसर्प्स्यामि,
[शान्तिर्भवतु,:[शान्तिः,भवतु,
प्रीतिर्वर्धते,:प्रीतिः,वर्धते,
अन्यच्च,:अन्यत्,च,
तावदेव,:तावत्,एव,
[अन्यच्चेदमाश्चर्यम्,:[अन्यत्,च,इदम्,आश्चर्यम्,
गृहीत्वागता,:गृहीत्वा,आगता,
ततस्तया,:ततः,तया,
तत्रैव,:तत्र,एव,
गृहीत्वागतः,:गृहीत्वा,आगतः,
तमपि,:तम्,अपि,
ज्ञात्वैकपादप्रहारेण,:ज्ञात्वा,एकपादप्रहारेण,
सोऽपि,:सः,अपि,
रुष्टाभिर्गोपयुवतीभिर्नन्दगोप्यै,:रुष्टाभिः,गोपयुवतीभिः,नन्दगोप्यै,
शेषमुलूखले,:शेषम्,उलूखले,
ततस्तदप्युलूखलमाघट्टयत्,:ततः,तत्,अपि,उलूखलम्,आघट्टयत्,
यमलार्जुनयोर्नाम,:यमलार्जुनयोः,नाम,
दानवयोर्निक्षिप्तम्,:दानवयोः,निक्षिप्तम्,
द्वावेकीभूतौ,:द्वौ,एकीभूतौ,
तयोरन्तरेण,:तयोः,अन्तरेण,
नन्दगोपपुत्रेणाघट्टयता,:नन्दगोपपुत्रेण,आघट्टयता,
तावपि,:तौ,अपि,
गोपजनैरुक्तं-,:गोपजनैः,उक्तम्,-,
महाबलपराक्रमोऽद्यप्रभृति,:महाबलपराक्रम्,अद्यप्रभृति,
गृहित्वागतः,:गृहित्वा,आगतः,
प्रहारेणोत्क्षिप्तचक्षुः,:प्रहारेण,उत्क्षिप्तचक्षुः,
सोऽपि,:सः,अपि,
तत्रैव,:तत्र,एव,
परिवृतस्तालफलानि,:परिवृतः,तालफलानि,
गृहीत्वागतः,:गृहीत्वा,आगतः,
ततस्तमपि,:ततः,तम्,अपि,
गृहीत्वोत्क्षिप्य,:गृहीत्वा,उत्क्षिप्य,
सोऽपि,:सः,अपि,
गृहीत्वागतः,:गृहीत्वा,आगतः,
ततस्तमपि,:ततः,तम्,अपि,
ततस्तेन,:ततः,तेन,
पाठितस्तुरङ्गः,:पाठितः,तुरङ्गः,
सोऽपि,:सः,अपि,
एतान्यन्यानि,:एतानि,अन्यानि,
भर्तृदामोदरोऽस्मिन्,:भर्तृदामोदरः,अस्मिन्,
प्रक्रीडितुमागच्छति],:प्रक्रीडितुम्,आगच्छति],
सर्वैर्गोपजनैः,:सर्वैः,गोपजनैः,
गोपालकैश्च,:गोपालकैः,च,
एवागच्छति],:एव,आगच्छति],
सङ्कर्षणश्च,:सङ्कर्षणः,च,
रक्तैर्वेणुकडिण्डिमैः,:रक्तैः,वेणुकडिण्डिमैः,
केचिन्नदन्तः,:केचित्,नदन्तः,
भर्ताज्ञापयति!],:भर्ता,आज्ञापयति!],
वाद्यन्तामातोद्यानि,:वाद्यन्ताम्,आतोद्यानि,
अहमत्र,:अहम्,अत्र,
यावदहमपि,:यावत्,अहम्,अपि,
खल्वहम्],:खलु,अहम्],
देशाद्],:देशात्,],
किमसि,:किम्,असि,
खरपुटैर्लिखन्,:खरपुटैः,लिखन्,
दारकाश्च,:दारकान्,च,
गृहीत्वैतत्,:गृहीत्वा,एतत्,
पर्वतशिखरमारुह्य,:पर्वतशिखरम्,आरुह्य,
पश्यत्वार्यः,:पश्यतु,आर्यः,
अहमस्य,:अहम्,अस्य,
सङ्कर्षणस्तैः,:सङ्कर्षणः,तैः,
दुरात्मारिष्टर्षभः,:दुरात्मा,अरिष्टर्षभः,
समाक्षिपंश्च,:समाक्षिपन्,च,
खमिवालिखंश्च,:खम्,इव,अलिखन्,च,
शत्रोर्वधार्थमुपगम्य,:शत्रोः,वधार्थम्,उपगम्य,
प्रतिगर्जमानमाक्रम्य,:प्रतिगर्जमानम्,आक्रम्य,
शत्रुमहमद्य,:शत्रुम्,अहम्,अद्य,
ममेह,:मम,इह,
क्वासि,:क्व,असि,
स्थितोऽस्मि,:स्थितः,अस्मि,
भवतोऽद्य,:भवतः,अद्य,
बालस्त्वम्,:बालः,त्वम्,
निधनमुपनेतुम्,:निधनम्,उपनेतुम्,
दामोदरः---प्रहरणमिति,:दामोदरः---प्रहरणम्,इति,
गिरितटकठिनांसावेव,:गिरितटकठिनांसौ,एव,
ममैतौ,:मम,एतौ,
पीड्यमानश्च,:पीड्यमानः,च,
दामोदरोऽहम्,:दामोदरः,अहम्,
शक्तिरस्ति,:शक्तिः,अस्ति,
पादेनैकेन,:पादेन,एकेन,
अरिष्टर्षभः---कोऽत्र,:अरिष्टर्षभः---कः,अत्र,
हतस्याप्यक्षयो,:हतस्य,अपि,अक्षयः,
पुनरपि,:पुनः,अपि,
तिष्ठेदानीम्,:तिष्ठ,इदानीम्,
धरणीतलमभ्युपेहि,:धरणीतलम्,अभ्युपेहि,
इवाञ्जनपर्वतस्य,:इव,अञ्जनपर्वतस्य,
दुरात्मारिष्टर्षभः,:दुरात्मा,अरिष्टर्षभः,
मयापि,:मया,अपि,
भवत्वहमस्य,:भवतु,अहम्,अस्य,
गोब्राह्मणादयस्तेन,:गोब्राह्मणादयः,तेन,
तृतीयोऽङ्कः,:तृतीयः,अङ्कः,
चतुर्थोऽङ्कः,:चतुर्थः,अङ्कः,
मामनुयान्ति,:माम्,अनुयान्ति,
दृष्ट्वैव,:दृष्ट्वा,एव,
पेशलैर्वार्यमाणः,:पेशलैः,वार्यमाणः,
दर्शितोऽनुरागः,:दर्शितः,अनुरागः,
विषदहनशिखाभिर्यन्मुखात्,:विषदहनशिखाभिः,यत्,मुखात्,
कृष्णमालक्ष्य,:कृष्णम्,आलक्ष्य,
भर्तृदामोदरोऽपि,:भर्तृदामोदरः,अपि,
आरुह्यावलोक्य,:आरुह्य,अवलोक्य,
तत्रैव,:तत्र,एव,
कुम्भवलयमारुह्य,:कुम्भवलयम्,आरुह्य,
समूलमस्य,:समूलम्,अस्य,
नीलभुजङ्गमस्य,:नीलभुजङ्गम्,अस्य,
इवावभाति,:इव,अवभाति,
फणानाक्रामन्,:फणान्,आक्रामन्,
दामोदरः---यावदहमपि,:दामोदरः---यावत्,अहम्,अपि,
पुष्पाण्यवचिनोमि,:पुष्पाणि,अवचिनोमि,
यद्वच्च,:यद्वत्,च,
त्रिदशाधिवासमधुना,:त्रिदशाधिवासम्,अधुना,
पदाभ्यामाकारवन्तमिव,:पदाभ्याम्,आकारवन्तम्,इव,
पुष्पाण्यवचिनोति,:पुष्पाणि,अवचिनोति,
अहमपि,:अहम्,अपि,
देहस्तेनैव,:देहः,तेन,एव,
शक्तिरस्ति,:शक्तिः,अस्ति,
तिष्ठेदानीम्,:तिष्ठ,इदानीम्,
शक्तिरस्ति,:शक्तिः,अस्ति,
संश्रितास्त्रिभुवनेश्वर!,:संश्रिताः,त्रिभुवनेश्वर!,
अज्ञानादतिक्रान्तवान्,:अज्ञानात्,अतिक्रान्तवान्,
शरणागतोऽस्मि,:शरणागतः,अस्मि,
प्रविष्टोऽसि,:प्रविष्टः,असि,
भीतोऽहमिह,:भीतः,अहम्,इह,
प्रविष्टोऽस्मि,:प्रविष्टः,अस्मि,
तदिच्छामि,:तत्,इच्छामि,
कालियः---अनुगृहीतोऽस्मि,:कालियः---अनुगृहीतः,अस्मि,
कालियः---यदाज्ञापयति,:कालियः---यत्,आज्ञापयति,
अयमस्मि,:अयम्,अस्मि,
सर्वप्रजास्वप्रमादः,:सर्वप्रजासु,अप्रमादः,
तदिदानीमेव,:तत्,इदानीम्,एव,
यमुनाह्रदान्निष्क्रामामि,:यमुनाह्रदात्,निष्क्रामामि,
कालियः---यदाज्ञापयति,:कालियः---यत्,आज्ञापयति,
दामोदरः---यावदहमपि,:दामोदरः---यावत्,अहम्,अपि,
एवागच्छति,:एव,आगच्छति,
मुनिसङ्घैरनवचितपूर्वाणि,:मुनिसङ्घैः,अनवचितपूर्वाणि,
चन्द्रादित्यकिरणैरपरिमर्दितानि,:चन्द्रादित्यकिरणैः,अपरिमर्दितानि,
वित्रस्तास्तपस्विन्यः,:वित्रस्ताः,तपस्विन्यः,
सौम्यभावमुपगतानि,:सौम्यभावम्,उपगतानि,
भर्ताज्ञापयति],:भर्ता,आज्ञापयति],
महाराजस्योग्रसेनस्य,:महाराजस्य,उग्रसेनस्य,
भवन्तमाज्ञापयति,:भवन्तम्,आज्ञापयति,
दामोदरः---कथमाज्ञापयतीति,:दामोदरः---कथम्,आज्ञापयति,इति,
भवद्भ्यामागन्तव्यमिति,:भवद्भ्याम्,आगन्तव्यम्,इति,
चतुर्थोऽङ्कः,:चतुर्थः,अङ्कः,
पञ्चमोऽङ्कः,:पञ्चमः,अङ्कः,
तमिहोपनीय,:तम्,इह,उपनीय,
रङ्गगतमद्य,:रङ्गगतम्,अद्य,
भटः---श्रोतुमर्हति,:भटः---श्रोतुम्,अर्हति,
महाराजः---प्रविशन्नेव,:महाराजः---प्रविशन्,एव,
वस्त्राण्याच्छिद्य,:वस्त्राणि,आच्छिद्य,
गृहीतवानिति,:गृहीतवान्,इति,
सञ्चोदितस्तमभिघातयितुम्,:सञ्चोदितः,तम्,अभिघातयितुम्,
जघानेति,:जघान,इति,
भटः---यदाज्ञापयति,:भटः---यत्,आज्ञापयति,
गन्धमादाय,:गन्धम्,आदाय,
स्वगात्रमनुलिप्य,:स्वगात्रम्,अनुलिप्य,
तेनैव,:तेन,एव,
कुब्जस्यानुमार्जनेन,:कुब्जस्य,अनुमार्जनेन,
पुष्पाण्याहृत्यावबध्य,:पुष्पाणि,आहृत्या,अवबध्य,
भटः--यदाज्ञापयति,:भटः--यत्,आज्ञापयति,
मृत्युरिवावतीर्णः,:मृत्युः,इव,अवतीर्णः,
राजा---सावेगमिव,:राजा---सावेगम्,इव,
यथानिर्दिष्टौ,:यथा,अनिर्दिष्टौ,
सन्नाहमाज्ञापय,:सन्नाहम्,आज्ञापय,
भटः--यदाज्ञापयति,:भटः--यत्,आज्ञापयति,
राजा---यावदहमपि,:राजा---यावत्,अहम्,अपि,
प्रासादमारुह्य,:प्रासादम्,आरुह्य,
भर्ताज्ञापयति],:भर्ता,आज्ञापयति],
प्रविश्योपविशति,:प्रविश्य,उपविशति,
प्रविशतश्चाणूरमुष्टिकौ,:प्रविशतः,चाणूरमुष्टिकौ,
[एषोऽस्मि,:[एषः,अस्मि,
हस्तीव,:हस्ती,इव,
भनज्म्यद्य,:भनज्मि,अद्य,
पातयाम्यद्य,:पातयामि,अद्य,
आकृष्टकरणसन्धाबन्धप्रहारैर्युद्धविशेषैः,:आकृष्टकरणसन्धाबन्धप्रहारैः,युद्धविशेषैः,
भटः---यदाज्ञापयति,:भटः---यत्,आज्ञापयति,
चाद्य,:च,अद्य,
यावन्न,:यावत्,न,
मुष्टिकमद्य,:मुष्टिकम्,अद्य,
चरिष्याम्यनिलप्रचण्डः,:चरिष्यामि,अनिलप्रचण्डः,
प्रलम्बमम्भोदमिवान्तरिक्षे,:प्रलम्बम्,अम्भोदम्,इव,अन्तरिक्षे,
पूर्वजोऽस्य,:पूर्वजः,अस्य,
शशिनिभमूर्तिरुदारनीलवासाः,:शशिनिभमूर्तिः,उदारनीलवासाः,
युद्धसन्नद्धाविति,:युद्धसन्नद्धौ,इति,
भटः---यदाज्ञापयति,:भटः---यत्,आज्ञापयति,
प्राप्तोऽस्मि,:प्राप्तः,अस्मि,
जीवितमुज्झसि],:जीवितम्,उज्झसि],
त्वामद्य,:त्वाम्,अद्य,
मयापि,:मया,अपि,
प्रासादमारुह्य,:प्रासादम,आरुह्य,
यथाद्रिः,:यथा,अद्रिः,
पुनर्नेपथ्ये,:पुनः,नेपथ्ये,
शीघ्रमागच्छन्तु,:शीघ्रम्,आगच्छन्तु,
तनयस्तु,:तनयः,तु,
किमायुधैश्च,:किम्,आयुधैः,च,
स्वयमिह,:स्वयम्,इह,
विष्णुराजगाम,:विष्णुः,आजगाम,
सङ्कर्षणोऽहमभिवादये,:सङ्कर्षणः,अहम्,अभिवादये,
दामोदरोऽहमभिवादये,:दामोदरः,अहम्,अभिवादये,
सत्पुत्रजन्मफलमद्य,:सत्पुत्रजन्मफलम्,अद्य,
प्राप्तवानस्मि,:प्राप्तवान्,अस्मि,
वसुदेवः---कोऽत्र,:वसुदेवः---कः,अत्र,
भटः---जयत्वार्यपुत्रः,:भटः---जयतु,आर्यपुत्रः,
भटः---यदाज्ञापयत्यार्यपुत्रः,:भटः---यत्,आज्ञापयति,आर्यपुत्रः,
वसुदेवः---कोऽत्र,:वसुदेवः---कः,अत्र,
भटः---जयत्वार्यपुत्रः,:भटः---जयतु,आर्यपुत्रः,
दामोदरस्यादेशादनावृष्टिमाज्ञापय---महाराजमुग्रसेनमपनीय,:दामोदरस्य,आदेशात्,अनावृष्टिम्,आज्ञापय---महाराजम्,उग्रसेनम्,अपनीय,
प्रवेशयेति,:प्रवेशय,इति,
भटः---यदाज्ञापयत्यार्यपुत्रः,:भटः---यत्,आज्ञापयति,आर्यपुत्रः,
पुनरधिगतराज्यस्योग्रसेनस्य,:पुनः,अधिगतराज्यस्य,उग्रसेनस्य,
शासनमिदानीमवघुष्यते,:शासनम्,इदानीम्,अवघुष्यते,
भटः---यदाज्ञापयत्यार्यपुत्रः,:भटः---यत्,आज्ञापयति,आर्यपुत्रः,
प्रविशत्युग्रसेनः,:प्रविशति,उग्रसेनः,
व्यसनार्णवादुत्तारितोऽस्मि,:व्यसनार्णवात्,उत्तारितः,अस्मि,
सगन्धर्वाप्सरोभिश्च,:सगन्धर्वाप्सरोभिः,च,
देवलोकादिहागतः,:देवलोकात्,इह,आगतः,
देवर्षिर्नारदः,:देवर्षिः,नारदः,
नमस्तेऽस्तु,:नमस्ते,अस्तु,
अनेनासुरनाशेन,:अनेन,असुरनाशेन,
परितुष्टोऽस्मि,:परितुष्टः,अस्मि,
प्रियमुपहरामि,:प्रियम्,उपहरामि,
यदाज्ञापयति,:यत्,आज्ञापयति,
