प्रथमोऽङ्कः,:प्रथमः,अङ्कः,
प्रविश्यावलोक्य,:प्रविश्य,अवलोक्य,
खल्वद्य,:खलु,अद्य,
गेहान्निष्क्रान्तस्य,:गेहात्,निष्क्रान्तस्य,
मेऽक्षिणी,:मे,अक्षिणी,
वेति,:वा,इति,
सुनिमित्तमिव,:सुनिमित्तम्,इव,
बुभुक्षयौदनमयमिव,:बुभुक्षया,ओदनमयम्,इव,
इतस्तावत्],:इतः,तावत्],
इयमस्मि,:इयम्,अस्मि,
खल्वस्यागतः],:खलु,असि,आगतः],
कोऽपि,:कः,अपि,
त्वामेव,:त्वाम्,एव,
किमस्त्यभ्यर्थितम्],:किम्,अस्ति,अभ्यर्थितम्],
देवास्त्वामाश्वासयन्तु,:देवाः,त्वाम्,आश्वासयन्तु,
तण्डुलाश्च,:तण्डुलाः,च,
सर्व्वमस्ति],:सर्व्वम्,अस्ति],
गेहेऽस्ति],:गेहे,अस्ति],
दूरमारोप्य,:दूरम्,आरोप्य,
पातितोऽस्मि],:पातितः,अस्मि],
प्रतिपालयत्वार्यः,:प्रतिपालयतु,आर्यः,
नामैतत्,:नाम,एतत्,
ममोपवासस्यार्यः,:मम,उपवासस्य,आर्यः,
[अभिरूपपतिर्नाम],:[अभिरूपपतिः,नाम],
[किमन्यजात्याम्],:[किम्,अन्यजात्याम्],
उपवासस्योपदेशिकः],:उपवासस्य,उपदेशिकः],
[यद्यार्यस्यानुग्रहः,:[यदि,आर्यस्य,अनुग्रहः,
प्रातराशोऽपि,:प्रातराशः,अपि,
प्रविशत्वार्या,:प्रविशतु,आर्या,
ब्राह्मणमन्विष्यामि,:ब्राह्मणम्,अन्विष्यामि,
एवागच्छति,:एव,आगच्छति,
यावदुपनिमन्त्रयामि,:यावत्,उपनिमन्त्रयामि,
निमन्त्रितोऽसि,:निमन्त्रितः,असि,
मामवमन्यस्व,:माम्,अवमन्यस्व,
तण्डुलाश्च,:तण्डुलाः,च,
सर्वमस्ति,:सर्वम्,अस्ति,
अरिक्तकस्तावदहम्],:अरिक्तकः,तावत्,अहम्],
भक्तमार्येण,:भक्तम्,आर्येण,
परिक्रम्यावलोक्य,:परिक्रम्या,अवलोक्य,
अरिक्तकस्तावदहम्,:अरिक्तकः,तावत्,अहम्,
भविष्यतीति,:भविष्यति,इति,
पुनर्जानामि,:पुनः,जानामि,
मामुल्लाल्योल्लाल्य,:माम्,उल्लाल्य,उल्लाल्य,
भविष्यन्तीति,:भविष्यन्ति,इति,
अहमपि,:अहम्,अपि,
परस्यामन्त्रणानीति,:परस्य,आमन्त्रणानि,इति,
तत्रभवतश्चारुदत्तस्य,:तत्रभवतः,चारुदत्तस्य,
गेहेऽहोरात्रपर्याप्तसिद्धैर्नानाविधैर्हिड्गुविद्धैरुद्गारसुगन्धिभिः,:गेहे,अहोरात्रपर्याप्तसिद्धैः,नानाविधैः,हिड्गुविद्धैः,उद्गारसुगन्धिभिः,
आकण्ठमात्रमशित्वा,:आकण्ठमात्रम्,अशित्वा,
तत्रभवतश्चारुदत्तस्य,:तत्रभवतः,चारुदत्तस्य,
साधारणवृत्तिमुपजीवन्,:साधारणवृत्तिम्,उपजीवन्,
तस्यावासमेव,:तस्य,आवासम्,एव,
अन्यच्चाश्चर्यम्,:अन्यत्,च,आश्चर्यम्,
अल्पेनापि,:अल्पेन,अपि,
तत्रभवतश्चारुदत्तस्य,:तत्रभवतः,चारुदत्तस्य,
सुमनसोऽन्तरीयवासश्च,:सुमनसः,अन्तरीयवासः,च,
यावदस्य,:यावत्,अस्य,
तत्रभवांश्चारुदत्तः,:तत्रभवान्,चारुदत्तः,
गृहदैवतान्यर्चयन्,:गृहदैवतानि,अर्चयन्,
एवागच्छति,:एव,आगच्छति,
यावदेनमुपसर्पामि],:यावत्,एनम्,उपसर्पामि],
विदूषकश्चाङ्गेरिकाहस्ता,:विदूषकः,चाङ्गेरिकाहस्ता,
बलिर्भवति,:बलिः,भवति,
सारसगणैश्च,:सारसगणैः,च,
तास्वेव,:तासु,एव,
पुरुषयौवनानीव,:पुरुषयौवनानि,इव,
दशाविशेषमनुभवन्ति,:दशाविशेषम्,अनुभवन्ति,
श्रियमनुशोचामि,:श्रियम्,अनुशोचामि,
दुःखान्यनुभूय,:दुःखानि,अनुभूय,
यथान्धकारादिव,:यथा,अन्धकारात्,इव,
सुखात्तु,:सुखात्,तु,
समुद्रपत्तनसारभूतस्तादृशोऽर्थसञ्चयः,:समुद्रपत्तनसारभूतः,तादृशः,अर्थसञ्चयः,
ममार्थाः,:मम,अर्थाः,
नैव,:न,एव,
एतत्तु,:एतत्,तु,
क्षयमभ्युपैति,:क्षयम्,अभ्युपैति,
एतत्तु,:एतत्,तु,
हास्यमुपैति,:हास्यम्,उपैति,
भवन्त्यापदः,:भवन्ति,आपदः,
परैरपि,:परैः,अपि,
तत्तस्य,:तत्,तस्य,
पुनश्चिन्त्यमानस्य,:पुनः,चिन्त्यमानस्य,
चानुगम्यमाना,:च,अनुगम्यमाना,
द्वाभ्यामावाभ्यामनुबध्यमाना,:द्वाभ्याम्,आवाभ्याम्,अनुबध्यमाना,
श्रृगालीव,:शृगाली,इव,
नागीव,:नागी,इव,
ग्रहीतुमथवा,:ग्रहीतुम्,अथवा,
मेऽस्ति,:मे,अस्ति,
गणिका---समन्तादवलोक्य,:गणिका---समन्तात्,अवलोक्य,
स्वयमेवात्मा,:स्वयम्,एव,आत्मा,
सीतामिवाहरामि,:सीताम्,इव,आहरामि,
काममेतन्न,:कामम्,एतत्,न,
स्वयमेव,:स्वयम्,एव,
क्रियतामस्माकमनुनयपरिग्रहः,:क्रियताम्,अस्माकम्,अनुनयपरिग्रहः,
किमिव,:किम्,इव,
[अनुनयोऽपि,:[अनुनयः,अपि,
खल्वस्य,:खलु,अस्य,
बलवज्जनदुर्लभोऽनुनयः,:बलवज्जनदुर्लभः,अनुनयः,
मारयेऽथवा,:मारये,अथवा,
त्वस्मादृशकान्,:तु,अस्मादृशकान्,
खल्वहम्],:खलु,अहम्],
अस्माज्जनात्,:अस्मात्,जनात्,
किमिष्यते,:किम्,इष्यते,
पुष्पमोक्षपमर्हति,:पुष्पमोक्षपम्,अर्हति,
कृतमलङ्कारेण,:कृतम्,अलङ्कारेण,
[शान्तोऽसि],:[शान्तः,असि],
श्रान्तोऽसीति,:श्रान्तः,असि,इति,
इत्युक्ते,:इति,उक्ते,
इत्यवगच्छति,:इति,अवगच्छति,
किमपि,:किम्,अपि,
किमप्यनवेक्षितार्थमाह,:किम्,अपि,अनवेक्षितार्थम्,आह,
अनुचितगतिरप्रगल्भवाक्यः,:अनुचितगतिः,अप्रगल्भवाक्यः,
पशोर्नवावतारः,:पशोः,नवावतारः,
वेशवासविरुद्धमभिहितम्,:वेशवासविरुद्धम्,अभिहितम्,
लतेव,:लता,इव,
मेऽभिनिवेशोऽभिजनेन,:मे,अभिनिवेशः,अभिजनेन,
एषान्धकारपूरितगम्भीरा,:एषा,अन्धकारपूरितगम्भीरा,
गणिका---सहर्षमात्मगतम्,:गणिका---सहर्षम्,आत्मगतम्,
दिष्ट्येदानीममित्रजननिरोधेन,:दिष्ट्येदानीम्,अमित्रजननिरोधेन,
प्रियजनसमीपमुपनीतास्मि,:प्रियजनसमीपम्,उपनीता,अस्मि,
अन्विष्यतामन्विष्यताम्,:अन्विष्यताम्,अन्विष्यताम्,
उपलब्धेदानीमसि,:उपलब्धा,इदानीम्,असि,
मालामपनीय,:मालाम्,अपनीय,
चोत्सारयति,:च,उत्सारयति,
बलवांश्चायमन्धकारः,:बलवान्,च,अयम्,अन्धकारः,
लिम्पतीव,:लिम्पति,इव,
तमोऽङ्गानि,:तमः,अङ्गानि,
असत्पुरुषसेवेव,:असत्पुरुषसेवा,एव,
तुल्यमेव,:तुल्यम्,एव,
उभयमपि,:उभयम्,अपि,
यश्च,:यः,च,
उन्मीलितापि,:उन्मीलिता,अपि,
दृष्टिर्निमीलितेवान्धकारेण,:दृष्टिः,निमीलिता,इव,अन्धकारेण,
असम्भोगमलिनतयेहाधिकमन्धकारः,:असम्भोगमलिनतया,इह,अधिकम्,अन्धकारः,
इहैव,:इह,एव,
बलिमुपहर,:बलिम्,उपहर,
बुद्धिरादर्शमण्डलगतेवच्छाया,:बुद्धिः,आदर्शमण्डलगता,इव,च्छाया,
यथाविभवेनार्च्यताम्,:यथाविभवेन,अर्च्यताम्,
अनुगच्छात्रभवन्तम्,:अनुगच्छ,अत्रभवन्तम्,
भर्ताज्ञापयति],:भर्ता,आज्ञापयति],
तथास्तु,:तथा,अस्तु,
द्वारमपावृणोति,:द्वारम्,अपावृणोति,
किमेतत्,:किम्,एतत्,
मेऽपराद्धम्,:मे,अपराद्धम्,
गृहीत्वागच्छामि,:गृहीत्वा,आगच्छामि,
विटः---विलोक्यात्मगतम्,:विटः---विलोक्य,आत्मगतम्,
भवनान्निर्गत्य,:भवनात्,निर्गत्य,
काचिदियमागच्छति,:काचित्,इयम्,आगच्छति,
तावच्छित्त्वा,:तावत्,छित्त्वा,
पश्चान्मारयिष्यामि],:पश्चात्,मारयिष्यामि],
वासूः,:वा,असूः,
बलादाकर्षति,:बलात्,आकर्षति,
[किमार्यमिश्रैर्व्यवसितम्],:[किम्,आर्यमिश्रैः,व्यवसितम्],
वसन्तसेनैवैषा,:वसन्तसेन,एव,एषा,
चैव,:च,एव,
तन्न,:तत्,न,
कथमपि,:कथम्,अपि,
गृहीत्वागतोऽस्मि],:गृहीत्वा,आगतः,अस्मि],
परिभवोऽथवावलेपः],:परिभवः,अथवा,अवलेपः],
शङ्कितस्तिष्ठति,:शङ्कितः,तिष्ठति,
खल्वयम्,:खलु,अयम्,
नेयमपि,:न,इयम्,अपि,
कृत्वान्तरा,:कृत्वा,अन्तरा,
युक्तमिदम्],:युक्तम्,इदम्],
अयमनुनयसर्वस्वमञ्जलिः,:अयम्,अनुनयसर्वस्वमञ्जलिः,
अनुनीतोऽहमेवात्रापराद्धः],:अनुनीतः,अहम्,एव,अत्र,अपराद्धः],
दरिद्रसार्थवाहपुत्राच्चारुदत्तवटुकात्],:दरिद्रसार्थवाहपुत्रात्,चारुदत्तवटुकात्],
भीतोऽस्मि,:भीतः,अस्मि,
विभवैरमण्डितः,:विभवैः,अमण्डितः,
तृष्णामपनीय,:तृष्णाम्,अपनीय,
अयमर्थः,:अयम्,अर्थः,
शीर्षेणानुवन्द्य,:शीर्षेण,अनुवन्द्य,
भवतीति,:भवति,इति,
पारावतगलप्रविष्टमिव,:पारावतगलप्रविष्टम्,इव,
कपाटसम्पुटप्रविष्टमिव,:कपाटसम्पुटप्रविष्टम्,इव,
मडमडायिष्यामीति],:मडमडायिष्यामि,इति],
दीपेनोद्वेजयति,:दीपेन,उद्वेजयति,
देवकार्यमिति,:देवकार्यम्,इति,
खल्वहम्],:खलु,अहम्],
रक्षितास्मि],:रक्षिता,अस्मि],
यौवनमस्य,:यौवनम्,अस्य,
प्रवेश्यतामभ्यन्तरचतुःशालम्,:प्रवेश्यताम्,अभ्यन्तरचतुःशालम्,
[अभागिन्यहमभ्यन्तरप्रवेशस्य],:[अभागिनी,अहम्,अभ्यन्तरप्रवेशस्य],
रदनिकाविदूषकावुपसृत्य,:रदनिकाविदूषकौ,उपसृत्य,
इयमस्मि],:इयम्,अस्मि],
चन्द्रलेखेव,:चन्द्रलेखा,इव,
एवेदानीमेषः,:एव,इदानीम्,एषः,
शरीरमुद्वहामि],:शरीरम्,उद्वहामि],
शीर्षेणानुवन्द्य,:शीर्षेण,अनुवन्द्य,
गणिकादारिकास्माभिर्बलात्कारेण,:गणिकादारिका,अस्माभिः,बलात्कारेण,
निर्यातयितव्येति],:निर्यातयितव्या,इति],
नीयमानेति,:नीयमाना,इति,
शरणागतास्मि,:शरणागता,अस्मि,
वसन्तसेनैषा,:वसन्तसेना,एषा,
प्रेक्षतामिमाम्],:प्रेक्षताम्,इमाम्],
पश्याम्येनाम्,:पश्यामि,इनाम्,
कुपुरुषस्येव,:कुपुरुषस्य,इव,
स्वाङ्गेष्वेवावसीदति,:स्वाङ्गेषु,एव,अवसीदति,
नायकः---यद्येवमहमपि,:नायकः---यदि,एवम्,अहम्,अपि,
तावदविज्ञातप्रयुक्तेन,:तावत्,अविज्ञातप्रयुक्तेन,
विवदन्ताविव,:विवदन्तौ,इव,
परवानस्मि,:परवान्,अस्मि,
किमनुतिष्ठति,:किम्,अनुतिष्ठति,
खल्वेष्टव्यम्,:खलु,एष्टव्यम्,
यदृच्छागतयेह,:यदृच्छागतया,इह,
इहैव,:इह,एव,
मामनुसरन्ति,:माम्,अनुसरन्ति,
अहमप्यार्येण,:अहम्,अपि,आर्येण,
गन्तुमिच्छामि],:गन्तुम्,इच्छामि],
नायकः---अन्वर्थमुपदिशति,:नायकः---अन्वर्थम्,उपदिशति,
भवानाज्ञापयति,:भवान्,आज्ञापयति,
अहमष्टम्यामनध्याये,:अहम्,अष्टम्याम्,अनध्याये,
आनयत्वार्यः],:आनयतु,आर्यः],
नायकः---कोऽत्र,:नायकः---कः,अत्र,
गणिकेव,:गणिका,इव,
सर्वजनसामान्यप्रदीपश्चन्द्रः,:सर्वजनसामान्यप्रदीपः,चन्द्रः,
अनुगच्छात्रभवतीम्,:अनुगच्छ,अत्रभवतीम्,
भवानाज्ञापयति,:भवान्,आज्ञापयति,
एत्वेतु,:एतु,एतु,
प्रथमोऽङ्कः,:प्रथमः,अङ्कः,
द्वितीयोऽङ्कः,:द्वितीयः,अङ्कः,
[ततस्ततः],:[ततः,ततः],
किञ्चिन्मया,:किञ्चित्,मया,
किमिति,:किम्,इति,
गणिकाभावस्याज्जुका,:गणिकाभावस्य,अज्जुका,
कमपि,:कम्,अपि,
ईदृशवर्णकेव],:ईदृशवर्णका,इव],
मण्डितामिव,:मण्डिताम्,इव,
उत्सवस्तरुणजनस्य],:उत्सवः,तरुणजनस्य],
[रन्तुमिच्छामि,:[रन्तुम्,इच्छामि,
कश्चिदागन्तुकः.],:कश्चित्,आगन्तुकः],
आशाच्छेदमुत्कण्ठमाना,:आशाच्छेदम्,उत्कण्ठमाना,
नागतासि],:न,आगता,असि],
[नन्वागतास्मि],:[ननु,आगता,अस्मि],
भणत्वज्जुका,:भणतु,अज्जुका,
दुःखमिति,:दुःखम्,इति,
नागच्छेत्],:न,आगच्छेत्],
[यद्येतावान्,:[यदि,एतावान्,
नाभिस्रियते],:न,अभिस्रियते],
सहसाभिसृतः,:सहसा,अभिसृतः,
पुनर्मे,:पुनः,मे,
भवेदिति,:भवेत्,इति,
तत्रैव,:तत्र,एव,
सोऽलङ्कारः,:सः,अलङ्कारः,
[ईदृशमेव],:[ईदृशम्,एव],
प्रविशत्यपटीक्षेपेण,:प्रविशति,अपटीक्षेपेण,
शरणागतोऽस्मि],:शरणागतः,अस्मि],
[अलमार्यस्य,:[अलम्,आर्यस्य,
इदानीमेषः],:इदानीम्,एषः],
प्रेक्षतामार्या,:प्रेक्षताम्,आर्या,
भवत्वार्यः,:भवतु,आर्यः,
खल्वहम्],:खलु,अहम्],
एवमिव],:एवम्,इव],
भयमिति],:भयम्,इति],
[यद्येवम्,:[यदि,एवम्,
ददात्वार्यस्य],:ददातु,आर्यस्य],
[उपविशत्वार्यः],:[उपविशतु,आर्यः],
कार्यमिति],:कार्यम्,इति],
एवमिव],:एवम्,इव],
कर्तुमिच्छत्यज्जुका,:कर्तुम्,इच्छति,अज्जुका,
[शृणोत्वार्या],:[शृणोतु,आर्या],
[अवहितास्मि],:[अवहिता,अस्मि],
वणिगहम्,:वणिक्,अहम्,
संवाहकवुत्तिमुपजीवामि],:संवाहकवुत्तिम्,उपजीवामि],
शिक्षितार्येण],:शिक्षिता,आर्येण],
[कलेति,:[कला,इति,
[निर्वेदसूचकमिव,:[निर्वेदसूचकम्,इव,
वचनमार्यस्य,:वचनम्,आर्यस्य,
ततस्ततः],:ततः,ततः],
पुरुषविशेषकौतूहलेनागतोऽस्मीमामुज्जयनीम्],:पुरुषविशेषकौतूहलेन,आगतः,अस्मि,इमाम्,उज्जयनीम्],
[ततस्ततः],:[ततः,ततः],
अल्पमपि,:अल्पम्,अपि,
चतुर्भागमपि,:चतुर्भागम्,अपि,
सुदीर्घेणापि,:सुदीर्घेण,अपि,
परकीयमिवात्मनः,:परकीयम्,इव,आत्मनः,
गुणाननुकरोति],:गुणान्,अनुकरोति],
[ममापि,:[मम,अपि,
गुणैर्मण्डयति],:गुणैः,मण्डयति],
[ततस्ततः],:[ततः,ततः],
[ततस्तस्य,:[ततः,तस्य,
ततस्ततः],:ततः,ततः],
ततस्ततः],:ततः,ततः],
विसर्जितकुटुम्बभरणश्चारित्रमात्रावशेषः,:विसर्जितकुटुम्बभरणः,चारित्रमात्रावशेषः,
अहमपि,:अहम्,अपि,
तेनार्येणाभ्यनुज्ञातोऽन्यमुपतिष्ठतामिति,:तेन,आर्येण,अभ्यनुज्ञातः,अन्यम्,उपतिष्ठताम्,इति,
लभेयेति,:लभेय,इति,
करिष्यामीति,:करिष्यामि,इति,
चेटीमवलोकयति,:चेटीम्,अवलोकयति,
[ततस्ततः],:[ततः,ततः],
कदाचिदहमपि,:कदाचित्,अहम्,अपि,
पराजितोऽस्मि],:पराजितः,अस्मि],
[ततस्ततः],:[ततः,ततः],
[ततोऽद्य,:[ततः,अद्य,
समासादितोऽस्मि,:समासादितः,अस्मि,
भयेनेह,:भयेन,इह,
एवमार्या,:एवम्,आर्या,
खल्वार्येणार्थनिमित्ता,:खलु,आर्येण,अर्थनिमित्ता,
गतश्च],:गतः,च],
[अनुगृहीतोऽस्मि],:[अनुगृहीतः,अस्मि],
[गच्छत्वार्यः,:[गच्छतु,आर्यः,
[अद्यैव,:[अद्य,एव,
कदाचिन्निर्वेदेन,:कदाचित्,निर्वेदेन,
प्रत्याख्यातोऽस्मि,:प्रत्याख्यातः,अस्मि,
नामात्मना,:नाम,आत्मना,
तावदहम्],:तावत्,अहम्],
[गच्छत्वार्यः,:[गच्छतु,आर्यः,
पुनर्दर्शनाय],:पुनः,दर्शनाय],
कुत्राज्जुका],:कुत्र,अज्जुका],
किमेतत्],:किम्,एतत्],
वातायननिष्क्रामितपूर्वकाययाऽवनमितपयोधरया,:वातायननिष्क्रामितपूर्वकायया,अवनमितपयोधरया,
परिस्पन्दोऽज्जुकया,:परिस्पन्दः,अज्जुकया,
[शृणोत्वज्जुका,:[शृणोतु,अज्जुका,
उग्रवेगेनावगाहननिवर्तितेन,:उग्रवेगेन,अवगाहननिवर्तितेन,
भद्रकपोतकेनानेकपुरुषसङ्कुलेषु,:भद्रकपोतकेन,अनेकपुरुषसङ्कुलेषु,
राजमार्गेषूत्तरीयपटविरागतयाऽधिकलक्षणीयः,:राजमार्गेषु,उत्तरीयपटविरागतया,अधिकलक्षणीयः,
ततस्ततः?],:ततः,ततः?],
ततस्ततः],:ततः,ततः],
कर्मेति,:कर्म,इति,
किमपीच्छति,:किम्,अपि,इच्छति,
ततोऽज्जुके!,:ततः,अज्जुके!,
केनापि,:केन,अपि,
कुलपुत्रेणोचितान्याभरणस्थानानि,:कुलपुत्रेण,उचितानि,अभरणस्थानानि,
विलोक्याङ्गुष्ठेनानीयापि,:विलोक्य,अङ्गुष्ठेन,आनीयापि,
दैवमुपालभ्य,:दैवम्,उपालभ्य,
निःश्वस्यैतावान्,:निःश्वस्य,एतावान्,
गणिका---चेटीमवलोक्य,:गणिका---चेटीम्,अवलोक्य,
खल्वार्यचारुदत्तस्य,:खलु,आर्यचारुदत्तस्य,
गुणाननुकरोति],:गुणान्,अनुकरोति],
ममापि,:मम,अपि,
कौतूहलमस्ति,:कौतूहलम्,अस्ति,
खल्वेषः,:खलु,एषः,
[केनापि,:[केन,अपि,
[यद्येवम्,:[यदि,एवम्,
[अहमेतावत्,:[अहम्,एतावत्,
प्रेक्षतामज्जुका,:प्रेक्षताम्,अज्जुका,
द्वितीयोऽङ्कः,:द्वितीयः,अङ्कः,
तृतीयोऽङ्कः,:तृतीयः,अङ्कः,
विदूषकश्च,:विदूषकः,च,
सखीव,:सखी,इव,
अप्यवसुप्ताः,:अपि,अवसुप्ताः,
अन्यच्चेदानीमाश्चर्यम्,:अन्यत्,च,इदानीम्,आश्चर्यम्,
खल्वद्य,:खलु,अद्य,
मधुरमपि,:मधुरम्,अपि,
विविधैर्बहु,:विविधैः,बहु,
तत्तदुक्त्वा,:तत्,तत्,उक्त्वा,
युवतीति,:युवति,इति,
स्त्र्यपि,:स्त्री,अपि,
स्त्र्यपि,:स्त्री,अपि,
छिन्ननासिकेव,:छिन्ननासिका,इव,
धेनुरतिविरूपा,:धेनुः,अतिविरूपा,
उपारूढोऽर्धरात्रः,:उपारूढः,अर्धरात्रः,
प्रसुप्तेवोज्जयनी,:प्रसुप्ता,इव,उज्जयनी,
ह्यष्टमपक्षचन्द्रः,:हि,अष्टमपक्षचन्द्रः,
विषाणकोटीव,:विषाणकोटी,इव,
अन्तर्दधानचन्द्रलब्धावकाशोऽवतरतीव,:अन्तर्दधानचन्द्रलब्धावकाशः,अवतरति,इव,
प्रासादादन्धकारः],:प्रासादात्,अन्धकारः],
द्वारमपावृणु],:द्वारम्,अपावृणु],
पादोदकमानय,:पादोदकम्,आनय,
ममापि,:मम,अपि,
अथवानय,:अथवा,आनय,
मुखमपि,:मुखम्,अपि,
ललाटदेशादुसर्पतीव,:ललाटदेशात्,उपसर्पति,इव,
जरेव,:जरा,इव,
निष्क्रान्तश्चेटः,:निष्क्रान्तः,चेटः,
प्रविश्याभरणसमुद्गहस्ता,:प्रविश्य,आभरणसमुद्गहस्ता,
किमेतत्,:किम्,एतत्,
खल्वद्य],:खलु,अद्य],
गृह्णात्विति],:गृह्णातु,इति],
चोरैर्गृह्यमाणम्],:चोरैः,गृह्यमाणम्],
प्रावारकस्तस्मै,:प्रावारकः,तस्मै,
[इहापि,:[इह,अपि,
मैवम्,:मा,एवम्,
यावदहमपि,:यावत्,अहम्,अपि,
द्वावपि,:द्वौ,अपि,
जीर्णतनुर्भुजङ्गः,:जीर्णतनुः,भुजङ्गः,
प्रविष्टोऽस्मि,:प्रविष्टः,अस्मि,
चतुःशालमुपसर्पामि,:चतुःशालम्,उपसर्पामि,
यद्वर्तते,:यत्,वर्तते,
वचनीयताऽपि,:वचनीयता,अपि,
लुब्धोऽर्थवान्,:लुब्धः,अर्थवान्,
स्ववृत्तावतिकर्कशश्च,:स्ववृत्तौ,अतिकर्कशः,च,
यस्तस्य,:यः,तस्य,
यद्वा,:यत्,वा,
तद्वा,:तत्,वा,
यावदारभे,:यावत्,आरभे,
स्वन्तश्च,:स्वन्तः,च,
विस्मितास्ते,:विस्मिताः,ते,
मेऽक्षि,:मे,अक्षि,
छिनत्तीव,:छिनत्ति,इव,
दारिद्र्यमभिलषसि,:दारिद्र्यम्,अभिलषसि,
अद्यास्य,:अद्य,अस्य,
प्रविशामस्तावत्,:प्रविशामः,तावत्,
खल्वहम्,:खलु,अहम्,
वृकोऽपसरणे,:वृकः,अपसरणे,
नौर्जले,:नौः,जले,
आगन्तुकत्वादविदितसमृद्धिविस्तरः,:आगन्तुकत्वात्,अविदितसमृद्धिविस्तरः,
भवनप्रत्ययादिह,:भवनप्रत्ययात्,इह,
प्रविष्टेऽस्मि,:प्रविष्टः,अस्मि,
एवायम्,:एव,अयम्,
उताहो,:उत,आहो,
विभवमन्दोऽपि,:विभवमन्दः,अपि,
विक्रयकालेऽपि,:विक्रयकाले,अपि,
पश्यामस्तावत्,:पश्यामः,तावत्,
गृहाणैतत्,:गृहाण,एतत्,
सुवर्णभाण्डमित्याह,:सुवर्णभाण्डम्,इति,आह,
दृष्ट्वाभिभाषते,:दृष्ट्वा,अभिभाषते,
पश्यामस्तावत्,:पश्यामः,तावत्,
एवायम्,:एव,अयम्,
निःश्वासोऽस्य,:निःश्वासः,अस्य,
दृष्टिर्गाढनिमीलिता,:दृष्टिः,गाढनिमीलिता,
चैव,:च,एव,
मर्षयेदभिमुखः,:मर्षयेत्,अभिमुखः,
सुपरिगृहीतमनेन,:सुपरिगृहीतम्,अनेन,
अयमत्र,:अयम्,अत्र,
मुषितोऽस्मि,:मुषितः,अस्मि,
भोश्चारुदत्त!,:भोः,चारुदत्त!,
शापितोऽसि,:शापितः,असि,
सज्जलकः---किमत्र,:सज्जलकः---किम्,अत्र,
हर्तव्यमासीत्,:हर्तव्यम्,आसीत्,
धिगस्तु,:धिक्,अस्तु,
विदूषकः---सहसोत्थाय,:विदूषकः---सहसा,उत्थाय,
भोश्चारुदत्त!,:भोः,चारुदत्त!,
किमेतत्,:किम्,एतत्,
नायकः---किमर्धरात्रे,:नायकः---किम्,अर्धरात्रे,
[भोश्चारुदत्त!,:[भोः,चारुदत्त!,
प्रयच्छत्वत्रभवान्],:प्रयच्छतु,अत्रभवान्],
इयमस्मि],:इयम्,अस्मि],
आर्यमैत्रेयश्च,:आर्यमैत्रेयः,च,
यस्तस्य,:यः,तस्य,
जनस्यालङ्कारश्चोरेण,:जनस्य,अलङ्कारः,चोरेण,
खल्वेतत्,:खलु,एतत्,
तामप्यार्यपुत्रः,:ताम्,अपि,आर्यपुत्रः,
[अस्यान्धकारोत्पादितस्यापराधस्य,:[अस्य,अन्धकारोत्पादितस्य,अपराधस्य,
प्रयच्छत्वत्रभवान्],:प्रयच्छतु,अत्रभवान्],
भवांस्तावदविश्वासी,:भवान्,तावत्,अविश्वासी,
विषण्णस्तिष्ठति,:विषण्णः,तिष्ठति,
एतस्यागमः],:एतस्य,आगमः],
षष्ठीमुपवसामि,:षष्ठीम्,उपवसामि,
वाचयितव्यमित्येषोऽस्यागमः],:वाचयितव्यम्,इति,एषः,अस्य,आगमः],
खल्वद्य],:खलु,अद्य],
गृहाणैतत्],:गृहाण,एतत्],
मुक्तावल्यास्तव,:मुक्तावल्याः,तव,
गृहाणैतत्],:गृहाण,एतत्],
रोदितीव,:रोदिति,इव,
[शापितासि,:[शापिता,असि,
रक्षित्वाऽश्रुभिः,:रक्षित्वा,अश्रुभिः,
नायकः---किमेतत्,:नायकः---किम्,एतत्,
मामनुकम्पते,:माम्,अनुकम्पते,
[एवमिव],:[एवम्,इव],
नायकः--धिगात्मानम्,:नायकः--धिक्,आत्मानम्,
हतोऽस्मि,:हतः,अस्मि,
स्त्रीद्रव्येणानुकम्पितः,:स्त्रीद्रव्येण,अनुकम्पितः,
गृहणैतत्],:गृहण,एतत्],
काममुपलभ्य,:कामम्,उपलभ्य,
भो!,:भोः,!,
मैवम्,:मा,एवम्,
न्यासोऽस्मासु,:न्यासः,अस्मासु,
कृतस्तया,:कृतः,तया,
तृतीयोऽङ्कः,:तृतीयः,अङ्कः,
चतुर्थोऽङ्कः,:चतुर्थः,अङ्कः,
सदृशस्तस्य,:सदृशः,तस्य,
भवतीति,:भवति,इति,
प्रेक्षतामज्जुका,:प्रेक्षताम्,अज्जुका,
हृदयमभिरमते,:हृदयम्_,अभिरमते,
जनेनापहसनीयत्वमात्मनः,:जनेना,अपहसनीयत्वम्,आत्मनः,
प्रविशत्याभरणहस्ताऽपरा,:प्रविशति,आभरणहस्ता,अपरा,
[सुखमज्जुकायाः],:[सुखम्,अज्जुकायाः],
गृहीतावगुण्ठनागच्छत्विति,:गृहीतावगुण्ठना,आगच्छतु,इति,
इहालङ्कारमलङ्करोत्वज्जुका],:इह,अलङ्कारम्,अलङ्करोतु,अज्जुका],
येनालङ्कारः,:येना,अलङ्कारः,
[अपेह्यविनीते],:[अपेहि,अविनीते],
प्रसीदत्वज्जुका,:प्रसीदतु,अज्जुका,
[उत्तिष्ठोतिष्ठ,:[उत्तिष्ठ,उतिष्ठ,
[भणाम्बां-,:[भण,अम्बाम्,-,
यदार्यचारुदत्तोऽभिसारयितव्यस्तदा,:यदा,आर्यचारुदत्तः,अभिसारयितव्यः,तदा,
मण्डयामीति],:मण्डयामि,इति],
इवास्मि,:इव,अस्मि,
खल्वभ्यन्तरस्था,:खलु,अभ्यन्तरस्था,
गणिकानामभ्यन्तरे,:गणिकानाम्,अभ्यन्तरे,
अतस्तत्रैव,:अतः,तत्र,एव,
यावच्छब्दापयाभि,:यावत्,शब्दापयामि,
[सज्जलकस्येव,:[सज्जलकस्य,इव,
व्यापृताज्जुका,:व्यापृता,अज्जुका,
तदुपसर्पिष्यामि,:तत्,उपसर्पिष्यामि,
इयमस्मि],:इयम्,अस्मि],
सज्जलकः---इतस्तावत्,:सज्जलकः---इतः,तावत्,
परिक्रम्यावलोक्य,:परिक्रम्य,अवलोक्य,
सातिस्निग्धया,:सा,अतिस्निग्धया,
केनापि,:केन,अपि,
पिबन्तीव,:पिबन्ति,इव,
कोऽपि,:कः,अपि,
इत्यर्धोक्ते,:इति,अर्धोक्ते,
एवैषः,:एव,एषः,
प्रथममेवाज्जुकयोक्तम्],:प्रथमम्,एव,अज्जुकया,उक्तम्],
हीममस्यै,:हि,इमम्,अस्यै,
प्रमाणादिव,:प्रमाणात्,इव,
धार्यतामिति,:धार्यताम्,इति,
इवायमलङ्गारः],:इव,अयम्,अलङ्कारः],
इवायमलङ्कारः],:इव,अयम्,अलङ्कारः],
कोऽस्यागमः],:कः,अस्य,आगमः],
कर्मदारुणतयोद्वेजनीया,:कर्मदारुणतया,उद्वेजनीया,
धिग्,:धिक्,,
श्रीर्वसति,:श्रीः,वसति,
खल्वसि,:खलु,असि,
श्रुतं---श्रेष्ठिचत्वरे,:श्रुतम्,---श्रेष्ठिचत्वरे,
मृगीव,:मृगी,इव,
चानुकम्पसे,:च,अनुकम्पसे,
शस्त्रेणास्ति,:शस्त्रेण,अस्ति,
मयापि,:मया,अपि,
प्रष्टव्यमेतया,:प्रष्टव्यम्,एतया,
खल्वत्र,:खलु,अत्र,
प्रियमित्याह,:प्रियम्,इति,आह,
अयमलङ्कारः,:अयम्,अलङ्कारः,
एवमिव],:एवम्,इव],
पत्रैर्वियोजिता,:पत्रैः,वियोजिता,
ग्रीष्मसन्तप्तस्तामेव,:ग्रीष्मसन्तप्तः,ताम्,एव,
पुनराश्रितः,:पुनः,आश्रितः,
कृतमिति],:कृतम्,इति],
[तत्रैव,:[तत्र,एव,
मण्डयिष्यत्यज्जुका],:मण्डयिष्यति,अज्जुका],
रक्षिपुरुषैर्ग्राहयिष्यति,:रक्षिपुरुषैः,ग्राहयिष्यति,
चेदत्र,:चेत्,अत्र,
अवक्तव्यासि,:अवक्तव्या,असि,
अलङ्कृतेवैतेन,:अलङ्कृता,इव,एतेन,
अज्जुकापि,:अज्जुका,अपि,
सार्थवाहपुत्रश्च],:सार्थवाहपुत्रः,च],
वचनादज्जुकायै,:वचनात्,अज्जुकायै,
पुनर्वञ्चयित्वा,:पुनः,वञ्चयित्वा,
पुनरेव,:पुनः,एव,
प्रीतोऽस्मि,:प्रीतः,अस्मि,
प्रविश्योपविशामि],:प्रविश्य,उपविशामि],
ज्ञात्वाज्जुकायै,:ज्ञात्वा,अज्जुकायै,
प्रविशत्यपरा,:प्रविशति,अपरा,
[सुखमज्जुकायाः,:[सुखम्,अज्जुकायाः,
प्रवेशयैनम्],:प्रवेशय,एनम्],
एत्वेत्वार्यः],:एतु,एतु,आर्यः],
नानापट्टणसमागतैरागमिकैः,:नानापट्टणसमागतैः,आगमिकैः,
चाहारप्रकाराः,:च,आहारप्रकाराः,
अलङ्कारप्रकारानादरेण,:अलङ्कारप्रकारान्,आदरेण,
[एषाज्जुका,:[एषा,अज्जुका,
उपसर्पत्वार्यः],:उपसर्पतु,आर्यः],
[स्वागतमार्यस्य,:[स्वागतम्,आर्यस्य,
आसनमार्यस्य,:आसनम्,आर्यस्य,
[सर्वमानयतु,:[सर्वम्,आनयतु,
[यदज्जुकाज्ञापयति,:[यत्,अज्जुका,आज्ञापयति,
उपविशत्वार्यः.],:उपविशतु,आर्यः],
भणितुमागतः],:भणितुम्,आगतः],
[अवहितास्मि],:[अवहिता,अस्मि],
तस्यालङ्कारस्य,:तस्य,अलङ्कारस्य,
खल्वार्यः,:खलु,आर्यः,
तत्रभवतश्चारुदत्तस्य,:तत्रभवतः,चारुदत्तस्य,
त्वयालङ्कारस्तस्मिन्,:त्वया,अलङ्कारः,तस्मिन्,
ततस्ततः],:ततः,ततः],
[ततस्तस्यालङ्कारस्य,:[ततः,तस्य,अलङ्कारस्य,
लुब्धेति,:लुब्ध,इति,
आनयत्वार्यः,:आनयतु,आर्यः,
[कोऽप्युपचारोऽपि,:[कः,अपि,उपचारः,अपि,
नैतया,:न,एतया,
प्रवेशयैनम्],:प्रवेशय,एनम्],
रमणीयताद्य,:रमणीयता,अद्य,
खल्वात्मशङ्का,:खलु,आत्मशङ्का,
कश्चिच्चकितगतिर्निरीक्षते,:कश्चित्,चकितगतिः,निरीक्षते,
द्रुतमुपसर्पति,:द्रुतम्,उपसर्पति,
सर्वांस्तांस्तुलयति,:सर्वान्,तान्,तुलयति,
स्वैर्दोषैर्भवति,:स्वैः,दोषैः,भवति,
[एषाज्जुका,:[एषा,अज्जुका,
उपसर्पत्वार्यः],:उपसर्पतु,आर्यः],
[स्वागतमार्यस्य,:[स्वागतम्,आर्यस्य,
दीयतामार्याय],:दीयताम्,आर्याय],
गृहीतमासनम्,:गृहीतम्,आसनम्,
कार्यमस्ति,:कार्यम्,अस्ति,
सज्जलकः---आर्यचारुदत्तेनास्मि,:सज्जलकः---आर्यचारुदत्तेन,अस्मि,
त्वसंभोगमलिनतया,:तु,असंभोगमलिनतया,
गृहस्यासान्निध्यात्,:गृहस्य,असान्निध्यात्,
ददात्वार्यः],:ददातु,आर्यः],
कृत्वानीतोऽयमलङ्कारः,:कृत्वा,आनीतः,अयम्,अलङ्कारः,
गुणाननुकम्पतामार्यः],:गुणान्,अनुकम्पताम्,आर्यः],
विदितोऽस्म्यनया,:विदितः,अस्मि,अनया,
[कोऽत्र,:[कः,अत्र,
तावदार्याय],:तावत्,आर्याय],
गणिका---स्वैराभरणैर्मदनिकामलङ्कृत्य,:गणिका---स्वैः,अभरणैः,मदनिकाम्,अलङ्कृत्य,
किमेतत्],:किम्,एतत्],
गृह्णात्वार्यः],:गृह्णातु,आर्यः],
खल्वस्याः,:खलु,अस्याः,
द्विषतामेव,:द्विषताम्,एव,
कालोऽस्तु,:कालः,अस्तु,
इयमस्मि],:इयम्,अस्मि],
गृहीत्वार्यचारुदत्तमभिसरिष्यावः],:गृहीत्वा,आर्यचारुदत्तम्,अभिसरिष्यावः],
दुर्दिनमुन्नमितम्],:दुर्दिनम्,उन्नमितम्],
[एत्वेत्वज्जुका],:[एतु,एतु,अज्जुका],
चतुर्थोऽङ्कः,:चतुर्थः,अङ्कः,
