चाभवत्,:च,अभवत्,
विपुलमापणमुद्यानानि,:विपुलम्,आपणम्,उद्यानानि,
चासन्,:च,आसन्,
परितश्च,:परितः,च,
चासन्,:च,आसन्,
पुनर्गोभिर्वाजिभिर्गजैरुष्ट्रैश्च,:पुनः,गोभिः,वाजिभिः,गजैः,उष्ट्रैः,च,
व्यापारमकुर्वन्,:व्यापारम्,अकुर्वन्,
सुन्दरीभिर्नारीभिः,:सुन्दरीभिः,नारीभिः,
नरैश्च,:नरैः,च,
तामग्निमद्भिर्गुणषद्भिरावृतां,:ताम्,अग्निमद्भिः,गुणषद्भिः,आवृतां,
द्विजोत्तमैर्वेदषडङ्गपारगैः,:द्विजोत्तमैः,वेदषडङ्गपारगैः,
सत्यरतैर्महात्मभिर्महर्षिकल्पैऋषिभिश्च,:सत्यरतैः,महात्मभिः,महर्षिकल्पैऋषिभिः,च,
जुष्टामतिशय्य,:जुष्टाम्,अतिशय्य,
चापि,:च,अपि,
पुर्यामयोध्यायां,:पुर्याम्,अयोध्यायां,
राजनीतिकुशलश्चाभवत्,:राजनीतिकुशलः,च,अभवत्,
नराश्च,:नराः,च,
नार्यश्च,:नार्यः,च,
इवामलाः,:इव,अमलाः,
द्रष्टुमयोध्यायां,:द्रष्टुम्,अयोध्यायां,
नाविद्वान्,:न,अविद्वान्,
नाल्पसन्निचयः,:न,अल्पसन्निचयः,
कश्चिदासीत्तस्मिन्,:कश्चित्,आसीत्,तस्मिन्,
ह्यसिद्धार्थोऽगवाश्वधनधान्यवान्,:हि,असिद्धार्थः,गवाश्वधनधान्यवान्,
पुरवरेऽभूवन्,:पुरवरे,अभूवन्,
स्वैरलुब्धाः,:स्वैः,अलुब्धाः,
दानाध्ययनशीलाश्च,:दानाध्ययनशीलाः,च,
संयताश्च,:संयताः,च,
पुत्रपौत्रैश्च,:पुत्रपौत्रैः,च,
नाश्रीमान्नाप्यरूपवान्,:न,अश्रीमान्,अपि,अरूपवान्,
शक्यमयोध्यायां,:शक्यम्,अयोध्यायां,
नापि,:न,अपि,
राजन्यभक्तिमान्,:राजनि,अभक्तिमान्,
कर्तव्यपरायणाश्चाभवन्,:कर्तव्यपरायणाः,च,अभवन्,
सिद्धार्थश्चार्थसाधकः,:सिद्धार्थः,च,अर्थसाधकः,
मन्त्रपालश्च,:मन्त्रपालः,च,
सुमन्त्रश्चाष्टमोऽभवत्,:सुमन्त्रः,च,अष्टमः,अभवत्,
इत्यष्टौ,:इति,अष्टौ,
वामदेवश्च,:वामदेवः,च,
द्वावभिमतौ,:द्वौ,अभिमतौ,
तस्यास्तामृषिसत्तमौ,:तस्याः,ताम्,ऋषिसत्तमौ,
मुनिर्वशिष्ठश्च,:मुनिः,वशिष्ठः,च,
गुरुरासीत्,:गुरुः,आसीत्,
चेति,:च,इति,
नाभवत्,:न,अभवत्,
गुरुर्वशिष्ठः,:गुरुः,वशिष्ठः,
कथमस्य,:कथम्,अस्य,
खल्वेषोऽपायः,:खलु,एषः,अपायः,
उपायस्तु,:उपायः,तु,
नृपमगच्छत्,:नृपम्,अगच्छत्,
तैर्निर्णीतम्,:तैः,निर्णीतम्,
पुरोहिताश्च,:पुरोहिताः,च,
आहुतयोऽपतन्,:आहुतयः,अपतन्,
पूर्णाहुतिरभूत्,:पूर्णाहुतिः,अभूत्,
पायसपात्रमादाय,:पायसपात्रम्,आदाय,
पात्रमयच्छत्,:पात्रम्,अयच्छत्,
अवादीच्च,:अवादीत्,च,
प्रीतोऽस्मि,:प्रीतः,अस्मि,
पुत्रस्ते,:पुत्रः,ते,
देवोऽन्तर्दधौ,:देवः,अन्तर्दधौ,
पायसमददात्,:पायसम्,अददात्,
ब्राह्मणेभ्यश्च,:ब्राह्मणेभ्यः,च,
गर्भिण्योऽभवन्,:गर्भिण्यः,अभवन्,
मोदमन्वभवत्,:मोदम्,अन्वभवत्,
ततश्चैत्रमासस्य,:ततः,चैत्रमासस्य,
विष्णोरंशं,:विष्णोः,अंशं,
पुत्रमैक्ष्वाकुवर्धनम्,:पुत्रम्,ऐक्ष्वाकुवर्धनम्,
ननृतुश्चाप्सरोगणाः,:ननृतुः,च,अप्सरोगणाः,
पुष्पवृष्टिश्च,:पुष्पवृष्टिः,च,
खाच्च्युता,:खात्,च्युता,
उत्सवश्च,:उत्सवः,च,
महानासीदयोध्यायां,:महान्,आसीत्,अयोध्यायां,
कृतकृत्यममन्यतात्मानम्,:कृतकृत्यम्,अमन्यत्,आत्मानम्,
जानुरिङ्गणतत्परास्ते,:जानुरिङ्गणतत्पराः,ते,
चानन्देन,:च,आनन्देन,
सममेधाञ्चचक्रिरेतराम्,:सममेधां,चचक्रिरेतराम्,
पौरस्त्रियस्तेषां,:पौरस्त्रियः,तेषां,
प्रमोदमन्वभवन्,:प्रमोदम्,अन्वभवन्,
गाश्च,:गाः,च,
शिशुक्रीडाभिस्ते,:शिशुक्रीडाभिः,ते,
बालक्रीडाभिर्बन्धूनां,:बालक्रीडाभिः,बन्धूनां,
कर्त्तुमचिन्तयत्,:कर्त्तुम्,अचिन्तयत्,
सम्बन्धिनश्च,:सम्बन्धिनः,च,
रुचिरश्च,:रुचिरः,च,
पुष्पादिभिश्च,:पुष्पादिभिः,च,
मङ्गलान्यगायन्,:मङ्गलानि,अगायन्,
गुरुभिराचार्यैश्च,:गुरुभिः,आचार्यैः,च,
चाकारयत्,:च,अकारयत्,
ततश्च,:ततः,च,
धृतब्रह्मचारिवेषाश्चत्वारोऽपि,:धृतब्रह्मचारिवेषाः,चत्वारः,अपि,
वशिष्ठस्याश्रमं,:वशिष्ठस्य,आश्रमं,
निवसन्तस्ते,:निवसन्तः,ते,
चापठन्,:च,अपठन्,
सेवमानास्ते,:सेवमानाः,ते,
स्वल्पेनैव,:स्वल्पेन,एव,
प्रेष्ठश्चासीत्,:प्रेष्ठः,च,आसीत्,
तस्यालौकिकान्,:तस्य,आलौकिकान्,
पौराश्च,:पौराः,च,
अथैकदा,:अथ,एकदा,
द्रष्टुमागच्छत्,:द्रष्टुम्,आगच्छत्,
तमपूजयत्,:तम्,अपूजयत्,
मुनिराशिषः,:मुनिः,आशिषः,
पादयोरपतन्,:पादयोः,अपतन्,
शुभाशीर्भिरनुजग्राह,:शुभाशीर्भिः,अनुजग्राह,
पुरोहितामन्त्रिणश्चापि,:पुरोहितामन्त्रिणः,च,अपि,
राजानमाश्रमरक्षायै,:राजानम्,आश्रमरक्षायै,
दशरथश्च,:दशरथः,च,
बालाविमौ,:बालौ,इमौ,
राक्षसाश्च,:राक्षसाः,च,
भयङ्‌कराश्च,:भयङ्‌कराः,च,
नैतौ,:न,एतौ,
तैर्योद्धुं,:तैः,योद्धुं,
पुनरवादीत्,:पुनः,अवादीत्,
रामलक्ष्मणयोर्बलम्,:रामलक्ष्मणयोः,बलम्,
एवावतीर्णौ,:एव,अवतीर्णौ,
गुरोर्वशिष्ठस्यानुमत्या,:गुरोः,वशिष्ठस्य,अनुमत्या,
तस्याश्रममगच्छताम्,:तस्य,आश्रमम्,अगच्छताम्,
ययावग्रे,:ययौ,अग्रे,
सौमित्रिरन्वगात्,:सौमित्रिः,अन्वगात्,
ब्राह्मणाश्च,:ब्राह्मणाः,च,
विश्वामित्रस्तौ,:विश्वामित्रः,तौ,
धनुर्वेदमपाठयत्,:धनुर्वेदम्,अपाठयत्,
वेदानपठन्,:वेदान्,अपठन्,
राममाह,:रामम्,आह,
त्वामृते,:त्वाम्,ऋते,
विश्वामित्रादेशेनावधीत्,:विश्वामित्रादेशेन,अवधीत्,
ततस्तस्याः,:ततः,तस्याः,
चायातौ,:च,आयातौ,
विश्वामित्रश्च,:विश्वामित्रः,च,
यशश्च,:यशः,च,
लोकेऽभवत्,:लोके,अभवत्,
परितुष्टोऽस्मि,:परितुष्टः,अस्मि,
ददाम्यस्त्राणि,:ददामि,अस्त्राणि,
क्षिप्रमेव,:क्षिप्रम्,एव,
स्मितस्तु,:स्मितः,तु,
शुचिर्मुनिवरस्तदा,:शुचिः,मुनिवरः,तदा,
मन्त्रग्रामनुत्तमम्,:मन्त्रग्राम्,अनुत्तमम्,
दैवतेऽपि,:दैवते,अपि,
बहून्यस्त्राणि,:बहूनि,अस्त्राणि,
वृत्तान्तमशृणोत्,:वृत्तान्तम्,अशृणोत्,
गौतमस्याश्रमः,:गौतमस्य,आश्रमः,
श्रान्तास्ते,:श्रान्ताः,ते,
वृक्षतलमुपाविशन्,:वृक्षतलम्,उपाविशन्,
विश्वामित्रश्च,:विश्वामित्रः,च,
कथामकथयत्,:कथाम्,अकथयत्,
कथामपि,:कथाम्,अपि,
पादेनास्पृशत्,:पादेन,अस्पृशत्,
तत्क्षणादेव,:तत्क्षणात्,एव,
लक्ष्मीमिवाऽवलोक्य,:लक्ष्मीम्,इव,अवलोक्य,
गौतमोऽपि,:गौतमः,अपि,
चापि,:च,अपि,
गुरुर्विश्वामित्रः,:गुरुः,विश्वामित्रः,
स्वयम्वरभवनमासीत्,:स्वयम्वरभवनम्,आसीत्,
राजकुमाराश्च,:राजकुमाराः,च,
सज्जाश्च,:सज्जाः,च,
राजपुत्राश्च,:राजपुत्राः,च,
आसनेषूपविष्टाः,:आसनेषु,उपविष्टाः,
गुरुर्विश्वामित्रोऽपि,:गुरुः,विश्वामित्रः,अपि,
महत्यासने,:महति,आसने,
रामलक्ष्मणावपि,:रामलक्ष्मणौ,अपि,
स्वयंवरमण्डपमविशत्,:स्वयंवरमण्डपम्,अविशत्,
उत्कण्ठिताश्चाभवन्,:उत्कण्ठिताः,च,अभवन्,
जनकोऽवादीत्,:जनकः,अवादीत्,
भूपतयश्च,:भूपतयः,च,
करिष्यतीति,:करिष्यति,इति,
पणमाकर्ण्य,:पणम्,आकर्ण्य,
राजपुत्रास्तस्य,:राजपुत्राः,तस्य,
प्रयत्नमकुर्वन्,:प्रयत्नम्,अकुर्वन्,
रावणोऽपि,:रावणः,अपि,
यतमानोऽपि,:यतमानः,अपि,
तिलमात्रमपि,:तिलमात्रम्,अपि,
लज्जितस्ततोऽगच्छत्,:लज्जितः,ततः,अगच्छत्,
प्रभुरभवत्,:प्रभुः,भवत्,
जनकोऽवादीत्,:जनकः,अवादीत्,
निर्वीरमिदानीं,:निर्वीरम्,इदानीं,
धुनरिदं,:धुनः,इदं,
चापमानजनकं,:च,अपमानजनकं,
उत्थायेदमब्रवीत्,:उत्थाय,इदम्,अब्रवीत्,
नेदं,:न,इदं,
धनुरिदं,:धनुः,इदं,
पर्वतानपि,:पर्वतान्,अपि,
संकेतेनाग्रतो,:संकेतेन,अग्रतः,
तद्धनुरग्रहीत्,:तत्,धनुः,अग्रहीत्,
लीलयैव,:लीलया,एव,
तदुद्धृतम्,:तत्,उद्धृतम्,
ज्यामकर्षत्,:ज्याम्,अकर्षत्,
तावत्तत्,:तावत्,तत्,
भूतलेऽपतत्,:भूतले,अपतत्,
महाध्वनिरजायत,:महाध्वनिः,अजायत,
मित्रराजाश्च,:मित्रराजाः,च,
लज्जयावनतशिरसोऽभवन्,:लज्जया,अवनतशिरसः,अभवन्,
जनकोऽयोध्याधिपतिं,:जनकः,अयोध्याधिपतिं,
सम्बन्धिनश्चागच्छन्,:सम्बन्धिनः,च,अगच्छन्,
संजाताश्चर्यास्ते,:संजाताश्चर्याः,ते,
आननन्दुस्ते,:आननन्दुः,ते,
विवाहोऽभवत्,:विवाहः,अभवत्,
दशरथात्मजानामपि,:दशरथात्मजानाम्,अपि,
एवाभवन्,:एव,अभवन्,
शत्रुघ्नश्च,:शत्रुघ्नः,च,
महान्तमानन्दं,:महान्तम्,आनन्दं,
सुखमन्वभवन्,:सुखम्,अन्वभवन्,
लोकव्यवहारांश्च,:लोकव्यवहारान्,च,
राजपुत्रैरकारयन्,:राजपुत्रैः,अकारयन्,
सम्बन्धिनश्च,:सम्बन्धिनः,च,
दशरथोऽपि,:दशरथः,अपि,
महताऽऽदरेण,:महता,आदरेण,
सोऽयं,:सः,अयं,
सर्वेषामभीष्टः,:सर्वेषाम्,अभीष्टः,
चानन्दपूर्वकं,:च,आनन्दपूर्वकं,
कतिचिदहानि,:कतिचित्,अहानि,
विदेहराजमामन्त्रय,:विदेहराजम्,आमन्त्रय,
दशरथोऽयोध्यां,:दशरथः,अयोध्यां,
मित्रैश्च,:मित्रैः,च,
पूजिताश्च,:पूजिताः,च,
अस्मिन्नन्तरे,:अस्मिन्,अन्तरे,
पन्थानमरौत्सीत्,:पन्थानम्,अरौत्सीत्,
क्वास्ते,:क्व,आस्ते,
शिवधनुर्भग्नमित्यपृच्छत्,:शिवधनुः,भग्नम्,इति,अपृच्छत्,
भयभीतोऽभवत्,:भयभीतः,अभवत्,
कृताशीर्वचनस्तदा,:कृत,आशीर्वचनः,तदा,
परशुरामोऽवादीत्,:परशुरामः,अवादीत्,
नामशेषानकरोत्,:नामशेषान्,अकरोत्,
इवात्मानं,:इव,आत्मानं,
धनुर्भङ्क्त्वाऽपि,:धनुः,भङ्क्त्वा,अपि,
कृतापराधस्त्वम्,:कृत,अपराधः,त्वम्,
क्षात्रगर्वस्तर्हि,:क्षात्रगर्वः,तर्हि,
सविनयमवादीत्,:सविनयम्,अवादीत्,
पूज्योऽस्माकम्,:पूज्यः,अस्माकम्,
शत्रुरस्मि,:शत्रुः,अस्मि,
तयोस्तुमुलं,:तयोः,तुमुलं,
परशुरामश्च,:परशुरामः,च,
तानच्छिनत्,:तान्,अच्छिनत्,
पराजितोऽभवत्,:पराजितः,अभवत्,
चामन्यतात्मानं,:च,अमन्यत,आत्मानं,
ततस्तेऽयोध्यां,:ततः,ते,अयोध्यां,
पौरास्तेषां,:पौराः,तेषां,
स्वागतमकुर्वन्,:स्वागतम्,अकुर्वन्,
ततोऽनुरूपाभिर्भार्याभिर्गृहेषु,:ततः,अनुरूपाभिः,भार्याभिः,गृहेषु,
धन्यतममात्मानमपश्यत्,:धन्यतममात्मानम्,अपश्यत्,
अचिन्तयच्च,:अचिन्तयत्,च,
भार्याभिस्तपोवनं,:भार्याभिः,तपोवनं,
चामन्त्र्य,:च,आमन्त्र्य,
युवराजपदेऽभिषेक्तुं,:युवराजपदे,अभिषेक्तुं,
संकल्पमकरोत्,:संकल्पम्,अकरोत्,
बभूवैवं,:बभूव,एवं,
प्रीतिरेषा,:प्रीतिः,एषा,
स्यान्मयि,:स्यात्,मयि,
नेदुश्च,:नेदुः,च,
चैत्येष्वट्टालिकासु,:चैत्येषु,अट्टालिकासु,
वणिजामापणेषु,:वणिजाम्,आपणेषु,
चैव,:च,एव,
वृक्षेष्वालक्षितेषु,:वृक्षेषु,आलक्षितेषु,
समुच्छिताश्चित्राः,:समुच्छिताः,चित्राः,
पताकाश्चाभवंस्तदा,:पताकाः,च,अभवन्,तदा,
शुश्रुवुश्च,:शुश्रुवुः,च,
गत्वाऽवादीत्,:गत्वा,अवादीत्,
चिन्तितमिति,:चिन्तितम्,इति,
तवाज्ञां,:तव,आज्ञां,
करिष्यतीति,:करिष्यति,इति,
त्वमिमं,:त्वम्,इमं,
तदिदानीं,:तत्,इदानीं,
कमप्युपायं,:कमपि,उपायं,
कथयोपायमिति,:कथय,उपायम्,इति,
गत्वेदमवादीत्,:गत्वा,इदम्,अवादीत्,
वरद्वयमिदानीं,:वरद्वयम्,इदानीं,
नृपस्तु,:नृपः,तु,
त्वरितस्ते,:त्वरितः,ते,
इत्यकथयत्,:इति,अकथयत्,
सापि,:सा,अपि,
रामश्चतुर्दश,:रामः,चतुर्दश,
भजतामद्य,:भजताम्,अद्य,
यौवराज्यमकण्टकम्,:यौवराज्यम्,अकण्टकम्,
विषमिव,:विषम्,इव,
मूर्च्छामगात्,:मूर्च्छाम्,अगात्,
कैकेयीमगर्हन्,:कैकेयीम्,अगर्हन्,
रामचन्द्रस्तु,:रामचन्द्रः,तु,
पितुरादेशानुष्ठाने,:पितुः,आदेशानुष्ठाने,
तत्परोऽभवत्,:तत्परः,अभवत्,
जगदिदम्,:जगत्,इदम्,
यत्राभिषेकमङ्गलगीतानि,:यत्र,अभिषेकमङ्गलगीतानि,
तत्रैवेदानीं,:तत्र,एव,इदानीं,
कृतेऽभिषेकमण्डपं,:कृते,अभिषेकमण्डपं,
कृतमासीत्,:कृतम्,आसीत्,
तस्यैव,:तस्य,एव,
तस्यैव,:तस्य,एव,
दण्डकारण्यमगच्छत्,:दण्डकारण्यम्,अगच्छत्,
पश्चात्तेपिरे,:पश्चात्,तेपिरे,
वशिष्ठश्च,:वशिष्ठः,च,
भरतमानाय्य,:भरतम्,आनाय्य,
नृपस्योत्तरक्रियामकारयन्,:नृपस्य,उत्तरक्रियाम्,अकारयन्,
मातरमनिन्दत्,:मातरम्,अनिन्दत्,
नैच्छत्,:न,ऐच्छत्,
निर्वेदमन्वभवत्,:निर्वेदम्,अन्वभवत्,
मातरमुवाच,:मातरम्,उवाच,
तवाहं,:तव,अहं,
व्यसनमारब्धं,:व्यसनम्,आरब्धं,
कृत्वाऽवसत्,:कृत्वा,अवसत्,
अस्मिन्नन्तरे,:अस्मिन्,अन्तरे,
राममुपसृत्य,:रामम्,उपसृत्य,
पुनरयोध्यां,:पुनः,अयोध्यां,
रामस्तु,:रामः,तु,
त्वभिषिच्याथ,:तु,अभिषिच्य,अथ,
नन्दिग्रामेऽवसत्,:नन्दिग्रामे,अवसत्,
रामश्चित्रकूटं,:रामः,चित्रकूटं,
मुनीनामाश्रमान्,:मुनीनाम्,आश्रमान्,
नातिमात्रं,:न,अतिमात्रं,
पुनस्ते,:पुनः,ते,
पञ्चवटीमगच्छन्,:पञ्चवटीम्,अगच्छन्,
राममयाचत,:रामम्,अयाचत,
रामस्तु,:रामः,तु,
समेतोऽस्मि,:समेतः,अस्मि,
वियुक्तस्त्वां,:वियुक्तः,त्वां,
स्वीकरिष्यतीति,:स्वीकरिष्यति,इति,
तामवादीत्,:ताम्,अवादीत्,
सापि,:सा,अपि,
तथैव,:तथा,एव,
चाच्छिनत्,:च,अच्छिनत्,
वाक्यमब्रवीत्,:वाक्यम्,अब्रवीत्,
हतान्येकेन,:हतानि,एकेन,
खरश्च,:खरः,च,
कथंचिन्तमुक्ताऽहं,:कथंचित्,तम्,उक्ता,अहं,
विरूपितास्मि,:विरूपिता,अस्मि,
भर्त्तुर्नित्यं,:भर्त्तुः,नित्यं,
नैवंरूपा,:न,एवंरूपा,
रूपेणाप्रतिमा,:रूपेण,अप्रतिमा,
तवानुरूपा,:तव,अनुरूपा,
स्यात्त्वं,:स्यात्,त्वं,
तस्यास्तथा,:तस्याः,तथा,
शीघ्रमुद्ध्रियतां,:शीघ्रम्,उद्ध्रियतां,
जयार्थमिह,:जयार्थम्,इह,
मनश्चक्रे,:मनः,चक्रे,
तस्याभिमतमुत्तमम्,:तस्य,अभिमतम्,उत्तमम्,
त्रिदिवोपमम्,:त्रिदिवः,उपमम्,
तथापश्यत्,:तथा,अपश्यत्,
न्यग्रोधमृषिभिर्वृतम्,:न्यग्रोधम्,ऋषिभिः,वृतम्,
सर्वकामैरमानुषैः,:सर्वकामैः,अमानुषैः,
केनार्थेन,:केन,अर्थेन,
पुनस्त्वं,:पुनः,त्वं,
तूर्णमेवमिहागतः,:तूर्णम्,एवम्,इह,आगतः,
वाक्यमब्रवीत्,:वाक्यम्,अब्रवीत्,
आर्तोऽस्मि,:आर्तः,अस्मि,
चार्तस्य,:च,आर्तस्य,
दूषणश्च,:दूषणः,च,
त्रिशिराश्च,:त्रिशिराः,च,
सहायस्तत्र,:सहायः,तत्र,
सौवर्णस्त्वं,:सौवर्णः,त्वं,
गृह्यतामिति,:गृह्यताम्,इति,
चाभिधास्यति,:च,अभिधास्यति,
ततस्तयोरपाये,:ततः,तयोः,अपाये,
राहुश्चन्द्रप्रभामिव,:राहुः,चन्द्रप्रभाम्,इव,
मघवानिव,:मघवान्,इव,
चैव,:च,एव,
चैव,:च,एव,
यदिच्छसि,:यत्,इच्छसि,
वाक्यमयुक्तं,:वाक्यम्,अयुक्तं,
चेत्करोषि,:चेत्,करोषि,
त्वामहमद्य,:त्वाम्,अहम्,अद्य,
कार्यमवश्यं,:कार्यम्,अवश्यं,
बलादपि,:बलात्,अपि,
मृत्युमवलोक्य,:मृत्युम्,अवलोक्य,
रामहस्तादेव,:रामहस्तात्,एव,
वरमित्यालोच्य,:वरम्,इति,आलोच्य,
आश्रमस्यान्तिकेऽचरत्,:आश्रमस्य,अन्तिके,अचरत्,
तमपश्यत्,:तम्,अपश्यत्,
रामोऽपि,:रामः,अपि,
तमन्वगच्छत्,:तम्,अन्वगच्छत्,
सुदूरमनयत्,:सुदूरम्,अनयत्,
रामस्तीक्ष्णतरेण,:रामः,तीक्ष्णतरेण,
इत्याक्रोशत्,:इति,आक्रोशत्,
तदाक्रोशं,:तदा,आक्रोशं,
कर्त्तुमन्वगच्छत्,:कर्त्तुम्,अन्वगच्छत्,
अस्मिन्नन्तरे,:अस्मिन्,अन्तरे,
आश्रमद्वारमगच्छत्,:आश्रमद्वारम्,अगच्छत्,
याचनामकरोत्,:याचनाम्,अकरोत्,
अङ्‌केनादाय,:अङ्‌केन,आदाय,
रथमारोपयत्तदा,:रथम्,अरोपयत्,तदा,
विचेष्टमानामादाय,:विचेष्टमानाम्,आदाय,
उत्पपाताथ,:उत्पपात,अथ,
नापश्यताम्,:न,अपश्यताम्,
विचरतोस्तयोः,:विचरतोः,तयोः,
सख्यमभवत्,:सख्यम्,अभवत्,
राजाऽभवत्,:राजा,अभवत्,
चासीत्,:च,आसीत्,
सुग्रीवोऽपि,:सुग्रीवः,अपि,
विवासितोऽभूत्,:विवासितः,अभूत्,
सख्यमभवत्,:सख्यम्,अभवत्,
रामश्च,:रामः,च,
पुनस्तस्य,:पुनः,तस्य,
राजानमकरोत्,:राजानम्,अकरोत्,
चाभवताम्,:च,अभवताम्,
पुनर्वनेषु,:पुनः,वनेषु,
भ्रमद्भिस्तैर्जटायुर्नाम,:भ्रमद्भिः,तैः,र्जटायुः,नाम,
दर्शितश्च,:दर्शितः,च,
पञ्चत्वमगच्छत्,:पञ्चत्वम्,अगच्छत्,
रामश्चापि,:रामः,च,अपि,
पितुर्मित्रस्य,:पितुः,मित्रस्य,
तस्योत्तरक्रियामकरोत्,:तस्य,उत्तरक्रियाम्,अकरोत्,
ततस्तौ,:ततः,तौ,
वानराश्च,:वानराः,च,
समुद्रवेलामध्यतिष्ठन्,:समुद्रवेलाम्,अध्यतिष्ठन्,
समुद्रमुल्लंघ्य,:समुद्रम्,उल्लंघ्य,
लङ्‌कामविशत्,:लङ्‌काम्,अविशत्,
रावणस्याशोकवाटिकायां,:रावणस्य,आशोकवाटिकायां,
सीतामपश्यत्,:सीताम्,अपश्यत्,
राक्षस्योऽभवन्,:राक्षस्यः,अभवन्,
विधायाशोकवृक्षमेकमारोहत्,:विधाय,अशोकवृक्षम्,एकम्,आरोहत्,
स्वस्वगृहमगच्छन्,:स्वस्वगृहम्,अगच्छन्,
जानकीमुपसृत्य,:जानकीम्,उपसृत्य,
प्रहितमङ्गुलीयकमभिज्ञानमदर्शयत्,:प्रहितम्,अङ्गुलीयकम्,अभिज्ञानम्,अदर्शयत्,
रामस्याङ्गुलीयकं,:रामस्य,अङ्गुलीयकं,
प्रीताऽभवत्,:प्रीता,अभवत्,
कुशलमपृच्छत्,:कुशलम्,अपृच्छत्,
चापि,:च,अपि,
शीघ्रमेव,:शीघ्रम्,एव,
हनिष्यतीति,:हनिष्यति,इति,
फलोद्यानमविशत्,:फलोद्यानम्,अविशत्,
भृत्यास्तं,:भृत्याः,तं,
निग्रहीतुमन्वधावन्,:निग्रहीतुम्,अन्वधावन्,
हताश्चापि,:हताः,च,अपि,
कश्चिदद्भुतः,:कश्चित्,अद्भुतः,
कपिरागच्छद्',:कपिः,आगच्छत्,',
समक्षमुपास्थापयत्,:समक्षम्,उपास्थापयत्,
भवतीत्यपराधिनोऽस्य,:भवति,इति,अपराधिनः,अस्य,
प्रासादशिखरमारुरोह,:प्रासादशिखरम्,आरुरोह,
चैवं,:च,एवं,
राममुपसृत्य,:रामम्,उपसृत्य,
हर्षमुपागमन्,:हर्षम्,उपागमन्,
मारुतिरागत्य,:मारुतिः,आगत्य,
चूडामणिमभिज्ञानम्,:चूडामणिम्,अभिज्ञानम्,
समुद्रश्च,:समुद्रः,च,
शीघ्रमेव,:शीघ्रम्,एव,
असंख्यमासीत्,:असंख्यम्,आसीत्,
सेनापतिरासीत्,:सेनापतिः,आसीत्,
अन्येऽपि,:अन्ये,अपि,
नीलश्च,:नीलः,च,
चिन्ताऽऽसीत्,:चिन्ता,आसीत्,
मार्गमयाचत,:मार्गम्,अयाचत,
सेतुमकुर्वाताम्,:सेतुम्,अकुर्वाताम्,
अस्मिन्नन्तरे,:अस्मिन्,अन्तरे,
गत्वाऽवादीत्,:गत्वा,अवादीत्,
शत्रुर्महाबली,:शत्रुः,महाबली,
रावणोऽकथयत्,:रावणः,अकथयत्,
क्षणेनैव,:क्षणेन,एव,
वानराश्च,:वानराः,च,
कुलकलङ्‌कोऽसि,:कुलकलङ्‌कः,असि,
शरणमगच्छत्,:शरणम्,अगच्छत्,
समुद्रमुत्तीर्य,:समुद्रम्,उत्तीर्य,
दूतमङ्गदं,:दूतम्,अंगदं,
रामसंदेशमकथयत्,:रामसंदेशम्,अकथयत्,
रावणस्तु,:रावणः,तु,
उच्चैरगर्जत्,:उच्चैः,अगर्जत्,
तदुत्थापनाय,:तत्,उत्थापनाय,
शक्तोऽभवत्,:शक्तः,अभवत्,
बहिरगच्छत्,:बहिः,अगच्छत्,
रामरावणयोर्युद्धम्,:रामरावणयोः,योद्धम्,
राक्षसैर्विविधानि,:राक्षसैः,विविधानि,
प्रस्तरैरुन्मूलितैर्वृक्षैरपि,:प्रस्तरैः,उन्मूलितैः,वृक्षैः,अपि,
प्राणांस्त्यक्त्वा,:प्राणान्,त्यक्त्वा,
यमपुरातिथयोऽवन्,:यमपुरातिथयः,अवन्,
पौत्राश्चापि,:पौत्राः,च,अपि,
भुशुण्डीध्वनयश्च,:भुशुण्डीध्वनयः,च,
रणक्षेत्रमवातरत्,:रणक्षेत्रम्‌,अवातरत्,
एवाभवत्,:एव,अभवत्,
पन्नगानिव,:पन्नगान्,इव,
चैव,:च,एव,
ग्रहीतुमधावत्,:ग्रहीतुम्,अधावत्,
नाहं,:न,अहं,
कुम्भकर्णोऽहमागतः,:कुम्भकर्णः,अहम्,आगतः,
दानवाश्च,:दानवाः,च,
ततस्तौ,:ततः,तौ,
शिरश्चापि,:शिरः,च,अपि,
नात्यजत्,:न,अत्यजत्,
रुण्डोऽपि,:रुण्डः,अपि,
बाणैस्तस्य,:बाणैः,तस्य,
तदागत्य,:तदा,आगत्य,
युद्धमकरोत्,:युद्धम्,अकरोत्,
रामचन्द्रमवादीत्,:रामचन्द्रम्,अवादीत्,
लब्धवरोऽयं,:लब्धवरः,अयं,
दृष्ट्वास्य,:दृष्ट्वा,अस्य,
मरिष्यतीति,:मरिष्यति,इति,
विक्रान्तमेवावामेनं,:विक्रान्तम्,एव,आवाम्,एनं,
ततोऽवसरं,:ततः,अवसरं,
पुच्छेनास्पृशत्,:पुच्छेन,अपृशत्,
पृष्ठतोऽपश्यताम्,:पृष्ठतः,अपश्यताम्,
तत्क्षणादेव,:तत्क्षणात्,एव,
मारुतिश्च,:मारुतिः,च,
भूर्भूमिधराश्च,:भूः,भूमिधराः,च,
हर्षाच्च,:हर्षात्,च,
देवास्तुमुलं,:देवाः,तुमुलं,
ततस्तु,:ततः,तु,
विनेदुरुच्चैर्व्यथिता,:विनेदुः,उच्चैः,व्यथिता,
समीक्ष्यैव,:समीक्ष्य,एव,
रावणोऽशोचीत्,:रावणः,अशोचीत्,
इन्द्रजितमात्मनः,:इन्द्रजितम्,आत्मनः,
युद्धभूमिमाजगाम,:युद्धभूमिम्,आजगाम,
वीरश्चासीत्,:वीरः,च,आसीत्,
लक्ष्मणस्तेन,:लक्ष्मणः,तेन,
युद्धमकरोत्,:युद्धम्,अकरोत्,
रामोऽतिशयं,:रामः,अतिशयं,
शोकमकरोत्‌,:शोकम्,अकरोत्‌,
पञ्चत्वमापन्नः,:पञ्चत्वम्,आपन्नः,
प्राणैर्मे,:प्राणैः,मे,
लज्जतीव,:लज्जति,इव,
भ्रश्यतीव,:भ्रश्यति,इव,
दृष्टिर्बाष्पवशं,:दृष्टिः,बाष्पवशं,
चोपजायते,:च,उपजायते,
शयानमेव,:शयानम्,एव,
वैद्यमुत्थाप्य,:वैद्यम्,उत्थाप्य,
नामौषधिं,:नाम,औषधिं,
हनूमन्तमादिदेश,:हनूमन्तम्,आदिदेश,
चैव,:च,एव,
विशल्यकरिणीमपि,:विशल्यकरिणीम्,अपि,
चैव,:च,एव,
क्षिप्रमागन्तुमर्हसि,:क्षिप्रम्,आगन्तुम्,अर्हसि,
प्राणैर्योज्य,:प्राणैः,योज्य,
परिचेतुमशक्नुवानस्तस्य,:परिचेतुम्,अशक्नुवानः,तस्य,
शिखरमेव,:शिखरम्,एव,
भेषजमन्विष्य,:भेषजम्,अन्विष्य,
पुनश्च,:पुनः,च,
युद्धमकरोत्,:युद्धम्,अकरोत्,
तयोस्तुमुलं,:तयोः,तुमुलं,
युद्धमभवत्,:युद्धम्‌,अभवत्,
शिरोऽच्छिनत्,:शिरः,अच्छिनत्,
गतोऽसि,:गतः,असि,
अराममरावणं,:अरामम्,अरावणं,
जगदद्य,:जगत्,अद्य,
रणक्षेत्रमवातरत्,:रणक्षेत्रम्,अवातरत्,
रामोऽपि,:रामः,अपि,
तमभिययौ,:तम्,अभिययौ,
विंशतिश्च,:विंशतिः,च,
बाहवोऽभवन्,:बाहवः,अभवन्,
शरवर्षणमकरोत्,:शरवर्षणम्,अकरोत्,
रावणोऽपि,:रावणः,अपि,
शस्त्रास्त्रैरयुध्यत्,:शस्त्रास्त्रैः,अयुध्यत्,
रामरावणयोर्युद्धं,:रामरावणयोः,युद्धं,
रामरावणयोरिव,:रामरावणयोः,इव,
चैतानि,:च,एतानि,
पुनरुद्भूतानि,:पुनः,उद्भूतानि,
मुखमपश्यत्,:मुखम्,अपश्यत्,
काठिन्यमनुभवन्,:काठिन्यम्,अनुभवन्,
बाणममुञ्चत्,:बाणम्,अमुञ्चत्,
रावणोऽपि,:रावणः,अपि,
महाशाखीव,:महाशाखी,इव,
पृथिव्यामपतत्,:पृथिव्याम्,अपतत्,
जयध्वनीनकुर्वन्,:जयध्वनीन्,अकुर्वन्,
रावणमवधीत्,:रावणम्,अवधीत्,
प्रसेदुर्विमलं,:प्रसेदुः,विमलं,
नभोऽभवत्,:नभः,अभवत्,
चारणास्तुष्टुवुः,:चारणाः,तुष्टुवुः,
पुनर्लङ्‌का,:पुनः,लङ्‌का,
चाभवत्,:च,अभवत्,
लङ्‌कामविशताम्,:लङ्‌काम्,अविशताम्,
सत्कारमकरोत्,:सत्कारम्,अकरोत्,
ततस्ते,:ततः,ते,
अशोकवनमगच्छन्,:अशोकवनम्,अगच्छन्,
कपयस्तां,:कपयः,तां,
समीपेऽनयन्,:समीपे,अनयन्,
प्रसन्नावभवताम्,:प्रसन्नौ,अभवताम्,
रामोऽवादीत्,:रामः,अवादीत्,
एषाऽसि,:एषा,असि,
यदनुष्ठेयं,:यत्,अनुष्ठेयं,
तदेतदुपपादितम्,:तत्,एतत्,उपपादितम्,
गतोऽस्म्यन्तममर्षस्य,:गतः,अस्मि,अन्तम,अमर्षस्य,
अवमानश्च,:अवमानः,च,
शत्रुश्च,:शत्रुः,च,
युगपदुद्धृतौ,:युगपत्,उद्धृतौ,
हृष्टमद्य,:हृष्टम्‌,अद्य,
प्रभवामीह,:प्रभवामि,इह,
चात्मनः,:च,आत्मनः,
सम्प्राप्तमवमानं,:सम्प्राप्तम्,अवमानं,
यस्तेजसा,:यः,तेजसा,
कस्तस्य,:कः,तस्य,
पुरुषार्थोऽस्ति,:पुरुषार्थः,अस्ति,
पुरुषस्याल्पतेजसः,:पुरुषस्य,अल्पतेजसः,
नेत्रातुरस्येव,:नेत्रातुरस्य,इव,
प्रतिकूलासि,:प्रतिकूला,असि,
तद्‌गच्छ,:तत्,‌गच्छ,
ह्यभ्यनुज्ञाता,:हि,अभ्यनुज्ञाता,
कार्यमस्ति,:कार्यम्,अस्ति,
पुनरादद्यात्,:पुनः,आदद्यात्,
एवमुक्ता,:एवम्,उक्ता,
प्रख्यापिताऽभवत्,:प्रख्यापिता,अभवत्,
शनैर्गद्‌गदया,:शनैः,गद्‌गदया,
भर्तारमिदमब्रवीत्,:भर्तारम्,इदम्,अब्रवीत्,
मामसदृशं,:माम्,असदृशं,
वाक्यमीदृशं,:वाक्यम्,ईदृशं,
प्राकृतामिव,:प्राकृताम्,इव,
नरशार्दूलक्रोधमेवानुवर्तता,:नरशार्दूलक्रोधम्,एव,अनुवर्तता,
लघुनेव,:लघुना,एव,
स्त्रीत्वमेव,:स्त्रीत्वम्,एव,
जनकान्नोत्पत्तिर्वसुधातलात्,:जनकात्,न,उत्पत्तिः,वसुधातलात्,
पाणिर्बाल्ये,:पाणिः,बाल्ये,
भक्तिश्च,:भक्तिः,च,
व्यसनस्यास्य,:व्यसनस्य,अस्य,
नाहं,:न,अहं,
जीवितुमुत्सहे,:जीवितुम्,उत्सहे,
रामस्याभिप्रायं,:रामस्य,अभिप्रायं,
लक्ष्मणश्चितामकरोत्,:लक्ष्मणः,चिताम्,अकरोत्,
शनैरग्नेः,:शनैः,अग्नेः,
बद्धांञ्जलिरुवाच,:बद्धांञ्जलिः,उवाच,
वापि,:वा,अपि,
नातिचराम्यहम्,:न,अतिचरामि,अहम्,
हेति,:हा,इति,
रामोपि,:रामः,अपि,
ततोऽङ्‌केन,:ततः,अङ्‌केन,
सीतामादाय,:सीताम्,आदाय,
मूर्त्तिमानाशु,:मूर्त्तिमान्,आशु,
वैदेहीमङ्‌के,:वैदेहीम्,अङ्‌के,
अब्रवीच्च,:अब्रवीत्,च,
पापमस्यां,:पापम्,अस्यां,
किञ्चिदभिधातव्यमहमाज्ञापयामि,:किञ्चित्,अभिधातव्यम्,अहम्,आज्ञापयामि,
इत्यग्निदेवस्य,:इति,अग्निदेवस्य,
रामोऽवादीत्,:रामः,अवादीत्,
पवित्रास्ति,:पवित्रा,अस्ति,
लोकप्रत्ययार्थमस्याः,:लोकप्रत्ययार्थम्,अस्याः,
जयध्वनिरभूत्,:जयध्वनिः,अभूत्,
पुनर्मिलनं,:पुनः,मिलनं,
स्वर्गादागत्य,:स्वर्गात्,आगत्य,
इन्द्रोऽमृतं,:इन्द्रः,अमृतं,
वनवासस्यावधिः,:वनवासस्य,अवधिः,
समाप्ताभवत्,:समाप्ता,अभवत्,
रामोऽयोध्यां,:रामः,अयोध्यां,
पुनस्तानपूजयत्,:पुनः,तान्,अपूजयत्,
रामस्यारोहणाय,:रामस्य,आरोहणाय,
चापृच्छ्य,:च,आपृच्छ्य,
विमानमारुह्य,:विमानम्,आरुह्य,
विभीषणश्चापि,:विभीषणः,च,अपि,
विमानमारुह्य,:विमानम्,आरुह्य,
ताननुजग्मुः,:तान्,अनुजग्मुः,
गच्छन्तस्ते,:गच्छन्तः,ते,
स्थानान्यपश्यन्,:स्थानानि,अपश्यन्,
सीतामाह,:सीताम्,आह,
पश्यामलायाद्विभक्तं,:पश्य,अमलायात्,विभक्तं,
फेनिलमम्बुराशिम्,:फेनिलम्,अम्बुराशिम्,
छायापथेनेव,:छायापथेन,इव,
शरत्प्रसन्नमाकाशमाविष्कृतचारुतारम्,:शरत्प्रसन्नम्,आकाशमाविष्कृतचारुतारम्,
ततस्ते,:ततः,ते,
पम्पासरोवरमृष्यमूकं,:पम्पासरोवरम्,ऋष्यमूकं,
चोल्लंघ्य,:च,उल्लंघ्य,
विमानमयोध्यामुपजगाम,:विमानम्,अयोध्याम्,उपजगाम,
आकाशमार्गादेव,:आकाशमार्गात्,एव,
सीतामुवाच,:सीताम्,उवाच,
प्रत्यर्पयिष्यत्यनघां,:प्रत्यर्पयिष्यति,अनघां,
त्वामिव,:त्वाम्,इव,
पश्चादवस्थापितवाहिनीकः,:पश्चात्,अवस्थापितवाहिनीकः,
वृद्धैरमात्यैः,:वृद्धैः,अमात्यैः,
मामर्घ्यपाणिर्भरतोऽभ्युपैति,:माम्,अर्घ्यपाणिः,भरतः,अभ्युपैति,
नन्दिग्रामेऽवातरत्,:नन्दिग्रामे,अवातरत्,
पादयोरपतत्,:पादयोः,अपतत्,
ततश्च,:ततः,च,
ततस्तेऽयोध्यामविशन्,:ततः,ते,अयोध्याम्,अविशन्,
मन्त्रिणश्च,:मन्त्रिणः,च,
लक्ष्मणाश्च,:लक्ष्मणाः,च,
रथमारुह्य,:रथम्,आरुह्य,
ध्वजपताकातोरणैर्मङ्गलकलशैश्च,:ध्वजपताकातोरणैः,मङ्गलकलशैः,च,
भूषिताऽभवत्,:भूषिता,अभवत्,
अट्टालिकाभ्यस्तेषामुपरि,:अट्टालिकाभ्यः,तेषाम्,उपरि,
पुष्पाण्यवाकिरन्,:पुष्पाणि,अवाकिरन्,
महान्तमानन्दं,:महान्तम्,आनन्दं,
रथादवतीर्य,:रथात्,अवतीर्य,
लक्ष्मणश्च,:लक्ष्मणः,च,
आनन्देनामृतासिक्ते,:आनन्देन,अमृतासिक्ते,
प्रासादमगच्छत्,:प्रासादम्,अगच्छत्,
सर्वोपि,:सर्वः,अपि,
हर्षनिर्भरोऽभवत्,:हर्षनिर्भरः,अभवत्,
शिरस्यञ्जलिमाधाय,:शिरस्यञ्जलिम्,आधाय,
कैकेय्यानन्दवर्धनः,:कैकेय्यी,आनन्दवर्धनः,
राज्यमिदं,:राज्यम्,इदं,
तद्ददामि,:तत्,ददामि,
पुनस्तुभ्यं,:पुनः,तुभ्यं,
त्वमददा,:त्वम्,अददा,
जगदद्याभिषिक्तं,:जगत्,अद्य,अभिषिक्तं,
त्वामनुपश्यतु,:त्वाम्,अनुपश्यतु,
प्रतपन्तमिवादित्यं,:प्रतपन्तम्,इव,आदित्यं,
अथाभिषेकं,:अथ,अभिषेकं,
मङ्गलान्यभवन्,:मङ्गलानि,अभवन्,
सहस्रशोऽयोध्यां,:सहस्रशः,अयोध्यां,
अमात्यैर्ब्राह्मणैश्चैव,:अमात्यैः,ब्राह्मणैः,च,एव,
प्रकृतिभिर्वृतः,:प्रकृतिभिः,वृतः,
नक्षत्रैरिव,:नक्षत्रैः,इव,
ऋषयोऽभिषेकमङ्गलमन्वतिष्टन्,:ऋषयः,अभिषेकमङ्गलम्,अन्वतिष्टन्,
मित्रेभ्यश्चाददात्,:मित्रेभ्यः,च,अददात्,
वानरवृद्धाश्च,:वानरवृद्धाः,च,
चान्ये,:च,अन्ये,
रत्नैश्च,:रत्नैः,च,
वाचोभिर्यथार्हं,:वाचोभिः,यथार्हं,
जग्मुरेव,:जग्मुः,एव,
पृथिवीमन्वपालयत्,:पृथिवीम्,अन्वपालयत्,
प्रजानामभवन्,:प्रजानाम्,अभवन्,
जगदभूत्,:जगत्,अभूत्,
