खादन्नपि,:खादन्,अपि,
कर्तव्यमेव।,:कर्तव्यम्,एव।,
श्रवणमाध्यममेव,:श्रवणमाध्यमम्,एव,
साधनमासीत्।,:साधनम्,आसीत्।,
केवलमध्ययनमेव,:केवलमध्ययनम्,एव,
प्राप्तवानासीत्।,:प्राप्तवान्,आसीत्।,
तेनापि,:तेन,अपि,
तत्फलम्।,:तत्,फलम्।,
आश्चर्यमभवत्।,:आश्चर्यम्,भवत्।,
नोक्तम्।,:न,उक्तम्।,
नोक्तं,:न,उक्तं,
विद्यारहस्यमपि,:विद्यारहस्यम्,अपि,
कार्यसमयेपि,:कार्यसमये,अपि,
स्वल्पेनैव,:स्वल्पेन,एव,
शास्त्रानुमोदितमेव।,:शास्त्रानुमोदितम्,एव।,
तेनैव,:तेन,एव,
भवितुमर्हति,:भवितुम्,अर्हति,
कथमद्य,:कथम्,अद्य,
चेदेव,:चेत्,एव,
पालयितुमिच्छसि।,:पालयितुम्,इच्छसि।,
यथाज्ञापयति,:यथा,आज्ञापयति,
ममापि,:मम,अपि,
गन्तव्यमिति,:गन्तव्यम्,इति,
राज्यमासीत्।,:राज्यम्,आसीत्।,
कल्याणार्थमेव,:कल्याणार्थम्,एव,
सैन्यमपि,:सैन्यम्,अपि,
तादृशमेव,:तादृशम्,एव,
सबलमासीत्।,:सबलम्,आसीत्।,
राजचिह्नमिव,:राजचिह्नम्,इव,
साहचर्यमासीत्।,:साहचर्यम्,आसीत्।,
प्रतीकारसामर्थ्येपि,:प्रतीकारसामर्थ्ये,अपि,
अतिथिदेवो,भव,:अतिथिदेवः,भव,
परमसौभाग्यमेव।,:परमसौभाग्यम्,एव।,
तृप्तमपि,:तृप्तम्,अपि,
कर्तुमुत्सहे।,:कर्तुम्,उत्सहे।,
ममोपरि,:मम,उपरि,
भयमनुभवन्ति,:भयम्,अनुभवन्ति,
निर्विघ्नमेव,:निर्विघ्नम्,एव,
त्रायत,इत्युदग्रः,:त्रायते,इति,उदग्रः,
इत्युदग्रः,:इति,उदग्रः,
शब्दो,भुवनेषु,:शब्दः,भुवनेषु,
विषयेपि,:विषये,अपि,
भवितुमर्हति,:भवितुम्,अर्हति,
इत्येव,:इति,एव,
पूर्वजानामपेक्षया,:पूर्वजानाम्,अपेक्षया,
स्वकार्यपूरणार्थमहमेव,:स्वकार्यपूरणार्थम्,अहम्,एव,
सर्वामपि,:सर्वाम्,अपि,
काण्डमात्रमेव,:काण्डमात्रम्,एव,
विश्वजिद्यज्ञं,:विश्वजित्,यज्ञं,
उचितमेव।,:उचितम्,एव।,
प्राप्तुमहं,:प्राप्तुम्,अहं,
एवमुक्त्वा,:एवम्,उक्त्वा,
प्रतिगन्तुमुद्युक्तः।,:प्रतिगन्तुम्,उद्युक्तः।,
दातुमिच्छति।,:दातुम्,इच्छति।,
दातुमिच्छति।,:दातुम्,इच्छति।,
कथमहं,:कथम्,अहं,
अयमात्मा,:अयम्,आत्मा,
मत्समीपमागत्य,:मत्समीपम्,आगत्य,
आनेतुमादिष्टवान्,:आनेतुम्,आदिष्टवान्,
वृत्तान्तमकथयत्।,:वृत्तान्तम्,अकथयत्।,
नेच्छामि।,:न,इच्छामि।,
सुखप्रदानमेव,:सुखप्रदानम्,एव,
अग्नित्रयमस्ति।,:अग्नित्रयम्,अस्ति।,
चतुर्थोग्निरिव,:चतुर्थः,अग्निः,इव,
तदङ्गीकृतवान्।,:तत्,अङ्गीकृतवान्।,
दुस्तरश्च,:दुस्तरः,च,
प्राणपणेपि,:प्राणपणे,अपि,
नो,बहिः।,:नः,बहिः।,
पितुर्वचनं,:पितुः,वचनं,
धैर्यवानासीत्।,:धैर्यवान्,आसीत्।,
रघुणापि,:रघुणा,अपि,
चिन्तनमारब्धं,:चिन्तनम्,आरब्धं,
केबेरमुद्दिश्य,:केबेरम्,उद्दिश्य,
त्रिभुवनेपि,:त्रिभुवने,अपि,
पूर्णमस्ति,:पूर्णम्,अस्ति,
महद्,आश्चर्यं,:महत्,आश्चर्यं,
चाभवत्।,:च,अभवत्।,
सत्यमेव,:सत्यम्,एव,
स्वयमेव,:स्वयम्,एव,
शूरमेव,:शूरम्,एव,
किमपि,:किम्,अपि,
सत्यमेव।,:सत्यम्,एव।,
स्वयमेव,:स्वयम्,एव,
यावदावश्यकं,:यावत्,आवश्यकं,
समर्पणीयमिति,:समर्पणीयम्,इति,
यावद्,अपेक्षितमासीत्,:यावत्,अपेक्षितम्,आसीत्,
अपेक्षितमासीत्,:अपेक्षितम्,आसीत्,
तावद्,एव,:तावत्,एव,
गन्तुमुद्युक्तः।,:गन्तुम्,उद्युक्तः।,
धनमाश्रमव्यवस्थार्थं,:धनम्,आश्रमव्यवस्थार्थं,
एतादृशानामुदारशीलानां,:एतादृशानाम्,उदारशीलानां,
रघुमहाराजमुक्तवान्,:रघुमहाराजम्,उक्तवान्,
किमाश्चर्यम्।,:किम्,आश्चर्यम्।,
