विद्वद्वरकृष्णभट्टकृतया,:विद्वत्,वरकृष्णभट्टकृतया,
विनोदिनीकृतैव,:विनोदिनीकृता,एव,
प्रथितैरभीष्टम्,:प्रथितैः,अभीष्टम्,
श्रीमाधवस्तार्किकः,:श्रीमाधवः,तार्किकः,
ममापि,:मम,अपि,
तत्रैव,:तत्र,एव,
भूयात्+यत्र,:भूयात्,यत्र,
भवानित्यादौ,:भवान्,इत्यादौ,
भविष्यतीत्यादिबोधस्यानुभवसिद्धस्यानुपपत्तिरिति,:भविष्यति,इत्यादिबोधस्य,अनुभवसिद्धस्य,अनुपपत्तिः,इति,
तज्‌ज्ञानजन्यपदार्थोपस्थितेर्हेतुतया,:तज्‌ज्ञानजन्यपदार्थोपस्थितेः,हेतुतया,
एवन्तादृशतादृशान्वयबोधे,:एवम्,तादृशतादृशान्वयबोधे,
व्यङ्ग्यार्थबोधेऽपि,:व्यङ्ग्यार्थबोधे,अपि,
वृत्तित्वस्वीकर्तृणामालङ्‌कारिकाणांमते,:वृत्तित्वस्वीकर्तृणाम्,आलङ्‌कारिकाणाम्,मते,
तस्याहेतुत्वाद्,:तस्य,अहेतुत्वाद्,
वेदनामित्यादौ,:वेदानाम्,इत्यादौ,
हन्तीति,:हन्ति,इति,
हन्तीत्यर्थबोधस्याभिधाभूलव्यञ्जनातस्तेषामुपपत्तिः,:हन्ति,इत्यर्थबोधस्य,अभिधाभूलव्यञ्जनातस्तेषाम्,उपपत्तिः,
शक्त्यैव,:शक्त्या,एव,
तादृशबोधसम्भवेऽभिधामूलव्यञ्जनास्वीकारानुपपत्तेः,:तादृशबोधसम्भवे,अभिधामूलव्यञ्जनास्वीकारानुपपत्तेः,
हेतुतायास्तैः,:हेतुतायाः,तैः,
गौरवाच्च,:गौरवात्,च,
नुभवसिद्धस्यानुपपत्तिरित्यगत्या,:अनुभवसिद्धस्य,अनुपपत्तिः,इत्यगत्या,
वृत्तित्वमङ्गीकार्यमिति,:वृत्तित्वम्,अङ्गीकार्यम्,इति,
मनसैव,:मनसा,एव,
मरणमित्यादिमानसोबोधः,:मरणम्,इत्यादिमानसोबोधः,
स्वरूपसत्याहेतुत्वोपगमान्मरणपदार्थोस्थितिमन्तरेणैव,:स्वरूपसत्याहेतुत्वोपगमान्मरणपदार्थोस्थितिम्,अन्तरेण,एव,
किंवा,:किम्,वा,
शाब्दबोधजनकत्वमित्यत्र,:शाब्दबोधजनकत्वम्,इत्यत्र,
अतिरिक्तायास्तस्याः,:अतिरिक्तायाः,तस्याः,
शाब्दबोधजनकत्वस्योक्तगुरुतरकार्यकारणभावद्वयस्य,:शाब्दबोधजनकत्वस्य,उक्तगुरुतरकार्यकारणभावत्,वयस्य,
कल्पनामपेक्ष्य,:कल्पनाम्,अपेक्ष्य,
स्फुटतरलाघवादित्यलमतिविस्तरेण,:स्फुटतरलाघवात्,इत्यलम्,अतिविस्तरेण,
सुधीभिर्विभाव्ये,:सुधीभिः,विभाव्ये,
घटवद्‌भूतलमित्यानुपूर्वीघटकघटपदप्रयोज्यशाब्द-,:घटवद्‌भूतलम्,इत्यानुपूर्वीघटकघटपदप्रयोज्यशाब्द-,
भूतलेऽपि,:भूतले,अपि,
सत्त्वात्तस्य,:सत्त्वात्,तस्य,
तदाश्रयस्तत्पदार्थः,:तदाश्रयः,तत्पदार्थः,
केचित्तु,:केचित्,तु,
पटादेरप्युपस्थितिसम्भवात्,:पटादेः,अपि,उपस्थितिसम्भवात्,
वृत्त्येत्युक्तमित्याहुः॥,:वृत्त्येत्युक्तम्,इत्याहुः॥,
इदमिति,:इदम्,इति,
इदमेतदर्थविषयकबोधजनकभवत्वित्यर्थः,:इदम्,एतत्,अर्थविषयकबोधजनकभवत्वित्यर्थः,
अस्मादिति,:अस्मात्,इति,
इदंपदजन्यविषयतावान्,:इदम्,पदजन्यविषयतावान्,
विषयतेति,:विषयता,इति,
तन्निरूपितजनकत्वप्रकारतानिरूपितविषयतेत्यर्थः,:तन्निरूपितजनकत्वप्रकारतानिरूपितविषयता,इत्यर्थः,
वक्तीत्यादौ,:वक्ति,इत्यादौ,
गोपदमित्यन्वयबोधः,:गोपदम्,इत्यन्वयबोधः,
गोविषयकघटविषयकसमूहालम्बनबोधस्यापि,:गोविषयकघटविषयकसमूहालम्बनबोधस्य,अपि,
कदाचिदुत्पत्त्या,:कदाचित्,उत्पत्त्या,
वक्तीत्यादिव्यवहारापत्तिरिति,:वक्तीत्यादिव्यवहारापत्तिः,इति,
वक्तीत्यादौ,:वक्ति,इत्यादौ,
गोपदमित्यन्वयबोधे,:गोपदम्,इत्यन्वयबोधे,
बोधान्वयिविषयतायामप्यवच्छिन्नत्वसंसर्गेणान्वयस्वीकारात्,:बोधान्वयिविषयतायाम्,अपि,अवच्छिन्नत्वसंसर्गेण,अन्वयस्वीकारात्,
घटविषयकत्वानवच्छिन्नत्वान्न,:घटविषयकत्वानवच्छिन्नत्वानत्,न,
केचित्तु,:केचित्,तु,
गोविषयत्वस्यावच्छिन्नत्वसंसर्गेण,:गोविषयत्वस्य,अवच्छिन्नत्वसंसर्गेण,
धात्वर्थैकदेशे,:धात्वर्थे,एकदेशे,
बोधविषयत्वेऽन्वयान्नानुपपत्तिरित्याहुः,:बोधविषयत्वे,अन्वयात्,न,अनुपपत्तिः,इत्याहुः,
वैपरत्यिमूह्यमिति,:वैपरत्यिम्,ऊह्यम्,इति,
वक्तीत्यादौ,:वक्ति,इत्यादौ,
गौरुच्यते,:गौः,उच्यते,
तस्यापि,:तस्य,अपि,
अपभ्रंशस्यापि,:अपभ्रंशस्य,अपि,
दुरदृष्टजनकत्वादिति,:दुरदृष्टजनकत्वात्,इति,
गङ्गाऽऽदिपदात्तीराविषयकबोधोत्पत्त्या,:गङ्गाऽऽदिपदात्,तीराविषयकबोधोत्पत्त्या,
विषयत्वसत्त्वेनेत्यर्थः,:विषयत्वसत्त्वेन,इत्यर्थः,
पटपदेऽपि,:पटपदे,अपि,
घत्वमादाय,:घत्वम्,आदाय,
केवलघकारशब्देऽपि,:केवलघकारशब्दे,अपि,
तत्तदुच्चरितवृत्त्यानुपूर्वीमत्त्वन्तदाऽपि,:तत्तदुच्चरितवृत्त्यानुपूर्वीमत्त्वन्तदा,अपि,
अथैकपुरुषोच्चरितशब्देऽन्यपुरुषोच्चरितशब्दवैजात्यमनुभवसिद्धम्,:अथ,एकपुरुषोच्चरितशब्दे,अन्यपुरुषोच्चरितशब्दवैजात्यम्,अनुभवसिद्धम्,
अनुभवसिद्धत्वञ्च,:अनुभवसिद्धत्वम्,च,
सर्वेषामेव,:सर्वेषाम्,एव,
शब्दानामीश्वरोच्चारणप्रयोज्यजातिमत्त्वम्,:शब्दानाम्,ईश्वरोच्चारणप्रयोज्यजातिमत्त्वम्,
तादृशजातिर्न,:तादृशजातिः,न,
भगवदुच्चारणप्रयोज्यजातिमत्त्वन्तद्वाचकत्वमिति,:भगवदुच्चारणप्रयोज्यजातिमत्त्वन्तद्वाचकत्वम्,इति,
चेन्न,:चेत्,न,
प्रत्येकवर्णेष्वेवानुभवसिद्धत्वाद्,:प्रत्येकवर्णेषु,एव,अनुभवसिद्धत्वाद्,
विलक्षणजातेरप्युपगन्तव्यतया,:विलक्षणजातेः,अपि,उपगन्तव्यतया,
घकारादेरपि,:घकारादेः,अपि,
प्रत्येकवृत्तिजातावपि,:प्रत्येकवृत्तिजातौ,अपि,
घकारोत्तरवृत्तिटकारवृत्तिजातावेवेति,:घकारोत्तरवृत्तिटकारवृत्तिजातौ,एव,इति,
तथात्वेऽप्यस्मदुच्चरितघटादिपदेष्वव्याप्तेर्दुर्वारत्वात्,:तथात्वे,अपि,अस्मत्,उच्चरितघटादिपदेषु,अव्याप्तेः,दुर्वारत्वात्,
तथाऽप्येतादृशवितर्कणायामतिदोषात्,:तथाऽपि,एतादृशवितर्कणायाम्,अतिदोषात्,
तत्तद्दोषमुपेक्ष्य,:तत्तद्दोषम्,उपेक्ष्य,
गुरवस्तु,:गुरवः,तु,
भगवदुच्चरितसजातीयत्वमिति,:भगवदुच्चरितसजातीयत्वम्,इति,
न्यस्मदुच्चरितपदेष्वव्याप्तिर्न,:न्यस्मत्,अच्चरितपदेषु,अव्याप्तिः,न,
आयुर्घृतमित्यादिवेद,:आयुर्घृतम्,इत्यादिवेद,
आयुःपदस्यायुर्जनके,:आयुःपदस्य,आयुः,जनके,
तस्यायुर्जनकवाचकत्वापत्तिरिति,:तस्य,आयुः,जनकवाचकत्वापत्तिः,इति,
स्वाश्रयप्रतियोगिध्वंसव्याप्यतत्यागभावप्रतियोगिवृत्तित्वस्वतादात्म्योभयसम्बन्धेन,:स्वाश्रयप्रतियोगिध्वम्,सव्याप्यतत्यागभावप्रतियोगिवृत्तित्वस्वतादात्म्योभयसम्बन्धेन,
सादित्वव्यवहारस्तद्धर्मस्यैव,:सादित्वव्यवहारः,तद्धर्मस्य,एव,
धर्मविशिष्टान्यधर्मवत्त्वेन,:धर्मविशिष्टानि,अधर्मवत्त्वेन,
तादृशधर्मान्यतत्तद्व्यत्तित्वादिधर्मवत्त्वेऽपि,:तादृशधर्मान्यतत्तद्व्यत्तित्वादिधर्मवत्त्वे,अपि,
सादिरिति,:सादिः,इति,
नापत्तिः,:न,आपत्तिः,
ईश्वरोच्चरितशब्दान्यत्वंवा,:ईश्वरोच्चरितशब्दान्यत्वम्,वा,
सादित्त्वमिति,:सादित्त्वम्,इति,
द्वादशेऽह्नि,:द्वादशे,अह्नि,
कुर्यादिति,:कुर्यात्,इति,
निर्बाधमेवेति,:निर्बाधम्,एव,इति,
तत्राव्याप्तिसङ्गतिरिति,:तत्र,अव्याप्तिसङ्गतिः,इति,
एवमीश्वरेति,:एवम्,ईश्वरेति,
ईश्वरेच्छानिरूपितपदजन्यबोधविषयत्वप्रकारतानिरूपितविशेष्यतायास्तादृशेच्छा-,:ईश्वरेच्छानिरूपितपदजन्यबोधविषयत्वप्रकारतानिरूपितविशेष्यतायाः,तादृशेच्छा-,
चेति,:च,इति,
ईश्वरत्वमनिवेश्य,:ईश्वरत्वम्,अनिवेश्य,
प्रकरणादिनेति,:प्रकरणादिना,इति,
मानाभावेनेति,:मानाभावेन,इति,
सप्रतियोगिकत्वमेव,:सप्रतियोगिकत्वम्,एव,
निष्प्रतियोगिकतयेति,:निष्प्रतियोगिकतया,इति,
एतेनेति,:एतेन,इति,
कारणतायामात्माश्रयोऽपि,:कारणतायामात्माश्रयः,अपि,
तच्चेति,:तत्,च,इति,
शाब्दबोधोपयोगिकसम्बन्धत्वेनेश्वरसंकेतज्ञानविरोधिज्ञानाभावादित्यर्थः,:शाब्दबोधोपयोगिकसम्बन्धत्वेन,ईश्वरसंकेतज्ञानविरोधिज्ञानाभावात्,इत्यर्थः,
त्वविषयतानिरूपितविषयत्वमित्यर्थः,:त्वविषयतानिरूपितविषयत्वम्,इत्यर्थः,
स्वजन्यबोधजनकत्वप्रकारकज्ञानविषयत्वमित्यर्थः,:स्वजन्यबोधजनकत्वप्रकारकज्ञानविषयत्वम्,इत्यर्थः,
नेति,:ना,इति,
सम्बन्धताप्रसङ्गादिति,:सम्बन्धताप्रसङ्गात्,इति,
तादृशसम्बन्धत्वज्ञानजन्यपदार्थोपिस्थितितोऽपि,:तादृशसम्बन्धत्वज्ञानजन्यपदार्थोपिस्थितितः,अपि,
शक्तिरिति,:शक्तिः,इति,
शक्तिस्तन्मते,:शक्तिः,तन्मते,
हेतुत्वमित्यवधेयम्,:हेतुत्वम्,इत्यवधेयम्,
तज्‌ज्ञानशक्तत्वमिति,:तज्‌ज्ञानशक्तत्वम्,इति,
ज्ञानमादाय,:ज्ञानम्,आदाय,
घटपदस्यापि,:घटपदस्य,अपि,
तच्चेति,:तत्,च,इति,
|तद्विषयकशाब्दत्वावच्छिन्नजन्यतानिरूपितजनकताऽवच्छेदकधर्मवत्त्वमिति,:|तद्विषयकशाब्दत्वावच्छिन्नजन्यतानिरूपितजनकताऽवच्छेदकधर्मवत्त्वम्,इति,
नातः,:न,अतः,
तद्विषयकत्वावच्छिन्नज्ञानशक्तपदस्यैवेति,:तद्विषयकत्वावच्छिन्नज्ञानशक्तपदस्य,एव,इति,
तद्विषयकत्वावच्छिन्नजन्यतानिरूपितजनकताऽवच्छेदकशक्तिमत्पदस्यैवेत्यर्थः,:तद्विषयकत्वावच्छिन्नजन्यतानिरूपितजनकताऽवच्छेदकशक्तिमत्पदस्य,एव,इत्यर्थः,
वादिनामिति,:वादिनाम्,इति,
घटमानयेत्यादौ,:घटम्,आनय,इत्यादौ,
कार्यमित्याद्यन्वयबोधः,:कार्यम्,इत्याद्यन्वयबोधः,
यजेतेत्यादौ,:यजेत,इत्यादौ,
कार्यमित्यन्वयबोधः,:कार्यम्,इति,अन्वयबोधः,
हेतुत्वाल्लिङ्‌पदघटितावाक्यादेव,:हेतुत्वात्,लिङ्‌पदघटितावाक्यात्,एव,
नार्थवादादिति,:न,अर्थवादात्,इति,
गुरूणामित्यर्थः,:गुरूणाम्,इत्यर्थः,
साक्षात्परम्परेति,:साक्षात्,परम्परा,इति,
परम्पराकार्यत्वविषयत्वानिरूपिततयाऽसंगतिरतः,:परम्पराकार्यत्वविषयत्वानिरूपिततया,असंगतिः,इतः,
साक्षादिति,:साक्षात्,इति,
घटमानयेत्यादौ,:घटम्,आनय,इत्यादौ,
कार्यमित्यन्वयबोधाद्,:कार्यम्,इत्यन्वयबोधाद्,
साक्षात्कार्यत्वविषयतानिरूपितत्त्वाभावात्तथैवासङ्गतिरतः,:साक्षात्कार्यत्वविषयतानिरूपितत्त्वाभावात्,तथैव,असङ्गतिः,इतः,
परम्परेति,:परम्परा,इति,
निरूपितत्वाविशेषणतयेति,:निरूपितत्वाविशेषणतया,इति,
निरूपितत्वनिष्ठावच्छेदकत्वानिरूपकत्वस्यावच्छेदकत्वे,:निरूपितत्वनिष्ठावच्छेदकत्वानिरूपकत्वस्य,अवच्छेदकत्वे,
निवेशादित्यर्थः,:निवेशात्,इत्यर्थः,
घटादिविषयतानिरूपितकार्यत्वविषयताशालिशाब्दत्वमपीति,:घटादिविषयतानिरूपितकार्यत्वविषयताशालिशाब्दत्वम्,अपि,इति,
कार्यत्वविषयतानिष्ठतादृशकार्यताऽवच्छेदक-,:कार्यत्वविषयतानिष्ठतादृशकार्यता,अवच्छेदक-,
कार्यतावाचकत्वापत्तिर्दुर्वारैवेति,:कार्यतावाचकत्वापत्तिः,दुर्वारैव,इति,
वाचकत्वमित्यर्थस्य,:वाचकत्वम्,इत्यर्थस्य,
कार्यतावाचकमिति,:कार्यतावाचकम्,इति,
नापत्तिरिति,:न,आपत्तिः,इति,
तद्विषयकत्वावच्छिन्नकार्यतानिरूपितकारणताऽवच्छेदकशक्तिमत्त्वमेव,:तद्विषयकत्वावच्छिन्नकार्यतानिरूपितकारणताऽवच्छेदकशक्तिमत्त्वम्,एव,
तादृशनिरूपितत्त्वानवच्छिन्नतद्विषयकत्वनिष्ठावच्छेदकताकजन्यतानिरूपितजनकताऽवच्छेदकशक्तिमत्त्वमिति,:तादृशनिरूपितत्त्वानवच्छिन्नतद्विषयकत्वनिष्ठावच्छेदकताकजन्यतानिरूपितजनकताऽवच्छेदकशक्तिमत्त्वम्,इति,
फलितोऽर्थः,:फलितः,अर्थः,
सत्त्वेऽपि,:सत्त्वे,अपि,
तदनवच्छिन्नत्वविरहान्न,:तदनवच्छिन्नत्वविरहात्,न,
कार्यतावाचकत्वापत्तिरित्याहुः,:कार्यतावाचकत्वापत्तिः,इत्याहुः,
तज्‌ज्ञाननिष्ठशक्त्येति,:तज्‌ज्ञाननिष्ठशक्त्या,इति,
पटपदस्यापि,:पटपदस्य,अपि,
पटादिपदेऽपि,:पटादिपदे,अपि,
सत्त्वादिति,:सत्त्वात्,इति,
नापत्तिः,:न,आपत्तिः,
घटादेरपि,:घटादेः,अपि,
तादृशशून्यत्वादिति,:तादृशशून्यत्वात्,इति,
तद्विषयकत्त्वावच्छिन्नजन्यतानिरूपितजनकताऽवच्छेदकशक्तिमज्‌ज्ञानविषयशब्दत्वस्यैव,:तद्विषयकत्त्वावच्छिन्नजन्यतानिरूपितजनकताऽवच्छेदकशक्तिमज्‌ज्ञानविषयशब्दत्वस्य,एव,
घटपदविषयकककारादिविषयकसमूहालम्बनमादाय,:घटपदविषयकककारादिविषयकसमूहालम्बनम्,आदाय,
ककारादिवर्णेष्वपि,:ककारादिवर्णेषु,अपि,
घटवाचकताऽऽपत्तिरिति,:घटवाचकताऽऽपत्तिः,इति,
ककारादिवर्णस्यापि,:ककारादिवर्णस्य,अपि,
शक्तिविशिष्टशक्तिशून्यत्वस्याभावादित्यसमूहालम्बनघटपटादिज्ञानमादाय,:शक्तिविशिष्टशक्तिशून्यत्वस्य,अभावादित्यसमूहालम्बनघटपटादिज्ञानम्,आदाय,
घटादिवाचकत्वोपत्तिरिति,:घटादिवाचकत्वोपत्तिः,इति,
वस्तुतस्तु,:वस्तुतः,तु,
शक्तिविशिष्टशक्तिमदन्यत्वञ्च,:शक्तिविशिष्टशक्तिमदन्यत्वम्,च,
शक्तिविशिष्टशक्तिशून्यत्वविरहेऽपि,:शक्तिविशिष्टशक्तिशून्यत्वविरहे,अपि,
नंक्षतिरिति,:नंक्षतिः,इति,
तदर्थवाचकत्वानुपपत्तिरित्यत्र,:तदर्थवाचकत्वानुपपत्तिः,इत्यत्र,
एवोपायः,:एव,उपायः,
अभ्युपगमेऽपि,:अभ्युपगमे,अपि,
ग्रन्थकृद्दत्तदोषस्येव,:ग्रन्थकृत्,तत्तदोषस्य,इव,
तद्दोषस्यापि,:तद्दोषस्य,अपि,
वेत्यत्र,:वा,इत्यत्र,
वाकारस्यानास्थैवार्थइति,:वाकारस्य,अनास्थ,एव,अर्थः,इति,
तदन्वयप्रतियोगीति,:तदन्वयप्रतियोगी,इति,
हेतुत्वमपेक्ष्यत,:हेतुत्वम्,अपेक्ष्यत,
शक्तिमत्त्वेनेति,:शक्तिमत्त्वेन,इति,
शक्तिमत्त्वेनैव,:शक्तिमत्त्वेन,एव,
हेतुत्वादिति,:हेतुत्वात्,इति,
असंसर्गाग्रहमात्रमिति,:असंसर्गाग्रहमात्रम्,इति,
वेत्यर्थः,:वा,इत्यर्थः,
समानप्रकारकेति,:समानप्रकारका,इति,
वृत्तिज्ञानजन्यतद्धर्मप्रकारकोपस्थितित्वेनेत्यर्थः,:वृत्तिज्ञानजन्यतद्धर्मप्रकारकोपस्थितित्वेन,इत्यर्थः,
घटादिपदावाच्यत्वमुपपादनीयमिति,:घटादिपदावाच्यत्वम्,उपपादनीयम्,इति,
चैतावता,:च,एतावता,
लक्ष्यार्थतीरादिवाचकत्ववारणेऽपि,:लक्ष्यार्थतीरादिवाचकत्ववारणे,अपि,
स्वसमानकालीनज्ञानत्वादेरपि,:स्वसमानकालीनज्ञानत्वादेः,अपि,
तानिरूपितनिरूपितत्वनिष्ठविषयतानिरूपितसांसर्गिकविषयतानिष्ठविषयतानिरूपितनिरूपितत्वनिष्ठविषयता-,:तानिरूपितनिरूपितत्वनिष्ठविषयतानिरूपितसाम्,सर्गिकविषयतानिष्ठविषयतानिरूपितनिरूपितत्वनिष्ठविषयता-,
इतरत्वसमानाधिकरणधर्मावच्छिन्नविषयतानिरूपितसांसर्गिकविषयतानिरू-,:इतरत्वसमानाधिकरणधर्मावच्छिन्नविषयतानिरूपितसाम्,सर्गिकविषयतानिरू-,
शक्तिमत्त्वेऽपि,:शक्तिमत्त्वे,अपि,
भानमिति,:भानम्,इति,
स्वतन्त्रवृत्तिज्ञानादिति,:स्वतन्त्रवृत्तिज्ञानात्,इति,
पशुपदशक्येत्येवंशक्तिज्ञानाद्,:पशुपदशक्या,इति,एवम्,शक्तिज्ञानाद्,
उपस्थितयोर्लोमवल्लाङ्गूलतदाश्रययोरित्यर्थः,:उपस्थितयोः,लोमवल्लाङ्गूलतदाश्रययोः,इत्यर्थः,
भूतलमित्यादिवाक्याद्,:भूतलम्,इत्यादिवाक्याद्,
चोक्तस्थले,:च,उक्तस्थले,
विधेयताभिन्नतन्निष्ठविषयतानिरूपिततन्निष्ठविषयताकशाब्दत्वस्यैव,:विधेयताभिन्नतन्निष्ठविषयतानिरूपिततन्निष्ठविषयताकशाब्दत्वस्य,एव,
प्रकारतानिवेशेनेतिवाच्यम्,:प्रकारतानिवेशेन,इतिवाच्यम्,
व्यभिचारादिति,:व्यभिचारात्,इति,
सतीति,:सती,इति,
तत्रातिव्याप्तिवारणाय,:तत्र,अतिव्याप्तिवारणाय,
तत्रातिव्याप्तिवारणाय,:तत्र,अतिव्याप्तिवारणाय,
वाच्यवृत्तित्त्वञ्च,:वाच्यवृत्तित्त्वम्,च,
घटादिवृत्तित्वेऽपि,:घटादिवृत्तित्वे,अपि,
चाकृतेः,:च,आकृतेः,
घटादिवृत्तित्वसत्त्वात्तद्दोषतादवस्थ्यमिति,:घटादिवृत्तित्वसत्त्वात्,तद्दोषतादवस्थ्यम्,इति,
आकृतेर्घटादिरूपवाच्ये,:आकृतेः,घटादिरूपवाच्ये,
स्थूलदध्यादावतिव्याप्तिः,:स्थूलदध्यादौ,अतिव्याप्तिः,
स्थूलदध्यादेस्तदवयवदधिसमवेतत्वाद्,:स्थूलदध्यादेः,तदवयवदधिसमवेतत्वाद्,
आश्रयत्वसम्बन्धेनेति,:आश्रयत्वसम्बन्धेन,इति,
पशुर्न,:पशुः,न,
पशुरित्यादौ,:पशुः,इत्यादौ,
पशुभेदस्याबाधितत्वेऽपि,:पशुभेदस्य,अबाधितत्वे,अपि,
वारयितुमशक्यत्वाद्,:वारयितुम्,अशक्यत्वाद्,
तत्पूर्ववर्त्त्युदासीनघटज्ञानादेरपि,:तत्पूर्ववर्त्त्युदासीनघटज्ञानादेः,अपि,
सम्बन्धस्तेन,:सम्बन्धः,तेन,
एतादृशकार्यकारणभावग्राहकमेव,:एतादृशकार्यकारणभावग्राहकम्,एव,
तत्राश्रयत्वसम्बन्धावच्छिन्नयत्‌किञ्चित्‌पदजन्यबोधविषयत्व-,:तत्र,आश्रयत्वसम्बन्धावच्छिन्नयत्‌किञ्चित्‌पदजन्यबोधविषयत्व-,
विशेष्यतासम्बन्धेनासत्त्वादिति,:विशेष्यतासम्बन्धेन,असत्त्वात्,इति,
तत्पुरुषीयत्वानिवेशादन्ततो,:तत्पुरुषीयत्वानिवेशात्,अन्ततो,
भगवतस्तीरादिपदजन्यबोधविषयत्वप्रकारतानिरूपितविशेष्यताग्रहस्य,:भगवतः,तीरादिपदजन्यबोधविषयत्वप्रकारतानिरूपितविशेष्यताग्रहस्य,
तन्न,:तत्,न,
पशुर्न,:पशुः,न,
पशुरित्यादौ,:पशुः,इत्यादौ,
पशुभेदान्वयापत्तेर्दुर्वारत्वात्,:पशुभेदान्वयापत्तेः,दुर्वारत्वात्,
लक्ष्यताऽवच्छेदकेऽपि,:लक्ष्यताऽवच्छेदके,अपि,
पदार्थान्तरान्वयस्याव्युत्पन्नतया,:पदार्थान्तरान्वयस्य,अव्युत्पन्नतया,
लोमाद्यवच्छिन्नविशेष्यताकदृशविषयत्वप्रकारतानिरूपितविशेष्यताग्रहस्याभावादिति,:लोमाद्यवच्छिन्नविशेष्यताकदृशविषयत्वप्रकारतानिरूपितविशेष्यताग्रहस्य,अभावात्,इति,
तदवच्छिन्नविशेष्यकलक्षणाग्रहत्वेनापि,:तदवच्छिन्नविशेष्यकलक्षणाग्रहत्वेन,अपि,
लोमादिमानेकत्ववांल्लोमैकत्ववदिति,:लोमादिमानेकत्ववाम्,लोमैकत्ववत्,इति,
लोम्न्येकत्वाभानानुपपत्तिरिति,:लोम्न्येकत्वाभानानुपपत्तिः,इति,
लोमत्वेनैव,:लोमत्वेन,एव,
घटत्वावच्छिन्नविशेष्यकतादृशविशेष्यताग्रहाभावादिति,:घटत्वावच्छिन्नविशेष्यकतादृशविशेष्यताग्रहाभावात्,इति,
यत्किञ्चित्तदवच्छिन्ना,:यत्किञ्चित्,तदवच्छिन्ना,
घटत्वादेर्घटादिपदशक्यताऽवच्छेदकता,:घटत्वादेः,घटादिपदशक्यताऽवच्छेदकता,
स्वरूपतस्तदवच्छिन्नविशेष्यताकतादृशग्रहस्य,:स्वरूपतः,तदवच्छिन्नविशेष्यताकतादृशग्रहस्य,
एवमन्यत्राप्यूहनीयम्,:एवम्,अन्यत्र,अपि,ऊहनीयम्,
चैतावता,:च,एतावता,
लोमविशेष्यकेतरान्वयबोधवारणेऽपि,:लोमविशेष्यकेतरान्वयबोधवारणे,अपि,
लोमादिप्रकारकान्वयबोधापत्तिर्दुर्वारा,:लोमादिप्रकारकान्वयबोधापत्तिः,दुर्वारा,
तदवच्छिन्नविशेष्यकतादृशग्रहरूपप्रतिबन्धकाभावादिति,:तदवच्छिन्नविशेष्यकतादृशग्रहरूपप्रतिबन्धकाभावात्,इति,
इतरविशेषणतयोपस्थितस्यान्यत्र,:इतरविशेषणतया,उपस्थितस्य,अन्यत्र,
विशेषणतयाऽनन्वयित्वरूपनियमान्तरेण,:विशेषणतया,अनन्वयित्वरूपनियमान्तरेण,
वारणीयत्वादिति,:वारणीयत्वात्,इति,
वस्तुतस्तु,:वस्तुतः,तु,
पदार्थताऽवच्छेदकलोमादिधर्मिकेतरान्वयबोधस्याप्रसिद्ध्या,:पदार्थताऽवच्छेदकलोमादिधर्मिकेतरान्वयबोधस्य,अप्रसिद्ध्या,
पशुर्न,:पशुः,न,
पशुभेदान्वयप्रसिद्धिरिति,:पशुभेदान्वयप्रसिद्धिः,इति,
लोमावच्छिन्नवाचकपशुपदघटिततादृशवाक्यस्थलेऽभावाद्,:लोमावच्छिन्नवाचकपशुपदघटिततादृशवाक्यस्थले,अभावाद्,
तादृशबोधोपपत्तिरिति,:तादृशबोधोपपत्तिः,इति,
पशुर्न,:पशुः,न,
पशुरितिवाक्यघटकैकपशुपदस्य,:पशुः,इतिवाक्यघटकैकपशुपदस्य,
तादृशसामग्र्यास्तत्रापि,:तादृशसामग्र्याः,तत्र,अपि,
सत्त्वादिति,:सत्त्वात्,इति,
तादृशबोधस्याप्रसिद्धेरनापत्तिः,:तादृशबोधस्य,अप्रसिद्धेः,अनापत्तिः,
पशुभिन्नलोमादिवाचकतदादिपदघटिततद्वानितिवाक्यतस्तत्‌प्रसिद्धिरिति,:पशुभिन्नलोमादिवाचकतदादिपदघटिततद्वानितिवाक्यतः,तत्‌प्रसिद्धिः,इति,
तादृशसामग्र्यस्तत्रासत्त्वाद्,:तादृशसामग्र्यः,तत्र,असत्त्वाद्,
काऽप्यनुपपत्तिः,:काऽपि,अनुपपत्तिः,
एवञ्च,:एवम्,च,
सुन्दरमित्यादौ,:सुन्दरम्,इत्यादौ,
सौन्दर्य्यादिपदार्थताऽवच्छेदकेतरान्वयबोधसंभवेऽपि,:सौन्दर्य्यादिपदार्थताऽवच्छेदकेतरान्वयबोधसंभवे,अपि,
प्रयोजकत्वादिति,:प्रयोजकत्वात्,इति,
सुधीभिर्ज्ञेयम्,:सुधीभिः,ज्ञेयम्,
प्रकारत्वेऽपीति,:प्रकारत्वे,अपि,इति,
अवच्छेदकत्वसम्बन्धेनेत्यादिः,:अवच्छेदकत्वसम्बन्धेन,इत्यादिः,
मुख्यविशेष्यत्वमिति,:मुख्यविशेष्यत्वम्,इति,
मुख्यविशेष्यतात्वादिति,:मुख्यविशेष्यतात्वात्,इति,
तन्नेति,:तत्,न,इति,
भवत्वेतादृशाधुनिकसंकेतज्ञानस्य,:भवतु,एतादृशाधुनिकसंकेतज्ञानस्य,
संकेतविषयताकज्ञानस्यासत्त्वाद्,:संकेतविषयताकज्ञानस्य,असत्त्वाद्,
आश्रयत्वसम्बन्धावच्छिन्नबोधविषयत्वप्रकारतानिरूपितसंकेतविषयताशालिज्ञानस्यासत्त्वाद्,:आश्रयत्वसम्बन्धावच्छिन्नबोधविषयत्वप्रकारतानिरूपितसंकेतविषयताशालिज्ञानस्य,असत्त्वाद्,
विषयताज्ञनाल्लोमादिमतोऽनुपस्थित्या,:विषयताज्ञनात्,लोमादिमतः,अनुपस्थित्या,
तादृशसंकेतज्ञानाल्लोमादिमतः,:तादृशसंकेतज्ञानात्,लोमादिमतः,
हस्तिपकसम्बन्धीत्याकारकज्ञानाद्धस्तिमतोऽस्मृतेरिव,:हस्तिपकसम्बन्धीत्याकारकज्ञानात्,हस्तिमतः,अस्मृतेः,इव,
तादृशसंकेतविषयताऽऽत्मकसम्बन्धाज्ञानाल्लोमादिमतः,:तादृशसंकेतविषयताऽऽत्मकसम्बन्धाज्ञानात्,लोमादिमतः,
स्मृतेरनुभवविरुद्धत्वादिति,:स्मृतेः,अनुभवविरुद्धत्वात्,इति,
भवताऽपि,:भवता,अपि,
स्वीकार्यमित्येतन्‌मतेऽपि,:स्वीकार्यम्,इत्येतन्‌मते,अपि,
महदसमञ्जसम्,:महत्,असमञ्जसम्,
भवत्वित्याकारकाधुनिकसंकेतस्वीकाराद्,:भवतु,इत्याकारकाधुनिकसंकेतस्वीकाराद्,
आश्रयत्वसम्बन्धावच्छिन्नबोधविषयत्वप्रकारतानिरूपितसंकेतविषयताज्ञानस्येतरान्वयबोधप्रयोजकत्वमिति,:आश्रयत्वसम्बन्धावच्छिन्नबोधविषयत्वप्रकारतानिरूपितसंकेतविषयताज्ञानस्य,इतरान्वयबोधप्रयोजकत्वम्,इति,
तादृशाऽधिकरणत्वस्यैव,:तादृश,अधिकरणत्वस्य,एव,
एवेतरान्वयबोधप्रयोजकः,:एव,इतरान्वयबोधप्रयोजकः,
एवञ्च,:एवम्,च,
भवत्वित्याकारकसंकेते,:भवतु,इत्याकारकसंकेते,
द्वितीयदेषस्यावकाशः,:द्वितीयदेषस्य,अवकाशः,
भवत्वित्याकारकसंकेतज्ञानस्यापि,:भवतु,इत्याकारकसंकेतज्ञानस्यापि,
तादृशज्ञानजन्यलोमादिमद्विशेष्यकपदार्थोपस्थितेरनुपपत्तिरिति,:तादृशज्ञानजन्यलोमादिमद्विशेष्यकपदार्थोपस्थितेः,अनुपपत्तिः,इति,
पदमादधातीति,:पदम्,आदधाति,इति,
सुधीभिर्ध्येयम्,:सुधीभिः,ध्येयम्,
त्ववधातव्यम्,:तु,अवधातव्यम्,
भट्टाचार्याननुयायिभिः,:भट्टाचार्यान्,अनुयायिभिः,
प्राचीनैरेव,:प्राचीनैः,एव,
सर्वत्राधिकरणत्वस्य,:सर्वत्र,अधिकरणत्वस्य,
तदनुयायिभिर्नव्यैः,:तदनुयायिभिः,नव्यैः,
सर्वत्राधिकरणतायाः,:सर्वत्र,अधिकरणतायाः,
संसर्गत्वस्यास्वीकरणीयतायाः,:संसर्गत्वस्य,अस्वीकरणीयतायाः,
एवेत्यकामेनापि,:एव,इत्यकामेन,अपि,
शाब्दबोधहेतुत्वमुपगन्तव्यमिति,:शाब्दबोधहेतुत्वम्,उपगन्तव्यम्,इति,
संकेतमुख्यविशेष्यताग्रहस्येतरान्वयबोधप्रयोजकत्वमतेऽपि,:संकेतमुख्यविशेष्यताग्रहस्य,इतरान्वयबोधप्रयोजकत्वमते,अपि,
भवत्वित्याकारकसंकेतग्रहस्य,:भवतु,इत्याकारकसंकेतग्रहस्य,
स्वमतेऽपि,:स्वमते,अपि,
तत्रेतरान्वयबोधप्रयोजको,:तत्र,इतरान्वयबोधप्रयोजको,
स्वरूपसम्बन्धावच्छिन्नतादृशविषयतानिरूपितविषयताग्रहतादृशविषयतानिरूपिताधेयतासम्बन्धावच्छिन्नविषयताग्रहयोरन्यतरस्येतरान्वयबोधप्रयोजकत्त्वोपगमात्,:स्वरूपसम्बन्धावच्छिन्नतादृशविषयतानिरूपितविषयताग्रहतादृशविषयतानिरूपिताधेयतासम्बन्धावच्छिन्नविषयताग्रहयोः,अन्यतरस्य,इतरान्वयबोधप्रयोजकत्त्वोपगमात्,
एवञ्च,:एवम्,च,
भवत्वित्याकारकसंकेतग्रहस्य,:भवतु,इत्याकारकसंकेतग्रहस्य,
शाब्दबोधप्रयोजकत्वोपगमेऽपि,:शाब्दबोधप्रयोजकत्वोपगमे,अपि,
भट्टाचार्यमतेऽपि,:भट्टाचार्यमते,अपि,
एवमप्येतन्मतेऽपि,:एवम्,अप्येतन्मते,अपि,
तादृशमुख्यविशेष्यताग्रहतादृशग्रहयोरन्यतरस्य,:तादृशमुख्यविशेष्यताग्रहतादृशग्रहयोः,अन्यतरस्य,
प्रमातयाऽभ्रान्तस्यापि,:प्रमातयाऽभ्रान्तस्य,अपि,
घटादिप्रकारकशाब्दबोधापत्तिरिति,:घटादिप्रकारकशाब्दबोधापत्तिः,इति,
घटत्वादिप्रकारकज्ञानस्यैव,:घटत्वादिप्रकारकज्ञानस्य,एव,
हेतुत्वमिति,:हेतुत्वम्,इति,
घटत्ववाचकमित्याकारकज्ञानविषयस्य,:घटत्ववाचकम्,इत्याकारकज्ञानविषयस्य,
तद्‌घटकावच्छिन्नत्वविषयतानिरूपकविषयतायामधेयत्वसम्बन्धेन,:तद्‌घटकावच्छिन्नत्वविषयतानिरूपकविषयतायाम्,आधेयत्वसम्बन्धेन,
समवायवाचकताज्ञानेऽप्येवं,:समवायवाचकताज्ञाने,अपि,एवं,
प्रकारत्वासम्भवेनेति,:प्रकारत्वासम्भवेन,इति,
जातीतरस्य,:जाति,इतरस्य,
प्रकारत्वानभ्युपगमादिति,:प्रकारत्वानभ्युपगमात्,इति,
द्रव्यत्वादिधर्मिताऽवच्छेदककान्निरुक्तसंसर्गकघटपदप्रकारताकज्ञानाद्,:द्रव्यत्वादिधर्मिताऽवच्छेदकात्,निरुक्तसंसर्गकघटपदप्रकारताकज्ञानाद्,
सम्बन्धताऽनुपगमादिति,:सम्बन्धताऽनुपगमात्,इति,
संसर्गताऽनुपगमादित्यर्थः,:संसर्गताऽनुपगमात्,इत्यर्थः,
वेति,:वा,इति,
भ्रमत्वनिर्वाहेणातिप्रसङ्गानवकाशादिति,:भ्रमत्वनिर्वाहेणातिप्रसङ्गान्,अवकाशात्,इति,
चाभ्रान्तस्य,:च,अभ्रान्तस्य,
भवत्येवेति,:भवति,एव,इति,
बोद्धव्यमित्याकारक,:बोद्धव्यम्,इत्याकारक,
द्रव्यंद्रव्यपदजन्यगुणावच्छिन्नबोधविषयतावद्,:द्रव्यम्,द्रव्यपदजन्यगुणावच्छिन्नबोधविषयतावद्,
द्रव्यबोधापत्तेरिति,:द्रव्यबोधापत्तेः,इति,
द्रव्यत्वप्रकारकशाब्दबोधहेतोर्द्रव्यपदजन्यबोधविषयत्वप्रकारतानिरूपितद्रव्यत्वावच्छिन्नविशेष्यतासंसर्गेण,:द्रव्यत्वप्रकारकशाब्दबोधहेतोः,द्रव्यपदजन्यबोधविषयत्वप्रकारतानिरूपितद्रव्यत्वावच्छिन्नविशेष्यतासंसर्गेण,
तादृशसंकतेनावगाहनात्,:तादृशसंकेतेन,अवगाहनात्,
द्रव्यत्वप्रकारकशाब्दबाधस्यानुभवविरुद्धत्वादिति,:द्रव्यत्वप्रकारकशाब्दबाधस्य,अनुभवविरुद्धत्वात्,इति,
हेतुत्वोपगमान्न,:हेतुत्वोपगमात्,न,
संकेतीयद्रव्यपदजन्यशाब्दबोधप्रकारतायाद्रव्यत्वेतरगुणावच्छिन्नत्वावच्छिन्नत्वादित्यत,:संकेतीयद्रव्यपदजन्यशाब्दबोधप्रकारतायाद्रव्यत्वेतरगुणावच्छिन्नत्वावच्छिन्नत्वात्,इत्यत,
गुणवत्त्वादिप्रकारकशाब्दबोधानुपपत्तेरिति,:गुणवत्त्वादिप्रकारकशाब्दबोधानुपपत्तेः,इति,
बोद्धव्यमित्याकारकाधुनिकसंकेतज्ञानाद्,:बोद्धव्यम्,इत्याकारकाधुनिकसंकेतज्ञानाद्,
भवत्येव,:भवति,एव,
चैवमनुभवापलापस्तादृशानुभवस्यैवासिद्धत्वादनुभवे,:च,एवम्,अनुभवापलापः,तादृशानुभवस्य,एव,असिद्धत्वात्,अनुभवे,
गुणप्रकारकबोधजनकत्त्वमङ्गीकार्यम्,:गुणप्रकारकबोधजनकत्त्वम्,अङ्गीकार्यम्,
गौरवमिति,:गौरवम्,इति,
भवत्वित्याकारकस्य,:भवतु,इत्याकारकस्य,
भवताऽपि,:भवता,अपि,
शक्तिभ्रमतादृशसंकेतज्ञानयोर्हेतुत्वसम्भवाद्,:शक्तिभ्रमतादृशसंकेतज्ञानयोः,हेतुत्वसम्भवाद्,
तादृशाधुनिकसंकेज्ञानाच्छाब्दबोधानङ्गीकारे,:तादृशाधुनिकसंकेतज्ञानात्,शाब्दबोधानङ्गीकारे,
दीधितिकृताऽपि,:दीधितिकृता,अपि,
भवन्मतसिद्धतादृशाधुनिकसंकेज्ञानाच्छाब्दबोधोऽनङ्गीकरणीयः,:भवन्मतसिद्धतादृशाधुनिकसंकेज्ञानात्,शाब्दबोधः,अनङ्गीकरणीयः,
शब्दात्वासम्भवादिति,:शब्दात्वासम्भवात्,इति,
आकाङ्क्षाऽऽदिमत्पदप्रयोज्यविषयतानिरूपितपदार्थविषयताशालिज्ञानस्यैव,:आकाङ्क्षाऽऽदिमत्पदप्रयोज्यविषयतानिरूपितपदार्थविषयताशालिज्ञानस्य,एव,
शाब्दत्वादिति,:शाब्दत्वात्,इति,
स्वसमानप्रकारकमात्रस्मृतिजनकत्वादिति,:स्वसमानप्रकारकमात्रस्मृतिजनकत्वात्,इति,
स्वसमानप्रकारकत्वञ्च,:स्वसमानप्रकारकत्वम्,च,
व्यापकत्वञ्च,:व्यापकत्वम्,च,
वह्निमानिति,:वह्निमान्,इति,
वह्निमान्नेति,:वह्निमान्न,न,इति,
ज्ञानेऽपि,:ज्ञाने,अपि,
सत्त्वात्तादृशज्ञानानामपि,:सत्त्वात्,तादृशज्ञानानाम्,अपि,
इत्याकारकज्ञानसमानाकारकत्त्वापत्तिरिति,:इत्याकारकज्ञानसमानाकारकत्त्वापत्तिः,इति,
स्वीयविषयताव्याप्यत्त्वस्यापि,:स्वीयविषयताव्याप्यत्त्वस्य,अपि,
व्याप्यत्त्वमपि,:व्याप्यत्त्वम्,अपि,
व्याप्यत्वमेव,:व्याप्यत्वम्,एव,
व्यापकत्वनिवेशेनेति,:व्यापकत्वनिवेशेन,इति,
जायतामितीच्छानिरूपिता,:जायताम्,इति,इच्छानिरूपिता,
वह्निमानिति,:वह्निमान्,इति,
वह्निरिति,:वह्निः,इति,
ज्ञानस्यापि,:ज्ञानस्य,अपि,
वह्निमानिति,:वह्निमान्,इति,
पर्वतश्चेति,:पर्वतः,च,इति,
वह्निमानिति,:वह्निमान्,इति,
स्यात्तादृशसमूहालम्बनज्ञानीयविषयतासमनियतप्रतिबन्धकतावत्त्वादिति,:स्यात्,तादृशसमूहालम्बनज्ञानीयविषयतासमनियतप्रतिबन्धकतावत्त्वात्,इति,
समूहालम्बनज्ञानीयविषयतासमनियतत्त्वेऽपि,:समूहालम्बनज्ञानीयविषयतासमनियतत्त्वे,अपि,
वह्निमानिति,:वह्निमान्,इति,
तादृशज्ञानप्रकारीभूतवह्निविषयकवह्निरितिज्ञानस्य,:तादृशज्ञानप्रकारीभूतवह्निविषयकवह्निः,इतिज्ञानस्य,
वह्निरितिज्ञानीयविषयतासमनियततया,:वह्निः,इतिज्ञानीयविषयतासमनियततया,
जायतामिच्छानिरूपितप्रतिबन्धकतावत्त्वादिति,:जायताम्,इच्छानिरूपितप्रतिबन्धकतावत्त्वात्,इति,
वह्निरितिज्ञानी-,:वह्निः,इतिज्ञानी-,
वह्निरितिज्ञाननिष्ठा,:वह्निः,इतिज्ञाननिष्ठा,
सत्त्वेऽप्युभयसंबन्धेन,:सत्त्वे,अपि,उभयसंबन्धेन,
वह्निमानिति,:वह्निमान्,इति,
जायतामितीच्छानिरूपितप्रतिबन्धकता,:जायताम्,इति,इच्छानिरूपितप्रतिबन्धकता,
वह्निमानिति,:वह्निमान्,इति,
वह्निरिति,:वह्निः,इति,
ज्ञानेऽपि,:ज्ञाने,अपि,
वह्निरिति,:वह्निः,इति,
ज्ञानस्यापि,:ज्ञानस्य,अपि,
वह्निनिति,:वह्निः,इति,
ज्ञानसमानाकारकत्वापत्तिरतः,:ज्ञानसमानाकारकत्वापत्तिः,इतः,
स्वरूपनिवेशनमिति,:स्वरूपनिवेशनम्,इति,
सदेकपरिचिन्तितपद्धतिः,:सत्,एकपरिचिन्तितपद्धतिः,
प्रकारान्तरेणेति,:प्रकारान्तरेण,इति,
कारणमिति,:कारणम्,इति,
चैतादृशकार्यकारणभावकल्पनेऽपि,:च,एतादृशकार्यकारणभावकल्पने,अपि,
क्वचित्तद्धर्मप्रकारेण,:क्वचित्,तद्धर्मप्रकारेण,
क्वचित्तद्धर्माप्रकारेण,:क्वचित्,तद्धर्माप्रकारेण,
स्मृतिरित्यत्र,:स्मृतिः,इत्यत्र,
तत्रोद्बोधकविशेषस्यैव,:तत्र,उद्बोधकविशेषस्य,एव,
आकाशवासीत्यादावाकाशपदस्य,:आकाशवासी,इत्यादौ,आकाशपदस्य,
लक्षणोपगमेनैव,:लक्षणोपगमेन,एव,
शाब्दबोधानुपपत्त्यभावादाह,:शाब्दबोधानुपपत्त्यभावात्,आह,
अन्विताऽवच्छेदकावच्छिन्न,:अन्विता,अवच्छेदकावच्छिन्न,
अत्रोक्तानुपपत्तिरिति,:अत्र,उक्तानुपपत्तिः,इति,
बोद्धव्यमित्याकारकाधुनिकसंकेतग्रहाद्,:बोद्धव्यम्,इत्याकारकाधुनिकसंकेतग्रहाद्,
शाब्दबोधापत्तिर्गुणरूपेण,:शाब्दबोधापत्तिः,गुणरूपेण,
अत्राप्युक्तदीधितिकृतभाववर्णनमनुसर्त्तव्यम्,:अत्र,अपि,उक्तदीधितिकृतभाववर्णनम्,अनुसर्त्तव्यम्,
एवाकाशपदस्य,:एव,आकाशपदस्य,
शक्तिरिति,:शक्तिः,इति,
शाब्दबोधविषयतायामवच्छिन्नत्वसंबोधनानन्वयित्वात्,:शाब्दबोधविषयतायाम्,अवच्छिन्नत्वसंबोधनानन्वयित्वात्,
चाष्टद्रव्यातिरिक्तद्रव्यत्वप्रकारकज्ञानस्यापि,:च,अष्टद्रव्यातिरिक्तद्रव्यत्वप्रकारकज्ञानस्य,अपि,
आकाशपदात्ताद्रूप्येणापि,:आकाशपदात्,तद्रूप्येण,अपि,
हेतुत्वादिति,:हेतुत्वात्,इति,
प्रकारताशक्तिज्ञानमेव,:प्रकारताशक्तिज्ञानम्,एव,
स्यादिति,:स्यात्,इति,
अथैतन्मत,:अथ,एतन्मत,
आकाशपदादाकाशनिष्ठतद्व्यक्तित्वेन,:आकाशपदात्,आकाशनिष्ठतद्व्यक्तित्वेन,
तत्रापि,:तत्र,अपि,
ताऽनतिरिक्तवृत्तित्वस्य,:ता,अनतिरिक्तवृत्तित्वस्य,
शब्दाश्रयत्वमेव,:शब्दाश्रयत्वम्,एव,
भवत्येवेत्युच्यते,:भवति,एव,इत्युच्यते,
शब्दध्वंसवत्त्वेनाकाशपादाच्छाब्दबोधापत्तिरिति,:शब्दध्वम्,सत्त्वेना,काशपादात्,शाब्दबोधापत्तिः,इति,
चेन्न,:चेत्,न,
तद्रूपेणापि,:तद्रूपेण,अपि,
शाब्दबोधस्येष्टत्वादिति,:शाब्दबोधस्य,इष्टत्वात्,इति,
प्राक्तनशक्तिग्रहस्येत्यनेनान्वयः,:प्राक्तनशक्तिग्रहस्य,इत्यनेन,अन्वयः,
विशेषणानन्तर्भाविताऽवगाहित्वमिति,:विशेषणानन्तर्भाविताऽवगाहित्वम्,इति,
तदभावावगाहित्त्वमित्यर्थः,:तदभावावगाहित्त्वम्,इत्यर्थः,
गौर्गोपदजन्यबोधविषयतावान्,:गौः,गोपदजन्यबोधविषयतावान्,
तन्निष्ठप्रकारतायामवच्छिन्नत्वावच्छिन्नत्वस्य,:तन्निष्ठप्रकारतायाम्,अवच्छिन्नत्वावच्छिन्नत्वस्य,
किञ्चिदवच्छिन्नत्वाभावात्,:किञ्चित्,अवच्छिन्नत्वाभावात्,
प्रमारूपमेवेति,:प्रमारूपम्,एव,इति,
पृथगेव,:पृथक्,एव,
बोद्धव्यमित्यादिनोक्तानुपतत्तेरित्यर्थः,:बोद्धव्यम्,इत्यादिना,उक्तानुपतत्तेः,इत्यर्थः,
दीधितिकृतोऽभिप्रायवर्णनमनुसर्त्तव्यम्,:दीधितिकृतः,अभिप्रायवर्णनम्,अनुसर्त्तव्यम्,
गोत्वस्योपाधित्वेन,:गोत्वस्य,उपाधित्वेन,
शक्तिनिष्ठविशेषणताऽतिरिक्तगवेतरावृत्तित्वप्रयोजकत्वाद्,:शक्तिनिष्ठविशेषणता,अतिरिक्तगवेतरावृत्तित्वप्रयोजकत्वाद्,
विशेषणभिन्नवृत्तित्वविशिष्टशक्तिव्यापकत्त्वादिति,:विशेषणभिन्नवृत्तित्वविशिष्टशक्तिव्यापकत्त्वात्,इति,
लक्षणयाऽपि,:लक्षणया,अपि,
विशेषदर्शिनामपि,:विशेषदर्शिनाम्,अपि,
प्रयोगसंभवादाह,:प्रयोगसंभवात्,आह,
चेति,:च,इति,
अनतिप्रसक्तत्वानियतत्त्वादिति,:अनतिप्रसक्तत्वानियतत्त्वात्,इति,
गोत्वस्येव,:गोत्वस्य,इव,
घानकर्मत्वस्यापि,:घानकर्मत्वस्य,अपि,
शक्यताऽवच्छेदकतार्पर्याप्त्यधिकरणयोर्महानसीयवह्न्याभावप्रतियोगिताऽवच्छेदकतापर्य्याप्त्यधिकरणमहानसीयत्ववह्नित्वयोरिवातिरिक्तवृत्तित्वसम्भवात्,:शक्यताऽवच्छेदकतार्पर्याप्त्यधिकरणयोः,महानसीयवह्न्याभावप्रतियोगिताऽवच्छेदकतापर्य्याप्त्यधिकरणमहानसीयत्ववह्नित्वयोः,इव,अतिरिक्तवृत्तित्वसम्भवात्,
कथमवच्छेदकतायामनतिरिक्तवृत्तित्वस्वीकारः,:कथम्,अवच्छेदकतायाम्,अनतिरिक्तवृत्तित्वस्वीकारः,
त्वशक्यताऽवच्छेदकत्वमित्युभयसाधारणस्यासत्त्वात्,:तु,अशक्यताऽवच्छेदकत्वम्,इति,उभयसाधारणस्य,असत्त्वात्,
प्रत्येकमेवेति,:प्रत्येकम्,एव,इति,
धानकर्मत्वसहितगोत्वस्यवच्छेदकत्वस्वीकाराच्च,:धानकर्मत्वसहितगोत्वस्यवच्छेदकत्वस्वीकारात्,च,
धानकर्मत्वेऽवच्छेकत्वस्यौवाभावात्,:धानकर्मत्वे,अवच्छेकत्वस्यौ?व,अभावात्,
धानकर्मत्वसहितस्यैव,:धानकर्मत्वसहितस्य,एव,
गोत्वस्यावच्छेदकत्त्वोपगमात्,:गोत्वस्य,अवच्छेदकत्त्वोपगमात्,
धानकर्मत्वगोत्वोभयमेव,:धानकर्मत्वगोत्वोभयम्,एव,
शक्यताऽवच्छेदकमिति,:शक्यताऽवच्छेदकम्,इति,
कुर्वन्त्यन्ये,:कुर्वन्ति,अन्ये,
गोत्वमेव,:गोत्वम्,एव,
शक्यमिति,:शक्यम्,इति,
गोत्वविशिष्टमेव,:गोत्वविशिष्टम्,एव,
शक्यमित्येव,:शक्यम्,इत्येव,
गोत्वस्यापि,:गोत्वस्य,अपि,
शक्यत्वमावश्यकमिति,:शक्यत्वम्,आवश्यकम्,इति,
गोत्वमेवेति,:गोत्वम्,एव,इति,
गोत्वविशिष्टधानकर्मत्वमेव,:गोत्वविशिष्टधानकर्मत्वम्,एव,
गोनिष्ठधानकर्मत्वव्यक्तीनामनुगमकमिति,:गोनिष्ठधानकर्मत्वव्यक्तीनाम्,अनुगमकम्,इति,
शक्यानुगमकमिति,:शक्यानुगमकम्,इति,
मीमांसकसिद्धान्तानुसारेणोत्तरयति,:मीमांसकसिद्धान्तानुसारेण,उत्तरयति,
शक्येनेति,:शक्येन,इति,
शक्त्युच्छेदकप्रसङ्गादिति,:शक्त्युच्छेदकप्रसङ्गात्,इति,
तादृशनियमानुसारेणैव,:तादृशनियमानुसारेण,एव,
शक्तिविरहेऽपि,:शक्तिविरहे,अपि,
नानेति,:न,अनेति,
पञ्चम्यर्थद्वयासङ्गतिरिति,:पञ्चम्यर्थद्वयासङ्गतिः,इति,
उभयप्रकारकबुद्धित्वमिति,:उभयप्रकारकबुद्धित्वम्,इति,
पुष्पवन्तपदधर्मिकतादृशशक्तिज्ञानव्यवहितोत्तरत्वनिवेशस्यावश्यकतया,:पुष्पवन्तपदधर्मिकतादृशशक्तिज्ञानव्यवहितोत्तरत्वनिवेशस्य,आवश्यकतया,
निष्प्रयोजनमिति,:निष्प्रयोजनम्,इति,
तादृशशक्तिज्ञानव्यवहितोत्तरत्वावच्छिन्नस्योत्पन्नतयाऽप्रमाण्यग्रहाभावविशिष्टतादृशज्ञानस्य,:तादृशशक्तिज्ञानव्यवहितोत्तरत्वावच्छिन्नस्य,उत्पन्नतया,अप्रमाण्यग्रहाभावविशिष्टतादृशज्ञानस्य,
चन्द्रत्वसूर्यत्वादिरूपविषयविशेषनिवेशस्यावश्यकत्वात्,:चन्द्रत्वसूर्यत्वादिरूपविषयविशेषनिवेशस्य,आवश्यकत्वात्,
तादृशविषयविशेषनिवेशेऽपि,:तादृशविषयविशेषनिवेशे,अपि,
अतस्तद्वारणायाप्रमाण्यग्रहाभावविशिष्टतादृशशक्तिज्ञानव्यवहितोत्तरत्वस्याप्रमाण्यग्रहाभावविशिष्टतादृशशक्तिज्ञानकार्यताऽवच्छेदके,:अतः,तद्वारणाय,अप्रमाण्यग्रहाभावविशिष्टतादृशशक्तिज्ञानव्यवहितोत्तरत्वस्य,अप्रमाण्यग्रहाभावविशिष्टतादृशशक्तिज्ञानकार्यताऽवच्छेदके,
विषयविशेषनिवेशेऽपि,:विषयविशेषनिवेशे,अपि,
नोक्तस्थले,:न,उक्तस्थले,
अप्रामाण्यज्ञानात्तत्तद्व्यक्तित्वेनोत्तेजकत्वपक्षे,:अप्रामाण्यज्ञानात्,तत्तद्व्यक्तित्वेन,उत्तेजकत्वपक्षे,
तत्तदप्रामाण्यज्ञानानामुत्तेजककोटावप्रवेशादेव,:तत्तदप्रामाण्यज्ञानानाम्,उत्तेजककोटौ,अप्रवेशात्,एव,
एवञ्च,:एवम्,च,
तादृशप्रमाण्यज्ञानव्यक्तेरनुत्तेजकत्वे,:तादृशप्रमाण्यज्ञानव्यक्तेः,अनुत्तेजकत्वे,
कार्यताऽवच्छेदकत्वेऽपि,:कार्यताऽवच्छेदकत्वे,अपि,
तादृशतादृशपारमार्थिकयत्किञ्चिद्व्यक्तिसामग्रीविरहाद्,:तादृशतादृशपारमार्थिकयत्किञ्चित्,व्यक्तिसामग्रीविरहाद्,
नोक्तापत्तिसम्भवः,:न,उक्तापत्तिसम्भवः,
प्रत्येकविषयत्वमन्तर्भाव्य,:प्रत्येकविषयत्वम्,अन्तर्भाव्य,
कार्यकारणभावद्वयकल्पनामपेक्ष्य,:कार्यकारणभावद्वयकल्पनाम्,अपेक्ष्य,
चन्द्रत्वसूर्यत्वोभयविषयकत्वमन्तर्भाव्यैककारणकल्पनैव,:चन्द्रत्वसूर्यत्वोभयविषयकत्वम्,अन्तर्भाव्यैककारणकल्पना,एव,
व्यासज्यवृत्तिकारणताऽवच्छेदकत्वानङ्गीकारान्न,:व्यासज्यवृत्तिकारणताऽवच्छेदकत्वानङ्गीकारात्,न,
गुरुतकार्यकारणभावद्वयशङ्‌काऽपीति,:गुरुतकार्यकारणभावद्वयशङ्‌का,अपि,इति,
सत्युभयविषयकत्वस्य,:सती,उभयविषयकत्वस्य,
उक्तयुक्त्यभिधानस्यौवोचितत्वेन,:उक्तयुक्त्यभिधानस्य,एव,उचितत्वेन,
सीर्यत्वावच्छिन्नान्वयबोधप्रसङ्गरूपयुक्त्यभिधानस्योन्मत्तप्रलपितत्वापत्तिरिति,:सीर्यत्वावच्छिन्नान्वयबोधप्रसङ्गरूपयुक्त्यभिधानस्य,उन्मत्तप्रलपितत्वापत्तिः,इति,
मधुरानातर्कवागीशेनापि,:मधुरानातर्कवागीशेन,अपि,
एवेति,:एव,इति,
नास्तीति,:नास्ति,इति,
उभयत्वेऽपि,:उभयत्वे,अपि,
तद्रूपेणोभयत्वविशेषेऽवच्छेदकत्वभानसम्भवादाह,:तद्रूपेण,उभयत्वविशेषे,अवच्छेदकत्वभानसम्भवात्,आह,
पुष्पवन्तपदशक्यमिति,:पुष्पवन्तपदशक्यम्,इति,
भानसम्भवादिति,:भानसम्भवात्,इति,
तादृशशक्तिज्ञानसम्भवादिति,:तादृशशक्तिज्ञानसम्भवात्,इति,
एवेत्याहुरिति,:एव,इत्याहुः,इति,
प्रतियोग्यंशेऽभानवत्साक्षाच्छक्यताऽनवच्छेदस्य,:प्रतियोग्यंशे,अभानवत्साक्षाच्छक्यताऽनवच्छेदस्य,
शक्यांशेऽभानमद्विरुद्धमिति,:शक्यांशे,अभानमद्विरुद्धम्,इति,
तादृशकार्यकारणभावबलाच्छब्दबोधे,:तादृशकार्यकारणभावबलात्,शाब्दबोधे,
चन्द्रसूर्योभयोर्भानोपपादनेऽपि,:चन्द्रसूर्योभयोः,भानोपपादने,अपि,
अतादृशस्य,:अतः,तादृशस्य,
एवेत्यर्थः,:एव,इत्यर्थः,
अतश्चान्द्रसूर्ययोर्भगवतः,:अतः,चन्द्रसूर्ययोः,भगवतः,
तद्विषयतारूपशक्तेर्नानुपपत्तिरिति,:तद्विषयतारूपशक्तेः,न,अनुपपत्तिः,इति,
ऐक्यादिति,:ऐक्यात्,इति,
बोधनिष्ठसङ्‌केतविषयतानिष्ठपुष्पवन्तपदजन्यत्वप्रकारतानिरूपितचन्द्रत्वसूर्यत्वावच्छिन्नविषयताकबोधत्वपर्याप्तावच्छेदकताकविषयतात्वस्यैक्यादित्यर्थः,:बोधनिष्ठसङ्‌केतविषयतानिष्ठपुष्पवन्तपदजन्यत्वप्रकारतानिरूपितचन्द्रत्वसूर्यत्वावच्छिन्नविषयताकबोधत्वपर्याप्तावच्छेदकताकविषयतात्वस्य,ऐक्यात्,इत्यर्थः,
भदेऽपि,:भेदे,अपि,
नानुपपत्तिः,:न,अनुपपत्तिः,
विशेषादिति,:विशेषात्,इति,
नानाऽर्थत्वेऽप्यकत्वाश्रयशक्तिप्रयोज्यपुष्पवन्तपदजन्यप्रतीतिविषयताऽवच्छेदकत्वस्य,:नानाऽर्थत्वे,अपि,एकत्वाश्रयशक्तिप्रयोज्यपुष्पवन्तपदजन्यप्रतीतिविषयताऽवच्छेदकत्वस्य,
प्रयोज्यतासम्बन्धेनैकशक्तिमत्पुष्पवन्तपदजन्या,:प्रयोज्यतासम्बन्धेन,एकशक्तिमत्पुष्पवन्तपदजन्या,
शक्तिनिष्ठैकत्वस्यापि,:शक्तिनिष्ठैकत्वस्य,अपि,
वस्तुतस्तु,:वस्तुतः,तु,
अन्योन्याभावाच्च,:अन्योन्याभावात्,च,
प्रतियोग्यवृत्तिर्बोध्यः,:प्रतियोग्यवृत्तिः,बोध्यः,
तेनोभयाभावमादाय,:तेन,उभयाभावम्,आदाय,
नाप्रसिद्धिः,:न,अप्रसिद्धिः,
इत्थञ्च,:इत्थम्,च,
बाधितमेव,:बाधितम्,एव,
स्यादतस्तादृशकोशाच्छक्त्यैक्यलाभः,:स्यात्,अतः,तादृशकोशात्,शक्त्यैक्यलाभः,
अथवेति,:अथवा,इति,
पूर्वक्तरीत्याऽर्थः,:पूर्वोक्तरीत्या,अर्थः,
हेतुत्वादिति,:हेतुत्वात्,इति,
यथेति,:यथा,इति,
तदेकतररूपप्रकारकसम्बन्धिज्ञानादिति,:तदेकतररूपप्रकारकसम्बन्धिज्ञानात्,इति,
निरवच्छिन्नतद्रूपप्रकारेणेत्यर्थः,:निरवच्छिन्नतद्रूपप्रकारेण,इत्यर्थः,
तादृशापरधर्मप्रकारेणेति,:तादृशापरधर्मप्रकारेण,इति,
अपरश्च,:अपरः,च,
त्वसंसर्गाग्रहसहितोपस्थितेनेवेति,:तु,असंसर्गाग्रहसहितोपस्थितेन,एव,इति,
भानसम्भवादिति,:भानसम्भवात्,इति,
स्यान्न,:स्यात्,न,
व्यवहारदर्शनादेरुच्छेदापत्तेरितीति,:व्यवहारदर्शनादेरुच्छेदापत्तेः,इति,इति,
शक्तिसंशयस्यानुभवसिद्धतया,:शक्तिसंशयस्य,अनुभवसिद्धतया,
दोषसम्भवादिति,:दोषसम्भवात्,इति,
सामान्यतोऽवधारयतीति,:सामान्यतः,अवधारयति,इति,
तद्धर्मावच्छिन्नत्वावच्छिन्नशाब्दबोधविषयत्वविषयताघटितसङ्‌केतविषयशालिनिश्चयस्येत्यर्थः,:तद्धर्मावच्छिन्नत्वावच्छिन्नशाब्दबोधविषयत्वविषयताघटितसङ्‌केतविषयशालिनिश्चयस्य,इत्यर्थः,
शक्तमित्युदाहरणवाक्यतः,:शक्तम्,इत्युदाहरणवाक्यतः,
व्याप्तिरिति,:व्याप्तिः,इति,
व्याप्तिमवधारयतीति,:व्याप्तिम्,अवधारयति,इति,
तादृशधर्मविशिष्टशक्तत्वमित्यवधारणाकारः,:तादृशधर्मविशिष्टशक्तत्वम्,इत्यवधारणाकारः,
अवगाहनसम्भवादिति,:अवगाहनसम्भवात्,इति,
अनपेक्षणादिति,:अनपेक्षणात्,इति,
प्रमुष्टबुद्धिविषयताऽवच्छेदकांशमिति,:प्रमुष्टबुद्धिविषयताऽवच्छेदकांशम्,इति,
यत्रेति,:यत्र,इति,
तादृशस्मरणमित्यन्वयः,:तादृशस्मरणम्,इत्यन्वयः,
तद्विषयकत्वेनैवेति,:तद्विषयकत्वेन,एव,इति,
घटत्वप्रकारकघटस्मृतिर्ज्जायते,:घटत्वप्रकारकघटस्मृतिः,जायते,
घटविषयकस्येव,:घटविषयकस्य,इव,
स्मरणस्यापत्त्या,:स्मरणस्य,आपत्त्या,
प्रकारत्वविशेष्यत्वनिवेशनमावश्यकमित्यतस्तथैवरीत्या,:प्रकारत्वविशेष्यत्वनिवेशनम्,आवश्यकम्,इत्यतः,तथैवरीत्या,
स्वरूपतस्तत्प्रकारत्त्वनिवेशनप्रयोजनमाह,:स्वरूपतस्तत्प्रकारत्त्वनिवेशनप्रयोजनम्,आह,
स्वरूपतस्तत्प्रकारकशक्तिज्ञानासत्त्वे,:स्वरूपतः,तत्प्रकारकशक्तिज्ञानासत्त्वे,
रूपतस्तत्प्रकारकज्ञानजन्यतादृशसंस्कारस्येत्यर्थः,:रूपतः,तत्प्रकारकज्ञानजन्यतादृशसंस्कारस्य,इत्यर्थः,
कदाचिदिष्टापत्तिसम्भवाद्,:कदाचित्,इष्टापत्तिसम्भवाद्,
बहुजनविवादस्याकिञ्चित्करत्वादिति,:बहुजनविवादस्य,अकिञ्चित्करत्वात्,इति,
व्युत्पत्तिविरोधश्च,:व्युत्पत्तिविरोधः,च,
शक्तिग्रहाभावश्चेत्यर्थः,:शक्तिग्रहाभावः,च,इत्यर्थः,
तद्धर्मावच्छिन्नविषयताघटितोक्तेति,:तद्धर्मावच्छिन्नविषयताघटितोक्ता,इति,
योच्चारणनिष्ठविषयता,:या,उच्चारणनिष्ठविषयता,
हेतुत्वादित्यर्थः,:हेतुत्वात्,इत्यर्थः,
ईदृश्येव,:ईदृशी,एव,
गतिश्चिन्तनीयेति,:गतिः,चिन्तनीया,इति,
स्वजन्यबोधवत्त्वेनाभिप्रायविषयताऽवच्छेदकावच्छिन्नविषयकत्वस्वजन्यत्वोभयसम्बन्धेन,:स्वजन्यबोधवत्त्वेन,अभिप्रायविषयताऽवच्छेदकावच्छिन्नविषयकत्वस्वजन्यत्वोभयसम्बन्धेन,
भवत्वित्याकारकस्य,:भवतु,इत्याकारकस्य,
बोधोऽस्मत्पदवान्,:बोधः,अस्मत्पदवान्,
भवत्वित्याकारकसङ्‌केतस्यास्मत्पदस्थले,:भवति,आकारकसङ्‌केतस्य,अस्मत्पदस्थले,
नानुपपत्तिः,:न,अनुपपत्तिः,
अत्रापि,:अत्र,अपि,
पूर्वोक्तानुपत्तिरिति,:पूर्वोक्तानुपत्तिः,इति,
यत्तदन्योच्चारणरूपमित्यर्थः,:यत्,तदन्योच्चारणरूपम्,इत्यर्थः,
एतेनोच्चारणे,:एतेन,उच्चारणे,
स्वार्थबोधतात्पर्यकत्वविरहेऽपि,:स्वार्थबोधतात्पर्यकत्वविरहे,अपि,
क्वचित्पाठः,:क्वचित्,पाठः,
जानातीत्यभिमानेन,:जानाति,इत्यभिमानेन,
अतोऽभिमानिपुरुषे,:अतः,अभिमानिपुरुषे,
जानातीति,:जानाति,इति,
स्वघटितवाक्यार्थकर्मकत्वविषयतानिरूपितवाक्यान्तरजन्यप्रतीतिविषयीभूताश्रयत्वमित्यर्थः,:स्वघटितवाक्यार्थकर्मकत्वविषयतानिरूपितवाक्यान्तरजन्यप्रतीतिविषयीभूताश्रयत्वम्,इत्यर्थः,
सुग्रहमिति,:सुग्रहम्,इति,
पदार्थसत्त्वेऽपि,:पदार्थसत्त्वे,अपि,
भवतीति,:भवति,इति,
वक्तृबुद्धिस्थत्वस्यैव,:वक्तृबुद्धिस्थत्वस्य,एव,
वक्तृबुद्धिविषयत्वस्यैव,:वक्तृबुद्धिविषयत्वस्य,एव,
स्वार्थघटितेनेति,:स्वार्थघटितेन,इति,
तादृशवक्तृबुद्धिश्च,:तादृशवक्तृबुद्धिः,च,
देवीष्टसाधिकेत्याकारका,:देवीष्टसाधिका,इत्याकारका,
सिद्दत्वेऽपि,:सिद्दत्वे,अपि,
असिद्धत्वादेव,:असिद्धत्वात्,एव,
तादृशकर्तृत्वविषयतानिरूपितदेवीनिष्ठविषयताशालिज्ञानमिष्टसाधनमित्याकारकज्ञानीया,:तादृशकर्तृत्वविषयतानिरूपितदेवीनिष्ठविषयताशालिज्ञानम्,इष्टसाधनम्,इत्याकारकज्ञानीया,
प्रवृत्तिनिमित्तानुगमकत्वसम्भवेऽपि,:प्रवृत्तिनिमित्तानुगमकत्वसम्भवे,अपि,
बुद्धिपर्यन्तानुशरणमित्याह,:बुद्धिपर्यन्तानुशरणम्,इत्याह,
एवमिति,:एवम्,इति,
स्वसम्बोध्यत्वमपीति,:स्वसम्बोध्यत्वम्,अपि,इति,
अनवगाहिनीति,:अनवगाहिनी,इति,
*उक्तिक्रियाक्रमत्वेनैव,:*उक्तिक्रियाक्रमत्वेन,एव,
भानादिति,:भानात्,इति,
वाक्यान्तरस्थोक्तिक्रियाविषयतानिरूपितकर्मत्वविषयतानिरू-,:वाक्यान्तरस्थ,उक्तिक्रियाविषयतानिरूपितकर्मत्वविषयतानिरू-,
पितस्वघटितवाक्यार्थविषयताशून्यत्वाभावादित्यर्थः,:पितस्वघटितवाक्यार्थविषयताशून्यत्वाभावात्,इत्यर्थः,
आवश्यकत्वादिति,:आवश्यकत्वात्,इति,
तवाक्यार्थविषयताशालिप्रतीच्छाऽनधीनत्वमपीत्यर्थः,:तवाक्यार्थविषयताशालिप्रतीच्छाऽनधीनत्वम्,अपि,इत्यर्थः,
तादृशप्रतीतीच्छाऽनधीनत्वमिति,:तादृशप्रतीतीच्छाऽनधीनत्वम्,इति,
पाठेऽपि,:पाठे,अपि,
एवार्थः,:एव,अर्थः,
युष्मत्पदशक्तेर्वारणाय,:युष्मत्पदशक्तेः,वारणाय,
शक्तिर्वाच्या,:शक्तिः,वाच्या,
स्वघटितेत्याद्युक्तिः,:स्वघटिता,इत्याद्युक्तिः,
स्वघटतवाक्यार्थविषयकत्वान्वितेति,:स्वघटतवाक्यार्थविषयकत्वान्विता,इति,
याऽऽधेयत्वसम्बन्धेन,:या,आधेयत्वसम्बन्धेन,
तन्निरूपितकर्तृत्वविषयतानिरूपितविषयतावद्देवीष्टसाधि-,:तन्निरूपितकर्तृत्वविषयतानिरूपितविषयतावत्,देवीष्टसाधि-,
केत्याकारकवक्त्रिष्टसाधनताज्ञानीयतादृशक्रियाकर्मत्वविषयतानिरूपितवाक्यान्तरजन्यप्रतिपत्तिविषयतानिरू-,:का,इत्याकारकवक्त्रिष्टसाधनताज्ञानीयतादृशक्रियाकर्मत्वविषयतानिरूपितवाक्यान्तरजन्यप्रतिपत्तिविषयतानिरू-,
पिताधेयत्वसम्बन्धावच्छिन्नविषयताऽऽत्मिकायास्तादृशक्रियाकर्मतया,:पिताधेयत्वसम्बन्धावच्छिन्नविषयताऽऽत्मिकायाः,तादृशक्रियाकर्मतया,
महिषासुरादेरक्षत्वमेवेति,:महिषासुरादेरक्षत्वम्,एव,इति,
तन्निरूपितविषयताविवक्षान्नानुपपत्तिरिति,:तन्निरूपितविषयताविवक्षान्नानुपपत्तिः,इति,
इत्येवोपगन्तव्यमिति,:इत्येव,उपगन्तव्यम्,इति,
चैतद्वाक्यजन्यज्ञानसमानाकारकभिन्नमहिषासुरनिष्ठज्ञानानुकूलव्या-,:च,एतद्वाक्यजन्यज्ञानसमानाकारकभिन्नमहिषासुरनिष्ठज्ञानानुकूलव्या-,
देवीत्यान्वयबोधः,:देवी,इति,अन्वयबोधः,
तादृशवाक्यजन्यदेवीकर्तृकमहिषासुरकर्मघातादिबोधश्च,:तादृशवाक्यजन्यदेवीकर्तृकमहिषासुरकर्मघातादिबोधः,च,
रितत्वभ्रमादेव,:रितत्वभ्रमात्,एव,
चेति,:च,इति,
वेत्यर्थः,:वा,इत्यर्थः,
सम्बोध्यतावानित्यस्याग्रे,:सम्बोध्यतावान्,इत्यस्य,अग्रे,
तस्यानुवादकपुरुषीयवाक्यार्थकर्मकोक्तिक्रियाघटितमहावाक्यार्थघटकयुष्मदर्थघटित,:तस्य,अनुवादकपुरुषीयवाक्यार्थकर्मकोक्तिक्रियाघटितमहावाक्यार्थघटकयुष्मत्,अर्थघटित,
त्पाश्रयत्वेनाभिप्रायविषयत्वेऽपि,:त्पाश्रयत्वेन,अभिप्रायविषयत्वे,अपि,
तादृशाभिप्रायेऽपि,:तादृशाभिप्राये,अपि,
स्योक्तिक्रियाकर्मत्वेनैव,:स्य,उक्तिक्रियाकर्मत्वेन,एव,
भानादिति,:भानात्,इति,
क्वचित्पाठस्तदनुसारेण,:क्वचित्पाठः,तदनुसारेण,
नुपपत्तिरिति,:अनुपपत्तिः,इति,
बोध्यमिति,:बोध्यम्,इति,
त्स्वोच्चारणकर्तृताऽवच्छेदकशरीरवृत्तिद्रव्यत्वव्याप्यजातिव्याप्यजात्यवच्छिन्नेऽप्यस्मत्पदस्य,:त्स्वोच्चारणकर्तृताऽवच्छेदकशरीरवृत्तिद्रव्यत्वव्याप्यजातिव्याप्यजात्यवच्छिन्ने,अपि,अस्मत्पदस्य,
द्रव्यत्वव्याप्यत्वञ्च,:द्रव्यत्वव्याप्यत्वम्,च,
मनुष्यादिभिन्नत्वमुपलक्षणाविधया,:मनुष्यादिभिन्नत्वम्,उपलक्षणाविधया,
निवेशनीयमिति,:निवेशनीयम्,इति,
व्याप्यत्वादिकञ्च,:व्याप्यत्वादिकम्,च,
पूर्ववदिति,:पूर्ववत्,इति,
वाक्यघटकास्मच्छब्दाच्चैत्रोच्चारितात्,:वाक्यघटकास्मच्छब्दात्,चैत्रोच्चारितात्,
चैत्रमैत्रादिबोधस्यानुभवसिद्धतया,:चैत्रमैत्रादिबोधस्य,अनुभवसिद्धतया,
मैत्रादेरुच्चारणकर्तृत्वाभावात्तादृशबोदानुपपत्तिरिति,:मैत्रादेः,उच्चारणकर्तृत्वाभावात्,तादृशबोधानुपपत्तिः,इति,
लक्षणैव,:लक्षणा,एव,
गतिरिति,:गतिः,इति,
वैयाकरणसिद्धान्तदीपिकाकर्तृभिरभिहितम्,:वैयाकरणसिद्धान्तदीपिकाकर्तृभिः,अभिहितम्,
तादृशोच्चारकपुरुषमनन्तर्भाव्य,:तादृशोच्चारकपुरुषम्,अनन्तर्भाव्य,
भवत्येव,:भवति,एव,
केचित्तु,:केचित्,तु,
स्वोच्चारणकर्तृवृत्तिस्वप्रयोजकबुद्धिविषयताऽवच्छेदकधर्मावच्छिन्नेऽस्मत्पदशक्तिस्वीकारेणोक्तस्थल,:स्वोच्चारणकर्तृवृत्तिस्वप्रयोजकबुद्धिविषयताऽवच्छेदकधर्मावच्छिन्नेऽस्मत्पदशक्तिस्वीकारेण,उक्तस्थल,
शक्त्योपपत्तिरिति,:शक्त्योपपत्तिः,इति,
तन्न,:तत्,न,
द्रव्यत्वप्रकारकद्रव्यबोधतात्पर्येणापि,:द्रव्यत्वप्रकारकद्रव्यबोधतात्पर्येण,अपि,
तादृशप्रयोगापत्तिरिति,:तादृशप्रयोगापत्तिः,इति,
व्यधिकरणधर्मावच्छिन्नावच्छेदकताकभेदस्येव,:व्यधिकरणधर्मावच्छिन्नावच्छेदकताकभेदस्य,इव,
ग्राह्यमित्युभयत्रैवगतिरस्त्येत्यतोऽनुभवविरोधरूपदोषमाह,:ग्राह्यम्,इत्युभयत्र,एवगतिः,अस्ति,इत्यतः,अनुभवविरोधरूपदोषम्,आह,
रक्तदण्डवानितिवत्,:रक्तदण्डवान्,इतिवत्,
विधेयांशेऽधिकावगाहितादृशबोधस्यानुभवसिद्धत्वादिति,:विधेयांशे,अधिकावगाहितादृशबोधस्य,अनुभवसिद्धत्वात्,इति,
विदेयानन्वयप्रसङ्गादिति,:विदेयान्,अन्वयप्रसङ्गात्,इति,
इत्यन्वयबोधस्य,:इति,अन्वयबोधस्य,
केनाप्यङ्गीकारादिति,:केनापि,अङ्गीकारात्,इति,
भङ्गापत्तेरिति,:भङ्गापत्तेः,इति,
चाख्यातार्थश्रयत्व,:च,आख्यातार्थश्रयत्व,
तादृशसर्वपदार्थस्याभेदेनान्वये,:तादृशसर्वपदार्थस्य,अभेदेन,अन्वये,
तद्दोषवारणसम्भवादिति,:तद्दोषवारणसम्भवात्,इति,
आख्यातार्थविशेष्यकमानार्थान्वयस्याव्युत्पन्नत्वादिति,:आख्यातार्थविशेष्यकमानार्थान्वयस्याव्युत्पन्नत्वात्,इति,
बाधितत्वेनेति,:बाधितत्वेन,इति,
चोद्देश्यताऽवच्छेदकसमानाधिकरणभेदप्रतियोगिताऽवच्छेदकत्वपर्याप्त्यनुयोगिताऽवच्छेदकत्वस्योद्देश्यताऽवच्छेदके,:च,उद्देश्यताऽवच्छेदकसमानाधिकरणभेदप्रतियोगिताऽवच्छेदकत्वपर्याप्त्यनुयोगिताऽवच्छेदकत्वस्य,उद्देश्यताऽवच्छेदके,
निवेशेऽपि,:निवेशे,अपि,
शब्दवदिति,:शब्दवत्,इति,
गगनत्वेऽपि,:गगनत्वे,अपि,
सत्त्वादिति,:सत्त्वात्,इति,
प्रतियोगिताविशिष्टान्यत्वमुद्देश्यताऽवच्छेदकसमानाधिकरणभेदे,:प्रतियोगिताविशिष्टान्यत्वम्,उद्देश्यताऽवच्छेदकसमानाधिकरणभेदे,
नोभयभेदमादाय,:न,उभयभेदम्,आदाय,
इत्यभिप्रायेणाह,:इति,अभिप्रायेण,आह,
व्यावृत्तिरिति,:व्यावृत्तिः,इति,
---एवमिति,:---एवम्,इति,
पर्वतस्तद्रूपवानित्यादिबोधस्य,:पर्वतः,तद्रूपवान्,इत्यादिबोधस्य,
समवायस्यैक्यमते,:समवायस्य,ऐक्यमते,
पर्वतत्त्वाव्यापकत्वादाह,:पर्वतत्त्वाव्यापकत्वात्,आह,
रूपमित्यादौ,:रूपम्,इत्यादौ,
घटादेराधेयतायामनुपगमान्नानुपपत्तिरिति,:घटादेः,आधेयतायाम्,अनुपगमान्नानुपपत्तिः,इति,
पदादनुपस्थितत्वेऽपि,:पदादनुपस्थितत्वे,अपि,
मानाभावादिति,:मानाभावात्,इति,
मानाभावेऽपि,:मानाभावे,अपि,
भानेऽपि,:भाने,अपि,
विशेष्यताऽवच्छेदकव्यापकत्ववदनुभवसिद्धमेवेत्याह,:विशेष्यताऽवच्छेदकव्यापकत्ववत्,अनुभवसिद्धम्,एव,इत्याह,
वेति,:वा,इति,
ननूद्देस्यविशेषणतयोपस्थितस्य,:ननु,उद्देश्यविशेषणतया,उपस्थितस्य,
विशेषणतयोपस्थितस्यान्यत्रविशेषणतया,:विशेषणतया,उपस्थितस्य,अन्यत्रविशेषणतया,
भानमिति,:भानम्,इति,
वेति,:वा,इति,
चैकत्र,:च,एकत्र,
विशेषणतयोपस्थितस्यान्यत्र,:विशेषणतया,उपस्थितस्य,अन्यत्र,
पारतन्त्र्येणेति,:पारतन्त्र्येण,इति,
नानार्थयोर्भेदेनान्वयबोधस्याव्युत्पन्नत्वात्,:नानार्थयोः,भेदेन,अन्वयबोधस्य,अव्युत्पन्नत्वात्,
नामार्थयोरिति,:नामार्थयोः,इति,
व्युत्पत्तिरिति,:व्युत्पत्तिः,इति,
उद्देश्याधारतासम्बन्धेनैव,:उद्देश्याधारतासम्बन्धेन,एव,
वाच्यमिति,:वाच्यम्,इति,
तत्सम्बन्धस्यैवेति,:तत्सम्बन्धस्य,एव,इति,
तच्चैतत्मतेऽवच्छेकाव-,:तत्,च,एतत्मते,अवच्छेकाव-,
सतीति,:सती,इति,
सतीत्यर्थः,:सती,इत्यर्थः,
उद्देश्यत्वानिर्वाहादिति,:उद्देश्यत्वानिर्वाहात्,इति,
उद्देश्यविधेयभावस्यानुभवसिद्धतया,:उद्देश्यविधेयभावस्य,अनुभवसिद्धतया,
चेति,:च,इति,
प्रथममनिर्द्दिष्टत्वादिति,:प्रथममनिर्द्दिष्टत्वात्,इति,
त्वापाततः,:तु,आपाततः,
प्रतिसन्धानस्यैवापेक्षणीयत्वाद्,:प्रतिसन्धानस्य,एव,अपेक्षणीयत्वाद्,
पदस्योद्देश्यवाचकत्वोपपत्तेः,:पदस्य,उद्देश्यवाचकत्वोपपत्तेः,
स्वयमेवावयग्रन्थे,:स्वयम्,एव,अवयवग्रन्थे,
उक्तत्वादिति,:उक्तत्वात्,इति,
लाघवाच्छक्तिरस्तु,:लाघवात्,शक्तिः,अस्तु,
शक्तिकल्पनयेति,:शक्तिकल्पनया,इति,
रूपवदित्यादौ,:रूपवत्,इत्यादौ,
सर्वपदशक्तेरेवाग्रे,:सर्वपदशक्तेः,एव,अग्रे,
रूपवद्भेदबोधतकयाऽप्रमाण्योपपत्तेः,:रूपवद्भेदबोधतकया,अप्रमाण्योपपत्तेः,
तादृशवाक्यस्याप्रामाण्यापत्तेः,:तादृशवाक्यस्य,अप्रामाण्यापत्तेः,
रूपवदित्यादिवाक्यस्य,:रूपवत्,इत्यादिवाक्यस्य,
नञोऽभावबोधकत्वव्युत्पत्तेः,:नञः,अभावबोधकत्वव्युत्पत्तेः,
द्रव्यत्वसत्तादेरपि,:द्रव्यत्वसत्तादेः,अपि,
अस्माकन्तु,:अस्माकम्,तु,
व्युत्पत्तिस्वीकारादिति,:व्युत्पत्तिस्वीकारात्,इति,
द्रव्यात्वादिव्याप्तेर्घटादिप्रकारकाधिकरणे,:द्रव्यात्वादिव्याप्तेः,घटादिप्रकारकाधिकरणे,
तत्तत्पर्याप्तेर्न,:तत्तत्पर्याप्तेः,न,
तत्राक्षतत्वमिति,:तत्र,अक्षतत्वम्,इति,
रूपाणीत्यादिवाक्यस्यायोग्यत्वापात्तस्तत्र,:रूपाणि,इत्यादिवाक्यस्य,अयोग्यत्वापात्तः,तत्र,
रूपत्वव्यापकधर्म्मावच्छिन्नाभावबोधस्यैव,:रूपत्वव्यापकधर्म्मावच्छिन्नाभावबोधस्य,एव,
घटोऽभावाद्,:घटः,अभावाद्,
तावद्रूपवृत्तियावत्त्वादेव,:तावद्रूपवृत्तियावत्त्वात्,एव,
एवेति,:एव,इति,
व्यभिचारित्वसम्बन्धेनेति,:व्यभिचारित्वसम्बन्धेन,इति,
तत्सम्बन्धावच्छिन्नप्रतियोगिताकाभावस्याप्रसिद्धिरिति,:तत्सम्बन्धावच्छिन्नप्रतियोगिताकाभावस्य,अप्रसिद्धिः,इति,
हेतावुपाधिर्नेह,:हेतौ,उपाधिः,न,इह,
हेतुवुपाधिरिति,:हेतौ,उपाधिः,इति,
वृत्तिनियामकत्वादिति,:वृत्तिनियामकत्वात्,इति,
तृतीयाऽर्थोऽभेदः,:तृतीयाऽर्थः,अभेदः,
वक्तृबुद्धिरित्यस्य,:वक्तृबुद्धिः,इत्यस्य,
विषयत्वमित्यर्थः,:विषयत्वम्,इत्यर्थः,
वक्तृबुद्धिश्च,:वक्तृबुद्धिः,च,
इत्यादिवाक्यजन्यबोधीयरूपत्वावच्छिन्नविदेयतानिरूपितोद्देश्यताऽवच्छेदकतावद्घटत्वमिष्टसाधनामत्याकारिका,:इत्यादिवाक्यजन्यबोधीयरूपत्वावच्छिन्नविदेयतानिरूपितोद्देश्यताऽवच्छेदकतावद्घटत्वम्,इष्टसाधनामत्याकारिका,
वक्तृतात्पर्य्यमिति,:वक्तृतात्पर्य्यम्,इति,
भवत्वित्याकारकमित्यवधेयम्,:भवतु,इत्याकारकम्,इत्यवधेयम्,
इदमप्यस्मदुक्ततत्पदस्थलीयदिशा,:इदम्,अपि,अस्मत्,उक्ततत्पदस्थलीयदिशा,
उद्देश्यताऽवच्छेदकव्यापकेत्यत्र,:उद्देश्यताऽवच्छेदकव्यापका,इत्यत्र,
रूपवन्तीत्यादिप्रयोगापत्तेः,:रूपवन्ती,इत्यादिप्रयोगापत्तेः,
विधेयताव्याप्यत्वमपि,:विधेयताव्याप्यत्वम्,अपि,
तादृशप्रयोगवारणासम्भवादिति,:तादृशप्रयोगवारणासम्भवात्,इति,
तन्न-सर्व्वेषु,:तत्,न-सर्व्वेषु,
रूपमित्यादौ,:रूपम्,इत्यादौ,
चानुपपत्तिर्बोध्या,:च,अनुपपत्तिः,बोध्या,
एवमन्यत्रापि,:एवम्,अन्यत्र,अपि,
विशेष्यविशेषणसाधारणमिति,:विशेष्यविशेषणसाधारणम्,इति,
अन्योन्याभावप्रतियोगिताऽनवच्छेदकेति,:अन्योन्याभावप्रतियोगिताऽनवच्छेदका,इति,
घटमित्यादिप्रयोगवारणाय,:घटम्,इत्यादिप्रयोगवारणाय,
विष्णुरित्याद्यनुरोधादन्योन्याभावप्रतियोगिताऽनवच्छेदकस्वार्थानुयोगिताऽवच्छेदकधर्मव्याप्यधर्मावच्छिन्नव्याप्यप-,:विष्णुः,इत्याद्यनुरोधात्,अन्योन्याभावप्रतियोगिताऽनवच्छेदकस्वार्थानुयोगिताऽवच्छेदकधर्मव्याप्यधर्मावच्छिन्नव्याप्यप-,
र्य्याप्तिकधर्म्मावच्छिन्नेऽपि,:र्य्याप्तिकधर्म्मावच्छिन्ने,अपि,
शक्त्यन्तरमङ्गीकरणीयम्,:शक्त्यन्तरम्,अङ्गीकरणीयम्,
अतस्तत्रान्योन्याभावप्रतियोगिताऽवच्छेद-,:अतः,तत्र,अन्योन्याभावप्रतियोगिताऽवच्छेद-,
सर्वपदाद्बोधः,:सर्वपदात्,बोधः,
स्वयमूहनीयमिति,:स्वयम्,ऊहनीयम्,इति,
माधेयतासम्बन्धेन,:म्,आधेयतासम्बन्धेन,
घटस्यान्वये,:घटस्य,अन्वये,
घटत्वस्यापि,:घटत्वस्य,अपि,
नानुपपत्तिः,:न,अनुपपत्तिः,
स्वाश्रयत्वाच्च,:स्वाश्रयत्वात्,च,
सर्वपदात्तादृशान्वयतात्पर्य्येणाह,:सर्वपदात्,तादृशान्वयतात्पर्य्येण,आह,
कथमिति,:कथम्,इति,
केचित्तु,:केचित्,तु,
नानुपपत्तिः,:न,अनुपपत्तिः,
तादृशधर्म्मश्चैतदीयज्ञानविषयतात्वमेवेति,:तादृशधर्म्मः,च,एतदीयज्ञानविषयतात्वम्,एव,इति,
भिन्नशक्त्युपगमेनेति,:भिन्नशक्त्युपगमेन,इति,
सर्वपदमित्येवंभगवत्सङ्‌केतरूपा,:सर्वपदम्,इत्येवम्,भगवत्सङ्‌केतरूपा,
तादृशोभयविषयकशाब्दबोधस्यैकसङ्‌केतविषयतया,:तादृशोभयविषयकशाब्दबोधस्य,एकसङ्‌केतविषयतया,
परित्यज्यान्यस्य,:परित्यज्य,अन्यस्य,
नानऽर्थवत्,:न,अनऽर्थवत्,
शक्तिस्तदा,:शक्तिः,तदा,
युगपन्नानाऽर्थभानसम्भवेऽपि,:युगपन्नानाऽर्थभानसम्भवे,अपि,
तन्मात्रभानसम्भवेऽपि,:तन्मात्रभानसम्भवे,अपि,
रूपवन्तीत्यादिप्रयोगापत्तिः,:रूपवन्ति,इत्यादिप्रयोगापत्तिः,
रूपव्याप्यपर्य्याप्तिधर्मावच्छिन्नस्याभेदेन,:रूपव्याप्यपर्य्याप्तिधर्मावच्छिन्नस्य,अभेदेन,
पूर्वोक्तानुपपत्तिश्च,:पूर्वोक्तानुपपत्तिः,च,
मैवम्,:मा,एवम्,
घटेष्वेका,:घटेषु,एका,
इत्यत्रैव,:इत्यत्र,एव,
भगवत्सङ्‌केतश्च,:भगवत्सङ्‌केतः,च,
अपरश्च,:अपरः,च,
जनयित्याकारकश्च,:जनयि?त्याकारकः,च,
घटस्यापरसर्वपदार्थान्योन्या-,:घटस्य,अपरसर्वपदार्थान्योन्या-,
आधेयतयाऽन्वयाद्,:आधेयतया,अन्वयाद्,
प्रतियोगितयाऽपरपदार्थाभावेऽन्वयात्तादृगवच्छेदकत्त्वाभावलाभः,:प्रतियोगितयाऽपरपदार्थाभावे,अन्वयात्,तादृक्,अवच्छेदकत्त्वाभावलाभः,
संभेदेनान्यतरवैयर्थ्याभावात्,:संभेदेन,अन्यतरवैयर्थ्याभावात्,
पर्य्याप्तेश्च,:पर्य्याप्तेः,च,
धर्म्मेऽन्वयाद्,:धर्म्मे,अन्वयाद्,
आधेयतयाऽन्वयाद्,:आधेयतया,अन्वयाद्,
रूपवानित्याकारकस्तत्र,:रूपवान्,इत्याकारकः,तत्र,
तादृशविषयताशाल्येव,:तादृशविषयताशाली,एव,
बोधस्तादृशस्थले,:बोधः,तादृशस्थले,
कदाचिदपि,:कदाचित्,अपि,
रूपवदित्यादावाकाङ्‌क्षवैचित्र्याद्,:रूपवत्,इत्यादौ,आकाङ्‌क्षवैचित्र्याद्,
परित्यज्यापि,:परित्यज्य,अपि,
एवेति,:एव,इति,
कालस्याकाङ्‌क्षावैचित्र्यात्,:कालस्य,आकाङ्‌क्षावैचित्र्यात्,
कालिकसम्बन्धावच्छिन्नाधेयत्वसम्बन्धावच्छिन्नप्रतियोगिताकत्वसम्बन्धेनैव,:कालिकसम्बन्धावच्छिन्नाधेयत्वसम्बन्धावच्छिन्नप्रतियोगिताकत्वसम्बन्धेन,एव,
नियामकत्वादिति,:नियामकत्वात्,इति,
कदाचिदप्यभानात्,:कदाचित्,अपि,अभानात्,
नान्यतरवैयर्थ्यमित्याद्युक्तिरनुचितेति,:न,अन्यतरवैयर्थ्यम्,इत्याद्युक्तिः),अनुचिता,इति,
कल्प्यैव,:कल्प्य,एव,
स्वार्थान्वयिताऽवच्छेदकावच्छिन्नाभावयोरेव,:स्वार्थान्वयिताऽवच्छेदकावच्छिन्नाभावयोः,एव,
ककोटिप्रविष्टपर्य्याप्तावन्वयस्वीकारेणैवोपपत्तेरिति,:ककोटिप्रविष्टपर्य्याप्तावन्वयस्वीकारेण,एव,उपपत्तेः,इति,
शक्तिरेकैवेति,:शक्तिः,एका,एव,इति,
ग्रन्थस्यापि,:ग्रन्थस्य,अपि,
संगतिरिति,:संगतिः,इति,
तृतीयार्थाभेदेऽन्वयः,:तृतीयार्थाभेदे,अन्वयः,
परतश्च,:परतः,च,
एवेत्यवधेयम्,:एव,इत्यवधेयम्,
कस्मिन्नपि,:कस्मिन्,अपि,
दध्यादियावत्पादार्थस्यासत्त्वादत्रैव,:दध्यादियावत्पादार्थस्य,असत्त्वात्,अत्र,एव,
विभिन्नत्वेऽपि,:विभिन्नत्वे,अपि,
वाक्यभेदस्वीकारोऽनुचितः,:वाक्यभेदस्वीकारः,अनुचितः,
भिन्नत्वेऽपि,:भिन्नत्वे,अपि,
ऐक्यादेकवाक्यतासंभवाद्,:ऐक्यात्,एकवाक्यतासंभवाद्,
छिन्धीत्यादावेतादृशरीत्या,:छिन्धि,इत्यादौ,एतादृशरीत्या,
स्वयमेवोक्तः,:स्वयम्,एव,उक्तः,
अत्रैकवाक्यत्वाभावे,:अत्र,एकवाक्यत्वाभावे,
समासानुपपत्तिरिति,:समासानुपपत्तिः,इति,
स्वयमेवोक्ता,:स्वयम्,एव,उक्ता,
दर्शपौर्णमासावित्यादावप्येतादृशरीत्या,:दर्शपौर्णमासौ,इत्यादौ,अपि,एतादृशरीत्या,
शाब्दबोधसम्भवान्न,:शाब्दबोधसम्भवात्,न,
साहित्यविशिष्टवाचकतामात्रखण्डनायापत्तेस्तत्र,:साहित्यविशिष्टवाचकतामात्रखण्डनायापत्तेः,तत्र,
विधेयेति,:विधेय,इति,
क्रतूनभिधायेतति,:क्रतून्,अभिधायेत?ति,
स्वसमभिव्याहृतपदोपस्थाप्यताऽवच्छेदकोपलक्षितधर्म्मावच्छिन्नन्यूनवृत्तिरित्यर्थः,:स्वसमभिव्याहृतपदोपस्थाप्यताऽवच्छेदकोपलक्षितधर्म्मावच्छिन्नन्यूनवृत्तिः,इत्यर्थः,
केवलान्वयित्वान्न,:केवलान्वयित्वात्,न,
देयमिति,:देयम्,इति,
योद्देश्यता,:या,उद्देश्यता,
तादृशकिंपदस्य,:तादृशकिम्,पदस्य,
पचतीत्यादितः,:पचति,इत्यादितः,
मनुष्यत्वावच्छिन्नोद्देश्यताऽवच्छेदकताकत्वेनेत्यर्थः,:मनुष्यत्वावच्छिन्नोद्देश्यताऽवच्छेदकताकत्वेन,इत्यर्थः,
किंपदार्थान्वयिताऽवच्छेदकेत्यर्थः,:किम्,पदार्थान्वयिताऽवच्छेदकेत्यर्थः,
तादृशकिंपदशक्तिस्तु,:तादृशकिम्,पदशक्तिः,तु,
सन्तीत्यादावस्तित्वावच्छिन्नविधेयतानिरूपिता,:सन्ति,इत्यादौ,अस्तित्वावच्छिन्नविधेयतानिरूपिता,
जिज्ञासानिवृत्तिरेव,:जिज्ञासानिवृत्तिः,एव,
स्यादिति,:स्यात्,इति,
इत्यादाविति,:इत्यादौ,इति,
किंपदार्थान्वयः,:किम्,पदार्थान्वयः,
षष्ठ्यर्थश्च,:षष्ठ्यर्थः,च,
अतस्तादृशबोधस्य,:अतः,तादृशबोधस्य,
शक्तिस्तु,:शक्तिः,तु,
पूर्व्ववदूह्या,:पूर्व्ववत्,ऊह्या,
एवेति,:एव,इति,
द्रव्यमित्यादौ,:द्रव्यम्,इत्यादौ,
किंपदस्य,:किम्,पदस्य,
विधेयांशेऽभेदान्वयिकिंपदार्थस्य,:विधेयांशे,अभेदान्वयिकिम्,पदार्थस्य,
कस्येति,:कस्य,इति,
किंपदस्य,:किम्,पदस्य,
चेदंत्वावच्छिन्ननिरूपितस्वत्वत्वावच्छिन्नविधेयताऽवच्छेदकताऽवच्छेदकत्वेन,:च,इदम्,तु,अवच्छिन्ननिरूपितस्वत्वत्वावच्छिन्नविधेयताऽवच्छेदकताऽवच्छेदकत्वेन,
जिज्ञासितनिरूपितत्वप्रतियोगित्वन्यूनवृत्तिधर्मावच्छिन्नवत्स्वत्ववदिदमित्याकारकस्तत्र,:जिज्ञासितनिरूपितत्वप्रतियोगित्वन्यूनवृत्तिधर्मावच्छिन्नवत्स्वत्ववत्,इदम्,इत्याकारकः,तत्र,
अतस्तत्र,:अतः,तत्र,
किंपदार्थस्याभेदान्वये,:किम्,पदार्थस्य,अभेदान्वये,
चोदाहरणे,:च,उदाहरणे,
स्वयमाह,:स्वयम्,आह,
कतीत्यादि,:कति,इत्यादि,
किंपदार्थस्याभेदेन,:किम्,पदार्थस्य,अभेदेन,
किंपदार्थस्य,:किम्,पदार्थस्य,
भेदेनान्वयः,:भेदेन,अन्वयः,
प्रथमकिंपदस्य,:प्रथमकिम्,पदस्य,
शक्तिस्तु,:शक्तिः,तु,
बोधावूह्यौ,:बोधौ,ऊह्यौ,
किमिन्दुरिति,:किम्,इन्दुः,इति,
समुदायश्‌लोकस्तु,:समुदायश्‌लोकः,तु,
किमिन्दुः,:किम्,इन्दुः,
तडिद्वा,:तडित्,वा,
किमबला,:किम्,अबला,
विशेष्यतासम्बन्धेनेति,:विशेष्यतासम्बन्धेन,इति,
किमुन्दुरित्यत्रेदमिति,:किमुन्दुः,इत्यत्र,इदम्,इति,
विशेष्यतासंबन्धेनेदंत्वावच्छिन्नविशेष्यताकबोधः,:विशेष्यतासंबन्धेन,इदम्,तु,अवच्छिन्नविशेष्यताकबोधः,
नामार्थयोर्भेदान्वयस्य,:नामार्थयोः,भेदान्वयस्य,
नामार्थयोर्भेदान्वयस्य,:नामार्थयोः,भेदान्वयस्य,
अव्ययार्थस्येति,:अव्ययार्थस्य,इति,
निपातत्वमेव,:निपातत्वम्,एव,
व्युत्पत्तिविरोधमादधातीति,:व्युत्पत्तिविरोधम्,आदधाति,इति,
प्रकारताविशिष्टप्रकारतावज्ज्ञानमेव,:प्रकारताविशिष्टप्रकारतावत्,ज्ञानमेव,
अभेदसंसर्गावच्छिन्नप्रकारतासंसर्गेणेन्दुविशिष्टस्य,:अभेदसंसर्गावच्छिन्नप्रकारतासंसर्गेण,इन्दुविशिष्टस्य,
विशेष्येऽन्वयेऽपि,:विशेष्ये,अन्वये,अपि,
नेदंत्वावच्छिन्नविशेष्यताकाभेदसम्बन्धेनेन्दुप्रकारकसंशयस्य,:न,इदम्,तु,अवच्छिन्नविशेष्यताकाभेदसम्बन्धेन,इन्दुप्रकारकसंशयस्य,
अन्यत्रेन्दुप्रकारकसंशयात्मकेन्दुपदार्थविशेष्यकज्ञानमादायापि,:अन्यत्र,इन्दुप्रकारकसंशयात्मकेन्दुपदार्थविशेष्यकज्ञानम्,आदाय,अपि,
सम्भवादिति,:सम्भवात्,इति,
ज्ञानमेवात्र,:ज्ञानम्,एव,अत्र,
तत्रेदंत्वावच्छिन्नविशेष्यतानिरूपितेन्दुभेदत्वावच्छिन्नप्रकारताविशिष्टाभेदसंसर्गावच्छिन्नप्रकारतासंसर्गेणेन्दोरन्वयेनानुपपत्त्यभावात्,:तत्र,इदम्,तु,अवच्छिन्नविशेष्यतानिरूपितेन्दुभेदत्वावच्छिन्नप्रकारताविशिष्टाभेदसंसर्गावच्छिन्नप्रकारतासंसर्गेण,इन्दोः,अन्वयेन,अनुपपत्त्यभावात्,
एतल्लाभायैव,:एतल्लाभाय,एव,
निरुक्तोभयसम्बन्धेनेति,:निरुक्तोभयसम्बन्धेन,इति,
एवमन्योन्याभावप्रतियोगिताऽनच्छेदकपर्य्याप्तिकधर्म्मावच्छिन्ने,:एवम्,अन्योन्याभावप्रतियोगिताऽवच्छेदकपर्य्याप्तिकधर्म्मावच्छिन्ने,
किंपदस्य,:किम्,पदस्य,
शक्तिर्बोध्या,:शक्तिः,बोध्या,
"दम्पत्योरिह,:"दम्पत्योः,इह,
भवतीत्यादिबोधस्य,:भवति,इत्यादिबोधस्य,
स्यादन्योऽप्यहमिवेत्यादौ,:स्यात्,अन्यः,अपि,अहम्,इव,इत्यादौ,
नापेक्षत,:न,अपेक्षत,
नानुपपत्तिः,:न,अनुपपत्तिः,
वदतीत्यादौ,:वदति,इत्यादौ,
ददातीत्येतादृशबोधस्यानुभवसिद्धत्वेऽपि,:ददाति,इत्येतादृशबोधस्य,अनुभवसिद्धत्वे,अपि,
भवितुमर्हति,:भवितुम्,अर्हति,
सुरभिसमयेऽसावित्यादौ,:सुरभिसमये,असौ,इत्यादौ,
काकुसदृशतादृशवाक्येनासंलक्ष्य-,:काकुसदृशतादृशवाक्येन,असंलक्ष्य-,
सुरभिसमयेऽसावेष्यतीत्येतादृशार्थबोधस्ततथा,:सुरभिसमये,असौ,एष्यति,इत्येतादृशार्थबोधः,तथा,
तादृशस्थलेऽपि,:तादृशस्थले,अपि,
माधानमालङ्‌कारिकाणामेव,:माधानमालङ्‌कारिकाणाम्,एव,
तैर्व्यञ्जनावृत्तरनभ्युपगमात्,:तैः,व्यञ्जनावृत्तरनभ्युपगमात्,
लेऽभावाभावे,:ले,अभावाभावे,
बोधानुपपत्तिरिति,:बोधानुपपत्तिः,इति,
अभावाभावस्याभावत्वावच्छिन्नप्रतियोगिताकाभावरूपत्वेऽप्रसिद्धेः,:अभावाभावस्य,अभावत्वावच्छिन्नप्रतियोगिताकाभावरूपत्वे,अप्रसिद्धेः,
दातृत्वासत्त्वेऽप्युभयाभावादिकमादाय,:दातृत्वासत्त्वे,अपि,उभयाभावादिकम्,आदाय,
प्रयोगनुपत्तेर्दुर्वारत्वात्,:प्रयोगनुपत्तेः,दुर्वारत्वात्,
दानकर्तृत्वमेव,:दानकर्तृत्वम्,एव,
तादृशावच्छेदकाभावच्छेदेनान्वये,:तादृशावच्छेदकाभावच्छेदेन,अन्वये,
तात्पर्यग्राहकमिति,:तात्पर्यग्राहकम्,इति,
दानकर्तृत्वसत्त्वेऽपि,:दानकर्तृत्वसत्त्वे,अपि,
दानकर्तृत्वस्याव्याघाताद्,:दानकर्तृत्वस्य,अव्याघाताद्,
दानकर्तृत्वाभावाभाववानित्येवान्वयबोधः,:दानकर्तृत्वाभावाभाववान्,इत्येव,अन्वयबोधः,
द्विधाऽन्वयोपगमादिति,:द्विधा,अन्वयोपगमात्,इति,
निरस्तमिति,:निरस्तम्,इति,
शब्दतस्तावद्दानकर्तृत्वाभावबोधासम्भवेऽपि,:शब्दतः,तावद्,दानकर्तृत्वाभावबोधासम्भवे,अपि,
त्वदन्यपदवैयर्थ्यशङ्‌कामूलकार्थस्तल्लाभसंभवात्,:त्वदन्यपदवैयर्थ्यशङ्‌कामूलकार्थः,तल्लाभसंभवात्,
ददातीत्यस्य,:ददाति,इत्यस्य,
ददातीति,:ददाति,इति,
नञ्‌पदमात्रान्वयव्यवच्छेदार्थमेवेति,:नञ्‌पदमात्रान्वयव्यवच्छेदार्थम्,एव,इति,
शब्दतोऽनुपपत्तिः,:शब्दतः,अनुपपत्तिः,
भवतीत्यत्र,:भवति,इत्यत्र,
क्रियासंयुक्तैवकारस्यान्ययोगव्यवच्छेदवत्,:क्रियासंयुक्तैवकारस्य,अन्ययोगव्यवच्छेदवत्,
भवतीत्यादावपि,:भवति,इत्यादौ,अपि,
ददातीत्यादौ,:ददाति,इत्यादौ,
दानकर्तृत्वाभाववानिति,:दानकर्तृत्वाभाववान्,इति,
बोधस्तु,:बोधः,तु,
त्वाख्यातार्थकृतेर्लक्ष्यार्थाभावस्य,:त्वाख्यातार्थकृतेः,लक्ष्यार्थाभावस्य,
परस्परमन्वयेन,:परस्परम्,अन्वयेन,
दानकर्तृत्वबोधस्त्वार्थः,:दानकर्तृत्वबोधः,तु,अर्थः,
राजेत्यादौ,:राजा,इत्यादौ,
इत्याकारकबोधस्तादृशस्थले,:इत्याकारकबोधः,तादृशस्थले,
तादृशतादृशपदस्याभावादौ,:तादृशतादृशपदस्य,अभावादौ,
मदिष्टसाधनमित्याकारकप्रकल्प्यमानपरामर्शकमिति,:मदिष्टसाधनम्,इत्याकारकप्रकल्प्यमानपरामर्शकम्,इति,
स्वोत्तरप्रत्योक्तृपदोपस्थापितवाचीत्यर्थः,:स्वोत्तरप्रत्योक्तृपदोपस्थापितवाचि,इत्यर्थः,
सावह्निमानित्यादौ,:सावह्निमान्,इत्यादौ,
तत्पदशक्तिस्तु,:तत्पदशक्तिः,तु,
चन्द्रमसीति,:चन्द्रम्,असि,इति,
श्‌लोकशेषाद्धस्तु,:श्‌लोकशेषात्,अस्तु,
पुनरिति,:पुनः,इति,
अस्यायमर्थः,:अस्य,अयम्,अर्थः,
अर्थादुदिते,:अर्थात्,उदिते,
हिमालयस्येव,:हिमालयस्य,इव,
दिगादेरपि,:दिगादेः,अपि,
अतिप्रसङ्गश्चेति,:अतिप्रसङ्गः),च,इति,
प्रयोजकबुद्धिस्थत्वमिति,:प्रयोजकबुद्धिस्थत्वम्,इति,
शक्तिकल्पनान्न,:शक्तिकल्पनात्,न,
दिगादौ,:दिक्,आदौ,
पस्थाप्यतावच्छेदकत्वनिवेशेनेति,:पस्थाप्यतावच्छेदकत्वनिवेशेन,इति,
नापि,:न,अपि,
हिमालयादिबोधस्यानुभवसिद्धतया,:हिमालयादिबोधस्य,अनुभवसिद्धतया,
तन्निवेशस्यावश्यकत्वात्,:तन्निवेशस्य,आवश्यकत्वात्,
यत्पदोपस्थाप्यताऽवच्छेदकत्वरूपानुगतधर्म्मग्रहस्ततस्तादृशानुगतधर्मोपलक्षितधर्म्मावच्छिन्ने,:यत्पदोपस्थाप्यताऽवच्छेदकत्वरूपानुगतधर्म्मग्रहः,ततः,तादृशानुगतधर्मोपलक्षितधर्म्मावच्छिन्ने,
तत्स्थलीययत्पदशक्तिग्रहश्च,:तत्स्थलीययत्पदशक्तिग्रहः,च,
यत्पदशक्तिग्रहस्तादृशानुगतधर्म्मग्रहाधीनस्तादृशानुगतधर्म्मश्च,:यत्पदशक्तिग्रहः,तादृशानुगतधर्म्मग्रहाधीनः,तादृशानुगतधर्म्मः,च,
शक्तिस्वीकारेऽपि,:शक्तिस्वीकारे,अपि,
यत्पदशक्तेश्च,:यत्पदशक्तेः,च,
यत्पदादिप्रतिपत्तेरनपेक्षितत्वेऽपि,:यत्पदादिप्रतिपत्तेः,अनपेक्षितत्वे,अपि,
नान्योन्याश्रयशङ्‌काऽवकाशः,:न,अन्योन्याश्रयशङ्‌काऽवकाशः,
त्वनुगतधर्म्मप्रदर्शनमिति,:तु,अनुगतधर्म्मप्रदर्शनम्,इति,
पलक्षितधर्म्मावच्छिन्नेऽपि,:पलक्षितधर्म्मावच्छिन्ने,अपि,
शक्तिरित्यर्थः,:शक्तिः,इत्यर्थः,
अतस्तदन्वये,:अतः,तदन्वये,
शक्तिमतीत्यादौ,:शक्तिमती,इत्यादौ,
पूर्वपदोपस्थाप्यत्वेऽपि,:पूर्वपदोपस्थाप्यत्वे,अपि,
तमानयेत्यादि,:तम्,आनय,इत्यादि,
घाटादिबोधानुपपत्तिरिति,:घाटादिबोधानुपपत्तिः,इति,
इहास्ति,:इह,अस्ति,
तमानयेत्युक्तमिति,:तम्,आनय,इत्युक्तम्,इति,
पूर्वोक्तायामेव,:पूर्वोक्तायाम्,एव,
शक्यतायामवच्छेदके,:शक्यतायाम्,अवच्छेदके,
स्वप्रयोजकबुद्धिविषयताऽवच्छेदकघर्मेऽतिप्रसङ्गभङ्गाय,:स्वप्रयोजकबुद्धिविषयताऽवच्छेदकघर्मे,अतिप्रसङ्गभङ्गाय,
शक्तिकथनमिति,:शक्तिकथनम्,इति,
प्रसिद्धार्थकमपीति,:प्रसिद्धार्थकम्,अपि,इति,
प्रसिद्धत्वञ्चानेकज्ञानविषयत्वम्,:प्रसिद्धत्वम्,च,अनेकज्ञानविषयत्वम्,
सेति,:सा,इति,
समुदायश्‌लोकस्तु---,:समुदायश्‌लोकः,तु---,
कलावतस्त्वमस्य,:कलावतः,त्वम्,अस्य,
नेत्रकौमुदीति,:नेत्रकौमुदी,इति,
स्वापकर्षत्वबोधिकोक्तिरियम्,:स्वापकर्षत्वबोधिकोक्तिः,इयम्,
कलावतश्चन्द्रस्यैवैकस्य,:कलावतः,चन्द्रस्य,एव,एकस्य,
गतमिति,:गतम्,इति,
शब्दवदित्यादिव्यवहारात्,:शब्दवत्,इत्यादिव्यवहारात्,
गगनागितत्तद्व्यक्तित्वावच्छिन्नेऽपि,:गगनागितत्तद्व्यक्तित्वावच्छिन्ने,अपि,
नानाशक्तिकल्पनैवेति,:नानाशक्तिकल्पना,एव,इति,
तत्तद्व्यक्तित्वञ्च,:तत्तद्व्यक्तित्वम्,च,
तत्तादात्म्यविशिष्टघटकत्वादिकमेव,:तत्तादात्म्यविशिष्टघटकत्वादिकम्,एव,
त्वखण्डोपाधिविशेषः,:तु,अखण्डोपाधिविशेषः,
अतिरिक्तधर्मकल्पनामपेक्ष्य,:अतिरिक्तधर्मकल्पनाम्,अपेक्ष्य,
तद्व्यक्तित्वमन्यस्य,:तद्व्यक्तित्वम्,अन्यस्य,
एवोचित,:एव,उचित,
अखण्डतादृशधर्मकल्पनेऽपीदमादिपदस्य,:अखण्डतादृशधर्मकल्पने,अपि,इदमादिपदस्य,
क्वचित्तादात्म्यस्यापि,:क्वचित्,तादात्म्यस्य,अपि,
भवतोऽप्यवकाशत्वाद्,:भवतः,अपि,अवकाशत्वाद्,
घटादितात्पक्य्येकेदंपदस्य,:घटादितात्पक्य्ये?केदम्,पदस्य,
नास्माकमतिरिक्तकल्पनेति,:न,अस्माकम्,अतिरिक्तकल्पना,इति,
चातिरिक्त,:च,अतिरिक्त,
तादृशरूपादेर्घटाद्यप्रतियोगितया,:तादृशरूपादेः,घटाद्यप्रतियोगितया,
घटसम्बन्धतेति,:घटसम्बन्धता,इति,
घटादिस्वरूपतोपगमेऽप्यनिस्तारात्,:घटादिस्वरूपतोपगमे,अपि,अनिस्तारात्,
घटनिष्ठतद्व्यक्तित्वमखण्डमेवेति,:घटनिष्ठतद्व्यक्तित्वमखण्डम्,एव,इति,
पश्यतीति,:पश्यति,इति,
समस्तासमस्तभेदेनोदाहृतम्,:समस्तासमस्तभेदेन,उदाहृतम्,
सुन्दरचैत्रस्येति,:सुन्दरचैत्रस्य,इति,
चैत्रबोधापत्तेर्दुर्वारत्वादिति,:चैत्रबोधापत्तेः,दुर्वारत्वात्,इति,
भ्रातेत्यसमासे,:भ्राता,इत्यसमासे,
स्वघटितवाक्यजन्यप्रतीतिमुख्यताऽवच्छेदकधर्मावच्छिन्नवाचकतेत्यर्थः,:स्वघटितवाक्यजन्यप्रतीतिमुख्यताऽवच्छेदकधर्मावच्छिन्नवाचकता,इत्यर्थः,
चैत्रबोधानुपत्तेरिति,:चैत्रबोधानुपत्तेः,इति,
मुख्यविशेष्यताविरहादिति,:मुख्यविशेष्यताविरहात्,इति,
आहत्यैव,:आहत्य,एव,
तादृशवाक्यघटकपदजन्यपदार्थोपस्थितिघटितसामान्येत्यर्थः,:तादृशवाक्यघटकपदजन्यपदार्थोपस्थितिघटितसामान्या,इत्यर्थः,
स्वपादार्थघटितविशेषणविशेष्यताऽवच्छेदकधर्मावच्छिन्नशक्तित्वान्न,:स्वपादार्थघटितविशेषणविशेष्यताऽवच्छेदकधर्मावच्छिन्नशक्तित्वात्,न,
चेत्रपुत्रबोधानुपपत्तेरिति,:चेत्रपुत्रबोधानुपपत्तेः,इति,
चैत्रपुत्रबोधानुपपत्तेरिति,:चैत्रपुत्रबोधानुपपत्तेः,इति,
तादृशक्रियाऽन्वयिवाचकमिति,:तादृशक्रियाऽन्वयिवाचकम्,इति,
चैत्रमित्यादौ,:चैत्रम्,इत्यादौ,
इत्यादावपि,:इत्यादौ,अपि,
धूमादिपरामर्शानुपपत्तीति,:धूमादिपरामर्शानुपपत्ति,इति,
चैत्रबोधानुपपत्तिवारणमप्यशक्यतिति,:चैत्रबोधानुपपत्तिवारणम्,अपि,अशक्यति?ति,
पूर्वेणान्वयः,:पूर्वेण,अन्वयः,
विशेष्यताऽवच्छेदककोटाविति,:विशेष्यताऽवच्छेदककोटौ,इति,
परेणान्वयः,:परेण,अन्वयः,
शक्तिरिति,:शक्तिः,इति,
विशेषणकोटाविति,:विशेषणकोटौ,इति,
शक्तिरिति,:शक्तिः,इति,
पश्यतीत्यादिस्थलद्वयसंग्रहायोभयशक्तिकल्पनम्,:पश्यति,इत्यादिस्थलद्वयसंग्रहाय,उभयशक्तिकल्पनम्,
पश्यतीत्यादौ,:पश्यति,इत्यादौ,
चैत्रावलोकितमित्यादिना,:चैत्रावलोकितम्,इत्यादिना,
तत्स्थलीयचैत्रपदार्थत्वाभावेऽपि,:तत्स्थलीयचैत्रपदार्थत्वाभावे,अपि,
निराबाधमेवेति,:निराबाधम्,एव,इति,
स्वसमभिव्याहृतपदार्थताऽवच्छेदकत्वविवक्षणादिति,:स्वसमभिव्याहृतपदार्थताऽवच्छेदकत्वविवक्षणात्,इति,
स्वपुत्रदर्शिचैत्रधनमित्यादौ,:स्वपुत्रदर्शिचैत्रधनम्,इत्यादौ,
चैत्रप्रतीत्यापत्तेर्दुर्वारत्वादिति,:चैत्रप्रतीत्यापत्तेः,दुर्वारत्वात्,इति,
विशेष्यताऽवच्छेदककोटिप्रविष्टत्वादिति,:विशेष्यताऽवच्छेदककोटिप्रविष्टत्वात्,इति,
मैवमिति,:मा,एवम्,इति,
साक्षादिति,:साक्षात्,इति,
परम्परयेत्यनेनैव,:परम्परया,इत्यनेन,एव,
साक्षादित्यस्य,:साक्षात्,इत्यस्य,
वैयर्थ्यमिति,:वैयर्थ्यम्,इति,
नामार्थद्वयस्याभेदान्वयसाकाङ्‌क्षतया,:नामार्थद्वयस्य,अभेदान्वयसाकाङ्‌क्षतया,
चैत्रवांश्चैत्र,:चैत्रवान,चैत्र,
विधेयांशेऽधिकावगाहिनः,:विधेयांशे,अधिकावगाहिनः,
तत्रैव,:तत्र,एव,
साक्षादित्यस्य,:साक्षात्,इत्यस्य,
व्यावृत्तिर्बोध्येति,:व्यावृत्तिः,बोध्येति,
पश्यतीत्यादौ,:पश्यति,इत्यादौ,
चैत्रादिबोधोपपत्तिरिति,:चैत्रादिबोधोपपत्तिः,इति,
भ्रातेत्यादौ,:भ्राता,इत्यादौ,
स्वसमभिव्याहृतक्रियाकरकत्वाभावाच्च,:स्वसमभिव्याहृतक्रियाकारकत्वाभावात्,च,
तद्बोधापत्तिरिति,:तद्बोधापत्तिः,इति,
पश्यतीत्यादौ,:पश्यति,इत्यादौ,
वह्निबोधोऽपि,:वह्निबोधे,अपि,
स्वपदेनेष्यत,:स्वपदेन,इष्यत,
एवेति,:एव,इति,
पश्यतीत्यादौ,:पश्यति,इत्यादौ,
चक्षुरादेश्च,:चक्षुरादेः,च,
समभिव्याहृतक्रियाकारकत्वाच्च,:समभिव्याहृतक्रियाकारकत्वात्,च,
दर्शनचक्षुरादेरपि,:दर्शनचक्षुरादेः,अपि,
तात्पर्य्यसत्त्वेऽपि,:तात्पर्य्यसत्त्वे,अपि,
देवदत्तोऽश्वेन,:देवदत्तः,अश्वेन,
गमयतीत्यादौ,:गमयति,इत्यादौ,
स्वपदेनाश्वबोधापत्तेर्दुर्वारत्वात्,:स्वपदेन,अश्वबोधापत्तेः,दुर्वारत्वात्,
तत्राश्वस्य,:तत्र,अश्वस्य,
समभिव्याहृतक्रियाकरणकारकत्वात्तात्पर्य्यसत्त्वे,:समभिव्याहृतक्रियाकरणकारकत्वात्,तात्पर्य्यसत्त्वे,
तत्रेष्टापत्तेरनुभवविरोधात्,:तत्र,इष्टापत्तेः,अनुभवविरोधात्,
तादृशक्रियाकारकाधिकरणकारकपरमिति,:तादृशक्रियाकारकाधिकरणकारकपरम्,इति,
तिष्ठतीत्यादौ,:तिष्ठति,इत्यादौ,
धूमबोधानुपपत्तिरिति,:धूमबोधानुपपत्तिः,इति,
सुधीभिरेव,:सुधीभिः,एव,
तदर्थत्वोऽपीति,:तदर्थत्वोऽपि,इति,
स्कपदरार्थेऽपीत्यर्थः,:स्कपदरार्थे,अपि,इत्यर्थः,
शक्तिरिति,:शक्तिः,इति,
नानाशक्तिरिति,:नानाशक्तिः,इति,
कतिपयाभावगोचरपप्रतीतेरप्यङ्गीकार्य्यतयेति,:कतिपयाभावगोचरपप्रतीतेः,अपि,अङ्गीकार्य्यतया,इति,
नास्तीत्यत्र,:नास्ति,इत्यत्र,
तादृशतत्तद्व्यक्तित्वावच्छिन्नाभावविषयकप्रतीतेरप्यङ्गीकार्य्यतयेत्यर्थः,:तादृशतत्तद्व्यक्तित्वावच्छिन्नाभावविषयकप्रतीतेः,अपि,अङ्गीकार्य्यतया,इत्यर्थः,
स्वाश्रयत्वस्वनिरूपकदर्शनविषयपुत्रजनकत्वोभयसम्बन्धेनति,:स्वाश्रयत्वस्वनिरूपकदर्शनविषयपुत्रजनकत्वोभयसम्बन्धेन,इति,
पश्यतीतिप्रयोगवारणाय,:पश्यति,इतिप्रयोगवारणाय,
नास्तीत्यादौ,:नास्ति,इत्यादौ,
पश्यतीत्यादौ,:पश्यति,इत्यादौ,
पश्यतीत्यादौ,:पश्यति,इत्यादौ,
तादृशोभयसम्बन्धावच्छिन्नप्रतियोगिताकब्राह्मणकर्म्मकदर्शनानुकूलकृतेरभावः,:तादृशोभयसम्बन्धावच्छिन्नप्रतियोगिताकब्राह्मणकर्म्मकदर्शनानुकूलकृतेः,अभावः,
एवमन्यात्राप्यूहम्,:एवम्,अन्यात्र,अपि,ऊहम्,
तत्सम्बन्धघटितोभयसम्बन्धावच्छिन्नप्रतियोगिताकाभावाप्हरसिद्धिरित्यस्वरसः,:तत्सम्बन्धघटितोभयसम्बन्धावच्छिन्नप्रतियोगिताकाभावाप्हरसिद्धिः,इत्यस्वरसः,
केचिदित्युक्त्या,:केचित्,इत्युक्त्या,
संयोगत्वादिनाऽव्याप्यवृत्तेरपि,:संयोगत्वादिनाऽव्याप्यवृत्तेः,अपि,
वृत्त्यनियामकस्यापि,:वृत्त्यनियामकस्य,अपि,
तादृशजनकत्वादेराश्रयत्वादिसाधारणोभयत्वादिनाऽत्र,:तादृशजनकत्वादेः,आश्रयत्वादिसाधारणोभयत्वादिना,अत्र,
चेति,:च,इति,
सत्त्वेऽपि,:सत्त्वे,अपि,
क्षतिविरहाच्च,:क्षतिविरहात्,च,
इत्यवधेयम्,:इति,अवधेयम्,
एतद्देशाधिकरणकभोजनकर्तृनिष्ठभेदाप्रतियोगीति,:एतद्देशाधिकरणकभोजनकर्तृनिष्ठभेदाप्रतियोगी,इति,
द्वित्वावच्छिन्नभेदमादाय,:द्वित्वावच्छिन्नभेदम्,आदाय,
इदमत्रावधेयम्,:इदम्,अत्र,अवधेयम्,
एकपदार्थस्तस्याभेदेन,:एकपदार्थः,तस्य,अभेदेन,
एकत्वस्यापि,:एकत्वस्य,अपि,
फलेऽन्वयस्वीकाराद्,:फले,अन्वयस्वीकाराद्,
ददातीत्यादिसाधारणशक्त्यनुगमकरूपाभावाद्,:ददाति,इत्यादिसाधारणशक्त्यनुगमकरूपाभावाद्,
तत्स्वीकारेऽनुभवविरोधश्च,:तत्स्वीकारे,अनुभवविरोधः,च,
विवादामह,:विवादाम्,आह,
हस्तेनैकेन,:हस्तेन,एकेन,
ददातीत्यादौ,:ददाति,इत्यादौ,
स्वाश्रयहस्तकरणतत्कर्तृकदानकरणनिष्ठान्योन्याभावाप्रतियोगित्वघटिततादृशोभयसम्बन्धेनैकत्वस्य,:स्वाश्रयहस्तकरणतत्कर्तृकदानकरणनिष्ठान्योन्याभावाप्रतियोगित्वघटिततादृशोभयसम्बन्धेन,एकत्वस्य,
एवमन्यत्राप्यूह्यम्,:एवम्,अन्यत्र,अपि,ऊह्यम्,
मात्रादिशब्दस्तु,:मात्रादिशब्दः,तु,
विधेयताऽवच्छेदककोटिप्रविष्टार्थकस्तत्र,:विधेयताऽवच्छेदककोटिप्रविष्टार्थकः,तत्र,
फलान्यभोजनव्यवच्छेदस्यैव,:फलान्यभोजनव्यवच्छेदस्य,एव,
प्रतीतिविषयत्वेऽपि,:प्रतीतिविषयत्वे,अपि,
क्षतिरिति,:क्षतिः,इति,
संस्थानरूपार्थकाकृतेरपीति,:संस्थानरूपार्थकाकृतेः,अपि,इति,
संस्थानमवयवसंयोगः,:संस्थानम्,अवयवसंयोगः,
एवाकृतिशब्दवाच्य,:एव,अकृतिशब्दवाच्य,
आकृतिर्वाच्यविशेषणमित्युक्तम्,:आकृतिः,वाच्यविशेषणम्,इत्युक्तम्,
संस्थानस्येति,:संस्थानस्य,इति,
साऽपि,:सा,अपि,
आकृतिरपि,:आकृतिः,अपि,
सामानाधिकरण्यसम्बन्धेनैव,:सामानाधिकरण्यसम्बन्धेन,एव,
स्वसमवायिसमवेतत्वसम्बन्धेनैव,:स्वसमवायिसमवेतत्वसम्बन्धेन,एव,
लाघवाच्चेति,:लाघवात्,च,इति,
नैकतरविनिर्मोकेण,:न,एकतरविनिर्मोकेण,
इत्येवोपगम्यतेऽन्यथा,:इत्येव,उपगम्यते,अन्यथा,
शक्तिद्वयकल्पनाऽऽपत्तिरिति,:शक्तिद्वयकल्पना,आपत्तिः,इति,
ऐक्यादिति,:ऐक्यात्,इति,
विनिगमनाविरहादिति,:विनिगमनाविरहात्,इति,
शक्तिद्रयकल्पनाऽऽपत्तिरिति,:शक्तिद्रव्यकल्पना,आपत्तिः,इति,
एकविशिष्टापरावच्छिन्नबोधस्यानुभवसिद्धत्वे,:एकविशिष्टापरावच्छिन्नबोधस्य,अनुभवसिद्धत्वे,
कथमेकवचनान्तमिति,:कथम्,एकवचनान्तम्,इति,
तत्रैव,:तत्र,एव,
चात्र,:च,अत्र,
विवक्षणीयत्वान्नैकवचनानुपपत्तिरिति,:विवक्षणीयत्वात्,न,एकवचनानुपपत्तिः,इति,
जातिरेव,:जातिः,एव,
गोत्वादिजातिरेव,:गोत्वादिजातिः,एव,
गौरवादिति,:गौरवात्,इति,
गौरवमकिञ्चित्करमत,:गौरवम्,अकिञ्चित्करमत,
मयाऽपिशक्तिः,:मया,अपिशक्तिः,
व्यक्त्यग्रहेऽपि,:व्यक्त्यग्रहे,अपि,
व्यक्तिशक्तिमतेऽपि,:व्यक्तिशक्तिमते,अपि,
आह-व्यक्तिशक्तीति,:आह-व्यक्तिशक्ती,इति,
जातेरुपलक्षणत्वासम्भवः,:जातेः,उपलक्षणत्वासम्भवः,
प्रागेव,:प्राक्,एव,
जननासम्भवादिति,:जननासम्भवात्,इति,
निर्द्धर्मिताऽवच्छेदककमानसमेव,:निर्द्धर्मिताऽवच्छेदकमानसम्,एव,
आह-तादृशज्ञानस्येति,:आह-तादृशज्ञानस्य,इति,
निर्द्धर्मिताऽवच्छेदककशक्तिज्ञानस्येत्यर्थः,:निर्द्धर्मिताऽवच्छेदककशक्तिज्ञानस्य,इत्यर्थः,
वेत्याकारकसंशयाद्यविरोधितयेत्यर्थः,:वा,इत्याकारकसंशयाद्यविरोधितया,इत्यर्थः,
अशक्यत्वविपरीतज्ञानस्यैव,:अशक्यत्वविपरीतज्ञानस्य,एव,
शाब्दबोधजनकत्वादिति,:शाब्दबोधजनकत्वात्,इति,
एवञ्च,:एवम्,च,
शक्यत्वग्रहविरोधिग्रहस्याहेतुत्वे,:शक्यत्वग्रहविरोधिग्रहस्य,अहेतुत्वे,
गोत्वादिप्रकारकशक्तिधीश्च,:गोत्वादिप्रकारकशक्तिधीः,च,
गोशक्तिमित्याकारिका,:गोशक्तिम्,इत्याकारिका,
जानामीत्याकारकानुव्यवसायस्यैवोत्पत्त्या,:जानामि,इत्याकारकानुव्यवसायस्य,एव,उत्पत्त्या,
धर्मिविशेषणताऽनापन्नस्यैवान्यसम्बन्धेन,:धर्मिविशेषणताऽन,आपन्नस्य,एव,अन्यसम्बन्धेन,
जानामीत्याकारकानुव्यवसायज्ञानस्य,:जानामि,इत्याकारकानुव्यवसायज्ञानस्य,
घटत्वप्रकारितानुव्यवसायोदयादिति,:घटत्वप्रकारितानुव्यवसायोदयात्,इति,
उभयमतसाधारणार्थामाह,:उभयम्,अतसाधारणार्थाम्,आह,
वेति,:वा,इति,
शक्यत्वव्याप्यत्वादिति,:शक्यत्वव्याप्यत्वात्,इति,
गोत्वत्वादिभानाङ्गीकारापत्तिरिति,:गोत्वत्वादिभानाङ्गीकारापत्तिः,इति,
गौर्नेष्टत्यादिशाब्दबोधस्यानुभवसिद्धतया,:गौः,न,इष्टत्यादिशाब्दबोधस्य,अनुभवसिद्धतया,
तदनुपपत्तिरिति,:तदनुपपत्तिः,इति,
जानामीत्यादौ,:जानामि,इत्यादौ,
घटत्वस्यावच्छिन्नत्वसम्बन्धेन,:घटत्वस्य,अवच्छिन्नत्वसम्बन्धेन,
प्रकारतयाऽन्वयस्यानुभवसिद्धस्यानुपपत्तिरत,:प्रकारतया,अन्वयस्य,अनुभवसिद्धस्य,अनुपपत्तिः,अत,
वेति,:वा,इति,
तद्बोधजनकतायास्तद्विषयतावच्छिन्नजनकताकस्य,:तद्बोधजनकतायाः,तद्विषयतावच्छिन्नजनकताकस्य,
स्वशक्तिसाधकत्वादिति,:स्वशक्तिसाधकत्वात्,इति,
पर्यवसितोऽर्थः,:पर्यवसितः,अर्थः,
तद्विषयकबोधजनकत्वेनेश्वरेच्छाविषयतया,:तद्विषयकबोधजनकत्वेन,ईश्वरेच्छाविषयतया,
तृतीयार्थोऽभेदः,:तृतीयार्थः,भेदः,
शक्यत्वेऽन्वयः,:शक्यत्वे,अन्वयः,
व्यक्तेरपि,:व्यक्तेः,अपि,
तद्बोधकबहुतरयुक्तिसत्त्वेनेति,:तद्बोधकबहुतरयुक्तिसत्त्वेन,इति,
कार्यत्वादित्यादिबहुतरयुक्तिसत्त्वेनेत्यर्थः,:कार्यत्वादित्यादिबहुतरयुक्तिसत्त्वेन,इत्यर्थः,
नास्तीत्याद्युपन्यासस्येत्यर्थः,:नास्ति,इत्याद्युपन्यासस्य,इत्यर्थः,
तज्ज्ञानानपेक्षणादिति,:तज्ज्ञानानपेक्षणात्,इति,
वेत्यादिज्ञानस्य,:वा,इत्यादिज्ञानस्य,
यद्विषयकत्वेनेति,:यद्विषयकत्वेन,इति,
तत्त्वमेव,:तत्त्वम्,एव,
वाच्यताव्यवहारनियामकमित्यर्थः,:वाच्यताव्यवहारनियामकम्,इत्यर्थः,
वाच्यताव्यवहारनियामकमिति,:वाच्यताव्यवहारनियामकम्,इति,
गोपदवाच्यमिति,:गोपदवाच्यम्,इति,
गोत्वमिति,:गोत्वम्,इति,
व्यावृत्तिमाह,:व्यावृत्तिम्,आह,
गोत्त्वादिज्ञानविषयकत्त्वेनेति,:गोत्त्वादिज्ञानविषयकत्त्वेन,इति,
शक्तिज्ञानस्येति,:शक्तिज्ञानस्य,इति,
गोत्वज्ञानविषयकशाब्दत्वावच्छिन्नजनकत्वादिति,:गोत्वज्ञानविषयकशाब्दत्वावच्छिन्नजनकत्वात्,इति,
कदाचिदुपेत्य,:कदाचित्,उपेत्य,
नोक्तापत्तिरिति,:न,उक्तापत्तिः,इति,
लाघवादाह,:लाघवात्,आह,
वेति,:वा,इति,
शक्तिज्ञानविषयकत्वेनैव,:शक्तिज्ञानविषयकत्वेन,एव,
ज्ञानमात्रविषयकस्यैव,:ज्ञानमात्रविषयकस्य,एव,
शाब्दबोधस्याऽभिप्रेतत्वे,:शाब्दबोधस्य,अभिप्रेतत्वे,
तत्राक्षतेरिति,:तत्र,अक्षतेः,इति,
गौर्गोपदशक्य,:गौः,गोपदशक्य,
हेतुत्वादेव,:हेतुत्वात्,एव,
कथञ्चिदुपपादनेऽपीति,:कथञ्चिदुपपादने,अपि,इति,
यद्विषयकशक्तिज्ञानस्येत्युक्तेरित्यादिः,:यद्विषयकशक्तिज्ञानस्य,इत्युक्तेः,इत्यादिः,
पदनिष्ठाशक्तिवादादिमतसिद्धातिरिक्तमित्यर्थः,:पदनिष्ठाशक्तिवादादिमतसिद्धातिरिक्तम्,इत्यर्थः,
आक्षेपकतायामविरोधादिति,:आक्षेपकतायाम्,अविरोधात्,इति,
गोरहेतुता,:गोः,अहेतुता,
गोरनुमानसम्भवे,:गोः,अनुमानसम्भवे,
गामानयेत्यादौ,:गाम्,आनय,इत्यादौ,
कर्म्मत्वादावाधेयतासम्बन्धेन,:कर्म्मत्वादौ,आधेयतासम्बन्धेन,
गवादिबोधस्यानुभवसिद्धस्यानुपपत्तिरत,:गवादिबोधस्य,अनुभवसिद्धस्य,अनुपपत्तिः,इत,
वस्तुतस्त्विति,:वस्तुतः,तु,इति,
विनेति,:विना,इति,
अनुपपद्यमानत्वाच्चेति,:अनुपपद्यमानत्वात्,च,इति,
धीरित्यत्रान्वेति,:धीः,इत्यत्र,अन्वेति,
तादृशरूपेणेति,:तादृशरूपेण,इति,
गोनिष्ठभेदप्रतियोगिताऽनवच्छेदकत्वरूपेणेत्यर्थः,:गोनिष्ठभेदप्रतियोगिताऽनवच्छेदकत्वरूपेण,इत्यर्थः,
व्यक्तिघटितगोत्वादिरिति,:व्यक्तिघटितगोत्वादिः,इति,
सकलगोवृत्तित्वादिति,:सकलगोवृत्तित्वात्,इति,
आलोचनरूपस्यैव,:आलोचनरूपस्य,एव,
निर्विकल्पकरूपस्यैव,:निर्विकल्पकरूपस्य,एव,
स्मरणस्योपगमादिति,:स्मरणस्य,उपगमात्,इति,
पदादपि,:पदात्,अपि,
निर्विकल्पकमिति,:निर्विकल्पकम्,इति,
कुतोऽनुमितिरिति,:कुतः,अनुमितिः,इति,
दोषान्तरमाह,:दोषान्तरम्,आह,
एवमित्यादिना,:एवम्,इत्यादिना,
विशेषणव्यभिचारित्वेऽपि,:विशेषणव्यभिचारित्वे,अपि,
आनयनकर्मत्वाव्यभिचारत्वेऽपि,:आनयनकर्मत्वाव्यभिचारत्वे,अपि,
क्वचित्तथैव,:क्वचित्,तथैव,
भट्टमतविशेषादिति,:भट्टमतविशेषात्,इति,
साध्यव्यतिरेकव्याप्तिविशिष्टहेतुमज्ज्ञानजन्यतया,:साध्यव्यतिरेकव्याप्तिविशिष्टहेतुम्,अज्ज्ञानजन्यतया,
पूर्वोक्तदोषस्यैव,:पूर्वोक्तदोषस्य,एव,
जागरूकत्वादिति,:जागरूकत्वात्,इति,
गामानयोत्यादिशब्दाद्,:गाम्,आनय,इत्यादिशब्दाद्,
गोकर्मताकानयनानुकूलकृतिमानित्येव,:गोकर्मताकानयनानुकूलकृतिमान्,इत्येव,
जातिकारणत्वमौपादानिकम्,:जातिकारणत्वम्,औपादानिकम्,
तदंशेऽशब्दत्वोपगमे,:तदंशे,अशब्दत्वोपगमे,
तत्प्रयोज्यशाब्दबोधविषयत्वोपरागेणैव,:तत्प्रयोज्यशाब्दबोधविषयत्वोपरागेण,एव,
शाब्दानुव्यवसायादिति,:शाब्दानुव्यवसायात्,इति,
तदकारणत्वेऽपीति,:तदकारणत्वे,अपि,इति,
श्रृणोमीत्यनुव्यवसायानङ्गीकाररूपशाब्दानुपगमसम्भवाद्,:श्रृणोमि,इत्यनुव्यवसायानङ्गीकाररूपशाब्दानुपगमसम्भवाद्,
वृत्तिप्रयोज्यविषयत्वोपगमेनैव,:वृत्तिप्रयोज्यविषयत्वोपगमेन,एव,
शब्दानुव्यवसायस्वीकारादिति,:शब्दानुव्यवसायस्वीकारात्,इति,
जातेरकारणत्वे,:जातेः,अकारणत्वे,
वृत्तिज्ञानजन्यताऽवच्छेदकमेव,:वृत्तिज्ञानजन्यताऽवच्छेदकम्,एव,
श्रृणोमीत्यनुव्यवसायापत्तिर्दुर्वारैवेति,:श्रृणोमि,इत्यनुव्यवसायापत्तिः,दुर्वारैवे?ति,
जातेरकरणत्व,:जातेः,अकरणत्व,
जनकताऽवच्छेदकव्यक्तिविषयकत्वमित्यर्थः,:जनकताऽवच्छेदकव्यक्तिविषयकत्वम्,इत्यर्थः,
कस्यापीति,:कस्यापि,इति,
अयमभिप्रायः,:अयम्,अभिप्रायः,
-श्रीकारादिमतेऽपि,:-श्रीकारादिमते,अपि,
वृत्तिज्ञानादिजन्यताऽवच्छेदकत्वेऽपि,:वृत्तिज्ञानादिजन्यताऽवच्छेदकत्वे,अपि,
तत्प्रयोजकत्वसम्भवादिति,:तत्प्रयोजकत्वसम्भवात्,इति,
कार्यताऽवच्छेदकसंकोचस्योति,:कार्यताऽवच्छेदकसंकोचस्य,इति,
व्यवस्थापितेति,:व्यवस्थापिता,इति,
तद्धर्मावच्छिन्नन्वयिताऽवच्छेदकवृत्तिमत्पदजन्योपस्थितिविशिष्टतद्धर्मप्रकारकोपस्थितित्वेनाध्यत्वरूपार्थोपस्थितिः,:तद्धर्मावच्छिन्नन्वयिताऽवच्छेदकवृत्तिमत्पदजन्योपस्थितिविशिष्टतद्धर्मप्रकारकोपस्थितित्वेन,अध्यत्वरूपार्थोपस्थितिः,
बोद्ध्यमिति,:बोद्ध्यम्,इति,
लक्ष्यार्थोपस्थितेरपि,:लक्ष्यार्थोपस्थितेः,अपि,
तद्रूपाक्रान्ततेति,:तद्रूपाक्रान्तता,इति,
सर्वलाक्षणिकस्थलेऽन्वयबोधानुरोधाद्,:सर्वलाक्षणिकस्थले,अन्वयबोधानुरोधाद्,
नोक्तरूपेण,:न,उक्तरूपेण,
लाक्षणिकपदार्थद्वयस्मृत्यादेर्हेतुतासम्भवः,:लाक्षणिकपदार्थद्वयस्मृत्यादेः,हेतुतासम्भवः,
रूपान्तरेणैव,:रूपान्तरेण,एव,
तद्रूपसर्वाध्याहारस्थलेऽप्यध्याहृतपदार्थस्मृतौ,:तद्रूपसर्वाध्याहारस्थल,अपि,अध्याहृतपदार्थस्मृतौ,
शक्तपदस्यैवेति,:शक्तपदस्य,एव,इति,
अर्थाध्याहारमतेऽपि,:अर्थाध्याहारमते,अपि,
साकाङ्‌क्षापदादिति,:साकाङ्‌क्षापदात्,इति,
चार्थाध्याहारमतेऽपि,:च,अर्थाध्याहारमते,अपि,
साकाङ्‌क्षापदजन्यार्थद्वयोपस्थितेरपेक्षणीयत्वेऽर्थाध्याहारमतपदाध्याहारमतयोः,:साकाङ्‌क्षापदजन्यार्थद्वयोपस्थितेरपेक्षणीयत्वे,अर्थाध्याहारमतपदाध्याहारमतयोः,
पदाध्याहारमतेऽपि,:पदाध्याहारमते,अपि,
तादृशपदजन्यपदार्थोपस्थितेरेव,:तादृशपदजन्यपदार्थोपस्थितेः,एव,
हेतुत्वादिति,:हेतुत्वात्,इति,
द्वारमित्यादि,:द्वारम्,इत्यादि,
साकाङ्‌क्षपदाव्यवहितोत्तरत्वेनानुसंधीयमानेऽपि,:साकाङ्‌क्षपदाव्यवहितोत्तरत्वेन,अनुसंधीयमाने,अपि,
पिधेहिपदजन्यपिधानोपस्थितेरेव,:पिधेहिपदजन्यपिधानोपस्थितेः,एव,
शाब्दबोधजनकत्वमिति,:शाब्दबोधजनकत्वम्,इति,
वैर्थाध्याहारस्थलेऽपि,:वैर्थाध्याहारस्थले,अपि,
एवञ्च,:एवम्,च,
सर्वार्थाध्याहारस्थलेऽपि,:सर्वार्थाध्याहारस्थले,अपि,
एवेति,:एव,इति,
लक्ष्यार्थोपस्थितेरहेतुत्वात्,:लक्ष्यार्थोपस्थितेः,अहेतुत्वात्,
हेतुत्वमेव,:हेतुत्वम्,एव,
वाच्यमिति,:वाच्यम्,इति,
स्फुटमेव,:स्फुटम्,एव,
शक्तिसंग्रहस्यैवेति,:शक्तिसंग्रहस्य,एव,इति,
पदमित्याकारकज्ञानस्यैवेत्यर्थः,:पदम्,इत्याकारकज्ञानस्य,एव,इत्यर्थः,
गोत्वप्रकारकशाब्दबोधहेतुत्वादित्यलम्,:गोत्वप्रकारकशाब्दबोधहेतुत्वात्,इत्यलम्,
