वोऽसुरवधूहृदयावसादः,:वः,असुरवधूहृदयावसादः,
प्रोद्यतस्त्रिभुवनक्रमणे,:प्रोद्यतः,त्रिभुवनक्रमणे,
इवाम्बरसागरस्य,:इव,अम्बरसागरस्य,
एवमार्यमिश्रान्विज्ञापयामि।,:एवम्,अर्यमिश्रान्,विज्ञापयामि।,
भोस्तात!,:भोः,तात!,
खल्वेषः।,:खलु,एषः।,
शब्दोच्चारणादस्य,:शब्दः,उच्चारणात्,अस्य,
केनचित्पापचेतसा,:केनचित्,पापचेतसा,
पुनर्नेपथ्ये,:पुनः,नेपथ्ये,
भोस्तात!,:भोः,तात!,
खल्वेषः।,:खलु,एषः।,
परिवृतस्तरुणैः,:परिवृतः,तरुणैः,
इवाकुलतामुपैति,:इव,आकुलताम्,उपैति,
घटोत्कचश्च।,:घटोत्कचः,च।,
खल्वेषः।,:खलु,एषः।,
तडिदिव,:तडित्,इव,
प्रतिमाकृतिर्हरस्य,:प्रतिमाकृतिः,हरस्य,
प्रथमः---भोस्तात!,:प्रथमः---भोः,तात!,
खल्वेषः।,:खलु,एषः।,
जलगर्भश्लीयमानेन्दुलेखः,:जलगर्भः,लीयमानेन्दुलेखः,
करिवरकरबाहुर्नीलजीमूतवर्णः।,:करिवरकरबाहुः,नीलजीमूतवर्णः।,
भीमो,:भीमः,त्रिपुरपुरनिहन्तुः,
त्रिपुरपुरनिहन्तुश्शङ्कुरस्येव,:शङ्कुरस्य,इव,
तृतीयः---भोस्तात।,:तृतीयः---भोः,तात।,
खल्वयमस्मान्पीडयति।,:खलु,अयम्,अस्मान्,पीडयति।,
यथार्तः,:यथा,आर्तः,
ह्यस्य,:हि,अस्य,
मयाद्य,:मया,अद्य,
मातुर्नियोगादपनीय,:मातुः,नियोगात्,अपनीय,
वनमप्रमादेन,:वनम्,अप्रमादेन,
गन्तव्यमिति।,:गन्तव्यम्,इति।,
तिमिरोत्करप्रभैर्नगप्रकारैरवरुद्धदिक्पथम्।,:तिमिरोत्करप्रभैः,नगप्रकारैः,अवरुद्धदिक्पथम्।,
खगैर्मृगैश्चापि,:खगैः,मृगैः,च,अपि,
मनस्विजननिवासयोग्यमिति,:मनस्विजननिवासयोग्यम्,इति,
नातिदूरेण,:न,अतिदूरेण,
पाण्डवास्तु,:पाण्डवाः,तु,
युद्धप्रियाश्च,:युद्धप्रियाः,च,
शरणागतवत्सलाश्च,:शरणागतवत्सलाः,च,
कृतसाहसाश्च।,:कृतसाहसाः,च।,
यथार्हमिह,:यथा,अर्हम्,इह,
प्रथमः---भोस्तात!,:प्रथमः---भोः,तात!,
तस्मादागच्छता,:तस्मात्,आगच्छता,
आश्रमपरिपालनार्थमिह,:आश्रमपरिपालनार्थम्,इह,
विप्रकृष्टदेशस्थरिति,:विप्रकृष्टदेशस्थः,इति,
तावदेनम्।,:तावत्,एनम्।,
पश्यामस्तावत्।,:पश्यामः,तावत्।,
घटोत्कचः---मोक्षोऽस्ति,:घटोत्कचः---मोक्षः,अस्ति,
तयाहमज्ञप्तः---पुत्र!,:तया,अहम्,आज्ञप्तः---पुत्र!,
ममोपवासनिसर्गार्थमस्मिन्,:मम,उपवासनिसर्गार्थम्,अस्मिन्,
कश्चिन्मानुषः,:कश्चित्,मानुषः,
प्रतिगृह्यानेतव्यः,:प्रतिगृह्य,आनेतव्यः,
मोक्षमिच्छसि।,:मोक्षम्,इच्छसि।,
किमहमब्राह्मणः।,:किम्,अहम्,अब्राह्मणः।,
निर्वृतिमाप्नुयाम्,:निर्वृतिम्,आप्नुयाम्,
क्षणेनैव,:क्षणेन,एव,
विनाशममुपयास्यसि,:विनाशम्,उपयास्यसि,
मैवम्।,:मा,एवम्।,
पतिव्रतेति,:पतिव्रता,इति,
गृहीतफलेनैतेन,:गृहीतफलेन,एतेन,
रक्षितुमिच्छामि।],:रक्षितुम्,इच्छामि।],
त्वमपसर।,:त्वम्,अपसर।,
प्रथमः---भोस्तात!,:प्रथमः---भोः,तात!,
प्राणैर्गुरुप्राणानिच्छामि,:प्राणैः,गुरुप्राणान्,इच्छामि,
कुलस्यास्य,:कुलस्य,अस्य,
मोक्तुमर्हति,:मोक्तुम्,अर्हति,
मैवम्।,:मा,एवम्।,
ततोऽहमेव,:ततः,अहम्,एव,
गुरुवृत्तिमनुस्मरन्,:गुरुवृत्तिम्,अनुस्मरन्,
तृतीयः---आर्यो!,:तृतीयः---आर्यः,!,
मैवम्।,:मा,एवम्।,
ततोऽहमेव,:ततः,अहम्,एव,
[यथार्यः,:[यथा,आर्यः,
ज्येष्ठमिच्छति,:ज्येष्ठम्,इच्छति,
तथाहमपि,:तथा,अहम्,अपि,
कनिष्ठमिच्छामि।],:कनिष्ठम्,इच्छामि।],
द्वितीयः--पुत्रोऽनिष्टः,:द्वितीयः--पुत्रः,अनिष्टः,
प्रीतोऽस्मि।,:प्रीतः,अस्मि।,
शीघ्रमागच्छ।,:शीघ्रम्,आगच्छ।,
द्वितीयः---धन्योऽस्मि,:द्वितीयः---धन्यः,अस्मि,
बन्धुस्नेहाद्धि,:बन्धुस्नेहात्,हि,
कायस्नेहस्तु,:कायस्नेहः,तु,
स्वजनवात्सल्यमस्य,:स्वजनवात्सल्यम्,अस्य,
द्वितीयः--भोस्तात!,:द्वितीयः--भोः,तात!,
वृद्धः---एह्येहि,:वृद्धः---एहि,एहि,
प्राणैर्गुरुवत्सल।,:प्राणैः,गुरुवत्सल।,
ब्रह्मलोकमवाप्नुहि,:ब्रह्मलोकम्,अवाप्नुहि,
द्वितीयः---अनुगृहीतोऽस्मि।,:द्वितीयः---अनुगृहीतः,अस्मि।,
द्वितीयः---अनुगृहीतोऽस्मि।,:द्वितीयः---अनुगृहीतः,अस्मि।,
प्रथमः---एह्येहि,:प्रथमः---एहि,एहि,
शुभैर्गुणैः।,:शुभैः,गुणैः।,
द्वितीयः---अनुगृहीतोऽस्मि।,:द्वितीयः---अनुगृहीतः,अस्मि।,
तृतीयः---अनुगृहीतोऽस्मि।,:तृतीयः---अनुगृहीतः,अस्मि।,
मातुराहारकालः।,:मातुः,आहारकालः।,
शीघ्रमागच्छ।,:शीघ्रम्,आगच्छ।,
द्वितीयः---भोस्तात!,:द्वितीयः---भोः,तात!,
कथमिव,:कथम्,इव,
गजराजदन्तभग्नस्तरुरिव,:गजराजदन्तभग्नः,तरुः,इव,
मातुराहारकालः।,:मातुः,आहारकालः।,
भवान्मर्षयतु।,:भवान्,मर्षयतु।,
वृद्धः---एतदपि,:वृद्धः---एतत्,अपि,
सदृशमस्य।,:सदृशम्,अस्य।,
अहमेवाह्वयामि।,:अहम्,एव,आह्वयामि।,
शीघ्रमागच्छ।,:शीघ्रम्,आगच्छ।,
वनेऽस्मिन्।,:वने,अस्मिन्।,
मातुराहारकालः।,:मातुः,आहारकालः।,
शीघ्रमागच्छ।,:शीघ्रम्,आगच्छ।,
खल्वेतस्मिन्,:खलु,एतस्मिन्,
व्यायामविघ्नमुत्पाद्य,:व्यायाम्,अविघ्नम्,उत्पाद्य,
पश्यामस्तावत्।,:पश्यामः,तावत्।,
परिक्रम्यावलोक्य,:परिक्रम्य,अवलोक्य,
गजवृषभगतिर्लम्बपीनांसबाहुः,:गजवृषभगतिः,लम्बपीनांसबाहुः,
शीघ्रमागच्छ।,:शीघ्रम्,आगच्छ।,
प्राप्तोऽस्मि।,:प्राप्तः,अस्मि।,
तनुर्गरुडपक्षविलिप्तपक्षः।,:तनुः,गरुडपक्षविलिप्तपक्षः।,
ममाहरति,:मम,आहरति,
बन्धुरिवागतोऽयम्,:बन्धुः,इव,आगतः,अयम्,
भवानपि,:भवान्,अपि,
तावदपरः।,:तावत्,अपरः।,
भ्रातॄणामपि,:भ्रातॄणाम्,अपि,
वृद्धः---मध्यमस्त्विति,:वृद्धः---मध्यमः,तु,इति,
अस्मान्मोक्तुमिहायातः,:अस्मान्,मोक्तुम्,इह,आयातः,
दर्पान्मृत्युरिवोत्थितः,:दर्पात्,मृत्युः,इव,उत्थितः,
मध्यमः---अस्यामाचम्य,:मध्यमः---अस्याम्,आचम्य,
प्राप्तोऽस्मि।,:प्राप्तः,अस्मि।,
खल्वसि,:खलु,असि,
वृद्धः---भीमसेनममुपगम्य,:वृद्धः---भीमसेनम्,उपगम्य,
मध्यमोऽहमभिवादये।,:मध्यमः,अहम्,अभिवादये।,
वृद्धः---वायुरिव,:वृद्धः---वायुः,इव,
दीर्घायुर्भव।,:दीर्घायुः,भव।,
भीमः---अनुगृहीतोऽस्मि।,:भीमः---अनुगृहीतः,अस्मि।,
भयमार्यस्य।,:भयम्,आर्यस्य।,
युधिष्ठिरेणाधिष्ठितपूर्वे,:युधिष्ठिरेण,अधिष्ठितपूर्वे,
दिश्युद्यामकग्रामवासी,:दिशि,उद्यामकग्रामवासी,
यज्ञबन्धुर्नामास्ति।,:यज्ञबन्धुः,नाम,अस्ति।,
सकलत्रोऽस्मि,:सकलत्रः,अस्मि,
भीमः---अरिष्ठोऽस्तु,:भीमः---अरिष्ठः,अस्तु,
मामेषः,:माम्,एषः,
हन्तुकामोऽभ्युपैति,:हन्तुकामः,अभ्युपैति,
तावदेनम्।,:तावत्,एनम्।,
स्थितोऽस्मि।,:स्थितः,अस्मि।,
ब्राह्मणजनमपराध्यसि।,:ब्राह्मणजनम्,अपराध्यसि।,
राहुरिवोत्थितः,:राहुः,इव,उत्थितः,
राहुरेव!,:राहुः,एव!,
स्मराम्यहम्,:स्मरामि,अहम्,
मुच्यतामिति,:मुच्यताम्,इति,
ह्येषः,:हि,एषः,
मातुराज्ञया,:मातुः,आज्ञया,
मातुराज्ञेति।,:मातुः,आज्ञा,इति।,
तावदस्ति।,:तावत्,अस्ति।,
द्यौरिवेन्दुना,:द्यौः,इव,इन्दुना,
भीमः---सहर्षमात्मगतम्,:भीमः---सहर्षम्,आत्मगतम्,
पुत्रोऽयम्।,:पुत्रः,अयम्।,
सदृशोह्यस्य,:सदृशः,हि,अस्य,
चैव,:च,एव,
मनश्चैवास्य,:मनः,च,एव,अस्य,
वयमेनमनुगमिष्यामः।,:वयम्,एनम्,अनुगमिष्यामः।,
भवानेनम्।,:भवान्,एनम्।,
प्रागेव,:प्राक्,एव,
गुरुप्राणेष्वपेक्षया।,:गुरुप्राणेषु,अपेक्षया।,
भवांस्तिष्ठतु,:भवान्,तिष्ठतु,
मैवम्।,:मा,एवम्।,
क्षत्रियकुलोत्पन्नोऽहम्।,:क्षत्रियकुलोत्पन्नः,अहम्।,
तस्माच्छशरीरेण,:तस्मात्,शरीरेण,
विनिमातुमिच्छामि।,:विनिमातुम्,इच्छामि।,
क्षत्रियोऽयम्।,:क्षत्रियः,अयम्।,
तेनास्य,:तेन,अस्य,
इममेव,:इमम्,एव,
भवानेवागच्छतु।,:भवान्,एव,आगच्छतु।,
भीमः---एवमतिबलवीर्यान्नानुगुच्छामि।,:भीमः---एवम्,अतिबलवीर्यात्,न,अनुगुच्छामि।,
शक्तिरस्ति,:शक्तिः,अस्ति,
पुत्रोऽहम्।,:पुत्रः,अहम्।,
पुत्रशब्देनाभिधीयन्ते।,:पुत्रशब्देन,अभिधीयन्ते।,
मयाभिहितम्।,:मया,अभिहितम्।,
तदिच्छामि,:तत्,इच्छामि,
भवत्समीपे।,:भवत्,समीपे।,
किम्रूपमेतद्वद,:किं,रूपम्,एतत्,वद,
भयममुपदिशामि।,:भयम्,उपदिशामि।,
गृह्यतामायुधम्।,:गृह्यताम्,आयुधम्।,
भीमः--आयुधमिति,:भीमः--आयुधम्,इति,
गृहीतमेतत्।,:गृहीतम्,एतत्।,
घटोत्कचः---कथमिव।,:घटोत्कचः---कथम्,इव।,
पितुर्मे,:पितुः,मे,
भीमः---धिगनृतमेतत्।,:भीमः---धिक्,अनृतम्,एतत्।,
कथमनृतमित्याह,:कथम्,अनृतम्,इति,आह,
वृक्षममुत्पाट्य,:वृक्षम्,उत्पाट्य,
कथमनेनापि,:कथम्,अनेन,अपि,
एतद्गिरिकूटममुत्पाट्य,:एतत्,गिरिकूटम्,उत्पाट्य,
प्राणानादाय,:प्राणान्,आदाय,
भीमः---रुष्टोऽपि,:भीमः---रुष्टः,अपि,
धर्षयेद्वने,:धर्षयेत्,वने,
कथमनेनापि,:कथम्,अनेन,अपि,
नास्ति,:न,अस्ति,
इत्युभौ,:इति,उभौ,
कथमिह,:कथम्,इह,
वीर्यममुल्लङ्घ्य,:वीर्यम्,उल्लङ्घ्य,
गृहीतोऽस्म्यनेन।,:गृहीतः,अस्मि,अनेन।,
घटोत्कचः---अवहितोऽस्मि।,:घटोत्कचः---अवहितः,अस्मि।,
भीमः---नियुद्धबन्धमवधूय,:भीमः---नियुद्धबन्धम्,अवधूय,
दृष्टसारोऽसि,:दृष्टसारः,असि,
घटोत्कचः--कथमनेनापि,:घटोत्कचः--कथम्,अनेन,अपि,
खल्वापः।,:खलु,आपः।,
आपस्तावत्,:आपः,तावत्,
विवशोऽनुगमिष्यसि।,:विवशः,अनुगमिष्यसि।,
रज्ज्जुभिर्बद्धः,:रज्ज्जुभिः,बद्धः,
इवोत्सवे,:इव,उत्सवे,
बद्धोऽस्मि।,:बद्धः,अस्मि।,
महेश्वरप्रसादाल्लब्धः,:महेश्वरप्रसादात्,लब्धः,
खल्वापः।,:खलु,आपः।,
आदायाचम्य,:आदाय,आचम्य,
मायामपनयति।,:मायाम्,अपनयति।,
समयमिति।,:समयम्,इति।,
गच्छाग्रतः।,:गच्छ,अग्रतः।,
ज्वलतमुग्ररूपमुग्रेण,:ज्वलतम्,उग्ररूपम्,उग्रेण,
गोवृषभः,:शीघ्रम्,असारवर्षम्,इव,
सलीलम्,:गोवृषभः,सलीलम्,
त्वदागमनमम्बायै,:त्वदागमनम्,अम्बायै,
अयमभिवादये।,:अयम्,अभिवादये।,
आहारार्थमनीतः,:आहारार्थम्,अनीतः,
घटोत्कचः---अनुगृहीतोऽस्मि।,:घटोत्कचः---अनुगृहीतः,अस्मि।,
तावदेनम्।],:तावत्,एनम्।],
[किमेषः,:[किम्,एषः,
कोऽयम्।,:कः,अयम्।,
खल्वस्माकम्।],:खलु,अस्माकम्।],
जयत्वार्यपुत्रः।],:जयतु,आर्यपुत्रः।],
पुनरियम्।,:पुनः,इयम्।,
किमिदम्।,:किम्,इदम्।,
ईदृशमिव।],:ईदृशम्,इव।],
घटोत्कचः---भोस्तात!,:घटोत्कचः---भोः,तात!,
अज्ञानात्तु,:अज्ञानात्,तु,
यद्भवान्नाभिवादितः।,:यत्,भवान्,न,अभिवादितः।,
कर्तुमर्हसि,:कर्तुम्,अर्हसि,
धार्तराष्ट्रवनदवाग्निर्घटोत्कचोऽभिवादये।,:धार्तराष्ट्रवनदवाग्निः,घटोत्कचः,अभिवादये।,
क्षन्तुमर्हसि।,:क्षन्तुम्,अर्हसि।,
भीमः---एह्येहि,:भीमः---एहि,एहि,
क्षान्तमेव।,:क्षान्तम्,एव।,
घटोत्कचः---अनुगृहीतोऽस्मि।,:घटोत्कचः---अनुगृहीतः,अस्मि।,
घटोत्कचः---भगवनभिवादये।,:घटोत्कचः---भगवन्,अभिवादये।,
वृद्धः---पितृसदृशगुणकीर्तिर्भव।,:वृद्धः---पितृसदृशगुणकीर्तिः,भव।,
घटोत्कचः---अनुगृहीतोऽस्मि।,:घटोत्कचः---अनुगृहीतः,अस्मि।,
रक्षितमस्मत्कुलं,:रक्षितम्,अस्मत्कुलं,
गच्छामस्तावत्।,:गच्छामः,तावत्।,
भीमः---अनुग्रहात्तु,:भीमः---अनुग्रहात्,तु,
वृद्धः---कृतमातिथ्यमनेन,:वृद्धः---कृतम्,आतिथ्यम्,अनेन,
तस्माद्गच्छामस्तावत्।,:तस्मात्,गच्छामः,तावत्।,
पुनोदर्शनाय।,:पुनः,दर्शनाय।,
इतस्तावत्।,:इतः,तावत्।,
इतस्तावत्।,:इतः,तावत्।,
मनोऽपि,:मनः,अपि,
प्रभुर्नः,:प्रभुः,नः,
भगवानमुपेन्द्रः!,:भगवान्,उपेन्द्रः!,
