मञ्जूषेति,:﻿मञ्जूषा,इति,
कटाक्षयन्नाह,:कटाक्षयन्,आह,
ज्ञानेऽपि,:ज्ञाने,अपि,
स्वीकार्येत्यभिप्रायवानाह,:स्वीकार्येत्यभिप्रायवान्,आह,
चेति,:च,इति,
तयोर्लक्षणायामन्तर्भावसम्भवादिति,:तयोः,लक्षणायाम्,अन्तर्भावसम्भवात्,इति,
समवायेनाकाशोपस्थितिसम्भवाद्,:समवायेन,आकाशोपस्थितिसम्भवाद्,
वृत्त्येति,:वृत्त्या,इति,
एतच्च,:एतत्,च,
समवायादिनाऽऽकाशआद्युपस्थितिर्न,:समवायादिनाऽऽकाशाद्युपस्थितिः,न,
लक्षणाऽनधीनत्वादिति,:लक्षणाऽनधीनत्वात्,इति,
तामादायार्थव्यवहारवारणाय,:ताम्,आदाय,अर्थव्यवहारवारणाय,
वाऽन्वयि,:वा,अन्वयि,
लक्ष्यस्यार्थत्वव्यवहारानुरोधेन,:लक्ष्यस्य,अर्थत्वव्यवहारानुरोधेन,
शक्त्येति,:शक्त्या,इति,
नोक्तम्,:न,उक्तम्,
स्यादतः,:स्यात्,अतः,
सर्वदाऽसत्त्वेऽपि,:सर्वदा,असत्त्वे,अपि,
व्यवहारानुपपत्तिरस्त्येवेति,:व्यवहारानुपपत्तिः,अस्ति,एव,इति,
तादृशप्रतिपत्तेर्लक्षणाऽधीनार्थव्यवहारे,:तादृशप्रतिपत्तेः,लक्षणाऽधीनार्थव्यवहारे,
वस्तुतस्तु,:वस्तुतः,तु,
व्याप्यवृत्तितयेदानीमित्यस्यानन्वयाद्,:व्याप्यवृत्तितया,इदानीम्,इत्यस्य,अनन्वयाद्,
इत्यपीष्यत,:इत्यपि,इष्यत,
तात्पर्यवन्न,:तात्पर्यवत्,न,
वृत्तित्वमिति,:वृत्तित्वम्,इति,
विभजते-तत्रेति,:विभजते-तत्र,इति,
पारिभाषिकमिति,:पारिभाषिकम्,इति,
अर्थस्तु,:अर्थः,तु,
लक्ष्यपरिभाषितयोर्व्यवच्छेदार्थः,:लक्ष्यपरिभाषितयोः,व्यवच्छेदार्थः,
वाच्यत्वव्यवहारापत्तिरर्थस्य,:वाच्यत्वव्यवहारापत्तिः,अर्थस्य,
चेश्वरेच्छीया,:च,ईश्वरेच्छीया,
सैव,:सा,एव,
कर्तृत्वमिति,:कर्तृत्वम्,इति,
तिङमभिप्रेत्यः,:तिङम्,अभिप्रेत्यः,
पदमिति,:पदम्,इति,
धात्वर्थीभूतेति,:धात्वर्थीभूता,इति,
फलस्यैवात्मनेपदाद्यर्थत्वात्,:फलस्य,एव,आत्मनेपदाद्यर्थत्वात्,
पातित्वंतदाश्रयजनकत्वे,:पातित्वम्,तदाश्रयजनकत्वे,
गौरिति,:गौः,इति,
वैपरीत्यमिति,:वैपरीत्यम्,इति,
सैव,:सा,एव,
गौरुच्यत,:गौः,उच्यत,
गौरिति,:गौः,इति,
वक्तीत्यादौ,:वक्ति,इत्यादौ,
निरूक्तधात्वर्थेस्य,:निरूक्तधात्वर्थे,अस्य,
कर्तृत्वमाख्यातादिना,:कर्तृत्वम्,आख्यातादिना,
तच्च,:तत्,च,
पदमिति,:पदम्,इति,
चेति,:च,इति,
साधूनेव,:साधून्,एव,
नासाधूनिति,:न,असाधून्,इति,
निषेधानुपपत्तिरिति,:निषेधानुपपत्तिः,इति,
एवमिति,:एवम्,इति,
तादृशेच्छयेति,:तादृशेच्छया,इति,
तत्तदर्थविषयकबोधजनकत्वप्रकारकत्वावच्छिन्नेच्छावृत्तिजनकताकभगवदुच्चारणजन्यत्वमर्थः,:तत्तदर्थविषयकबोधजनकत्वप्रकारकत्वावच्छिन्नेच्छावृत्तिजनकताकभगवदुच्चारणजन्यत्वम्,अर्थः,
गगर्याद्यपभ्रंशगङ्गापदोच्चारणजनकताऽनधच्छेदकत्वान्न,:गगर्याद्यपभ्रंशगङ्गापदोच्चारणजनकताऽनवच्छेदकत्वात्,न,
तत्वेनेच्छाऽधीनत्वमुपेयत,:तत्वेन,इच्छाऽधीनत्वम्,उपेयत,
त्वन्यबोधकत्त्वप्रकारकेच्छात्वावच्छिन्नाप्रयोज्यतद्बोधकत्वप्रकारकेच्छाप्रयोज्यानुपूर्व्या,:तु,अन्यबोधकत्त्वप्रकारकेच्छात्वावच्छिन्नाप्रयोज्यतद्बोधकत्वप्रकारकेच्छाप्रयोज्यानुपूर्व्या,
सत्त्वेनाव्याप्तेः,:सत्त्वेन,अव्याप्तेः,
अन्यथाऽतिव्याप्तेः,:अन्यथा,अतिव्याप्तेः,
द्वादशेऽन्हीति,:द्वादशे,अन्हीति,
नान्यनाम्र,:न,अन्यनाम्र,
नोपपद्यत,:न,उपपद्यत,
ज्ञानमिव,:ज्ञानम्,इव,
तादृशवाक्यार्थवुबोधयिषाऽपि,:तादृशवाक्यार्थवुबोधयिषा,अपि,
हेतुरन्यथा,:हेतुः,अन्यथा,
वाक्यार्थमप्यवगाहत,:वाक्यार्थम्,अपि,अवगाहत,
पदविशेषंबोद्धव्यत्वविशिष्टपुत्रविषयकत्वेन,:पदविशेषम्,बोद्धव्यत्वविशिष्टपुत्रविषयकत्वेन,
पदविशेषबोद्धव्यत्वविशिष्टपुत्रविषयकत्वमपि,:पदविशेषबोद्धव्यत्वविशिष्टपुत्रविषयकत्वम्,अपि,
पितृसङ्‌केतितस्यादौ,:पितृसङ्‌केतितस्य,आदौ,
चैवमपि,:च,एवम्,अपि,
यत्पदबोध्यत्वमीश्वरसङ्‌केतेनावगाह्यते,:यत्पदबोध्यत्वम्,ईश्वरसङ्‌केतेन,अवगाह्यते,
तस्यैव,:तस्य,एव,
पुत्रत्वविशिष्टस्यैव,:पुत्रत्वविशिष्टस्य,एव,
जातिविशेषाणामिति,:जातिविशेषाणाम्,इति,
पुरस्कृत्यैव,:पुरस्कृत्य,एव,
पुत्रविषयकसङ्‌केतस्यैव,:पुत्रविषयकसङ्‌केतस्य,एव,
वाचकताऽवच्छेदकत्वमप्युपलक्षणीभूतेन,:वाचकताऽवच्छेदकत्वम्,अपि,उपलक्षणीभूतेन,
केन,:केनचित्,धर्मेण,
चिद्धर्मेणानानुपूर्वीविशेषाणामपि,:न,आनुपूर्वीविशेषाणाम्,अपि,
तदिच्छयाऽवगाहनस्योपगन्तव्यत्वाद्,:तदिच्छया,अवगाहनस्य,उपगन्तव्यत्वाद्,
तद्विषयवस्तुनस्तत्तत्पदबोध्यतया,:तद्विषयवस्तुनः,तत्तत्पदबोध्यतया,
भगवदिच्छाविषयत्वमप्रामाणिकमिति,:भगवदिच्छाविषयत्वमप्रामाणिकम्,इति,
पदमवाचकमेव,:पदम्,अवाचकम्,एव,
भवत्विति,:भवतु,इति,
स्यामित्यादौ,:स्याम्,इत्यादौ,
सुखत्वादिवदुद्देश्यव्यवहारनियामकावच्छेदकतारूपतद्विषयताभासनमेव,:सुखत्वादिवत्,उद्देश्यव्यवहारनियामकावच्छेदकतारूपतद्विषयताभासनम्,एव,
तत्तत्पदबोध्यतायास्तत्तदर्थांशे,:तत्तत्पदबोध्यतायाः,तत्तदर्थांशे,
दूषणान्तरमाह-एवमिति,:दूषणान्तरम्,आह-एवम्,इति,
वाचकत्वमित्यनुशयादाहेति,:वाचकत्वम्,इत्यनुशयात्,आह,इति,
नावतारणम्,:न,अवतारणम्,
अपभ्रंशादेर्वाचकत्वापत्तेरिदानीमुद्धरणीयत्वातद्,:अपभ्रंशादेः,वाचकत्वापत्तेः,इदानीम्,उद्धरणीयत्वात्,
सत्त्वाच्च,:सत्त्वात्,च,
सिद्धान्तसिद्धमाधुनिकसङ्‌केतस्य,:सिद्धान्तसिद्धम्,आधुनिकसङ्‌केतस्य,
वृत्तित्वमीश्वरीयत्वत्यागबीजत्वेन,:वृत्तित्वम्,ईश्वरीयत्वत्यागबीजत्वेन,
चेति,:च,इति,
चाधुनिकसङ्‌केतस्थले,:च,आधुनिकसङ्‌केतस्थले,
शाब्दबोधोपयोगीति,:शाब्दबोधोपयोगी,इति,
सङ्‌केतज्ञानत्वेनैव,:सङ्‌केतज्ञानत्वेन,एव,
हेतुत्वादिति,:हेतुत्वात्,इति,
प्रसङ्गतस्तात्पर्यस्य,:प्रसङ्गतः,तात्पर्यस्य,
शङ्‌कते-न-चेति,:शङ्‌कते-न-च,इति,
सम्बन्धश्च,:सम्बन्धः,च,
सम्बन्धिज्ञानमेव,:सम्बन्धिज्ञानम्,एव,
यथामतमुपादेयम्,:यथामतम्,उपादेयम्,
प्रकरणादिनेति,:प्रकरणादिना,इति,
विषयतयाऽवच्छेदकः,:विषयतया,अवच्छेदकः,
वक्तृबुद्धिविषयत्वादिति,:वक्तृबुद्धिविषयत्वात्,इति,
मुख्यार्थवाधादिनेति,:मुख्यार्थवाधादिना,इति,
तत्तत्पदजन्यत्वेनेच्छाविषयताऽवच्छेदकमितिव्याप्तेः,:तत्तत्पदजन्यत्वेनेच्छाविषयताऽवच्छेदकम्,इतिव्याप्तेः,
प्रमाणान्तरेणोपस्थितिव्यतिरेकनिश्चयस्थले,:प्रमाणान्तरेण,उपस्थितिव्यतिरेकनिश्चयस्थले,
तत्कल्पनाऽसंभवाच्चेति,:तत्कल्पनाऽसंभवात्,च,इति,
नन्वेवमपि,:ननु,एवम्,अपि,
तादृशसङ्‌केतिततत्पदज्ञानेऽप्यनायत्याऽर्थविशेषे,:तादृशसङ्‌केतिततत्पदज्ञाने,अपि,अनायत्या,अर्थविशेषे,
तात्पर्यज्ञानस्यैवार्थोपस्थापकत्वोपगमात्तात्पर्यस्य,:तात्पर्यज्ञानस्य,एव,अर्थोपस्थापकत्वोपगमात्तात्पर्यस्य,
आवश्यकत्वादिति,:आवश्यकत्वात्,इति,
शङ्‌कामुद्धरति,:शङ्‌काम्,उद्धरति,
आधुनिकेति,:आधुनिका,इति,
सम्बन्धविशिष्टज्ञानत्वेनैव,:सम्बन्धविशिष्टज्ञानत्वेन,एव,
स्मारकत्वमित्यभिप्रायेण,:स्मारकत्वम्,इत्यभिप्रायेण,
दूषयति-एवमिति,:दूषयति-एवम्,इति,
ईश्वरानङ्गीकर्तृमते,:ईश्वरान्,अङ्गीकर्तृमते,
एतेनेति,:एतेन,इति,
मानाभावादित्यर्थः,:मानाभावात्,इत्यर्थः,
तदसंभवशङ्‌कामीश्वरानिवेशेन,:तदसंभवशङ्‌काम्,ईश्वरानिवेशेन,
परिहरति-तच्चेति,:परिहरति-तत्,च,इति,
मीमांसकानामिति,:मीमांसकानाम्,इति,
गुरूणामीश्वरसङ्‌केतः,:गुरूणाम्,ईश्वरसङ्‌केतः,
मुख्यपदार्थस्यैव,:मुख्यपदार्थस्य,एव,
स्वविषयकशाब्दबोधजनकत्वप्रकारकेच्छाविषयत्वमित्यर्थः,:स्वविषयकशाब्दबोधजनकत्वप्रकारकेच्छाविषयत्वम्,इत्यर्थः,
अन्यथेति,:अन्यथा,इति,
अर्थवत्प्रातिपदिकमितिव्यवहारात्,:अर्थवत्प्रातिपदिकम्,इतिव्यवहारात्,
सम्बन्धत्वेनेत्यादिः,:सम्बन्धत्वेन,इत्यादिः,
सङ्‌केतात्मकत्वात्तद्विषयतयोः,:सङ्‌केतात्मकत्वात्,तद्विषयतयोः,
संगृह्याह-समानेति,:संगृह्य,आह-समानेति,
यस्त्विति,:यः,तु,इति,
निरस्यति-लाक्षणिकमिति,:निरस्यति-लाक्षणिकम्,इति,
मानाभावादिति,:मानाभावात्,इति,
मितिमातृपदयोस्तमित्यादिविषयकत्वेन,:मितिमातृपदयोः,तम्,इत्यादिविषयकत्वेन,
वाचकत्वइष्टापत्तिरिति,:वाचकत्वइष्टापत्तिः,इति,
कार्यान्वितेति,:कार्यान्विता,इति,
कार्यतावद्घटः,:कार्यतावत्,घटः,
तस्यैव,:तस्य,एव,
कार्यताभानस्यावश्यकतया,:कार्यताभानस्य,आवश्यकतया,
कार्यतावाचकत्वापत्तिरित्यर्थः,:कार्यतावाचकत्वापत्तिः,इत्यर्थः,
साक्षादिति,:साक्षात्,इति,
साक्षदन्यत्र,:साक्षत्,अन्यत्र,
निरूपितत्वाविशेषणतयाऽवच्छेदकीभूतकार्यत्वविषयतामादाय,:निरूपितत्वाविशेषणतयाऽवच्छेदकीभूतकार्यत्वविषयताम्,आदाय,
कार्यतावाचकत्वभयंनैव,:कार्यतावाचकत्वभयम्,नैव,
चैवमपि,:च,एवम्,अपि,
अप्यवच्छेदकत्वात्,:अपि,अवच्छेदकत्वात्,
दुर्वारमिति,:दुर्वारम्,इति,
कार्यताबोधौपयिकसामर्थ्यसत्त्वेऽपि,:कार्यताबोधौपयिकसामर्थ्यसत्त्वे,अपि,
कार्यताविषयतानिरूपितकार्यताविषयतायास्तत्कार्यताऽवच्छेदकत्वात्,:कार्यताविषयतानिरूपितकार्यताविषयतायाः,तत्कार्यताऽवच्छेदकत्वात्,
निरूपितत्वविशेषताऽनापन्नत्वाक्षतेरिति,:निरूपितत्वविशेषताऽनापन्नत्वाक्षतेः,इति,
लौकिकलिङादेस्त्वन्यैव,:लौकिकलिङादेः,तु,अन्या,एव,
अवच्छेदकतापर्याप्तिप्रवेशाच्च,:अवच्छेदकतापर्याप्तिप्रवेशात्,च,
कार्यत्वविशिष्टविषयकत्वावच्छिन्नजनकतागर्भेति,:कार्यत्वविशिष्टविषयकत्वावच्छिन्नजनकतागर्भा,इति,
गौरवादाह-अस्तु,:गौरवात्,आह-अस्तु,
वेति,:वा,इति,
वाचकत्वमित्यर्थः,:वाचकत्वम्,इत्यर्थः,
दुर्वारत्वात्तत्रापीति,:दुर्वारत्वात्,तत्र,अपि,इति,
बोधादिति,:बोधात्,इति,
आह-तैरिति,:आह-तैः,इति,
वाक्यार्थेति,:वाक्यार्था,इति,
स्वार्थस्येव,:स्वार्थस्य,इव,
तीरादेरप्यनुभावकमित्यर्थः,:तीरादेः,अपि,अनुभावकम्,इत्यर्थः,
तदनुपगमेऽप्यक्षतेः,:तदनुपगमे,अपि,अक्षतेः,
शक्यत्वस्यानिवेशेन,:शक्यत्वस्य,अनिवेशेन,
लक्ष्यशक्यार्थान्यतरविषयतालाभादिति,:लक्ष्यशक्यार्थान्यतरविषयतालाभात्,इति,
तीरादिवाचकत्ववारणसम्भवादाह-लाक्षणिकस्येति,:तीरादिवाचकत्ववारणसम्भवात्,आह-लाक्षणिकस्य,इति,
विभक्तेरेव,:विभक्तेः,एव,
नीलादिति,:नीलात्,इति,
हेतुर्बोध्यः,:हेतुः,बोध्यः,
लक्ष्यार्थस्याननुभवमालम्ब्य,:लक्ष्यार्थस्य,अननुभवम्,आलम्ब्य,
शङ्‌कते-अथेति,:शङ्‌कते-अथ,इति,
लाक्षणिकस्यानुभावकत्वे,:लाक्षणिकस्य,अनुभावकत्वे,
गङ्गापदघोषपदयोस्तीरादिवाचकत्वापतिश्चोद्धृता,:गङ्गापदघोषपदयोः,तीरादिवाचकत्वापतिः,च,उद्धृता,
त्विति,:तु,इति,
एतच्च,:एतत्,च,
भवेदित्यादिसंशयनिवृत्तिः,:भवेत्,इत्यादिसंशयनिवृत्तिः,
तत्साकाङ्क्षघोषानुभवस्यानुपपत्तिरिति,:तत्साकाङ्क्षघोषानुभवस्य,अनुपपत्तिः,इति,
न्यायमतेऽपि,:न्यायमते,अपि,
शृणोमीति,:शृणोमि,इति,
इत्याह-लक्ष्यार्थस्येति,:इत्याह-लक्ष्यार्थस्य,इति,
विधाविति,:विधौ,इति,
सामान्यलक्षणाऽनुपगमादिति,:सामान्यलक्षणाऽनुपगमात्,इति,
मीमांसकमतेऽपूर्वपुरुषादेः,:मीमांसकमते,अपूर्वपुरुषादेः,
गौरवात्तद्वाचकेतरस्यापि,:गौरवात्,तद्वाचकेतरस्य,अपि,
तदर्थानुभावकत्वप्रसङ्गाच्च,:तदर्थानुभावकत्वप्रसङ्गात्,च,
लाक्षणिकस्यैव,:लाक्षणिकस्य,एव,
तद्वाचकताऽऽपत्तिर्दुर्वारैवेति,:तद्वाचकताऽऽपत्तिः,दुर्वारैवेति,
शाब्दबोधवारणायेत्यादिः,:शाब्दबोधवारणाय,इत्यादिः,
हेतुत्वेऽपि,:हेतुत्वे,अपि,
स्यादिति,:स्यात्,इति,
वाचकत्वमित्यपि,:वाचकत्वम्,इत्यपि,
अपभ्रंशादपि,:अपभ्रंशात्,अपि,
तस्यापि,:तस्य,अपि,
वाचकत्वापत्तिरित्यप्याहुः,:वाचकत्वापत्तिः,इत्यपि,आहुः,
त्विति,:तु,इति,
तीरादाविति,:तीरादौ,इति,
नोपगम्यते,:न,उपगम्यते,
तीरादिवाचकत्वमाशङ्‌क्येत,:तीरादिवाचकत्वम्,आशङ्‌क्येत,
एवेत्यर्थः,:एव,इत्यर्थः,
एवमपभ्रंशेऽपि,:एवम्,अपभ्रंशे,अपि,
मानाभावादिति,:मानाभावात्,इति,
भवत्वितीच्छाकारे,:भवतु,इति,इच्छाकारे,
मानमिति,:मानम्,इति,
चिदेव,:चित्,एव,
चित्तु,:चित्,तु,न,इति,
इति,:विशेषस्य,आश्रवणादर्थानामपभ्रंशवाच्यत्ववारणाय,
विषयतायाअप्यावश्यकतया,:अपि,आवश्यकतया,
यत्तु,:यत्,तु,
वाचकत्वापत्तिरिति,:वाचकत्वापत्तिः,इति,
वस्तुतस्तु,:वस्तुतः,तु,
व्यवस्थापितत्वान्न,:व्यवस्थापितत्वात्,न,
लौकिकलाक्षणिकेष्वपि,:लौकिकलाक्षणिकेषु,अपि,
भगवदिच्छायास्तत्पदजन्यबोधविषयतात्वेन,:भगवदिच्छायाः,तत्पदजन्यबोधविषयतात्वेन,
सामञ्जस्यादिति,:सामञ्जस्यात्,इति,
भगवदुच्चरितत्वेनेच्छायास्तात्पर्यत्वासम्भवात्,:भगवदुच्चरितत्वेनेच्छायाः,तात्पर्यत्वासम्भवात्,
स्वातन्त्र्येणेति,:स्वातन्त्र्येण,इति,
गङ्गापदजन्यताऽनवगाहित्वेऽपि,:गङ्गापदजन्यताऽनवगाहित्वे,अपि,
विषयत्वादित्यर्थः,:विषयत्वात्,इत्यर्थः,
अनतिप्रसक्तत्वादिति,:अनतिप्रसक्तत्वात्,इति,
संसर्गताऽवच्छेदकमिति,:संसर्गताऽवच्छेदकम्,इति,
मानाभावादाह-,:मानाभावात्,आह-,
ईश्वरेच्छेति,:ईश्वरेच्छा,इति,
तादृशविशेष्यतावत्त्वस्येति,:तादृशविशेष्यतावत्त्वस्य,इति,
तत्पदजन्यबोधविषयतात्वावच्छिन्नप्रकारतानिरूपितविशेष्यतावत्त्वस्येत्यर्थः,:तत्पदजन्यबोधविषयतात्वावच्छिन्नप्रकारतानिरूपितविशेष्यतावत्त्वस्य,इत्यर्थः,
नातिप्रसङ्गः,:न,अतिप्रसङ्गः,
लाक्षणिकापभ्रंशयोर्वाचकत्वातिप्रसङ्गः,:लाक्षणिकापभ्रंशयोः,वाचकत्वातिप्रसङ्गः,
सर्वार्थवाचकाश्चेद्,:सर्वार्थवाचकाः,चेद्,
तामुद्धरति-,:ताम्,उद्धरति-,
उक्तरीत्यैवेति,:उक्तरीत्या,एव,इति,
तत्पदजन्यबोधविषयतात्वावच्छिन्नप्रकारतानिरूपितविशेष्यत्वानुपगमेनेत्यर्थः,:तत्पदजन्यबोधविषयतात्वावच्छिन्नप्रकारतानिरूपितविशेष्यत्वानुपगमेन,इत्यर्थः,
भट्टानांमतमुत्थापयति-अन्वितेति,:भट्टानाम्,मतम्,उत्थापयति-अन्विता,इति,
संसर्गताऽवच्छेदकत्वोपलक्षितधर्मपुरस्कारेणैवान्वयस्य,:संसर्गताऽवच्छेदकत्वोपलक्षितधर्मपुरस्कारेण,एव,अन्वयस्य,
अत्रेति,:अत्र,इति,
घटपदवाच्यमिति,:घटपदवाच्यम्,इति,
ज्ञानान्मेयत्वादिना,:ज्ञानात्,मेयत्वादिना,
घटोपस्थितिर्विशृङ्खलोपस्थितिरित्यर्थः,:घटोपस्थितिः,विशृङ्खलोपस्थितिः,इत्यर्थः,
व्युत्क्रमेणेत्यपपाठः,:व्युत्क्रमेण,इत्यपपाठः,
क्रमेणैव,:क्रमेण,एव,
बोधस्यानिष्टत्वात्,:बोधस्य,अनिष्टत्वात्,
वृतिज्ञानजन्यघटाद्यवच्छिन्नकर्मत्वोपस्थितेरलीकत्वेऽपि,:वृतिज्ञानजन्यघटाद्यवच्छिन्नकर्मत्वोपस्थितेः,अलीकत्वे,अपि,
क्षतिरित्याशयः,:क्षतिः,इत्याशयः,
भानमतेऽप्याह,:भानमते,अपि,आह,
वस्तुतस्त्विति,:वस्तुतः,तु,इति,
कार्यताऽवच्छेदकेऽव्यवहितोत्तरत्वनिवेशे,:कार्यताऽवच्छेदके,अव्यवहितोत्तरत्वनिवेशे,
वृत्तित्वस्येति,:वृत्तित्वस्य,इति,
तस्यापि,:तस्य,अपि,
शक्तित्वावच्छिन्नसांसर्गिकविषयतानिरूपितपदनिष्ठप्रकारतानिरूपितार्थविशेष्यताशालिज्ञानजन्योपस्थितित्वेनानुगमः,:शक्तित्वावच्छिन्नसांसर्गिकविषयतानिरूपितपदनिष्ठप्रकारतानिरूपितार्थविशेष्यताशालिज्ञानजन्योपस्थितित्वेन,अनुगमः,
एवमिति,:एवम्,इति,
पदार्थान्यतरधर्मिकपदार्थान्यतरप्रकारकवाच्यत्ववाचकत्वान्यतरसंसर्गकज्ञानत्वेनानुगमे,:पदार्थान्यतरधर्मिकपदार्थान्यतरप्रकारकवाच्यत्ववाचकत्वान्यतरसंसर्गकज्ञानत्वेन,अनुगमे,
त्वाह,:तु,आह,
अर्थधर्मिकेति,:अर्थधर्मिका,इति,
कयोरिति,:कयोः,इति,
ययोश्चेति,:ययोः,च,इति,
चाकाङ्क्षातात्पर्यादिजन्यताऽवच्छेदककोटौ,:च,आकाङ्क्षातात्पर्यादिजन्यताऽवच्छेदककोटौ,
प्रायशोऽप्रवेशान्न,:प्रायशः,अप्रवेशात्,आ,
तदुपगमेऽपि,:तदुपगमे,अपि,
सामान्यरूपेणैवान्वयस्य,:सामान्यरूपेण,एव,अन्वयस्य,
तत्रैकैकस्यैव,:तत्र,एकैकस्य,एव,
भानात्क्वचित्कस्य,:भानात्,क्वचित्कस्य,
चिद्भानमित्यनियमप्रसङ्गेनोक्तस्यैव,:चित्,भानम्,इत्यनियमप्रसङ्गेन,उक्तस्य,एव,
तद्भाननियामकत्वावश्यकत्वादिति,:तद्भाननियामकत्वावश्यकत्वात्,इति,
सूचयित्वाऽऽह,:सूचयित्वा,आह,
इत्यादावन्ययोगव्यवच्छेदयोः,:इत्यादौ,अन्ययोगव्यवच्छेदयोः,
द्रव्यत्वाद्यविशेषेणेति,:द्रव्यत्वाद्यविशेषेण,इति,
शक्तिरित्यत्र,:शक्तिः,इत्यत्र,
घटत्वसमानाधिकरणशक्तिरित्यर्थमालम्ब्य,:घटत्वसमानाधिकरणशक्तिः,इत्यर्थम्,आलम्ब्य,
अथेति,:अथ,इति,
यत्तु,:यत्,तु,
शक्तिरित्यर्थनिराकरणमिति,:शक्तिः,इत्यर्थनिराकरणम्,इति,
तन्न,:तत्,न,
घटत्वसमानाधिकरणरूपवैशिष्ट्यवदितिलेखविरोधात्,:घटत्वसमानाधिकरणरूपवैशिष्ट्यवत्,इतिलेखविरोधात्,
त्रिष्वेवेति,:त्रिषु,एव,इति,
आकृतावपि,:आकृतौ,अपि,
सतीति,:सती,इति,
सतीति,:सती,इति,
वाच्यवृत्तित्वमिति,:वाच्यवृत्तित्वम्,इति,
परंपरायाश्च,:परंपरायाः,च,
चैवमपि,:च,एवम्,अपि,
तत्राक्षतमिति,:तत्र,अक्षतम्,इति,
वस्तुतस्तु,:वस्तुतः,तु,
गवाद्याकृतेरपि,:गवाद्याकृतेः,अपि,
नातिव्याप्तिः,:न,अतिव्याप्तिः,
लोमत्वादेर्थर्मिविशेषणतया,:लोमत्वादेः,धर्मिविशेषणतया,
प्रकारतयाऽतिव्याप्तिरतोमुख्यविशेष्यतानिवेशः,:प्रकारतया,अतिव्याप्तिः,अतोमुख्यविशेष्यतानिवेशः,
लोमत्वादिसंसर्गमानमादाय,:लोमत्वादिसंसर्गमानम्,आदाय,
लोमादिमुख्यविशेष्यकबोधजननात्तत्पदप्रयोज्यतामात्रनिवेशे,:लोमादिमुख्यविशेष्यकबोधजननात्,तत्पदप्रयोज्यतामात्रनिवेशे,
तत्रातिप्रसङ्गोऽतस्तत्पदशक्तिनिवेशः,:तत्र,अतिप्रसङ्गः,अतः,तत्पदशक्तिनिवेशः,
द्रव्यमितिवाक्यजन्यबोधे,:द्रव्यम्,इतिवाक्यजन्यबोधे,
दध्यादावतिव्याप्तिरतस्तत्पदशक्तिप्रयोज्यसंसर्गविषयतानिवेशः,:दध्यादौ,अतिव्याप्तिः,अतः,तत्पदशक्तिप्रयोज्यसंसर्गविषयतानिवेशः,
तत्पदशक्तिप्रयोज्यत्वनिवेशादेव,:तत्पदशक्तिप्रयोज्यत्वनिवेशात्,एव,
तद्दोषवारणसमाभवात्संसर्गविषयतानिवेशनमफलमिति,:तद्दोषवारणसमाभवात्संसर्गविषयतानिवेशनमफलम्,इति,
दधीत्यादिवाक्यजन्यबोधीयमुख्यविशेष्यतानिरूपितप्रकारतायास्तावताऽप्यवारणाद्,:दधि,इत्यादिवाक्यजन्यबोधीयमुख्यविशेष्यतानिरूपितप्रकारतायाः,तावता,अपि,अवारणाद्,
चैवंविधविशेष्यदलनिवेशे,:च,एवम्,विधविशेष्यदलनिवेशे,
व्यर्थमाकाशपदशक्यशब्दाश्रयत्वसंसर्गमानस्य,:व्यर्थम्,आकाशपदशक्यशब्दाश्रयत्वसंसर्गमानस्य,
तत्पदशक्तिप्रयोज्यत्वाभावेनैवानतिप्रसङ्गादिति,:तत्पदशक्तिप्रयोज्यत्वाभावेन,एव,अनतिप्रसङ्गात्,इति,
शब्दाश्रयत्वतत्संसर्गविषयतयोस्तत्संसर्गेण,:शब्दाश्रयत्वतत्संसर्गविषयतयोः,तत्संसर्गेण,
निवेश्यतामिति,:निवेश्यताम्,इति,
प्रथमविशेषणमित्याह,:प्रथमविशेषणम्,इत्याह,
समवायेनेति,:समवायेन,इति,
भवत्वित्याकारकसङ्‌केते,:भवतु,इत्याकारकसङ्‌केते,
घटत्वस्यापि,:घटत्वस्य,अपि,
भानमङ्गीकार्यमित्यर्थः,:भानम्,अङ्गीकार्यम्,इत्यर्थः,
घटत्वादाववच्छेदकतासम्बन्धेन,:घटत्वादौ,अवच्छेदकतासम्बन्धेन,
विशेष्यताद्वयशालित्वभयेनाह,:विशेष्यताद्वयशालित्वभयेन,आह,
विषयत्वेऽन्वयाद्,:विषयत्वे,अन्वयाद्,
तज्ञ्ज्ञानमिति,:तज्ञ्ज्ञानम्,इति,
यद्वा,:यत्,वा,
तत्प्रयोजकमित्यभिप्रेत्यैव,:तत्प्रयोजकमित्यभिप्रेति,एव,
एवेति,:एव,इति,
त्रितयमेव,:त्रितयम्,एव,
घटपदजन्यबोधविषयतायामुपयुज्यत,:घटपदजन्यबोधविषयतायाम्,उपयुज्यत,
विषयतानामिति,:विषयतानाम्,इति,
ऐक्यादिति,:ऐक्यात्,इति,
तथेहापि,:तथा,इह,अपि,
घटादेस्तदवच्छेदकत्वस्य,:घटादेः,तदवच्छेदकत्वस्य,
यद्वा,:यत्,वा,
संकेतीययोराश्रयताऽवच्छेदकत्वसंबन्धावच्छिन्नविषयतयोरैक्येऽपि,:संकेतीययोः,आश्रयताऽवच्छेदकत्वसंबन्धावच्छिन्नविषयतयोः,ऐक्ये,अपि,
पदार्थत्वस्यावच्छेदकतासंबन्धावच्छिन्नविषयतात्वेन,:पदार्थत्वस्य,अवच्छेदकतासंबन्धावच्छिन्नविषयतात्वेन,
वस्तुतस्तु,:वस्तुतः,तु,
अपरविशेष्यतानिरूपितविशेष्यतैक्यमतेनेदम्,:अपरविशेष्यतानिरूपितविशेष्यतैक्यमतेन,इदम्,
वस्तुतस्तु,:वस्तुतः,तु,
घटपदादेर्घटत्वादेश्च,:घटपदादेः,घटत्वादेः,च,
सर्वस्यैकशक्यापतेः,:सर्वस्य,एकशक्यापतेः,
पशुरपशुरित्यादौ,:पशुः,अपशुः,इत्यादौ,
बोधविषयत्वप्रकारतानिरूपितसंकेतविषयताऽवगाहिज्ञानसंभवादित्याशङ्य,:बोधविषयत्वप्रकारतानिरूपितसंकेतविषयताऽवगाहिज्ञानसंभवात्,इत्याशङ्य,
तदनन्वयनियामकमाह,:तदनन्वयनियामकम्,आह,
पशुरपशुरित्यादौ,:पशुः,अपशुः,इत्यादौ,
शक्तिभ्रमेऽप्यपदार्थताऽवच्छेदकलोमादौ,:शक्तिभ्रमे,अपि,अपदार्थताऽवच्छेदकलोमादौ,
शक्तिभ्रममिति,:शक्तिभ्रमम्,इति,
लक्षणाग्रहोपलक्षणमिदम्,:लक्षणाग्रहोपलक्षणम्,इदम्,
मतमाह,:मतम्,आह,
नोक्तघटत्वादेरन्वयिताऽवच्छेदकरूपेणानुपस्थितेस्तत्र,:न,उक्तघटत्वादेः,अन्वयिताऽवच्छेदकरूपेण,अनुपस्थितेः,तत्र,
प्रकारत्वेऽपीति,:प्रकारत्वे,अपि,इति,
अवच्छेदकतासम्बन्धेनेत्यादिः,:अवच्छेदकतासम्बन्धेन,इत्यादिः,
भवत्वित्यवच्छेदकतासंसर्गकः,:भवतु,इति,अवच्छेदकतासंसर्गकः,
आश्रयतासम्बन्धावच्छिन्नबोधविषयत्वनिष्ठप्रकारतानिरूपितविशेष्यत्वमित्यर्थः,:आश्रयतासम्बन्धावच्छिन्नबोधविषयत्वनिष्ठप्रकारतानिरूपितविशेष्यत्वम्,इत्यर्थः,
वच्छेदकत्वापत्तिर्न,:वच्छेदकत्वापत्तिः,न,
इष्टापत्तेराह,:इष्टापत्तेः,आह,
चावगाहि,:च,अवगाहि,
यद्वा,:यत्,वा,
संसर्गांशे,:संसर्गाम्,शे,
संसर्गाभानात्तत्त्यागः,:संसर्गाभानात्,तत्त्यागः,
घटत्वत्वावच्छिन्नधर्मिकेति,:घटत्वत्वावच्छिन्नधर्मिका,इति,
तन्न,:तत्,न,
निर्धर्मिताऽवच्छेदककवाच्यत्वज्ञानस्यावाच्यत्वज्ञानाप्रतिबन्धस्य,:निर्धर्मिताऽवच्छेदकवाच्यत्वज्ञानस्य,अवाच्यत्वज्ञानाप्रतिबन्धस्य,
जातित्वादिनेव,:जातित्वादिना,एव,
युक्तमिति,:युक्तम्,इति,
घटभानस्यैव,:घटभानस्य,एव,
घटत्वावच्छिन्नधर्मिकस्यैव,:घटत्वावच्छिन्नधर्मिकस्य,एव,
स्वरूपतस्तद्भासकत्त्वाच्च,:स्वरूपतस्तद्भासकत्त्वात्,च,
तत्रावच्छिन्नत्वांशे,:तत्र,अवच्छिन्नत्वांशे,
जात्यतिरिक्तत्वादित्यादिः,:जात्यतिरिक्तत्वात्,इत्यादिः,
केचित्तु,:केचित्,तु,
कारणंवाचकता,:कारणम्,वाचकता,
शाब्दधीप्रकारतानियामकमिति,:शाब्दधीप्रकारतानियामकम्,इति,
बोधविशेषणताऽऽपन्नविषयिताविशषणधर्मिविषयिताऽवच्छेदकत्वरूपशक्यताऽवच्छेदकत्वभानमेव,:बोधविशेषणताऽऽपन्नविषयिताविशषणधर्मिविषयिताऽवच्छेदकत्वरूपशक्यताऽवच्छेदकत्वभानम्,एव,
इतरांशतौल्येऽपि,:इतरांशतौल्ये,अपि,
शक्तिधियोऽनपेक्षाऽऽपत्तेः,:शक्तिधियः,न,अपेक्षाऽऽपत्तेः,
बोधविषयत्वप्रकारकभगवत्संकेतविषयत्वरूपवाच्यत्वपक्षेऽप्यर्थधर्मिकवाच्यत्वज्ञानकारणत्वमालम्ब्य,:बोधविषयत्वप्रकारकभगवत्संकेतविषयत्वरूपवाच्यत्वपक्षे,अपि,अर्थधर्मिकवाच्यत्वज्ञानकारणत्वम्,आलम्ब्य,
तत्संम्बधेनेति,:तत्सम्बधेन,इति,
द्रव्यमिति,:द्रव्यम्,इति,
घटत्वधर्मिताऽवच्छेदकताकघटपदप्रकारकज्ञानाच्च,:घटत्वधर्मिताऽवच्छेदकताकघटपदप्रकारकज्ञानात्,च,
घटत्वप्रकारकशाब्दबोधविषयतायास्तत्यंबन्धावच्छिन्नतद्धर्मनिष्ठावच्छेदकताकत्वविशेषणाद्,:घटत्वप्रकारकशाब्दबोधविषयतायाः,तत्यम्,बन्धावच्छिन्नतद्धर्मनिष्ठावच्छेदकताकत्वविशेषणाद्,
द्रव्यपदादिति,:द्रव्यपदात्,इति,
द्रव्यमिति,:द्रव्यम्,इति,
एकत्वावच्छिन्नविषयतयैक्यम्,:एकत्वावच्छिन्नविषयतया,ऐक्यम्,
प्रकारावच्छिन्नत्वस्यापि,:प्रकारावच्छिन्नत्वस्य,अपि,
व्यक्तत्वाच्च,:व्यक्तत्वात्,च,
द्रव्यमित्याकारकपदप्रयोज्येत्यर्थः,:द्रव्यम्,इत्याकारकपदप्रयोज्येत्यर्थः,
द्रव्यपदवदिति,:द्रव्यपदवत्,इति,
शाब्दबोधप्रसङ्गादित्यर्थः,:शाब्दबोधप्रसङ्गात्,इत्यर्थः,
पदान्तरानुपस्थितेति,:पदान्तरानुपस्थिता,इति,
द्रव्यमेकमिति,:द्रव्यम्,एकम्,इति,
द्रव्याभानेऽपि,:द्रव्याभाने,अपि,
एकमस्तीत्यादिबोधस्य,:एकम्,अस्ति,इत्यादिबोधस्य,
तादृशप्रकारतेति,:तादृशप्रकारता,इति,
तद्धर्मावच्छित्वावच्छिन्नप्रकारतेत्यर्थः,:तद्धर्मावच्छित्वावच्छिन्नप्रकारता,इत्यर्थः,
सतीति,:सती,इति,
चोक्तस्थले,:च,उक्तस्थले,
द्रव्यत्वावच्छिन्नत्वेऽपि,:द्रव्यत्वावच्छिन्नत्वे,अपि,
भानेऽपि,:भाने,अपि,
हेतुताऽवच्छेदकसत्त्वाद्भवत्येव,:हेतुताऽवच्छेदकसत्त्वाद्भवति,एव,
पदप्रकारकद्रव्यत्वावच्छिन्नधर्मिकज्ञानादहेतोरिति,:पदप्रकारकद्रव्यत्वावच्छिन्नधर्मिकज्ञानादहेतोः,इति,
प्रकारीभूतेति,:प्रकारीभूता,इति,
तत्पदज्ञानजन्यतदशक्यार्थोपस्थिताश्च,:तत्पदज्ञानजन्यतदशक्यार्थोपस्थिताः,च,
प्राचीनैरिति,:प्राचीनैः,इति,
हेतुतामपेक्ष्य,:हेतुताम्,अपेक्ष्य,
वृत्तिप्रयोज्यत्वादिति,:वृत्तिप्रयोज्यत्वात्,इति,
चेन्न,:चेत्,न,
गवादिपदेऽपि,:गवादिपदे,अपि,
गोत्वादेरशक्यत्वप्रसङ्गात्,:गोत्वादेः,अशक्यत्वप्रसङ्गात्,
गुरूणाऽप्युक्तरूपेण,:गुरूणा,अपि,उक्तरूपेण,
कारणत्वमुपेत्याकाशपदजन्यशाब्दबोधस्य,:कारणत्वम्,उपेत्याकाशपदजन्यशाब्दबोधस्य,
तथात्वमुपगतमिति,:तथात्वम्,उपगतम्,इति,
नन्वाकाशपदादाकाशस्यविभक्त्या,:ननु,आकाशपदात्,आकाशस्यविभक्त्या,
चैकत्वस्य,:च,एकत्वस्य,
एवास्त्वित्याशङ्‌क्याह,:एव,अस्तु,इत्याशङ्‌क्याह,
तेनेति,:तेन,इति,
अत्राकाशपदाधीनशाब्दबोधस्य,:अत्र,आकाशपदाधीनशाब्दबोधस्य,
शब्दाश्रयत्वप्रकारकत्वमुपेयते,:शब्दाश्रयत्वप्रकारकत्वम्,उपेयते,
तत्प्रकारत्वोपगमबीजफलसमानप्रकारकत्वायोगादित्यालोच्य,:तत्प्रकारत्वोपगमबीजफलसमानप्रकारकत्वायोगात्,इति,आलोच्य,
तथैवाह-,:तथैव,आह-,
वस्तुतस्त्विति,:वस्तुतः,तु,इति,
प्रकारान्तरेति,:प्रकारान्तरा,इति,
कार्यतामुपेत्येत्यर्थः,:कार्यताम्,उपेत्येत्यर्थः,
निर्विकल्पकस्मरणमपि,:निर्विकल्पकस्मरणम्,अपि,
नन्वाकाशवासीत्यादावाकाशपदावाच्यत्वेनैवाकाशभानान्न,:ननु,आकाशवासी,इत्यादौ,आकाशपदावाच्यत्वेन,एव,आकाशभानात्,न,
गोत्वादिनेति,:गोत्वादिना,इति,
पदान्नियतोपस्थितिर्वृत्तिसाध्यैवेति,:पदान्नियतोपस्थितिः,वृत्तिसाध्या,एव,इति,
प्रकारत्वंस्वांशे,:प्रकारत्वम्,स्वांशे,
केवलवृत्तिग्रहाधीनमेवेति,:केवलवृत्तिग्रहाधीनम्,एव,इति,
चाकाशपदजन्यशाब्दबोधे,:च,आकाशपदजन्यशाब्दबोधे,
गोत्वादेर्नियतोपस्थितोपस्थितावपि,:गोत्वादेः,नियतोपस्थितोपस्थितौ,अपि,
तथेति,:तथा,इति,
दर्शयति-यत्त्विति,:दर्शयति-यत्,तु,इति,
मुख्यतेति,:मुख्यता,इति,
मुख्यतेति,:मुख्यता,इति,
चेदाकाशपदजन्यबोधः,:चेत्,आकाशपदजन्यबोधः,
चिच्छब्दाश्रयत्त्वेन,:चित्,शब्दाश्रयत्त्वेन,
एकस्मिन्नाकाशे,:एकस्मिन्,आकाशे,
शक्तिरायाता,:शक्तिः,आयाता,
यच्छक्तिग्रहस्तदा,:यच्छक्तिग्रहः,तदा,
दूषयति-प्रत्येकमिति,:दूषयति-प्रत्येकम्,इति,
शब्दाश्रयत्वादेरशक्यत्वे,:शब्दाश्रयत्वादेः,अशक्यत्वे,
उपलक्षणस्यापीति,:उपलक्षणस्य,अपि,इति,
शक्त्यविषयस्यापीत्यर्थः,:शक्त्यविषयस्य,अपि,इत्यर्थः,
हेतुरित्यर्थः,:हेतुः,इत्यर्थः,
गोत्वादेर्गवादिपदाशक्यत्वप्रसङ्गः,:गोत्वादेः,गवादिपदाशक्यत्वप्रसङ्गः,
तथात्वेप्युक्तरीत्या,:तथात्वेपि,उक्तरीत्या,
तद्भानसंभवादित्याङ्‌क्य,:तद्भानसंभवात्,इत्याङ्‌क्य,
गवादिपदादुक्तशक्तिज्ञानवशाद्‌गोपदवाच्यत्वादिपदधर्मप्रकारकशब्दबोधापत्तिरिति,:गवादिपदात्,उक्तशक्तिज्ञानवशाद्‌गोपदवाच्यत्वादिपदधर्मप्रकारकशब्दबोधापत्तिः,इति,
विशिष्टेति,:विशिष्टा,इति,
तादृशप्रकारत्वावगाहिशक्तिज्ञानत्वेनैव,:तादृशप्रकारत्वावगाहिशक्तिज्ञानत्वेन,एव,
हेतुत्वादित्यर्थः,:हेतुत्वात्,इत्यर्थः,
कार्यकारणभावभेदऽपि,:कार्यकारणभावभेदे,अपि,
यादृशकार्यकारणभावबलादवाच्य,:यादृशकार्यकारणभावबलात्,अवाच्य,
तादृशबोधापत्तिमाशङ्‌क्य,:तादृशबोधापत्तिम्,आशङ्‌क्य,
आकाशादिपदमिवेति,:आकाशादिपदम्,इव,इति,
किंचिद्धर्मावच्छिन्नत्वानवच्छिन्नत्वावगाहित्वमपि,:किञ्चित्,धर्मावच्छिन्नत्वानवच्छिन्नत्वावगाहित्वम्,अपि,
आकाशादिपदजन्यशाब्दबोधविषयत्वनिष्ठप्रकारतायाश्च,:आकाशादिपदजन्यशाब्दबोधविषयत्वनिष्ठप्रकारतायाः,च,
किंचिदवच्छिन्नतया,:किञ्चित्,अवच्छिन्नतया,
तथात्वमित्यर्थः,:तथात्वम्,इत्यर्थः,
चेति,:च,इति,
चेत्यर्थः,:च,इत्यर्थः,
बोद्धव्यमित्याकारस्वीकारेण,:बोद्धव्यम्,इत्याकारस्वीकारेण,
शाब्दबोधविषयतात्वावच्छिन्नप्रकारतागर्भसंसर्गत्वासिद्धेरिति,:शाब्दबोधविषयतात्वावच्छिन्नप्रकारतागर्भसंसर्गत्वासिद्धेः,इति,
तत्संसर्गकपदप्रकारकशक्तिभ्रमोपलक्षणमिदम्,:तत्संसर्गकपदप्रकारकशक्तिभ्रमोपलक्षणम्,इदम्,
एवमिति,:एवम्,इति,
क्वचिच्छक्तिज्ञानस्य,:क्वचित्,शक्तिज्ञानस्य,
लक्षणैवेति,:लक्षणा,एव,इति,
प्रकारताघटितसंबन्धावगाहिशक्तिज्ञानस्यैव,:प्रकारताघटितसंबन्धावगाहिशक्तिज्ञानस्य,एव,
शुद्धसुखत्वादिशाब्दबोधासंभवादिति,:शुद्धसुखत्वादिशाब्दबोधासंभवात्,इति,
लक्षणेत्यत,:लक्षणा,इत्यत,
शक्त्येति,:शक्त्या,इति,
उक्तानुपपत्त्येति,:उक्तानुपपत्त्या,इति,
बोद्धव्यमित्याकारकाधुनिकसंकेतस्थले,:बोद्धव्यम्,इत्याकारकाधुनिकसंकेतस्थले,
केवलद्रव्यत्वप्रकारकबोधाप्रसङ्गेनेत्यर्थः,:केवलद्रव्यत्वप्रकारकबोधाप्रसङ्गेन,इत्यर्थः,
कर्मत्वस्याश्रयानवच्छिन्नत्वरूपविशेषणगर्भत्वान्न,:कर्मत्वस्य,आश्रयानवच्छिन्नत्वरूपविशेषणगर्भत्वात्,न,
कर्मतेति,:कर्मता,इति,
धयतीति,:धयति,इति,
जातिशक्तिवादिनामत्र,:जातिशक्तिवादिनाम्,अत्र,
बीजमिति,:बीजम्,इति,
तद्भासकस्यैव,:तद्भासकस्य,एव,
नाश्रये,:न,आश्रये,
भानान्न,:भानात्,न,
व्यक्तिभासकत्वमिति,:व्यक्तिभासकत्वम्,इति,
विशिष्टशक्तिरावश्यकी,:विशिष्टशक्तिः,आवश्यकी,
धीयतेऽसौ,:धीयते,असौ,
धेनुरिति,:धेनुः,इति,
योगशक्तिरेव,:योगशक्तिः,एव,
पङ्‌कजपदस्येव,:पङ्‌कजपदस्य,इव,
रूढ्यैवार्थबोधकत्वाद्,:रूढ्या,एव,अर्थबोधकत्वाद्,
बहुलमि"त्येकेनैव,:बहुलम्,इति,एकेन,एव,
धेनुरित्यादीन्सस्मरोति,:धेनुः,इत्यादीन्सस्मरोति,
शक्त्युपाधित्वेनेति,:शक्त्युपाधित्वेन,इति,
प्रयोगोपाधिरित्यनयोर्भेदः,:प्रयोगोपाधिः,इत्यनयोः,भेदः,
सन्निहितविशेषपरत्वमिति,:सन्निहितविशेषपरत्वम्,इति,
यत्किंचिद्व्यक्तेर्विषयत्वेन,:यत्किञ्चित्,व्यक्तेः,विषयत्वेन,
स्यादित्यत्राह,:स्यात्,इत्यत्र,आह,
शक्तिनियन्त्रकत्वादिति,:शक्तिनियन्त्रकत्वात्,इति,
शाब्दबोधविषयत्वनियामकत्वादित्यर्थः,:शाब्दबोधविषयत्वनियामकत्वात्,इत्यर्थः,
विवादादाह,:विवादात्,आह,
नास्तीत्यादौ,:नास्ति,इत्यादौ,
भानेऽप्यभानप्रतियोग्यधिकरणे,:भाने,अपि,अभानप्रतियोग्यधिकरणे,
तदप्रत्ययादिति,:तदप्रत्ययात्,इति,
भानमिष्टमेव,:भानम्,इष्टम्,एव,
वाच्यत्वापत्तिरिति,:वाच्यत्वापत्तिः,इति,
अशक्यस्येति,:अशक्यस्य,इति,
शक्यताऽवच्छेदकत्वानुपपत्त्येति,:शक्यताऽवच्छेदकत्वानुपपत्त्या,इति,
जातिनिष्ठशक्यताव्यधिकरणत्वेनेति,:जातिनिष्ठशक्यताव्यधिकरणत्वेन,इति,
क्वचित्तथैव,:क्वचित्,तथैव,
धानकर्मरुपधर्मिणोऽशक्यत्वेन,:धानकर्मरुपधर्मिणः,अशक्यत्वेन,
गौर्बोद्धव्येत्याकारकशक्तेर्गोपदाद्धानकर्मगोत्वेन,:गौः,बौद्धव्येत्याकारकशक्तेः,गोपदाद्धानकर्मगोत्वेन,
गौर्बोद्धव्येत्याधुनिकसंकेतस्य,:गौः,बोद्धव्येत्याधुनिकसंकेतस्य,
पदप्रकारकधानकर्मगोत्वावच्छिन्नविशेष्यकज्ञानस्यैकहेतुत्वानुरोधेन,:पदप्रकारकधानकर्मगोत्वावच्छिन्नविशेष्यकज्ञानस्य,एकहेतुत्वानुरोधेन,
शक्तिज्ञानाधनिकसंकेतज्ञानयोर्नैकरूपेण,:शक्तिज्ञानाधनिकसंकेतज्ञानयोः,न,एकरूपेण,
इत्याधुनिकसंकेतज्ञानादपि,:इत्याधुनिकसंकेतज्ञानात्,अपि,
शक्यनुपगमादुक्तशक्यताऽवच्छेदकत्वस्यैव,:शक्यनुपगमात्,उक्तशक्यताऽवच्छेदकत्वस्य,एव,
शक्तिरिति,:शक्तिः,इति,
दुर्वारमिति,:दुर्वारम्,इति,
सामानाधिकरण्येनेति,:सामानाधिकरण्येन,इति,
सामानाधिकरण्यस्वरूपोभयगर्भेणेत्यादिः,:सामानाधिकरण्यस्वरूपोभयगर्भेण,इत्यादिः,
शक्त्युपाधिरिति,:शक्त्युपाधिः,इति,
सामानाधिकरण्यस्वरूपोभयगर्भेणेत्यादिः,:सामानाधिकरण्यस्वरूपोभयगर्भेण,इत्यादिः,
शक्त्युपाधिरिति,:शक्त्युपाधिः,इति,
शक्त्युपाधेरपि,:शक्त्युपाधेः,अपि,
प्रभाकरास्तु,:प्रभाकराः,तु,
चावयवशक्तिज्ञानाधीनशाब्दबोधे,:च,अवयवशक्तिज्ञानाधीनशाब्दबोधे,
तादृशेऽपि,:तादृशे,अपि,
तत्त्वमहमित्यादिसर्वनामपदेषु,:तत्त्वम्,अहम्,इत्यादिसर्वनामपदेषु,
प्रयोगोपाधयस्तेन,:प्रयोगोपाधयः,तेन,
पङ्‌कजादिपदेष्वपि,:पङ्‌कजादिपदेषु,अपि,
अतस्तत्र,:अतः,तत्र,
सर्वनामपदशक्तिरिति,:सर्वनामपदशक्तिः,इति,
बुद्धिस्थत्वादेर्हेतुत्वाद्,:बुद्धिस्थत्वादेः,हेतुत्वाद्,
वेति,:वा,इति,
तदिदंपदेनोपस्थापने,:तदिदम्,पदेन,उपस्थापने,
वेत्युल्लेखे,:वा,इत्युल्लेखे,
पदादिबोद्धव्यत्वप्रकारकत्वोपगमादित्याहुः,:पदादिबोद्धव्यत्वप्रकारकत्वोपगमात्,इत्याहुः,
तन्न,:तत्,न,
नास्तीतिशाब्दबोधानुपपत्तेः,:नास्ति,इतिशाब्दबोधानुपपत्तेः,
शाब्दाप्रकारत्वेऽपि,:शाब्दाप्रकारत्वे,अपि,
शक्यमित्यपास्तम्,:शक्यम्,इत्यपास्तम्,
धेनुपपदस्यौणादिकतया,:धेनुपपदस्य,औणादिकतया,
केवलरूढेरुपगमात्,:केवलरूढेः,उपगमात्,
पङ्‌कजादिपदस्यानौणादिकतया,:पङ्‌कजादिपदस्य,अनौणादिकतया,
योगसत्त्वेऽप्युक्तशाब्दबोधानुपपत्तिवारणाय,:योगसत्त्वे,अपि,उक्तशाब्दबोधानुपपत्तिवारणाय,
रूढेरप्यावश्यकत्वाद्,:रूढेः,अपि,आवश्यकत्वाद्,
नानाऽर्थतेति,:नानाऽर्थता,इति,
भ्रान्तस्येति,:भ्रान्तस्य,इति,
उत्पत्तेरिति,:उत्पत्तेः,इति,
व्यभिचारात्तस्य,:व्यभिचारात्,तस्य,
सहकारित्वमेवासिद्धमित्याशयः,:सहकारित्वम्,एव,असिद्धम्,इत्याशयः,
नानाऽर्थतेति,:नानाऽर्थता,इति,
उभयभावप्रतियोगितायामिति,:उभयभावप्रतियोगितायाम्,इति,
व्यासज्यवृतिधर्मस्यावच्छेदककोट्यप्रवेशे,:व्यासज्यवृतिधर्मस्य,अवच्छेदककोट्यप्रवेशे,
वेति,:वा,इति,
ननूभयत्वेपि,:ननूभयत्वे,अपि,
पुष्पवन्तावित्यादौ,:पुष्पवन्तौ,इत्यादौ,
द्वावितीति,:द्वौ,इति,इति,
पुष्पवन्तावित्यत्र,:पुष्पवन्तौ,इत्यत्र,
द्वित्वोपस्थितिरिति,:द्वित्वोपस्थितिः,इति,
द्वावित्यादावपि,:द्वावित्यादौ,अपि,
विभक्तेरशक्यत्वापातात्,:विभक्तेः,अशक्यत्वापातात्,
प्रयोगिताऽवच्छेदकतापर्याप्तिमप्रवेश्य,:प्रयोगिताऽवच्छेदकतापर्याप्तिम्,अप्रवेश्य,
चावच्छेदकतापर्याप्त्यधिकरणधर्मत्रयविशिष्टाप्रसिद्ध्या,:च,अवच्छेदकतापर्याप्त्यधिकरणधर्मत्रयविशिष्टाप्रसिद्ध्या,
स्यादिति,:स्यात्,इति,
समानाधिकरणाधिकरणताद्वयनिरूपिताधेयतयोर्घटपटनिष्ठयोः,:समानाधिकरणाधिकरणताद्वयनिरूपिताधेयतयोः,घटपटनिष्ठयोः,
घटत्वपटत्वावच्छिन्नत्ववदुभयत्वावच्छिन्नत्वमपि,:घटत्वपटत्वावच्छिन्नत्ववत्,उभयत्वावच्छिन्नत्वम्,अपि,
घटपटोभयवदिति,:घटपटोभयवत्,इति,
घटत्वपटत्वोभयावच्छिन्नवत्ताभ्यामेवाभावस्य,:घटत्वपटत्वोभयावच्छिन्नवत्,ताभ्याम्,एव,अभावस्य,
कथञ्चिदुभयत्वांशे,:कथञ्चित्,उभयत्वांशे,
भानोपगमेऽप्याह,:भानोपगमे,अपि,आह,
घटत्वपटत्ववैशिष्ट्योपलक्षितोभयत्वस्यानतिप्रसक्तत्वेऽप्याह,:घटत्वपटत्ववैशिष्ट्योपलक्षितोभयत्वस्य,अनतिप्रसक्तत्वे,अपि,आह,
तत्रेति,:तत्र,इति,
एवेति,:एव,इति,
साक्षात्प्रतियोगिताऽनवच्छेदकत्वेऽपि,:साक्षात्प्रतियोगिताऽनवच्छेदकत्वे,अपि,
एवेत्याहुरि"ति,:एव,इत्याहुः,इति,
पाठस्तदा,:पाठः,तदा,
एवेत्यनन्तरम्,:एव,इत्यनन्तरम्,
चेदेवमेव,:चेत्,एवम्,एव,
द्वावितिवद्,:द्वौ,इतिवद्,
साधुत्वोपगमादि"ति,:साधुत्वोपगमात्,इति,
पाठस्तु,:पाठः,तु,
विस्मृत्योक्तमिति,:विस्मृत्य,उक्तम्,इति,
भ्रमत्वनियमादिति,:भ्रमत्वनियमात्,इति,
शक्तिनिरूपकताऽवच्छेदकत्वपर्याप्त्यभावादिति,:शक्तिनिरूपकताऽवच्छेदकत्वपर्याप्त्यभावात्,इति,
स्वमतानुसारेणाह,:स्वमतानुसारेण,आह,
चन्द्रसूर्याविति,:चन्द्रसूर्यौ,इति,
चन्द्रसूर्यावितिशक्तिग्रहपक्षे,:चन्द्रसूर्यौ,इतिशक्तिग्रहपक्षे,
चन्द्रत्वसूर्यत्वावच्छिन्नत्वसम्भवेऽपि,:चन्द्रत्वसूर्यत्वावच्छिन्नत्वसम्भवे,अपि,
वृक्षाद्विभजत,:वृक्षात्,विभजत,
त्यज्धातुतोऽपि,:त्यज्धातुतः,अपि,
चोपस्थितेः;,:च,उपस्थितेः;,
तद्विषयतादृशार्थयोस्तत्तत्पञ्चम्यर्थान्वयसम्भवादतस्तयोः,:तद्विषयतादृशार्थयोः,तत्तत्पञ्चम्यर्थान्वयसम्भवात्,अतः,तयोः,
परित्यज्याप्यपरबोधप्रसङ्गात्,:परित्यज्य,अपि,अपरबोधप्रसङ्गात्,
त्यजधातोस्तादृशज्ञानमभ्रान्तस्य,:त्यजधातोः,तादृशज्ञानम्,अभ्रान्तस्य,
सम्भवतीत्यनतिप्रसङ्गाद्,:सम्भवति,इत्यनतिप्रसङ्गाद्,
विभागविषयकत्वानवच्छिन्नत्वफलान्तरविषयकत्वावच्छिन्नत्वोभयावगाहिधातुशक्तिज्ञानमिति,:विभागविषयकत्वानवच्छिन्नत्वफलान्तरविषयकत्वावच्छिन्नत्वोभयावगाहिधातुशक्तिज्ञानम्,इति,
ईदृशैकशक्तेरपि,:ईदृशैकशक्तेः,अपि,
फलव्यापारयोर्विशेषणविशेष्यभाववैपरीत्येन,:फलव्यापारयोः,विशेषणविशेष्यभाववैपरीत्येन,
विशिष्टशक्तावेव,:विशिष्टशक्तौ,एव,
अथैवमपि,:अथ,एवम्,अपि,
पुष्पवन्तपदादिव,:पुष्पवन्तपदात्,इव,
सकर्मकधातोरपि,:सकर्मकधातोः,अपि,
विशेष्यविशेषणभावानापन्नयोरेव,:विशेष्यविशेषणभावानापन्नयोः,एव,
फलव्यापारयोरन्वयबोधः,:फलव्यापारयोः,अन्वयबोधः,
तदापन्नयोरिति,:तदापन्नयोः,इति,
फलव्यापारविषयकत्वयोरवच्छेद्यावच्छेदकभावावगाहित्वमपि,:फलव्यापारविषयकत्वयोः,अवच्छेद्यावच्छेदकभावावगाहित्वम्,अपि,
भासमानयोरेव,:भासमानयोः,एव,
फलव्यापारयोर्विषयिताद्वयमप्यवच्छेद्यावच्छेदकभावापन्नमिति,:फलव्यापारयोः,विषयिताद्वयम्,अपि,अवच्छेद्यावच्छेदकभावापन्नम्,इति,
परित्यज्यापराबोधरूपे,:परित्यज्य,अपराबोधरूपे,
एकयेति,:एकया,इति,
मानाभावान्न,:मानाभावात्,न,
शक्तेरैक्यमिति,:शक्तेः,ऐक्यम्,इति,
पर्यवसायित्वमाह,:पर्यवसायित्वम्,आह,
वेति,:वा,इति,
सकृदिति,:सकृत्,इति,
प्रवृत्त्यौपयिकबोधः,:प्रवृत्त्या,औपयिकबोधः,
प्रकृतस्यापीति,:प्रकृतस्य,अपि,इति,
प्रकान्तस्यापीत्यपपाठः,:प्रकान्तस्य,अपि,इति,अपपाठः,
अपूर्वधर्मस्यापूर्ववाक्यजन्यशाब्दबोधाविषयत्वात्,:अपूर्वधर्मस्य,अपूर्ववाक्यजन्यशाब्दबोधाविषयत्वात्,
गौरस्तीत्यादौ,:गौः,अस्ति,इत्यादौ,
गृहीतशक्तेर्देशान्तरस्थले,:गृहीतशक्तेः,देशान्तरस्थले,
गोबोधवदित्यर्थः,:गोबोधवत्,इत्यर्थः,
तस्यापीति,:तस्य,अपि,इति,
शक्यताऽवच्छेदकताऽवच्छेदकत्वेऽपि,:शक्यताऽवच्छेदकताऽवच्छेदकत्वे,अपि,
तस्यावच्छेदकताऽवच्छेदकसाधारण्यात्,:तस्य,अवच्छेदकताऽवच्छेदकसाधारण्यात्,
शाब्दबोधविषयत्वादिति,:शाब्दबोधविषयत्वात्,इति,
उपलक्षणमिति,:उपलक्षणम्,इति,
गौरवितवृत्तित्वमुपलक्षममिति,:गौरवितवृत्तित्वम्,उपलक्षणम्,इति,
बोधविषयतयाऽभासमानत्वे,:बोधविषयतया,आभासमानत्वे,
शक्तिरिति,:शक्तिः,इति,
तदिति,:तत्,इति,
स्वयमुक्तम्,:स्वयम्,उक्तम्,
अत्रोपलक्षणीभूतधर्मावच्छिन्नतयाऽनुगतनानाधर्मविशिष्टे,:अत्र,उपलक्षणीभूतधर्मावच्छिन्नतया,अनुगतनानाधर्मविशिष्टे,
सर्वनामपदस्यैकशक्तिस्वीकारे,:सर्वनामपदस्य,एकशक्तिस्वीकारे,
बुद्धिविशेषविषयत्वादिनाऽनुगतीकृतेन्द्रत्वचन्द्रत्वादिविशिष्टे,:बुद्धिविशेषविषयत्वादिना,अनुगतीकृतेन्द्रत्वचन्द्रत्वादिविशिष्टे,
लोमत्वावच्छिन्नत्ववदुपेयते,:लोमत्वावच्छिन्नत्ववत्,उपेयते,
अनुगतेति,:अनुगता,इति,
तत्रोपलक्षणीभूतेति,:तत्र,उपलक्षणीभूता,इति,
श्रद्दधीमहीति,:श्रद्दधीमही,इति,
सर्वनामपदेऽपूर्वचैत्रत्वादेर्भानानुरोधेनावश्यानुगमनीयत्वादनायत्योपलक्षणे,:सर्वनामपदे,अपूर्वचैत्रत्वादेः,भानानुरोधेनावश्यानुगमनीयत्वादनायत्योपलक्षणे,
संकेतविषयतोपेयते,:संकेतविषयता,उपेयते,
नापूर्वभानमिति,:न,अपूर्वभानम्,इति,
लाघवमिति,:लाघवम्,इति,
शक्तिभेदरूपतद्विषयतानानात्वस्यैव,:शक्तिभेदरूपतद्विषयतानानात्वस्य,एव,
प्रामाणिकत्वादिति,:प्रामाणिकत्वात्,इति,
एतदभिप्रेत्योपलक्षणीभूतकिंचिद्धर्मप्रकारेणाभासमानस्यैवेति,:एतदभिप्रेत्य,उपलक्षणीभूतकिञ्चित्,धर्मप्रकारेण,आभासमानस्य,एव,इति,
लोमादीनामननुगता,:लोमादीनाम्,अननुगता,
किञ्चिद्धर्मावच्छिन्ना,:किञ्चित्,धर्मावच्छिन्ना,
त्विह,:तु,इह,
तथेति,:तथा,इति,
प्रथमतोऽनुगतेति,:प्रथमतः,अनुगता,इति,
चोक्तम्,:च,उक्तम्,
यद्यपीति,:यद्यपि,इति,
तदवच्छिन्नत्वमपीति,:तदवच्छिन्नत्वम्,अपि,इति,
तदवच्छेदकमपीत्यर्थः,:तदवच्छेदकम्,अपि,इत्यर्थः,
बोधविषयतयेति,:बोधविषयतया,इति,
चिदपि,:चित्,अपि,
भानासम्भवान्नियमपदम्,:भानासम्भवात्,नियमपदम्,
अयमेव,:अयम्,एव,
दृष्टान्ताद्विशेषः,:दृष्टान्तात्,विशेषः,
बोधस्यापीत्यपिकारेण,:बोधस्य,अपि,इत्यपिकारेण,
नियमतस्तद्विषयत्वे,:नियमतः,तद्विषयत्वे,
स्यान्न,:स्यात्,न,
एतेनाकाशपदजन्यबोधे,:एतेन,आकाशपदजन्यबोधे,
तदादिपदजन्यबोधेऽपि,:तदादिपदजन्यबोधे,अपि,
सयुक्तिकमाह,:सयुक्तिकम्,आह,
घटादिति,:घटात्,इति,
यत्तु,:यत्,तु,
तदादेर्नानाऽर्थत्ववारणाय,:तदादेः,नानाऽर्थत्ववारणाय,
स्वरूपतस्तद्बोधः,:स्वरूपतः,तद्बोधः,
फलभेदानुपपत्तिरिति,:फलभेदानुपपत्तिः,इति,
भवत्विति,:भवतु,इति,
सम्बन्धभेदसहस्रैरपि,:सम्बन्धभेदसहस्रैः,अपि,
वक्तुमशक्यत्वाद्,:वक्तुम्,अशक्यत्वाद्,
तवाप्यप्रतीकाराद्,:तव,अप,अप्रतीकाराद्,
शक्तिभेदस्यावयोरिष्टापत्तिग्रस्तत्वाच्च,:शक्तिभेदस्य,आवयोः,इष्टापत्तिग्रस्तत्वात्,च,
बुद्धिस्थप्रकारवांस्तत्पदशक्य,:बुद्धिस्थप्रकारवान्,तत्पदशक्य,
बुद्धिस्थप्रकारत्वेनैवोपस्थितिप्रसङ्गः,:बुद्धिस्थप्रकारत्वेन,एव,उपस्थितिप्रसङ्गः,
तादृशोपस्थितिभाननस्यैव,:तादृशोपस्थितिभाननस्य,एव,
तेनोचितत्वात्,:तेन,उचितत्वात्,
घटस्तदादिपदवानित्याकारक,:घटः,तदादिपदवानित्याकारक,
एवेत्यर्थः,:एव,इत्यर्थः,
पदसंबन्धः,:पदसम्,बन्धः,
चैत्रत्यादिविशिष्टवाचकत्वसंदेहस्य,:चैत्रत्यादिविशिष्टवाचकत्वसम्,देहस्य,
पक्षधर्मताबलादनुमित्यात्मकनिश्चयेनावगाहनसंभवान्न,:पक्षधर्मताबलादनुमित्यात्मकनिश्चयेनावगाहनसम्,भवान्न,
ग्रन्थकारसंमततया,:ग्रन्थकारसम्,मततया,
वाचकत्वसंदेहस्याविरोधित्वमालोच्यान्यैरयमुत्तेलितः,:वाचकत्वसम्,देहस्याविरोधित्वमालोच्यान्यैरयमुत्तेलितः,
संशयोच्छेद,:सम्,शयोच्छेद,
विशेषणतयाऽभावप्रतियोगिताऽवच्छेदककोटिप्रवेशसंभवेन,:विशेषणतयाऽभावप्रतियोगिताऽवच्छेदककोटिप्रवेशसम्,भवेन,
तद्घटिततथाविधवाच्यत्वाभावसंदेह,:तद्घटिततथाविधवाच्यत्वाभावसम्,देह,
जातित्वांशे,:जातित्वाम्,शे,
शक्तिघटितलक्षणासंभवाद्,:शक्तिघटितलक्षणासम्,भवाद्,
शक्तिग्रहासंभवः,:शक्तिग्रहासम्,भवः,
संबन्धमध्ये,:सम्,बन्धमध्ये,
ससंबन्धिकस्योच्चारणस्यान्यसंबन्धित्वाभावान्न,:ससम्,बन्धिकस्योच्चारणस्यान्यसम्,बन्धित्वाभावान्न,
हेतुत्वमिति,:हेतुत्वम्,इति,
संकेतग्रहोऽभिमत,:संकेतग्रहः,अभिमत,
स्वोच्चारणानुकूलत्वनिवेशफलमाह,:स्वोच्चारणानुकूलत्वनिवेशफलम्,आह,
कालान्तरीणेति,:कालान्तरीणा,इति,
तद्विषयतेति,:तद्विषयता,इति,
दण्डत्वावच्छिन्नविषयताकत्वसत्त्वेपि,:दण्डत्वावच्छिन्नविषयताकत्वसत्त्वे,अपि,
स्वोच्चारणानुकूलत्वाभावादिति,:स्वोच्चारणानुकूलत्वाभावात्,इति,
कालान्तरीणेति,:कालान्तरीणा,इति,
घटोऽस्ति,:घटः,अस्ति,
तमानयेत्यादाववच्छिन्नत्वविषयत्वविशेषणत्वेन,:तम्,आनय,इत्यादौ,अवच्छिन्नत्वविषयत्वविशेषणत्वेन,
तादृशविषयत्वमवच्छिन्नत्वस्यैव,:तादृशविषयत्वम्,अवच्छिन्नत्वस्य,एव,
भ्रमत्वमित्याकाङ्क्षायामाह,:भ्रमत्वम्,इत्याकाङ्क्षायाम्,आह,
तदवच्छिन्नस्यैतत्तदादिपदवाच्यत्वादुक्तम्,:तदवच्छिन्नस्य,एतत्तदादिपदवाच्यत्वात्,उक्तम्,
अन्येति,:अन्या,इति,
ईदृश्येवेति,:ईदृशी,एव,इति,
स्वोच्चारयितृताऽवच्छेदकधर्मावच्छिन्नविषयताकत्वस्वजन्यत्वोभयसंबन्धेनास्मत्पदप्रकारकः,:स्वोच्चारयितृताऽवच्छेदकधर्मावच्छिन्नविषयताकत्वस्वजन्यत्वोभयसंबन्धेन,अस्मत्पदप्रकारकः,
सामान्यप्रत्यासत्त्येति,:सामान्यप्रत्यासत्त्या,इति,
सामान्यप्रत्यासत्त्यनुपगमेऽपि,:सामान्यप्रत्यासत्त्यनुपगमे,अपि,
मयेत्याद्यानुपूर्वीविशिष्टपदवान्,:मया,इत्याद्यानुपूर्वीविशिष्टपदवान्,
तदेतदन्यतरकालत्वादित्यनुमितौ,:तत्,एतत्,अन्यतरकालत्वादित्यनुमितौ,
ततोऽत्रैव,:ततः,अत्र,एव,
तद्व्यक्तित्वादिनेति,:तद्व्यक्तित्वादिना,इति,
देव्युच्चरितत्वाभावनिश्चयेऽपीत्यर्थः,:देव्युच्चरितत्वाभावनिश्चये,अपि,इत्यर्थः,
एवमग्रेऽपि,:एवम्,अग्रे,अपि,
देवीप्रत्ययमुपपाद्य,:देवीप्रत्ययम्,उपपाद्य,
एवमिति,:एवम्,इति,
अस्मदिति,:अस्मत्,इति,
शक्तिरित्यर्थः,:शक्तिः,इत्यर्थः,
धर्मश्चैत्रत्वादिः,:धर्मः,चैत्रत्वादिः,
वक्त्रनुवादकवाक्ययोर्विभिन्नानुपूर्व्यस्थलसंग्रहार्थम्,:वक्त्रनुवादकवाक्ययोः,विभिन्नानुपूर्व्यस्थलसंग्रहार्थम्,
प्रकृतवाक्यघटकास्मच्छब्दतात्पर्यविषयः,:प्रकृतवाक्यघटकास्मत्,शब्दतात्पर्यविषयः,
प्रकृतमृष्याद्यनुवादकवाक्यमिति,:प्रकृतमृष्याद्यनुवादकवाक्यम्,इति,
देवीति,:देवी,इति,
तदस्मच्छब्दादेव,:तत्,अस्मत्,शब्दात्,एव,
स्वरूपात्मकस्वार्थपरत्वादिति,:स्वरूपात्मकस्वार्थपरत्वात्,इति,
यत्तु,:यत्,तु,
निवेश्यत्वादिति,:निवेश्यत्वात्,इति,
स्वशब्दस्यानुगतार्थत्वाभावस्य,:स्वशब्दस्य,अनुगतार्थत्वाभावस्य,
स्वार्थेतिस्वपदस्यानुवादकऋष्यादिवाक्यघटकास्मच्छब्दपरत्वाच्च,:स्वार्थेतिस्वपदस्य,अनुवादकऋष्यादिवाक्यघटकास्मच्छब्दपरत्वात्,च,
विनैव,:विना,एव,
संभवतीत्याह,:संभवति,इत्याह,
वस्तुतस्त्विति,:वस्तुतः,तु,इति,
इत्युवाचेति,:इति,उवाच,इति,
महिषासुरमित्युवाच्येति,:महिषासुरम्,इत्युवाच्य,इति,
वाक्याच्च,:वाक्यात्,च,
देवीति,:देवी,इति,
स्वमिति,:स्वम्,इति,
निरुपयतीत्यादौ,:निरुपयति,इत्यादौ,
निरूपयतीत्यादौ,:निरूपयति,इत्यादौ,
चैत्रादेरपि,:चैत्रादेः,अपि,
जानामीत्याद्युच्चारणस्य,:जानामि,इत्याद्युच्चारणस्य,
स्वघटितेति,:स्वघटिता,इति,
स्वपदमनुवादकोच्चारितास्मच्छब्दपरम्,:स्वपदम्,अनुवादकोच्चारितास्मत्,शब्दपरम्,
नास्मच्छब्दसामान्यमर्थः,:न,अस्मच्छब्दसामान्यम्,अर्थः,
जानामीत्याद्यस्मच्छब्दोच्चारणस्य,:जानामि,इत्याद्यस्मच्छब्दोच्चारणस्य,
पूर्वकल्पेऽस्वरसमाह,:पूर्वकल्पे,अस्वरसम्,आह,
एतेनेति,:एतेन,इति,
जानातीत्यादौ,:जानाति,इत्यादौ,
अस्मदिति,:अस्मत्,इति,
उच्चारयितर्येवास्मच्छब्दशक्तेरिति,:उच्चारयितर्येव,अस्मत्,शब्दशक्तेः,इति,
नेति,:न,इति,
शक्तिरिति,:शक्तिः,इति,
नेत्यर्थः,:न,इत्यर्थः,
स्वघटितेति,:स्वघटिता,इति,
स्वमस्मत्पदम्,:स्वम्,अस्मत्पदम्,
तादृशार्थकर्मकत्वेनेति,:तादृशार्थकर्मकत्वेन,इति,
प्रतीतोपस्थापकत्वादिति,:प्रतीतोपस्थापकत्वात्,इति,
क्वचित्तथैव,:क्वचित्,तथैव,
तद्बुद्ध्याऽस्मत्पदाप्रयोगादित्यालोच्याह,:तद्बुद्ध्या,अस्मत्पदाप्रयोगादित्यालोच्य,आह,
कर्मत्वाद्विषयपदम्,:कर्मत्वात्,विषयपदम्,
गच्छतीत्यादौ,:गच्छति,इत्यादौ,
हेतुत्वेऽपि,:हेतुत्वे,अपि,
शक्तिरूह्या,:शक्तिः,ऊह्या,
कर्तृतयेति,:कर्तृतया,इति,
देवीति,:देवी,इति,
चेति,:च,इति,
अतोऽपि,:अतः,अपि,
भवत्विति,:भवतु,इति,
कालान्तरीणादिबुद्धिमादाय,:कालान्तरीणादिबुद्धिम्,आदाय,
बुद्धिप्रकारत्वस्याव्यावर्तकत्वात्,:बुद्धिप्रकारत्वस्य,अव्यावर्तकत्वात्,
प्रतिपत्तिप्रवेशेनान्योन्याश्रयाभावाच्चेति,:प्रतिपत्तिप्रवेशेन,अन्योन्याश्रयाभावात्,च,इति,
"तस्यानुवादकपुरुषीयवाक्यार्थकर्मकोक्तिक्रियाघटितमहावाक्यार्थघटकयुष्मदर्थघटितावान्तरवाक्यार्थ,:"तस्य,अनुवादकपुरुषीयवाक्यार्थकर्मकोक्तिक्रियाघटितमहावाक्यार्थघटकयुष्मदर्थघटितावान्तरवाक्यार्थ,
प्रतीत्याश्रयत्वेनाभिप्रायविषयत्वेऽपि,:प्रतीत्याश्रयत्वेन,अभिप्रायविषयत्वे,अपि,
तादृशाभिप्रायेऽपि,:तादृशाभिप्राये,अपि,
तादृशावान्तरवाक्यार्थस्योक्तिक्रियाकर्मत्वेनैव,:तादृशावान्तरवाक्यार्थस्य,उक्तिक्रियाकर्मत्वेन,एव,
भानात्+इति,:भानात्,इति,
क्वचित्पाठः,:क्वचित्,पाठः,
वाक्यान्तरस्थक्रियाकर्मत्वानवगाहिनीति,:वाक्यान्तरस्थक्रियाकर्मत्वानवगाहिनी,इति,
प्रागुक्तविशेषणेनैव,:प्राक्,उक्तविशेषणेन,एव,
वारणादिदम्,:वारणात्,इदम्,
स्वघटितेति,:स्वघटिता,इति,
नन्वत्राप्यन्योन्याश्रयः-इति,:ननु,अत्र,अपि,अन्योन्याश्रयः-इति,
पदघटितवाक्यान्तरस्थक्रियाप्रतिपत्तावेव,:पदघटितवाक्यान्तरस्थक्रियाप्रतिपत्तौ,एव,
पदादुपस्थित्या,:पदात्,उपस्थित्या,
तादृशबुद्धेर्न,:तादृशबुद्धेः,न,
आह-अत्रापीति,:आह-अत्र,अपि,इति,
स्वघटितवाक्यार्थानवगाहिस्वजन्यप्रतीत्याश्रयत्वेनेच्छाविषयत्वेन,:स्वघटितवाक्यार्थानवगाहिस्वजन्यप्रतीत्याश्रयत्वेन,इच्छाविषयत्वेन,
अव्यावर्तकत्ववादिति,:अव्यावर्तकत्ववात्,इति,
कालान्तरीणेच्छावारणाय,:कालान्तरीणा,इच्छावारणाय,
प्रतियोगिकोटिनिविष्टप्रतिपत्त्याऽन्योन्याश्रयाभावादिति,:प्रतियोगिकोटिनिविष्टप्रतिपत्त्या,अन्योन्याश्रयाभावात्,इति,
चास्मदः,:च,अस्मदः,
व्यवस्थापयितुं;,:व्यवस्थापयितुम्,;,
त्याजयिष्यन्नाह-अथेति,:त्याजयिष्यन्,आह-अथेति,
नन्वेवमपि,:ननु,एवम्,अपि,
कल्पयितुमशक्यत्वेऽपि,:कल्पयितुम्,अशक्यत्वे,अपि,
जानातीत्यादौ,:जानाति,इत्यादौ,
भ्रमसम्भवादस्मच्छब्दाद्वक्तृबोधापत्तिरित्याशङ्‌कामुद्धर्तुमिति,:भ्रमसम्भवात्,अस्मच्छब्दाद्वक्तृबोधापत्तिः,इत्याशङ्‌काम्,उद्धर्तुम्,इति,
वाक्यार्थनावमेव,:वाक्यार्थनावम्,एव,
कुतोऽनुवादकतत्सम्बोध्यमानप्रसङ्गः,:कुतः,अनुवादकतत्सम्बोध्यमानप्रसङ्गः,
प्रथमतस्तस्य,:प्रथमतः,तस्य,
त्विति,:तु,इति,
बाधितेति,:बाधिता,इति,
आहर्यस्यासार्वत्रिकत्वादाह-विनाऽपीति,:आहर्यस्य,असार्वत्रिकत्वात्,आह-विनाऽपि,इति,
विशेष्यमहमादि,:विशेष्यम्,अहमादि,
जानातीत्यादौ,:जानाति,इत्यादौ,
उवाचेत्यादौ,:उवाच,इत्यादौ,
त्वाह,:तु,आह,
धात्वर्थतावच्छेदकस्यापि,:धात्वर्थतावच्छेदकस्य,अपि,
धात्वर्थत्वादिति,:धात्वर्थत्वात्,इति,
इतिपदेनेति,:इतिपदेन,इति,
यद्वाक्यमुच्चार्यते,:यत्,वाक्यम्,उच्चार्यते,
उच्चारयितृत्वञ्च,:उच्चारयितृत्वम्,च,
अवच्छेदकत्वाश्रयत्वरूपसम्बन्धभेदादिति,:अवच्छेदकत्वाश्रयत्वरूपसम्बन्धभेदात्,इति,
शक्तिभेदमाह,:शक्तिभेदम्,आह,
बुद्धिप्रकारत्वेनेव,:बुद्धिप्रकारत्वेन,इव,
क्वचित्तात्पर्यप्रकारत्वेन,:क्वचित्,तात्पर्यप्रकारत्वेन,
पच्यतेऽथ,:पच्यते,अथ,
यत्तु,:यत्,तु,
अथशब्दस्यानन्तरे,:अथशब्दस्य,अनन्तरे,
तच्च,:तत्,च,
क्रियायामभेदान्वयः,:क्रियायाम्,अभेदान्वयः,
चावधितया,:च,अवधितया,
यदप्यनन्तरक्षणवृत्तित्वम्,:यत्,अपि,अनन्तरक्षणवृत्तित्वम्,
क्रियायामभेदेनैवान्वयात्तस्याश्रयत्वसम्बन्धेनान्वयः;,:क्रियायाम्,अभेदेन,एव,अन्वयात्,तस्य,आश्रयत्वसम्बन्धेन,अन्वयः;,
समानकालीनत्वमर्थः,:समानकालीनत्वम्,अर्थः,
तदुभयमप्यसत्,:तदुभयम्,अपि,असत्,
एवमपि,:एवम्,अपि,
उपमाननिरूपणोपस्थापकाभावात्तदानन्तर्य्यालाभापत्तेः,:उपमाननिरूपणोपस्थापकाभावात्,तदानन्तर्य्यालाभापत्तेः,
चाव्ययातिरिक्तत्वमपि,:च,अव्ययातिरिक्तत्वम्,अपि,
आविर्भवतीत्यादौ,:आविर्भवति,इत्यादौ,
प्रकटताऽऽश्रयादेरेवाविराद्यर्थतोपगमात्,:प्रकटताऽऽश्रयादेः,एव,अविराद्यर्थतोपगमात्,
अथोपमाननिरूपणाद्यात्मकावध्युपरक्तानन्तर्यस्याथशब्दवाच्यत्वे,:अथ,उपमाननिरूपणाद्यात्मकावध्युपरक्तानन्तर्यस्य,अथशब्दवाच्यत्वे,
आख्यातार्थविशेषणतयोपस्थितस्य,:आख्यातार्थविशेषणतया,उपस्थितस्य,
निरूपणदेरवधेरथशब्दार्थानन्तर्ये,:निरूपणदेः,अवधेः,अथशब्दार्थानन्तर्ये,
विशेषणत्वेनाऽन्वयासम्भवाद्,:विशेषणत्वेन,अन्वयासम्भवाद्,
विशेषणतयोपस्थितस्यान्यत्र,:विशेषणतया,उपस्थितस्य,अन्यत्र,
निरूपणकर्मत्वादिनोपमानादेर्बोधेऽप्युपमानकर्मत्वादि,:निरूपणकर्मत्वादिनोपमानादेर्बोधे,अपि,उपमानकर्मत्वादि,
भानासम्भवाच्चेति,:भानासम्भवात्,च,इति,
न-अवधिभूतोपमाननिरूपणाद्यन्तर्भावेणैवाथशक्तिस्वीकारेण,:न-अवधिभूतोपमाननिरूपणाद्यन्तर्भावेण,एव,अथशक्तिस्वीकारेण,
धातुतात्पर्यविषयताऽवच्छेदकत्वेनोपलक्षणीभूतानुगमकधर्मेण,:धातुतात्पर्यविषयताऽवच्छेदकत्वेन,उपलक्षणीभूतानुगमकधर्मेण,
तत्तत्क्रियावृत्तिविशेषणामनुगमाच्छक्त्यैक्यसम्भवाद्,:तत्तत्क्रियावृत्तिविशेषाणाम्,अनुगमात्,शक्त्यैक्यसम्भवाद्,
अथैवमपि,:अथ,एवम्,अपि,
पूर्वत्वस्याव्यावर्तकतया,:पूर्वत्वस्य,अव्यावर्तकतया,
स्वपूर्वत्वमेवोक्तानुगमकधर्म,:स्वपूर्वत्वम्,एव,उक्तानुगमकधर्म,
निवेश्यमिति,:निवेश्यम्,इति,
शक्त्यैक्यम्,:शक्त्या,ऐक्यम्,
मैवं-,:मा,एवम्,-,
स्वपूर्ववाक्यस्थधातुतात्पर्यविषयताऽवच्छेदकावच्छिन्नानन्तर्यविषयकत्वस्वजन्यत्वोभयसम्बन्धेनाथपदप्रकारकबोधविशेष्यकसङ्‌केतस्यैक्यात्,:स्वपूर्ववाक्यस्थधातुतात्पर्यविषयताऽवच्छेदकावच्छिन्नानन्तर्यविषयकत्वस्वजन्यत्वोभयसम्बन्धेन,अथपदप्रकारकबोधविशेष्यकसङ्‌केतस्य,ऐक्यात्,
बुद्धिविषयताऽवच्छेदकत्वस्याव्यावर्तकतया,:बुद्धिविषयताऽवच्छेदकत्वस्य,अव्यावर्तकतया,
स्वप्रयोगानुकूलबुद्धित्वेनैव,:स्वप्रयोगानुकूलबुद्धित्वेन,एव,
तदादिपदवद्बोधविशेष्यकत्वमुपगम्यैव,:तदादिपदवत्,बोधविशेष्यकत्वम्,उपगम्य,एव,
तत्तत्क्रियाबोधात्तादृशरूपस्य,:तत्तत्क्रियाबोधात्,तादृशरूपस्य,
वच्छेदवन्ह्यस्तित्वादेर्धूमोऽस्तीत्यादिवाक्यतात्पर्यविषयताऽवच्छेदकत्वाद्,:वच्छेदवतक्,हि,अस्तित्वादेः,धूमः,अस्ति,इत्यादिवाक्यतात्पर्यविषयताऽवच्छेदकत्वाद्,
तयोर्हेतुहेतुमद्भावस्य,:तयोः,हेतुहेतुमद्भावस्य,
शाम्यतीत्यादितः,:शाम्यति,इत्यादितः,
पौर्वापर्यवन्मिथोहेतुहेतुमद्भावस्यापि,:पौर्वापर्यवन्मिथोहेतुहेतुमद्भावस्य,अपि,
निष्ठाक्त्वाऽऽदेरभावात्,:निष्ठाक्त्वाऽऽदेः,अभावात्,
वर्तमानकालापेक्षयाऽतीतत्वस्य,:वर्तमानकालापेक्षया,अतीतत्वस्य,
वर्तमानकालवृत्तित्वस्यैव,:वर्तमानकालवृत्तित्वस्य,एव,
कृतिस्तज्जन्योत्तरमिति,:कृतिः,तज्जन्योत्तरम्,इति,
हेतुहेतुमद्भावस्यापि,:हेतुहेतुमद्भावस्य,अपि,
साध्यतयोपस्थितिरिति,:साध्यतया,उपस्थितिः,इति,
तन्न-अनन्तर्यवाचकाथशब्देनैवोपमानशब्दनिरूपणयोः,:तत्,न-अनन्तर्यवाचकाथशब्देन,एव,उपमानशब्दनिरूपणयोः,
तयोर्हेतुहेतुमद्भावलाभसम्भवेन,:तयोः,हेतुहेतुमद्भावलाभसम्भवेन,
वर्तमानकालोत्तरकालीनत्वबोधस्यानर्थकतया,:वर्तमानकालोत्तरकालीनत्वबोधस्य,अनर्थकतया,
भुक्तवानित्यादौ,:भुक्तवान्,इत्यादौ,
पाकभोजनाद्योर्हेतुहेतुमद्भावबोधाद्वर्तमानकालघटितसाध्यताबोधस्यासार्वत्रिकतया,:पाकभोजनाद्योः,हेतुहेतुमद्भावबोधात्,वर्तमानकालघटितसाध्यताबोधस्य,असार्वत्रिकतया,
असम्भवाच्च,:असम्भवात्,च,
स्वध्वंसोत्पत्तिकत्वरूपानन्तर्येऽवधित्वप्रतियोगित्वमुपमाननिरूपणस्य,:स्वध्वंसोत्पत्तिकत्वरूपानन्तर्ये,अवधित्वप्रतियोगित्वम्,उपमाननिरूपणस्य,
लब्धं;,:लब्धम्,;,
सिद्धत्वलाभादेव,:सिद्धत्वलाभात्,एव,
निर्वाह्यतामिति,:निर्वाह्यताम्,इति,
परस्परनिरूपितसिद्धसाध्यभावबोधकसमभिव्याहारादेव,:परस्परनिरूपितसिद्धसाध्यभावबोधकसमभिव्याहारात्,एव,
सिद्धसाध्ययोर्हेतुमद्भावलाभस्याभिप्रेतत्वे,:सिद्धसाध्ययोः,हेतुमद्भावलाभस्य,अभिप्रेतत्वे,
उपमाननिरूपणस्यानन्तर्यावधित्वलाभेनेव,:उपमाननिरूपणस्य,अनन्तर्यावधित्वलाभेन,इव,
वर्तमानकृतिजन्यनिरूपणनिष्ठानन्तर्यावधित्वेनोपमाननिरूपणे,:वर्तमानकृतिजन्यनिरूपणनिष्ठानन्तर्यावधित्वेन,उपमाननिरूपणे,
वर्तमानस्यानागतस्यापि,:वर्तमानस्य,न,आगतस्य,अपि,
मैवं-लडुपस्थाप्यवर्तमानकृतावेवाथशब्दार्थस्यानन्तर्यस्यान्वयः,:मा,एवम्,-लट्,उपस्थाप्यवर्तमानकृतौ,एव,अथशब्दार्थस्य,अनन्तर्यस्य,अन्वयः,
वर्तमानकृतिनिष्ठानन्तर्यावधित्वस्योपमाननिरूपणलाभात्,:वर्तमानकृतिनिष्ठानन्तर्यावधित्वस्य,उपमाननिरूपणलाभात्,
तादृशसिद्धत्वव्याप्यत्वादिति,:तादृशसिद्धत्वव्याप्यत्वात्,इति,
सिद्धसाध्यभावबोधकसमभिव्याहारादेव,:सिद्धसाध्यभावबोधकसमभिव्याहारात्,एव,
न-पक्ष्यत्यथ,:न-पक्ष्यति,अथ,
सिद्धसाध्यसमभिव्याहारेणाभिधानस्य,:सिद्धसाध्यसमभिव्याहारेण,अभिधानस्य,
औत्सर्गिकत्वात्तद्धेतुकत्वेन,:औत्सर्गिकत्वात्,तद्धेतुकत्वेन,
निर्दोषपुरुषाभिप्रायविषयत्वरूपतत्तत्परत्वलिङ्गकानुमानविषयोऽसाविति,:निर्दोषपुरुषाभिप्रायविषयत्वरूपतत्तत्परत्वलिङ्गकानुमानविषयः,असौ,इति,
तदवाचकाल्लक्षणयैव,:तदवाचकाल्लक्षणया,एव,
शब्दनिरूपणस्योपमाननिरूपणजन्यत्वबाधेऽपि,:शब्दनिरूपणस्य,उपमाननिरूपणजन्यत्वबाधे,अपि,
हीति,:हि,इति,
न्यायाच्छाब्दप्रमाकरणस्य,:न्यायात्,शाब्दप्रमाकरणस्य,
निरूप्योपमानजन्यत्वान्वयपर्यवसानमिति,:निरूप्योपमानजन्यत्वान्वयपर्यवसानम्,इति,
तत्रेदृश्येव,:तत्र,ईदृशी,एव,
कृतिरेव,:कृतिः,एव,
सूत्रेणोपायोपेयभावाप्नार्थयोर्धात्वोरुपायार्थकधातुप्रयोगे,:सूत्रेण,उपाय,उपेयभावाप्नार्थयोर्धात्वोरुपायार्थकधातुप्रयोगे,
बोधनासंभवात्,:बोधनासम्,भवात्,
नमेदित्यादौ,:नमेत्,इत्यादौ,
कुर्योदिति,:कुर्यात्,इति,
सुकुशलमतिभिरन्यत्रापि,:सुकुशलमतिभिः,अन्यत्र,अपि,
यत्रेति,:यत्र,इति,
वेति,:वा,इति,
वेति,:वा,इति,
क्लीबत्वमित्यनुशासनात्,:क्लीबत्वम्,इत्यनुशासनात्,
यत्तु,:यत्,तु,
पचतीत्यादावेव,:पचति,इत्यादौ,एव,
गच्छतीत्यादौ,:गच्छति,इत्यादौ,
त्वाश्रयतासम्बन्धेन,:तु,आश्रयतासम्बन्धेन,
इत्याशयेनेदमिति,:इत्याशयेन,इदम्,इति,
तन्न,:तत्,न,
आश्रयतारूपाख्यातार्थमानेऽपि,:आश्रयतारूपाख्यातार्थमाने,अपि,
इत्यर्थोपगमेनासंगत्यभावात्,:इति,अर्थोपगमेनासंगत्यभावात्,
भेदस्तत्प्रतियोगित्वमनेकत्वमित्युक्तौ,:भेदः,तत्प्रतियोगित्वम्,अनेकत्वम्,इत्युक्तौ,
त्वाह-अस्तु,:तु,आह-अस्तु,
वेति,:वा,इति,
प्रतियोगिताविशेषणमिति,:प्रतियोगिताविशेषणम्,इति,
अनुभवविरूद्धतयेति,:अनुभवविरूद्धतया,इति,
वह्निमानिति,:वह्निमान्,इति,
विशिष्टबुद्धिरूपतयेष्टापत्तेः,:विशिष्टबुद्धिरूपतया,इष्टापत्तेः,
प्रपञ्चितमिहादरणीयम्,:प्रपञ्चितम्,इह,आदरणीयम्,
सप्तच्छदपुष्पोत्पत्तित्वरूपान्वयिताऽवच्छेदकस्यानुपस्थितावपि,:सप्तच्छदपुष्पोत्पत्तित्वरूपान्वयिताऽवच्छेदकस्य,अनुपस्थितौ,अपि,
अप्रामाणिकत्वादिति,:अप्रामाणिकत्वात्,इति,
मतान्तरमालम्ब्यते,:मतान्तरम्,आलम्ब्यते,
तदाऽप्याह-एवमिति,:तदाऽपि,आह-एवम्,इति,
आह-संसर्गतेति,:आह-संसर्गता,इति,
वृत्त्यनियामकसम्बन्धस्याभावप्रतियोगिताऽनवच्छेदकत्वे,:वृत्त्यनियामकसम्बन्धस्य,अभावप्रतियोगिताऽनवच्छेदकत्वे,
नातिप्रसङ्गः,:न,अतिप्रसङ्गः,
रूपमिति,:रूपम्,इति,
स्वयमेवाह-,:स्वयम्,एव,आह-,
रूपनिष्ठेति,:रूपनिष्ठा,इति,
मानाभावादिति,:मानाभावात्,इति,
मासमधीत,:मासम्,अधीत,
त्वन्यत्रेति,:तु,अन्यत्र,इति,
पारतन्त्र्येणेति,:पारतन्त्र्येण,इति,
घटत्वत्वादिनोपस्थितिविरहेऽपि,:घटत्वत्वादिना,उपस्थितिविरहे,अपि,
रूपाणीत्यादौ,:रूपाणि,इत्यादौ,
तत्रानेकत्वमात्राभानोपगमेऽप्याह,:तत्र,अनेकत्वमात्राभानोपगमे,अपि,आह,
एवमिति,:एवम्,इति,
एवेति,:एव,इति,
गुरुधर्मावच्छिन्नाभावोपगमेऽपीत्यादिः,:गुरुधर्मावच्छिन्नाभावोपगमे,अपि,इत्यादिः,
तयोऽरपि,:तयोः,अपि,
घटत्वरूपाद्योरपि,:घटत्वरूपाद्योः,अपि,
अर्थादिति,:अर्थात्,इति,
विधेयव्याप्यत्वनिवेशफलमाह-द्रव्यत्वादिति,:विधेयव्याप्यत्वनिवेशफलम्,आह-द्रव्यत्वात्,इति,
रूपव्याप्यपर्याप्तिसौरभव्याप्यपर्याप्त्युभयवद्भेदमादाय,:रूपव्याप्यपर्याप्तिसौरभव्याप्यपर्याप्त्युभयवत्,भेदम्,आदाय,
रूपपर्याप्तेर्घटनिष्ठोभयाभावादिप्रतियोगित्वसत्त्वादुक्तमनवच्छेदकधर्मेति,:रूपपर्याप्तेः,घटनिष्ठोभयाभावादिप्रतियोगित्वसत्त्वात्,उक्तम्,अनवच्छेदकधर्मेति,
चात्रान्वयिताऽवच्छेदकावच्छिन्नाभावगर्भव्यभिचाराप्रसिद्धिः,:च,अत्र,अन्वयिताऽवच्छेदकावच्छिन्नाभावगर्भव्यभिचाराप्रसिद्धिः,
अन्वयिप्रतियोगिकाभावगर्भतत्प्रसिद्धावपि,:अन्वयिप्रतियोगिकाभावगर्भतत्प्रसिद्धौ,अपि,
नापि,:न,अपि,
विधेयताऽवच्छेदकावच्छिन्नाभावसत्त्वमिति,:विधेयताऽवच्छेदकावच्छिन्नाभावसत्त्वम्,इति,
तदन्यधर्मावच्छिन्नस्याभावे,:तदन्यधर्मावच्छिन्नस्य,अभावे,
तत्तद्विधेयताऽवच्छेदकाभावनिवेशेऽपि,:तत्तद्विधेयताऽवच्छेदकाभावनिवेशे,अपि,
सामान्यनिरुक्तिग्रन्थप्रसिद्धोबोध्यः,:सामान्यनिरुक्तिग्रन्थप्रसिद्धः,बोध्यः,
वेत्यादौ,:वा,इत्यादौ,
चेति,:च,इति,
विशेषणतयेत्युपेक्ष्योपलक्षणतयेत्युक्तेः,:विशेषणतया,इत्युपेक्ष्योपलक्षणतया,इत्युक्तेः,
फलमाह,:फलम्,आह,
वेति,:वा,इति,
अव्यावर्तकमेवेति,:अव्यावर्तकम्,एव,इति,
रूपवन्तीत्यादिप्रयोगस्येत्यादिः,:रूपवन्ति,इत्यादिप्रयोगस्य,इत्यादिः,
स्वपदजन्यशाब्दबोधोत्तरमनुगमकरूपग्रहणे,:स्वपदजन्यशाब्दबोधोत्तरम्,अनुगमकरूपग्रहणे,
पूर्ववदिति,:पूर्ववत्,इति,
तद्विषयधर्मावच्छिन्नव्याप्यश्च,:तद्विषयधर्मावच्छिन्नव्याप्यः,च,
प्रवेशाश्च,:प्रवेशाः,च,
शक्त्यानन्त्यमित्यादि,:शक्त्या,अनन्त्यम्,इत्यादि,
सत्त्वावन्तीत्यादौ,:सत्त्वावन्ति,इत्यादौ,
जातिमद्द्रव्यत्वव्यापकत्वगर्भानुगमकनिर्वाहाय,:जातिमत्,द्रव्यत्वव्यापकत्वगर्भानुगमकनिर्वाहाय,
जातिस्तानि,:जातिः,तानि,
द्रव्याणीत्यादौ,:द्रव्याणि,इत्यादौ,
द्रव्याद्यन्यतमतयोपस्थिते,:द्रव्याद्यन्यतमतया,उपस्थिते,
तद्घटितजातिमत्त्वस्योद्देश्यताऽवच्छेदकत्वमक्षतमेव,:तद्घटितजातिमत्त्वस्य,उद्देश्यताऽवच्छेदकत्वमक्षतम्,एव,
केचित्तु,:केचित्,तु,
वाऽत्र,:वा,अत्र,
भवत्येवेत्याहुः,:भवति,एव,इत्याहुः,
अतिप्रसञ्जकमिति,:अतिप्रसञ्जकम्,इति,
घटमेव,:घटम्,एव,
वेत्तीतिप्रयोगापत्तिरित्यर्थः,:वेत्ति,इतिप्रयोगापत्तिः,इत्यर्थः,
व्युत्पत्त्यन्तरमिति,:व्युत्पत्त्यन्तरम्,इति,
वक्तृबुद्धिस्तद्विषयधर्मव्यापकः,:वक्तृबुद्धिः,तद्विषयधर्मव्यापकः,
सर्वपदवद्बोधे,:सर्वपदवत्,बोधे,
शक्त्यन्तरमित्यर्थः,:शक्त्यन्तरम्,इत्यर्थः,
वेत्तीत्यादौ,:वेत्ति,इत्यादौ,
तत्रैतदीयज्ञानविषयतात्वाद्यवच्छिन्ननिरूपकतासम्बन्धावच्छिन्नव्यापकतासम्बन्धेन,:तत्र,एतदीयज्ञानविषयतात्वाद्यवच्छिन्ननिरूपकतासम्बन्धावच्छिन्नव्यापकतासम्बन्धेन,
तात्पर्यग्राहकमित्याहुः,:तात्पर्यग्राहकम्,इत्याहुः,
चापरशक्तिः,:च,अपरशक्तिः,
एकशक्तिज्ञानस्यापरशक्तिज्ञानघटितसामग्र्याः,:एकशक्तिज्ञानस्य,अपरशक्तिज्ञानघटितसामग्र्याः,
रूपवदित्यादौ,:रूपवत्,इत्यादौ,
क्वचित्तदंशपरित्यागेन,:क्वचित्,तदंशपरित्यागेन,
सर्वमिति,:सर्वम्,इति,
त्वेकत्वम्;,:तु,एकत्वम्;,
सर्वपदप्रयोगवदत्रापीष्टापत्तेः,:सर्वपदप्रयोगवत्,अत्र,अपि,इष्टापत्तेः,
तत्पर्याप्तेर्गगने,:तत्पर्याप्तेः,गगने,
नन्वेवमप्यनेकत्वमात्रतात्पर्येण,:ननु,एवम्,अपि,अनेकत्वमात्रतात्पर्येण,
रूपवदिति,:रूपवत्,इति,
द्रव्यमित्यादौ,:द्रव्यम्,इत्यादौ,
विधेयस्यायोग्यत्वशङ्‌कावारणार्थम्,:विधेयस्य,आयोग्यत्वशङ्‌कावारणार्थम्,
वक्तृतात्पर्यविषयताऽवच्छेदकत्वोपलक्षितेत्यर्थः,:वक्तृतात्पर्यविषयताऽवच्छेदकत्वोपलक्षिता,इत्यर्थः,
नन्वेवमपि,:ननु,एवम्,अपि,
दधीत्यादिक्रमेण,:दधि,इत्यादिक्रमेण,
सर्वमित्यादौ,:सर्वम्,इत्यादौ,
शक्तिस्ततोदध्युपस्थितेश्च,:शक्तिः,ततोदध्युपस्थितेः,च,
मैवं-प्रकान्तक्रियाविरहार्थकहाधातुवशात्,:मा,एवम्,-प्रकान्तक्रियाविरहार्थकहाधातुवशात्,
सर्वमित्यादौ,:सर्वम्,इत्यादौ,
अत्रापि,:अत्र,अपि,
पुत्रत्वादिनैव,:पुत्रत्वादिना,एव,
पुत्रत्वाद्यवच्छिन्नकामनात्वेनाधिकारलाभात्,:पुत्रत्वाद्यवच्छिन्नकामनात्वेन,अधिकारलाभात्,
सकृदनुष्ठानेनापि,:सकृदनुष्ठानेन,अपि,
दर्शपूर्णमासाविति,:दर्शपूर्णमासौ,इति,
एवमन्यस्येति,:एवम्,अन्यस्य,इति,
साहित्यमिति,:साहित्यम्,इति,
तदुपलक्षितफलानुपस्थितेरपि,:तदुपलक्षितफलानुपस्थितेः,अपि,
पचतीति,:पचति,इति,
किंवान्,:किम्,वान्,
पचतीत्यादौ,:पचति,इत्यादौ,
धर्मस्तद्वान्,:धर्मः,तद्वान्,
पचतीति,:पचति,इति,
किंचिद्धर्मावच्छिन्नावच्छिन्नोद्देश्यतेत्यादिक्रमेण,:किञ्चित्,धर्मावच्छिन्नावच्छिन्नोद्देश्यता,इत्यादिक्रमेण,
चेत्यादि,:च,इत्यादि,
स्वार्थभेदान्वयिताऽवच्छेदकधर्मन्यूनवृत्तिधर्मस्तद्वान्,:स्वार्थभेदान्वयिताऽवच्छेदकधर्मन्यूनवृत्तिधर्मः,तद्वान्,
किंपदार्थः,:किम्,पदार्थः,
पचतीति,:पचति,इति,
भवत्विति,:भवतु,इति,
दशत्वादिस्तदवच्छिन्नोद्देश्यताऽवच्छेदकताकेत्यर्थः,:दशत्वादिः,तदवच्छिन्नोद्देश्यताऽवच्छेदकताकेत्यर्थः,
स्वार्थभेदान्वयिताऽवच्छेदकन्यूनवृत्तिधर्मस्तदवच्छिन्ने,:स्वार्थभेदान्वयिताऽवच्छेदकन्यूनवृत्तिधर्मः,तदवच्छिन्ने,
किंपदस्य,:किम्,पदस्य,
चेति,:च,इति,
अन्वयादिति,:अन्वयात्,इति,
तादृशसंख्यात्वावच्छिन्नकिंचिद्धर्मावच्छिन्नावच्छेदकताशालि,:तादृशसंख्यात्वावच्छिन्नकिञ्चित्,धर्मावच्छिन्नावच्छेदकताशालि,
भवत्विति,:भवतु,इति,
तत्रापि,:तत्र,अपि,
सन्तीत्यादिसमख्यात्वाविषयकोत्तरानुरोधात्,:सन्ति,इत्यादिसमख्यात्वाविषयकोत्तरानुरोधात्,
तादृशसंख्यानिष्ठकिंचिद्धर्मावच्छिन्नावच्छेदकताशालि,:तादृशसंख्यानिष्ठकिञ्चित्,धर्मावच्छिन्नावच्छेदकताशालि,
भवत्विति,:भवतु,इति,
दशेत्युत्तरमित्युक्तमित्याहुः,:दशेत्युत्तरम्,इत्युक्तम्,इत्याहुः,
नोत्तरम्,:न,उत्तरम्,
कस्येति,:कस्य,इति,
विशेषधर्मस्तद्वन्निरूपितसम्बन्धवत्पुत्रः,:विशेषधर्म,तद्वन्निरूपितसम्बन्धवत्पुत्रः,
भवत्येव,:भवति,एव,
समभिव्याहृतपदोपस्थाप्यताऽवच्छेदकीभूतोद्देश्यताऽवच्छेदकन्यूनवृत्तिरित्यर्थः,:समभिव्याहृतपदोपस्थाप्यताऽवच्छेदकीभूतोद्देश्यताऽवच्छेदकन्यूनवृत्तिः,इत्यर्थः,
इदंत्वावच्छिन्नोद्देश्यतानिरूपित,:इदम्,तु,अवच्छिन्नोद्देश्यतानिरूपित,
किंचिद्धर्मावच्छिन्नावच्छेदकताशालि,:किञ्चित्,धर्मावच्छिन्नावच्छेदकताशालि,
भवत्विति,:भवतु,इति,
द्रव्यमिति,:द्रव्यम्,इति,
विशेषधर्मस्तदवच्छिन्ने,:विशेषधर्मः,तदवच्छिन्ने,
किंपदशक्तिः,:किम्,पदशक्तिः,
इदंत्वावच्छिन्नोद्देश्यतानिरूपितद्रव्यत्वावच्छिन्नविधेयतानिरूपिताभेदसंसर्गावच्छिन्नावच्छेदकताऽवच्छेदकत्वेन,:इदम्,तु,अवच्छिन्नोद्देश्यतानिरूपितद्रव्यत्वावच्छिन्नविधेयतानिरूपिताभेदसंसर्गावच्छिन्नावच्छेदकताऽवच्छेदकत्वेन,
विशेषधर्मस्तद्वदभिन्नद्रव्याभिन्नमिदमिति,:विशेषधर्मः,तद्वदभिन्नद्रव्याभिन्नम्,इदम्,इति,
भवत्विति,:भवतु,इति,
किंधनमिति,:किम्,धनम्,इति,
केचित्तु,:केचित्,तु,
धनमिति,:धनम्,इति,
किंपदार्थः,:किम्,पदार्थः,
इदंत्वावच्छिन्नविशेष्यतानिरूपितधनत्वावच्छिन्नविधेयतानिरूपितभेदसम्बन्धावच्छिन्नावच्छेदकताऽवच्छेदकतायाः,:इदम्,तु,अवच्छिन्नविशेष्यतानिरूपितधनत्वावच्छिन्नविधेयतानिरूपितभेदसम्बन्धावच्छिन्नावच्छेदकताऽवच्छेदकतायाः,
सम्बन्धत्वनिष्ठायानिरूपितत्वसम्बन्धेनावच्छेदकतायामवच्छेदकतया,:सम्बन्धत्वनिष्ठायानिरूपितत्वसम्बन्धेन,अवच्छेदकतायाम्,अवच्छेदकतया,
धनमिति,:धनम्,इति,
तूह्यमिति,:तु,ऊह्यम्,इति,
पूर्वोदाहरणाद्विशेषमाहुः;,:पूर्वोदाहरणात्,विशेषम्,आहुः;,
विशेषधर्मस्तद्वति,:विशेषधर्मः,तद्वति,
भवत्पुत्रत्वावच्छिन्नोद्देश्यतानिरूपितविधेयतानिरूपितसंख्यात्वावच्छिन्नकिंचिद्धर्मावच्छिन्नावच्छेदकताऽवच्छेदकत्वेन,:भवत्पुत्रत्वावच्छिन्नोद्देश्यतानिरूपितविधेयतानिरूपितसंख्यात्वावच्छिन्नकिञ्चित्,धर्मावच्छिन्नावच्छेदकताऽवच्छेदकत्वेन,
विशेषधर्मस्तद्वदभिन्नसंख्यावदभिन्ना,:विशेषधर्मः,तद्वत्,अभिन्नसंख्यावदभिन्ना,
किंपदशक्तिः,:किम्,पदशक्तिः,
पुत्रत्वावच्छिन्नानुयोगिताकाश्रयत्वसम्बन्धप्रतियोगिताकजन्यत्वानुयोगिकनिरूपितत्वसंबन्धप्रतियोगित्वस्य,:पुत्रत्वावच्छिन्नानुयोगिताकाश्रयत्वसम्बन्धप्रतियोगिताकजन्यत्वानुयोगिकनिरूपितत्वसम्,बन्धप्रतियोगित्वस्य,
तादृशनिरूपितत्वसंसर्गावच्छिन्नकिंचिद्धर्मावच्छिन्नावच्छेदकताशालि,:तादृशनिरूपितत्वसंसर्गावच्छिन्नकिञ्चित्,धर्मावच्छिन्नावच्छेदकताशालि,
भवत्विति,:भवतु,इति,
किमिन्दुरिति,:किम्,इन्दुः,इति,
किमिन्दुः,:किम्,इन्दुः,
पद्ममिति,:पद्मम्,इति,
वाक्यलंकारे,:वाक्यलम्,कारे,
किमित्यादावुपात्तसाधर्म्यप्रतीतिः,:किम्,इत्यादौ,उपात्तसाधर्म्यप्रतीतिः,
शाब्देऽपि,:शाब्दे,अपि,
तच्छब्दजेति,:तच्छब्दजा,इति,
प्रक्रम्यमाणपरामर्शकयच्छब्देनार्थप्रत्यायन,:प्रक्रम्यमाणपरामर्शकयच्छब्देन,अर्थप्रत्यायन,
तच्छब्दापेक्षणादेव,:तच्छब्दापेक्षणात्,एव,
पुनरिति-,:पुनः,इति-,
तत्पदासत्त्वेऽपीति,:तत्पदासत्त्वे,अपि,इति,
अभेदेनेति,:अभेदेन,इति,
मिलनमिति,:मिलनम्,इति,
यमिति,:यम्,इति,
महोषधीश्च,:महोषधीः,च,
दुदुहुर्धरित्रीम्॥,:दुदुहुः,धरित्रीम्॥,
तद्विषयताऽवच्छेदकत्वोपसक्षितधर्मावच्छिन्नाऽपीत्यर्थः,:तद्विषयताऽवच्छेदकत्वोपसक्षितधर्मावच्छिन्नाऽपि,इत्यर्थः,
ततस्तदर्थप्रत्यायनेच्छा,:ततः,तदर्थप्रत्यायनेच्छा,
शुद्धिमति,:शुद्धिम्,अति,
राजेन्दुरिन्दुः,:राजेन्दुः,इन्दुः,
क्षीरनिधाविवेति॥,:क्षीरनिधौ,इव,इति॥,
वैवस्वतादीति,:वैवस्वतादि,इति,
यत्पदानुपस्थाप्यस्येत्यादिः,:यत्पदानुपस्थाप्यस्य,इत्यादिः,
उपस्थितिश्चेति,:उपस्थितिः,च,इति,
चेति,:च,इति,
कलावतस्त्वमस्य,:कलावतस्त्वम्,अस्य,
नेत्रकौमुदीति॥,:नेत्रकौमुदी,इति॥,
तथाऽनुभयवाद्,:तथा,अनुभयवाद्,
स्वपुत्रकर्मकदर्शनाश्रयश्चैत्र,:स्वपुत्रकर्मकदर्शनाश्रयः,चैत्र,
साक्षादिति,:साक्षात्,इति,
वारणमपीति,:वारणम्,अपि,इति,
साक्षादन्वयादिति,:साक्षात्,अन्वयात्,इति,
चैत्रेणेति,:चैत्रेण,इति,
स्वपुत्रमिति,:स्वपुत्रम्,इति,
स्वव्यापकवन्हिसमानाधिकरणधूमवानित्यत्रापि,:स्वव्यापकवन्हिसमानाधिकरणधूमवान्,इत्यत्र,अपि,
स्वपुत्रदर्शिचैत्रधनमित्यादौ,:स्वपुत्रदर्शिचैत्रधनम्,इत्यादौ,
चैत्रस्यापदार्थत्वात्,:चैत्रस्य,अपदार्थत्वात्,
आह-स्वपुत्रदर्शीति,:आह-स्वपुत्रदर्शी,इति,
चैत्रस्येति,:चैत्रस्य,इति,
चैत्रसम्बन्धवद्भ्रातृकर्तृकदर्शनविषय-,:चैत्रसम्बन्धवद्भ्रातृकर्तृकदर्शनविषयः,-,
स्वपदार्थनिवेशादिति,:स्वपदार्थनिवेशात्,इति,
साक्षादिति,:साक्षात्,इति,
परम्परयेति,:परम्परया,इति,
पश्यतीत्यादौ,:पश्यति,इत्यादौ,
अकारकत्वादिति,:अकारकत्वात्,इति,
शक्तिरप्यावश्यकी,:शक्तिः,अपि,आवश्यकी,
यश्चेत्यादि,:यः,च,इत्यादि,
प्रत्यकारकत्वाच्चेति,:प्रत्यकारकत्वात्,च,इति,
वसन्तीति,:वसन्ती,इति,
धूमस्याकारकत्वेन,:धूमस्य,आकारकत्वेन,
स्वपदाशक्यत्वादिति,:स्वपदाशक्यत्वात्,इति,
चिदिति,:चित्,इति,
दुरुपगमत्वादिति,:दुरुपगमत्वात्,इति,
महानसादावपि,:महानसादौ,अपि,
प्रतीत्यापत्तिरिति,:प्रतीत्यापत्तिः,इति,
दुरपन्हवत्वादिति,:दुरपन्हवत्वात्,इति,
अङ्गीकार्यतयेत्यात्र,:अङ्गीकार्यतया,इत्यत्र,
दुर्वारमिति,:दुर्वारम्,इति,
पश्यतीति,:पश्यति,इति,
यदाऽन्यः,:यदा,अन्यः,
ब्राह्मणस्तदा,:ब्राह्मणः,तदा,
एवमेव,:एवम्,एव,
भार्यामुपेयादित्यादौ,:भार्याम्,उपेयादित्यादौ,
विनाऽपि,:विना,अपि,
कैवल्यघटकत्वेनेति,:कैवल्यघटकत्वेन,इति,
उक्तदिशेति,:उक्तदिशा,इति,
यद्वा,:यत्,वा,
प्रतियोगित्वेऽभावे,:प्रतियोगित्वे,अभावे,
विधेयान्वितोद्देश्यस्याधेयतासम्बन्धेन,:विधेयान्वितोद्देश्यस्य,आधेयतासम्बन्धेन,
भेदेऽन्वयादिना,:भेदे,अन्वयादिना,
विधेयान्वयस्तु,:विधेयान्वयः,तु,
सत्येकपदार्थस्योद्देश्यविशेषणत्वभङ्गापत्तेः,:सति,एकपदार्थस्य,उद्देश्यविशेषणत्वभङ्गापत्तेः,
कृत्यादिविशेषणताऽऽपन्नभोजनादिक्रियेत्यर्थः,:कृत्यादिविशेषणताऽऽपन्नभोजनादिक्रिया,इत्यर्थः,
फलादाविति,:फलादौ,इति,
फलमेकंभुङ्‌क्त,:फलम्,एकम्,भुङ्‌क्त,
भोजनेऽन्वयोपगमान्न,:भोजने,अन्वयोपगमात्,न,
प्रागेवेति-द्रव्यपदाद्घटत्वावच्छिन्नबोधवारणाय,:प्राक्,एव,इति-द्रव्यपदाद्घटत्वावच्छिन्नबोधवारणाय,
तादृशज्ञानस्येति,:तादृशज्ञानस्य,इति,
तन्न,:तत्,न,
निर्धर्मिताऽवच्छेदकानुमितेरलीकत्वात्,:निर्धर्मिताऽवच्छेदकानुमितेः,अलीकत्वात्,
स्वीकारासम्भवादित्यर्थः,:स्वीकारासम्भवात्,इत्यर्थः,
भ्रमत्वमिति,:भ्रमत्वम्,इति,
त्वाह-विषयबोधेनेति,:तु,आह-विषयबोधेन,इति,
पदमित्याद्याकारः;,:पदम्,इत्याद्याकारः;,
गौरित्याकारमपि,:गौः,इत्याकारम्,अपि,
धर्मीति,:धर्मी,इति,
ग्राह्यत्वापत्तेरिति,:ग्राह्यत्वापत्तेः,इति,
एवोक्तनियमेऽप्याह-,:एव,उक्तनियमे,अपि,आह-,
वेति,:वा,इति,
गवादिति,:गवात्,इति,
गोत्ववदित्यादि,:गोत्ववत्,इत्यादि,
वेति,:वा,इति,
युत्त्यन्तरमाह-एवमिति,:युत्त्यन्तरम्,आह-एवम्,इति,
क्वचित्तथैव,:क्वचित्,तथैव,
समाधत्ते-व्यक्तिशक्ताविति,:समाधत्ते-व्यक्तिशक्तौ,इति,
हेतुतायामेवेति,:हेतुतायाम्,एव,इति,
स्यादिति,:स्यात्,इति,
अन्वयांशेऽपि,:अन्वयांशे,अपि,
शक्तिरिति,:शक्तिः,इति,
इत्यनुपदग्रन्थाच्च,:इत्यनुपदग्रन्थात्,च,
शक्तिघटकत्वेनेत्यादिः,:शक्तिघटकत्वेन,इत्यादिः,
गवादिपदस्येति,:गवादिपदस्य,इति,
तत्कार्यताऽवच्छेदकत्वादिति,:तत्कार्यताऽवच्छेदकत्वात्,इति,
संकेतशक्तिपक्षेणाभिधाय,:संकेतशक्तिपक्षेण,अभिधाय,
साधारण्येनाह-,:साधारण्येन,आह-,
यद्विषयकत्वेनेति,:यद्विषयकत्वेन,इति,
जनकताऽवच्छेदकविषयतावत्त्वं;,:जनकताऽवच्छेदकविषयतावत्त्वम्,;,
दूषयति-वस्तुतस्त्विति,:दूषयति-वस्तुतस्तु,इति,
कथंचिदिति,:कथञ्चित्,इति,
व्यक्तेस्तु,:व्यक्तेः,तु,
तूपरक्तेति,:तु,उपरक्ता,इति,
यत्तु,:यत्,तु,
वाच्यत्वमिति,:वाच्यत्वम्,इति,
तत्तुच्छं-विनिगमनाविरहेण,:तत्तुच्छम्,-विनिगमनाविरहेण,
तादृशभट्टमतापेक्षयेत्यर्थः,:तादृशभट्टमतापेक्षया,इत्यर्थः,
भेदोऽस्तु,:भेदः,अस्तु,
कार्यकारणभावस्तु,:कार्यकारणभावः,तु,
भट्टवदेव,:भट्टवत्,एव,
इत्याह-एवमिति,:इत्याह-एवम्,इति,
शक्तमित्याकारकम्,:शक्तम्,इत्याकारकम्,
व्याहतमिति,:व्याहतम्,इति,
स्यादिति,:स्यात्,इति,
गौर्नष्टा,:गौः,नष्टा,
गौर्जातेत्यादावन्वयबोधानुपपत्तिरिति,:गौः,जातेत्यादौ,अन्वयबोधानुपपत्तिः,इति,
आक्षेपादेवेति,:आक्षेपादेव,इति,
नन्वाक्षेपकल्पने,:ननु,आक्षेपकल्पने,
वस्तुतस्त्विति,:वस्तुतस्तु,इति,
सम्बन्धेनेति,:सम्बन्धेन,इति,
मतमाह-गोत्वमिति,:मतम्,आह-गोत्वम्,इति,
व्यक्त्यघटितेति,:व्यक्त्यघटिता,इति,
त्वाह-तादृशबुद्धेरिति,:तु,आह-तादृशबुद्धेः,इति,
गवादावि"त्यादिरधिकपाठः,:गवादौ,इ"त्यादिः,अधिकपाठः,
केचित्तु-,:केचित्,तु-,
विशेषणत्वार्थमुपलक्षणत्वे,:विशेषणत्वार्थम्,उपलक्षणत्वे,
दोषमाह,:दोषम्,आह,
तादृशगोत्वादेरिति,:तादृशगोत्वादेः,इति,
श्रीकरमतमुत्थापयति-एतेनेति,:श्रीकरमतम्,उत्थापयति-एतेन,इति,
अर्थापत्तीति,:अर्थापत्ति,इति,
गोत्वादिमत्‌त्वमनुपपन्नमिति,:गोत्वादिमत्‌त्वमनुपपन्नम्,इति,
तावताऽधेयतासम्बन्धावच्छिन्नगवाद्यभावव्यापकतया,:तावता,आधेयतासम्बन्धावच्छिन्नगवाद्यभावव्यापकतया,
स्वाश्रयवृत्तित्वसम्बन्धावच्छिन्नतादृशकर्मत्वाभावभानेऽपि,:स्वाश्रयवृत्तित्वसम्बन्धावच्छिन्नतादृशकर्मत्वाभावभाने,अपि,
शाब्दबोधस्यापक्षताऽवच्छेदकावच्छिन्नाविषयत्वादिति,:शाब्दबोधस्य,अपक्षताऽवच्छेदकावच्छिन्नाविषयत्वात्,इति,
जातिरेवेति,:जातिः,एव,इति,
सहकारीति,:सहकारी,इति,
समावेशमालम्ब्य,:समावेशम्,आलम्ब्य,
चेति,:च,इति,
मण्डनमुत्थापयति-व्यक्तेरपीति,:मण्डनम्,उत्थापयति-व्यक्तेः,अपि,इति,
गौर्जाता,:गौः,जाता,
गौर्नष्टेति,:गौः,नष्टा,इति,
लक्षणाऽऽवश्यकीत्यर्थः,:लक्षणाऽऽवश्यकी,इत्यर्थः,
शक्यार्थानुपस्थापकत्वादिति,:शक्यार्थानुपस्थापकत्वात्,इति,
अथेति,:अथ,इति,
जातिशक्तिरावश्यकीत्याशयः,:जातिशक्तिः,आवश्यकी,इत्याशयः,
भिन्नपदोपस्थाप्यर्थेऽन्वयबोधे,:भिन्नपदोपस्थाप्यर्थे,अन्वयबोधे,
विषयताऽवच्छेदकरूपेणोपस्थितिस्वतन्त्रमित्याशयः,:विषयताऽवच्छेदकरूपेण,उपस्थितिस्वतन्त्रम्,इत्याशयः,
द्वयस्येति,:द्वयस्य,इति,
भवन्मतेऽपि,:भवन्मते,अपि,
द्रव्याद्युद्बोधकत्वमित्यत्राह,:द्रव्याद्युद्बोधकत्वम्,इत्यत्र,आह,
उद्बोधकस्येति,:उद्बोधकस्य,इति,
विरोधविरहादित्यनेनान्वयः,:विरोधविरहात्,इत्यनेन,अन्वयः,
शक्तिर्वा,:शक्तिः,वा,
गोमतीत्यादौ,:गोमती,इत्यादौ,
व्यक्तेर्भानेऽपि,:व्यक्तेः,भाने,अपि,
शक्तिर्गौरित्यादिज्ञाने,:शक्तिर्गौः,इत्यादिज्ञाने,
व्यक्तीति,:व्यक्ती,इति,
गौरित्यनुभवस्येत्यर्थः,:गौः,इत्यनुभवस्य,इत्यर्थः,
संस्कारादेवेति,:संस्कारात्,एव,इति,
जात्युद्बोधकबलादेवद्बुद्धादिति,:जात्युद्बोधकबलात्,एवद्बुद्धात्,इति,
गुरूणामिति,:गुरूणाम्,इति,
जागरूकत्वादिति,:जागरूकत्वात्,इति,
संभवतीत्यर्थः,:संभवती,इत्यर्थः,
अध्याहारात्मकार्थोपस्थितेरित्यर्थः,:अध्याहारात्मकार्थोपस्थितेः,इत्यर्थः,
शङ्‌केत्यादिनाऽन्वयः,:शङ्‌केत्यादिना,अन्वयः,
सर्वलाक्षणिकस्थलेऽन्वयबोधानुपपत्तिमिष्टापत्त्या,:सर्वलाक्षणिकस्थले,अन्वयबोधानुपपत्तिम्,इष्टापत्त्या,
अत्रेति,:अत्र,इति,
अथेत्यादिशङ्‌कायामित्यर्थः,:अथ,इत्यादिशङ्‌कायाम्,इत्यर्थः,
पश्वादिपदस्यापि,:पश्वादिपदस्य,अपि,
लोमत्वादावेव,:लोमत्वादौ,एव,
फलबलाच्च,:फलबलात्,च,
लोमादिप्रकारकशाब्दबोधापत्तिरिति,:लोमादिप्रकारकशाब्दबोधापत्तिः,इति,
ज्ञानशक्तिस्वीकारेणादोषात्,:ज्ञानशक्तिस्वीकारेण,अदोषात्,
यत्तु,:यत्,तु,
स्यादित्याशङ्‌क्यापर्यायता,:स्यात्,इत्याशङ्‌क्यापर्यायता,
हेतुत्वादिति,:हेतुत्वात्,इति,
तच्छिष्यप्रतारणामात्रं;,:तच्छिष्यप्रतारणामात्रम्,;,
पदयोस्तद्धर्मावच्छिन्नशक्तिमत्त्वज्ञानादिपदत्वात्,:पदयोः,तद्धर्मावच्छिन्नशक्तिमत्त्वज्ञानादिपदत्वात्,
एवाशुद्धत्वाच्च,:एव,अशुद्धत्वात्,च,
लोमत्वशक्तमित्याकारकतया,:लोमत्वशक्तम्,इत्याकारकतया,
बाधकाभावादिति॥,:बाधकाभावात्,इति॥,
