कीर्तिरपि,:कीर्ति,अपि,
राज्यमासीत्।,:राज्यम्,आसीत्।,
तस्योपरि,:तस्य,उपरि,
पापोहं,:पापः,अहं,
पापकर्ताहम्,:पापकर्ता,अहम्,
प्रारब्धस्योपरि,:प्रारब्धस्य,उपरि,
राजासीत्,:राजा,आसीत्,
धर्मेणैव,:धर्मेण,एव,
प्रजास्तावत्,:प्रजाः,तावत्,
रक्षन्तीह,:रक्षन्ति,इह,
एकान्तेपि,:एकान्ते,अपि,
दाशराज्ञयुद्धमिति,:दाशराज्ञयुद्धम्,इति,
इदमाक्रमणं,:इदम्,आक्रमणं,
स्फुलिगञ्च,:स्फुलिगम्,च,
स्वमाचार्यपदं,:स्वम्,आचार्यपदं,
समृद्धमभवत्।,:समृद्धम्,अभवत्।,
विश्वकल्याणमिति।,:विश्वकल्याणम्,इति।,
सङ्कल्पनामपि,:सङ्कल्पनाम्,अपि,
मध्यबिन्दुरासीत्,:मध्यबिन्दुः,आसीत्,
तमुक्तवान्।,:तम्,उक्तवान्।,
शीघ्रमेव,:शीघ्रम्,एव,
अध्यापनञ्च,:अध्यापनम्,च,
आश्चर्यमनुभूतवती।,:आश्चर्यम्,अनुभूतवती।,
नेच्छामि।,:न,इच्छामि।,
नेच्छामि।,:न,इच्छामि।,
शास्त्राणामपि,:शास्त्राणाम्,अपि,
ज्ञानमावश्यकम्।,:ज्ञानम्,आवश्यकम्।,
तरवोपि,:तरवः,अपि,
मननेनोपजीवितः॥,:मननेन,उपजीवितः॥,
