यश्च,:यः,च,
उपायनमेकं,:उपायनम्,एकम्,
नास्ति,:न,अस्ति,
धनुर्विद्यानिपुणः,:धनुः,विद्यानिपुणः,
किञ्चिदपि,:किञ्चित्,अपि,
तयोर्मध्ये,:तयोः,मध्ये,
चेदपि,:चेत्,अपि,
एकैकशः,:एक,एकशः,
तत्क्षणं,:तत्,क्षणम्,
किमिदम्?,:किम्,इदम्?,
सत्यपि,:सति,अपि,
चेति,:च,इति,
नास्ति,:न,अस्ति,
नास्ति,:न,अस्ति,
साधनीयमेव,:साधनीयम्,एव,
इत्येतां,:इति,एताम्,
अनुक्षणमेव,:अनुक्षणम्,एव,
कमपि,:कम्,अपि,
अनुक्षणमेव,:अनुक्षणम्,एव,
कस्माच्चित्,:कस्मात्,चित्,
अनुक्षणमेव,:अनुक्षणम्,एव,
तमेव,:तम्,एव,
किञ्चिदपि,:किञ्चिद्,अपि,
नास्ति,:न,अस्ति,
सर्वोऽपि,:सर्वः,अपि,
इत्युक्तवान्,:इति,उक्तवान्,
केभ्यश्चित्,:केभ्यः,चित्,
तत्क्षणमेव,:तत्,क्षणम्,एव,
कस्माच्चित्,:कस्मात्,चित्,
पुनश्च,:पुनः,च,
सन्मार्गिणः,:सन्,मार्गिणः,
बाल्यादारभ्य,:बाल्यात्,आरभ्य,
सहैव,:सह,एव,
किञ्चिदिव,:किञ्चिद्,इव,
स्फुरद्रूपी,:स्फुरत्,रूपी,
नास्मि।,:न,अस्मि।,
नास्ति,:न,अस्ति,
नास्ति,:न,अस्ति,
नास्ति,:न,अस्ति,
नास्ति,:न,अस्ति,
सर्वमपि,:सर्वम्,अपि,
किञ्चित्कालं,:किञ्चित्,कालम्,
नास्ति।,:न,अस्ति।,
तावत्पर्यन्तं,:तावत्,पर्यन्तम्,
किञ्चिदिव,:किञ्चित्,इव,
नास्ति,:न,अस्ति,
इत्यत्र,:इति,अत्र,
नास्ति,:न,अस्ति,
नास्ति।,:न,अस्ति।,
शीघ्रमेव,:शीघ्रम्,एव,
सन्तानभाग्यमेव,:सन्तानभाग्यम्,एव,
नास्ति’,:न,अस्ति’,
पूर्वमेव,:पूर्वम्,एव,
कथनानुगुणं,:कथन,अनुगुणम्,
नास्ति,:न,अस्ति,
विशेषानुरागवान्,:विशेष,अनुरागवान्,
चापि,:च,अपि,
नास्ति।,:न,अस्ति।,
एतद्द्वारा,:एतद्,द्वारा,
जनाश्चापि,:जनाः,चापि,
नास्ति’,:न,अस्ति’,
यत्किमपि,:यत्,किमपि,
नास्ति।,:न,अस्ति।,
किञ्चिदपि,:किञ्चिद्,अपि,
नास्ति,:न,अस्ति,
किञ्चिद्धनसाहाय्यं,:किञ्चिद्,धनसाहाय्यम्,
बलरामश्चेति,:बलरामः,च,इति,
नास्ति,:न,अस्ति,
ममापि,:मम,अपि,
अन्यच्च,:अन्यत्,च,
नास्ति,:न,अस्ति,
अन्यच्च,:अन्यत्,च,
नास्ति,:न,अस्ति,
प्रत्यागत्य,:प्रति,आगत्य,
नास्ति,:न,अस्ति,
पुनर्वक्तव्यम्?’’,:पुनः,वक्तव्यम्?’’,
नास्ति।,:न,अस्ति।,
एतावत्पर्यन्तं,:एतावत्,पर्यन्तम्,
प्रथममेव,:प्रथमम्,एव,
एतत्सर्वं,:एतत्,सर्वम्,
इत्यस्य,:इति,अस्य,
रहस्यमेकं,:रहस्यम्,एकम्,
नास्ति।,:न,अस्ति।,
नास्ति।,:न,अस्ति।,
स्वयमेव,:स्वयम्,एव,
इत्यंशं,:इति,अंशम्,
नास्ति’’,:न,अस्ति’’,
नास्ति।,:न,अस्ति।,
तमेव,:तम्,एव,
नास्ति’’,:न,अस्ति’’,
नास्ति।,:न,अस्ति।,
अपि,:च,अपि,
नास्ति।,:न,अस्ति।,
प्रत्यागतवान्।,:प्रति,आगतवान्।,
नास्ति।,:न,अस्ति।,
चेति,:च,इति,
सर्वेऽपि,:सर्वे,अपि,
तत्क्षणमेव,:तत्क्षणम्,एव,
देशश्च,:देशः,च,
कश्च,:कः,च,
केनापि।,:केन,अपि।,
एतदपि,:एतद्,अपि,
इत्युच्यते?,:इति,उच्यते?,
एतमेव,:एवम्,एव,
इत्येषा,:इति,एषा,
‘‘क्षन्तव्योऽहं,:‘‘क्षन्तव्यः,अहम्,
नास्ति,:न,अस्ति,
नास्ति,:न,अस्ति,
इत्यत्र,:इति,अत्र,
नास्ति,:न,अस्ति,
पुनरेकवारं,:पुनः,एकवारम्,
तमेव,:तम्,एव,
नास्ति,:न,अस्ति,
नास्ति,:न,अस्ति,
सन्नपि,:सन्,अपि,
नास्तिकस्य,:न,आस्तिकस्य,
चेति,:च,इति,
नास्तिकः।,:न,अस्तिकः।,
कदाचिदपि,:कदाचित्,अपि,
कस्मैचिदपि,:कस्मैचिद्,अपि,
नास्ति।,:न,अस्ति।,
सहैव,:सह,एव,
इत्यतः,:इति,अतः,
अहमेव।,:अहम्,एव।,
अस्तीत्यतः,:अस्ति,इति,अतः,
कृपणश्च,:कृपणः,च,
एतत्सर्वम्,:एतत्,सर्वम्,
चेदेव,:चेद्,एव,
यश्च,:यः,च,
एतदेव,:एतद्,एव,
नास्ति।,:न,अस्ति।,
नास्ति’’,:न,अस्ति’’,
गौरवश्च,:गौरवः,च,
कस्माच्चिदपि,:कस्माच्चित्,अपि,
एतत्सर्वं,:एतत्,सर्वम्,
यत्किमपि,:यत्,किमपि,
इत्यपि,:इति,अपि,
तत्रापि,:तत्र,अपि,
फलमेव,:फलम्,एव,
चापि,:च,अपि,
नास्ति,:न,अस्ति,
कथमपि,:कथम्,अपि,
नास्ति।,:न,अस्ति।,
मुद्राश्च,:मुद्राः,च,
एवमेव,:एवम्,एव,
मास्तु,:मा,अस्तु,
अहमपि,:अहम्,अपि,
तावत्पर्यन्तं,:तावत्,पर्यन्तम्,
इत्यतः,:इति,अतः,
स्वयमेव,:स्वयम्,एव,
स्वयमेव,:स्वयम्,एव,
यक्षश्च,:यक्षः,च,
इत्यतः,:इति,अतः,
एतदत्र,:एतद्,अत्र,
नास्ति,:न,अस्ति,
चेति।,:च,इति।,
इतोऽपि,:इतः,अपि,
नास्ति।,:न,अस्ति।,
इत्यत्र,:इति,अत्र,
नास्ति,:न,अस्ति,
इत्यत्र,:इति,अत्र,
चेदेव,:चेत्,एव,
राज्येऽपि,:राज्ये,अपि,
शीघ्रमेव,:शीघ्रम,एव,
अन्यच्च,:अन्यत्,च,
सर्वोऽपि,:सर्वः,अपि,
प्राप्यापि,:प्राप्य,अपि,
सोऽपि,:सः,अपि,
कोऽयं,:कः,अयम्,
चापि,:च,अपि,
इत्येषा,:इति,एषा,
यत्किञ्चित्,:यत्,किञ्चित्,
कठोरहृदयस्यापि,:कठोरहृदयस्य,अपि,
अधिकृत्यापि,:अधिकृत्य,अपि,
इत्येतं,:इति,एतम्,
चेदेव,:चेत्,एव,
प्राणेभ्योऽपि,:प्राणेभ्यः,अपि,
भूतप्रेतादीनाम्,:भूतप्रेत,आदीनाम्,
अत्रैव,:अत्र,एव,
सर्वोऽपि,:सर्वः,अपि,
प्रजानामपि,:प्रजानाम्,अपि,
पण्डिताश्च।,:पण्डिताः,च।,
नाभवत्।,:न,अभवत्।,
यश्च,:यः,च,
श्रेयोदायकश्च,:श्रेयोदायकः,च,
चापि,:च,अपि,
निर्माणमपि,:निर्माणम्,अपि,
पूर्वमेव,:पूर्वम्,एव,
नाभवत्,:न,अभवत्,
एतावत्पर्यन्तं,:एतावत्,पर्यन्तम्,
पुष्पैश्च,:पुष्पैः,च,
प्रजासेवायामेव,:प्रजासेवायाम्,एव,
तपसश्च,:तपसः,च,
राज्यभारमेव,:राज्यभारम,एव,
नास्ति’’,:न,अस्ति’’,
नास्ति?,:न,अस्ति?,
यद्यत्,:यत्,यत्,
एतदत्र,:एतद्,अत्र,
नास्ति,:न,अस्ति,
किञ्चित्कालं,:किञ्चित्,कालम्,
इत्यत्र,:इति,अत्र,
किञ्चिदपि,:किञ्चित्,अपि,
इत्यत्र,:इति,अत्र,
नास्त्येव,:न,अस्ति,
इत्यत्र,:इति,अत्र,
नास्ति,:न,अस्ति,
एकैकेन,:एक,एकेन,
एकैकं,:एक,एकम्,
विलासश्च,:विलासः,च,
एतदर्थं,:एतत्,अर्थम्,
इत्येव,:इति,एव,
नास्ति।,:न,अस्ति।,
‘‘इतोऽपि,:‘‘इतः,अपि,
इत्येतत्,:इति,एतत्,
इत्येतत्,:इति,एतत्,
नास्ति,:न,अस्ति,
नास्ति।,:न,अस्ति।,
‘‘कोऽयं,:‘‘कः,अयम्,
नास्ति’,:न,अस्ति’,
इत्यस्य,:इति,अस्य,
नास्ति,:न,अस्ति,
नास्ति।,:न,अस्ति।,
नास्ति’,:न,अस्ति’,
नास्ति,:न,अस्ति,
