चार्थे,:च,अर्थे,
प्रकृतिगुणकणेनाप्यसंसृष्टरूपे,:प्रकृतिगुणकणेन,अपि,असंसृष्टरूपे,
निरवधिरमलप्रीतिरस्माकमास्ताम्,:निरवधिरमलप्रीतिः,अस्माकम्,आस्ताम्,
शालिग्रामात्प्रकटिततनुर्भक्तजीवातपरूपः,:शालिग्रामात्प्रकटिततनुः,भक्तजीवातपरूपः,
श्रीमद्राधारमणवपुषाऽऽश्वास्य,:श्रीमद्राधारमणवपुषा,आश्वास्य,
प्रणमाम्यहम्,:प्रणमामि,अहम्,
किलोच्चावचचराचराञ्चनचुञ्चौ,:किल,उच्चावचचराचराञ्चनचुञ्चौ,
प्रपञ्चेऽवान्तरविभागप्रविभागभिन्नानन्तपदार्थसङ्‌कुलेऽपि,:प्रपञ्चे,अवान्तरविभागप्रविभागभिन्नानन्तपदार्थसङ्‌कुले,अपि,
मेयसिद्धिर्मानसिद्धिश्च,:मेयसिद्धिः,मानसिद्धिः,च,
लक्षणादि"ति,:लक्षणात्,इति,
वस्तुस्थितिमनुसृत्त्वरैर्मानमेयतयाऽवधारितद्वैविध्ये,:वस्तुस्थितिम्,अनुसृत्त्वरैः,मानमेयतया,अवधारितद्वैविध्ये,
मानसंख्यादिविषयेऽपि,:मानसंख्यादिविषये,अपि,
प्रामाणिकानांचिरागतविप्रपत्तिसमूहस्य,:प्रामाणिकानाम्,चिरागतविप्रपत्तिसमूहस्य,
प्रकृतेऽनावश्यकतयोपेक्ष्यः,:प्रकृते,अनावश्यकतया,उपेक्ष्यः,
कृतविवरणेऽपि,:कृतविवरणे,अपि,
पुनरपि,:पुनः,अपि,
प्रत्ययशक्तिविवेचनस्यानकत्रानेकैर्विहिततया,:प्रत्ययशक्तिविवेचनस्य,अनेकत्र,अनेकैः,विहिततया,
वादस्तत्त्वनिर्णयफलकः,:वादः,तत्त्वनिर्णयफलकः,
तादृशवादरूपमेव,:तादृशवादरूपम्,एव,
चेति,:च,इति,
अत्रार्थानुयोगिकपदप्रतियोगिकपदानुयोगिकार्थप्रतियोगिकयोः,:अत्र,अर्थानुयोगिकपदप्रतियोगिकपदानुयोगिकार्थप्रतियोगिकयोः,
शक्तिलक्षणाऽन्यतरपदव्यहार्य्यतेति,:शक्तिलक्षणाऽन्यतरपदव्यहार्य्यता,इति,
इहार्थपदयोरनिवेशे,:इह,अर्थपदयोः,अनिवेशे,
विशेष्यदलमात्रोक्तौ,:विशेष्यदलमात्र,उक्तौ,
क्रमेणाकाङ्‌क्षाज्ञानविषयेऽव्यवहितोत्तरत्त्वे,:क्रमेणाकाङ्‌क्षाज्ञानविषये,अव्यवहितोत्तरत्त्वे,
छिनत्तीत्यादौ,:छिनत्ति,इत्यादौ,
स्यादिति,:स्यात्,इति,
तयोर्निवेशः,:तयोः,निवेशः,
अर्थजिज्ञासायामाह,:अर्थजिज्ञासायाम्,आह,
वृत्त्येति,:वृत्त्या,इति,
उपस्थितिर्वा,:उपस्थितिः,वा,
नैकत्रैवाग्रहः,:न,एकत्र,एव,आग्रहः,
नीलपदजन्यप्रतिपत्तेरपि,:नीलपदजन्यप्रतिपत्तेः,अपि,
विशिष्टस्यैवार्थत्वमिति,:विशिष्टस्य,एव,अर्थत्वम्,इति,
नोक्तदोषः,:न,उक्तदोषः,
एवमुपस्थितिपक्षेऽपि,:एवम्,उपस्थितिपक्षे,अपि,
नीलादिपदार्थताऽऽपत्तौ,:नीलादिपदार्थता,आपत्तौ,
तात्पर्य्यादपि,:तात्पर्य्यात्,अपि,
संकेतस्येच्छारूपत्वेन,:संकेतस्य,इच्छारूपत्वेन,
इदमिति,:इदम्,इति,
विनिगमनाविरहादाह-अस्मेति,:विनिगमनाविरहात्,आह-अस्मेति,
क्वचित्पदविशेष्यकस्यैव,:क्वचित्पदविशेष्यकस्य,इव,
बोधविशेष्यकस्यैव,:बोधविशेष्यकस्य,इव,
संकेतस्यौचित्यात्,:संकेतस्य,औचित्यात्,
वच्यादिधातोरर्थस्तदाश्रयत्वात्म,:वच्यादिधातोः,अर्थः,तदाश्रयत्वात्म,
गोर्वाचकमित्यादिषु,:गोर्वाचकम्,इत्यादिषु,
एवार्थः,:एव,अर्थः,
वक्तीत्यादेर्गोनिष्ठविषयतानिरूपकबोधजनकत्वप्रकारता-,:वक्तीत्यादेः,गोनिष्ठविषयतानिरूपकबोधजनकत्वप्रकारता-,
गोपदमित्यादिरर्थबोधः,:गोपदम्,इत्यादिः,अर्थबोधः,
गौरुच्यत,:गौः,उच्यत,
इत्यादेस्तु,:इत्यादेः,तु,
गौरिति,:गौः,इति,
गौरुच्यत,:गौः,उच्यत,
पितभगवदिच्छीयविशेष्यताऽऽश्रयोगौरित्यादिबोधः,:पितभगवदिच्छीयविशेष्यताऽऽश्रयोगौः,इत्यादिबोधः,
वक्तीत्यादितस्तु,:वक्तीत्यादितः,तु,
गोपदमित्यादि,:गोपदम्,इत्यादि,
तादृशाद्याश्रयान्तोऽत्र,:तादृशाद्याश्रयान्तः,अत्र,
इदमेव,:इदम्,एव,
पूर्वतोऽन्यादृशत्वमिति,:पूर्वतः,अन्यादृशत्वम्,इति,
अत्रेति,:अत्र,इति,
सङ्‌केतस्यार्थप्रतीतेर्दुरपलपत्वाद्,:सङ्‌केतस्य,अर्थप्रतीतेः,दुरपलपत्वाद्,
नापभाषित्वा,:न,अपभाषित्वा,
गृश्रुतेर्निर्विषयत्वादप्रामाण्यप्रसक्तिः,:गृश्रुतेः,विषयत्वात्,अप्रामाण्यप्रसक्तिः,
लक्षणोच्छेदश्चानिष्ठ,:लक्षणोच्छेदः,च,अनिष्ठ,
यत्त्विति,:यत्,तु,इति,
भगवदिच्छावत्त्वस्यैव,:भगवदिच्छावत्त्वस्य,एव,
वाच्यत्वव्यवहारनियामकभगवदिच्छाप्रतियोगिकोक्तसंबन्धकुक्षावप्रवेशान्न,:वाच्यत्वव्यवहारनियामकभगवदिच्छाप्रतियोगिकोक्तसंबन्धकुक्षावप्रवेशात्,न,
भागवतेच्छावैशिष्ट्यविरहात्तीरादौ,:भागवतेच्छावैशिष्ट्यविरहात्,तीरादौ,
कण्ठताल्वाद्यभिघातजत्वरूपोच्चरितत्वमशरीरिणा,:कण्ठताल्वाद्यभिघातजत्वरूपोच्चरितत्वम्,अशरीरिणा,
भगवताऽसम्भवीति,:भगवताऽसम्भवी,इति,
आचार्य्यैर्न्यायकुसुमाञ्जलौ,:आचार्य्यैः,न्यायकुसुमाञ्जलौ,
हीश्वरोऽपि,:हि,ईश्वरः,अपि,
शरीरमित्यादिना,:शरीरम्,इत्यादिना,
इत्याद्यागमैरूपोद्बलितेन,:इत्याद्यागमैः,उपोद्बलितेन,
तन्नेति,:तत्,न,इति,
हेतुमाह,:हेतुम्,आह,
चाव्यवहितोत्तरत्वसंसर्गेण,:च,अव्यवहितोत्तरत्वसंसर्गेण,
घत्वावच्छिन्नविशिष्टात्वावच्छिन्नविशिष्टटत्वावच्छिन्नविशिष्टात्वादिमत्त्वेनेति,:घत्वावच्छिन्नविशिष्टात्वावच्छिन्नविशिष्टत्वावच्छिन्नविशिष्टात्वादिमत्त्वेन,इति,
नाव्याप्तिः,:न,अव्याप्तिः,
वेदस्थेति,:वेदस्थ,इति,
क्लृप्तेष्वित्यर्थः,:क्लृप्तेषु,इत्यर्थः,
भगवदुच्चरितत्वमिह,:भगवदुच्चरितत्वम्,इह,
नाप्राप्तनिवेशायामुपस्थितौ,:न,अप्राप्तनिवेशायाम्,उपस्थितौ,
नोक्तुदोषोऽतः,:न,उक्तुदोषः,अतः,
स्थलान्तरमाह,:स्थलान्तरम्,आह,
तादृशपदसमानकालिकप्रागभावप्रतियोगित्वान्न,:तादृशपदसमानकालिकप्रागभावप्रतियोगित्वात्,न,
पितेति,:पिता,इति,
नित्यसाङ्‌ख्यतयाऽध्यातहृतपुत्रपदार्थस्य,:नित्यसाङ्‌ख्यतया,आध्यातहृतपुत्रपदार्थस्य,
यन्नाम,:यत्,नाम,
कृतिस्तद्वान्,:कृतिः,तद्वान्,
पितेति,:पिता,इति,
एवमपीति,:एवम्,अपि,इति,
सम्भवेऽपीत्यर्थः,:सम्भवे,अपि,इत्यर्थः,
निष्प्रतियोगिकतयेति,:निष्प्रतियोगिकतया,इति,
घटादाविव,:घटादौ,इव,
सङ्‌केतेऽपि,:सङ्‌केते,अपि,
प्रतीतिसिद्धमिति,:प्रतीतिसिद्धम्,इति,
सम्बन्धत्वस्यैवानुपपत्तेः,:सम्बन्धत्वस्य,एव,अनुपपत्तेः,
एतेनेति,:एतेन,इति,
निष्प्रयोगिकत्वप्रदर्शनेनेत्यर्थः,:निष्प्रयोगिकत्वप्रदर्शनेन,इत्यर्थः,
संसर्गत्वेनाभिमताया,:संसर्गत्वेन,अभिमताया,
अपभ्रंशनिष्ठायास्तेन,:अपभ्रंशनिष्ठायाः,तेन,
यस्त्विति,:यः,तु,इति,
पदार्थान्तरमिति,:पदार्थान्तरम्,इति,
स्वतन्त्रैवाभ्युपगम्यते,:स्वतन्त्रैव,अभ्युपगम्यते,
नानुभावकमिति,:न,अनुभावकम्,इति,
स्मारकमेव,:स्मारकम्,एव,
तीरादीनामिति,:तीरादीनाम्,इति,
कार्य्यान्वितेति,:कार्य्यान्विता,इति,
अत्रायमभिसन्धिः,:अत्र,अयम्,अभिसन्धिः,
सत्स्वपि,:सत्सु,अपि,
प्रवृत्तिनिवृत्तिरूपव्यवहारादेव,:प्रवृत्तिनिवृत्तिरूपव्यवहारात्,एव,
तद्ग्राहकशिरोमणिरिति,:तद्ग्राहकशिरोमणिः,इति,
चैन्न,:चैत्,न,
कुर्वतीदमीयचेष्टया,:कुर्वती,इदमीयचेष्टया,
तादृशार्थबोधकतामनुमाय,:तादृशार्थबोधकताम्,अनुमाय,
मिथोऽन्वितयोरेव,:मिथः,अन्वितयोः,एव,
उपजीव्यतयाऽवगतचरान्वयांशमपरि-,:उपजीव्यतया,अवगतचरान्वयाम्,शमपरि-,
हरन्नेव,:हरन्,एव,
गवादिपदमानयनात्मककार्य्यान्वितगवादिबोधतात्पर्यनिबन्धनप्रयोजकोच्चारितत्वादित्यादिव्यतिरेकानुमानतः,:गवादिपदम्,आनयनात्मककार्य्यान्वितगवादिबोधतात्पर्यनिबन्धनप्रयोजकोच्चारितत्वादित्यादिव्यतिरेकानुमानतः,
शक्तिमध्यवस्यति,:शक्तिम्,अध्यवस्यति,
निवेशादिति,:निवेशात्,इति,
तद्विषयकत्वावच्छिन्नज्ञानानुकूलशक्तिमत्त्वमेव,:तद्विषयकत्वावच्छिन्नज्ञानानुकूलशक्तिमत्त्वम्,एव,
कार्य्यत्वविषयतानिरूपितत्वस्यैव,:कार्य्यत्वविषयतानिरूपितत्वस्य,एव,
कार्यतावाचकत्त्वमिति,:कार्यतावाचकत्त्वम्,इति,
बाधकाभावादिति,:बाधकाभावात्,इति,
करणतैतन्मत,:करणता,एतन्मत,
त्वाह,:तु,आह,
वेति,:वा,इति,
तीरादेरशाब्दत्त्वेऽपि,:तीरादेः,अशाब्दत्त्वे,अपि,
प्रवृत्तावुपायमाह-अपि,:प्रवृत्तौ,अपि,उपायम्,आह-अपि,
त्विति,:तु,इति,
असंसर्गाग्रहमात्रमिति,:असंसर्गाग्रहमात्रम्,इति,
घोषस्तीरवृत्तित्वाभाववानित्याकारकस्य,:घोषस्तीरवृत्तित्वाभाववान्,इत्याकारकस्य,
तीरसंसर्गाभावज्ञानस्याभावमात्रमित्यर्थः,:तीरसंसर्गाभावज्ञानस्य,अभावमात्रम्,इत्यर्थः,
नानुपपत्तिरिति,:न,अनुपपत्तिः,इति,
भ्रमानभ्युपगन्तृगुरुमते,:भ्रमान्,अभ्युपगन्तृगुरुमते,
रजतमिति,:रजतम्,इति,
बाधग्रहस्याभावमात्रेण,:बाधग्रहस्य,अभावमात्रेण,
प्रवृत्तिस्तथा,:प्रवृत्तिः,तथा,
प्रकृतेऽपीति,:प्रकृते,अपि,इति,
प्रतीत्यनिर्वाहादिति,:प्रतीत्यनिर्वाहात्,इति,
पदार्थस्मरणाभावाच्छाब्दबोधानुपपत्तिरिति,:पदार्थस्मरणाभावात्,शाब्दबोधानुपपत्तिः,इति,
योग्यताबलादिति,:योग्यताबलात्,इति,
घटत्वादिनैव,:घटत्वादिना,एव,
शक्तिग्रहस्तथैवोपस्थितिः,:शक्तिग्रहः,तथैव,उपस्थितिः,
शाब्दबोधश्च,:शाब्दबोधः,च,
लक्ष्यार्थस्यापि,:लक्ष्यार्थस्य,अपि,
एवैवंविधस्थले,:एव,एवम्,विधस्थले,
भवत्वित्यादिरूपेणैव,:भवतु,इत्यादिरूपेण,एव,
भगवदिच्छायामिति,:भगवदिच्छायाम्,इति,
उक्तरीत्यैवेति,:उक्तरीत्या,एव,इति,
केवलविषयतात्वेनैवास्ति,:केवलविषयतात्वेन,एव,अस्ति,
घटपदजन्यबोधनिरूपितविषयतात्वेनेति,:घटपदजन्यबोधनिरूपितविषयतात्वेन,इति,
वृत्तिज्ञानाधीनोपस्थितिविषयाणामेव,:वृत्तिज्ञानाधीनोपस्थितिविषयाणाम्,एव,
भानमभ्युपगम्य,:भानम्,अभ्युपगम्य,
संसर्गांशेऽपि,:संसर्गांशे,अपि,
भट्टानांमतमुत्थापयति,:भट्टानाम्,मतम्,उत्थापयति,
सामान्यलक्षणाऽनभ्युपगमाच्छाब्दबोधेऽपूर्वव्यक्तिभानानुपपत्तिरिति,:सामान्यलक्षणाऽनभ्युपगमात्,शाब्दबोधे,अपूर्वव्यक्तिभानानुपपत्तिः,इति,
स्वप्रकाराश्रयत्वसंसर्गेणापि,:स्वप्रकाराश्रयत्वसंसर्गेण,अपि,
एकपदोपस्थितयोरिति,:एकपदोपस्थितयोः,इति,
घटादिपदोपस्थितयोर्घटघटत्वादिरूपयोः,:घटादिपदोपस्थितयोः,घटघटत्वादिरूपयोः,
तद्विषयकत्वाभावादिति,:तद्विषयकत्वाभावात्,इति,
नाभ्युपगताऽभियुक्तैरित्यर्थः,:नाभ्युपगताऽभियुक्तैः,इत्यर्थः,
शक्तिलक्षणाऽधीनार्थोपस्थित्योरनुगममाह,:शक्तिलक्षणाऽधीनार्थोपस्थित्योः,अनुगमम्,आह,
यत्त्विति,:यत्,तु,इति,
तदर्थविषयकोपस्थितत्वेनेति,:तदर्थविषयकोपस्थितत्वेन,इति,
तदर्थविशेषितेति,:तदर्थविशेषिता,इति,
तदर्थोपस्थितिस्तत्त्वेन,:तदर्थोपस्थितिः,तत्त्वेन,
निरूपितकार्यशालित्वस्योद्बोधकान्तरप्रयोज्योपस्थितावसम्भवेनेत्यर्थः,:निरूपितकार्यशालित्वस्य,उद्बोधकान्तरप्रयोज्योपस्थितौ,असम्भवेन,इत्यर्थः,
उभयविधमिति,:उभयविधम्,इति,
घटत्वविशिष्टवाचकमिति,:घटत्वविशिष्टवाचकम्,इति,
द्विविधमिति,:द्विविधम्,इति,
तीरसम्बन्धिवाचकमिति,:तीरसम्बन्धिवाचकम्,इति,
व्यवहितोत्तरभावाद्बोधत्वस्य,:व्यवहितोत्तरभावात्,बोधत्वस्य,
नोक्तव्यभिचारप्रसक्तिरिति,:न,उक्तव्यभिचारप्रसक्तिः,इति,
तत्तद्विशेषधर्मपुरस्कारेणैव,:तत्,तद्विशेषधर्मपुरस्कारेण,एव,
विनाऽपि,:विना,अपि,
संसर्गभानसम्भवान्न,:संसर्गभानसम्भवात्,न,
वृत्त्याधीनोपस्थितेरपेक्षेति,:वृत्त्याधीनोपस्थितेः,अपेक्षा,इति,
भूदिति,:भूत्,इति,
प्रथमविशेषणमिति,:प्रथमविशेषणम्,इति,
घटत्वादावापद्येतेति,:घटत्वादौ,आपद्येत,इति,
सत्त्वादतिव्याप्तिनिरासाय,:सत्त्वात्,अतिव्याप्तिनिरासाय,
वाच्यघटादिवृत्तित्वाभावेनादोषाद्,:वाच्यघटादिवृत्तित्वाभावेन,अदोषाद्,
स्वाश्रयाश्रितत्वसंबन्धेनाकृतेरपि,:स्व,आश्रयाश्रितत्वसंबन्धेन,आकृतेः,अपि,
वृत्तित्वमस्त्येवावयविनीति,:वृत्तित्वम्,अस्ति,एव,अवयविनीति,
शङ्‌क्यंसाक्षात्संबन्धेन,:शङ्‌क्यम्,साक्षात्संबन्धेन,
स्वाश्रयाश्रितत्वस्येति,:स्व,आश्रयाश्रितत्वस्य,इति,
घटादेर्वाच्यत्वेन,:घटादेः,वाच्यत्वेन,
भ्रमान्यशक्तिग्रहाधीनोपस्थितीयमुख्यविशेष्यतानिरूपितप्रकारतावत्त्वमर्थः,:भ्रमान्यशक्तिग्रहाधीनोपस्थितीयमुख्यविशेष्यतानिरूपितप्रकारतावत्त्वम्,अर्थः,
द्रव्यवच्छक्तमिति,:द्रव्यवत्,शक्तम्,इति,
द्रव्यवल्लाक्षणिकमिति,:द्रव्यवल्लाक्षणिकम्,इति,
घटादिवृत्तित्वेऽपि,:घटादिवृत्तित्वे,अपि,
घटादावतिव्याप्तिः,:घटादौ,अतिव्याप्तिः,
नापि,:न,अपि,
लोमादावापद्येत,:लोमादौ,आपद्येत,
लाङ्‌गूलादावेव,:लाङ्‌गूलादौ,एव,
सच्चान्नलोमादौ,:सत्,च,अन्नलोमादौ,
पश्वादिनिष्ठविशेष्यतानिरूपितप्रकारताऽवच्छिन्नयैव,:पश्वादिनिष्ठविशेष्यतानिरूपितप्रकारता,अवच्छिन्नया,एव,
निरूपितत्वादिति,:निरूपितत्वात्,इति,
तत्तत्पदजन्यबोधनिरूपितयादृशविषयता,:तत्,तत्पदजन्यबोधनिरूपितयादृशविषयता,
यत्रावगाह्यते,:यत्र,अवगाह्यते,
शाब्दबोधे+अपि,:शाब्दबोधे,अपि,
यत्+वा+अवच्छेद्यत्वसम्बन्धावच्छिन्नघटत्वप्रकारतानिरूपितेच्छीयविशेष्यताऽऽत्मना,:यत्,वा,अवच्छेद्यत्वसम्बन्धावच्छिन्नघटत्वप्रकारतानिरूपितेच्छीयविशेष्यता,आत्मना,
अवच्छेदकताऽवच्छेदकत्वसम्बन्धावच्छिन्नबोधविषयत्वप्रकारतानिरूपितेच्छीयविशेष्यतया,:अवच्छेदकता,अवच्छेदकत्वसम्बन्धावच्छिन्नबोधविषयत्वप्रकारतानिरूपितेच्छीयविशेष्यतया,
यद्वाऽवच्छेदकत्वनिरूपितावच्छेद्यत्वसम्बन्धावच्छिन्नसमवायप्रकारतानिरूपितेच्छीयविशेष्यताऽऽत्मना,:यत्,वा,अवच्छेदकत्वनिरूपितावच्छेद्यत्वसम्बन्धावच्छिन्नसमवायप्रकारतानिरूपितेच्छीयविशेष्यता,आत्मना,
यद्वा,:यत्,वा,
हेतुतयैव,:हेतुतया,एव,
विवक्षणीयमिति,:विवक्षणीयम्,इति,
मत्वाऽऽह,:मत्वा,आह,
यत्त्विति,:यत्,तु,इति,
कारणासत्त्वान्न,:कारणासत्त्वात्,न,
कार्य्यापत्तिरिति,:कार्य्यापत्तिः,इति,
तन्नेति,:तत्,न,इति,
भवत्विति,:भवतु,इति,
सत्त्वेऽपि,:सत्त्वे,अपि,
पशुपदाल्लोमविशेष्यकबोधस्यानुभवविरुद्धतया,:पशुपदाल्लोमविशेष्यकबोधस्य,अनुभवविरुद्धतया,
विवक्षणीयमित्यर्थः,:विवक्षणीयम्,इत्यर्थः,
वाच्यमिति,:वाच्यम्,इति,
इत्यादिरूपमेव,:इत्यादिरूपम्,एव,
नापत्तिः,:न,आपत्तिः,
एवमपीति,:एवम्,अपि,इति,
समानप्रकारकत्त्वस्यानुभंविकतया,:समानप्रकारकत्त्वस्य,अनुभंविकतया,
तादृशशाब्दस्योदयेऽपि,:तादृशशाब्दस्य,उदये,अपि,
विरोध्यप्रतिबन्धकत्वेनाकिञ्चित्करत्वाद्,:विरोध्यप्रतिबन्धकत्वेन,अकिञ्चित्करत्वाद्,
घटत्वत्वावच्छिन्नधर्मिकस्यैव,:घटत्वत्वावच्छिन्नधर्मिकस्य,एव,
शाब्दानुपपत्तिरस्त्येवेति,:शाब्दानुपपत्तिः,अस्ति,एव,इति,
मत्वाऽऽह,:मत्वा,आह,
चेति,:च,इति,
एवमपीति,:एवम्,अपि,इति,
घटत्वादेर्जातित्वेन,:घटत्वादेः,जातित्वेन,
घटत्त्वत्त्वेनोपस्थित्यनपेक्षत्वेऽपि,:घटत्त्वत्त्वेन,उपस्थित्यनपेक्षत्वे,अपि,
प्रकारत्वासंभवेनेति,:प्रकारत्वासंभवेन,इति,
जात्यखण्डोपाध्यतिरिक्ततयेत्यादिः,:जात्यखण्डोपाध्यतिरिक्ततया,इत्यादिः,
नित्यसम्बन्धत्वेनोपस्थितिरूपेया,:नित्यसम्बन्धत्वेन,उपस्थितिरूपेया,
शाब्दानुपपत्तिर्दुर्वारिति,:शाब्दानुपपत्तिः,दुर्वारिति,
समवायत्वाद्यनुपस्थितावपि,:समवायत्वाद्यनुपस्थितौ,अपि,
शाब्दबोधमुपपादयितुमुपक्रमते,:शाब्दबोधम्,उपपादयितुम्,उपक्रमते,
अत्रोच्यत,:अत्र,उच्यत,
संसर्गताऽवच्छेदकघटकघटत्वेनानवच्छिन्नतया,:संसर्गताऽवच्छेदकघटकघटत्वेन,अनवच्छिन्नतया,
तस्मिंस्तदवच्छिन्नत्वज्ञाने,:तस्मिन्,तदवच्छिन्नत्वज्ञाने,
दुर्वारमिति,:दुर्वारम्,इति,
एकत्वावच्छिन्नद्रव्यत्वावच्छिन्नविषयतेति,:एकत्वावच्छिन्नद्रव्यत्वावच्छिन्नविषयता,इति,
तदवच्छिन्नोक्तिरिति,:तदवच्छिन्नोक्तिः,इति,
घटादेरपीति,:घटादेः,अपि,इति,
घटत्वादिनाऽवच्छिन्ना,:घटत्वादिना,अवच्छिन्ना,
तत्त्वेनावच्छिन्ना,:तत्त्वेन,अवच्छिन्ना,
बोद्धव्यमित्यत्र,:बोद्धव्यम्,इत्यत्र,
स्यादेवेति,:स्यात्,एव,इति,
दुर्वारत्वादिति,:दुर्वारत्वात्,इति,
अत्रास्मदध्यापकाः,:अत्र,अस्मत्,अध्यापकाः,
बोद्धव्यमित्यादौ,:बोद्धव्यम्,इत्यादौ,
बोद्दव्यमित्यादौ,:बोद्दव्यम्,इत्यादौ,
गुणवत्त्वावच्छिन्नत्वतथाभूतप्रकारतात्वोभयावच्छिन्नत्वसत्त्वान्नोक्तापत्तिसंभवः,:गुणवत्त्वावच्छिन्नत्वतथाभूतप्रकारतात्वोभयावच्छिन्नत्वसत्त्वात्,न,उक्तापत्तिसंभवः,
उक्तानुपपत्तेरपि,:उक्तानुपपत्तेः,अपि,
बोद्धव्यमित्याकारकसंकेतादेव,:बोद्धव्यम्,इत्याकारकसंकेतात्,एव,
प्रदर्शिताकारात्तु,:प्रदर्शिताकारात्,तु,
निर्द्दिष्टसंकेततस्तथात्वेन,:निर्द्दिष्टसंकेततः,तथात्वेन,
बोद्धव्यमित्यादिसंकेताद्,:बोद्धव्यम्,इत्यादिसंकेताद्,
दीधितिकृताऽपि,:दीधितिकृता,अपि,
नाङ्गीक्रियत,:न,अङ्गीक्रियत,
इत्यस्यापि,:इत्यस्य,अपि,
सुवचत्वादिति,:सुवचत्वात्,इति,
निर्द्धारयितुमुपक्रमते,:निर्द्धारयितुम्,उपक्रमते,
स्यादिति,:स्यात्,इति,
तथाऽत्र,:तथा,अत्र,
स्यादिति,:स्यात्,इति,
वाच्योपस्थितिप्रकारत्वमिति,:वाच्योपस्थितिप्रकारत्वम्,इति,
शब्दाश्रयत्वेनोपस्थित्यभ्युपगमादनभिमतप्रवृत्तिनिमित्तत्वके,:शब्दाश्रयत्वेन,उपस्थित्यभ्युपगमात्,अनभिमतप्रवृत्तिनिमित्तत्वके,
तस्मिन्नुक्तलक्षणातिव्याप्तिः,:तस्मिन्,उक्तलक्षणातिव्याप्तिः,
गवादिपदानाम-,:गवादिपदानाम्,अवयवसंस्थानरूपाकृतेः,वाच्यत्वात्,
वयवसंस्थानरूपाकृतेर्वाच्यत्वात्,:शब्दबुद्धौ,औत्सर्गिकभानेन,उपस्थितौ,
शब्दबुद्धावौत्सर्गिकभानेनोपस्थितौ,:प्रकारत्वात्,च,
प्रकारत्वाच्च,:तस्याम्,अतिव्याप्तिः,
आनुभविकत्वेनातथाभूतायामाकृतौ,:तथाभूतायाम्,आकृतौ,
तत्त्वस्येष्टापत्तेरयोगाद्,:तत्त्वस्य,इष्टापत्तेः,अयोगाद्,
चास्मिन्,:च,अस्मिन्,
साक्षादेव,:साक्षात्,एव,
वाच्यवृत्तित्वेऽपि,:वाच्यवृत्तित्वे,अपि,
पृथिव्यादिपदानामवयविषु,:पृथिव्यादिपदानाम्,अवयविषु,
तत्त्वापत्तिरिति,:तत्त्वापत्तिः,इति,
प्रचामुपस्थितिशाब्दबोधयोः,:प्रचाम्,उपस्थितिशाब्दबोधयोः,
समानप्रकारकत्वनियमभङ्गमाशङ्‌क्य,:समानप्रकारकत्वनियमभङ्गम्,आशङ्‌क्य,
विशेषपरतामुपपादयति,:विशेषपरताम्,उपपादयति,
वस्तुतस्त्विति,:वस्तुतस्तु,इति,
प्रकारान्तरेणेति,:प्रकारान्तरेण,इति,
कार्यकारणभावकल्पनरूपेणेत्यर्थः,:कार्यकारणभावकल्पनरूपेण,इत्यर्थः,
तत्रैतादृशकार्यकारणभावः,:तत्र,एतादृशकार्यकारणभावः,
यत्त्वाकाशादिपदस्थले,:यत्,तु,आकाशादिपदस्थले,
गमकाभावादित्याशयः,:गमकाभावात्,इत्याशयः,
शक्तिमत,:शक्तिम्,अत,
इत्यादिष्वाकाशपदस्य,:इत्यादिषु,आकाशपदस्य,
मुख्यतामुपगच्छतामतमनूद्य,:मुख्यताम्,उपगच्छताम्,अतमनूद्य,
यत्त्विति,:यत्,तु,इति,
सहप्रयोगस्येति,:सहप्रयोगस्य,इति,
इत्यन्यत्र,:इति,अन्यत्र,
चाकाशपदस्य,:च,आकाशपदस्य,
भेदाभावादुद्दे-,:भेदाभावात्,उद्दे-,
श्यताऽवच्छेदकविधेयताऽवच्छेदकयोराकाशः,:श्यताऽवच्छेदकविधेयताऽवच्छेदकयोः,आकाशः,
नोपपद्यत,:न,उपपद्यत,
बाधकमिति,:बाधकम्,इति,
घटत्वादीनामेव,:घटत्वादीनाम्,एव,
हेतुत्वादिति,:हेतुत्वात्,इति,
चात्राकाशमाकाशपदजन्यबोधविषयतावद्,:च,अत्र,आकाशम्,आकाशपदजन्यबोधविषयतावद्,
स्ववाच्यत्वानतिरिक्तवृत्तित्वरूपावच्छेदकत्वोपलक्षितशब्दाश्रयनिष्ठप्रकारतानिरूपितविशेष्यतासंसर्गेणाकाशपदवान्,:स्ववाच्यत्वान्,अतिरिक्तवृत्तित्वरूपावच्छेदकत्वोपलक्षितशब्दाश्रयनिष्ठप्रकारतानिरूपितविशेष्यतासंसर्गेणाकाशपदवान्,
तादृशानुभवप्रकारताऽऽपत्तिरित्याशयः,:तादृशानुभवप्रकारताऽऽपत्तिः,इत्याशयः,
चाकाशः,:च,आकाशः,
इत्यत्रोक्तान्यतररूपेण,:इत्यत्र,उक्तान्यतररूपेण,
लक्षणयाऽऽकाशोपस्थितौ,:लक्षणया,आकाशोपस्थितौ,
शक्त्योपस्थितौ,:शक्त्या,उपस्थितौ,
विरूपेणोपस्थितयोराकाशशब्दाश्रयोरभेदबोधे,:विरूपेण,उपस्थितयोः,आकाशशब्दाश्रयोः,अभेदबोधे,
चेति,:च,इति,
विरोधिज्ञानाप्रतिबन्धकत्वेनाकिञ्चित्करत्वादित्याशयः,:विरोधिज्ञानाप्रतिबन्धकत्वेन,अकिञ्चित्करत्वादित्याशयः,
वाच्यत्वानवगाहीति,:वाच्यत्वान्,अवगाहीति,
तथैवौचित्यादिति,:तथैव,औचित्यात्,इति,
तत्तद्धर्मसमानाधिकरण्येति,:तत्,तद्धर्मसमानाधिकरण्येति,
गोपदप्रकारकगोपदवाच्यविशेष्यकादिज्ञानस्येति,:गोपदप्रकारकगोपदवाच्यविशेष्यकादिज्ञानस्य,इति,
विशेषणानन्तर्भावित्वेति,:विशेषणानन्तः,भावित्वेति,
किञ्चिद्धर्मावच्छिन्नत्वानवच्छिन्नत्वविशिष्टा,:किञ्चित्,धर्मावच्छिन्नत्वानवच्छिन्नत्वविशिष्टा,
विवक्षणीयेत्यभिप्रायः,:विवक्षणीयेति,अभिप्रायः,
किञ्चिद्धर्मावच्छिन्नत्वावच्छिन्नत्वसत्त्वेऽपि,:किञ्चित्,धर्मावच्छिन्नत्वावच्छिन्नत्वसत्त्वे,अपि,
नाप्राप्तमिति,:न,अप्राप्तम्,इति,
निर्वाहमुपपाद्य,:निर्वाहम्,उपपाद्य,
विशिष्टवाचकपदस्थलेऽपि,:विशिष्टवाचकपदस्थले,अपि,
प्रयोगस्तत्रापि,:प्रयोगः,तत्र,अपि,
लक्षणैव,:लक्षणा,एव,
शरणीकरणीयेत्यभिप्रेत्याह,:शरणीकरणीयेत्यभिप्रेति,आह,
चेति,:च,इति,
विशेषवाचकपदानामपि,:विशेषवाचकपदानाम्,अपि,
लक्षणैवोपगन्तव्येत्याह,:लक्षणा,एव,उपगन्तव्येति,आह,
एवमिति,:एवम्,इति,
शद्धेति,:शद्धा,इति,
र्मावच्छिन्नत्वावच्छिन्नतदितरधर्मानवच्छिन्नत्वावच्छिन्नस्वजन्यबोधविषयतात्वावच्छिन्नेच्छीयप्रकारतानिरूपित-,:र्मावच्छिन्नत्वावच्छिन्नतदितरधर्मान्,अवच्छिन्नत्वावच्छिन्नस्वजन्यबोधविषयतात्वावच्छिन्नेच्छीयप्रकारतानिरूपित-,
सुखमितिज्ञानस्य,:सुखम्,इतिज्ञानस्य,
हेतुत्वमिति,:हेतुत्वम्,इति,
फलितोऽर्थः,:फलितः,अर्थः,
त्वसुखत्वोभयस्मिन्नेव,:त्वसुखत्वोभयस्मिन्,एव,
स्वर्गादिपदादेकधर्मप्रकारकबोधापत्तिरिति,:स्वर्गादिपदात्,एकधर्मप्रकारकबोधापत्तिः,इति,
उक्तानुपपत्त्येति,:उक्तानुपपत्त्या,इति,
बोधमित्यादौ,:बोधम्,इत्यादौ,
गुणवत्त्वप्रकारकबोधानुपपत्त्येति,:गुणवत्त्वप्रकारकबोधानुपपत्त्या,इति,
तूक्तमेव,:तु,उक्तम्,एव,
प्राभाकरास्त्विति,:प्राभाकराः,तु,इति,
गुरूणामपि,:गुरूणाम्,अपि,
घटत्वादिस्तथा,:घटत्वादिः,तथा,
प्रकृतेऽपि,:प्रकृते,अपि,
धानकर्मत्वमेव,:धानकर्मत्वम्,एव,
धेनुपदशक्यमुक्तमिति,:धेनुपदशक्यम्,उक्तम्,इति,
भानानर्हमिति,:भानानर्हम्,इति,
विनाऽपि,:विना,अपि,
विशिष्टानुसरणमिति,:विशिष्टानुसरणम्,इति,
अनतिप्रसक्तत्वानियतत्वादिति,:अनतिप्रसक्तत्वानियतत्वात्,इति,
कारणत्वाभाववत्यपि,:कारणत्वाभाववति,अपि,
शक्यत्वाभाववत्यपि,:शक्यत्वाभाववति,अपि,
शक्तिज्ञानाधुनिकसंकेतज्ञानयोरिति,:शक्तिज्ञानाधुनिकसंकेतज्ञानयोः,इति,
धेनुपदमितिशक्तिज्ञानस्य,:धेनुपदम्,इतिशक्तिज्ञानस्य,
चेत्त्यर्थः,:च,इत्त्यर्थः,
पुष्पवन्तेत्याद्युक्तिस्तु,:पुष्पवन्तेति,आद्युक्तिः,तु,
प्रमादागतेति,:प्रमादागता,इति,
चास्य,:च,अस्य,
भौवादिकाद्रक्षणाद्यर्थकादवते,:भौवादिकात्,रक्षणाद्यर्थकादवते,
इत्यौणादिकताप्रयुक्तधात्वन्तरप्रकृतिकत्त्वस्याप्यवगमेऽवन्तपदस्य,:इति,औणादिकताप्रयुक्तधात्वन्तरप्रकृतिकत्त्वस्य,अपि,अवगमे,अवन्तपदस्य,
निर्विवादमेवेति,:निर्विवादम्,एव,इति,
"प्राक्‌प्रत्यग्धरणीधरशिखरस्थितपुष्पवन्ताभ्यामित्यादिनाऽस्य,:"प्राक्‌प्रत्यग्धरणीधरशिखरस्थितपुष्पवन्ताभ्याम्,इत्यादिना,अस्य,
शक्यताऽवच्छेदकभेदेनेति,:शक्यता,अवच्छेदकभेदेन,इति,
स्वर्गपदशक्यताऽवच्छेदकयोर्भेदेऽपि,:स्वर्गपदशक्यता,अवच्छेदकयोः,भेदे,अपि,
स्वर्गपदस्यैकशक्तिकत्वम्,:स्वर्गपदस्य,एकशक्तिकत्वम्,
भेदाभावादिति,:भेदाभावात्,इति,
स्वीकारान्नरेति,:स्वीकारात्,नरेति,
शक्यताऽवच्छेदकभेदनियम्यत्वादिति,:शक्यताऽवच्छेदकभेदनियम्यत्वात्,इति,
पर्य्याप्तेरित्यर्थः,:पर्य्याप्तेः,इत्यर्थः,
शक्तिप्रमयेति,:शक्तिप्रमया,इति,
पुष्पवन्तपदमितीदृशसंकेतज्ञानस्यहेतुतयाचन्द्रसूर्योभयस्य,:पुष्पवन्तपदम्,इतीदृशसंकेतज्ञानस्यहेतुतयाचन्द्रसूर्योभयस्य,
भानादेकशक्तिविषयकत्वमिति,:भानादेकशक्तिविषयकत्वम्,इति,
घटोऽस्ति,:घटः,अस्ति,
तमानयेति,:तम्,आनय,इति,
बुद्धिस्थकर्मकानयनस्यैव,:बुद्धिस्थकर्मकानयनस्य,एव,
भवेत्तर्हि,:भवेत्,तर्हि,
संशयस्यापि,:संशयस्य,अपि,
प्रतिबन्ध्यताऽवच्छेदकानवच्छिन्नत्वमर्थादेवेति,:प्रतिबन्ध्यता,अवच्छेदकान्,अवच्छिन्नत्वम्,अर्थात्,एव,इति,
भवितुमर्हति,:भवितुम्,अर्हति,
इत्यपीति,:इत्यपि,इति,
विशिष्टान्यतरधर्मप्रकारकसंबन्धिस्मरणमप्यानुभविकम्,:विशिष्टान्यतरधर्मप्रकारकसंबन्धिस्मरणम्,अपि,आनुभविकम्,
चैतद्,:च,एतद्,
यद्यादृशरूपीययादृशयद्रुपीयस्थलयोरपि,:यत्,यादृशरूपीययादृशयद्रुपीयस्थलयोः,अपि,
ततश्च,:ततः,च,
हस्तिपकसंबन्धीत्यत्रापि,:हस्तिपकसंबन्धीति,अत्रापि,
दर्शितविधयैवैकसंबन्धिज्ञानतोऽपरसंबन्धिस्मरणव्यवस्थोपपीदनीयेति,:दर्शितविधया,एव,एकसंबन्धिज्ञानतः,अपरसंबन्धिस्मरणव्यवस्थोपपीदनीया,इति,
मानसशक्तिग्रहादिति,:मानसशक्तिग्रहात्,इति,
गन्धवतीतिबुद्धिविशिष्टया,:गन्धवती,इतिबुद्धिविशिष्टया,
पृथिवीतिबुद्ध्या,:पृथिवी,इतिबुद्ध्या,
घटोगन्धवानिति,:घटोगन्धवान्,इति,
बुद्धिरुत्पाद्यते,:बुद्धिः,उत्पाद्यते,
तथाऽत्रापि,:तथा,अत्र,अपि,
धर्मवाँस्तत्त्पदशक्य,:धर्मवान्,तत्त्पदशक्य,
बुद्धिविषयताऽवच्छेदकधर्मवानितिबुद्ध्या,:बुद्धिविषयताऽवच्छेदकधर्मवान्,इतिबुद्ध्या,
केचित्त्विति,:केचित्,तु,इति,
च्छेदकत्वविशिष्टधर्मावच्छिन्नस्तत्पदशक्य,:च्छेदकत्वविशिष्टधर्मावच्छिन्नः,तत्पदशक्य,
इत्येवंरूपे,:इति,एवम्,रूपे,
स्वरूपतस्तत्प्रकारकस्यानुभवस्य,:स्वरूपतस्तत्प्रकारकस्य,अनुभवस्य,
हेतुताऽऽपत्तेरिति,:हेतुताऽऽपत्तेः,इति,
बुद्धिविषयताऽवच्छेदकत्वस्थोपलक्षणतयैव,:बुद्धिविषयताऽवच्छेदकत्वस्थ,उपलक्षणतया,एव,
शाब्देऽभाननिर्वाहे,:शाब्दे,अभाननिर्वाहे,
विफलेति,:विफला,इति,
लक्षणयेति,:लक्षणया,इति,
लक्षणायोग्यतेति,:लक्षणायोग्यता,इति,
तत्क्वचिच्छक्तमिति,:तत्क्वचित्,शक्तम्,इति,
साधकान्तरमाह,:साधकान्तरम्,आह,
वस्तुतस्त्विति,:वस्तुतः,तु,इति,
महामहोपाध्यायश्रीराखालदासन्यायरत्नभट्टाचार्यमहाशयाध्यापकपादास्तु,:महामहोपाध्यायश्रीराखालदासन्यायरत्नभट्टाचार्यमहाशयाध्यापकपादाः,तु,
लक्षणातस्तत्प्रतिपाद्यत्वादिरूपधर्मेण,:लक्षणातः,तत्प्रतिपाद्यत्वादिरूपधर्मेण,
कथंचिदपीदानीन्तनवाक्यार्थनिर्वाहेऽपि,:कथञ्चित्,अपि,इदानीन्तनवाक्यार्थनिर्वाहे,अपि,
रामादिनिष्ठवैलक्षण्यबोधतात्पर्येणैव,:रामादिनिष्ठवैलक्षण्यबोधतात्पर्येण,एव,
चैतत्काले,:च,एतत्काले,
नास्तीत्यादिवाक्यार्थोपपत्तिः,:नास्ति,इत्यादिवाक्यार्थोपपत्तिः,
तथाऽङ्गीकारे,:तथा,अङ्गीकारे,
वक्ततात्पर्य्यानुपपत्तेरेव,:वक्ततात्पर्य्यानुपपत्तेः,एव,
रावणादिपदप्रतिपाद्यत्वरूपसामान्यधर्मस्येदानीन्तनपुरुषेऽपि,:रावणादिपदप्रतिपाद्यत्वरूपसामान्यधर्मस्य,इदानीन्तनपुरुषे,अपि,
सत्त्वात्तादृशसामान्यधर्मावच्छिन्नस्यैतत्काले,:सत्त्वात्,तादृशसामान्यधर्मावच्छिन्नस्य,एतत्काले,
प्रवृत्तिर्न,:प्रवृत्तिः,न,
कपिभेकादिसाधारण्येनानुपादेयतया,:कपिभेकादिसाधारण्येन,अनुपादेयतया,
तात्पर्यमवधार्य,:तात्पर्यम्,अवधार्य,
भवत्येव,:भवति,एव,
प्रवृत्तिरिति,:प्रवृत्तिः,इति,
स्मरेदित्यादिवाक्यादपि,:स्मरेत्,इत्यादिवाक्यात्,अपि,
प्रवृत्त्यापत्तेर्वारपितुमशक्यत्वादिति,:प्रवृत्त्यापत्तेः,वारपितुम्,अशक्यत्वात्,इति,
यतस्तत्तत्स्थले,:यतः,तत्तत्स्थले,
प्रयोगकल्पनमनुचितमिति,:प्रयोगकल्पनम्,अनुचितम्,इति,
वेदादिकमाकर्ण्य,:वेदादिकम्,आकर्ण्य,
लक्ष्यार्थतात्पर्येणापि,:लक्ष्यार्थतात्पर्येण,अपि,
शास्त्रप्रयुक्तेरावश्यकत्वादिति,:शास्त्रप्रयुक्तेरावश्यकत्वात्,इति,
इदमत्रावधेयम्,:इदम्,अत्र,अवधेयम्,
स्मरेदित्यादिसाक्षाद्विधिवाक्यस्थहर्य्यादिपदेषु,:स्मरेत्,इत्यादिसाक्षात्,विधिवाक्यस्थहर्य्यादिपदेषु,
यत्तु,:यत्,तु,
प्रमोषपक्षोऽनुगतोद्‌बोधकस्थलरीत्या,:प्रमोषपक्षः,अनुगतोद्‌बोधकस्थलरीत्या,
दूषितस्तत्तु,:दूषितः,तत्,तु,
स्वरूपतोऽलीकत्वेनानुगतोद्‌बोधकान्वेषणस्य,:स्वरूपतः,अलीकत्वेन,अनुगतोद्‌बोधकान्वेषणस्य,
वैयर्थ्यादिति,:वैयर्थ्यात्,इति,
युष्मदस्मच्छब्दयोः,:युष्मत्,अस्मत्,शब्दयोः,
युष्मदिति,:युष्मत्,इति,
ईदृश्येवेति,:ईदृशी,एव,इति,
युष्मत्पदप्रकारकबोधविशेष्यकेश्वरसंकेतोऽत्रापीत्यर्थः,:युष्मत्पदप्रकारकबोधविशेष्यकेश्वरसंकेतः,अत्र,अपि,इत्यर्थः,
तदाकारस्तु,:तदाकारः,तु,
भवत्वित्येवंरूपः,:भवतु,इत्येवम्,रूपः,
भवत्वित्येवमात्मकः,:भवतु,इति,एवम्,आत्मकः,
स्वोच्चारयितृताऽवच्छेदकत्वोपलक्षितधर्मावच्छिविषयकत्वस्वजन्यत्वोभयसंसर्गेणेति,:स्व,उच्चारयितृताऽवच्छेदकत्वोपलक्षितधर्मावच्छिविषयकत्वस्वजन्यत्वोभयसंसर्गेण,इति,
उभयत्रापि,:उभयत्र,अपि,
नाननुगमः,:न,अननुगमः,
प्रकृतास्मत्पदघटितवाक्यजन्यबोधाश्रयत्वप्रकारकेच्छाप्रयोज्योच्चारणमिति,:प्रकृतास्मत्पदघटितवाक्यजन्यबोधाश्रयत्वप्रकारकेच्छाप्रयोज्योच्चारणम्,इति,
स्वीयान्यदीयस्वार्थतात्पर्यकोच्चारणानधीनोच्चा-,:स्वीय,अन्यदीयस्वार्थतात्पर्यकोच्चारणानधीनोच्चा-,
रणकत्तृत्वोपलक्षितात्मत्वावच्छिन्नशक्तमिति,:रणकत्तृत्वोपलक्षितात्मत्वावच्छिन्नशक्तम्,इति,
वाक्यान्तरप्रतिपाद्यतयेति,:वाक्यान्तरप्रतिपाद्यतया,इति,
ज्ञाननिरूपितविषयतांऽऽपन्नक्रियाकर्त्तर्यस्मत्पदस्य,:ज्ञाननिरूपितविषयताम्,आपन्नक्रियाकर्त्तर्यस्मत्पदस्य,
वचनक्रियेत्येवंरूपम्,:वचनक्रियेत्येवम्,रूपम्,
सारमिति,:सारम्,इति,
कत्वोपलक्षितधर्मावच्छिन्नमस्मत्पदशक्यताऽवच्छेदकमिति,:कत्वोपलक्षितधर्मावच्छिन्नम्,अस्मत्पदशक्यताऽवच्छेदकम्,इति,
स्वसंबोध्यताऽवच्छेदकत्वोपलक्षितधर्मावच्छिन्नेऽन्तर्गतस्वसंबोध्यताऽव-,:स्वसंबोध्यताऽवच्छेदकत्वोपलक्षितधर्मावच्छिन्ने,अन्तर्गतस्वसंबोध्यताऽव-,
च्छेदकत्वरूपयुष्मत्पदप्रवृत्तिनिमित्तानुगमकघटकस्वसंबोध्यत्वमपि,:च्छेदकत्वरूपयुष्मत्पदप्रवृत्तिनिमित्तानुगमकघटकस्वसंबोध्यत्वम्,अपि,
एवमिति,:एवम्,इति,
त्याज्थमेवेति,:त्याज्यम्,एव,इति,
चास्मत्पदस्योच्चारयितरि,:च,अस्मत्पदस्य,उच्चारयितरि,
स्वघटितवाक्यार्थकर्मताऽऽपन्नवाक्यान्तरस्थक्रियाकर्त्तरि,:स्वघटितवाक्यार्थकर्मता,आपन्नवाक्यान्तरस्थक्रियाकर्त्तरि,
त्वयी"त्यादावस्मच्छब्देनर्षेर्युष्मच्छब्देन,:त्वयी"त्यादौ,अस्मत्,शब्देनर्षेर्युष्मत्,शब्देन,
बोधापत्तिस्तु,:बोधापत्तिः,तु,
क्लृप्तशाब्दबोधकारणताकतात्पर्यविरहादेव,:क्लृप्तशाब्दबोधकारणताकतात्पर्यविरहात्,एव,
सुनिरासेति,:सुनिरासा,इति,
संबोध्यतोच्चारयितृताऽवच्छेदकावच्छिन्ने,:संबोध्यता,उच्चारयितृताऽवच्छेदकावच्छिन्ने,
शक्तिस्वीकारेणेति,:शक्तिस्वीकारेण,इति,
आहार्येति,:आहार्य,इति,
ज्ञानमाहार्यमिति,:ज्ञानम्,आहार्यम्,इति,
चापण्डितेऽपि,:च,अपण्डिते,अपि,
पण्डित",:पण्डितः,",
विनाऽपि,:विना,अपि,
वेति,:व,इति,
वाक्यान्तरक्रियाकर्मत्वाभावादरुचेः,:वाक्यान्तरक्रियाकर्मत्वाभावाचि,रुचेः,
प्रकृतेऽपि,:प्रकृते,अपि,
तादृशवाक्यस्वरूपमेवेतिपदेन,:तादृशवाक्यस्वरूपम,एव,इतिपदेन,
मुख्यत्वादिति,:मुख्यत्वात्,इति,
शरीरात्मनोरुभयोरेव,:शरीरात्मनोः,उभयोः,एव,
सर्वजनीनत्वादित्याशयः,:सर्वजनीनत्वात्,इत्याशयः,
क्रमेणावच्छिन्नयोर्युष्मदस्मत्पदशक्तीशरीरप्रयोगस्थले,:क्रमेण,अवच्छिन्नयोः,युष्मत्,अस्मत्पदशक्तीशरीरप्रयोगस्थले,
संबोध्योच्चारयित्नोरेव,:संबोध्योच्चारयित्नोः,एव,
चैत्रोच्चारिततादृशवाक्यघटकास्मत्पदाच्चैत्रमैत्रादिबो-,:चैत्रोच्चारिततादृशवाक्यघटकास्मत्पदात्,चैत्रमैत्रादिबो-,
धस्यानुभविकतया,:धस्य,अनुभविकतया,
मैत्रादेरुच्चारयितृत्वाभावाच्चैत्रादिसमुदाये,:मैत्रादेः,उच्चारयितृत्वाभावात्,चैत्रादिसमुदाये,
सर्वमवदातम्,:सर्वम्,अवदातम्,
निरुक्तविशेषत्वमविवक्षितोत्वाद्दे-,:निरुक्तविशेषत्वम्,अविवक्षितोत्वाद्दे-,
वेति,:वा,इति,
नात्रापि,:न,अत्र,अपि,
घटादिपदादित्यर्थः,:घटादिपदात्,इत्यर्थः,
कथञ्चिदिति,:कथञ्चित्,इति,
इत्यादाविव,:इत्यादौ,इव,
विधेयांशेऽधिकावगाहिशब्दबोधाभ्यनपगमात्प्रकृते,:विधेयांशे,अधिकावगाहिशब्दबोधाभ्यनपगमात्प्रकृते,
सर्वपदोपस्थाप्पविधेयव्याप्यघटत्वादिरूपेणोपस्थितौ,:सर्वपदोपस्थाप्पविधेयव्याप्यघटत्वादिरूपेण,उपस्थितौ,
विवादोस्पदत्त्वारुचेराह,:विवादोस्पदत्त्वारुचेः,आह,
अत्राप्यन्वयिताऽवच्छेदकघटत्वादिनाऽनुपस्थितघटत्वादौ,:अत्र,अपि,अन्वयिताऽवच्छेदकघटत्वादिना,अनुपस्थितघटत्वादौ,
रूपव्याप्यमित्यादिज्ञानस्याप्रतिबन्धकत्वेन,:रूपव्याप्यम्,इत्यादिज्ञानस्य,अप्रतिबन्धकत्वेन,
वैयर्थ्याच्च,:वैयर्थ्यात्,च,
नापि,:न,अपि,
तत्तदुद्देश्यतेति,:तत्तदुद्देश्यता,इति,
एवमपि,:एवम्,अपि,
घटत्वव्यापकरूपस्यैवोद्देश्यताऽवच्छेदकत्वस्य,:घटत्वव्यापकरूपस्य,एव,उद्देश्यताऽवच्छेदकत्वस्य,
पर्यवसानादुद्देश्यताऽवच्छेदकविधेययोरैक्यान्न,:पर्यवसानात्,उद्देश्यताऽवच्छेदकविधेययोः),ऐक्यात्,न,
तन्न,:तत्,न,
सम्भवतीत्याह,:सम्भवति,इत्याह,
नापि,:न,अपि,
अत्रापि,:अत्र,अपि,
घटत्वादिव्यापकत्वस्याश्रयताऽऽदिनैव,:घटत्वादिव्यापकत्वस्य,आश्रयताऽऽदिना,एव,
चासम्भवी,:च,असम्भवी,
नामार्थयोरभेदेनैवान्वयादत,:नामार्थयोः,अभेदेन,एव,अन्वयात्,अत,
नाप्यभेदेनेति,:न,अपि,अभेदेन,इति,
प्रमाणमित्यादौ,:प्रमाणम्,इत्यादौ,
प्रमाणमित्यापद्येत,:प्रमाणम्,इत्यापद्येत,
विशेष्यस्यैव,:विशेष्यस्य,एव,
विशेषणपदेष्वपीति,:विशेषणपदेषु,अपि,इति,
चेयमसति,:च,इयम्,असति,
सर्वपदेऽपि,:सर्वपदे,अपि,
किञ्चोक्तप्रकारादभेदेन,:किञ्च,उक्तप्रकारात्,अभेदेन,
विधेयात्मकक्रियायामन्वये,:विधेयात्मकक्रियायाम्,अन्वये,
चापद्येत,:च,आपद्येत,
क्रियायामभेदेनैवान्वयेऽन्वितबोधकपदान्नपुंसकत्वानुशिष्टतोऽत्र,:क्रियायाम्,अभेदेन,एव,अन्वये,अन्वितबोधकपदात्,नपुंसकत्वानुशिष्टतः,अत्र,
घटत्वव्यापकत्वस्याश्रयत्वेन,:घटत्वव्यापकत्वस्य,आश्रयत्वेन,
वर्त्तनेऽन्वयः,:वर्त्तने,अन्वयः,
नामर्थधात्वर्थयोरप्यभेदान्वयव्युत्पत्तिनियमभङ्गप्रसङ्गः,:नामर्थधात्वर्थयोः,अपि,अभेदान्वयव्युत्पत्तिनियमभङ्गप्रसङ्गः,
ग्राह्योऽन्यथेतरभेदोपादाने,:ग्राह्यः,अन्यथा,इतरभेदोपादाने,
घटस्यासंभवमेव,:घटस्य,असंभवम्,एव,
वृत्तिमद्वृत्तित्वादिति,:वृत्तिमद्वृत्तित्वात्,इति,
वृत्तेर्यावतामेव,:वृत्तेः,यावताम्,एव,
स्वाभावप्रतियोगित्वादिति,:स्वाभावप्रतियोगित्वात्,इति,
कथञ्चिदिति,:कथञ्चित्,इति,
स्वनिरूपकत्वस्याश्रयवृत्तित्वोभयसंसर्गेण,:स्वनिरूपकत्वस्य,आश्रयवृत्तित्वोभयसंसर्गेण,
प्रतियोगिताविशिष्टभेदप्रतियोगिकभेदवद्भेदस्य,:प्रतियोगिताविशिष्टभेदप्रतियोगिकभेदवत्,भेदस्य,
विवक्षितेत्यर्थः,:विवक्षिता,इत्यर्थः,
तद्व्यावृत्तिरिति,:तत्,व्यावृत्तिः,इति,
अनुभवविरूद्धतयेति,:अनुभवविरूद्धतया,इति,
अयमर्थः,:अयम्,अर्थः,
घटनिष्ठभेदप्रतियोगित्वविशिष्टघटत्वस्यैवोद्देश्यताऽवच्छेदकत्वेन,:घटनिष्ठभेदप्रतियोगित्वविशिष्टघटत्वस्य,एव,उद्देश्यताऽवच्छेदकत्वेन,
तन्निरूपितैव,:तन्निरूपिता,एव,
भायान्न,:भायात्,न,
संसर्गघटकतयेति,:संसर्गघटकतया,इति,
भातव्यपदार्थस्यान्वयिताऽवच्छेदकरूपेणानुपस्थितावेव,:भातव्यपदार्थस्य,अन्वयिता,अवच्छेदकरूपेण,अनुपस्थितौ,एव,
पदार्थान्तरान्वयस्याव्युत्पन्नतेत्याशयः,:पदार्थान्तरान्वयस्य,अव्युत्पन्नता,इत्याशयः,
महिम्नेति,:महिम्ना,इति,
भावसंपादकसामग्रयेत्यर्थः,:भावसंपादकसामग्र्या,इत्यर्थः,
प्राथम्यस्यापि,:प्राथम्यस्य,अपि,
प्राथम्यमेतदुद्देश्यलक्षणमिति",:प्राथम्यम्,एतदुद्देश्यलक्षणम्,इति",
"अनुवाद्यमनुक्‌त्वैव,:"अनुवाद्यमनुक्‌त्वा,एव,
विधेयमुदीरयेदि",:विधेयम्,उदीरयेत्,इ",
चाभियुक्तोक्तेरित्यर्थः,:च,अभियुक्तोक्तेः,इत्यर्थः,
रूपाणीत्यादौ,:रूपाणि,इत्यादौ,
अत्रोच्यत,:अत्र,उच्यत,
घटत्वव्यापकत्वादिति,:घटत्वव्यापकत्वात्,इति,
ताकपर्य्याप्तेरनुयेगिभेदेऽप्यैक्यादिति,:ताकपर्य्याप्तेः,अनुयेगिभेदे,अपि,ऐक्यात्,इति,
तयोरपि,:तयोः,अपि,
घटत्वरूपयोरपि,:घटत्वरूपयोः,अपि,
तदपि,:तत्,अपि,
भवतीति,:भवति,इति,
सुकरमनुमानमुक्तव्याप्तेरिति,:सुकरम्,अनुमानम्,उक्तव्याप्तेः,इति,
रूपवन्तीत्यादिव्यवहारापत्तिः,:रूपवन्ती,इत्यादिव्यवहारापत्तिः,
विधेयताऽवच्छेदकत्वावच्छिन्नस्वघटितवाक्यजन्यप्रतिपाद्यत्वप्रकारताकवक्तृतात्पर्य्यविषयतासंबन्धेन,:विधेयता,अवच्छेदकत्वावच्छिन्नस्वघटितवाक्यजन्यप्रतिपाद्यत्वप्रकारताकवक्तृतात्पर्य्यविषयतासंबन्धेन,
सर्वपदविशिष्टधर्मवद्व्याप्या,:सर्वपदविशिष्टधर्मवत्,व्याप्या,
पर्याप्तिस्तत्प्रतियोगियावत्त्वावच्छिन्नविषयताकत्वसंबन्धेन,:पर्याप्तिः,तत्प्रतियोगियावत्त्वावच्छिन्नविषयताकत्वसंबन्धेन,
शक्त्यनन्त्यमिति,:शक्त्यनन्त्यम्,इति,
चेति,:च,इति,
अन्वयोऽस्मिन्नस्तीति,:अन्वयः,अस्मिन्,अस्ति,इति,
विशेष्यवदन्वयोऽस्यास्तीति,:विशेष्यवत्,अन्वयः,अस्य,अस्ति,इति,
विशेषणस्याप्यन्वयित्वे,:विशेषणस्य,अपि,अन्वयित्वे,
मत्वर्थीयप्रत्ययस्योभयथाऽनुशिष्टत्वादित्याशयः,:मत्वर्थीयप्रत्ययस्य,उभयथा,अनुशिष्टत्वात्,इत्याशयः,
विषयताऽनन्वयादिति,:विषयताऽनन्वयात्,इति,
शुद्धविषयतात्वेनैव,:शुद्धविषयतात्वेन,एव,
विषयतोपस्थितिर्न,:विषयतोपस्थितिः,न,
शक्त्यभावदिति,:शक्त्यभावात्,इति,
ऊहनीयमिति,:ऊहनीयम्,इति,
नुभविकत्वेनेदमीयज्ञानविषयताव्याप्यघटत्वव्यापकपर्याप्तिप्रतियोगियावत्त्वावच्छिन्ने,:अन्वयस्य,अनुभविकत्वेन,इदमीयज्ञानविषयताव्याप्यघटत्वव्यापकपर्याप्तिप्रतियोगियावत्त्वावच्छिन्ने,
सर्वपदशक्तिर्वाच्येति,:सर्वपदशक्तिः,वाच्य,इति,
नियमोपगमादिति,:नियमोपगमात्,इति,
अनुयोगिविशेषणावच्छेदेनैव,:अनुयोगिविशेषणावच्छेदेन,एव,
नञाऽभावः,:नञ,अभावः,
नियमोपगमादित्यर्थः,:नियमोपगमात्,इत्यर्थः,
विश्षणान्तरमिति,:विशेषाणान्तरम्,इति,
व्यासज्यवृत्तिधर्मावच्छिन्नानुयोगिताकत्वाभावाद्यात्मकमिति,:व्यासज्यवृत्तिः,धर्मावच्छिन्नानुयोगिताकत्वाभावाद्यात्मकम्,इति,
इत्याशयः,:इति,आशयः,
योगसिध्यधिकरणसिद्धान्तोऽपीति,:योगसिध्यधिकरणसिद्धान्तः,अपि,इति,
तार्त्तीयीकचरणेऽधिकरणमिदमेकादशत्वेनागतम्,:तार्त्तीयीकचरणे,अधिकरणम्,इदम्,एकादशत्वेन,आगतम्,
एकैनैवानुष्ठानेन,:एकैन,एव,अनुष्ठानेन,
सर्वफलप्राप्तिराहोस्वित्,:सर्वफलप्राप्तिः,आहोस्वित्,
पर्यायेणेति,:पर्यायेण,इति,
सर्वेषऽविशेषाद्,:सर्वे,अविशेषाद्,
विशेषस्याश्रवणादिति,:विशेषस्य,आश्रवणात्,इति,
"योगसिद्धिर्वाऽर्थस्योत्पत्त्यसंयोगित्वाद्",:"योगसिद्धिः,वा,अर्थस्य,उत्पत्त्यसंयोगित्वाद्",
क्रमेणेति,:क्रमेण,इति,
यवाद्वा,:यवात्,वा,
शास्त्रस्येति,:शास्त्रस्य,इति,
इत्येकेनैव,:इत्येकेन,एव,
स्वर्गपश्वादिफलानामुद्दिष्टतया,:स्वर्गपश्वादिफलानाम्,उद्दिष्टतया,
साहित्यमिह,:साहित्यम्,इह,
विवक्षितमिति,:विवक्षितम्,इति,
मिथोऽनपेक्षणामेव,:मिथः,अनपेक्षणाम्,एव,
भवेत्तद्विषयसाधनत्वप्रतिपादकताऽत्रत्यसर्वशब्दस्येति,:भवेत्,तद्विषयसाधनत्वप्रतिपादकता,अत्रत्यसर्वशब्दस्य,इति,
यद्येप्येतत्सिद्धान्तसूत्रमधिकरणान्तरसिद्धान्तितया,:यद्यपि,एतत्सिद्धान्तसूत्रम्,अधिकरणान्तरसिद्धान्तितया,
वेति,:वा,इति,
शाबरभाष्यमाश्रित्य,:शाबरभाष्यम्,आश्रित्य,
व्याख्यातमिति,:व्याख्यातम्,इति,
बहुभिर्व्याख्यातृभिः,:बहुभिः,व्याख्यातृभिः,
मुख्यतयोपगम्यः,:मुख्यतया,उपगम्यः,
चोद्याकाश,:च,उद्याकाश,
सर्वमनवद्यम्,:सर्वम्,अनवद्यम्,
विधेयव्याप्योद्देश्यताऽवच्छेदकधर्मवानिति,:विधेयव्याप्योद्देश्यताऽवच्छेदकधर्मवान्,इति,
पूज्यपादास्मदध्यापकामहामहोपाध्यायाः,:पूज्यपादास्मत्,अध्यापकामहामहोपाध्यायाः,
श्रीयदुनाथनैयायिकसार्वभौमभट्टाचार्य्यमहाशयपादास्तु,:श्रीयदुनाथनैयायिकसार्वभौमभट्टाचार्य्यमहाशयपादाः,तु,
रूपवद्भेदबुद्धीयप्रतिबन्धकतायामविवादात्,:रूपवत्,भेदबुद्धीयप्रतिबन्धकतायाम्,अविवादात्,
यादृगर्थनिरूपितशक्तिस्वीकरणे,:यादृक्,अर्थनिरूपितशक्तिस्वीकरणे,
जातिर्भावत्वव्याप्त्या,:जातिः,भावत्वव्याप्त्या,
घटत्वंरूपवद्व्याप्यमित्याकारकसर्वपदार्थनिश्चयस्य,:घटत्वम्,रूपवत्,व्याप्यम्,इत्याकारकसर्वपदार्थनिश्चयस्य,
अभिमतधर्मिताऽवच्छेदकसामानाधिकरण्येनाभावबुद्धौ,:अभिमतधर्मिताऽवच्छेदकसामानाधिकरण्येन,अभावबुद्धौ,
तादृशधर्मिताऽवच्छेदकव्यापकनिश्चयस्येव,:तादृशधर्मिताऽवच्छेदकव्यापकनिश्चयस्य,एव,
प्रतियोगिव्याप्यत्वनिश्चयस्यापि,:प्रतियोगिव्याप्यत्वनिश्चयस्य,अपि,
प्रतिबन्धकतायामविवादात्,:प्रतिबन्धकतायाम्,अविवादात्,
निर्धर्मिताऽवच्छेदककव्याप्तिनिश्चयस्य,:निर्धर्मिता,अवच्छेदकव्याप्तिनिश्चयस्य,
एवाग्रे,:एव,अग्रे,
व्यापकत्वार्थकतोक्तिरपि,:व्यापकत्वार्थकतोक्तिः,अपि,
रूपवानित्यादिबुद्धिनिरूपितविरोधितायाविवादानास्पदत्वादिति,:रूपवानित्यादिबुद्धिनिरूपितविरोधितायाविवादानास्पदत्वात्,इति,
किंपदस्य,:किम्,पदस्य,
विचारयितुमुपक्रमते,:विचारयितुम्,उपक्रमते,
-किंपदस्येचति,:-किम्,पदस्येचति,
किंपदप्रवृत्तिनि-,:किम्,पदप्रवृत्तिनि-,
मित्तताऽवच्छेदकत्वादेव,:मित्तताऽवच्छेदकत्वात्,एव,
उपलक्षणतयेति,:उपलक्षणतया,ति,
किंपदप्रवृत्तिनिमित्तमिति,:किम्,पदप्रवृत्तिनिमित्तम्,इति,
न्यूनवृत्तित्वमपीति,:न्यूनवृत्तित्वम्,अपि,इति,
स्वार्थभेदान्वयिताऽवच्छेदकत्वोपलक्षितधर्मन्यूनवृत्तित्वविशिष्टस्व-,:स्वार्थभेदान्वयिता,अवच्छेदकत्वोपलक्षितधर्मन्यूनवृत्तित्वविशिष्टस्व-,
समभिव्याहृतपदोपस्थाप्यताऽवच्छेदकावच्छिन्नविधेयतानिरूपितोद्देश्यताऽवच्छेदकत्वप्रकारतानिरूपकवक्तृजिज्ञासानिरूपितविशेष्यताकधर्मः,:समभिव्याहृतपदोपस्थाप्यताऽवच्छेदकावच्छिन्नविधेयतानिरूपितोद्देश्यता,अवच्छेदकत्वप्रकारतानिरूपकवक्तृजिज्ञासानिरूपितविशेष्यताकधर्मः,
स्वार्थान्वितोद्देश्यवाचकपदान्तरसमभिव्याहृतकिंपदस्य,:स्वार्थान्वितोद्देश्यवाचकपदान्तरसमभिव्याहृतकिम्,पदस्य,
किंपदेन,:किम्,पदेन,
चाभेदेन,:च,अभेदेन,
स्वार्थान्वयिताऽवच्छेदकधर्मन्यूनवृत्तित्वविशिष्टस्वसमभिव्याहृतपदोपस्थाप्यताऽवच्छेदकधर्मावच्छिन्नविधेयतानिरूपितोद्देश्यताऽवच्छेदकत्वप्रकारतानिरूपकवक्तृजिज्ञासानिरूपितविशेष्यताकधर्म,:स्वार्थान्वयिता,अवच्छेदकधर्मन्यूनवृत्तित्वविशिष्टस्वसमभिव्याहृतपदोपस्थाप्यता,अवच्छेदकधर्मावच्छिन्नविधेयतानिरूपितोद्देश्यता,अवच्छेदकत्वप्रकारतानिरूपकवक्तृजिज्ञासानिरूपितविशेष्यताकधर्म,
उद्देश्यताऽवच्छेदकेऽभेदान्वयिस्वार्थककिंपदस्य,:उद्देश्यता,अवच्छेदके,अभेदान्वयिस्वार्थककिम्,पदस्य,
चात्र,:च,अत्र,
पुरोवर्त्तित्वधर्ममपेक्ष्य,:पुरोवर्त्तित्वधर्मम्,अपेक्ष्य,
ब्राह्मणत्वादिधर्मस्तदवच्छिन्ने,:ब्राह्मणत्वादिधर्मः,तदवच्छिन्ने,
शक्तिरिति,:शक्तिः,इति,
संभावनेति,:संभावना,इति,
यद्यप्युत्कटकोटिकाज्ञानस्यैव,:यद्यपि,उत्कटकोटिकाज्ञानस्य,एव,
व्यवहारोऽत,:व्यवहारः,अत,
एवोत्प्रेक्षासंदेहयोः,:एव,उत्प्रेक्षासंदेहयोः,
पार्थक्यमपि,:पार्थक्यम्,अपि,
संशयपरताऽभ्युपगतेति,:संशयपरताऽभ्युपगता,इति,
अर्थादितीति,:अर्थात्,इति,इति,
शाब्दीति,:शाब्दी,इति,
अत्रेदमपि,:अत्र,इदम्,अपि,
यथाऽनुभावानुरोधतः,:यथा,अनुभावानुरोधतः,
किंशब्दस्य,:किम्,शब्दस्य,
दर्शितास्तथाऽपराऽपि,:दर्शिताः,तथा,अपरा,अपि,
शब्दजन्यप्रतिपत्तिविषयतारहितमित्यर्थः,:शब्दजन्यप्रतिपत्तिविषयतारहितम्,इत्यर्थः,
शब्दाप्रतिपाद्यधर्मावच्छिन्नेऽपि,:शब्दाप्रतिपाद्यधर्मावच्छिन्ने,अपि,
शक्तिरस्ति,:शक्तिः,अस्ति,
श्रितोऽस्माभस्तृष्णातरलितमनोभिर्जलनिधिः,:श्रितः,अस्माभस्तृष्णातरलितमनोभिः,जलनिधिः,
निजकरपुटीकोटरगतं---,:निजकरपुटीकोटरगतम्,---,
ताम्यत्तिमिमकरमापस्यति,:ताम्यत्तिमिमकरम्,आपस्यति,
प्रकरणवशात्तस्य,:प्रकरणवशात्,तस्य,
शक्तिर्वाच्या,:शक्तिः,वाच्या,
विषयकज्ञानाश्रयत्वाभाववानिति,:विषयकज्ञानाश्रयत्वाभाववान्,इति,
कुत्साऽर्थकमपीति,:कुत्साऽर्थकम्,अपि,इति,
कुत्साशक्यताऽवच्छेदककमपीत्याशयः,:कुत्साशक्यता,अवच्छेदककम्,अपि,इत्याशयः,
सममभेदान्वयायोग्यतया,:समम्,अभेदान्वयायोग्यतया,
गौरिति,:गौः,इति,
प्रयोगस्तदा,:प्रयोगः,तदा,
टजप्रवृत्तिस्तु,:टजप्रवृत्तिः,तु,
टज्विधायकशास्त्रीयोद्देश्यताऽवच्छेदकगर्भे,:टज्विधायकशास्त्रीयोद्देश्यता,अवच्छेदकगर्भे,
निन्दितार्थककिंशाब्दानुत्तरत्वनिवेशनिबन्धनाऽवगन्तव्येति,:निन्दितार्थककिम्,शाब्दानुत्तरत्वनिवेशनिबन्धनाऽवगन्तव्या,इति,
यत्पदघटितयाऽगृहीतयत्पदशक्तिकेन,:यत्पदघटितया,अगृहीतयत्पदशक्तिकेन,
ज्ञायेतेति,:ज्ञायेत,इति,
शङ्‌कामपनुदन्नाह,:शङ्‌काम्,अपनुदन्नाह,
प्रकारान्तरपरामर्शियच्छब्दस्थलमाह,:प्रकारान्तरपरामर्शियच्छब्दस्थलम्,आह,
चैत्र,:च,अत्र,
बोधनादिति,:बोधनात्,इति,
बहुत्वेऽनभिमतग्रहणरूपः,:बहुत्वे,अनभिमतग्रहणरूपः,
पूर्वप्रयुक्तपदोपस्थाप्यताऽवच्छेकेन,:पूर्वप्रयुक्तपदोपस्थाप्यता,अवच्छेकेन,
स्वोच्चारमानुकूलबुद्धिस्थेन,:स्वोच्चारम्,आनुकूलबुद्धिः,तेन,
धर्मेणावच्छिन्ने,:धर्मेण,अवच्छिन्ने,
शक्तिरिति,:शक्तिः,इति,
प्रक्राम्यमाणपरामर्शितच्छब्दशक्तिमाह,:प्रक्राम्यमाणपरामर्शितच्छब्दशक्तिम्,आह,
एवमिति,:एवम्,इति,
वैलक्ष्यण्यमाह,:वैलक्ष्यण्यम्,आह,
प्रक्रान्तेति,:प्रक्रान्त,इति,
पूर्ववदिति,:पूर्ववत्,इति,
धर्मस्तदवच्छिन्ने,:धर्मः,तदवच्छिन्ने,
शक्तिरिति,:शक्तिः,इति,
उपस्थितेरनुपपत्तिरिति,:उपस्थितेः,अनुपपत्तिः,इति,
प्रसिद्धार्थकमपीति,:प्रसिद्धार्थकम्,अपि,इति,
चैतद्,:च,एतद्,
अनुभूतार्थकताऽपि,:अनुभूतार्थकता,अपि,
तच्छब्दस्यास्ति,:तच्छब्दस्य,अस्ति,
नानुपपत्तिः,:न,अनुपपत्तिः,
इदमेतदोस्तुल्यार्थकतया,:इदम्,एतदोस्तुल्यार्थकतया,
तयोराह,:तयोः,आह,
इदमेतदोरिति,:इदम्,एतदोरिति,
लौकिकविषयताशालिनीति,:लौकिकविषयताशालिनी,इति,
तेनासौ,:तेन,असौ,
मरुच्चुम्बितचारुकेसर",:मरुच्चुम्बितचारुकेसरः,",
"इहामुत्रफलभोगविराग",:"इह,अमुत्रफलभोगविराग",
निरूपयितुमुपक्रमते-,:निरूपयितुम्,उपक्रमते-,
स्वशब्दस्येति,:स्वशब्दस्य,इति,
आहत्यैवेति,:आहत्य,एव,इति,
कपोतन्यायेनेति,:कपोतन्यायेन,इति,
चैत्रान्तस्येति,:चैत्रान्तस्य,इति,
यैर्वाक्ये,:यैः,वाीक्ये,
साक्षादिति,:साक्षात्,इति,
साक्षादेव,:साक्षात्,एव,
संबन्ध्यर्थकत्वाभावोपगन्तृमतादेतदुदाहरणमुक्तम्,:संबन्ध्यर्थकत्वाभावोपगन्तृमतात्,एतत्,उदाहरणम्,उक्तम्,
निर्वक्तुमारभते,:निर्वक्तुम्,आरभते,
एकेति,:एका,इति,
सजातीयत्वमिति,:सजातीयत्वम्,इति,
भवत्वित्याकारकः,:भवतु,इत्याकारकः,
कैवल्यमुदाहर्त्तुमाह,:कैवल्यम्,उदाहर्त्तुम्,आह,
अयमिति,:अयम्,इति,
समानार्थकेति,:समानार्थका,इति,
अवधारणार्थकेत्यर्थः,:अवधारणार्थका,इत्यर्थः,
शक्तिंव्युत्पाद्य,:शक्तिम्,व्युत्पाद्य,
निर्द्दिष्टदिशैवावशिष्टानामपि,:निर्द्दिष्टदिशैवावशिष्टानाम्,अपि,
पदनिष्ठपदशक्तेर्निरूपकत्वेन,:पदनिष्ठपदशक्तेः,निरूपकत्वेन,
तन्निरूपकत्वामत्र,:तन्निरूपकत्वाम्,अत्र,
विप्रतिपत्तेस्तत्रापि,:विप्रतिपत्तेः,तत्र,अपि,
मिथोऽपि,:मिथः,अपि,
विवक्षितविचारमवतारयति,:विवक्षितविचारम्,अवतारयति,
गवादिशब्दादिति,:गवादिशब्दात्,इति,
साक्षादिति,:साक्षात्,इति,
प्रतियोग्यनुयोगिसाक्षान्निरूपितविषयताशालिसम्बन्धस्यैव,:प्रतियोग्यनुयोगिसाक्षात्,निरूपितविषयताशालिसम्बन्धस्य,एव,
साक्षात्सम्बन्धत्वमित्यर्थः,:साक्षात्सम्बन्धत्वम्,इत्यर्थः,
सामानाधिकरण्येति,:सामानाधिकरण्या,इति,
स्वसमवायिसमवेतत्वेनेत्यर्थः,:स्वसमवायिसमवेतत्वेन,इत्यर्थः,
निरूपिताधिकरणत्वावच्छिन्नविशेष्यत्वावच्छिन्नविशेष्यतानिरूपितवृत्तित्वसंबन्धावच्छिन्नप्रकारताकत्वेनेति,:निरूपिताधिकरणत्वावच्छिन्नविशेष्यत्वावच्छिन्नविशेष्यतानिरूपितवृत्तित्वसंबन्धावच्छिन्नप्रकारताकत्वेन,इति,
चात्राकृतिव्यक्तिनिष्ठविषयतोर्मिथः,:च,अत्र,आकृतिव्यक्तिनिष्ठविषयतोः,मिथः,
साक्षान्निरूप्यनिरूपकाभावाभावान्न,:साक्षात्,निरूप्यनिरूपकाभावाभावात्,न,
सामानाधिकरणस्येति,:सामानाधिकरणस्य,इति,
लाघवाच्चेति,:लाघवात्,च,इति,
जात्याकृतिविसेषणभेदनिबन्धनशक्तिभेदप्रयुक्तगौरवमपेक्ष्येत्यर्थः,:जात्याकृतिविशेषणभेदनिबन्धनशक्तिभेदप्रयुक्तगौरवमपेक्ष्य,इत्यर्थः,
धेन्वादीति,:धेन्वात्,इति,
धानाकर्मत्वगोत्वयोर्भेदोऽपि,:धानाकर्मत्वगोत्वयोः,भेदः,अपि,
शक्त्यैकवदत्रापि,:शक्त्यैकवत्,अत्र,अपि,
तथेति,:तथा,इति,
चैकशक्तिविशिष्टपदार्थभिन्ना,:च,एकशक्तिविशिष्टपदार्थभिन्ना,
विवक्षितत्वमस्तीति,:विवक्षितत्वम्,अस्ति,इति,
प्रयोगोऽनुमतः,:प्रयोगः,अनुमतः,
तत्रैव,:तत्र,एव,
सामानवचनकत्वनियमादिति,:सामानवचनकत्वनियमात्,इति,
प्रागेवेति,:प्राक्,एव,इति,
गोत्वस्येव,:गोत्वस्य,इव,
द्रव्यत्वादेरपि,:द्रव्यत्वादेः,अपि,
भानापात्तेरिति,:भानापात्तेः,इति,
अनुपयुक्तत्वेति,:अनुपयुक्तत्व,इति,
गोपदशक्यमिति,:गोपदशक्यम्,इति,
निश्चयेऽपि,:निश्चये,अपि,
तदिति,:तत्,इति,
प्रत्यप्रतिबन्धकत्वादिति,:प्रत्यप्रतिबन्धकत्वात्,इति,
पदविशेषणेति,:पदविशेषण,इति,
शक्तमित्याकारायाम्,:शक्तम्,इत्याकारायाम्,
वेति,:वा,इति,
गोरित्याकारायोः,:गोः,इत्याकारायोः,
ग्राह्यतेति,:ग्राह्यता,इति,
स्वीकृत्याप्याह,:स्वीकृत्य,अपि,आह,
वेति,:वा,इति,
कुब्जेति,:कुब्ज,इति,
यद्विषयकत्वेनेत्यादिवाच्यत्वलक्षणे,:यद्विषयकत्वेन,इत्यादिवाच्यत्वलक्षणे,
परिजिहीर्षुराह,:परिजिहीर्षुः,आह,
यन्निष्ठविषयतानिरूपकत्वविशिष्टज्ञाननिष्ठविषयतानिरूपकत्वावच्छिन्न,:यत्,निष्ठविषयतानिरूपकत्वविशिष्टज्ञाननिष्ठविषयतानिरूपकत्वावच्छिन्न,
यद्वा,:यत्,वा,
यन्निष्ठविषयत्वनिरूपकत्वावच्छिन्ना,:यत्,निष्ठविषयत्वनिरूपकत्वावच्छिन्ना,
तत्त्वस्यैव,:तत्त्वस्य,एव,
ज्ञानस्येति,:ज्ञानस्य,इति,
मतभेदेनेति,:मतभेदेन,इति,
व्यक्तिविषयकत्वानन्तर्भावत्वेऽपि,:व्यक्तिविषयकत्वानन्तर्भावत्वे,अपि,
अधिकेति,:अधिका,इति,
व्यक्तिविषयकत्वेनेत्यर्थः,:व्यक्तिविषयकत्वेन,इत्यर्थः,
सर्वलक्षणिकेति,:सर्वलक्षणिका,इति,
धूमादित्यादौ,:धूमात्,इत्यादौ,
पञ्चम्याश्च,:पञ्चम्याः,च,
अर्थापत्तिर्वेति,:अर्थापत्तिः,वा,इति,
तदभावप्रयोज्यसत्त्वाभाववत्त्वरूपानुपपद्यमानत्वज्ञानमर्थापत्तिः,:तदभावप्रयोज्यसत्त्वाभाववत्त्वरूपानुपपद्यमानत्वज्ञानम्,अर्थापत्तिः,
वैयाधिकरण्यादिति,:वैयाधिकरण्यात्,इति,
हेतोरुपपादकस्य,:हेतोः,उपपादकस्य,
साध्येनोपपाद्येन,:साध्येन,उपपाद्येन,
सामानाधिकरण्याभावाद्,:सामानाधिकरण्य,अभावाद्,
व्याप्त्यादेरभावात्,:व्याप्त्यादेः,अभावात्,
कथमनुमित्यादिरिति,:कथम्,अनुमित्यादिः,इति,
हेतुताऽवच्छेदकस्य,:हेतुता,अवच्छेदकस्य,
साध्यताऽवच्छेदकस्य,:साध्यता,अवच्छेदकस्य,
जातिराधेयता,:जातिः,आधेयता,
निराबाधमेव,:निराबाधम्,एव,
व्यक्तेराक्षेपः,:व्यक्तेः,आक्षेपः,
व्यक्तेर्भानेऽपि,:व्यक्तेः,भाने,अपि,
भावनिर्वाहात्तदाक्षेपानुरोधः,:भावनिर्वाहात्,तदाक्षेपानुरोधः,
व्यक्तिघटितेति,:व्यक्तिघटिता,इति,
गवेतरावृत्तित्वघटितत्वेनार्थादेव,:गवेतरावृत्तित्वघटितत्वेन,अर्थात्,एव,
गोव्यक्तिघटितत्वमिति,:गोव्यक्तिघटितत्वम्,इति,
सम्भवेऽपीति,:सम्भवे,अपि,इति,
प्रमेयत्वादेस्तदघटितप्रकारस्य,:प्रमेयत्वादेः,तदघटितप्रकारस्य,
तत्स्मरणासम्भवादिति,:तत्स्मरणासम्भवात्,इति,
प्रमेयत्वादिप्रकारकशक्तित्रानस्याभावादित्यर्थः,:प्रमेयत्वादिप्रकारकशक्तित्रानस्य,अभावात्,इत्यर्थः,
स्मरणेऽपि,:स्मरणे,अपि,
अनुमेयमिति,:अनुमेयम्,इति,
स्वाश्रयवृत्तित्वसम्बन्धेन,:स्व,आश्रयवृत्तित्वसम्बन्धेन,
गोत्वविशिष्टकर्मत्वनिरूपकत्वादिति,:गोत्वविशिष्टकर्मत्वनिरूपकत्वात्,इति,
औपादानिकत्वमेवेति,:औपादानिकत्वम्,एव,इति,
जातिकरणकबोधविषयत्वमेवेत्यर्थः,:जातिकरणकबोधविषयत्वम्,एव,इत्यर्थः,
दर्शयति-व्यक्तेरपीति,:दर्शयति-व्यक्तेः,अपि,इति,
अतिविरहादिति,:अतिविरहात्,इति,
अन्वयिताSवच्छेदकरूपेणानुपस्थितस्य,:अन्वयिता,अवच्छेदकरूपेण,अनुपस्थितस्य,
प्रकारतयेति,:प्रकारतया,इति,
कार्यताऽवच्छेदकसंकोचस्येति,:कार्यताऽवच्छेदकसंकोचस्य,इति,
प्रत्यक्षादीत्यर्थः,:प्रत्यक्षात्,इत्यर्थः,
कारणतामनुगमयति,:कारणताम्,अनुगमयति,
यत्त्विति,:यत्,तु,इति,
सम्बन्धान्तरवत्तयेति,:सम्बन्धान्तरवत्तया,इति,
कालिकादिसम्बन्धवत्तयेत्यर्थः,:कालिकादिसम्बन्धवत्तया,इत्यर्थः,
सतीति,:सती,इति,
सतीत्यर्थः,:सती,इत्यर्थः,
समवायसाधारण्येति,:समवायसाधारण्या,इति,
सर्वमवदातम्,:सर्वम्,अवदातम्,
स्वयंप्रकटश्रीश्रीराधारमणचरणपरिचरणैकसर्वस्व,:स्वयम्,प्रकटश्रीश्रीराधारमणचरणपरिचरणैकसर्वस्व,
