प्लवेनार्जुनः,:प्लवेन,अर्जुनः,
भगवानस्तु,:भगवान्,अस्तु,
एवमार्यमिश्रान्विज्ञापयामि।,:एवम्,आर्यमिश्रान्,विज्ञापयामि।,
खल्वेते,:खलु,एते,
नावगच्छसि।,:न,अवगच्छसि।,
दुर्योधनावशेषे,:दुर्योधन,अवशेषे,
द्वितीयः---सम्यग्भवानाह।,:द्वितीयः---सम्यक्,भवान्,आह।,
प्रतिमुखमिमे,:प्रतिमुखम्,इमे,
तत्तत्कृत्वा,:तत्,तत्,कृत्वा,
तृतीयः---एवमेतत्।,:तृतीयः---एवम्,एतत्।,
चात्र,:च,अत्र,
नृपायुधागारमिवावसीदति,:नृपायुधागारम्,इव,अवसीदति,
माल्यैर्ध्वजाग्रपतितैःकृतमुण्डमालं।,:माल्यैः,ध्वजाग्रपतितैः,कृतमुण्डमालम्,।,
विपन्नं।,:विपन्नम्,।,
प्रवहणादिव,:प्रवहणात्,इव,
रथमुखादवतारयन्ति,:रथमुखात्,अवतारयन्ति,
शक्तिप्रासपरशुभिण्डिपालशूलमुसलमुद्गरवराहकर्णकणपकर्पणशङ्कुत्रासिगदादिभिरायुधैरवकीर्णस्य,:शक्तिप्रासपरशुभिण्डिपालशूलमुसलमुद्गरवराहकर्णकणपकर्पणशङ्कुत्रासिगदादिभिः,आयुधैः,अवकीर्णस्य,
यतस्ततः,:यतः,ततः,
पतितमुद्वहतीव,:पतितम्,उद्वहति,इव,
स्वमुकुटव्याविद्धसंवर्तिका।,:स्वमुकुटव्याविद्धसंवर्तिकाः,।,
स्थलपद्मिनीव,:स्थलपद्मिनि,इव,
राज्ञामभीतैर्मुर्खैः,:राज्ञाम्,अभीतैः,मुर्खैः,
द्वितीयः---ईदृशानामपि,:द्वितीयः---ईदृशानाम्,अपि,
प्रभवतीति,:प्रभवति,इति,
तृतीयः---मृत्युरेव,:तृतीयः---मृत्युः,एव,
क्षत्रियाणामिति।,:क्षत्रियाणाम्,इति।,
भवानेवम्,:भवान्,एवम्,
पार्थेनास्त्रबलान्महेश्वररणक्षेपावशिष्टैः,:पार्थेन,अस्त्रबलात्,महेश्वररणक्षेपावशिष्टैः,
वज्रपतनैश्चूर्णीकृताः,:वज्रपतनैः,चूर्णीकृताः,
पश्यामस्तावत्।,:पश्यामः,तावत्।,
एतत्खलु,:एतत्,खलु,
द्रौपदीकेशधर्षणावमर्षितस्य,:द्रौपदीकेशधर्षण,अवमर्षितस्य,
द्वितायः---भीमस्योरसि,:द्वितायः---भीमस्य,उरसि,
भुजद्वयान्तरतटेष्वासज्यमानायुधे,:भुजद्वयान्तरतटेषु,आसज्यमानायुधे,
यस्मिंन्चण्डगदाभिघातजनितः,:यस्मिंन्,चण्डगदाभिघातजनितः,
यस्यैषा,:यस्य,एषा,
भात्यग्रहस्ते,:भाति,अग्रहस्ते,
सान्द्रैर्निर्गलितप्रहाररुधिरैरार्द्रीकृतोरस्थलः।,:सान्द्रैः,निर्गलितप्रहाररुधिरैः,आर्द्रीकृतोरस्थलः।,
प्रहरत्यभीक्ष्णं,:प्रहरति,अभीक्ष्णं,
नरपतिर्बलवांस्तु,:नरपतिः,बलवान्,तु,
युधिष्ठिरोऽत्र,:युधिष्ठिरः,अत्र,
गाण्डिवमर्जुनेन,:गाण्डिवम्,अर्जुनेन,
विविधरत्नविचित्रमौलिर्युक्तोऽभिमानविनयद्युतिसाहसैश्च।,:विविधरत्नविचित्रमौलिः,युक्तः,अभिमानविनयद्युतिसाहसैः,च।,
वदत्यउपहसन्न,:वदति,उपहसन्,न,
त्यजेति,:त्यज,इति,
स्वमूरुमभिहत्य,:स्वम्,ऊरुम्,अभिहत्य,
कामपि,:काम्,अपि,
दीनमूदीक्ष्य,:दीनम्,उदीक्ष्य,
लब्धवेव,:लब्धवा,इव,
एवाभिवर्तते,:एव,अभिवर्तते,
किंचिदुत्कृष्य,:किंचित्,उत्कृष्य,
क्षितितलमवतीर्णः,:क्षितितलम्,अवतीर्णः,
पारिवेषीव,:पारिवेषि,इव,
वयमपि,:वयम्,अपि,
तावन्महाराजस्य,:तावत्,महाराजस्य,
प्रथमोऽङ्कः,:प्रथमः,अङ्कः,
युक्तमिदम्।,:युक्तम्,इदम्।,
नावेक्ष्य,:न,अवेक्ष्य,
तावदात्मा,:तावत्,आत्मा,
यावदद्य,:यावत्,अद्य,
एवंगतोऽप्यनुगच्छति,:एवंगतः,अपि,अनुगच्छति,
रुधिरेणार्द्रानुलिप्तच्छविः--,:रुधिरेण,आर्द्रानुलिप्तच्छविः,
निर्वृत्तेऽमृतमन्थने,:निर्वृत्ते,अमृतमन्थने,
क्षितिधरान्मुक्तः,:क्षितिधरात्,मुक्तः,
सासुरैःराकर्षन्निव,:सासुरैः,आकर्षन्,इव,
भोगमर्णवजले,:भोगम्,अर्णवजले,
भूमावेतच्छिरः,:भूमौ,एतच्छिरः,
प्रथममद्य,:प्रथमम्,अद्य,
विग्रहकथाश्च,:विग्रहकथाः,च,
तावदात्मा,:तावत्,आत्मा,
भवान्करिष्यति।,:भवान्,करिष्यति।,
शरीरैर्निर्दारितांसहृदयान्मुसलप्रहारैः।,:शरीरैः,निर्दारितांसहृदयात्,मुसलप्रहारैः।,
स्वर्गानुयात्रपुरुषांस्तव,:स्वर्गानुयात्रपुरुषान्,तव,
भवानेवम्।,:भवान्,एवम्।,
वैश्रवणालयेऽचलशिलावेगप्रतिस्फालिना।,:वैश्रवणालये,अचलशिलावेगप्रतिस्फालिना।,
भीमेनाद्य,:भीमेन,अद्य,
युद्धवञ्चनामुत्पाद्य,:युद्धवञ्चनाम्,उत्पाद्य,
भवानेवंविधः,:भवान्,एवंविधः,
येनेन्द्रस्य,:येन,इन्द्रस्य,
पारिजातकतरुर्मानेन,:पारिजातकतरुः,मानेन,
वर्षसहस्रमर्णवजले,:वर्षसहस्रम्,अर्णवजले,
सुप्तश्च,:सुप्तः,च,
[उत्सरतोत्सरतार्याः!,:[उत्सरत,उत्सरत,आर्याः!,
अयमत्रभवान्,:अयम्,अत्रभवान्,
दुर्जयेनादेशितमार्गोऽन्तःपुरानुबन्धः,:दुर्जयेन,आदेशितमार्गः,अन्तःपुरानुबन्धः,
एवाभिवर्तते।,:एव,अभिवर्तते।,
दुर्जयश्च।),:दुर्जयः,च।),
क्वासि।,:क्वा,असि।,
क्वासि।],:क्वा,असि।],
[महाराज!क्वासि।],:[महाराज!क्वा,असि।],
सुतमद्याहवे,:सुतम्,अद्य,आहवे,
[जीवितास्मि,:[जीविता,अस्मि,
यन्ममापि,:यत्,मम,अपि,
यन्मे,:यत्,मे,
प्रविष्टान्यवरोधनानि,:प्रविष्टानि,अवरोधनानि,
योऽहमन्वेष्टव्ये,:यः,अहम्,अन्वेष्टव्ये,
वीरमुत्पाद्य,:वीरम्,उत्पाद्य,
इयमत्रभवती,:इयम्,अत्रभवती,
पुत्रपौत्रवदनेषवाकुतूहलाक्षी,:पुत्रपौत्रवदनेषु,अकुतूहलाक्षी,
अस्रैरजस्रमधुना,:अस्रैः,अजस्रम्,अधुना,
क्वासि।,:क्वा,असि।,
राजा---अद्यास्मि,:राजा---अद्य,अस्मि,
व्रीडितोऽस्मि।,:व्रीडितः,अस्मि।,
राजा---अयमयमागच्छामि।,:राजा---अयम्,अयम्,आगच्छामि।,
सममुरुद्वयेनाद्य,:समम्,ऊरुद्वयेन,अद्य,
वस्त्रान्तमाकर्षन्,:वस्त्रान्तम्,आकर्षन्,
मार्गमादेशयति।,:मार्गम्,आदेशयति।,
पितरमन्विच्च।,:पितरम्,अन्विच्च।,
खल्वहम्।],:खलु,अहम्।],
पितुरङ्के,:पितुः,अङ्के,
क्वासि।],:क्वा,असि।],
राजा---अयमप्य़ागतः,:राजा---अयम्,अपि,आगतः,
किन्नु,:किम्,नु,
मामभिधास्यति,:माम्,अभिधास्यति,
भूम्य़ामुपविष्टः।],:भूमौ,उपविष्टः।],
किमर्थमिहागतः।,:किम्,अर्थम्,इहागतः।,
चिरासीति।],:चिरासि,इति।],
अस्यामवस्थायामपि,:अस्याम्,अवस्थायाम्,अपि,
(अङ्कमारोहति),:(अङ्कम्,आरोहति),
[अहमपि,:[अहम्,अपि,
वह्नित्वमागतः,:वह्नित्वम्,आगतः,
त्वयास्यताम्।,:त्वया,आस्यताम्।,
तवासनम्,:तव,आसनम्,
राजा---भ्रातृशतमनुगच्छामि।,:राजा---भ्रातृशतम्,अनुगच्छामि।,
[मामापि,:[माम्,अपि,
[आर्यायार्येण,:[आर्याय,आर्येण,
सर्वेणान्तःपुरेण,:सर्वेण,अन्तःपुरेण,
राजा---बालस्तावदसि,:राजा---बालः,तावत्,असि,
धृतराष्ट्रः---क्वासौ,:धृतराष्ट्रः---क्वा,असौ,
भूम्य़ामुपविष्टः।),:भूमौ,उपविष्टः।),
किलौको,:किल,एकौ,
भूमिगतस्तपस्वी,:भूमिगतः,तपस्वी,
परिश्रान्तोऽसि।),:परिश्रान्तः,असि।),
अहमभीतपुत्रप्रसविनी।],:अहम्,अभीतपुत्रप्रसविनी।],
राजा---अद्योत्पन्नमिवात्मानमवगच्छामि।,:राजा---अद्य,उत्पन्नम्,इव,आत्मानम्,अवगच्छामि।,
त्वय्येकस्मिन्हते,:त्वयि,एकस्मिन्,हते,
पतितोऽत्रभवान्,:पतितः,अत्रभवान्,
समाश्वासयात्रभवतीम्।,:समाश्वासय,अत्रभवतीम्।,
किमिति,:किम्,इति,
भोस्तात!,:भो,तात!,
ममनुग्रहः।,:मम्,अनुग्रहः।,
त्वत्पादमात्रप्रणताग्रमौलिर्ज्वलन्तमप्यग्निमचिन्तयित्वा।,:त्वत्पादमात्रप्रणताग्रमौलिः,ज्वलन्तम्,अपि,अग्निम्,अचिन्तयित्वा।,
येनैव,:येन,एव,
प्रसूतस्तेनैव,:प्रसूतः,तेन,एव,
निगृह्यात्मनि,:निगृह्य,आत्मनि,
संप्रवृत्तस्तीव्रस्समाक्रामति,:संप्रवृत्तः,तीव्रः,समाक्रामति,
शक्नोम्यत्रभवतः,:शक्नोमि,अत्रभवतः,
कर्तुमात्मनिवेदनम्,:कर्तुम्,आत्मनिवेदनम्,
राजा---विज्ञापयाम्यत्रभवतीम्।,:राजा---विज्ञापयामि,अत्रभवतीम्।,
अन्यस्यामपि,:अन्यस्याम्,अपि,
त्वमेव,:त्वम्,एव,
त्वमपि,:त्वम्,अपि,
पश्येमौ,:पश्य,इमौ,
त्वमपि,:त्वम्,अपि,
युद्धेऽष्टादशवाहिनीनृपतयः,:युद्धे,अष्टादशवाहिनीनृपतयः,
त्वमपि,:त्वम्,अपि,
अपि,:अपि,
[अहमपि,:[अहम्,अपि,
तदेव,:तत्,एव,
राजा---अहमेव,:राजा---अहम्,एव,
तत्रभवत्याश्चांबायाः,:तत्रभवत्याः,च,अंबायाः,
अभिमन्योर्जननी,:अभिमन्योः,जननी,
चेभे,:च,उभे,
चैवं,:च,एव,
पाण्डुसुतैस्त्वया,:पाण्डुसुतैः,त्वया,
दुर्योधनेनाततकार्मुकेण,:दुर्योधनेन,आततकार्मुकेण,
तमेव,:तम्,एव,
शून्यमध्वर्युणा,:शून्यम्,अध्वर्युणा,
वृत्तमिवाश्वमेधम्,:वृत्तम्,इव,अश्वमेधम्,
एवाभिवर्तते।,:एव,अभिवर्तते।,
मेरुःशृङ्गलग्नेन्द्रचापः,:मेरुः,शृङ्गलग्नेन्द्रचापः,
प्रविशत्य़श्वत्थामा।),:प्रविशति,अश्वत्थामा।),
अश्वत्थामा---(पूर्वोक्तमेव,:अश्वत्थामा---(पूर्वोक्तम्,एव,
चाहं,:च,अहं,
चाहम्।,:च,अहम्।,
स्थितोऽस्मि,:स्थितः,अस्मि,
किमनया,:किम्,अनया,
ममाप्य़प्रतिलाभविजयश्लाघया,:मम,अपि,अप्रतिलाभविजयश्लाघया,
एतच्छ्र्द्धास्यति।,:एतत्,शद्धास्यति।,
रथद्विपगताश्चापद्वितीयैः,:रथद्विपगताः,चापद्वितीयैः,
करैर्यस्यैकादशवाहिनीनृपतयस्तिष्ठन्ति,:करैः,यस्य,एकादशवाहिनीनृपतयः,तिष्ठन्ति,
रामशरावलीढकवचस्तातश्च,:रामशरावलीढकवचः,तातः,च,
सोऽप्यतिरथः,:सः,अपि,अतिरथः,
(परिक्रम्यावलोक्य),:(परिक्रम्य,अवलोक्य),
अयमभिहतगजतुरगनररथप्राराकारमध्यगतः,:अयम्,अभिहतगजतुरगनररथप्राराकारमध्यगतः,
मौलीनिपातचलकेशमयूखजालैर्गात्रैर्गदानिपतनक्षतशोणितार्द्रैः।,:मौलीनिपातचलकेशमयूखजालैः,गात्रैः,गदानिपतनक्षतशोणितार्द्रैः।,
भात्यस्तमस्तकशिलातलसंनिविष्टः,:भाति,अस्तमस्तकशिलातलसंनिविष्टः,
किमिदम्।,:किम्,इदम्।,
फलमपरितोषस्य।,:फलम्,अपरितोषस्य।,
सत्कारमूलमावर्जयिष्यामि।,:सत्कारमूलम्,आवर्जयिष्यामि।,
संकीर्णलेख्यमिव,:संकीर्णलेख्यम्,इव,
भवानेवम्।,:भवान्,एवम्।,
चैवंभूताः,:च,एवंभूताः,
धनुर्मुञ्चतु,:धनुः,मुञ्चतु,
सममुरुद्वयेनाद्य,:समम्,ऊरुद्वयेन,अद्य,
दर्पोऽपि,:दर्पः,अपि,
मैवम्।,:मा,एवम्।,
मानार्थमेव,:मानार्थम्,एव,
बालोऽपि,:बालः,अपि,
पुत्रोऽभिमन्युः,:पुत्रः,अभिमन्युः,
वनमृगैर्यत्पाण्डवाः,:वनमृगैः,यत्पाण्डवाः,
कृतप्रतिज्ञोऽस्मि।,:कृतप्रतिज्ञः,अस्मि।,
चात्मना,:च,आत्मना,
चैव,:च,एव,
शपाम्यहम्।,:शपामि,अहम्।,
निशासमरमुत्पाद्य,:निशासमरम्,उत्पाद्य,
अश्वत्थामा---हलायुधोऽत्रभवान्।,:अश्वत्थामा---हलायुधः,अत्रभवान्।,
इतस्तावत्।,:इतः,तावत्।,
विप्रोक्तैर्वचनैर्भव,:विप्रोक्तैः,वचनैः,भव,
परित्यजन्तीव,:परित्यजन्ति,इव,
इमेऽत्रभवन्तः,:इमे,अत्रभवन्तः,
एतत्कर्णमग्रतः,:एतत्,कर्णम्,अग्रतः,
अयमप्यैरावतशिरोविषक्तः,:अयम्,अपि,ऐरावतशिरोविषक्तः,
महेन्द्रकरतलमवलम्ब्य,:महेन्द्रकरतलम्,अवलम्ब्य,
क्रुद्धोऽभिभाषते,:क्रुद्धः,अभिभाषते,
मामभिमन्युः।,:माम्,अभिमन्युः।,
मामभिगताः।,:माम्,अभिगताः।,
अयमयमागच्छामि।,:अयम्,अयम्,आगच्छामि।,
धिगस्तु,:धिक्,अस्तु,
यातोऽद्य,:यातः,अद्य,
