प्राचेतसादासीत्,:प्राचेतसात्,आसीत्,
सन्तप्तोऽभवत्।,:सन्तप्तः,अभवत्।,
निष्कारणमेकं,:निष्कारणम्,एकं,
त्वमगमः,:त्वम्,अगमः,
क्रौञ्चमिथुनादेकम्,:क्रौञ्चमिथुनात्,एकम्,
प्रथमकाव्यमिति,:प्रथमकाव्यम्,इति,
स्मृतिपथमागताः।,:स्मृतिपथम्,आगताः।,
कथमभववत्,:कथम्,अभवत्,
दिव्यमासीत्।,:दिव्यम्,आसीत्।,
चेति।,:च,इति।,
किमश्वमेधयागं,:किम्,अश्वमेधयागं,
सम्पादयितुमारब्धवान्।,:सम्पादयितुम्,आरब्धवान्।,
शिष्टमष्टभागं,:शिष्टम्,अष्टभागं,
भुवमागतः,:भुवम्,आगतः,
षोडशवर्षादपि,:षोडशवर्षात्,अपि,
ऊहितुमपि,:ऊहितुम्,अपि,
प्रेषयितुमनुमतिं,:प्रेषयितुम्,अनुमतिं,
विघ्नमुत्पादयन्तीं,:विघ्नम्,उत्पादयन्तीं,
विश्वामित्रमनुसृत्य,:विश्वामित्रम्,अनुसृत्य,
सीतेति,:सीता,इति,
सीतामभिलषद्भ्यः,:सीताम्,अभिलषद्भ्यः,
भ्रातृभिश्च,:भ्रातृभिः,च,
वासमकरोत्।,:वासम्,अकरोत्।,
रामस्तु,:रामः,तु,
प्रीतिमात्रमभवत्।,:प्रीतिमात्रम्,अभवत्।,
मातृगृहादागता,:मातृगृहात्,आगता,
अभिषेकमनिच्छन्ती,:अभिषेकम्,अनिच्छन्ती,
दशरथसमीपमागत्य,:दशरथसमीपम्,आगत्य,
ज्येष्ठभ्रातरमनुसृतवान्।,:ज्येष्ठभ्रातरम्,अनुसृतवान्।,
खादितुमारब्धवान्।,:खादितुम्,आरब्धवान्।,
अयोध्यामागत्य,:अयोध्याम्,आगत्य,
श्रीराममानेतुं,:श्रीरामम्,आनेतुं,
लक्ष्मणमुपगतवती।,:लक्ष्मणम्,उपगतवती।,
सीतामपहर्तुं,:सीताम्,अपहर्तुं,
सीतामपहर्तुं,:सीताम्,अपहर्तुं,
सीतामपहृतवान्।,:सीताम्,अपहृतवान्।,
कर्तुमिच्छन्,:कर्तुम्,इच्छन्,
दक्षिणसमुद्रमुत्प्लुत्य,:दक्षिणसमुद्रम्,उत्प्लुत्य,
तरितुमारब्धवान्।,:तरितुम्,आरब्धवान्।,
पुत्रमक्षयं,:पुत्रम्,अक्षयं,
लङ्कामाक्रमितुं,:लङ्काम्,आक्रमितुं,
रावणोपि,:रावणः,अपि,
रावणस्तपसः,:रावणः,तपसः,
क्षयमीयिवान्॥,:क्षयम्,ईयिवान्॥,
प्रसिद्धिरेव,:प्रसिद्धिः,एव,
प्रसिद्धोयं,:प्रसिद्धः,अयं,
सरितश्च,:सरितः,च,
जीवनमेतदेव,:जीवनम्,एतत्,एव,
किमासीत्?,:किम्,आसीत्?,
कीदृशगुणवानिति,:कीदृशगुणवान्,इति,
आदर्शपूर्णमिति,:आदर्शपूर्णम्,इति,
प्रधानमस्ति।,:प्रधानम्,अस्ति।,
गुणपूर्णमासीदिति,:गुणपूर्णम्,आसीत्,इति,
अधुनापि,:अधुना,अपि,
इतःपरमपि,:इतःपरम्,अपि,
वयमेतान्,:वयम्,एतान्,
वयमिदानीं,:वयम्,इदानीं,
निगृहीतमन्तःकरणं,:निगृहीतम्,अन्तःकरणं,
अस्तीति,:अस्ति,इति,
जीवनमेव,:जीवनम्,एव,
मन्दिरमागतं,:मन्दिरम्,आगतं,
स्पष्टमुक्तवती।,:स्पष्टम्,उक्तवती।,
दण्डकारण्यमाश्रितः,:दण्डकारण्यम्,आश्रितः,
चैव,:च,एव,
अयमेकः,:अयम्,एकः,
आपत्कालेपि,:आपत्काले,अपि,
श्रीरामस्तु,:श्रीरामः,तु,
अप्रत्यक्षमस्ति,:अप्रत्यक्षम्,अस्ति,
बलमहं,:बलम्,अहं,
धैर्यमुत्पन्नमभवत्।,:धैर्यम्,उत्पन्नम्,अभवत्।,
द्रष्टुमेवं,:द्रष्टुम्,एवं,
ज्ञातुमशक्यम्,:ज्ञातुम्,अशक्यम्,
सूर्यमिव,:सूर्यम्,इव,
प्रदर्शितवानेव।,:प्रदर्शितवान्,एव।,
आहूतस्याभिषेकाय,:आहूतस्य,अभिषेकाय,
लक्षितस्तस्य,:लक्षितः,तस्य,
स्वमन्दिरमाहूतवान्,:स्वमन्दिरम्,आहूतवान्,
शोकमपि,:शोकम्,अपि,
बहिरिन्द्रियाणि,:बहिः,इन्द्रियाणि,
घ्राणमिति,:घ्राणम्,इति,
वशमेव,:वशम्,एव,
जन्तूनामपि,:जन्तूनाम्,अपि,
आदेशमनुसृत्य,:आदेशम्,अनुसृत्य,
कालानन्तरमेतं,:कालानन्तरम्,एतं,
श्रीराममुद्दिश्य,:श्रीरामम्,उद्दिश्य,
निर्देशमनुसरामि,:निर्देशम्,अनुसरामि,
स्पष्टमुक्तवान्,:स्पष्टम्,उक्तवान्,
केवलमात्मनः,:केवलम्,आत्मनः,
भवेदिति,:भवेत्,इति,
वीतमलाश्च,:वीतमलाः,च,
सत्यमाश्रित्य,:सत्यम्,आश्रित्य,
निन्दितुमारब्धवान्।,:निन्दितुम्,आरब्धवान्।,
यश्च,:यः,च,
किल्बिषमवाप्नोति,:किल्बिषम्,अवाप्नोति,
त्वमुक्तवान्,:त्वम्,उक्तवान्,
कृतवानिति,:कृतवान्,इति,
श्रीरामस्तु,:श्रीरामः,तु,
अपकारमाचरितवतः,:अपकारम्,आचरितवतः,
मारीतवानेव।,:मारीतवान्,एव।,
शिरश्च,:शिरः,च,
पूर्णमांसलहनुस्तु,:पूर्णमांसलहनुः,तु,
विशालमासीत्।,:विशालम्,आसीत्।,
चासीत्।,:च,आसीत्।,
साधनमासीत्।,:साधनम्,आसीत्।,
वक्षोंससन्धिगतमस्थिः।,:वक्षोंससन्धिगतम्,अस्थिः।,
प्रसिद्धमस्ति।,:प्रसिद्धम्,अस्ति।,
नातिह्रस्वत्वमिव,:न,अतिह्रस्वत्वम्,इव,
नातिदीर्घत्वमपि,:न,अतिदीर्घत्वम्,अपि,
वैकल्यमिति,:वैकल्यम्,इति,
स्निग्ध-इन्द्रनीलवर्णस्तु,:स्निग्ध-इन्द्रनीलवर्णः,तु,
भोगमिति।,:भोगम्,इति।,
श्रीरामस्तु,:श्रीरामः,तु,
सामुद्रिकशास्त्रानुसारमिदं,:सामुद्रिकशास्त्रानुसारम्,इदं,
संसिद्धमभवत्।,:संसिद्धम्,अभवत्।,
वचनमिति,:वचनम्,इति,
वर्तमानोहमिति।,:वर्तमानः,अहम्,इति।,
दण्डकारण्यमागत्य,:दण्डकारण्यम्,आगत्य,
तदापि,:तदा,अपि,
धर्ममनुसरति,:धर्मम्,अनुसरति,
तदनुकुर्वते।,:तत्,अनुकुर्वते।,
प्रथममेकम्,:प्रथमम्,एकम्,
तदाचरति,:तत्,आचरति,
अन्यत्रापि,:अन्यत्र,अपि,
सख्यमभवत्,:सख्यम्,अभवत्,
स्थापितवानेव।,:स्थापितवान,एव।,
पदमावहन्ति,:पदम्,आवहन्ति,
हितमेव,:हितम्,एव,
प्रियमिति।,:प्रियम्,इति।,
जानकीमपि,:जानकीम्,अपि,
नास्तीति,:नास्ति,इति,
सीतामपि,:सीताम्,अपि,
महान्तमपराधं,:महान्तम्,अपराधं,
कृतवन्तमपि,:कृतवन्तम्,अपि,
मरणानन्तरमपि,:मरणानन्तरम्,अपि,
निन्दितुमारब्धवान्,:निन्दितुम्,आरब्धवान्,
हितमेव,:हितम्,एव,
औदार्यमेव,:औदार्यम्,एव,
ज्ञानमिति,:ज्ञानम्,इति,
सङ्कोचमनुभूतवान्।,:सङ्कोचम्,अनुभूतवान्।,
बालोपि,:बालः,अपि,
प्रवर्तनीयमिति,:प्रवर्तनीयम्,इति,
लक्ष्मणमपि,:लक्ष्मणम्,अपि,
अविचलितमासीत्।,:अविचलितम्,आसीत्।,
स्वयमागत्य,:स्वयम्,आगत्य,
दातुमिच्छां,:दातुम्,इच्छां,
तत्क्षणमेव,:तत्क्षणम्,एव,
वनवासमेव,:वनवासम्,एव,
तदनन्तरमपि,:तदनन्तरम्,अपि,
स्वपराक्रममुद्घोषितवान्।,:स्वपराक्रमम्,उद्घोषितवान्।,
विभीषणमेकं,:विभीषणम्,एकं,
अयमर्थः,:अयम्,अर्थः,
तदनन्तरमुक्तम्।,:तदनन्तरम्,उक्तम्।,
सकृदेव,:सकृत्,एव,
तवास्मीति,:तव,अस्मि,इति,
प्रपन्नोSस्मि।,:प्रपन्नः,अस्मि।,
भवतीति,:भवति,इति,
सुग्रीवमुद्दिश्य,:सुग्रीवम्,उद्दिश्य,
समीपमागत्य,:समीपम्,आगत्य,
तदनन्तरमेव,:तदनन्तरम्,एव,
सख्यमभवत्।,:सख्यम्,अभवत्।,
सेतुबन्धनसमयेSपि,:सेतुबन्धनसमये,अपि,
शरणमागच्छत्।,:शरणम्,आगच्छत्।,
बाणमन्यत्र,:बाणम्,अन्यत्र,
वर्णितमस्ति।,:वर्णितम्,अस्ति।,
व्याकरणमनेन,:व्याकरणम्,अनेन,
व्याकरणज्ञानमस्मिन्,:व्याकरणज्ञानम्,अस्मिन्,
हनुमन्तमुद्दिश्य,:हनुमन्तम्,उद्दिश्य,
स्पष्टमवगम्यते।,:स्पष्टम्,अवगम्यते।,
शास्त्राणामर्थं,:शास्त्राणाम्,अर्थं,
कृतमुपकारं,:कृतम्,उपकारं,
स्पष्टमवगम्यते।,:स्पष्टम्,अवगम्यते।,
वनवासमेव,:वनवासम्,एव,
वचनमपि,:वचनम्,अपि,
शक्यमासीत्।,:शक्यम्,आसीत्।,
वनवासमपि,:वनवासम्,अपि,
वनमागत्य,:वनम्,आगत्य,
परिवर्तयितुमेवं,:परिवर्तयितुम्,एवं,
प्रलोभयितुमधिकं,:प्रलोभयितुम्,अधिकं,
यमुपसेवितुमिच्छन्ति,:यम्,उपसेवितुम्,इच्छन्ति,
मित्रशत्रुभेदमपि,:मित्रशत्रुभेदम्,अपि,
श्रीरामस्तु,:श्रीरामः,तु,
आभरणमिव,:आभरणम्,इव,
सम्मुखमागतवान्।,:सम्मुखम्,आगतवान्।,
दोषानपि,:दोषान्,अपि,
कथमभयं,:कथम्,अभयं,
अभयमभिलषति,:अभयम्,अभिलषति,
सत्यपूर्णमस्ति।,:सत्यपूर्णम्,अस्ति।,
वयमेकत्र,:वयम्,एकत्र,
ज्ञातुमेते,:ज्ञातुम्,एते,
रामराज्यमेव,:रामराज्यम्,एव,
नमाम्यहम्॥,:नमामि,अहम्॥,
