ग्लानिर्भवति,:ग्लानिः,भवति,
अभ्युत्थानमधर्मस्य,:अभ्युत्थानम्,अधर्मस्य,
तदात्मानं,:तदा,आत्मानं,
सृजाम्यहम्।,:सृजामि,अहम्।,
अद्भुतमेव।,:अद्भुतम्,एव।,
विपरीतमेव।,:विपरीतम्,एव।,
सारथ्यमभरोत्।,:सारथ्यम्,अभरोत्।,
बहिर्गमनं,:बहिः,गमनं,
छत्रमिव,:छत्रम्,इव,
जीवनमेव।,:जीवनम्,एव।,
नैकानि,:न,एकानि,
श्रीकृष्णश्च,:श्रीकृष्णः,च,
तदनुसृत्य,:तत्,अनुसृत्य,
तत्कालमेव,:तत्कालम्,एव,
नैतत्त्वय्युपपद्यते।,:न,एतत्,त्वयि,उपपद्यते।,
त्यक्त्वोत्तिष्ठ,:त्यक्त्वा,उत्तिष्ठ,
चिन्तनमेव।,:चिन्तनम्,एव।,
नैकासु,:न,एकासु,
कर्मण्येवाधिकारस्ते,:कर्मणि,एव,अधिकारः,ते,
तत्कालमेव,:तत्कालम्,एव,
सत्यमेव,:सत्यम्,एव,
भूतिर्ध्रुवा,:भूतिः,ध्रुवा,
नीतिर्मतिर्मम,:नीतिः,मतिः,मम,
नैकेभ्यः,:न,एकेभ्यः,
