ग्लानिर्भवति,:ग्लानिः,भवति,
अभ्युत्थानमधर्मस्य,:अभ्युत्थानम्,अधर्मस्य,
तदात्मानं,:तदा,आत्मानं,
सृजाम्यहम्।,:सृजामि,अहम्।,
अद्भुतमेव।,:अद्भुतम्,एव।,
उग्रसेन,इति,:उग्रसेनः,इति,
विपरीतमेव।,:विपरीतम्,एव।,
सारथ्यमभरोत्।,:सारथ्यम्,अभरोत्।,
बहिर्गमनं,:बहिः,गमनं,
अस्वस्थ,आसीत्।,:अस्वस्थः,आसीत्।,
छत्रमिव,:छत्रम्,इव,
अन्ततो,गत्वा,:अन्ततः,गत्वा,
जीवनमेव।,:जीवनम्,एव।,
नैकानि,:न,एकानि,
श्रीकृष्णश्च,:श्रीकृष्णः,च,
तद्,दिनम्,:तत्,दिनम्,
तदनुसृत्य,:तत्,अनुसृत्य,
तत्कालमेव,:तत्कालम्,एव,
यद्,इच्छन्ति,:यत्,इच्छन्ति,
तद्,स्वीकुर्वन्तु",:तत्,स्वीकुर्वन्तु",
नैतत्त्वय्युपपद्यते।,:न,एतत्,त्वयि,उपपद्यते।,
त्यक्त्वोत्तिष्ठ,:त्यक्त्वा,उत्तिष्ठ,
चिन्तनमेव।,:चिन्तनम्,एव।,
नैकासु,:न,एकासु,
कर्मण्येवाधिकारस्ते,:कर्मणि,एव,अधिकारः,ते,
तत्कालमेव,:तत्कालम्,एव,
अन्ततो,गत्वा,:अन्ततः,गत्वा,
सत्यमेव,:सत्यम्,एव,
जयत,इति,:जयते,इति,
एतद्,वैशिष्ट्यम्,:एतत्,वैशिष्ट्यम्,
कृष्णो,यत्र,:कृष्णः,यत्र,
पार्थो,धनुर्धरः।,:पार्थः,धनुर्धरः।,
श्रीर्विजयो,भूतिर्ध्रुवा,:श्रीः,विजयः,भूतिः,ध्रुवा,
भूतिर्ध्रुवा,:भूतिः,ध्रुवा,
नीतिर्मतिर्मम,:नीतिः,मतिः,मम,
नैकेभ्यः,:न,एकेभ्यः,
