तत्रत्याः,कार्यप्रणालीः,:तत्रत्याः,कार्यप्रणालीः,
यद्,यद्,यद्,पठनीयं,:यत्,यत्,यत्,पठनीयं,
तद्+,तद्+,तद्+,स्वबलेन,:तत्,तत्,तत्,स्वबलेन,
पुनश्च,:पुनः,च,
एतद्,तस्मै,:एतत्,तस्मै,
मध्यवर्गीय,जनसमुदायः,:मध्यवर्गीयः,जनसमुदायः,
स,मनसि,:सः,मनसि,
सिद्धा,भवन्ति,:सिद्धाः,भवन्ति,
तद्,लाभकारं,:तत्,लाभकारं,
यद्,दृश्येत,:यत्,दृश्येत,
क्षीरसागर,इत्यादीनां,:क्षीरसागरः,इत्यादीनां,
स,कृतवान्,:सः,कृतवान्,
नासीत्,:न,आसीत्,
आधुनिककाल,इव,:आधुनिककालः,इव,
नासीत्,:न,आसीत्,
नासीत्,:न,आसीत्,
नैकानि,:न,एकानि,
कारोनेशन,इति,:कारोनेशनः,इति,
भालचन्द्रभाटवडेकर,इति,:भालचन्द्रभाटवडेकरः,इति,
तद्,दृष्ट्वा,:तत्,दृष्ट्वा,
मग्न,अभवत्,:मग्नः,अभवत्,
