चित्रपट,इति,:चित्रपटः,इति,
एक,एव,:एकः,एव,
माणिक,इति,:माणिकः,इति,
स्नातको,भूत्वा,:स्नातकः,भूत्वा,
बिधोवनबारव,इत्यादिकानां,:बिधोवनबारवः,इत्यादिकानां,
चित्रकलाया,निपुणः,:चित्रकलायाः,निपुणः,
नैकैः,:न,एकैः,
सत्यजित,एव,:सत्यजितः,एव,
भार्याया,सह,:भार्यायाः,सह,
स,स्मृतवान्,:सः,स्मृतवान्,
नैकेषां,:न,एकेषां,
अन्ततो,गत्वा,:अन्ततः,गत्वा,
नास्ति,:न,अस्ति,
नासीत्,:न,आसीत्,
स,चित्रपटसृष्ट्यै,:सः,चित्रपटसृष्ट्यै,
नासीत्,:न,आसीत्,
एडिनबरो,संसार,इति,:एडिनबरः,संसारः,इति,
शाखाप्रशाखा-आगन्तुक,इत्यादयः,:शाखाप्रशाखा-आगन्तुकः,इत्यादयः,
आगन्तुक,इति,:आगन्तुकः,इति,
मुजमदार,इति,:मुजमदारः,इति,
सत्यजित,स्वयमेव,:सत्यजितः,स्वयमेव,
