nohup: ignoring input
0
1
1.1.1
1.1.2
1.1.3
1.1.4
1.2.1
1.2.2
1.2.3
1.3.1
1.3.2
1.3.3
1.4.1
1.4.2
1.4.3
1.4
1.5.1
1.5.2
1.5.3
1.5.4
1.5.5
1.6.1
1.6.2
1.6.3
1.7.1
1.7.2
1.7.3
1.7.4
1.7.5
1.8.1
1.8.2
1.8.3
1.8.4
1.8.5
1.8.6
1.9.1
1.10.1
1.10.2
1.11.1
1.11.2
1.12.1
1.12.2
1.12.3
1.13.1
1.13.2
1.13.3
1.13.4
1.14.1
1.14.2
1.15.1
1.15.2
1.15.3
1.15.4
1.15.5
1.16.1
1.16.2
1.16.3
1.17.1
1.17.2
1.17.3
1.18.1
1.18.2
1.18.3
1.19.1
1.19.2
1.19.3
1.19.4
1.19.5
1.20.1
1.20.2
1.20.3
1.21.1
1.21.2
1.21.3
1.21.4
1.21.5
1.22.1
1.22.2
1.22.3
1.22.4
1.23.1
1.24.1
1.24.2
1.24.3
1.24.4
1.25.1
1.25.2
1.26.1
1.26.2
1.26.3
1.27.1
1.27.2
1.27.3
1.27.4
1.27.5
1.28.1
1.28.2
1.28.3
1.29.1
1.29.2
1.29.3
1.30.1
1.30.2
1.30.3
1.31.1
1.31.2
1.32.1
1.32.2
1.32.3
1.32.4
1.33.1
1.33.2
1.33.3
1.33.4
1.34.1
1.34.2
1.35.1
1.35.2
1.35.3
1.36.1
1.36.2
1.36.3
1.37.1
1.37.2
1.37.3
1.38.1
1.38.2
1.38.3
1.39.1
1.39.2
1.39.3
1.39.4
1.40.1
1.41.1
1.42.1
1..42.2
1.42.3
1.43.1
1.43.2
1.43.3
1.44.1
1.44.2
1.45.1
1.45.2
1.45.3
1.46.1
1.46.2
1.46.3
1.46.4
1.47.1
1.47.2
1.47.3
1.48.1
1.48.2
1.48.3
1.48.4
1.48.5
1.48.6
2
2.1.1
2.1.2
2.1.3
2.1.4
2.2.1
2.2.2
2.2.3
2.2.4
2.2.5
2.3.1
2.3.2
2.3.3
2.3.4
2.4.1
2.4.2
2.4.3
2.4.4
2.5.1
2.5.2
2.5.3
2.5.4
2.5.5
2.6.1
2.6.2
2.6.3
2.6.4
2.6.5
2.6.6
2.7.1
2.7.2
2.7.3
2.7.4
2.7.5
2.7.6
2.7.7
2.8.1
2.8.2
2.8.3
2.8.4
2.8.5
2.9.1
2.9.2
2.9.3
2.9.4
2.9.5
2.9.6
2.9.7
2.10.1
2.10.2
2.10.3
2.10.4
2.11.1
2.11.2
2.11.3
2.11.4
2.12.1
2.12.2
2.12.3
2.12.4
2.12.5
2.12.6
2.13.1
2.13.2
2.13.3
2.13.4
2.14.1
2.14.2
2.14.3
2.15.1
2.15.2
2.15.3
2.15.4
2.16.1
2.16.2
2.16.3
2.16.4
2.17.1
2.17.2
2.17.3
2.17.4
2.18.1
2.18.2
2.18.3
2.18.4
2.19.1
2.19.2
2.19.3
2.20.1
2.20.2
2.20.3
2.21.1
2.21.2
2.21.3
2.22.1
2.23.1
2.23.2
2.23.3
2.24.1
2.24.2
2.25.1
2.25.2
2.26.1
2.26.2
2.26.3
2.27.1
2.27.2
2.27.3
2.28.1
2.28.2
2.29.1
2.29.2
2.29.3
2.29.4
2.29.5
2.29.6
2.29.7
2.29.8
2.30.1
2.30.2
2.30.3
2.31.1
2.31.2
2.31.3
2.31.3
2.31.4
2.32.1
2.32.2
2.32.3
2.33.1
2.33.2
2.33.3
2.34.1
2.34.2
2.34.3
2.35.1
2.35.2
2.35.3
2.35.4
2.36.1
2.36.2
2.36.3
2.36.4
2.36.5
2.37.1
2.37.2
2.37.3
2.38.1
2.38.2
2.38.3
2.38.4
2.39.1
2.39.2
2.39.3
2.39.4
2.40.1
2.40.2
2.40.3
2.40.4
2.41.1
2.41.2
2.41.3
2.41.4
2.42.1
2.42.2
2.43.1
2.43.2
2.44.1
2.44.2
2.45.1
2.45.2
2.46.1
2.46.2
2.46.3
2.47.1
2.47.2
2.47.3
2.48.1
2.48.2
2.48.3
2.48.4
2.48.5
2.49.1
2.49.2
2.49.3
2.50.1
2.50.2
2.51.1
2.51.2
2.51.3
2.51.4
2.52.1
2.52.2
2.52.3
2.53.1
2.53.2
2.53.3
2.53.4
2.54.1
2.54.2
2.54.3
2.55.1
2.55.2
2.55.3
2.55.4
2.55.5
2.56.1
2.56.2
2.57.1
2.57.2
2.57.3
2.57.4
2.58.1
2.58.2
2.58.3
2.59.1
2.59.2
2.59.3
2.60.1
2.60.2
2.61.1
2.61.2
2.61.3
2.62.1
2.62.2
2.62.3
2.62.4
2.63.1
2.63.2
2.63.3
2.64.1
2.64.2
2.64.3
2.64.4
2.65.1
2.65.2
2.65.3
2.66.1
2.66.2
2.66.3
2.66.4
2.66.5
2.67.1
2.67.2
2.67.3
2.67.4
2.68.1
2.68.2
2.68.3
2.68.4
2.69.1
2.69.2
2.69.3
2.70.1
2.70.2
2.70.3
2.70.4
2.70.5
2.70.6
2.71.1
2.71.2
2.71.3
2.71.4
2.71.5
2.72.1
2.72.2
2.72.3
2.73.1
2.73.2
2.73.3
3
3.1.1
3.1.2
3.1.3
3.1.4
3.2.1
3.2.2
3.2.3
3.2.4
3.3.1
3.3.2
3.3.3
3.3.4
3.4.1
3.4.2
3.4.3
3.5.1
3.5.2
3.5.3
3.5.4
3.6.1
3.6.2
3.6.3
3.6.4
3.6.5
3.7.1
3.7.2
3.7.3
3.7.4
3.8.1
3.8.2
3.8.3
3.8.4
3.8.5
3.9.1
3.9.2
3.9.3
3.9.4
3.10.1
3.10.2
3.10.3
3.11.1
3.11.2
3.11.3
3.11.4
3.12.1
3.12.2
3.12.3
3.13.1
3.13.2
3.13.3
3.14.1
3.14.2
3.14.3
3.14.4
3.14.5
3.15.1
3.15.2
3.15.3
3.15.4
3.15.5
3.16.1
3.16.2
3.16.3
3.17.1
3.17.2
3.17.3
3.17.4
3.17.5
3.18.1
3.18.2
3.18.3
3.18.4
3.18.5
3.19.1
3.19.2
3.19.3
3.19..4
3.19.5
3.20.1
3.20.2
3.20.3
3.20.4
3.20.5
3.21.1
3.21.2
3.21.3
3.21.4
3.22.1
3.22.2
3.22.3
3.22.4
3.23.1
3.23.2
3.23.3
3.23.4
3.24.1
3.24.2
3.24.3
3.24.4
3.24.5
3.25.1
3.25.2
3.26.1
3.26.2
3.26.3
3.26.4
3.27.1
3.27.2
3.28.1
3.28.2
3.28.3
3.29.1
3.29.2
3.30.1
3.30.2
3.31.1
3.31.2
3.31.3
3.32.1
3.32.2
3.32.3
3.33.1
3.33.2
3.33.3
3.33.4
3.34.1
3.34.2
3.34.3
3.34.4
3.35.1
3.35.2
3.35.3
3.35.4
3.36.1
3.36.2
3.36.3
3.36.4
3.37.1
3.37.2
3.37.3
3.37.4
3.38.1
3.38.2
3.38.3
3.38.4
3.39.1
3.39.2
3.39.3
3.40.1
3.40.2
3.41.1
3.41.2
3.41.3
3.41.4
3.42.1
3.42.2
3.42.3
3.42.4
3.42.5
3.43.1
3.43.2
3.43.3
3.43.4
3.44.1
3.44.2
3.44.3
3.44.4
3.44.5
4
4.1.1
4.1.2
4.1.3
4.1.4
4.1.5
4.2.1
4.2.2
4.2.3
4.2.4
4.3.1
4.3.2
4.3.3
4.3.4
4..4.1
4.4.2
4.4.3
4.4.4
4.4.5
4.5.1
4.5.2
4.5.3
4.5.4
4.5.5
4.6.1
4.6.2
4.6.3
4.6.4
4.6.5
4.7.1
4.7.2
4.7.3
4.8.1
4.8.2
4.8.3
4.9.1
4.9.2
4.9.3
4.9.4
4.9.5
4.10.1
4.10.2
4.10.3
4.11.1
4.11.2
4.11.3
4.12.1
4.12.2
4.12.3
4.13.1
4.13.2
4.13.3
4.13.4
4.14.1
4.14.2
4.14.3
4.14.4
4.15.1
4.15.2
4.15.3
4.15.4
4.15.5
4.15.6
4.16.1
4.16.2
4.16.3
4.16.4
4.16.5
4.16.6
4.17.1
4.17.2
4.17.3
4.17.4
4.17.5
4.18.1
4.18.2
4.18.3
4.18.4
4.19.1
4.19.2
4.19.3
4.19.4
4.20.1
4.20.2
4.20.3
4.20.4
4.21.1
4.21.2
4.21.3
4.22.1
4.22.2
4.22.3
4.23.1
4.23.2
4.23.3
4.24.1
4.24.2
4.24.3
4.24.4
4.25.1
4.25.2
4.25.3
4.25.4
4.25.5
4.26.1
4.26.2
4.26.3
4.26.4
4.27.1
4.27.2
4.27.3
4.28.1
4.28.2
4.29.1
4.29.2
4.29.3
4.30.1
4.30.2
4.30.3
4.31.1
4.31.2
4.31.3
4.32.1
4.32.2
4.32.3
4.33.1
4.33.2
4.33.3
4.34.1
4.34.2
4.35.1
4.35.2
4.35.3
4.35.4
4.36.1
4.36.2
4.36.3
4.37.1
4.37.2
4.37.3
4.37.4
4.38.1
4.38.2
4.38.3
4.39.1
4.39.2
4.39.3
4.39.4
4.39.5
4.40.1
4.40.2
4.40.3
4.40.4
4.40.5
4.41.1
4.41.2
4.41.3
4.42.1
4.42.2
4.43.1
4.43.2
4.43.3
4.43.4
4.43.5
4.43.6
5
5.1.1
5.1.2
5.1.3
5.1.4
5.2.1
5.2.2
5.2.3
5.2.4
5.2.5
5.3.1
5.3.2
5.3.3
5.3.4
5.4.1
5.4.2
5.4.3
5.5.1
5.5.2
5.5.3
5.5.4
5.5.5
5.6.1
5.6.2
5.6.3
5.6.4
5.7.1
5.7.2
5.7.3
5.7.4
5.7.5
5.8.1
5.8.2
5.8.3
5.8.4
5.9.1
5.9.2
5.9.3
5.10.1
5.10.2
5.10.3
5.10.4
5.11.1
5.11.2
5.12.1
5.12.2
5.12.3
5.12.4
5.13.1
5.13.2
5.13.3
5.13.4
5.14.1
5.14.2
5.15.1
5.15.2
5.15.3
5.15.4
5.15.5
5.16.1
5.16.2
5.16.3
5.16.4
5.17.1
5.17.2
5.18.1
5.18.2
5.19.1
5.19.2
5.19.3
5.19.4
5.19.5
5.19.6
5.19.7
5.20.1
5.20.2
5.20.3
5.20.4
5.21.1
5.21.2
5.21.3
5.21.4
5.21.5
5.22.1
5.22.2
5.23.1
5.23.2
5.23.3
5.23.4
5.24.1
5.24.2
5.24.3
5.25.1
5.25.2
5.26.1
5.26.2
5.26.3
5.27.1
5.27.2
5.27.3
5.27.4
5.28.1
5.28.2
5.28.3
5.29.1
5.29.2
5.29.3
5.30.1
5.30.2
5.30.3
5.30.4
5.30.5
5.30.6
6
6.1.1
6.1.2
6.1.3
6.1.4
6.1.5
6.1.6
6.2.1
6.2.2
6.2.3
6.2.4
6.3.1
6.3.2
6.3.3
6.3.4
6.3.5
6.4.1
6.4.2
6.4.3
6.4.4
6.5.1
6.5.2
6.5.3
6.5.4
6.6.1
6.6.2
6.6.3
6.6.4
6.7.1
6.7.2
6.7.3
6.7.4
6.7.5
6.8.1
6.8.2
6.8.3
6.8.4
6.9.1
6.9.2
6.9.3
6.10.1
6.10.2
610.3
6.10.4
6.11.1
6.11.2
6.12.1
6.12.2
6.12.3
6.12.4
6.13.1
6.13.2
6.14.1
6.14.2
6.14.3
6.14.4
6.15.1
6.15.2
6.16.1
6.16.2
6.16.3
6.16.4
6.16.5
6.16.7
6.17.1
6.17.2
6.17.3
6.18.1
6.18.2
6.18.3
6.18.4
6.19.1
6.19.2
6.19.3
6.19.4
6.20.1
6.20.2
6.20.3
6.21.1
6.21.2
6.21.3
6.21.4
6.22.1
6.22.2
6.22.3
6.22.4
6.22.5
6.23.1
6.23.2
6.23.3
6.24.1
6.24.2
6.24.3
6.24.4
6.25.1
6.25.2
6.25.3
6.26.1
6.26.2
6.26.3
6.26.4
6.27.1
6.27.2
6.27.3
6.28.1
6.28.2
6.29.1
6.29.2
6.29.3
6.30.1
6.30.2
6.30.3
6.30.4
6.31.1
6.31.2
6.31.3
6.32.1
6.32.2
6.32.3
6.32.4
6.32.5
6.32.6
6.33.1
6.33.2
6.33.3
6.33.4
6.33.5
6.34.1
6.34.2
6.34.3
6.34.4
6.35.1
6.35.2
6.36.1
6.36.2
6.36.3
6.36.4
6.37.1
6.37.2
6.37.3
6.38.1
6.38.2
6.39.1
6.39.2
6.39.3
6.39.4
6.39.5
6.39.6
6.40.1
6.40.2
6.40.3
6.40.4
6.40.5
6.41.1
6.41.2
6.41.3
6.42.1
6.42.2
6.42.3
6.42.4
6.43.1
6.43.2
6.44.1
6.44.2
6.44.3
6.44.4
6.44.5
6.45.1
6.45.3
6.45.4
6.46.1
6.46.2
6.46.3
6.46.4
6.46.5
6.46.6
6.47.1
6.47.2
6.47.3
6.47.4
6.47.5
6.48.1
6.48.2
6.48.3
6.48.4
6.48.5
6.48.6
7
7.1.1
7.1.2
7.1.3
7.1.4
7.1.5
7.2.1
7.2.2
7.2.3
7.2.4
7.3.1
7.3.2
7.3.3
7.3.4
7.4.1
7.4.2
7.4.3
7.4.4
7.5.1
7.5.2
7.6.1
7.6.2
7.6.3
7.6.4
7.7.1
7.7.2
7.7.3
7.8.1
7.8.2
7.8.3
7.9.1
7.9.2
7.9.3
7.9.4
7.9.5
7.10.1
7.10.2
7.10.3
7.11.1
7.11.2
7.11.3
7.11.4
7.12.1
7.12.2
7.12.3
7.12.4
7.12.5
7.13.1
7.13.2
7.13.3
7.13.4
7.14.1
7.14.2
7.15.1
7.15.2
7.15.3
7.15.4
7.16.1
7.16.2
7.16.3
7.16.4
7.17.1
7.17.2
7.17.3
7.17.4
7.18.1
7.18.2
7.18.3
7.18.4
7.18.5
7.19.1
7.19.2
7.19.3
7.19.4
7.20.1
7.20.2
7.20.3
7.21.1
7.21.2
7.21.3
7.21.4
7.22.1
7.22.2
7.22.3
7.22.4
7.23.1
7.23.2
7.23.3
7.23.4
7.23.5
7.24.1
7.24.2
7.24.3
7.25.1
7.25.2
7.25.3
7.25.4
7.26.1
7.26.2
7.26.3
7.26.4
7.27.1
7.27.2
7.27.3
7.28.1
7.28.2
7.28.3
7.29.1
7.29.2
7.29.3
7.29.4
7.30.1
7.30.2
7.30.3
7.31.1
7.31.2
7.31.3
7.31.4
7.31.5
7.31.6
8
8.1.1
8.1.2
8.1.3
8.1.4
8.1.5
8.1.6
8.2.1
8.2.2
8.2.3
8.2.4
8.3.1
8.3.2
8.3.3
8.3.4
8.4.1
8.4.2
8.4.3
8.4.4
8.5.1
8.5.2
8.5.3
8.6.1
8.6.2
8.6.3
8.6.4
8.7.1
8.7.2
8.7.3
8.8.1
8.8.2
8.8.3
8.9.1
8.9.2
8.9.3
8.10.1
8.10.2
8.10.3
8.10.4
8.10.5
8.11.1
8.11.2
8.11.3
8.11.4
8.11.5
8.12.1
8.12.2
8.12.3
8.13.1
8.13.2
8.13.3
8.13.4
8.14.1
8.14.2
8.15.1
8.15.2
8.15.3
8.15.4
8.15.5
8.15.6
8.16.1
8.16.2
8.16.3
8.16.4
8.17.1
8.17.2
8.18.1
8.18.2
8.18.3
8.18.4
8.19.1
8.19.2
8.19.3
8.20.1
8.20.2
8.20.3
8.21.1
8.21.2
8.21.3
8.21.4
8.21.5
8.22.1
8.22.2
8.22.3
8.23.1
8.23.2
8.23.3
8.23.4
8.24.1
8.24.2
8.24.3
8.24.4
8.24.5
8.25.1
8.25.2
8.25.3
8.25.4
8.26.1
8.26.2
8.27.1
8.27.2
8.27.3
8.27.4
8.27.5
8.28.1
8.28.2
8.28.3
8.28.4
8.28.5
8.28.6
8.29.1
8.29.2
8.29.3
8.29.4
8.29.5
8.29.6
9
9.1.1
9.1.2
9.1.3
9.1.4
9.1.5
9.2.1
9.2.2
9.3.1
9.3.2
9.3.3
9.4.1
9.4.2
9.5.1
9.5.2
9.5.3
9.6.1
9.6.2
9.6.3
9.7.1
9.7.2
9.7.3
9.7.4
9.8.1
9.8.2
9.8.3
9.9.1
9.9.2
9.9.3
9.10.1
9.10.2
9.10.3
9.10.4
9.11.1
9.11.2
9.11.3
9.12.1
9.12.2
9.12.3
9.13.1
9.13.2
9.13.3
9.13.4
9.13.5
9.14.1
9.14.2
9.14.3
9.15.1
9.15.2
9.15.3
9.16.1
9.16.2
9.16.3
9.17.1
9.17.2
9.17.3
9.17.4
9.18.1
9.18.2
9.19.1
9.19.2
9.19.3
9.19.4
9.20.1
9.20.2
9.20.4
9.20.5
9.20.6
9.20.7
9.21.1
9.21.2
9.21.3
9.21.4
9.21.5
9.22.1
9.22.2
9.22.3
9.23.1
9.23.2
9.23.3
9.23.4
9.23.5
9.24.1
9.24.2
9.24.3
9.24.4
9.24.5
9.25.1
9.25.2
9.25.3
9.26.1
9.26.2
9.26.3
9.27.1
9.27.2
9.27.3
9.27.4
9.27.5
9.27.6
9.28.1
9.28.2
9.28.3
9.29.1
9.29.2
9.29.3
9.29.4
9.30.1
9.30.2
9.30.3
9.30.4
9.30.5
9.31.1
9.31.2
9.31.3
9.32.1
9.32.2
9.32.3
9.32.4
9.32.5
9.32.6
9.33.1
9.33.2
9.33.3
9.34.1
9.34.2
9.34.3
9.34.4
9.34.5
9.34.6
9.35.1
9.35.2
9.35.3
9.35.4
9.35.5
9.35.6
