1,मञ्जूषेति,मञ्जूषा+इति,1,1,1,1,1
2,कटाक्षयन्नाह,कटाक्षयन्+आह,2,1,1,0,1
3,ज्ञानेऽपि,ज्ञाने+अपि,3,0,1,0,0
4,स्वीकार्येत्यभिप्रायवानाह,स्वीकार्य+इति+अभिप्रायवान्+आह,4,1,1,1,1
5,चेति,च+इति,5,0,1,1,1
6,तयोर्लक्षणायामन्तर्भावसम्भवादिति,तयोः+लक्षणायाम्+अन्तः+भाव+सम्भवात्+इति,6,0,0,0,0
7,समवायेनाकाशोपस्थितिसम्भवाद्,समवायेन+आकाश+उपस्थिति+सम्भवाद्,7,0,1,0,1
8,वृत्त्येति,वृत्त्या+इति,8,1,1,1,1
9,एतच्च,एतत्+च,9,0,1,1,1
10,समवायादिनाऽऽकाशआद्युपस्थितिर्न,समवाय+आदिना+आकाश+आदि+उपस्थितिः+न,10,0,0,0,0
11,लक्षणाऽनधीनत्वादिति,लक्षणा+अनधीनत्वात्+इति,11,0,0,0,0
12,तामादायार्थव्यवहारवारणाय,ताम्+आदाय+अर्थ+व्यवहार+वारणाय,12,0,1,1,1
13,वाऽन्वयि,वा+अन्वयि,13,0,0,0,0
14,लक्ष्यस्यार्थत्वव्यवहारानुरोधेन,लक्ष्यस्य+अर्थत्व+व्यवहार+अनुरोधेन,14,0,1,0,1
15,शक्त्येति,शक्त्या+इति,15,1,1,1,1
16,नोक्तम्,न+उक्तम्,16,0,1,1,1
17,स्यादतः,स्यात्+अतः,17,1,1,0,1
18,सर्वदाऽसत्त्वेऽपि,सर्वदा+असत्त्वे+अपि,18,0,0,0,0
19,व्यवहारानुपपत्तिरस्त्येवेति,व्यवहार+अनुपपत्तिः+अस्ति+एव+इति,19,0,1,0,1
20,तादृशप्रतिपत्तेर्लक्षणाऽधीनार्थव्यवहारे,तादृश+प्रतिपत्तेः+लक्षणा+अधीन+अर्थ+व्यवहारे,20,0,0,0,0
21,वस्तुतस्तु,वस्तुतः+तु,21,1,1,1,1
22,व्याप्यवृत्तितयेदानीमित्यस्यानन्वयाद्,व्याप्य+वृत्तितया+इदानीम्+इति+अस्य+अनन्वयाद्,22,0,1,1,1
23,इत्यपीष्यत,इत्यपि+इष्यत,23,1,1,1,1
24,तात्पर्यवन्न,तात्पर्यवत्+न,24,0,1,0,0
25,वृत्तित्वमिति,वृत्तित्वम्+इति,25,1,1,1,1
26,विभजते+तत्रेति,विभजते+तत्र+इति,26,0,0,0,0
27,पारिभाषिकमिति,पारिभाषिकम्+इति,27,1,1,1,1
28,अर्थस्तु,अर्थः+तु,28,1,1,1,1
29,लक्ष्यपरिभाषितयोर्व्यवच्छेदार्थः,लक्ष्य+परिभाषितयोः+व्यवच्छेद+अर्थः,29,0,1,0,1
30,वाच्यत्वव्यवहारापत्तिरर्थस्य,वाच्यत्व+व्यवहार+आपत्तिः+अर्थस्य,30,0,1,0,1
31,चेश्वरेच्छया,च+ईश्वर+इच्छया,31,0,1,1,1
32,सैव,सा+एव,32,1,1,1,1
33,कर्तृत्वमिति,कर्तृत्वम्+इति,33,1,1,1,1
34,तिङमभिप्रेत्यः,तिङम्+अभिप्रेत्यः,34,1,1,1,1
35,पदमिति,पदम्+इति,35,1,1,1,1
36,धात्वर्थीभूतेति,धात्वर्थी+भूता+इति,36,0,1,1,0
37,फलस्यैवात्मनेपदाद्यर्थत्वात्,फलस्य+एव+आत्मनेपद+आदि+अर्थत्वात्,37,0,1,1,1
38,पातित्वंतदाश्रयजनकत्वे,पातित्वम्+तत्+आश्रय+जनकत्वे,38,0,0,0,0
39,गौरिति,गौः+इति,39,0,1,0,1
40,वैपरीत्यमिति,वैपरीत्यम्+इति,40,1,1,1,1
41,सैव,सा+एव,41,1,1,1,1
42,गौरुच्यत,गौः+उच्यत,42,0,1,0,1
43,गौरिति,गौः+इति,43,0,1,0,1
44,वक्तीत्यादौ,वक्ति+इति+आदौ,44,1,1,1,1
45,निरूक्तधात्वर्थेस्य,निरूक्त+धातु+अर्थे+अस्य,45,0,0,0,0
46,कर्तृत्वमाख्यातादिना,कर्तृत्वम्+आख्यात+आदिना,46,1,1,1,1
47,तच्च,तत्+च,47,0,1,1,1
48,पदमिति,पदम्+इति,48,1,1,1,1
49,चेति,च+इति,49,0,1,1,1
50,साधूनेव,साधून्+एव,50,0,1,1,1
51,नासाधूनिति,न+असाधून्+इति,51,0,1,1,1
52,निषेधानुपपत्तिरिति,निषेध+अनुपपत्तिः+इति,52,0,1,0,1
53,एवमिति,एवम्+इति,53,1,1,1,1
54,तादृशेच्छयेति,तादृश+इच्छया+इति,54,1,1,1,1
55,तत्तदर्थविषयकबोधजनकत्वप्रकारकत्वावच्छिन्नेच्छावृत्तिजनकताकभगवदुच्चारणजन्यत्वमर्थः,तत्+तत्+अर्थ+विषयक+बोध+जनकत्व+प्रकारकत्व+अवच्छिन्न+इच्छा+आवृत्ति+जनक+ताक+भगवत्+उच्चारण+जन्यत्वम्+अर्थः,55,0,1,0,1
56,चार्थे,च+अर्थे,56,0,1,1,1
57,प्रकृतिगुणकणेनाप्यसंसृष्टरूपे,प्रकृति+गुण+कणेन+अपि+असंसृष्टरूपे,57,0,1,1,1
58,निरवधिरमलप्रीतिरस्माकमास्ताम्,निरवधिः+अमल+प्रीतिः+अस्माकम्+आस्ताम्,58,0,1,0,1
59,शालिग्रामात्प्रकटिततनुर्भक्तजीवातपरूपः,शालिग्रामात्+प्रकटि+ततनुः+भक्त+जीव+अतप+रूपः,59,0,1,0,1
60,श्रीमद्राधारमणवपुषाऽऽश्वास्य,श्रीमत्+राधा+रमण+वपुषा+आश्वास्य,60,0,0,0,0
61,प्रणमाम्यहम्,प्रणमामि+अहम्,61,0,1,1,1
62,किलोच्चावचचराचराञ्चनचुञ्चौ,किल+उच्चावच+चराचर+अञ्चन+चुञ्चौ,62,0,1,1,1
63,प्रपञ्चेऽवान्तरविभागप्रविभागभिन्नानन्तपदार्थसङ्‌कुलेऽपि,प्रपञ्चे+अव+अन्तर+विभाग+प्रविभाग+भिन्न+अनन्त+पद+अर्थ+सङ्‌कुले+अपि,63,0,0,0,0
64,मेयसिद्धिर्मानसिद्धिश्च,मेय+सिद्धिः+मान+सिद्धिः+च,64,0,1,0,1
65,लक्षणादिति,लक्षणात्+इति,65,1,1,0,1
66,विद्वद्वरकृष्णभट्टकृतया,विद्वत्+वर+कृष्ण+भट्टकृतया,66,0,1,0,1
67,विनोदिनीकृतैव,विनोदिनी+कृता+एव,67,0,1,1,0
68,प्रथितैरभीष्टम्,प्रथितैः+अभीष्टम्,68,0,1,0,1
69,श्रीमाधवस्तार्किकः,श्रीमाधवः+तार्किकः,69,1,1,1,1
70,चैतद्विभजनमनुपपन्नम्,च+एतत्+विभजनम्+अनुपपन्नम्,70,0,1,0,1
71,ममापि,मम+अपि,71,1,1,1,1
72,तत्रैव,तत्र+एव,72,1,1,1,1
73,भवानित्यादौ,भवान्+इति+आदौ,73,0,1,1,1
74,भविष्यतीत्यादिबोधस्यानुभवसिद्धस्यानुपपत्तिरिति,भविष्यति+इति+आदि+बोधस्य+अनुभव+सिद्धस्य+अनुपपत्तिः+इति,74,0,1,0,1
75,तज्‌ज्ञानजन्यपदार्थोपस्थितेर्हेतुतया,तत्+ज्ञान+जन्य+पदार्थ+उपस्थितेः+हेतुतया,75,0,0,0,0
76,दुःखनिवृत्तिर्मुक्तिरित्याचार्याः,दुःख+निवृत्तिः+मुक्तिः+इति+आचार्याः,76,0,1,0,1
77,वाक्यार्थः,वाक्य+अर्थः,77,1,1,1,1
78,तत्राव्याप्तिवारणाय,तत्र+अव्याप्ति+वारणाय,78,0,1,1,1
79,स्वसमानाधिकरणेति,स्व+समान+अधिकरण+इति,79,0,1,1,1
80,इदानीन्तनदुःखध्वंसेsतिव्याप्तिवारणाय,इदानीम्+तन+दुःख+ध्वंसे+अतिव्याप्ति+वारणाय,80,0,0,0,0
81,दुःखप्रागभावासमानकालीनेति,दुःख+प्राग+भाव+असमान+कालीन+इति,81,0,1,1,1
82,दुःखासमानकालीनत्वविशेषणोपादानेनैव,दुःख+असमान+कालीनत्व+विशेषण+उपादानेन+एव,82,0,1,1,1
83,तत्रातिव्याप्तिवारणसंभवे,तत्र+अतिव्याप्ति+वारण+संभवे,83,0,0,0,1
84,प्रागभावविशेषणेनेति,प्राग+भाव+विशेषणेन+इति,84,0,1,1,1
85,वैय्यर्थ्याभावात्,वैय्यर्थ्य+अभावात्,85,0,1,1,1
86,देवदेवमभिवंद्य,देव+देवम्+अभिवंद्य,86,0,0,0,1
87,तावच्चिकीर्षितग्रन्थस्य,तावत्+चिकीर्षित+ग्रन्थस्य,87,0,1,1,1
88,भवत्यस्मादिति,भवति+अस्मात्+इति,88,0,1,0,1
89,जगतस्त्रैलोक्यस्य,जगत:+त्रैलोक्यस्य,89,89,89,89,89
90,देवेन्द्रादीनामपि,देवेन्द्र+आदीनाम्+अपि,90,0,1,1,1
91,जगत्पतित्वमस्तीति,जगत्+पत्तित्वम्+अस्ति+इति,91,0,0,0,0
92,तद्व्यवच्छेदायाह,तत्+वि+अव+छेदाय+आह,92,0,1,0,1
93,परमिति,परम्+इति,93,1,1,1,1
94,उत्कृष्टमित्यर्थः,उत्कृष्टम्+इति+अर्थः,94,1,1,1,1
95,अनन्यप्रेष्यमिति,अनन्य+प्रेष्यम्+इति,95,0,1,1,1
96,वेदेभ्योऽखिलम्,वेदेभ्यः+अखिलम्,96,0,1,0,1
97,तमहम्,तम्+अहम्,97,0,1,1,1
98,सकृन्नत्वापि,सकृत्+नत्वा+अपि,98,1,1,0,0
99,विघ्नराजमहम्,विघ्न+राजम्+अहम्,99,0,1,1,1
100,निर्दिशंश्चिकीर्षितम्,निर्दिशन्+चिकीर्षितम्,100,0,1,1,0
101,बालोऽपि,बालः+अपि,101,0,1,0,1
102,प्रवेशमल्पेन,प्रवेशम्+अल्पेन,102,1,1,1,1
103,वाञ्छत्यलसः,वाञ्छति+अलसः,103,1,1,1,1
104,मयैषा,मया+एषा,104,1,1,1,1
105,एषेति,एषा+इति,105,1,1,1,1
106,नान्यत्रेत्यत्र,न+अन्यत्र+इति+अत्र,106,0,1,1,1
107,उभयोरपि,उभयोः+अपि,107,0,1,0,1
108,तत्प्रतिपाद्यत्वमेव,तत्+प्रतिपाद्यत्वम्+एव,108,0,1,1,1
109,एवार्थाभ्युपगमेऽभ्युपगम्यमाने,एव+अर्थ+अभि+उपगमे+अभि+उपगम्यमाने,109,0,1,0,0
110,चार्थे,च+अर्थे,110,0,1,1,1
111,विनिगमकाभावादुभयोरपि,विनिगमक+अभावात्+उदुभयोः+अपि,111,0,0,0,0
112,सिद्धान्तत्वमेवेत्यभिप्रेत्य,सिद्धान्तत्वम्+एव+इति+अभिप्रेत्य,112,1,1,1,1
113,वार्थः,वा+अर्थः,113,1,1,1,1
114,विकल्पतस्तल्लक्षणमुक्तम्,विकल्पतः+तत्+लक्षणम्+उक्तम्,114,0,1,0,1
115,द्वितीयादिकमित्यभिप्रायेण,द्वितीय+आदिकम्+इति+अभि+प्रायेण,115,0,1,1,1
116,हेतुवदाभासमाना,हेतुवत्+आभा+समाना,116,0,1,0,1
117,तल्लक्षणमाह,तत्+लक्षणम्+आह,117,1,1,0,1
118,अनुमितीति,अनुमिति+इति,118,1,1,1,1
119,सत्यनुमित्यभावनियमस्तादृशं,सति+अनुमित्य+भाव+नियमः+तादृशं,119,0,1,1,1
120,व्याप्तिज्ञानेनैवान्यथासिद्धतया,व्याप्ति+ज्ञानेन+एव+अन्यथा+सिद्धतया,120,0,1,1,1
121,तदसंग्रहापत्तेः,तत्+असंग्रह+आपत्तेः,121,1,0,0,1
122,उपाधिज्ञानस्यापि,उपाधि+ज्ञानस्य+अपि,122,0,1,1,1
123,तत्रातिव्याप्त्यापत्तेः,तत्र+अति+व्याप्ति+आपत्तेः,123,0,1,1,1
124,यथोक्ते,यथा+उक्ते,124,1,1,1,1
125,उपाधिज्ञानेऽपि,उपाधि+ज्ञाने+अपि,125,0,1,0,0
126,व्युत्पत्तिवादपदार्थश्चोक्तव्यापारः,,व्युत्पत्ति+वाद+पद+अर्थः+च+उक्त+व्यापारः,,126,0,0,0,0
127,तादृशव्यापारश्च,तादृश+व्यापारः+च,127,0,1,1,1
128,अभेदश्च,अभेदः+च,128,1,1,1,1
129,ग्रन्थेनैव,ग्रन्थेन+एव,129,1,1,1,1
130,तदुपयोगितयैव,तत्+उपयोगितया+एव,130,1,1,0,1
131,क्वचिदभेदः,क्वचित्+अभेदः,131,1,1,0,1
132,क्वचिच्च,क्वचित्+च,132,0,1,1,1
133,एवेत्यादि,एव+इत्यादि,133,1,1,1,1
134,संबन्धद्वैविध्यमपि,संबन्ध+द्वैविध्यम्+अपि,134,0,0,0,1
135,वक्तुमुचितम्,वक्तुम्+उचितम्,135,0,1,1,1
136,वोऽसुरवधूहृदयावसादः,वः+असुर+वधू+हृदय+अवसादः,136,0,1,0,0
137,प्रोद्यतस्त्रिभुवनक्रमणे,प्र+उद्यतः+त्रिभुवन+क्रमणे,137,0,1,0,1
138,इवाम्बरसागरस्य,इव+अम्बर+सागरस्य,138,0,1,1,1
139,एवमार्यमिश्रान्विज्ञापयामि,एवम्+अर्य+मिश्रान्+विज्ञापयामि,139,0,0,0,0
140,भोस्तात,भोः+तात,140,1,1,0,1
141,खल्वेषः,खलु+एषः,141,0,1,1,1
142,शब्दोच्चारणादस्य,शब्द+उच्चारणात्+अस्य,142,0,1,0,1
143,केनचित्पापचेतसा,केनचित्+पाप+चेतसा,143,0,1,1,1
144,पुनर्नेपथ्ये,पुनः+नेपथ्ये,144,0,0,0,0
145,परिवृतस्तरुणैः,परिवृतः+तरुणैः,145,1,1,1,1
146,ख्यातिरासीत्,ख्यातिः+आसीत्,146,0,1,0,1
147,अभवत्तदा,अभवत्+तदा,147,1,1,1,1
148,श्रोतुमिच्छामि,श्रोतुम्+इच्छामि,148,1,1,1,1
149,एतावत्पर्यन्तम्,एतावत्+पर्यन्तम्,149,1,1,1,1
150,शिशुरपि,शिशु:+अपि,150,150,150,150,150
151,शिक्षणमारब्धम्,शिक्षणम्+आरब्धम्,151,0,1,1,1
152,आगन्तव्यमिति,आगन्तव्यम्+इति,152,1,1,1,1
153,अज्ञातवासश्च,अज्ञात+वासः+च,153,0,1,1,1
154,गमिष्यतीति,गमिष्यति+इति,154,1,1,1,1
155,स्थातव्यमासीत्,स्थातव्यम्+आसीत्,155,0,1,1,1
