क्षुद्रोऽपि,:क्षुद्रः,अपि,
भवेन्महताम्,:भवेत्,महताम्,
क्षुद्रोऽपि,:क्षुद्रः,अपि,
भवेन्महताम्,:भवेत्,महताम्,
गुहाद्वाराद्,बहिः,:गुहाद्वारात्,बहिः,
निद्रासुखमनुभवति,:निद्रासुखम्,अनुभवति,
तदैव,:तदा,एव,
कर्तुमारेभे।,:कर्तुम्,आरेभे।,
कर्णनासिकयोरुपरि,:कर्णनासिकयोः,उपरि,
तमपश्यत्,:तम्,अपश्यत्,
तमवदत्-,:तम्,अवदत्-,
निद्राभङ्गोऽकारि।,:निद्राभङ्गः,अकारि।,
त्वामपराधिनम्।',:त्वाम्,अपराधिनम्।',
पुनस्तेनोक्तं,:पुनः,तेन,उक्तं,
यदहमाजीवनं,:यत्,अहम्,आजीवनं,
प्रत्युपकारमपि,:प्रत्युपकारम्,अपि,
सिंहो,विहस्य,:सिंहः,विहस्य,
कश्चिदाखेटकः,:कश्चित्,आखेटकः,
स,सिंहः,:सः,सिंहः,
बद्धो,जातः।,:बद्धः,जातः।,
निष्फला,अभवन्।,:निष्फलाः,अभवन्।,
अहमिदानीमेव,:अहम्,इदानीम्,एव,
स,निशितदन्तः,:सः,निशितदन्तः,
अल्पेनैव,:अल्पेन,एव,
बहिरागतः।,:बहिः,आगतः।,
किमस्माकमनेनेति,:किम्,अस्माकम्,अनेन,इति,
लघुर्न,:लघुः,न,
सर्वेषामुपयोगिता॥,:सर्वेषाम्,उपयोगिता॥,
