सहयायिनोस्तयोः,:सहयायिनोः,तयोः,
मैत्रीसम्बन्धोऽभवत्।,:मैत्रीसम्बन्धः,अभवत्।,
तयोरेकतरोऽध्वनि,:तयोः,एकतरः,अध्वनि,
पतितमेकं,:पतितम्,एकं,
द्वितीयोऽपि,:द्वितीयः,अपि,
नूनमङ्गुलीयकं,:नूनम्,अङ्गुलीयकं,
लब्धमिति,:लब्धम्,इति,
ममाप्यस्मिन्,:मम,अपि,अस्मिन्,
समानाधिकारो,वर्तते।,:समानाधिकारः,वर्तते।,
कोपमुपागतः,:कोपम्,उपागतः,
कठोरवाचाऽवदत्-,:कठोरवाचा,अवदत्-,
किमर्थमहं,:किमर्थम्,अहं,
मूर्खो,नाहम्।,:मूर्खः,न,अहम्।,
नाहम्।,:न,अहम्।,
द्वितीयो,यात्री,:द्वितीयः,यात्री,
मौनमालम्बत।,:मौनम्,आलम्बत।,
स,कलहं,:सः,कलहं,
नैच्छत्।,:न,ऐच्छत्।,
किञ्चिदग्रे,:किञ्चित्,अग्रे,
कश्चिद्,अश्वारोही,:कश्चित्,अश्वारोही,
तस्यैव,:तस्य,एव,
भ्रष्टमासीत्।,:भ्रष्टम्,आसीत्।,
स,तौ,:सः,तौ,
उच्चैरक्रोशत्-,:उच्चैः,अक्रोशत्-,
निग्रहभयाद्,व्याकुलः,:निग्रहभयात्,व्याकुलः,
द्वितीयमाह-,:द्वितीयम्,आह-,
किमधुना,:किम्,अधुना,
द्वितीयोऽभ्यधात्-,:द्वितीयः,अभ्यधात्-,
त्वयैवं,:त्वया,एवं,
निपतितोऽस्मि।,:निपतितः,अस्मि।,
दण्डभाग्,भविष्यामि।,:दण्डभाक्,भविष्यामि।,
यो,नरो,नरो,लाभदर्शी,:यः,नरः,नरः,लाभदर्शी,
प्राज्ञो,न,:प्राज्ञः,न,
विश्वसेत्तस्मिन्,:विश्वसेत्,तस्मिन्,
