एकश्च,:एकः,च,
गृहसेवका,गर्दभाय,:गृहसेवकाः,गर्दभाय,
इतस्ततो,भ्रान्त्वा,:इतस्ततः,भ्रान्त्वा,
खाद्यमाशयति,:खाद्यम्,आशयति,
तत्सर्वमवेक्ष्य,:तत्सर्वम्,अवेक्ष्य,
ईर्ष्यालुरभवत्।,:ईर्ष्यालुः,अभवत्।,
स,प्रायश्चिन्तयति,:सः,प्रायश्चिन्तयति,
विविधा,भोज्यपदार्था,भोज्यपदार्था,बहुमूल्यानि,:विविधाः,भोज्यपदार्थाः,भोज्यपदार्थाः,बहुमूल्यानि,
सज्जितान्यासन्।,:सज्जितानि,आसन्।,
भोजनार्थमुपवेष्टुं,:भोजनार्थम्,उपवेष्टुं,
लालनमसहमानः,:लालनम्,असहमानः,
ईर्ष्यानलदग्धो,गर्दभः,:ईर्ष्यानलदग्धः,गर्दभः,
तत्रोपयातः,:तत्र,उपयातः,
निहितमासीत्।,:निहितम्,आसीत्।,
आगत्यैव,:आगत्य,एव,
अग्रपादावुत्तानीकृत्य,:अग्रपादौ,उत्तानीकृत्य,
तत्राययुः।,:तत्र,आययुः।,
रोषाकुलश्चासीत्।,:रोषाकुलः,च,आसीत्।,
भविष्यतीति,:भविष्यति,इति,
तर्कितमासीत्।,:तर्कितम्,आसीत्।,
यो,कुरुते,:यः,कुरुते,
स,मूढो,मूढो,मन्दधीर्लोके,:सः,मूढः,मूढः,मन्दधीः,लोके,
मन्दधीर्लोके,:मन्दधीः,लोके,
प्रयात्येवोपहास्यताम्,:प्रयाति,एव,उपहास्यताम्,
