चार्जयति।,:च,अर्जयति।,
एकदाऽसौ,:एकदा,असौ,
भूमिरुद्घातिनी,:भूमिः,उद्घातिनी,
भारोद्वहनेऽशक्ततामनुभवति,:भारोद्वहने,अशक्तताम्,अनुभवति,
कतिपयैरहोभिः,:कतिपयैः,अहोभिः,
रुग्णोऽस्मि।,:रुग्णः,अस्मि।,
इत्याकर्ण्य,:इति,आकर्ण्य,
रोषेणाऽवदत्-,:रोषेण,अवदत्-,
नासि।,:न,असि।,
किमर्थमहं,:किमर्थम्,अहं,
चलतस्तस्य,:चलतः,तस्य,
चेतश्चोद्विजते,:चेतः,च,उद्विजते,
एकमेकं,:एकम्,एकं,
वराकोऽसौ,:वराकः,असौ,
कियद्‌दूरं,:कियत्,दूरं,
सवेगमुच्छ्‌वसन्,:सवेगम्,उच्छ्‌वसन्,
इत्यासीत्,:इति,आसीत्,
उपायान्तरमनवलोक्य,:उपायान्तरम्,अनवलोक्य,
भारमाश्वस्य,:भारम्,आश्वस्य,
पृष्ठमारोपयत्।,:पृष्ठम्,आरोपयत्।,
मृतदेहोऽपि,:मृतदेहः,अपि,
'किमिदम्,:'किम्,इदम्,
दर्शिताऽभविष्यत्,:दर्शिता,अभविष्यत्,
भारोऽयम्,:भारः,अयम्,
नाभविष्यत्।',:न,अभविष्यत्।',
प्रीतिर्नापि,:प्रीतिः,न,अपि,
तत्रोपेति,:तत्र,उपेति,
