परिभवमाप्नुते,:परिभवम्,आप्नुते,
परिभवमाप्नुते,:परिभवम्,आप्नुते,
कश्चिद्,वायसो,वायसो,विजनेऽरण्ये,:कश्चित्,वायसः,वायसः,विजने,अरण्ये,
विजनेऽरण्ये,:विजने,अरण्ये,
नैकवर्णान्,:न,एकवर्णान्,
मुदित,चित्तः,:मुदितः,चित्तः,
काकस्तानेकत्रीकृतवान्,:काकः,तान्,एकत्रीकृतवान्,
स,दीर्घपिच्छमयूरवत्,:सः,दीर्घपिच्छमयूरवत्,
इतस्ततोऽनृत्यत्।,:इतस्ततः,अनृत्यत्।,
काकमण्डलीमुपेतवान्।,:काकमण्डलीम्,उपेतवान्।,
मयूरमभिधाय,:मयूरम्,अभिधाय,
इत्युदीर्य,:इति,उदीर्य,
स,एकां,:सः,एकां,
भ्रमितुमारेभे।,:भ्रमितुम्,आरेभे।,
दशाऽभवत्।,:दशा,अभवत्।,
विक्षतदेहाद्,अस्रधाराऽस्रवत्।,:विक्षतदेहात्,अस्रधारा,अस्रवत्।,
अस्रधाराऽस्रवत्।,:अस्रधारा,अस्रवत्।,
कथञ्चिद्,उड्डीय,:कथञ्चित्,उड्डीय,
काकानुपययौ।,:काकान्,उपययौ।,
तेऽपि,:ते,अपि,
नाद्रियन्त।,:न,अद्रियन्त।,
स,धूर्त,धूर्त,इति,:सः,धूर्तः,धूर्तः,इति,
निष्ठाहीन,इति,:निष्ठाहीनः,इति,
क्वचिदुवास।,:क्वचित्,उवास।,
लभतेऽसौ,:लभते,असौ,
