को,बलवत्तरः-,:कः,बलवत्तरः-,
इत्यासीद्,विवादविषयः।,:इत्यासीत्,विवादविषयः।,
वायुरब्रवीत्,:वायुः,अब्रवीत्,
मत्तोऽधिकः,:मत्तः,अधिकः,
सूर्यो,निजगाद,:सूर्यः,निजगाद,
पाषाणमपि,:पाषाणम्,अपि,
निर्णयो,नाभवत्,:निर्णयः,न,अभवत्,
नाभवत्,:न,अभवत्,
रविरवादीत्-,:रविः,अवादीत्-,
योऽयमध्वनि,:यः,अयम्,अध्वनि,
स,एव,:सः,एव,
सवेगमवहत्,:सवेगम्,अवहत्,
नावतारितवान्।,:न,अवतारितवान्।,
स,वासांसि,:सः,वासांसि,
भूमावुपाविशत्।,:भूमौ,उपाविशत्।,
अकिञ्चित्करमेव।,:अकिञ्चित्,करम्,एव।,
सोऽब्रवीत्,:सः,अब्रवीत्,
पश्येदानीं,:पश्य,इदानीं,
भानोरुग्रकराघातम्,:भानोः,उग्रकराघातम्,
इवासीत्।,:इव,आसीत्।,
नास्त्यभावः,:नास्ति,अभावः,
क्वचिल्लोके,:क्वचित्,लोके,
