जल्पितैर्यदि,:जल्पितैः,यदि,
पौरुषदीप्तिरस्ति,:पौरुषदीप्तिः,अस्ति,
जल्पितैर्यदि,:जल्पितैः,यदि,
पौरुषदीप्तिरस्ति,:पौरुषदीप्तिः,अस्ति,
भ्रान्त्वाऽष्यसौ,:भ्रान्त्वा,अपि,असौ,
नासादितवान्।,:न,आसादितवान्।,
शब्दमाकर्ण्य,:शब्दम्,आकर्ण्य,
तमनुसरन्,:तम्,अनुसरन्,
अहमिह,:अहम्,इह,
कस्मादपि,:कस्मात्,अपि,
ज्ञातुमिच्छामि,:ज्ञातुम्,इच्छामि,
भवेदिति।,:भवेत्,इति।,
पदचिह्नानामनुसारेण,:पदचिह्नानाम्,अनुसारेण,
हन्तुमिच्छसि,:हन्तुम्,इच्छसि,
तमुपसर।,:तम्,उपसर।,
मृगयुरिदमाकर्ण्य,:मृगयुः,इदम्,आकर्ण्य,
मामभिपतति,:माम्,अभिपतति,
नाम-श्रवणेनैव,:नाम-श्रवणेन,एव,
कम्पितुमारेभे।,:कम्पितुम्,आरेभे।,
पुनरुवाच-,:पुनः,उवाच-,
नाहं,:न,अहं,
गमनागमनपथमेव,:गमनागमनपथम्,एव,
ममौत्सुक्यम्।,:मम,औत्सुक्यम्।,
सोऽजानात्,:सः,अजानात्,
