नाऽभिनिवेशोऽसम्भव,वस्तूनि,:न,अभिनिवेशः,असम्भववस्तूनि,
नाऽभिनिवेशोऽसम्भव,:न,अभिनिवेशः,असम्भव,
अहमपि,:अहम्,अपि,
विहगवद्,व्योम्नि,:विहगवत्,व्योम्नि,
तयोर्मेलनम्,:तयोः,मेलनम्,
त्वमिमं,:त्वम्,इमं,
दुराग्रहवानासीत्।,:दुराग्रहवान्,आसीत्।,
पुनरभिहितोऽपि,:पुनरभिहितः,अपि,
तमवदत्,:तम्,अवदत्,
तदाऽहं,:तदा,अहं,
विवशो,भूत्वा,:विवशः,भूत्वा,
यथाऽहं,:यथा,अहं,
आकाशेऽपि,:आकाशे,अपि,
तर्तुमिच्छामि।,:तर्तुम्,इच्छामि।,
तर्तुमचेष्टत,:तर्तुम्‌,अचेष्टत,
सोऽतिवेगेन,:सः,अतिवेगेन,
तत्क्षणमेव,:तत्क्षणम्,एव,
प्रोक्तमनुष्ठेयं,:प्रोक्तम्,अनुष्ठेयं,
यो,न,:यः,न,
यात्यसौ,:याति,असौ,
