पातुमायातः।,:पातुम्,आयातः।,
सोऽतिभीतः,:सः,अतिभीतः,
वृकोऽपि,:वृकः,अपि,
तदामिषमास्वादयितुम्,:तत्,अमिषम्,आस्वादयितुम्,
कञ्चिदुपायमचिन्तयत्,:कञ्चित्,उपायम्,अचिन्तयत्,
अजाशावकोऽपराद्धः,:अजाशावकः,अपराद्धः,
'किमिति,:'किम्,इति,
कस्मादपि,:कस्मात्,अपि,
सविनयमुवाच-,:सविनयम्,उवाच-,
भवांस्तिष्ठति,:भवान्,तिष्ठति,
वृथैव,:वृथा,एव,
वृकोऽभणत्-,:वृकः,अभणत्-,
अजाशावकोऽब्रवीत्-,:अजाशावकः,अब्रवीत्-,
नाभवत्,:न,अभवत्,
इत्याकर्ण्य,:इति,आकर्ण्य,
तमवदत्,:तम्,अवदत्,
नाहं,:न,अहं,
विविधैर्दोषैर्दूषयन्ति,:विविधैः,दोषैः,दूषयन्ति,
दारुणैर्दण्डैर्वराकान्,:दारुणैः,दण्डैः,वराकान्,
योजयन्त्यपि,:योजयन्ति,अपि,
