चिल्लाया,अण्डानि,:चिल्लायाः,अण्डानि,
शावकाश्च,:शावकाः,च,
तस्यैव,:तस्य,एव,
अहन्तु,:अहं,तु,
विपदाक्रान्ताऽस्मि।,:विपदाक्रान्ता,अस्मि।,
ममैतौ,:मम,एतौ,
चिल्लामवदात्-,:चिल्लाम्,अवदात्-,
त्वामेकं,:त्वाम्,एकं,
प्रणाशो,भविता।,:प्रणाशः,भविता।,
कदाचिदेष,छिन्नमूलस्तरुः,:कदाचित्,एषः,छिन्नमूलः,तरुः,
छिन्नमूलस्तरुः,:छिन्नमूलः,तरुः,
आवयोर्निवासश्च,:आवयोः,निवासः,च,
भीतिमापन्ना।,:भीतिम्,आपन्ना।,
एवमेकदा,:एवम्,एकदा,
चिल्लामनुपस्थितामालक्ष्य,:चिल्लाम्,अनुपस्थिताम्,आलक्ष्य,
शृगालीमुवाच-,:शृगालीम्,उवाच-,
शाखामास्थिता,:शाखाम्,आस्थिता,
तवापत्यजातं,:तव,अपत्यजातं,
कदाचिदवसरं,:कदाचित्,अवसरं,
कदापि,:कदा,अपि,
वाचमाकर्ण्य,:वाचम्,आकर्ण्य,
भयविह्वलाऽजायत।,:भयविह्वला,अजायत।,
बहिर्गमनं,:बहिः,गमनं,
शिशूनामभिरक्षणे,:शिशूनाम्,अभिरक्षणे,
कालमनयत्।,:कालम्,अनयत्।,
चिल्लाऽपि,:चिल्ला,अपि,
नागच्छत्।,:न,अगच्छत्।,
चोभे,:च,उभे,
आहारदानमपि,:आहारदानम्,अपि,
शिशवोऽनुदिनं,:शिशवः,अनुदिनं,
इतस्ततो,भ्रान्त्वा,:इतस्ततः,भ्रान्त्वा,
स्वशिशूनाहारदानेनापुष्णात्।,:स्वशिशूनाहारदानेन,अपुष्णात्।,
कतिपयैरहोभिः,:कतिपयैः,अहोभिः,
शृगाल्याश्च,:शृगाल्याः,च,
सन्ततिर्विनाशमुपगता।,:सन्ततिः,विनाशम्,उपगता।,
विवरमधिष्टाय,:विवरम्,अधिष्टाय,
वीतचिन्ताऽऽसीत्।,:वीतचिन्ता,आसीत्।,
भयमुत्पाद्य,:भयम्,उत्पाद्य,
तेषामेवंविधा,:तेषाम्,एवंविधा,
दुर्गतिर्भवति।,:दुर्गतिः,भवति।,
भीतिमुत्पाद्य,:भीतिम्,उत्पाद्य,
स्वरिपून्घ्नन्ति,:स्वरिपून्,घ्नन्ति,
