रक्षत्यात्मानं,:रक्षति,आत्मानं,
रक्षत्यात्मानं,:रक्षति,आत्मानं,
भृशमलुभ्यत्,:भृशम्,अलुभ्यत्,
प्रहारोऽपि,:प्रहारः,अपि,
वृषभोऽपि,:वृषभः,अपि,
तमुपगम्य,:तम्,उपगम्य,
ममावासे,:मम,आवासे,
निमन्त्रितोऽस्ति।,:निमन्त्रितः,अस्ति।,
मयाऽन्ये,:मया,अन्ये,
पशवोऽप्यामन्त्रिताः,:पशवः,अपि,आमन्त्रिताः,
भवानस्मिन्,:भवान्,अस्मिन्,
अवश्यमुपस्थास्यति।,:अवश्यम्,उपस्थास्यति।,
तत्रासौ,:तत्र,असौ,
भवानश्नातु,:भवान्,अश्नातु,
पशवोऽपि,:पशवः,अपि,
भावमबोधत्,:भावम्,अबोधत्,
यदाऽहं,:यदा,अहं,
शिरोऽवनतं,:शिरः,अवनतं,
चैतानि,:च,एतानि,
ततोऽसौ,:ततः,असौ,
अभुक्त्वैव,:अभुक्त्वा,एव,
प्रार्थयमानेऽपि,:प्रार्थयमाने,अपि,
नास्थात्,:न,अस्थात्,
कुटिलतामवगन्तुं,:कुटिलताम्,अवगन्तुं,
तेऽभ्युपायं,:ते,अभ्युपायं,
