ममत्वमुच्चैर्निजपुत्रकेषु,:ममत्वम्,उच्चैः,निजपुत्रकेषु,
ममत्वमुच्चैर्निजपुत्रकेषु,:ममत्वम्,उच्चैः,निजपुत्रकेषु,
वयमिह,:वयम्,इह,
सपुत्रा,आमन्त्रिताः,:सपुत्राः,आमन्त्रिताः,
स,पुरस्कारस्य,:सः,पुरस्कारस्य,
समुपस्थिता,जाता।,:समुपस्थिताः,जाताः,।,
जाता।,:जाताः,।,
वृतो,भविष्यति,:वृतः,भविष्यति,
ततस्ते,:ततः,ते,
वनदेवतामुपगम्य,:वनदेवताम्,उपगम्य,
प्रवृत्ता,बभूवुः।,:प्रवृत्ताः,बभूवुः।,
एको,मर्कटोऽपि,:एकः,मर्कटः,अपि,
मर्कटोऽपि,:मर्कटः,अपि,
अभग्ननासिकश्च,:अभग्ननासिकः,च,
स्मेरानना,आसन्।,:स्मेराननाः,आसन्।,
ततस्ते,:ततः,ते,
एष,वानर,वानर,शिशुरवश्यं,:एषः,वानरः,वानरः,शिशुरवश्यं,
पुरस्कारमर्हति।,:पुरस्कारम्,अर्हति।,
नूनमेनं,:नूनम्,एनं,
सन्देहलवोऽपि।,:सन्देहलवः,अपि।,
वानरस्तेषां,:वानरः,तेषां,
व्यङ्ग्यवचसामाशयं,:व्यङ्ग्यवचसाम्,आशयं,
स,तान्,:सः,तान्,
राजकुमारा,इव,:राजकुमाराः,इव,
सम्यग्,अवधार्यतां,:सम्यक्,अवधार्यतां,
ममाप्येष,सूनुः,:मम,अपि,एषः,सूनुः,
प्रेष्ठश्च।,:प्रेष्टः,च।,
कस्यास्ति,:कस्य,अस्ति,
प्रीतिर्निसर्गतः,:प्रीतिः,निसर्गतः,
सर्वतोऽधिकम्,:सर्वतः,अधिकम्,
