सविवेकाऽवति,:सविवेका,अवति,
सविवेकाऽवति,:सविवेका,अवति,
काचिदजा,:काचित्,अजा,
बहिर्न,:बहिः,न,
द्वारमुद्‌घाटयितुं,:द्वारम्,उद्‌घाटयितुं,
नाशोऽस्तु-,:नाशः,अस्तु-,
एतदपि,:एतत्,अपि,
द्वारमुद्‌घाटयिष्यसि।,:द्वारम्,उद्‌घाटयिष्यसि।,
शत्रुरिति,:शत्रुः,इति,
तदैव,:तदा,एव,
श्रुतमासीत्।,:श्रुतम्,आसीत्।,
द्वारमुपागम्य,:द्वारम्,उपागम्य,
द्वारमुद्‌घाटय।,:द्वारम्,उद्‌घाटय।,
क्रीडितुमागतोऽस्मि।,:क्रीडितुम्,आगतः,अस्मि।,
नाशोऽस्तु।,:नाशः,अस्तु।,
भाषितमाकर्ण्य,:भाषितम्,आकर्ण्य,
भवितुमर्हति।,:भवितुम्,अर्हति।,
कोऽयम्-,:कः,अयम्-,
बहिरालोकत।,:बहिः,आलोकत।,
भूत्वाऽचिन्तयत्-,:भूत्वा,अचिन्तयत्-,
मयाऽस्य,:मया,अस्य,
कृतमभविष्यत,:कृतम्,अभविष्यत,
चोद्‌घाटितकरिष्यत,:च,उद्‌घाटितकरिष्यत,
तदाऽहमनेन,:तदा,अहम्,अनेन,
खादितोऽभविष्यम्।,:खादितः,अभविष्यम्।,
पुनरपि,:पुनः,अपि,
तदन्तरमसौ,:तदन्तरम्,असौ,
शिशुस्तमपृच्छत्-,:शिशुः,तम्,अपृच्छत्-,
वृकोऽभाषत-,:वृकः,अभाषत-,
अजोऽहं,:अजः,अहं,
वृकाश्चरन्ति।,:वृकाः,चरन्ति।,
त्वमजोऽसि,:त्वम्‌,अजः,असि,
कुत्रास्ति,:कुत्र,अस्ति,
वृकस्येव,:वृकस्य,इव,
