प्रजापतिमभ्येत्य,:प्रजापतिम्,अभ्येत्य,
कृतज्ञोऽस्मि,:कृतज्ञः,अस्मि,
भवदुपकारान्,:भवत्,उपकारान्,
नखाश्च,:नखाः,च,
बलवतामपि,:बलवताम्,अपि,
शक्तोऽस्मि।,:शक्तः,अस्मि।,
मानवाश्च,:मानवाः,च,
वनराजोऽहम्।,:वनराजः,अहम्।,
यदाऽहं,:यदा,अहं,
कीदृशीयं,:कीदृशी,इयं,
प्रजापतिरवदत्-,:प्रजापतिः,अवदत्-,
कीदृशोऽयं,:कीदृशः,अयं,
तेऽसन्तोषः।,:ते,असन्तोषः।,
येऽपि,:ये,अपि,
केनाप्यभावेन,:केनापि,अभावेन,
भवन्त्येव।,:भवन्ति,एव।,
अभावोऽसौ,:अभावः,असौ,
शक्तिरपि।,:शक्तिः,अपि।,
अतस्त्वं,:अतः,त्वम्,
स्वनियोगमाचर।,:स्वनियोगम्,आचर।,
प्रजापतेर्वचोभिरपि,:प्रजापतेः,वचोभिः,अपि,
नाभजत्।,:न,अभजत्।,
ततोऽवसन्नमना,:ततः,अवसन्नमना,
कोऽस्य,:कः,अस्य,
किमेतदपि,:किम्,एतत्,अपि,
एकोऽपि,:एकः,अपि,
मशकश्चेत्,:मशकः,चेत्,
मामाकुलयति।,:माम्,आकुलयति।,
मृतिहेतुर्भवति,:मृतिहेतुः,भवति,
अतोऽहं,:अतः,अहं,
तन्निवारणार्थेऽविरामं,:तन्निवारणार्थे,अविरामं,
प्रकृतिमापद्यत,:प्रकृतिम्,आपद्यत,
दृढमवधार्यं,:दृढम्,अवधार्यं,
मनुजैश्चित्ते,:मनुजैः,चित्ते,
