जडादपि,:जडात्,अपि,
जडादपि,:जडात्,अपि,
सिंहो,गर्दभलोमशाभ्यां,:सिंहः,गर्दभलोमशाभ्यां,
तद्,दिनं,:तत्,दिनं,
सौभाग्यपूर्णमासीत्।,:सौभाग्यपूर्णम्,आसीत्।,
पशवो,विहगाश्च,:पशवः,विहगाः,च,
विहगाश्च,:विहगाः,च,
निहता,अभवन्।,:निहताः,अभवन्।,
सिंहस्यादेशेन,:सिंहस्य,आदेशेन,
भवानेकं,:भवान्,एकं,
तद्,वचसा,:तत्,वचसा,
क्रोधमुपीगतः,:क्रोधम्,उपीगतः,
सिंहो,गर्जन्,:सिंहः,गर्जन्,
स,तस्मिन्,:सः,तस्मिन्,
निशितनखैस्तं,:निशितनखैः,तं,
स,लोमशामादिशत्-,:सः,लोमशाम्,आदिशत्-,
लोमशामादिशत्-,:लोमशाम्,आदिशत्-,
केवलमेकां,:केवलम्,एकां,
लघुचटकामेव,:लघुचटकाम्,एव,
'कुतस्त्वया,:'कुतः,त्वया,
बुध्दिपाटवमासादितम्।',:बुध्दिपाटवम्,आसादितम्।',
सविनयमूचे-,:सविनयम्,ऊचे-,
लब्धमिदम्।,:लब्धम्,इदम्।,
प्रमादजै,क्षतिमुच्चैः।,:प्रमादजैः,क्षतिम्,उच्चैः।,
चतुरलोका,जायन्ते,:चतुरलोकाः,जायन्ते,
स्खलितैर्धीमान्,:स्खलितैः,धीमान्,
एष,एव,:एषः,एव,
धियो,गुणः॥,:धियः,गुणः॥,
