तन्निवारणेऽक्षमो,जायते,:तत,निवारणे,अक्षमः,जायते,
तदाऽपरः,:तदा,अपरः,
सहायो,भवेत्।,:सहायः,भवेत्।,
तदाऽकस्मादेव,:तदा,अकस्मात्,एव,
सिंहस्तयोः,:सिंहः,तयोः,
समक्षमागतः।,:समक्षम्,आगतः।,
यमराजमिव,:यमराजम्,इव,
तमवलोक्य,:तम्,अवलोक्य,
त्राणोपायमपश्यन्तौ,:त्राणोपायम्,अपश्यन्तौ,
तदैव,:तदा,एव,
सिंहमुपगम्य,:सिंहम्,उपगम्य,
सविनयमूचे-,:सविनयम्,ऊचे-,
यद्यादिशति,:यदि,आदिशति,
यतस्तस्य,:यतः,तस्य,
स,श्रीमतः,:सः,श्रीमतः,
'तवाभीष्टं,:'तव,अभीष्टं,
तदनुमतिमवाप्य,:तत्,अनुमतिम्,अवाप्य,
यत्रैकः,:यत्र,एकः,
गहनो,गर्त,गर्त,आसीत्।,:गहनः,गर्तः,गर्तः,आसीत्।,
स,गर्दभः,:सः,गर्दभः,
प्रयत्यापि,:प्रयत्य,अपि,
प्रदर्श्योवाच,:प्रदर्श्य,उवाच,
भोजनमुपस्थितम्,:भोजनम्,उपस्थितम्,
सिंहो,व्चारयत्,:सिंहः,व्चारयत्,
चेद्,गर्तं,:चेत्,गर्तं,
ममापि,:मम,अपि,
ततो,निष्क्रमणं,:ततः,निष्क्रमणं,
श्रृगालेनानेन,:श्रृगालेन,अनेन,
एष,गर्दभः,:एषः,गर्दभः,
स,सहसा,:सः,सहसा,
श्रृगालमाक्रम्य,:श्रृगालम्,आक्रम्य,
भुक्तवांश्च।,:भुक्तवान्,च।,
यो,मन्दधीर्वैरमाचरेत्,:यः,मन्दधीः,वैरम्,आचरेत्,
मन्दधीर्वैरमाचरेत्,:मन्दधीः,वैरम्,आचरेत्,
