नैवास्ति,:नैव,अस्ति,
मेषसमूहमादाय,:मेषसमूहम्,आदाय,
तमेकस्मिन्,:तम्,एकस्मिन्,
स्वगृहमायाति,:स्वगृहम्,आयाति,
नियुक्ता,अनेके,:नियुक्ताः,अनेके,
श्वानोऽपि,:श्वानः,अपि,
सहैव,:सह,एव,
तेभ्योऽसौ,:तेभ्यः,असौ,
पुष्कलमाहारं,:पुष्कलम्,आहारं,
सौविध्यञ्च,:सौविध्यं,च,
मेषपालमूचुः,:मेषपालम्,ऊचुः,
त्वमस्माकमाहारदाने,:त्वम्,अस्माकम्,आहारदाने,
तथोदारतां,:तथा,उदारतां,
महतीमुपयोगितामवगणय्य,:महतीम्,उपयोगिताम्,अवगणय्य,
मेषपालस्तु,:मेषपालः,तु,
मौनमतिष्ठत्,:मौनम्,अतिष्ठत्,
परमेकः,:परम्,एकः,
श्वाऽभाषत-,:श्वा,अभाषत-,
मूढमतयो,मेषाः!,:मूढमतयः,मेषाः!,
यूयमस्माकमुपयोगितां,:यूयम्,अस्माकम्,उपयोगितां,
वो,रक्षां,:वः,रक्षां,
परितुष्टा,मेषा,मेषा,ऊचुः-,:परितुष्टाः,मेषाः,मेषाः,ऊचुः-,
युष्माकमुपयोगेता,:युष्माकम्,उपयोगेता,
नावगताऽस्माभिः॥,:न,अवगता,अस्माभिः॥,
लघवो,वा,:लघवः,वा,
महान्तो,वा,:महान्तः,वा,
सर्वेषामुपयोगिता॥,:सर्वेषाम्,उपयोगिता॥,
