अजाश्चारयितुं,:अजाः,चरयितुं,
झंझावातश्च,:झंझावातः,च,
अजाश्च,:अजाः,च,
पूर्वमेव,:पूर्वम्,एव,
आनीतमासीत्,:आनीतम्,आसीत्,
सर्वमपि,:सर्वम्,अपि,
बहिरेव,:बहिः,एव,
अजाश्च,:अजाः,च,
तानवदत्-,:तान्,अवदत्-,
त्वमेव,:त्वम्,एव,
कृतघ्नोऽसि,:कृतघ्नः,असि,
लाभमवेक्ष्य,:लाभम्,अवेक्ष्य,
सहापि,:सह,अपि,
नासि।,:न,असि।,
परुषमुत्तरमाकर्ण्य,:परुषम्,उत्तरम्,आकर्ण्य,
लोभिनस्तस्य,:लोभिनः,तस्य,
समाचारोऽज्ञायि,:समाचारः,अज्ञायि,
तस्योपहासं,:तस्य,उपहासं,
विनाशिताऽऽसीत्।,:विनाशिता,आसीत्।,
लोभमापद्य,:लोभम्,आपद्य,
प्राप्तमुपेक्षते,:प्राप्तम्,उपेक्षते,
नाधिकं,:न,अधिकं,
