शकटमादाय,:शकटम्,आदाय,
स,शकटं,:सः,शकटं,
तस्यामनयत्,:तस्याम्,अनयत्,
तस्यैकं,:तस्य,एकं,
निमग्नमभवत्।,:निमग्नम्,अभवत्।,
बहिर्नागच्छत्,:बहिः,न,अगच्छत्,
इतस्ततो,विलोकितवान्,:इतस्ततः,विलोकितवान्,
सहायो,नासीत्।,:सहायः,नासीत्।,
तत्रोपविश्य,:तत्र,उपविश्य,
स्वदेवतामस्मरत्,:स्वदेवताम्,अस्मरत्,
चक्रमिदं,:चक्रम्,इदं,
तमब्रवीत्-,:तम्,अब्रवीत्-,
कथमहं,:कथम्,अहं,
किमस्ति,:किम्,अस्ति,
बहिरागच्छेत्-,:बहिः,आगच्छेत्-,
ममाभिलाषः।,:मम,अभिलाषः।,
विहस्यावोचत्-,:विहस्य,अवोचत्-,
मन्दमतिस्त्वं,:मन्दमतिः,त्वं,
बहिराकर्ष,:बहिः,आकर्ष,
देवीवचनमनुसरन्,:देवीवचनम्,अनुसरन्,
बहिरानयत्,:बहिः,आनयत्,
प्रासीदच्च,:प्रासीदत्,च,
स,देवीं,:सः,देवीं,
नाकारि?,:न,अकारि?,
कृपामाश्रयते,:कृपाम्,आश्रयते,
ममानुग्रहं,:मम,अनुग्रहं,
उद्योगमात्मनस्त्यक्त्वा,:उद्योगम्,आत्मनःत्यक्त्वा,
नेप्सितं,:न,ईप्सितं,
तस्माद्,यत्नपरो,यत्नपरो,भवेत्,:तस्मात्,यत्नपरः,यत्नपरः,भवेत्,
