उक्तवांश्च-,:उक्तवान्,च-,
कथञ्चिद्,रक्षतु,:कथञ्चित्,रक्षतु,
स,भीतं,:सः,भीतं,
कुटीरस्यैकस्मिन्,:कुटीरस्य,एकस्मिन्,
शरचापहस्त,आखेटकः,:शरचापहस्तः,आखेटकः,
तत्राजगाम।,:तत्र,आजगाम।,
इतो,धावन्,:इतः,धावन्,
फेरुरवलोकितः?,:फेरुः,अवलोकितः?,
दूरतस्तमनुसरन्,:दूरतः,तम्,अनुसरन्,
इहागतोऽस्मि।,:इहागतः,अस्मि।,
सङ्केतोऽपि,:सङ्केतः,अपि,
प्रच्छन्न,आसीत्।,:प्रच्छन्नः,आसीत्।,
हस्तसङ्केतो,नवाबुध्दः।,:हस्तसङ्केतः,नवाबुध्दः।,
कुटीराद्,बहिरागत्य,:कुटीरात्,बहिः,आगत्य,
बहिरागत्य,:बहिः,आगत्य,
धावितुमारेभे।,:धावितुम्,आरेभे।,
प्राणा,रक्षिताः,:प्राणाः,रक्षिताः,
धन्यवादमदत्त्वैव,:धन्यवादम्,अदत्त्वा,एव,
नूनमधमस्त्वम्।,:नूनम्,अधमः,त्वम्।,
पलायमानोऽब्रवीत्,:पलायमानः,अब्रवीत्,
सङ्केतोऽपि,:सङ्केतः,अपि,
अतस्त्वं,:अतः,त्वं,
नासि।,:न,असि।,
सच्चरिता,न,:सच्चरिताः,न,
परितो,हि,:परितः,हि,
