स्वेभ्योऽस्ति,:स्वेभ्यः,अस्ति,
स्वेभ्योऽस्ति,:स्वेभ्यः,अस्ति,
वृक्षानवदत्-,:वृक्षान्,अवदत्-,
प्राचीनमुपकरणम्।,:प्राचीनम्,उपकरणम्।,
तद्,वाचमनाकर्णयन्त,वाचमनाकर्णयन्त,इव,:तत्,वाचम्,अनाकर्णयन्तः,वाचम्,अनाकर्णयन्तः,इव,
स,काष्ठजीवी,:सः,काष्ठजीवी,
शालतरुरवादीत्-,:शालतरुः,अवादीत्-,
सज्जा,भवत।,:सज्जाः,भवत।,
मृत्युर्द्वारि,:मृत्युः,द्वारि,
चेदेकः,:चेत्,एकः,
कृतसन्धानो,नाभविष्यत्,:कृतसन्धानः,न,अभविष्यत्,
नाभविष्यत्,:न,अभविष्यत्,
सहायो,नाभविष्यत्,:सहायः,न,अभविष्यत्,
नाभविष्यत्,:न,अभविष्यत्,
किमस्माकम्,:किम्,अस्माकम्,
कश्चिद्,रिपोः,:कश्चित्,रिपोः,
सहायो,भवति,:सहायः,भवति,
तदैव,:तदा,एव,
स्वेभ्यो,द्रुह्यन्,:स्वेभ्यः,द्रुह्यन्,
कश्चिद्,रिपोः,:कश्चित्,रिपोः,
साहाय्यमाचरेत्,:साहाय्यम्,आचरेत्,
प्रकुर्याच्छक्तिसम्पन्नो,ध्वंसलीलां,:प्रकुर्यात्,शक्तिसम्पन्नः,ध्वंसलीलां,
रिपुर्न,:रिपुः,न,
