विपदोऽभिभवन्ति,:विपदो,अभिभवन्ति,
विपदोऽभिभवन्ति,:विपदो,अभिभवन्ति,
प्रसिध्दा,वैद्याः,:प्रसिध्दाः,वैद्याः,
व्याधिर्न,:व्याधिः,न,
रुजमसाध्यां,:रुजम्,असाध्यां,
वैद्या,उपचाराद्,उपचाराद्,विरता,विरता,अभूवन्।,:वैद्याः,उपचारात्,उपचारात्,विरताः,विरताः,अभूवन्।,
विनतिञ्च,:विनतिं,च,
स्वर्णमुद्रा,देवाय,:स्वर्णमुद्राः,देवाय,
अचिरेणैव,:अचिरेण,एव,
स,श्रेष्ठी,:सः,श्रेष्ठी,
विनाऽगदसेवनं,:विना,अगदसेवनं,
स्वास्थ्यमवाप।,:स्वास्थ्यम्,अवाप।,
स,मुमुदे,:सः,मुमुदे,
द्रव्यराशिमपि,:द्रव्यराशिम्,अपि,
त्वयाऽहं,:त्वया,अहं,
स्मारितोऽस्मि।,:स्मारितः,अस्मि।,
गोलिका,देवचरणयोः,:गोलिकाः,देवचरणयोः,
एतदाकर्ण्य,:एतत्,आकर्ण्य,
सम्भ्रान्ताऽभवत्,:सम्भ्रान्ता,अभवत्,
अवादीच्च,:अवादीत्,च,
त्वमबुधाऽसि।,:त्वम्,अबुधा,असि।,
देवास्तु,:देवाः,तु,
प्रसन्ना,भवन्ति।,:प्रसन्नाः,भवन्ति।,
सर्वैश्वर्यसम्पन्नेऽस्मद्‌गेहे,:सर्वैश्वर्यसम्पन्ने,अस्मद्‌गेहे,
मयाऽनेके,:मया,अनेके,
अप्रसन्ना,भवन्ति,:अप्रसन्नाः,भवन्ति,
किमनिष्टं,:किम्,अनिष्टं,
स,देवाय,:सः,देवाय,
तस्यामेव,:तस्याम्,एव,
तमुवाच-,:तम्,उवाच-,
तवानेन,:तव,अनेन,
प्रातरेव,:प्रातः,एव,
गृहाद्,वनं,:गृहात्,वनं,
प्रातरुत्थाय,:प्रातः,उत्थाय,
स्वप्नवृत्तमनुस्मरन्,:स्वप्नवृत्तम्,अनुस्मरन्,
स,वनं,:सः,वनं,
राज्यमासीत्।,:राज्यम्,आसीत्।,
स,श्रेष्ठी,:सः,श्रेष्ठी,
चौरैर्निगृहीतो,भूत्वा,:चौरैः,निगृहीतः,भूत्वा,
कनकमुद्रा,अपि,:कनकमुद्राः,अपि,
दातुमकथयत्,:दातुम्,अकथयत्,
क्रन्दनञ्च,:क्रन्दनं,च,
वृथाऽभवत्।,:वृथा,अभवत्।,
सोऽस्मानपि,:सः,अस्मान्,अपि,
कृपणा,नराः।,:कृपणाः,नराः।,
भोगमन्ये,:भोगम्,अन्ये,
