विपदोऽभिभवन्ति,:विपदो,अभिभवन्ति,
विपदोऽभिभवन्ति,:विपदो,अभिभवन्ति,
व्याधिर्न,:व्याधिः,न,
रुजमसाध्यां,:रुजम्,असाध्यां,
विनतिञ्च,:विनतिं,च,
अचिरेणैव,:अचिरेण,एव,
विनाऽगदसेवनं,:विना,अगदसेवनं,
स्वास्थ्यमवाप।,:स्वास्थ्यम्,अवाप।,
द्रव्यराशिमपि,:द्रव्यराशिम्,अपि,
त्वयाऽहं,:त्वया,अहं,
स्मारितोऽस्मि।,:स्मारितः,अस्मि।,
एतदाकर्ण्य,:एतत्,आकर्ण्य,
सम्भ्रान्ताऽभवत्,:सम्भ्रान्ता,अभवत्,
अवादीच्च,:अवादीत्,च,
त्वमबुधाऽसि।,:त्वम्,अबुधा,असि।,
देवास्तु,:देवाः,तु,
सर्वैश्वर्यसम्पन्नेऽस्मद्‌गेहे,:सर्वैश्वर्यसम्पन्ने,अस्मद्‌गेहे,
मयाऽनेके,:मया,अनेके,
किमनिष्टं,:किम्,अनिष्टं,
तस्यामेव,:तस्याम्,एव,
तमुवाच-,:तम्,उवाच-,
तवानेन,:तव,अनेन,
प्रातरेव,:प्रातः,एव,
प्रातरुत्थाय,:प्रातः,उत्थाय,
स्वप्नवृत्तमनुस्मरन्,:स्वप्नवृत्तम्,अनुस्मरन्,
राज्यमासीत्।,:राज्यम्,आसीत्।,
दातुमकथयत्,:दातुम्,अकथयत्,
क्रन्दनञ्च,:क्रन्दनं,च,
वृथाऽभवत्।,:वृथा,अभवत्।,
सोऽस्मानपि,:सः,अस्मान्,अपि,
भोगमन्ये,:भोगम्,अन्ये,
