प्रतीकारो,द्विषाम्,:प्रतीकारः,द्विषाम्,
प्रतीकारो,द्विषाम्,:प्रतीकारः,द्विषाम्,
जातः।,:जातः।,
शारीरिकवेदनाऽभिभूतस्य,:शारीरिकवेदना,अभिभूतस्य,
गुहायामेकाकी,:गुहायाम्,एकाकी,
स,कथञ्चित्,:सः,कथञ्चित्,
सिंहस्याग्रे,:सिंहस्य,अग्रे,
नाद्यावधि,:न,अद्यावधि,
किञ्चिद्,ब्रवीति,:किञ्चित्,ब्रवीति,
तमवदत्-,:तम्,अवदत्-,
नागतवान्?,:न,आगतवान्?,
भयादकम्पत,:भयात्,अकम्पत,
रुचिर्नास्ति।,:रुचिः,नास्ति।,
सहचरेभ्यो,भवतो,भवतो,रुग्णतां,:सहचरेभ्यः,भवतः,भवतः,रुग्णतां,
वनाद्,वनं,:वनात्,वनं,
औषधमपृच्छम्।,:औषधम्,अपृच्छम्।,
सद्योलाभकरमौषधं,:सद्योलाभकरम्,औषधं,
आगतोऽस्मि।,:आगतः,अस्मि।,
एष,एव,:एषः,एव,
सिंहोऽवदत्-,:सिंहः,अवदत्-,
'यद्येवं,:यदि,एवं,
अनातुरो,भवेयं,:अनातुरः,भवेयं,
कर्तव्यपरायणस्त्वं,:कर्तव्यपरायणः,त्वं,
जमबूको,निवेदितवान्,:जमबूकः,निवेदितवान्,
एतदौषधम्,:एतत्,औषधम्,
अगदोऽयं,:अगदः,अयं,
अत्रैव,:अत्र,एव,
सद्यो,हतस्य,:सद्यः,हतस्य,
स,केसरी,:सः,केसरी,
व्याघ्रमभिपत्य,:व्याघ्रम्,अभिपत्य,
नखैर्विदारितवान्,:नखैः,विदारितवान्,
बाधानामपि,:बाधानाम्,अपि,
