1.कस्यास्ति,:1.कस्य,अस्ति,
बाल्यमतीत्य,:बाल्यम्,अतीत्य,
पदमार्पयताम्,:पदम्,आर्पयताम्,
तयोर्विवाहमकरोत्।,:तयोः,विवाहम्,अकरोत्।,
समृद्धावास्ताम्।,:समृद्धौ,आस्ताम्।,
प्रदत्ताऽभूत्,:प्रदत्ता,अभूत्,
कुशलवृत्तमवगन्तुं,:कुशलवृत्तम्,अवगन्तुं,
प्रथममसौ,:प्रथमम्,असौ,
स,मुदितोऽभवत्,:सः,मुदितः,अभवत्,
मुदितोऽभवत्,:मुदितः,अभवत्,
कृषिफलादिविषयेऽपृच्छच्च।,:कृषिफलादिविषये,अपृच्छत्,च।,
उप्तमस्ति।,:उप्तम्,अस्ति।,
आयो,भवति।,:आयः,भवति।,
अहमिच्छामि,:अहम्,इच्छामि,
प्रभोरनुग्रहेण,:प्रभोः,अनुग्रहेण,
सुवृष्टिर्भवतु,:सुवृष्टिः,भवतु,
धान्यमेधताम्,:धान्यम्,एधताम्,
चानारतं,:च,अनारतं,
स,कनीयस्याः,:सः,कनीयस्याः,
सम्पद्,विलसितम्।,:सम्पत्,विलसितम्।,
कश्चिद्,अभावः,:कश्चित्,अभावः,
वक्तुमर्हसि।,:वक्तुम्,अर्हसि।,
सुताऽवदत्-,:सुता,अवदत्-,
कुशलिनश्च।,:कुशलिनः,च।,
किन्त्वधुना,:किन्तु,अधुना,
वृष्टिर्न,:वृष्टिः,न,
यदाऽस्माकं,:यदा,अस्माकं,
वृष्टिर्भवतु।,:वृष्टिः,भवतु।,
अन्यथाऽस्माकं,:अन्यथा,अस्माकं,
तस्या,वचो,वचो,निशम्य,:तस्याः,वचः,वचः,निशम्य,
तामवादीत्-,:ताम्,अवादीत्-,
यद्,अधुनैव,:यत्,अधुनैव,
वृष्टिर्भवतु,:वृष्टिः,भवतु,
जलबिन्दवो,न,:जलबिन्दवः,न,
मनोरथा,नैव-पूर्णतां,:मनोरथाः,नैव-पूर्णतां,
अनभीष्टेऽपि,:अनभीष्टे,अपि,
