कश्चिद्,अश्वः,:कश्चित्,अश्वः,
मार्गेऽमिलताम्।,:मार्गे,अमिलताम्।,
रमणीयास्तरणविभूषिते,:रमणीयाः,तरणविभूषिते,
समुपविष्ट,आसीत्।,:समुपविष्टः,आसीत्।,
स,मन्थरगत्या,:सः,मन्थरगत्या,
गतिरतिमन्दा।,:गतिः,अतिमन्दा।,
अहन्तु,:अहं,तु,
तवोपरि,:तव,उपरि,
धृतो,वस्तुसम्भारो,वस्तुसम्भारो,मार्गे,:धृतः,वस्तुसम्भारः,वस्तुसम्भारः,मार्गे,
नावदत्।,:न,अवदत्।,
तद्वचोबाणैराहतोऽपि,:तद्वचोबाणैः,आहतः,अपि,
पूर्ववद्,गन्तव्यं,:पूर्ववत्,गन्तव्यं,
घोटको,निर्बलः,:घोटकः,निर्बलः,
कृशगात्रश्च,:कृशगात्रः,च,
स,कथंकथमपि,:सः,कथंकथम्,अपि,
कथंकथमपि,:कथंकथम्,अपि,
सम्भृतमासीत्।,:सम्भृतम्,आसीत्।,
कशाघातमप्यसहत।,:कशाघातम्,अपि,असहत।,
पुनस्तयोः,:पुनः,तयोः,
गर्दभोऽवोचत्-,:गर्दभः,अवोचत्-,
किमधुनाऽपि,:किमधुना,अपि,
