जल्पितैर्यदि,:जल्पितैः,यदि,
पौरुषदीप्तिरस्ति,:पौरुषदीप्तिः,अस्ति,
जल्पितैर्यदि,:जल्पितैः,यदि,
पौरुषदीप्तिरस्ति,:पौरुषदीप्तिः,अस्ति,
भ्रान्त्वाऽष्यसौ,:भ्रान्त्वा,अपि,असौ,
नासादितवान्।,:न,आसादितवान्।,
शब्दमाकर्ण्य,:शब्दम्,आकर्ण्य,
स,तमनुसरन्,:सः,तम्,अनुसरन्,
तमनुसरन्,:तम्,अनुसरन्,
अहमिह,:अहम्,इह,
भ्रमतो,मम,:भ्रमतः,मम,
कस्मादपि,:कस्मात्,अपि,
ज्ञातुमिच्छामि,:ज्ञातुम्,इच्छामि,
स,केन,:सः,केन,
गतो,भवेदिति।,:गतः,भवेत्,इति।,
भवेदिति।,:भवेत्,इति।,
स,काष्ठजीवी,:सः,काष्ठजीवी,
विचरतो,व्यतियातम्।,:विचरतः,व्यतियातम्।,
पदचिह्नानामनुसारेण,:पदचिह्नानाम्,अनुसारेण,
सिंहो,न,:सिंहः,न,
पुरो,दृश्यमाने,:पुरः,दृश्यमाने,
हन्तुमिच्छसि,:हन्तुम्,इच्छसि,
तमुपसर।,:तम्,उपसर।,
स,मृगयुरिदमाकर्ण्य,:सः,मृगयुः,इदम्,आकर्ण्य,
मृगयुरिदमाकर्ण्य,:मृगयुः,इदम्,आकर्ण्य,
भयार्तो,जातः।,:भयार्तः,जातः।,
सिंहो,यदि,:सिंहः,यदि,
मामभिपतति,:माम्,अभिपतति,
स,तु,:सः,तु,
नाम-श्रवणेनैव,:नाम-श्रवणेन,एव,
कम्पितुमारेभे।,:कम्पितुम्,आरेभे।,
स,पुनरुवाच-,:सः,पुनः,उवाच-,
पुनरुवाच-,:पुनः,उवाच-,
नाहं,:न,अहं,
गमनागमनपथमेव,:गमनागमनपथम्,एव,
ममौत्सुक्यम्।,:मम,औत्सुक्यम्।,
सम्यग्,ज्ञातवान्।,:सम्यक्,ज्ञातवान्।,
सोऽजानात्,:सः,अजानात्,
यद्,दम्भप्रदर्शका,दम्भप्रदर्शका,वस्तुतो,वस्तुतो,वीरा,वीरा,न,:यत्,दम्भप्रदर्शकाः,दम्भप्रदर्शकाः,वस्तुतः,वस्तुतः,वीराः,वीराः,न,
युध्यमाना,रणे,:युध्यमानाः,रणे,
वीरा,वाचैव,:वीराः,वाचा,एव,
