प्रजापतिमभ्येत्य,:प्रजापतिम्,अभ्येत्य,
कृतज्ञोऽस्मि,:कृतज्ञः,अस्मि,
भवदुपकारान्,:भवत्,उपकारान्,
नखाश्च,:नखाः,च,
बलवतामपि,:बलवताम्,अपि,
शक्तोऽस्मि।,:शक्तः,अस्मि।,
पशवो,मानवाश्च,:पशवः,मानवाः,च,
मानवाश्च,:मानवाः,च,
नाम्नो,बिभ्यति।,:नाम्नः,बिभ्यति।,
वनराजोऽहम्।,:वनराजः,अहम्।,
यदाऽहं,:यदा,अहं,
कीदृशीयं,:कीदृशी,इयं,
प्रजापतिरवदत्-,:प्रजापतिः,अवदत्-,
कीदृशोऽयं,:कीदृशः,अयं,
तेऽसन्तोषः।,:ते,असन्तोषः।,
येऽपि,:ये,अपि,
जीवा,जगति,:जीवाः,जगति,
केनाप्यभावेन,:केनापि,अभावेन,
भवन्त्येव।,:भवन्ति,एव।,
अभावोऽसौ,:अभावः,असौ,
शक्तिरपि।,:शक्तिः,अपि।,
अतस्त्वं,:अतः,त्वम्,
स्वनियोगमाचर।,:स्वनियोगम्,आचर।,
प्रजापतेर्वचोभिरपि,:प्रजापतेः,वचोभिः,अपि,
नाभजत्।,:न,अभजत्।,
स,ततोऽवसन्नमना,:सः,ततः,अवसन्नमना,
ततोऽवसन्नमना,:ततः,अवसन्नमना,
विशालकायो,राजराजः,:विशालकायः,राजराजः,
सिंहो,विरम्य,:सिंहः,विरम्य,
कोऽस्य,:कः,अस्य,
किमेतदपि,:किम्,एतत्,अपि,
परितो,ये,:परितः,ये,
क्षुद्रमशका,विचरन्ति,:क्षुद्रमशकाः,विचरन्ति,
तेभ्यो,मम,:तेभ्यः,मम,
एकोऽपि,:एकः,अपि,
मशकश्चेत्,:मशकः,चेत्,
स,मामाकुलयति।,:सः,माम्,आकुलयति।,
मामाकुलयति।,:माम्,आकुलयति।,
मृतिहेतुर्भवति,:मृतिहेतुः,भवति,
अतोऽहं,:अतः,अहं,
तन्निवारणार्थेऽविरामं,:तन्निवारणार्थे,अविरामं,
सिंहस्यासन्तोषो,विगलितः।,:सिंहस्य,असन्तोषः,विगलितः।,
प्रकृतिमापद्यत,:प्रकृतिम्,आपद्यत,
स,चिन्तितवान्-,:सः,चिन्तितवान्-,
मशकाद्,भयम्,:मशकात्,भयम्,
कुक्कुटध्वनिश्रवणजनितोद्वेगो,मम,:कुक्कुटध्वनिश्रवणजनितोद्वेगः,मम,
अपार्थ,एव।,:अपार्थः,एव।,
दृढमवधार्यं,:दृढम्,अवधार्यं,
मनुजैश्चित्ते,:मनुजैः,चित्ते,
येभ्यो,दत्तं,:येभ्यः,दत्तं,
