तस्माद्,आत्मानं,:तस्मात्,आत्मानं,
सफला,नाभवन्।,:सफलाः,न,अभवन्।,
नाभवन्।,:न,अभवन्।,
स,आखेटकं,:सः,आखेटकं,
द्रवितो,भूत्वा,:द्रवितः,भूत्वा,
तममुञ्चत्,:तम्,अमुञ्चत्,
उपहास्यो,भविष्यामि,:उपहास्यः,भविष्यामि,
गर्हणायास्तु,:गर्हणायाः,तु,
मरणमेव,:मरणम्,एव,
ततोऽसौ,:ततः,असौ,
एकमुपायमचिन्तयत्,:एकम्,उपायम्,अचिन्तयत्,
नापहसिष्यति।,:न,अपहसिष्यति।,
इत्यवधार्य,:इति,अवधार्य,
स,श्रृगालानामेकां,:सः,श्रृगालानाम्,एकां,
श्रृगालानामेकां,:श्रृगालानाम्,एकां,
स,सर्वान्,:सः,सर्वान्,
यद्,वयं,:यत्,वयं,
वृथैव,:वृथा,एव,
काचिद्,उपयोगिता,:काचित्,उपयोगिता,
स्फूर्तिरुदेष्यति।,:स्फूर्तिः,उदेष्यति।,
भाषणेऽनवसिते,:भाषणे,अनवसिते,
एको,वृध्दः,:एकः,वृध्दः,
पुनर्योजने,:पुनः,योजने,
समर्थोऽभविष्यः,:समर्थः,अभविष्यः,
तदाऽस्मान्,:तदा,अस्मान्,
एवमुपदेशं,:एवम्,उपदेशं,
छिन्ननासिको,नरः,:छिन्ननासिकः,नरः,
विसृष्टाऽभवत्।,:विसृष्टा,अभवत्।,
धनविद्यागुणैराढ्यं,:धनविद्यागुणैः,आढ्यं,
हीनो,नरश्चित्ते,:हीनः,नरः,चित्ते,
नरश्चित्ते,:नरः,चित्ते,
कथमेष,न,:कथम्,एषः,न,
