तस्या,गृहे,:तस्याः,गृहे,
नाशक्नोत्।,:न,अशक्नोत्।,
कश्चिद्,वैद्यवरः,:कश्चित्,वैद्यवरः,
चादर्शयत्।,:च,अदर्शयत्।,
भिषजमवदत्,:भिषजम्,अवदत्,
नेत्रेऽपश्यत्,केनचिद्,:नेत्रे,अपश्यत्,
द्रवेण,:केनचित्,द्रवेण,
एवमसौ,:एवम्,असौ,
किमप्यौषधम्,:किमपि,औषधम्,
वार्तामकरोत्।,:वार्ताम्,अकरोत्।,
तस्येदं,:तस्य,इदं,
स,वैद्यः,:सः,वैद्यः,
एकमौषधम्,:एकम्,औषधम्,
समर्थाऽऽसीत्।,:समर्था,आसीत्।,
नवीनमिव,:नवीनम्,इव,
तस्या,हृदयम्,:तस्याः,हृदयम्,
अपूर्वमानन्दमविन्दत्।,:अपूर्वम्,आनन्दम्,अविन्दत्।,
यदाऽसौ,:यदा,असौ,
निजगृहभ्यन्तरमालोकत,:निजगृहभ्यन्तरम्,आलोकत,
रिक्तमासीत्।,:रिक्तम्,आसीत्।,
साऽजानात्,:सा,आजानात्,
यद्,इदं,:यत्,इदं,
पुरस्कारमाप्तुं,:पुरस्कारम्,आप्तुं,
रुषाऽवदत्-,:रुषा,अवदत्-,
कोपाविष्टो,भिषक्,:कोपाविष्टः,भिषक्,
तदनन्तरमसौ,:तदनन्तरम्,असौ,
वृध्दाया,उपरि,:वृध्दायाः,उपरि,
अभियोगमकरोत्।,:अभियोगम्,अकरोत्।,
यद्,वदति,:यत्,वदति,
सत्यमसत्यं,:सत्यम्,असत्यं,
आवयोर्मध्ये,:आवयोः,मध्ये,
स,तु,:सः,तु,
एष,मम,:एषः,मम,
अतो,नैष,नैष,पुरस्कारभाजनम्।,:अतः,नैष,नैष,पुरस्कारभाजनम्।,
सर्वमासीत्-,:सर्वम्,आसीत्-,
द्रष्टुमनर्हाऽहं,:द्रष्टुम्,अनर्हा,अहं,
कथमस्मै,:कथम्,अस्मै,
अनेनैव,:अनेन,एव,
वक्तुमर्हामि,:वक्तुम्,अर्हामि,
एतन्निशम्य,:एतत्,निशम्य,
वैद्योऽयं,:वैद्यो,अयं,
पतितो,हि,:पतितः,हि,
पापमार्गमाश्रयते,:पापमार्गम्,आश्रयते,
निर्मलमथ,:निर्मलम्,अथ,
क्षणेनैव,:क्षणेन,एव,
