उपायप्रवीणा,जगत्यां,:उपायप्रवीणाः,जगत्यां,
उपायप्रवीणा,जगत्यां,:उपायप्रवीणाः,जगत्यां,
क्वचिद्,उद्याने,:क्वचित्,उद्याने,
स,तत्र,:सः,तत्र,
जलपूरित,आसीत्।,:जलपूरितः,आसीत्।,
विद्यमानेऽपि,:विद्यमाने,अपि,
स,तत्,:सः,तत्,
पातुमक्षमोऽभूत्।,:पातुमक्षमः,अभूत्।,
नास्पृशत्।,:न,अस्पृशत्।,
स,तस्य,:सः,तस्य,
परावर्तनेऽपि,:परावर्तने,अपि,
समर्थो,न,:समर्थः,न,
स,तृषं,:सः,तृषं,
पतितान्यासन्।,:पतितानि,आसन्।,
किञ्चिद्,विचार्य,:किञ्चित्,विचार्य,
पाषाणमानीय,:पाषाणम्,आनीय,
घटेऽपातयत्।,:घटे,अपातयत्।,
स,काकः,:सः,काकः,
उदरपूरमापीय,:उदरपूरम्,आपीय,
तृप्तिमभजत्।,:तृप्तिम्,अभजत्।,
प्राप्नुवन्त्येव,:प्राप्नुवन्ति,एव,
