नीतिबलमशक्तानाम्,:नीतिबलम्,अशक्तानाम्,
नीतिबलमशक्तानाम्,:नीतिबलम्,अशक्तानाम्,
प्रहर्तुमुद्यतोऽभवत्।,:प्रहर्तुम्,उद्यतः,अभवत्।,
गर्दभोऽपि,:गर्दभः,अपि,
यमराजमिव,:यमराजम्,इव,
तमवेक्ष्य,:तम्,अवेक्ष्य,
परमेकां,:परम्,एकां,
चलितुमारभत।,:चलितुम्,आरभत।,
निकटमागत्य,:निकटम्,आगत्य,
पङ्गुरिव,:पङ्गुः,इव,
सोऽवदत्-,:सः,अवदत्-,
निखातमस्ति।,:निखातम्,अस्ति।,
भक्षयितुमिच्छसि,:भक्षयितुम्,इच्छसि,
इत्यहं,:इति,अहं,
परमनेन,:परम्,अनेन,
पूर्वमेवाऽहं,:पूर्वम्,एव,अहं,
प्रथममिदं,:प्रथमम्,इदं,
चरणादपसारय,:चरणात्,अपसारय,
यथेच्छमाचर।,:यथेच्छम्,आचर।,
इत्यवधार्य,:इति,अवधार्य,
स्थितोऽभवत्।,:स्थितः,अभवत्।,
पश्चपादमुच्चैरकरोत्।,:पश्चपादम्,उच्चैः,अकरोत्।,
त्वरितमेव,:त्वरितम्,एव,
गुणैराकृष्टा,:गुणैः,आकृष्टा,
