एको,गर्दभः,:एकः,गर्दभः,
एकश्च,:एकः,च,
तयोर्मध्ये,:तयोः,मध्ये,
प्रीतिरासीत्।,:प्रीतिः,आसीत्।,
मनोऽलभ्यत्।,:मनः,अलभ्यत्।,
गर्दभस्यामिषं,:गर्दभस्य,आमिषं,
स,केसरी,:सः,केसरी,
तमवेक्ष्य,:तम्,अवेक्ष्य,
स,तारस्वरेण,:सः,तारस्वरेण,
ध्वनिमकार्षीत्।,:ध्वनिम्,अकार्षीत्।,
रासभोऽचिन्तयत्,:रासभः,अचिन्तयत्,
स,कदापि,:सः,कदापि,
सिंहो,भवितुं,:सिंहः,भवितुं,
नार्हति।,:न,अर्हति।,
पशुर्भवेत्।,:पशुः,भवेत्।,
अहमिदानीमेव,:अहम्,इदानीम्,एव,
तमनुसरामि,:तम्,अनुसरामि,
क्रोधाकुलो,रासभः,:क्रोधाकुलः,रासभः,
अचिरेणैव,:अचिरेण,एव,
स्वनखैर्विदार्य,:स्वनखैः,विदार्य,
मुदाऽभुङ्क्त।,:मुदा,अभुङ्क्त।,
स,परैति,:सः,परैति,
स्वेनैव,:स्वेन,एव,
