सिंह,उदग्रशक्तिसम्पन्न,उदग्रशक्तिसम्पन्न,आसीत्।,:सिंहः,उदग्रशक्तिसम्पन्नः,उदग्रशक्तिसम्पन्नः,आसीत्।,
स,यथेच्छं,:सः,यथेच्छं,
पशूंश्च,:पशून्,च,
आखेटेनामारयत्।,:आखेटेन,अमारयत्।,
कालेनाऽसौ,:कालेन,असौ,
जरयाऽभिभूतः,:जरया,अभिभूतः,
नैर्बल्यमागतं,:नैर्बल्यम्,आगतं,
चाशक्तता।,:च,अशक्तता।,
वार्धकेनापहृते।,:वार्धकेन,अपहृते।,
ततो,बुध्दिमता,:ततः,बुध्दिमता,
तेनैक,उपायश्चिन्तितः।,:तेन,एकः,उपायः,चिन्तितः।,
उपायश्चिन्तितः।,:उपायः,चिन्तितः।,
स,आत्मानम्,:सः,आत्मानम्,
अस्वस्थमशक्तं,:अस्वस्थम्,अशक्तं,
पशवस्तमुपयान्ति,:पशवः,तम्,उपयान्ति,
पशुर्जीवन्,:पशुः,जीवन्,
कदाचित्तत्रोपजगाम,:कदाचित्,तत्र,उपजगाम,
तिष्ठन्नसौ,:तिष्ठन्,असौ,
त्वपश्यत्,:तु,अपश्यत्,
बहिरागच्छन्ति,:बहिः,आगच्छन्ति,
स,सर्वं,:सः,सर्वं,
कन्दराद्वारोपान्तेऽवस्थितः,:कन्दराद्वारोपान्ते,अवस्थितः,
स,सिंहस्य,:सः,सिंहस्य,
मृगपतिस्तं,:मृगपतिः,तं,
गुहाभ्यन्तरमायातुं,:गुहाभ्यन्तरम्,आयातुं,
प्रेम्णाऽऽमन्त्रयामास,:प्रेम्णा,आमन्त्रयामास,
बलवदस्वस्थोऽहं,:बलवदस्वस्थः,अहं,
सहायमपेक्षे।,:सहायम्,अपेक्षे।,
लोमशोऽभणत्-,:लोमशः,अभणत्-,
इहस्थोऽहं,:इहस्थः,अहं,
बहिरागच्छन्ति,:बहिः,आगच्छन्ति,
अतो,नाहमभ्यन्तरमेमि।,:अतः,न,अहम्,अभ्यन्तरम्,एमि।,
नाहमभ्यन्तरमेमि।,:न,अहम्,अभ्यन्तरम्,एमि।,
ममापि,:मम,अपि,
बहिर्गमनं,:बहिः,गमनं,
इत्युदीर्य,:इति,उदीर्य,
लोमशस्ततः,:लोमशः,ततः,
क्वचिद्,अव्रजत्।,:क्वचित्,अव्रजत्।,
इङ्गितैश्चेष्टितैर्गत्या,:इङ्गितैः,चेष्टितैः,गत्या,
भाषितैस्तथा,:भाषितैः,तथा,
सुधियो,नराः,:सुधियः,नराः,
