समर्थोऽपराध्यति,:समर्थः,अपराध्यति,
समर्थोऽपराध्यति,:समर्थः,अपराध्यति,
स,तैः,:सः,तैः,
स,भूरिपरिश्रमेण,:सः,भूरिपरिश्रमेण,
ततोऽसौ,:ततः,असौ,
स,पुनरुवाच-,:सः,पुनः,उवाच-,
पुनरुवाच-,:पुनः,उवाच-,
कृतवानस्मि,:कृतवान्,अस्मि,
अतो,द्वितीयोंऽशः,:अतः,द्वितीयः,अंशः,
द्वितीयोंऽशः,:द्वितीयः,अंशः,
एष,तृतीयोंऽशः,:एषः,तृतीयः,अंशः,
तृतीयोंऽशः,:तृतीयः,अंशः,
स,आगत्य,:सः,आगत्य,
तद्वचो,निशम्य,:तद्वचः,निशम्य,
भीतभीता,मौनमास्थिताः।,:भीतभीताः,मौनम्,आस्थिताः।,
मौनमास्थिताः।,:मौनम्,आस्थिताः।,
सिंहश्च,:सिंहः,च,
यो,हि,:यः,हि,
शक्तिमदाध्मातः,:शक्तिम्,अदाध्मातः,
तद्,आदेशो,:तत्,आदेशः,
