भूसम्पत्तिरासीत्।,:भूसम्पत्तिः,आसीत्।,
पुनरप्यसौ,:पुनः,अपि,असौ,
मूलकारणमासीत्,:मूलकारणम्,आसीत्,
सामान्यविषयेऽपि,:सामान्यविषये,अपि,
उपदेशवचांस्यपि,:उपदेशवचांसि,अपि,
सोऽचिन्तयत्,:सः,अचिन्तयत्,
सम्पदमपहर्तुं,:सम्पदम्,अपहर्तुं,
भेदमुत्पाद्य,:भेदम्,उत्पाद्य,
सर्वमात्मसात्,:सर्वम्,आत्मसात्,
करणीयमेव।,:करणीयम्,एव।,
कश्चिदुपायः,:कश्चित्,उपायः,
भारमानाययत्,:भारम्,आनाययत्,
पुत्रांश्चाकार्य,:पुत्रान्,च,आकार्य,
योऽस्ति,:यः,अस्ति,
सम्भूयापि,:सम्भूय,अपि,
तैस्तं,:तैः,तं,
नावाप्तम्।,:न,अवाप्तम्।,
पित्रोक्तं,:पित्रा,उक्तं,
तैर्निमेषेणैव,:तैः,निमेषेण,एव,
वृध्देनास्य,:वृध्देन,अस्य,
शक्तिर्भवति।,:शक्तिः,भवति।,
चापहर्तुं,:च,अपहर्तुं,
सर्वैस्तथेति,:सर्वैः,तथा,इति,
विपदस्त्वरितं,:विपदः,त्वरितं,
विभवास्तत्र,:विभवाः,तत्र,
