नाऽनृतवादिनि,:न,अनृतवादिनि,
नाऽनृतवादिनि,:न,अनृतवादिनि,
चासीत्।,:च,आसीत्।,
स,मेषानादाय,:सः,मेषान्,आदाय,
मेषानादाय,:मेषान्,आदाय,
तांश्चारयितुं,:तान्,चारयितुं,
स,चरतो,चरतो,मेषान्,:सः,चरतः,चरतः,मेषान्,
किञ्चिद्,औध्दत्यं,:किञ्चित्,औध्दत्यं,
स,उच्चैः,:सः,उच्चैः,
स,मेषान्,:सः,मेषान्,
सम्भ्रान्ता,इव,:सम्भ्रान्ताः,इव,
स,बालकः,:सः,बालकः,
वञ्चिता,यूयम्।,:वञ्चिताः,यूयम्।,
कृत,आसीत्।,:कृतः,आसीत्।,
स,बालः,:सः,बालः,
तानादाय,:तान्,आदाय,
वनेऽवस्थितस्य,:वने,अवस्थितस्य,
मेषा,हिंसिताः,:मेषाः,हिंसिताः,
खादिताश्च।,:खादिताः,च।,
असाहायो,बालः,:असाहायः,बालः,
सर्वमालोकत।,:सर्वम्,आलोकत।,
प्रत्ययो,नैव,:प्रत्ययः,नैव,
तस्यास्ति,:तस्य,अस्ति,
योऽनृतं,:यः,अनृतं,
