यो,न,:यः,न,
यो,न,:यः,न,
ज्योतिर्विद्,न्यवसत्।,:ज्योतिर्वित्,न्यवसत्।,
जनास्तमुपगम्य,:जनाः,तम्,उपगम्य,
जपानुष्ठानैर्भविष्यकथनैश्च,:जपानुष्ठानैः,भविष्यकथनैः,च,
वृत्तिरासीत्।,:वृत्तिः,आसीत्।,
यदाऽसौ,:यदा,असौ,
ज्ञातुमुत्सुकैर्जनैः,:ज्ञातुम्,उत्सुकैः,जनैः,
परिवृत,आसीत्,:परिवृतः,आसीत्,
कश्चिन्नरः,:कश्चित्,नरः,
तमुपेतवान्।,:तम्,उपेतवान्।,
विवृतमासीत्,:विवृतम्,आसीत्,
स,किञ्चिद्,किञ्चिद्,वक्तुमपि,:सः,किञ्चित्,किञ्चित्,वक्तुम्,अपि,
वक्तुमपि,:वक्तुम्,अपि,
नापारयत्।,:न,अपारयत्।,
सोऽसूचयत्,:सः,असूचयत्,
यद्,भवतः,:यत्,भवतः,
श्रुत्वैव,:श्रुत्वा,एव,
स,ज्योतिर्विद्,ज्योतिर्विद्,सपदि,:सः,ज्योतिर्वित्,ज्योतिर्वित्,सपदि,
मुषितोऽहं,:मुषितः,अहं,
वञ्चितोऽहम्,:वञ्चितः,अहम्,
श्रुण्वन्तो,जना,जना,भृशमहसन्।,:श्रुण्वन्तः,जनाः,जनाः,भृशम्,अहसन्।,
भृशमहसन्।,:भृशम्,अहसन्।,
एकोऽवदत्-,:एकः,अवदत्-,
'यो,दैवज्ञोऽपरेषां,:'यः,दैवज्ञः,परेषां,
दैवज्ञोऽपरेषां,:दैवज्ञः,परेषां,
स,निजे,:सः,निजे,
गणको,यः,:गणकः,यः,
नासौ,:न,असौ,
