प्रेरयिताऽपि,:प्रेरयिता,अपि,
प्रेरयिताऽपि,:प्रेरयिता,अपि,
अरातिभिर्निगृहीतः।,:अरातिभिः,निगृहीतः।,
हन्तुमिच्छन्ति,:हन्तुम्,इच्छन्ति,
तानब्रवीत्-,:तान्,अब्रवीत्-,
कश्चिद्,अपराधो,अपराधो,न,:कश्चित्,अपराधः,अपराधः,न,
छुरिकाऽपि,:छुरिका,अपि,
कस्यचिदपि,:कस्यचित्,अपि,
वधो,न,:वधः,न,
अहन्तु,:अहं,तु,
प्रयासो,वर्तते।,:प्रयासः,वर्तते।,
अतो,मम,:अतः,मम,
तद्वाचमाकर्ण्य,:तद्वाचम्,आकर्ण्य,
कातरपुरुषोऽसि।,:कातरपुरुषः,असि।,
योगदानमस्ति।,:योगदानम्,अस्ति।,
वीरशतादपि,:वीरशतात्‌,अपि,
अधिकैव।,:अधिका,एव।,
अत,एव,:अतः,एव,
अकृत्वाऽपि,:अकृत्वा,अपि,
दुर्वृत्तेभ्योऽभ्यधिका,एव,:दुर्वृत्तेभ्यः,अभ्यधिकाः,एव,
प्रेरयतेऽपरान्,:प्रेरयते,अपरान्,
सोऽपि,:सः,अपि,
मतो,विज्ञैः,:मतः,विज्ञैः,
स,नरो,नरो,दण्डमर्हति,:सः,नरः,नरः,दण्डम्,अर्हति,
दण्डमर्हति,:दण्डम्,अर्हति,
