कश्चिन्मूषकः,:कश्चित्,मूषकः,
एको,विशालकायो,विशालकायो,वृषभोऽप्यासीत्।,:एकः,विशालकायः,विशालकायः,वृषभः,अपि,आसीत्।,
वृषभोऽप्यासीत्।,:वृषभः,अपि,आसीत्।,
क्रोधमुपागतः।,:क्रोधम्,उपागतः।,
स,तं,:सः,तं,
बिलमासीत्।,:बिलम्,आसीत्।,
प्रहारमकरोत्,:प्रहारम्,अकरोत्,
सफलो,नाभवत्।,:सफलः,न,अभवत्।,
नाभवत्।,:न,अभवत्।,
श्रान्तो,भूत्वा,:श्रान्तः,भूत्वा,
स,मूषकस्य,:सः,मूषकस्य,
उपभित्ति,अशेत।,:उपभित्तिः,अशेत।,
शनैर्निर्गतः,:शनैः,निर्गतः,
वीतभयोऽसौ,:वीतभयः,असौ,
प्रबुध्दो,वृषः,:प्रबुध्दः,वृषः,
परितोऽद्राक्षीत्,:परितः,अद्राक्षीत्,
मूषकोऽवदत्-,:मूषकः,अवदत्-,
देहविशालताया,अहं,:देहविशालतायाः,अहं,
कदाचिद्,बलवानपि,:कदाचित्,बलवान्,अपि,
बलवानपि,:बलवान्,अपि,
उक्तमपि,:उक्तम्,अपि,
दुष्टा,दुराशयाः,:दुष्टाः,दुराशयाः,
क्षुद्रा,कर्तुमुद्यताः,:क्षुद्राः,कर्तुम्,उद्यताः,
पीडयन्त्येव,:पीडयन्ति,एव,
प्रतिकारो,न,:प्रतिकारः,न,
