पक्षिणश्च,:पक्षिणः,च,
युध्देऽस्मिन्,:युध्दे,अस्मिन्,
सङ्‌घर्षेऽस्मिन्,:सङ्‌घर्षेः,अस्मिन्,
एवमवदत्,:एवम्,अवदत्,
पशुरहम्।,:पशुः,अहम्।,
जीवोऽहम्।,:जीवः,अहम्।,
यद्यप्यहम्,:यद्यपि,अहम्,
पशुरस्मि,:पशुः,अस्मि,
नाण्डजः।,:न,अण्डजः।,
सोऽब्रवीत्,:सः,अब्रवीत्,
पशुर्नास्मि।,:पशुः,नास्मि।,
एवाहम्।,:एव,अहम्।,
पक्षिणश्च,:पक्षिणः,च,
युध्दमवसितम्।,:युध्दम्,अवसितम्।,
सन्धिर्जातः।,:सन्धिः,जातः।,
निर्धारणमभवत्,:निर्धारणम्,अभवत्,
नानुमतः।,:न,अनुमतः।,
सन्देहमेव,:सन्देहम्,एव,
मायाचारश्च,:मायाचारः,च,
अस्मद्दले,:अस्मत्,दले,
नार्हति-,:न,अर्हति-,
इत्युदीर्य,:इति,उदीर्य,
निष्कासितोऽभवत्।,:निष्कासितः,अभवत्।,
एवासौ,:एव,असौ,
रात्रावेव,:रात्रौ,एव,
