उष्ट्रमारुह्य,:उष्ट्रम्,आरुह्य,
नैकस्थानेषु,:न,एकस्थानेषु,
असावेकं,:असौ,एकं,
ग्राममुपेतवान्।,:ग्रामम्,उपेतवान्।,
स,तत्रावस्थातुं,:सः,तत्र,अवस्थातुं,
तत्रावस्थातुं,:तत्र,अवस्थातुं,
ग्रामाद्,बहिरेकं,:ग्रामात्,बहिः,एकं,
बहिरेकं,:बहिः,एकं,
स,विश्रामाभिलाषेण,:सः,विश्रामाभिलाषेण,
तस्योष्ट्रः,:तस्य,उष्ट्रः,
शिविराद्,बहिराबध्द,बहिराबध्द,आसीत्।,:शिविरात्,बहिः,आबध्दः,बहिः,आबध्दः,आसीत्।,
शिशिरर्तुरवर्तत।,:शिशिरर्तुः,अवर्तत।,
भीषणशैत्यमसहमानः,:भीषणशैत्यम्,असहमानः,
तत्प्रार्थनामङ्गीचकार।,:तत्प्रार्थनाम्,अङ्गीचकार।,
किञ्चित्कालानन्तरं,:किञ्चित्,कालानन्तरं,
प्रवेशयितुमभ्यर्थनां,:प्रवेशयितुम्,अभ्यर्थनां,
तदप्यन्वमन्यत।,:तदपि,अन्वमन्यत।,
स,क्रमशः,:सः,क्रमशः,
देहेनान्तः,:देहेन,अन्तः,
लघुवितानेऽस्मिन्,:लघुविताने,अस्मिन्,
बहिस्तिष्ठ।,:बहिः,तिष्ठ।,
