विपद्यन्तेऽविवेकिनः,:विपद्यन्ते,अविवेकिनः,
विपद्यन्तेऽविवेकिनः,:विपद्यन्ते,अविवेकिनः,
बहिरागन्तुम्,:बहिः,आगन्तुम्,
नाभवत्।,:न,अभवत्।,
शृगालोऽप्यवलोकितः।,:शृगालः,अपि,अवलोकितः।,
शृगालमालोक्य,:शृगालम्,आलोक्य,
सोत्साहमब्रवीत्-,:सोत्साहम्,अब्रवीत्-,
त्वयाऽनास्वादितपूर्वं,:त्वया,अनास्वादितपूर्वं,
कूपाभ्यन्तरमागत्य,:कूपाभ्यन्तरम्,आगत्य,
स्वादीयस्तोयमापीय,:स्वादीयःतोयम्,आपीय,
मधुमिश्रितमामन्त्रणमवाप्य,:मधुमिश्रितम्,आमन्त्रणम्,अवाप्य,
अविचारितमेव,:अविचारितम्,एव,
द्रुतमेव,:द्रुतम्,एव,
देहमारुह्य,:देहम्,आरुह्य,
बहिरागतः।,:बहिः,आगतः।,
वराकोऽजः,:वराकः,अजः,
बहिरागन्तुं,:बहिः,आगन्तुं,
असहायोऽसौ,:असहायः,असौ,
पापकृत्यैर्मलीमसे,:पापकृत्यैः,मलीमसे,
युगेऽस्मिन्,:युगे,अस्मिन्,
