मूढा,मिथो,मिथो,द्वेषिणः,:मूढाः,मिथः,मिथः,द्वेषिणः,
मूढा,मिथो,मिथो,द्वेषिणः,:मूढाः,मिथः,मिथः,द्वेषिणः,
कश्चिद्,वणिक्,:कश्चित्,वणिक्,
स,यत्र,:सः,यत्र,
चार्जयति।,:च,अर्जयति।,
एकदाऽसौ,:एकदा,असौ,
भूमिरुद्घातिनी,:भूमिः,उद्घातिनी,
भारोद्वहनेऽशक्ततामनुभवति,:भारोद्वहने,अशक्तताम्,अनुभवति,
स,घोटकं,:सः,घोटकं,
कतिपयैरहोभिः,:कतिपयैः,अहोभिः,
रुग्णोऽस्मि।,:रुग्णः,अस्मि।,
कञ्चिद्,भारं,:कञ्चित्,भारं,
इत्याकर्ण्य,:इति,आकर्ण्य,
रोषेणाऽवदत्-,:रोषेण,अवदत्-,
रुग्णो,नासि।,:रुग्णः,न,असि।,
नासि।,:न,असि।,
किमर्थमहं,:किमर्थम्,अहं,
चलतस्तस्य,:चलतः,तस्य,
चेतश्चोद्विजते,:चेतः,च,उद्विजते,
स्वामिनो,दण्डप्रहारभयात्,:स्वामिनः,दण्डप्रहारभयात्,
स,एकमेकं,:सः,एकम्,एकं,
एकमेकं,:एकम्,एकं,
वराकोऽसौ,:वराकः,असौ,
कियद्‌दूरं,:कियत्,दूरं,
धृतभूरिभारो,रासभः,:धृतभूरिभारः,रासभः,
सवेगमुच्छ्‌वसन्,:सवेगम्,उच्छ्‌वसन्,
गतप्राणो,जातः।,:गतप्राणः,जातः।,
एतद्,वीक्ष्य,:एतत्,वीक्ष्य,
इत्यासीत्,:इति,आसीत्,
उपायान्तरमनवलोक्य,:उपायान्तरम्,अनवलोक्य,
स,गर्दभस्य,:सः,गर्दभस्य,
भारमाश्वस्य,:भारम्,आश्वस्य,
पृष्ठमारोपयत्।,:पृष्ठम्,आरोपयत्।,
मृतदेहोऽपि,:मृतदेहः,अपि,
'किमिदम्,:'किम्,इदम्,
दर्शिताऽभविष्यत्,:दर्शिता,अभविष्यत्,
गुरुतरो,भारोऽयम्,:गुरुतरः,भारः,अयम्,
भारोऽयम्,:भारः,अयम्,
उह्यो,नाभविष्यत्।',:उह्यः,न,अभविष्यत्।',
नाभविष्यत्।',:न,अभविष्यत्।',
मितो,नास्ति,:मितः,नास्ति,
प्रीतिर्नापि,:प्रीतिः,न,अपि,
तत्रोपेति,:तत्र,उपेति,
