भोजनमपि,:भोजनम्,अपि,
इत्यवधार्य,:इति,अवधार्य,
मण्डूकोऽवदत्-,:मण्डूकः,अवदत्-,
वियोगो,न,:वियोगः,न,
सहैव,:सह,एव,
तद्वचोऽभिनन्दितम्।,:तद्वचः,अभिनन्दितम्।,
तस्यैवंविधया,:तस्य,एवंविधया,
कष्टमनुभवति,:कष्टम्,अनुभवति,
किञ्चिदग्रे,:किञ्चित्,अग्रे,
चाकरोत्।,:च,अकरोत्।,
स्थलचारिणो,मूषकस्य,:स्थलचारिणः,मूषकस्य,
दशाऽभवत्।,:दशा,अभवत्।,
स,जले,:सः,जले,
नाजानात्।,:न,अजानात्।,
स,मित्रं,:सः,मित्रं,
तद्वचो,नाकर्णितम्।,:तद्वचः,न,आकर्णितम्।,
नाकर्णितम्।,:न,आकर्णितम्।,
स,तु,:सः,तु,
मूषको,दृष्टः।,:मूषकः,दृष्टः।,
नीचैरागत्य,:नीचैः,आगत्य,
चोत्पतितवती।,:च,उत्पतितवती।,
मण्डूकोऽपि,:मण्डूकः,अपि,
तस्या,आस्वाद्यं,:तस्याः,आस्वाद्यं,
अभिमतमेतद्,विदुषाम्,:अभिमतम्,एतत्,विदुषाम्,
