प्रमादोऽपि,:प्रमादः,अपि,
प्रमादोऽपि,:प्रमादः,अपि,
उत्साहसम्पन्नश्च,:उत्साहसम्पन्नः,च,
घोटकोऽपि,:घोटकः,अपि,
वेगवांश्च।,:वेगवान्,च।,
एकदाऽसौ,:एकदा,असौ,
अश्वमारुह्य,:अश्वम्,आरुह्य,
संघट्टोऽभवत्।,:संघट्टः,अभवत्।,
कष्टमापद्यत।,:कष्टम्,आपद्यत।,
लंगगत्याऽचलत्।,:लंगगत्या,अचलत्।,
कष्टमवबुध्दम्,:कष्टम्,अवबुध्दम्,
नाधिकं,:न,अधिकं,
चिन्तितोभवत्।,:चिन्तितः,अभवत्।,
श्वो,वा,:श्वः,वा,
कारयिष्यामि-इत्यालोच्य,:कारयिष्यामि-इति,आलोच्य,
स,निश्चितोऽभवत्।,:सः,निश्चितः,अभवत्।,
निश्चितोऽभवत्।,:निश्चितः,अभवत्।,
नापगता।,:न,अपगता।,
आक्रमणमभवत्।,:आक्रमणम्,अभवत्।,
स,सैनिकः,:सः,सैनिकः,
समयो,नासीत्,:समयः,नासीत्,
नृपतेरादेशपालनमपि,:नृपतेः,आदेशपालनम्,अपि,
अनिवार्यमासीत्।,:अनिवार्यम्,आसीत्।,
खंजगतिनाऽश्वेन,:खंजगतिना,अश्वेन,
द्वितीयपादादपि,:द्वितीयपादात्,अपि,
तत्रागच्छन्।,:तत्र,आगच्छन्।,
योध्दुमशक्नुवानाः,:योध्दुम्,अशक्नुवानाः,
सैनिकास्तु,:सैनिकाः,तु,
एष,सैनिकः,:एषः,सैनिकः,
अरिभिर्निगृहीतः।,:अरिभिः,निगृहीतः।,
ततोऽयं,:ततः,अयं,
कृतोऽभविष्यत्,:कृतः,अभविष्यत्,
तदाऽद्य,:तदा,अद्य,
नापतिष्यम्।,:न,अपतिष्यम्।,
स,विषीदति,:सः,विषीदति,
