ग्रामेऽवसताम्।,:ग्रामे,अवसताम्।,
तयोरुदरभरणाय,:तयोः,उदरभरणाय,
सुलभमासीत्।,:सुलभम्,आसीत्।,
सरिद्,वहति,:सरित्,वहति,
कदाचित्ते,:कदाचित्,ते,
नद्यामेकं,:नद्याम्,एकं,
पारगमन-साधनमासीत्।,:पारगमन-साधनम्,आसीत्।,
तत्रत्या,जनाः,:तत्रत्याः,जनाः,
सेतुनाऽनेन,:सेतुना,अनेन,
गन्तमशक्नोत्।,:गन्तम्,अशक्नोत्।,
सेतुमारुह्य,:सेतुम्,आरुह्य,
अपरतो,द्वितीया,:अपरतः,द्वितीया,
अजाऽपि,:अजा,अपि,
सेतुमध्यमागच्छत्।,:सेतुमध्यम्,आगच्छत्।,
पश्चाद्,गमनं,:पश्चात्,गमनं,
पश्चाद्,गच्छतः,:पश्चात्,गच्छतः,
नद्यास्तीव्रवेगे,:नद्याः,तीव्रवेगे,
पतनभयमविद्यत।,:पतनभयम्,अविद्यत।,
तयोरेका,:तयोः,एका,
सेतावुपाविशत्।,:सेतौ,उपाविशत्।,
अपराऽजा,:अपरा,अजा,
उपविष्टायास्तस्या,देहे,:उपविष्टायाः,तस्याः,देहे,
अजाऽपि,:अजा,अपि,
प्राज्ञा,नराः,:प्राज्ञाः,नराः,
इदमवधार्यम्,:इदम्,अवधार्यम्,
