
अ
अऋणिन्
अंश् (अंश-चुरादि-परस्मैपदिन्)
अंश
अंशक
अंशकरण
अंशभाज्
अंशल
अंशवत्
अंशसवर्णन
अंशस्वर
अंशहर
अंशहारिन्
अंशांशि
अंशिन्
अंशु
अंशुक
अंशुजाल
अंशुधर
अंशुपट्ट
अंशुपति
अंशुभर्तृ
अंशुमत्
अंशुमत्फला
अंशुमाला
अंशुमालिन्
अंशुल
अंशुवाण
अंशुहस्त
अंस् (अंस-चुरादि-परस्मैपदिन्)
अंस
अंसकूट
अंसत्र
अंसफलक
अंसभार
अंसभारिक
अंसल
अंसवत्
अंसेभार
अंसेभारिक
अंस्य
अंह्
अंहति
अंहस्
अंहसस्पति
अंहस्वत्
अंहिति
अंहु
अंहुभेदी
अंहुर
अंहूरण
अंहोमुच्
अंहोयु
अंह्रि
अंह्रिप
अंह्रिस्कन्ध
अक् (अक-भ्वादि-घटादि-उदात्त-उदात्तेत्-मित्)
अक
अकच
अकण्टक
अकनिष्ठ
अकनिष्ठग
अकपीवत्
अकम्पित
अकर
अकरणि
अकरुण
अकर्कश
अकर्ण
अकर्ण्य
अकर्तन
अकर्मक
अकर्मकृत्
अकर्मण्य
अकर्मन्
अकर्मभोग
अकर्मान्वित
अकल
अकल्क
अकल्कता
अकल्कन
अकल्प
अकल्माष
अकल्याण
अकव
अकवारि
अकशाय
अकस्मात्
अकाण्ड
अकाण्डपातजात
अकाम
अकामकर्शन
अकामतस्
अकाय
अकार
अकारण
अकारिन्
अकार्णवेष्टकिक
अकार्य
अकार्यकारिन्
अकार्ष्ण्य
अकाल
अकालकुष्माण्ड
अकालज
अकालजलदोदय
अकालमेघोदय
अकालसह
अकाल्य
अकिञ्चन
अकिञ्चनता
अकिञ्चनिमन्
अकितव
अकिल्विष
अकीर्ति
अकुतश्चल
अकुतोभय
अकुत्र
अकुप्य
अकुमार
अकुल
अकुलता
अकुलीन
अकुशल
अकुसीद
अकूपार
अकूर्च
अकूवार
अकृच्छ्र
अकृच्छ्रिन्
अकृत
अकृतकारम्
अकृतज्ञ
अकृतबुद्धि
अकृतब्रण
अकृतात्मन्
अकृतास्त्र
अकृतित्व
अकृतिन्
अकृत्य
अकृत्यकारिन्
अकृत्रिम
अकृत्स्न
अकृप
अकृपण
अकृश
अकृष्ट
अकृष्टपच्य
अकृष्णकर्मन्
अकेश
अकेशभार्य
अकोट
अकोविद
अकौशल
अक्का
अक्त
अक्तु
अक्न
अक्रम
अक्रान्त
अक्रिय
अक्रूर
अक्रोध
अक्रोधन
अक्लम
अक्लिका
अक्लिष्ट
अक्लिष्टकर्मन्
अक्लिष्टकारिन्
अक्लेद्य
अक्लेश
अक्ष् (अक्षू-भ्वादि-उदात्त-उदात्तेत्)
अक्ष
अक्षक
अक्षकर्ण
अक्षज
अक्षण्वत्
अक्षत
अक्षतयोनि
अक्षदर्शक
अक्षदृश्
अक्षदेविन्
अक्षद्यू
अक्षद्यूत
अक्षधर
अक्षधुर्
अक्षधूर्त
अक्षधूर्तिल
अक्षन्
अक्षपटल
अक्षपरि
अक्षपाट
अक्षपाटक
अक्षपाटिक
अक्षपाद
अक्षपीडा
अक्षभाग
अक्षम
अक्षमात्र
अक्षमाला
अक्षमालिन्
अक्षय
अक्षयगुण
अक्षयता
अक्षयतृतीया
अक्षयत्व
अक्षयपुरुहूत
अक्षयमति
अक्षयलोक
अक्षयाललिता
अक्षयिन्
अक्षय्य
अक्षर
अक्षरक
अक्षरचञ्चु
अक्षरचण
अक्षरचन
अक्षरचुञ्चु
अक्षरजननी
अक्षरच्छन्दस्
अक्षरजीवक
अक्षरजीविक
अक्षरजीविन्
अक्षरतूलिका
अक्षरन्यास
अक्षरपङ्क्ति
अक्षरमुख
अक्षरविन्यास
अक्षरशस्
अक्षरशून्य
अक्षरसंस्थान
अक्षराज
अक्षर्य
अक्षवत्
अक्षवाट
अक्षविद्
अक्षशौण्ड
अक्षसूत्र
अक्षांश
अक्षाग्र
अक्षाग्रकील
अक्षाग्रकीलक
अक्षार
अक्षारलवण
अक्षारालवण
अक्षान्ति
अक्षावपन
अक्षावाप
अक्षि
अक्षिक
अक्षिकूट
अक्षिकूटक
अक्षिगत
अक्षिगोल
अक्षिजाह
अक्षिणी
अक्षित
अक्षितारा
अक्षिति
अक्षिपक्ष्मन्
अक्षिपटल
अक्षिभू
अक्षिभेषज
अक्षिभ्रुव
अक्षिलोमन्
अक्षिव
अक्षिविकूणित
अक्षीक
अक्षीव
अक्षुण्ण
अक्षुण्णता
अक्षुद्र
अक्षेत्र
अक्षेत्रज्ञ
अक्षेत्रविद्
अक्षेत्रिन्
अक्षैत्रज्ञ्य
अक्षोट
अक्षोड
अक्षोडक
अक्षोभ
अक्षोभ्य
अक्षौहिणी
अक्ष्ण
अक्ष्णया
अखट्ट
अखट्टि
अखण्ड
अखण्डन
अखण्डित
अखण्डितर्त्तु
अखात
अखाद्य
अखिद्र
अखिल
अखेटिक
अखेदिन्
अख्यात
अख्याति
अग् (अग-भ्वादि-घटादि-मित्-उदात्त-उदात्तेत्)
अग
अगच्छ
अगज
अगति
अगतिक
अगतिकगति
अगद
अगदङ्कार
अगद्य्
अगन्तव्य
अगम
अगम्य
अगम्यरूप
अगम्यागमन
अगम्यागमनीय
अगम्यागामिन्
अगरी
अगरु
अगर्ब
अगस्ति
अगस्तिद्रु
अगस्ती
अगस्तीय
अगस्त्य
अगस्त्योदय
अगा
अगात्मजा
अगाध
अगाधजल
अगार
अगावह
अगिर
अगु
अगुण
अगुणता (-ता)
अगुणवादिन्
अगुणशील
अगुरु
अगुप्त
अगुरुशिंशपा
अगूढ
अगूढगन्ध
अगूढभाव
अगृभीत
अगृह
अगोचर
अगोह्य
अगौकस्
अग्नामरुत्
अग्नायी
अग्नाविष्णु
अग्नि
अग्निक
अग्निकण
अग्निकर्मन्
अग्निकारिका
अग्निकार्य
अग्निकाष्ठ
अग्निकुक्कुट
अग्निकुण्ड
अग्निकुमार
अग्निकेतु
अग्निकोण
अग्निक्रिया
अग्निक्रीडा
अग्निगर्भ
अग्निचयन
अग्निचित्
अग्निचिति
अग्निचित्या
अग्निचित्वत्
अग्निज
अग्निजन्मन्
अग्निजात
अग्निजार
अग्निजाल
अग्निजिह्वा
अग्निज्वाला
अग्नितेजस्
अग्नित्रय
अग्नित्रेता
अग्निद
अग्निदग्ध
अग्निदत्त
अग्निदमनी
अग्निदिश्
अग्निदीपन
अग्निदीप्त
अग्निदेव
अग्निदेवत्य
अग्निदैवत
अग्निदैवत्य
अग्निनक्षत्र
अग्निनयन
अग्निनिर्यास
अग्निपक्व
अग्निपद
अग्निपरिच्छद
अग्निपरिधान
अग्निपरीक्षा
अग्निपर्वत
अग्निप्रणयन
अग्निप्रवेश
अग्निप्रस्तर
अग्निबाहु
अग्निभ
अग्निभु
अग्निभू
अग्निभूति
अग्निमणि
अग्निमत्
अग्निमन्थ
अग्निमन्थन
अग्निमन्थनीय
अग्निमाठर
अग्निमान्द्य
अग्निमारुति
अग्निमित्र
अग्निमिन्ध
अग्निमुख
अग्नियुत
अग्नियोजन
अग्निरक्षण
अग्निरजस्
अग्निरुहा
अग्निरोहिणी
अग्निलोक
अग्निवत्
अग्निवर्चस्
अग्निवर्ण
अग्निवर्धक
अग्निवर्धन
अग्निवल्लभ
अग्निवाण
अग्निवाह
अग्निवाहु
अग्निविमोचन
अग्निविसर्प
अग्निविहरण
अग्निवीज
अग्निवीर्य
अग्निवृद्धि
अग्निवेश
अग्निशरण
अग्निशाल
अग्निशिख
अग्निशेखर
अग्निष्टुत्
अग्निष्टुभ्
अग्निष्टोम
अग्निष्टोमयाजिन्
अग्निष्ठ
अग्निष्वात्त
अग्निसंस्कार
अग्निसञ्चय
अग्निसख
अग्निसम्भव
अग्निसहाय
अग्निसाक्षिकमर्याद
अग्निसात्
अग्निसार
अग्निसावर्णि
अग्निसिंह
अग्निसिंहनन्दन
अग्निस्तोक
अग्निस्वात्त
अग्निहोतृ
अग्निहोत्र
अग्निहोत्रहवणी
अग्निहोत्रिन्
अग्नीध्
अग्नीध्र
अग्नीन्धन
अग्नीय
अग्नीषोम
अग्नीषोमप्रणयन
अग्नीषोमीय
अग्नीषोमीयनिर्वाप
अग्नीषोमीयपशु
अग्नीषोमीयपश्वनुष्ठान
अग्नीषोमीयपुरोडाश
अग्नीषोमीययाग
अग्नीषोमीयैकादशकपाल
अग्नीषोम्य
अग्न्यभाव
अग्न्यस्त्र
अग्न्यागार
अग्न्याधान
अग्न्याधेय
अग्न्यालय
अग्न्याहित
अग्न्याहिति
अग्न्युत्पात
अग्न्युद्धरण
अग्मन्
अग्र
अग्रकर
अग्रकाय
अग्रग
अग्रगण्य
अग्रगामिन्
अग्रज
अग्रजङ्घा
अग्रजन्मन्
अग्रजातक
अग्रजाति
अग्रजिह्व
अग्रज्या
अग्रणी
अग्रतःसर
अग्रतस्
अग्रदानिन्
अग्रनख
अग्रनासिका
अग्रनिरूपण
अग्रपर्णी
अग्रपाणि
अग्रभाग
अग्रभूमि
अग्रमांस
अग्रयान
अग्रयायिन्
अग्रयोधिन्
अग्रलोहिता
अग्रवीज
अग्रसन्धानी
अग्रसन्ध्या
अग्रसानु
अग्रसर
अग्रसेन
अग्रह
अग्रहस्त
अग्रहायण
अग्रहार
अग्रांश
अग्रांशु
अग्राक्षि
अग्राङ्गुलि
अग्रानीक
अग्रायणीय
अग्राह्य
अग्रिम
अग्रिय
अग्रीय
अग्रु
अग्रेग
अग्रेगा
अग्रेगू
अग्रेणी
अग्रेदिधिषु
अग्रेपा
अग्रेपू
अग्रेभ्रू
अग्रेवण
अग्रेवध
अग्रेसर
अग्रेसरिक
अग्र्य
अघ् (अघ-चुरादि-परस्मैपदिन्)
अघ
अघन
अघनाशक
अघनाशन
अघमय
अघमर्षण
अघर्म
अघर्मधामन्
अघवत्
अघशंस
अघशंसहन्
अघहरण
अघातिन्
अघाय्
अघायु
अघाह
अघृण
अघोर
अघोरघोररूप
अघोरपथिन्
अघोरमार्ग
अघोष
अघोस्
अघ्न्य
अङ्क्
अङ्क
अङ्ककरण
अङ्कति
अङ्कन
अङ्कपालि
अङ्कपालिका
अङ्कपाली
अङ्कपाश
अङ्कपाशव्यवहार
अङ्कपाशाध्याय
अङ्कभाज्
अङ्कमुख
अङ्कलोड्य
अङ्कविद्या
अङ्कस्
अङ्कस
अङ्कावतार
अङ्कित
अङ्किन्
अङ्की
अङ्कुट
अङ्कुर
अङ्कुरक
अङ्कुरित
अङ्कुश
अङ्कुशग्रह
अङ्कुशदुर्धर
अङ्कूर
अङ्कूष
अङ्कोट
अङ्कोठ
अङ्कोल
अङ्कोलिका
अङ्कोल्लसार
अङ्क्य
अङ्ख्
अङ्ग्
अङ्ग
अङ्गक
अङ्गकर्तन
अङ्गकर्मन्
अङ्गक्रिया
अङ्गग्रह
अङ्गज
अङ्गजनुस्
अङ्गजात
अङ्गण
अङ्गति
अङ्गद
अङ्गद्वीप
अङ्गन
अङ्गनागण
अङ्गनाजन
अङ्गनाप्रिय
अङ्गन्यास
अङ्गपालि
अङ्गप्रायश्चित्त
अङ्गमर्द
अङ्गमर्ष
अङ्गमर्षप्रशमन
अङ्गयाग
अङ्गरक्त
अङ्गरक्षणी
अङ्गरक्षिणी
अङ्गराग
अङ्गराज्
अङ्गरुह
अङ्गलोड्य
अङ्गव
अङ्गविकृति
अङ्गविक्षेप
अङ्गविद्या
अङ्गवैकृत
अङ्गसंस्कार
अङ्गसंस्क्रिया
अङ्गसंहति
अङ्गसङ्ग
अङ्गस्कन्ध
अङ्गस्पर्श
अङ्गहार
अङ्गहारि
अङ्गहीन
अङ्गाङ्गि
अङ्गाङ्गिता
अङ्गाङ्गिभाव
अङ्गाधिप
अङ्गापूर्व
अङ्गार
अङ्गारक
अङ्गारकदिन
अङ्गारकमणि
अङ्गारकित
अङ्गारकुष्ठक
अङ्गारधानिका
अङ्गारधानी
अङ्गारपरिपाचित
अङ्गारपर्ण
अङ्गारपात्री
अङ्गारपुष्प
अङ्गारमञ्जरी
अङ्गारमञ्जी
अङ्गारवल्लरी
अङ्गारवल्ली
अङ्गारशकटी
अङ्गारसेतु
अङ्गारावक्षयण
अङ्गारि
अङ्गारिका
अङ्गारिणी
अङ्गारित
अङ्गारीय
अङ्गार्या
अङ्गिका
अङ्गिन्
अङ्गिर्
अङ्गिर
अङ्गिरस्
अङ्गिरस
अङ्गिरसामयन
अङ्गिरस्तम
अङ्गिरस्वत्
अङ्गीकरण
अङ्गीकार
अङ्गीकृ
अङ्गीकृत
अङ्गीय
अङ्गु
अङ्गुरि
अङ्गुरी
अङ्गुरीय
अङ्गुरीयक
अङ्गुल
अङ्गुलप्रमाण
अङ्गुलमान
अङ्गुलि
अङ्गुलितोरण
अङ्गुलित्र
अङ्गुलित्राण
अङ्गुलिपर्वन्
अङ्गुलिमुख
अङ्गुलिमुद्रा
अङ्गुलिमुद्रिका
अङ्गुलिमोटन
अङ्गुलिषङ्ग
अङ्गुलिसन्देश
अङ्गुलिस्फोटन
अङ्गुली
अङ्गुलीक
अङ्गुलीपञ्चक
अङ्गुलीमुख
अङ्गुलीय
अङ्गुलीयक
अङ्गुलीसम्भूत
अङ्गुष्ठ
अङ्गुष्ठमात्र
अङ्गुष्ठमात्रक
अङ्गुष्ठ्य
अङ्गूष
अङ्ग्य
अङ्घ् (अघि-भ्वादि-उदात्त-अनुदात्तेत्)
अङ्घ
अङ्घस्
अङ्घारि
अङ्घि
अङ्घ्रि
अङ्घ्रिप
अङ्घ्रिपर्णी
अङ्घ्रिवल्लि
अङ्घ्रिवल्लिका
अङ्घ्रिस्कन्ध
अच्
अचक्र
अचक्षुर्विषय
अचक्षुष्क
अचक्षुस्
अचण्ड
अचतुर
अचर
अचल
अचलकीला
अचलत्विष्
अचलधृति
अचलभ्रातृ
अचलमति
अचलाधिप
अचापल्य
अचारु
अचिक्कण
अचित्
अचित
अचित्त
अचित्ति
अचिन्ता
अचिन्तित
अचिन्त्य
अचिर
अचिरद्युति
अचिरप्रभा
अचिरप्रसूता
अचिरभास्
अचिरमृत
अचिररोचिस्
अचिरांशु
अचिराभा
अचेतन
अचेतस्
अचेतान
अचेष्ट
अचेष्टता
अचैतन्य
अचोदस्
अच्छ
अच्छभल्ल
अच्छावाक
अच्छावाकीय
अच्छिद्र
अच्छिन्न
अच्छिन्नपत्त्र
अच्छुप्ता
अच्छेत
अच्छैदिक
अच्छोक्ति
अच्छोद
अच्युत
अच्युतक्षित्
अच्युतच्युत्
अच्युतज
अच्युतदन्त
अच्युतन्त
अच्युतमूर्ति
अच्युतवास
अच्युतस्थल
अच्युताग्रज
अज् (अज-भ्वादि-उदात्त-उदात्तेत्)
अज
अजक
अजकर्ण
अजकर्णक
अजकव
अजकाजात
अजकाव
अजकूला
अजक्षीर
अजग
अजगन्धा
अजगन्धिका
अजगन्धिनी
अजगर
अजगल्लिका
अजगव
अजगाव
अजघन्य
अजजीविक
अजटा
अजड
अजत्व
अजथ्या
अजदण्डी
अजदेवता
अजन
अजननि
अजनयोनिज
अजनामक
अजनि
अजन्य
अजप
अजपथ
अजपद
अजपाद
अजपार्श्व
अजपाल
अजभक्ष
अजमायु
अजमार
अजमीढ
अजमुख
अजमोदा
अजमोदिका
अजम्भ
अजय
अजय्य
अजर
अजरयु
अजरस्
अजर्य
अजर्षभ
अजलम्बन
अजलोमन्
अजलोमी
अजवस्ति
अजवाह
अजवीथी
अजशृङ्गी
अजस्तुन्द
अजस्र
अजहत्स्वार्था
अजहल्लिङ्ग
अजहा
अजाकृपाणीय
अजाक्षीर
अजागर
अजागलस्तन
अजाजि
अजाजी
अजाजीव
अजात
अजातककुद्
अजातव्यवहार
अजातशत्रु
अजातानुशय
अजातारि
अजात्व
अजाद
अजादनी
अजानि
अजानिक
अजानेय
अजान्त्री
अजापालक
अजामि
अजामिता
अजायमान
अजाविक
अजाश्व
अजि
अजिका
अजित
अजितबला
अजितविक्रम
अजितात्मन्
अजितापीड
अजितेन्द्रिय
अजिन
अजिनपत्त्र
अजिनपत्त्रिका
अजिनफला
अजिनयोनि
अजिनवासिन्
अजिनसन्ध
अजिर
अजिरवती
अजिरशोचिस्
अजिराय्
अजिरीय
अजिह्म
अजिह्मग
अजिह्व
अजीकव
अजीगर्त
अजीति
अजीर्ण
अजीर्णि
अजीर्णिन्
अजीव
अजीवनि
अजीवित
अजुष्ट
अजुष्टि
अजेतव्य
अजेय
अजैकपाद्
अजैडक
अजोष
अजोष्य
अज्जुका
अज्झटा
अज्झल
अज्ञ
अज्ञका
अज्ञता
अज्ञात
अज्ञातक
अज्ञातकेत
अज्ञाति
अज्ञान
अज्ञानकृत
अज्ञानता
अज्ञिका
अज्ञानिन्
अज्ञेय
अज्म
अज्मन्
अज्यानि
अज्येष्ठ
अज्येष्ठवृत्ति
अज्र
अज्र्य
अञ्च्
अञ्च
अञ्चति
अञ्चती
अञ्चन
अञ्चल
अञ्चित
अञ्चितभ्रू
अञ्ज्
अञ्जक
अञ्जन
अञ्जनक
अञ्जनकेशी
अञ्जननामिका
अञ्जनागिरि
अञ्जनाधिका
अञ्जनाम्भस्
अञ्जनावती
अञ्जनिक
अञ्जनी
अञ्जल
अञ्जलि
अञ्जलिक
अञ्जलिकर्मन्
अञ्जलिकारिका
अञ्जलिबन्धन
अञ्जलीकृत
अञ्जस्
अञ्जस
अञ्जसा
अञ्जसायन
अञ्जसीन
अञ्जि
अञ्जिक
अञ्जिन्
अञ्जिमत्
अञ्जिष्ठ
अञ्जिसक्थ
अञ्जीर
अट्
अट
अटक
अटन
अटनि
अटरुष
अटरूष
अटवि
अटविक
अटविशिखर
अटवी
अटा
अटाटा
अटाट्यमान
अटाट्या
अटाय्
अट्ट्
अट्ट
अट्टक
अट्टट्ट
अट्टन
अट्टपतिभागाख्यगृहकृत्य
अट्टस्थली
अट्टहसित
अट्टहास
अट्टहासक
अट्टहासिन्
अट्टहास्य
अट्टाट्टहास
अट्टाय्
अट्टाल
अट्टालक
अट्टालिकाकार
अट्टालिकाबन्ध
अट्टिलिका
अट्या
अठ् (अठ-भ्वादि-उदात्त-अनुदात्तेत्)
अठिल्ला
अड्
अड्ड् (अड्ड-भ्वादि-उदात्त-उदात्तेत्)
अड्डन
अण्
अणक
अणकीय
अणव्य
अणि
अणिमन्
अणिष्ठ
अणी
अणीमाण्डव्य
अणीयस्
अणीयस्क
अणु
अणुक
अणुता
अणुतैल
अणुभा
अणुमात्र
अणुमात्रिक
अणुरेणु
अणुरेणुजाल
अणुरेवती
अणुव्रीहि
अणुशस्
अणूभाव
अण्ठ् (अठि-भ्वादि-उदात्त-अनुदात्तेत्)
अण्ड
अण्डक
अण्डकटाह
अण्डकोटरपुष्पी
अण्डकोश
अण्डकोष
अण्डकोषक
अण्डज
अण्डजेश्वर
अण्डधर
अण्डवर्धन
अण्डवृद्धि
अण्डसू
अण्डाकर्षण
अण्डाकार
अण्डालु
अण्डीर
अण्व
अण्वन्त
अण्वी
अत् (अत-भ्वादि-उदात्त-उदात्तेत्)
अत्
अतट
अतथा
अतथोचित
अतथ्य
अतद्गुण
अतन
अतन्त्र
अतन्द्र
अतन्द्रित
अतन्द्रिन्
अतप
अतपस्
अतपस्क
अतप्त
अतमेरु
अतर्क
अतर्कित
अतर्क्य
अतल
अतलस्पर्श
अतलस्पृश्
अतव्यस्
अतस्
अतस
अति
अतिकथ
अतिकन्दक
अतिकल्यम्
अतिकश
अतिकाय
अतिकुत्सित
अतिकुल्व
अतिकृच्छ्र
अतिकृति
अतिकृश
अतिकृष्ण
अतिकेशर
अतिक्रम
अतिक्रमण
अतिक्रमिन्
अतिक्रान्त
अतिक्रान्तनिषेध
अतिक्रामक
अतिक्रामत्
अतिक्षिप्त
अतिग
अतिगण्ड
अतिगन्ध
अतिगन्धालु
अतिगर्बित
अतिगव
अतिगहन
अतिगुप्त
अतिगुहा
अतिगो
अतिग्रह
अतिग्राह
अतिग्राह्य
अतिघ
अतिघ्नी
अतिचर
अतिचार
अतिचारिन्
अतिच्छत्र
अतिच्छत्रक
अतिच्छन्द
अतिच्छन्दस्
अतिजगती
अतिजन
अतिजर
अतिजव
अतिजागर
अतिजात
अतिजीर्ण
अतिडीन
अतितराम्
अतितारिन्
अतितीक्ष्ण
अतितीव्र
अतितृण्ण
अतितृप्ति
अतित्यद्
अतित्वम्
अतित्वान्
अतित्वाम्
अतिथि
अतिथिक्रिया
अतिथिग्व
अतिथित्व
अतिथिधर्म
अतिथिधर्मिन्
अतिथिन्
अतिथिद्वेष
अतिथिपूजन
अतिथिपूजा
अतिथिसत्कार
अतिथिसेवा
अतिदग्ध
अतिदत्त
अतिदर्प
अतिदर्शिन्
अतिदातृ
अतिदान
अतिदान्त
अतिदाह
अतिदिष्ट
अतिदीप्य
अतिदीर्घ
अतिदुःसह
अतिदुर्गत
अतिदुर्लम्भ
अतिदुष्कर
अतिदूर
अतिदेव
अतिदेश
अतिदोष
अतिधन्वन्
अतिधृति
अतिधेनु
अतिनामन्
अतिनिचृत्
अतिनिद्र
अतिनिवृत्
अतिनौ
अतिपतन
अतिपतित
अतिपत्ति
अतिपत्र
अतिपथिन्
अतिपद
अतिपन्न
अतिपर
अतिपरोक्ष
अतिपरोक्षवृत्ति
अतिपात
अतिपातक
अतिपातित
अतिपातिन्
अतिपादनिचृत्
अतिपादनिवृत्
अतिपितामह
अतिपितृ
अतिपुरुष
अतिपेशल
अतिप्रगे
अतिप्रमाण
अतिप्रवृत्ति
अतिप्रवृद्ध
अतिप्रश्न
अतिप्रश्न्य
अतिप्रसक्ति
अतिप्रसङ्ग
अतिप्रसिद्ध
अतिप्रेषित
अतिप्रौढयौवन
अतिबल
अतिबाहु
अतिब्रह्मचर्य
अतिब्रह्मन्
अतिभार
अतिभारग
अतिभाव
अतिभी
अतिभीषण
अतिभूमि
अतिभोजन
अतिभ्रू
अतिमङ्गल्य
अतिमति
अतिमध्यन्दिन
अतिमर्याद
अतिमर्त्य
अतिमात्र
अतिमान्
अतिमान
अतिमानिन्
अतिमानुष
अतिमाम्
अतिमाय
अतिमार
अतिमारुत
अतिमित
अतिमुक्त
अतिमुक्तक
अतिमुक्ति
अतिमृत्यु
अतिमैथुन
अतिमोक्ष
अतिमोदा
अतियश
अतियशस्
अतियाज
अतियुवन्
अतियूयम्
अतियोग
अतिरक्त
अतिरथ
अतिरसा
अतिराजकुमारि
अतिराजन्
अतिराजय्
अतिराजी
अतिराज्ञी
अतिरात्र
अतिरात्रसवनीयपशु
अतिरिक्त
अतिरिक्तता
अतिरिक्ताङ्ग
अतिरुच्
अतिरुचिर
अतिरेक
अतिरेकिन्
अतिरै
अतिरोग
अतिरोमश
अतिलक्ष्मी
अतिलम्ब
अतिलिहा
अतिलुब्ध
अतिलोभ
अतिलोभता
अतिलोम
अतिलोमश
अतिलोहित
अतिलौल्य
अतिवक्तृ
अतिवक्र
अतिवयम्
अतिवर्तन
अतिवर्तिन्
अतिवर्तुल
अतिवाद
अतिवादिन्
अतिवालक
अतिवास
अतिवाहन
अतिवाहिक
अतिविकट
अतिविद्ध
अतिविलम्बिन्
अतिविश्रब्धनवोढा
अतिविश्व
अतिविष
अतिवृत्ति
अतिवृष्टि
अतिवृष्टिहत
अतिवेल
अतिवोढृ
अतिव्यथन
अतिव्यथा
अतिव्यय
अतिव्याधिन्
अतिव्याप्त
अतिव्याप्ति
अतिशक्करी
अतिशक्त
अतिशक्ति
अतिशक्तिता
अतिशक्तिभाज्
अतिशक्वरी
अतिशय
अतिशयन
अतिशयित
अतिशयिन्
अतिशस्त
अतिशयोक्ति
अतिशस्त्र
अतिशाक्वर
अतिशायन
अतिशायिन्
अतिशीतम्
अतिशुक्ल
अतिशेत
अतिशेष
अतिशोभन
अतिश्री
अतिश्रेयसि
अतिश्व
अतिश्वन्
अतिष्कद्वरी
अतिष्ठा
अतिष्ठावन्
अतिष्ठावत्
अतिसक्ति
अतिसक्तिमत्
अतिसंस्कृत
अतिसञ्चय
अतिसन्धम्
अतिसन्धान
अतिसन्धित
अतिसमर्थ
अतिसम्पर्क
अतिसर्ग
अतिसर्जन
अतिसर्व
अतिसांवत्सर
अतिसाध्वस
अतिसान्तपन
अतिसाम्या
अतिसायम्
अतिसार
अतिसारकिन्
अतिसारिन्
अतिसुजन
अतिसुन्दर
अतिसुहित
अतिसृष्टि
अतिसेन
अतिसौरभ
अतिसौहित्य
अतिस्त्रि
अतिस्थिर
अतिस्थूल
अतिस्निग्ध
अतिस्फिर
अतिस्वप्न
अतिहसित
अतिहस्तय्
अतिहास
अतिहिमम्
अतिह्रस्व
अतीक्ष्ण
अतीत
अतीतकाल
अतीतनौक
अतीत्वरी
अतीन्द्रिय
अतीरेक
अतीव
अतीसार
अतीसारकिन्
अतुङ्ग
अतुर
अतुल
अतुल्य
अतुषारकर
अतुष्टि
अतुहिनधामन्
अतुहिनरश्मि
अतूतुजि
अतूर्त
अतूर्तदक्ष
अतूर्तपथिन्
अतृणाद
अतृण्या
अतृदिल
अतृप
अतृष्य
अतेजस्
अतेजस्क
अतेजस्विन्
अतोषणीय
अत्क
अत्कील
अत्ता
अत्ति
अत्तिका
अत्तृ
अत्त्र
अत्त्रि
अत्त्रिन्
अत्न
अत्नु
अत्य
अत्यंहस्
अत्यग्नि
अत्यग्निष्टोम
अत्यङ्कुश
अत्यङ्गुल
अत्यध्वन्
अत्यनिल
अत्यन्त
अत्यन्तकोपन
अत्यन्तग
अत्यन्तगत
अत्यन्तगति
अत्यन्तगामिन्
अत्यन्तगुणिन्
अत्यन्ततिरस्कृतवाच्यध्वनि
अत्यन्तपीडन
अत्यन्तवासिन्
अत्यन्तसंयोग
अत्यन्तसम्पर्क
अत्यन्तसुकुमार
अत्यन्ताभाव
अत्यन्तिक
अत्यन्तीन
अत्यन्तीनत्व
अत्यम्ल
अत्यम्लपर्णी
अत्यय
अत्ययिन्
अत्यराति
अत्यर्थ
अत्यल्प
अत्यवि
अत्यशन
अत्यष्टि
अत्यस्त
अत्यहम्
अत्यह्न
अत्याकार
अत्याचार
अत्यादान
अत्यादित्य
अत्याधान
अत्यानन्दा
अत्याय
अत्याल
अत्याशा
अत्याश्रमिन्
अत्यासम्
अत्याहार
अत्याहारिन्
अत्याहित
अत्युक्ता
अत्युक्ति
अत्युक्था
अत्युग्र
अत्युच्चैर्ध्वनि
अत्युच्चैस्
अत्युत्कट
अत्युपध
अत्युल्वण
अत्युष्ण
अत्यूमशा
अत्यूर्मि
अत्यूह
अत्र
अत्रदघ्न
अत्रप
अत्रभवत्
अत्रवस्
अत्रस्नु
अत्रास
अत्रि
अत्रिचतुरह
अत्रिजात
अत्रिदृग्ज
अत्रिन्
अत्रिनेत्रज
अत्रिनेत्रप्रसूत
अत्रिनेत्रभव
अत्रिनेत्रभू
अत्रिनेत्रसूत
अत्रिभारद्वाजिका
अत्रिवत्
अत्रिसंहिता
अत्रिस्मृति
अत्वरा
अथ
अथकिम्
अथकिमु
अथच
अथतु
अथरी
अथर्य्
अथर्य
अथर्यु
अथर्व
अथर्वण
अथर्वणि
अथर्वन्
अथर्वभूत
अथर्ववत्
अथर्वविद्
अथर्ववेद
अथर्वशिखा
अथर्वशिरस्
अथर्वहृदय
अथर्वाङ्गिरस्
अथर्वाङ्गिरस
अथर्वाण
अथर्वाणविद्
अथर्वी
अथवा
अथवापि
अथातस्
अथानन्तरम्
अथापि
अथो
अद्
अद
अदक्ष
अदक्षिण
अदक्षिणत्व
अदक्षिणीय
अदक्षिण्य
अदग्ध
अदण्ड
अदण्ड्य
अदण्डनीय
अदत्
अदत्क
अदत्त
अदद्र्यञ्च्
अदन
अदन्त
अदन्तक
अदन्त्य
अदब्ध
अदब्धव्रत
अदब्धव्रतप्रमति
अदब्धायु
अदभ्र
अदमुद्र्यञ्च्
अदमुयञ्च्
अदमूयञ्च्
अदम्भ
अदम्य
अदय
अदर
अदरक
अदर्श
अदर्शन
अदर्शनीय
अदल
अदस्
अदस्य्
अदातृ
अदादि
अदान
अदान्त
अदाभ्य
अदायाद
अदायिक
अदार
अदाशु
अदाशुरि
अदाश्वस्
अदास
अदाह्य
अदिक्क
अदिति
अदिति
अदितिज
अदितित्व
अदितिनन्दन
अदित्सत्
अदित्सु
अदिप्रभृति
अदीक्षित
अदीन
अदीनसत्त्व
अदीर्घ
अदीर्घसूत्र
अदीर्घसूत्रता
अदुःख
अदुःखनवमी
अदुच्छुन
अदुर्ग
अदुष्ट
अदूर
अदूरभव
अदूषित
अदृपित
अदृप्त
अदृप्यत्
अदृश्
अदृश्य
अदृश्यकरण
अदृश्यत्
अदृष्ट
अदृष्टज
अदृष्टनर
अदृष्टपुरुष
अदृष्टपूर्व
अदृष्टवत्
अदृष्टि
अदृष्टिका
अदेय
अदेयदान
अदेव
अदेवक
अदेवता
अदेवत्रा
अदेवयत्
अदेवयु
अदेश
अदेशस्थ
अदेश्य
अदोमय
अदोमूल
अद्ग
अद्धा
अद्धातमाम्
अद्धाति
अद्धापुरुष
अद्धाबोधेय
अद्ध्यालोहकर्ण
अद्भुत
अद्भुतगन्ध
अद्भुतत्व
अद्भुतब्राह्मण
अद्भुतरस
अद्भुतरामायण
अद्भुतरूप
अद्भुतसार
अद्भुतस्वन
अद्मन्
अद्मनि
अद्मर
अद्मसद्
अद्मसद्य
अद्य
अद्यतन
अद्यतनीय
अद्यप्रभृति
अद्यश्वीन
अद्यावधि
अद्यूत्य
अद्रव
अद्रव्य
अद्रि
अद्रिकर्णी
अद्रिका
अद्रिकीला
अद्रिकृतस्थली
अद्रिज
अद्रिजा
अद्रिजूत
अद्रितनया
अद्रिदुग्ध
अद्रिद्विष्
अद्रिनन्दिनी
अद्रिपति
अद्रिबुध्न
अद्रिभिद्
अद्रिभू
अद्रिमूर्धन्
अद्रिराज्
अद्रिराज
अद्रिवत्
अद्रिवह्नि
अद्रिशय्य
अद्रिशृङ्ग
अद्रिसंहत
अद्रिसार
अद्रिसारमय
अद्रीन्द्र
अद्रीश
अद्रुह्
अद्रुह्वन्
अद्रोघ
अद्रोह
अद्रोहिन्
अद्वय
अद्वयत्
अद्वयवादिन्
अद्वयस्
अद्वयानन्द
अद्वयाविन्
अद्वयु
अद्वार
अद्वितीय
अद्विषेण्य
अद्वेष
अद्वेषिन्
अद्वैत
अद्वैतवादिन्
अद्वैतानन्द
अध
अधःकर
अधःकाय
अधःखनन
अधःपद्म
अधःपात
अधःपुष्पी
अधःप्रवाह
अधःप्रस्तर
अधःशय
अधःशय्य
अधःशिरस्
अधःस्थ
अधःस्थित
अधःस्वस्तिक
अधौपासन
अधन
अधम
अधमभृत
अधमभृतक
अधमर्ण
अधमर्णिक
अधमाङ्ग
अधमाचार
अधमार्ध
अधमार्ध्य
अधर
अधरकण्ठ
अधरकाय
अधरतस्
अधरपान
अधरस्तात्
अधरस्वस्तिक
अधराक्
अधराचीन
अधराच्य
अधराञ्च्
अधरात्
अधरारणि
अधरावलोप
अधरीकृत
अधरीण
अधरीभूत
अधरेण
अधरेद्युस्
अधरोत्तर
अधरोष्ठ
अधर्म
अधर्मचारिन्
अधर्मदण्डन
अधर्ममय
अधर्मात्मन्
अधर्मास्तिकाय
अधर्मिन्
अधर्मिष्ठ
अधर्म्य
अधवा
अधश्चर
अधश्चौर
अधस्
अधस्तन
अधस्तराम्
अधस्तात्
अधस्ताद्दिश्
अधस्पद
अधा
अधामार्गव
अधारणक
अधार्मिक
अधि
अधि
अधिक
अधिकता
अधिकक्षयकारिन्
अधिकतिथि
अधिकदन्त
अधिकदिन
अधिकमांसार्मन्
अधिकमास
अधिकरण
अधिकरणमण्डप
अधिकरणसिद्धान्त
अधिकरणिक
अधिकरणैतावत्त्व
अधिकर्द्धि
अधिकर्मकर
अधिकर्मकृत्
अधिकर्मकृत
अधिकर्मन्
अधिकर्मिक
अधिकल्पिन्
अधिकवाक्योक्ति
अधिकषाष्टिक
अधिकसंवत्सर
अधिकसाप्ततिक
अधिकाङ्ग
अधिकार
अधिकारस्थ
अधिकारिता
अधिकारिन्
अधिकार्थवचन
अधिकार्म
अधिकृत
अधिकृति
अधिक्रम
अधिक्षित्
अधिक्षिप्त
अधिक्षेप
अधिगत
अधिगन्तव्य
अधिगन्तृ
अधिगम
अधिगमन
अधिगमनीय
अधिगम्य
अधिगव
अधिगुण
अधिज
अधिजनन
अधिजिह्व
अधिजिह्विका
अधिज्य
अधिज्योतिषम्
अधित्यका
अधिदन्त
अधिदिन
अधिदेव
अधिदेवतम्
अधिदेवता
अधिदेवन
अधिदैव
अधिदैवत
अधिप
अधिपति
अधिपतिवती
अधिपत्नी
अधिपथम्
अधिपा
अधिपांशुल
अधिपुरुष
अधिप्रजम्
अधिप्रष्टि
अधिप्रष्टियुग
अधिभू
अधिभूत
अधिमन्थ
अधिमन्थन
अधिमन्थित
अधिमांस
अधिमांसक
अधिमांसार्मन्
अधिमात्र
अधिमात्रकारुणिक
अधिमास
अधिमुक्ति
अधिमुक्तिक
अधिमुक्तिसार
अधिमुह्य
अधियज्ञ
अधियाङ्ग
अधिरथ
अधिरथि
अधिराज्
अधिराज
अधिराजन्
अधिराज्य
अधिराज्यभाज्
अधिराष्ट्र
अधिरुक्म
अधिरूढ
अधिरोपण
अधिरोपित
अधिरोह
अधिरोहण
अधिरोहिन्
अधिलोकम्
अधिवक्तृ
अधिवचन
अधिवस्त्र
अधिवाज्य
अधिवास
अधिवासन
अधिवासभूमि
अधिवासित
अधिवासिता
अधिवासिन्
अधिवाहन
अधिविद्यम्
अधिविन्ना
अधिवेत्तव्या
अधिवेत्तृ
अधिवेदन
अधिवेदनीया
अधिवेदम्
अधिवेद्या
अधिशयित
अधिश्रयण
अधिश्रयणीय
अधिश्रित
अधिषवण
अधिष्ठातृ
अधिष्ठान
अधिष्ठानशरीर
अधिष्ठायक
अधिष्ठित
अधिस्त्री
अधिहरि
अधीकार
अधीगर्थ
अधीत
अधीतवेद
अधीति
अधीतिन्
अधीन
अधीनता
अधीमन्थ
अधीयत्
अधीयान
अधीर
अधीरता
अधीवास
अधीश
अधीश्वर
अधीष्ट
अधुना
अधुनातन
अधुर
अधृत
अधृति
अधृष्ट
अधृष्य
अधेनु
अधैर्य
अधोऽशुक
अधोअक्ष
अधोऽक्ष
अधोऽक्षज
अधोगत
अधोगति
अधोगामिन्
अधोघण्ठा
अधोऽङ्ग
अधोजानु
अधोजिह्विका
अधोदारु
अधोदिश्
अधोदृष्टि
अधोदेश
अधोद्वार
अधोनाभम्
अधोपहास
अधोबन्धन
अधोभक्त
अधोभव
अधोभाग
अधोभागदोषहर
अधोभुवन
अधोभूमि
अधोमर्मन्
अधोमुख
अधोयन्त्र
अधोरक्तपित्त
अधोराम
अधोलम्ब
अधोलोक
अधोवदन
अधोवश
अधोवायु
अधोऽस्रपित्त
अध्यक्ष
अध्यक्षरम्
अध्यग्नि
अध्यग्निकृत
अध्यग्न्युपागत
अध्यञ्च्
अध्यण्डा
अध्यधिक्षेप
अध्यधीन
अध्ययन
अध्ययनतपस्
अध्ययनपुण्य
अध्ययनीय
अध्यर्ध
अध्यर्धक
अध्यर्धकंस
अध्यर्धकाकिणीक
अध्यर्धकार्षापण
अध्यर्धकार्षापणिक
अध्यर्धखारीक
अध्यर्धपण्य
अध्यर्धपाद्य
अध्यर्धप्रतिक
अध्यर्धमाष्य
अध्यर्धविंशतिकीन
अध्यर्धशत
अध्यर्धशतमान
अध्यर्धशत्य
अध्यर्धशाण
अध्यर्धशाण्य
अध्यर्धशातमान
अध्यर्धशूर्प
अध्यर्धसहस्र
अध्यर्धसाहस्र
अध्यर्धसुवर्ण
अध्यर्धसौवर्णिक
अध्यर्बुद
अध्यवसान
अध्यवसाय
अध्यवसायित
अध्यवसायिन्
अध्यवसित
अध्यशन
अध्यस्त
अध्यस्थि
अध्यात्म
अध्यात्मज्ञान
अध्यात्मदृश्
अध्यात्मरति
अध्यात्मविद्
अध्यात्मविद्या
अध्यात्मिक
अध्यापक
अध्यापकोदित
अध्यापन
अध्यापयितृ
अध्याप्य
अध्याय
अध्यायिन्
अध्यारूढ
अध्यारोप
अध्यारोपन
अध्यारोपित
अध्यावाप
अध्यावाहन
अध्यावाहनिक
अध्यास
अध्यासन
अध्यासयोग
अध्यासित
अध्यासिन्
अध्याहरण
अध्याहरणीय
अध्याहर्तव्य
अध्याहार
अध्याहार्य
अध्याहृत
अध्युषित
अध्युष्ट
अध्युष्टवलय
अध्युष्ट्र
अध्यूढ
अध्यूध्नी
अध्यूषिताश्व
अध्यूषिवस्
अध्यूहन
अध्येतव्य
अध्येतृ
अध्येय
अध्येषण
अध्येष्यमाण
अध्रि
अध्रिगु
अध्रिज
अध्रिपुष्कलिका
अध्रियमाण
अध्रुव
अध्रुष
अध्व
अध्वग
अध्वगत्
अध्वगत्यन्त
अध्वगन्तव्य
अध्वगभोग्य
अध्वगमन
अध्वगामिन्
अध्वजा
अध्वन्
अध्वनीन
अध्वन्य
अध्वपति
अध्वर
अध्वरकर्मन्
अध्वरकल्पा
अध्वरकाण्ड
अध्वरकृत्
अध्वरग
अध्वरथ
अध्वरदीक्षणीया
अध्वरप्रायश्चित्ति
अध्वरयु
अध्वरश्री
अध्वरसमिष्टयजुस्
अध्वरस्थ
अध्वरीय्
अध्वरेष्ठा
अध्वर्य्
अध्वर्यु
अध्वर्युकाण्ड
अध्वर्युक्रतु
अध्वर्युवेद
अध्वशल्य
अध्वस्मन्
अध्वान्त
अध्वान्तशात्रव
अनंश
अनंशत्व
अनंशिन्
अनंशित्व
अनंशुमत्फला
अनक
अनकदुन्दुभ
अनकदुन्दुभि
अनकस्मात्
अनक्ष्
अनक्ष
अनक्षर
अनक्षि
अनगार
अनगारिका
अनग्न
अनग्नता
अनग्नि
अनग्नित्र
अनग्निदग्ध
अनग्निष्वात्त
अनघ
अनङ्कुश
अनङ्ग
अनङ्गक
अनङ्गक्रीडा
अनङ्गदेवी
अनङ्गपाल
अनङ्गमेजय
अनङ्गलेखा
अनङ्गशेखर
अनङ्गसेना
अनङ्गापीड
अनङ्गासुहृद्
अनच्छ
अनजका
अनजिका
अनञ्जन
अनडुज्जिह्वा
अनडुत्क
अनडुद्द
अनडुह्
अनडुह
अनडुही
अनड्वाही
अनणु
अनत
अनतिक्रम
अनतिक्रमणीय
अनतिक्रान्त
अनतिदृश्य
अनतिद्भुत
अनतिप्रश्न्य
अनतिप्रौढ
अनतिरिक्त
अनतिविलम्बिन्
अनतिवृत्ति
अनत्यन्तगति
अनत्यय
अनत्युद्य
अनदत्
अनद्धा
अनद्धापुरुष
अनद्य
अनद्यतन
अनधिकार
अनधिकारचर्चा
अनधिकारिन्
अनधिकृत
अनधिगत
अनधीनक
अनध्यक्ष
अनध्ययन
अनध्याय
अनध्यायदिवस
अनन
अननङ्गमेजय
अननुभाषण
अननुषङ्गिन्
अननुष्ठान
अननूक्त
अनन्त
अनन्तक
अनन्तकर
अनन्तग
अनन्तचतुर्दशी
अनन्तचारित्र
अनन्तजित्
अनन्तता
अनन्तदृष्टि
अनन्तदेव
अनन्तनेमि
अनन्तपाल
अनन्तमति
अनन्तमूल
अनन्तर
अनन्तरज
अनन्तरजात
अनन्तरायम्
अनन्तराशि
अनन्तरित
अनन्तरीय
अनन्तरूप
अनन्तर्हित
अनन्तवत्
अनन्तवर्मन्
अनन्तवात
अनन्तविक्रमिन्
अनन्तविजय
अनन्तवीर्य
अनन्तव्रत
अनन्तशक्ति
अनन्तशयन
अनन्तशीर्षा
अनन्तशुष्म
अनन्त्य
अनन्द
अनन्न
अनन्य
अनन्यगति
अनन्यगतिक
अनन्यचिन्त
अनन्यज
अनन्यता
अनन्यदेव
अनन्यनिष्पाद्य
अनन्यपूर्व
अनन्यप्रतिक्रिय
अनन्यभव
अनन्यमनस्
अनन्यमनस्क
अनन्यमानस
अनन्यवृत्ति
अनन्यहृत
अनन्यादृश
अनन्यार्थ
अनन्याश्रित
अनन्वय
अनन्वित
अनप
अनपकरण
अनपकर्मन्
अनपकार
अनपकारिन्
अनपक्रिया
अनपग
अनपच्युत
अनपजय्य
अनपत्य
अनपत्यक
अनपत्यता
अनपत्यवत्
अनपनिहित
अनपयति
अनपर
अनपराद्ध
अनपराध
अनपराधत्व
अनपराधिन्
अनपलाषुक
अनपवृज्य
अनपव्ययत्
अनपसर
अनपस्फुर्
अनपस्फुर
अनपस्फुरत्
अनपहतपाप्मन्
अनपहृत
अनपाकरण
अनपाकर्मन्
अनपाय
अनपायिन्
अनपुंसक
अनपूपीय
अनपूप्य
अनपेक्ष
अनपेक्षत्व
अनपेक्षित
अनपेक्षिन्
अनपेत
अनप्नस्
अनफा
अनभिज्ञ
अनभिद्रुह्
अनभिभूत
अनभिमत
अनभिम्लातवर्ण
अनभिम्लान
अनभिरूप
अनभिलाष
अनभिलक्षित
अनभिलाषिन्
अनभिव्यक्त
अनभिशस्त
अनभिशस्ति
अनभिशस्तेनी
अनभिशस्त्य
अनभिषङ्ग
अनभिसन्धिकृत
अनभिहित
अनभीशु
अनभ्यारूढ
अनभ्यास
अनभ्यासमित्य
अनभ्रक
अनम
अनमस्य
अनमितम्पच
अनमित्र
अनमीव
अनम्बर
अनय
अनयङ्गत
अनरण्य
अनरुस्
अनर्गल
अनर्घ
अनर्घराघव
अनर्घ्य
अनर्घ्यता
अनर्थ
अनर्थक
अनर्थकर
अनर्थनाशिन्
अनर्थ्य
अनर्व
अनर्वन्
अनर्विश्
अनर्शनि
अनर्शराति
अनर्ह
अनल
अनलङ्करिष्णु
अनलदीपन
अनलप्रभा
अनलप्रिया
अनलम्
अनलवाट
अनलस
अनलसाद
अनलि
अनल्प
अनल्पघोष
अनवकाश
अनवकाशता
अनवग्रह
अनवच्छिन्न
अनवच्छिन्नहास
अनवतप्त
अनवत्
अनवत्त्व
अनवद्य
अनवद्यरूप
अनवद्याङ्ग
अनवधान
अनवधानता
अनवधि
अनवधृष्य
अनवन
अनवनामितवैजयन्त
अनवपृग्ण
अनवब्रव
अनवभ्र
अनवभ्रराधस्
अनवम
अनवमर्शम्
अनवर
अनवरत
अनवरथ
अनवरार्ध्य
अनवलम्ब
अनवलोभन
अनवस
अनवसर
अनवसान
अनवसित
अनवस्कर
अनवस्थ
अनवस्थान
अनवस्थायिन्
अनवस्थित
अनवस्थितचित्त
अनवस्थितता
अनवस्थिति
अनवहित
अनवहितत्व
अनवह्वर
अनवाच्
अनवाञ्च्
अनवानम्
अनवानता
अनवाप्त
अनवाप्ति
अनवायम्
अनविथ्य(?)
अनवेक्ष
अनव्रत
अनशन
अनशनता
अनशनाय
अनशित
अनश्नत्
अनश्नन्त्साङ्गमन
अनश्रु
अनश्व
अनश्वदा
अनश्वन्
अनश्वर
अनष्ट
अनस्
अनसूय
अनसूयक
अनसूयु
अनसूरि
अनस्तमित
अनस्थ
अनस्थि
अनस्थिक
अनस्थिमत्
अनस्वत्
अनहङ्कार
अनहङ्कारिन्
अनहङ्कृत
अनहङ्कृति
अनहन्
अना
अनाकार
अनाकारित
अनाकाल
अनाकालभृत
अनाकाश
अनाकुल
अनाकृत
अनाक्रान्त
अनाग
अनागत
अनागतवत्
अनागतविधातृ
अनागताबाध
अनागतार्तवा
अनागतावेक्षण
अनागम
अनागमोपभोग
अनागम्य
अनागस्
अनागामिन्
अनागामुक
अनागास्त्व
अनाचरण
अनाचार
अनाचारिन्
अनाचार्यभोगीन
अनाज्ञप्त
अनाज्ञप्तकारिन्
अनाज्ञात
अनाढ्य
अनाढ्यम्भविष्णु
अनातत
अनातप
अनातुर
अनात्मक
अनात्मन्
अनात्मनीन
अनात्मप्रत्यवेक्षा
अनात्मवत्
अनात्म्य
अनात्यन्तिक
अनात्यन्तिकत्व
अनाथ
अनाथपिण्डद
अनाथपिण्डिक
अनाथसभा
अनादर
अनादरण
अनादरिन्
अनादि
अनादिता
अनादिन्
अनादिनिधन
अनादिमत्
अनादिमत्त्व
अनादिष्ट
अनादृत
अनादेय
अनाद्य
अनाद्यनन्त
अनाद्यन्त
अनाधृष्ट
अनाधृष्टि
अनाधृष्य
अनानत
अनानुकृत्य
अनानुद
अनानुदिष्ट
अनानुभूति
अनापद्
अनापन्न
अनापान
अनापि
अनापूयित
अनाप्त
अनाप्ति
अनाप्य
अनाबाध
अनाभयिन्
अनाभू
अनामक
अनामन्
अनामय
अनामयत्
अनामयित्नु
अनामिका
अनामिन्
अनामिष
अनामृण
अनामृत
अनायक
अनायत
अनायतन
अनायतनवत्
अनायत्त
अनायत्तवृत्ति
अनायत्तवृत्तिता
अनायसाग्र
अनायास
अनायासकृत
अनायुषा
अनायुष्य
अनायुस्
अनारत
अनारभ्य
अनारभ्यवाद
अनारभ्याधीत
अनारम्बण
अनारम्भ
अनारम्भण
अनारोग्य
अनारोग्यकर
अनार्जव
अनार्तव
अनार्त्विजीन
अनार्य
अनार्यक
अनार्यकर्मिन्
अनार्यज
अनार्यता
अनायतिक्त
अनार्ष
अनार्षेय
अनालम्ब
अनालम्बन
अनालम्बनता
अनालम्बी
अनालम्बुका
अनालम्भुका
अनालाप
अनालोचित
अनाविद्ध
अनाविल
अनावृत
अनावृत्त
अनावृत्ति
अनावृष्टि
अनावेदित
अनाश
अनाशक
अनाशकनिवृत्त
अनाशकायन
अनाशस्त
अनाशिन्
अनाशु
अनाश्य
अनाश्रमवास
अनाश्रमिन्
अनाश्रमेवास
अनाश्रय
अनाश्रित
अनाश्वस्
अनाष्ट्र
अनासिक
अनास्था
अनास्थान
अनाहत
अनाहतनाद
अनाहार
अनाहिताग्नि
अनाहिताग्निता
अनाहुति
अनाहूत
अनिकेत
अनिकेतन
अनिक्षिप्तधूर
अनिक्षु
अनिगीर्ण
अनिग्रह
अनिग्रहस्थान
अनिघातेषु
अनिचि
अनिच्छ
अनित्य
अनित्यकर्मन्
अनित्यक्रिया
अनित्यता
अनित्यदत्त
अनित्यदत्तक
अनित्यदत्रिम
अनित्यप्रत्यवेक्षा
अनित्यभाव
अनित्यसम
अनित्यसमप्रकरण
अनित्यसमास
अनिद्र
अनिधि
अनिधृष्ट
अनिध्म
अनिन
अनिन्दित
अनिन्द्य
अनिन्द्र
अनिन्द्रिय
अनिपद्यमान
अनिपात
अनिपुण
अनिबद्ध
अनिबद्धप्रलापिन्
अनिबाध
अनिभृत
अनिभृष्ट
अनिभृष्टतविषि
अनिभ्य
अनिमन्त्रित
अनिमन्त्रितभोजिन्
अनिमान
अनिमित्त
अनिमित्ततस्
अनिमित्तलिङ्गनाश
अनिमिष्
अनिमिष
अनिमिषम्
अनिमिषा
अनिमिषाक्ष
अनिमिषाचार्य
अनिमिषीय
अनिमेष
अनिमेषम्
अनियत
अनियतपुंस्का
अनियतवृत्ति
अनियताङ्क
अनियतात्मन्
अनियम
अनियुक्त
अनिर
अनिराकरिष्णु
अनिराकृत
अनिरुक्त
अनिरुक्तगान
अनिरुद्ध
अनिरुद्धपथ
अनिरुद्धभाविनी
अनिर्जित
अनिर्णय
अनिर्णीत
अनिर्दश
अनिर्दशाह
अनिर्दिष्ट
अनिर्देश
अनिर्धारित
अनिर्मल
अनिर्माल्या
अनिर्लोचित
अनिर्वचनीय
अनिर्वाच्य
अनिर्वाह
अनिर्वृत
अनिर्वृति
अनिर्वेद
अनिल
अनिलकुमार
अनिलघ्न
अनिलघ्नक
अनिलपर्याय
अनिलप्रकृति
अनिलम्भसमाधि
अनिलयन
अनिलव्याधि
अनिलसख
अनिलहन्
अनिलहृत्
अनिलात्मज
अनिलान्तक
अनिलापह
अनिलामय
अनिलाशिन्
अनिवर्तित्व
अनिवर्तिन्
अनिवारित
अनिवार्य
अनिविशमान
अनिवृत
अनिवेदित
अनिवेदितविज्ञात
अनिवेशन
अनिश
अनिशित
अनिशितसर्ग
अनिषङ्ग
अनिषिद्ध
अनिषु
अनिषेद्ध्र
अनिष्कृत
अनिष्ट
अनिष्टदुष्टधी
अनिष्टप्रसङ्ग
अनिष्टफल
अनिष्टशङ्का
अनिष्टहेतु
अनिष्टापादन
अनिष्टाप्ति
अनिष्टाशंसिन्
अनिष्टिन्
अनिष्टृत
अनिष्टोत्प्रेक्षण
अनिष्ठुर
अनिष्णात
अनिष्पत्ति
अनिष्पत्रम्
अनिष्पन्न
अनिसर्ग
अनिस्तब्ध
अनिस्तीर्ण
अनिस्तीर्णाभियोग
अनीक
अनीकवत्
अनीकविदारण
अनीकस्थ
अनीकिनी
अनीक्षण
अनीच
अनीचानुवर्तिन्
अनीचिदर्शिन्
अनीड
अनीति
अनीतिज्ञ
अनीतिविद्
अनीदृश
अनीप्सित
अनीश
अनीशता
अनीश्वर
अनीश्वरता
अनीश्वरवादिन्
अनीह
अनीहित
अनीळ
अनुक
अनुकथन
अनुकनीयस्
अनुकम्पक
अनुकम्पन
अनुकम्पा
अनुकम्प्य
अनुकर
अनुकरण
अनुकर्तृ
अनुकर्मन्
अनुकर्ष
अनुकर्षण
अनुकर्षन्
अनुकल्प
अनुकाङ्क्षा
अनुकाम
अनुकामकृत्
अनुकामीन
अनुकामीनता
अनुकार
अनुकारिन्
अनुकार्य
अनुकालम्
अनुकीर्ण
अनुकीर्तन
अनुकुञ्चित
अनुकूल
अनुकूलता
अनुकूलनायक
अनुकूलि
अनुकृत
अनुकृति
अनुकृत्य
अनुकृष्ट
अनुक्त
अनुक्तनिमित्त
अनुक्ति
अनुक्थ
अनुककच
अनुक्रम
अनुक्रमण
अनुक्रमणिका
अनुक्रान्त
अनुक्रिया
अनुक्रोश
अनुक्षणम्
अनुक्षत्तृ
अनुक्षपम्
अनुक्षेत्र
अनुखञ्ज
अनुख्याति
अनुख्यातृ
अनुग
अनुगङ्गम्
अनुगणित
अनुगणितिन्
अनुगत
अनुगतार्थ
अनुगन्तव्य
अनुगन्धिका
अनुगम
अनुगमन
अनुगवम्
अनुगवीन
अनुगादिन्
अनुगामिन्
अनुगामुक
अनुगिरम्
अनुगीति
अनुगु
अनुगुण
अनुगृहीत
अनुग्र
अनुग्रह
अनुग्रहण
अनुग्रहसर्ग
अनुग्रहिन्
अनुग्रामम्
अनुग्रासक
अनुग्राहक
अनुग्राहिन्
अनुग्राह्य
अनुचर
अनुचारक
अनुचारिन्
अनुचित
अनुचितार्थ
अनुचिन्तन
अनुचिन्ता
अनुच्चार
अनुच्छाद
अनुच्छित्ति
अनुच्छित्तिधर्मन्
अनुच्छिन्न
अनुच्छिष्ट
अनुच्छेद
अनुच्छेद्य
अनुज
अनुजनम्
अनुजन्मन्
अनुजात
अनुजावर
अनुजिघृक्षा
अनुजीर्ण
अनुजीविन्
अनुजीविसात्
अनुजीविसात्कृत
अनुजीव्य
अनुज्ञप्ति
अनुज्ञा
अनुज्ञात
अनुज्ञान
अनुज्ञापक
अनुज्ञापन
अनुज्ञाप्रार्थना
अनुज्ञैषणा
अनुज्येष्ठ
अनुत
अनुतप्त
अनुतर
अनुतर्ष
अनुतर्षण
अनुताप
अनुतापन
अनुतापिन्
अनुतिलम्
अनुतूलि
अनुत्कर्ष
अनुत्त
अनुत्तम
अनुत्तमन्यु
अनुत्तमाम्भस्
अनुत्तमाम्भसिक
अनुत्तर
अनुत्तरयोगतन्त्र
अनुत्तरोपपातिक
अनुत्तरोपपातिकदशा
अनुत्पत्ति
अनुत्पत्तिक
अनुत्पत्तिकधर्मक्षान्ति
अनुत्पत्तिसम
अनुत्पन्न
अनुत्पाद
अनुत्पादक्षान्ति
अनुत्पादन
अनुत्पाद्य
अनुत्साह
अनुत्सुक
अनुद
अनुदक
अनुदत्त
अनुदर
अनुदर्शन
अनुदर्शिन्
अनुदात्त
अनुदात्ततर
अनुदात्तत्व
अनुदात्तस्वरित
अनुदात्तादि
अनुदात्तेत्
अनुदात्तोदय
अनुदात्तोपदेश
अनुदार
अनुदित
अनुदिनम्
अनुदिवसम्
अनुदिशम्
अनुदृष्टि
अनुदेय
अनुदेश
अनुदेशिन्
अनुद्धृत
अनुद्धृताभ्यस्तमय
अनुद्भट
अनुद्य
अनुद्योग
अनुद्रष्टव्य
अनुद्रुत
अनुद्वाह
अनुद्विग्न
अनुद्वेग
अनुद्वेगकर
अनुधावन
अनुध्यान
अनुध्यायिन्
अनुनय
अनुनयप्रतिघप्रहाण
अनुनयमान
अनुनयामन्त्रण
अनुनयिन्
अनुनाद
अनुनादिन्
अनुनायिका
अनुनाश
अनुनासिक
अनुनासिकत्व
अनुनासिकलोप
अनुनासिकात्व
अनुनासिकादि
अनुनासिकान्त
अनुनासिकोपध
अनुनिनीषु
अनुनिर्देश
अनुनिर्वाप
अनुनिर्वाप्या
अनुनीति
अनुन्नतगात्र
अनुन्मत्त
अनुन्माद
अनुपकारिन्
अनुपकृत
अनुपक्षित
अनुपगीत
अनुपघातार्जित
अनुपघ्नत्
अनुपज
अनुपजीवनीय
अनुपठित
अनुपठितिन्
अनुपतन
अनुपति
अनुपतित
अनुपथ
अनुपद्
अनुपद
अनुपदसूत्र
अनुपदस्वत्
अनुपदिन्
अनुपदीना
अनुपदृष्टिन्
अनुपदेष्टृ
अनुपध
अनुपनाह
अनुपन्यस्त
अनुपन्यास
अनुपपत्ति
अनुपपन्न
अनुपपादक
अनुपप्लव
अनुपप्लुत
अनुपबाध
अनुपम
अनुपममति
अनुपमर्दन
अनुपमित
अनुपमेय
अनुपयुक्त
अनुपयोग
अनुपरत
अनुपरिधि
अनुपलक्षित
अनुपलब्ध
अनुपलब्धत्व
अनुपलब्धि
अनुपलब्धिसम
अनुपलभ्यमान
अनुपलम्भ
अनुपवीतिन्
अनुपशय
अनुपशान्त
अनुपश्य
अनुपसंहारिन्
अनुपसर्ग
अनुपसर्गत्व
अनुपस्कृत
अनुपस्थान
अनुपस्थापन
अनुपस्थापयत्
अनुपस्थापित
अनुपस्थायिन्
अनुपस्थित
अनुपस्थिति
अनुपहत
अनुपहतक्रुष्ट
अनुपहूत
अनुपाकृत
अनुपाकृतमांस
अनुपाख्य
अनुपात
अनुपातक
अनुपातम्
अनुपातिन्
अनुपान
अनुपानत्क
अनुपानीय
अनुपालन
अनुपालयत्
अनुपालिन्
अनुपालु
अनुपावृत्त
अनुपार्श्व
अनुपुरुष
अनुपुष्प
अनुपूर्व
अनुपूर्वकेश
अनुपूर्वगात्र
अनुपूर्वज
अनुपूर्वत्व
अनुपूर्वदंष्ट्र
अनुपूर्वनाभि
अनुपूर्वपाणिलेख
अनुपूर्वभ्रू
अनुपूर्ववत्सा
अनुपूर्वशस्
अनुपूर्वाङ्गुलि
अनुपेत
अनुपोषण
अनुप्तशस्य
अनुप्त्रिम
अनुप्रदान
अनुप्रपातम्
अनुप्रपादम्
अनुप्रमाण
अनुप्रयुज्यमान
अनुप्रयोक्तव्य
अनुप्रयोग
अनुप्ररोह
अनुप्रवचन
अनुप्रवचनीय
अनुप्रवेश
अनुप्रवेशन
अनुप्रवेशनीय
अनुप्रवेशम्
अनुप्रश्न
अनुप्रसक्ति
अनुप्रसर्पिन्
अनुप्रस्थ
अनुप्रहरण
अनुप्राप्त
अनुप्रास
अनुप्लव
अनुबद्ध
अनुबन्ध
अनुबन्धन
अनुबन्धिन्
अनुबन्ध्य
अनुबन्ध्यपशु
अनुबल
अनुबीध
अनुबोधन
अनुब्राह्मण
अनुब्राह्मणिन्
अनुभङ्गम्
अनुभर्तृ
अनुभव
अनुभवसिद्ध
अनुभवसार
अनुभाव
अनुभावक
अनुभावन
अनुभाविन्
अनुभाषण
अनुभास
अनुभू
अनुभूत
अनुभूति
अनुभूतिप्रकाश
अनुभूतिस्वरूपाचार्य
अनुभोग
अनुभ्रातृ
अनुमत
अनुमति
अनुमतिपत्र
अनुमध्यमम्
अनुमनन
अनुमन्तृ
अनुमन्त्रण
अनुमन्त्रणमन्त्र
अनुमन्त्रित
अनुमरण
अनुमरु
अनुमा
अनुमाद्य
अनुमान
अनुमानखण्ड
अनुमानप्रकाश
अनुमानमणिदीधिति
अनुमानोक्ति
अनुमापक
अनुमाषम्
अनुमास
अनुमित
अनुमिति
अनुमिमान
अनुमीयमान
अनुमृता
अनुमेय
अनुमोदक
अनुमोदन
अनुमोदित
अनुम्लोचन्ती
अनुम्लोचा
अनुयजुस्
अनुयवम्
अनुया
अनुयाग
अनुयाज
अनुयाजवत्
अनुयात
अनुयातृ
अनुयात्र
अनुयात्रिक
अनुयान
अनुयायिता
अनुयायिन्
अनुयुक्त
अनुयुक्तिन्
अनुयुगम्
अनुयूपम्
अनुयोक्तृ
अनुयोग
अनुयोगकृत्
अनुयोगिन्
अनुयोजन
अनुयोज्य
अनुरक्त
अनुरक्तलोक
अनुरक्ति
अनुरक्षण
अनुरञ्जक
अनुरञ्जन
अनुरञ्जित
अनुरणन
अनुरत
अनुरति
अनुरथ
अनुरथ्या
अनुरस
अनुरहत्
अनुरहस
अनुराग
अनुरागवत्
अनुरागिता
अनुरागिन्
अनुरागेङ्गित
अनुरात्रम्
अनुराध
अनुराधग्राम
अनुराधपुर
अनुरु
अनुरुद्ध
अनुरुद्धक
अनुरुध्
अनुरुहा
अनुरूप
अनुरूपचेष्ट
अनुरेवती
अनुरोध
अनुरोधक
अनुरोधन
अनुरोधिता
अनुरोधिन्
अनुरोहण
अनुरोहणीय
अनुरोहत्
अनुला
अनुलाप
अनुलास
अनुलास्य
अनुलिप्त
अनुलेप
अनुलेपक
अनुलेपन
अनुलेपिका
अनुलेपिन्
अनुलोम
अनुलोमकल्प
अनुलोमकृष्ट
अनुलोमज
अनुलोमन्
अनुलोमन
अनुलोमपरिणीता
अनुलोमाय
अनुलोमि
अनुल्वण
अनुवंश
अनुवंश्य
अनुवक्तव्य
अनुवक्र
अनुवक्रग
अनुवचन
अनुवचनीय
अनुवत्सर
अनुवनम्
अनुवर्तन
अनुवर्तिन्
अनुवर्त्मन्
अनुवश
अनुवषट्कार
अनुवषट्कृत
अनुवसित
अनुवह
अनुवाक
अनुवाकसंख्या
अनुवाकानुक्रमणी
अनुवाक्यवत्
अनुवाक्या
अनुवाक्यावत्
अनुवाच्
अनुवाचन
अनुवाचनप्रैष
अनुवाचनीय
अनुवाचित
अनुवात
अनुवाद
अनुवादक
अनुवादन
अनुवादनीय
अनुवादवचन
अनुवादिन्
अनुवाद्य
अनुवाद्यत्व
अनुवारम्
अनुवास
अनुवासन
अनुवासनीय
अनुवासनोपाय
अनुवासित
अनुवासिन्
अनुवास्य
अनुवित्त
अनुवित्ति
अनुविद्ध
अनुविधान
अनुविधायिन्
अनुविनाश
अनुविन्द
अनुविश्व
अनुविष्टम्भ
अनुविष्णु
अनुवी (?)
अनुवृत्त
अनुवृत्ति
अनुवृद्धि
अनुवेदि
अनुवेध
अनुवेलम्
अनुवेल्लित
अनुवेश
अनुवेशन
अनुवेशनीय
अनुव्यञ्जन
अनुव्यम्
अनुव्यवहार
अनुव्यवसाय
अनुव्याख्यान
अनुव्याध
अनुव्याहरण
अनुव्याहार
अनुव्याहारिन्
अनुव्रजन
अनुव्रज्य
अनुव्रत
अनुशतिक
अनुशय
अनुशयवत्
अनुशयान
अनुशयितव्य
अनुशयिन्
अनुशर
अनुशस्त्र
अनुशाय
अनुशायिन्
अनुशासक
अनुशासत्
अनुशासन
अनुशासनीय
अनुशासित
अनुशासितृ
अनुशासिन्
अनुशास्य
अनुशिक्षिन्
अनुशिख
अनुशिवम्
अनुशिशु
अनुशिष्ट
अनुशिष्टि
अनुशीलन
अनुशोक
अनुशोचक
अनुशोचन
अनुशोचित
अनुशोभिन्
अनुश्रव
अनुश्रुत
अनुषक्
अनुषक्त
अनुषङ्ग
अनुषङ्गिन्
अनुषञ्जन
अनुषञ्जनीय
अनुषट्
अनुषण्ड
अनुषिक्त
अनुषुक
अनुषेक
अनुषेचन
अनुष्टुति
अनुष्टुब्गर्भा
अनुष्टुभ्
अनुष्टोभन
अनुष्ट्र
अनुष्ठ
अनुष्ठातृ
अनुष्ठान
अनुष्ठानक्रम
अनुष्ठानशरीर
अनुष्ठानस्मारक
अनुष्ठापक
अनुष्ठापन
अनुष्ठायिन्
अनुष्ठि
अनुष्ठित
अनुष्ठु
अनुष्ठेय
अनुष्ण
अनुष्णक
अनुष्णगु
अनुष्णवल्लिका
अनुष्णाशीत
अनुष्वध
अनुसंवत्सरम्
अनुसंवरणम्
अनुसंसर्पम्
अनुसंहितम्
अनुसखि
अनुसञ्चरणम्
अनुसन्धातव्य
अनुसन्धान
अनुसन्धायिन्
अनुसन्धेय
अनुसन्ध्यम्
अनुसमय
अनुसमापन
अनुसमुद्रम्
अनुसम्प्राप्त
अनुसम्बद्ध
अनुसर
अनुसरण
अनुसर्प
अनुसवनम्
अनुसातम्
अनुसाम
अनुसायम्
अनुसार
अनुसारिन्
अनुसार्यक
अनुसीतम्
अनुसीरम्
अनुसू
अनुसूचक
अनुसूपम्
अनुसूयक
अनुसृत
अनुसृति
अनुसृष्ट
अनुसृष्टि
अनुसेविन्
अनुसैन्य
अनुस्कन्दम्
अनुस्तरणी
अनुस्पष्ट
अनुस्मरण
अनुस्मृत
अनुस्मृति
अनुस्यूत
अनुस्रयामन्
अनुस्वान
अनुस्वार
अनुस्वारव्यवाय
अनुस्वारागम
अनुह
अनुहरण
अनुहरत्
अनुहरमाण
अनुहार
अनुहारक
अनुहार्य
अनुहुङ्कृ
अनुहोड
अनुह्राद
अनुह्लाद
अनूक
अनूकवन
अनूकवनीय
अनूकाश
अनूक्त
अनूक्ति
अनूक्तित्व
अनूक्य
अनूक्षम्
अनूचान
अनूची
अनूचीन
अनूचीनगर्भ
अनूचीनाह
अनूच्य
अनूढ
अनूढमान
अनूढाभ्रातृ
अनूति
अनूत्त
अनूदक
अनूदित
अनूद्देश
अनूद्य
अनूद्यमान
अनूधस्
अनून
अनूनक
अनूनगुरु
अनूनवर्चस्
अनूप
अनूपज
अनूपप्राय
अनूपविलास
अनूपसदम्
अनूपसिंह
अनूप्य
अनूबन्ध्य
अनूयाज
अनूराध
अनूरु
अनूरुध्
अनूरुसारथि
अनूर्जित
अनूर्ध्व
अनूर्ध्वभास्
अनूर्मि
अनूला
अनूषर
अनूषित
अनूष्मपर
अनृक्क
अनृक्षर
अनृच्
अनृच
अनृच्क
अनृजु
अनृण
अनृणता
अनृणिन्
अनृत
अनृतदेव
अनृतद्विष्
अनृतभाषण
अनृतमय
अनृतवदन
अनृतवाच्
अनृतवादिन्
अनृताख्यान
अनृतिन्
अनृतु
अनृतुकन्या
अनृतोद्य
अनृप
अनृभुक्षिन्
अनृशंस
अनृशंसता
अनेक
अनेककाल
अनेककृत्
अनेकक्रिया
अनेकक्षेत्रव्यवच्छेदक
अनेकगोत्र
अनेकज
अनेकता
अनेकत्र
अनेकत्व
अनेकधर्म
अनेकधर्मकथा
अनेकधा
अनेकधाप्रयोग
अनेकप
अनेकपितृक
अनेकप्रतिपत्ति
अनेकभार्य
अनेकमुख
अनेकरूप
अनेकरूपधारणसामर्थ्य
अनेकलोचन
अनेकवर्णगुणन
अनेकवर्णभजन
अनेकवर्णमध्यमाहरण
अनेकवर्णव्यवकलन
अनेकवर्णषड्विध
अनेकवर्णसङ्कलन
अनेकवर्णसमीकरण
अनेकवारम्
अनेकविध
अनेकविधत्व
अनेकशफ
अनेकशस्
अनेकाकार
अनेकाकिन्
अनेकाक्षर
अनेकाक्षरान्त्य
अनेकाच्
अनेकान्त
अनेकान्तत्व
अनेकान्तवाद
अनेकान्तवादिन्
अनेकार्थ
अनेकार्थध्वनिमञ्जरी
अनेकार्थसङ्ग्रह
अनेकार्थाभियुक्त
अनेकार्थाभियोग
अनेकाल्
अनेकाश्रय
अनेकाश्रित
अनेकीकरण
अनेकीभवत्
अनेकीय
अनेकैकत्वबुद्धि
अनेड
अनेडमूक
अनेतद्
अनेद्य
अनेद्यस्
अनेन
अनेनस्
अनेमन्
अनेषका
अनेहस्
अनैकान्त
अनैकान्तिक
अनैकान्तिकत्व
अनैक्य
अनैपुण
अनैपुण्य
अनैश्वर्य
अनो
अनोकशायिन्
अनोकह
अनोघ
अनोङ्कृत
अनोवाह्य
अनोहक
अनौचित्य
अनौजस्य
अनौद्धत्य
अनौरस
अन्त्(अति-भ्वादि-उदात्त-उदात्तेत्)
अन्त
अन्तःकरण
अन्तःकरणवृत्ति
अन्तःकल्प
अन्तःकुटिल
अन्तःकृमि
अन्तःकोठरपुष्पी
अन्तःकोण
अन्तःकोप
अन्तःक्रुद्ध
अन्तःपट
अन्तःपदम्
अन्तःपदविकृत
अन्तःपदंविवृत्ति
अन्तःपदस्थ
अन्तःपरिधान
अन्तःपरिधि
अन्तःपर्शव्य
अन्तःपात
अन्तःपातित
अन्तःपातिन्
अन्तःपात्य
अन्तःपादम्
अन्तःपार्श्व्य
अन्तःपाल
अन्तःपुर
अन्तःपुरचर
अन्तःपुरजन
अन्तःपुरप्रेष्या
अन्तःपुरसहाय
अन्तःपुराध्यक्ष
अन्तःपुरिक
अन्तःपुरुष
अन्तःपूय
अन्तःप्रज्ञ
अन्तःप्रतिष्ठान
अन्तःप्रतिष्ठित
अन्तःप्रमोद
अन्तःशरीर
अन्तःशरीरवृत्ति
अन्तःशल्य
अन्तःशिला
अन्तःशुद्ध
अन्तःश्लेष
अन्तःश्लेषण
अन्तःसञ्ज्ञ
अन्तःसत्त्वा
अन्तःसदसम्
अन्तःसन्ताप
अन्तःसलिल
अन्तःसार
अन्तःसुख
अन्तःसुषिर
अन्तःसेनम्
अन्तःस्थ
अन्तःस्थत्व
अन्तःस्थीय
अन्तःस्वेद
अन्तक
अन्तकद्रुह्
अन्तकर
अन्तकरण
अन्तकारिन्
अन्तकाल
अन्तकालाधिपति
अन्तकि(?)
अन्तकृत्
अन्तकृद्दशा
अन्तग
अन्तगति
अन्तगामिन्
अन्तचर
अन्तचार
अन्तज
अन्तजाति
अन्ततस्
अन्तत्वाष्ट्री
अन्तदीपक
अन्तपाल
अन्तभव
अन्तभाज्
अन्तम
अन्तर्
अन्तर
अन्तरंस
अन्तरगृह
अन्तरग्नि
अन्तरङ्ग
अन्तरङ्गत्व
अन्तरङ्गतर
अन्तरचक्र
अन्तरज्ञ
अन्तरत
अन्तरतत्
अन्तरतम
अन्तरतर
अन्तरतस्
अन्तरता
अन्तरतान्तरतान्तरता
अन्तरद
अन्तरदिशा
अन्तरद्वार
अन्तरपूरुष
अन्तरप्रभव
अन्तरप्रश्न
अन्तरम्
अन्तरय
अन्तरयण
अन्तरयन
अन्तरवयव
अन्तरस्थ
अन्तरा
अन्तराकाश
अन्तराकूत
अन्तरागम
अन्तरागार
अन्तरात्मन्
अन्तरात्मेष्टकम्
अन्तरापण
अन्तरापत्या
अन्तराभक्त
अन्तराभर
अन्तराभवदेह
अन्तराभवसत्त्व
अन्तराय
अन्तरायण
अन्तराराम
अन्तराल
अन्तरालक
अन्तरावेदि
अन्तराशृङ्गम्
अन्तरि
अन्तरिक्ष
अन्तरिक्षक्षित्
अन्तरिक्षगत
अन्तरिक्षजल
अन्तरिक्षप्रा
अन्तरिक्षप्रुत्
अन्तरिक्षलोक
अन्तरिक्षसंशित
अन्तरिक्षसद्
अन्तरिक्षसद्य
अन्तरिक्षोदर
अन्तरिक्ष्य
अन्तरित
अन्तरिन्द्रिय
अन्तरीक्ष
अन्तरीक्षग
अन्तरीक्षचर
अन्तरीक्षजल
अन्तरीप
अन्तरीय
अन्तरुष्य
अन्तरे
अन्तरेण
अन्तर्गङ्गामाहात्म्य
अन्तर्गडु
अन्तर्गत
अन्तर्गतमनस्
अन्तर्गतोपमा
अन्तर्गलित
अन्तर्गर्भ
अन्तर्गामिन्
अन्तर्गिरम्
अन्तर्गुदवलय
अन्तर्गूढविष
अन्तर्गृह
अन्तर्गेहम्
अन्तर्घण
अन्तर्घन
अन्तर्घात
अन्तर्ज
अन्तर्जठरम्
अन्तर्जम्भ
अन्तर्जल
अन्तर्जलचर
अन्तर्जानु
अन्तर्ज्योतिस्
अन्तर्ज्वलन
अन्तर्दग्ध
अन्तर्दधन
अन्तर्दधान
अन्तर्दशा
अन्तर्दशाधिपति
अन्तर्दशाह
अन्तर्दाव
अन्तर्दाह
अन्तर्दुःख
अन्तर्दुष्ट
अन्तर्दृष्टि
अन्तर्देश
अन्तर्द्वार
अन्तर्द्वीपिन्
अन्तर्धा
अन्तर्धान
अन्तर्धापित
अन्तर्धायक
अन्तर्धि
अन्तर्ध्यान
अन्तर्नगर
अन्तर्निविष्ट
अन्तर्निष्ठ
अन्तर्भव
अन्तर्भवन
अन्तर्भाव
अन्तर्भावना
अन्तर्भावित
अन्तर्भिन्न
अन्तर्भूत
अन्तर्भूतत्व
अन्तर्भूमि
अन्तर्भूमिगत
अन्तर्भूमिनिवासिन्
अन्तर्भौम
अन्तर्मनस्
अन्तर्मानवती
अन्तर्मुख
अन्तर्मृत
अन्तर्मोद
अन्तर्य
अन्तर्याम
अन्तर्यामग्रह
अन्तर्यामपात्र
अन्तर्यामिन्
अन्तर्लम्ब
अन्तर्लीन
अन्तर्लोम
अन्तर्वंश
अन्तर्वंशिक
अन्तर्वण
अन्तर्वत्
अन्तर्वमि
अन्तर्वर्तिन्
अन्तर्वसत्
अन्तर्वसुत्रिरात्र
अन्तर्वस्त्र
अन्तर्वा
अन्तर्वाणि
अन्तर्वावत्
अन्तर्वावद्
अन्तर्वाष्प
अन्तर्वासस्
अन्तर्विगाहन
अन्तर्विद्वस्
अन्तर्वेग
अन्तर्वेदि
अन्तर्वेदी
अन्तर्वेश्म
अन्तर्वेश्मन्
अन्तर्वेश्मम्
अन्तर्वेश्मिक
अन्तर्हणन
अन्तर्हनन
अन्तर्हस्त
अन्तर्हस्तीन
अन्तर्हास
अन्तर्हित
अन्तर्हितात्मन्
अन्तर्हृदय
अन्तलोप
अन्तवचन
अन्तवत्
अन्तवत्त्व
अन्तवद्भाव
अन्तवह्नि
अन्तवासिन्
अन्तवेला
अन्तशय्या
अन्तश्चैतन्य
अन्तसत्क्रिया
अन्तसद्
अन्तस्ताप
अन्तस्तुषार
अन्तस्तोय
अन्तस्त्य
अन्तस्थ
अन्तस्थीय
अन्तस्पथ
अन्तस्वरित
अन्तादि
अन्तादिवत्
अन्तावसायिन्
अन्ति
अन्तिक
अन्तिकगति
अन्तिकतम
अन्तिकता
अन्तिकात्
अन्तिकादागत
अन्तिकार्थ
अन्तिकाश्रय
अन्तिकेभव
अन्तिगृह
अन्तितम
अन्तितस्
अन्तिदेव
अन्तिनार
अन्तिम
अन्तिमजिन
अन्तिमाङ्क
अन्तिमाङ्गुलि
अन्तिमित्र
अन्तिय
अन्तिवाम
अन्तिषद्
अन्तिसुम्न
अन्ती
अन्तेगुरु
अन्तेवास
अन्तेवासि
अन्तेवासिन्
अन्तोदात्त
अन्तोदात्तत्व
अन्त्य
अन्त्यक
अन्त्यकर्मन्
अन्त्यक्रिया
अन्त्यगोदान
अन्त्यज
अन्त्यजगमन
अन्त्यजन्मन्
अन्त्यजस्त्री
अन्त्यजागमन
अन्त्यजाति
अन्त्यजातिता
अन्त्यधन
अन्त्यपद
अन्त्यफलज्या
अन्त्यभ
अन्त्यमूल
अन्त्ययुग
अन्त्ययोनि
अन्त्ययोनिता
अन्त्यलोप
अन्त्यवर्ण
अन्त्यविपुला
अन्त्यस्त्री
अन्त्यानुप्रास
अन्त्याभिगमन
अन्त्यायन
अन्त्यावसायिन्
अन्त्यावस्थ
अन्त्यावस्थिति
अन्त्याहुति
अन्त्याहुतिकर्मन्
अन्त्यूति
अन्त्येष्टि
अन्त्येष्टिक्रिया
अन्त्र
अन्त्रकूज
अन्त्रकूजन
अन्त्रन्धमि
अन्त्रपाचक
अन्त्रमय
अन्त्रविकूजन
अन्त्रवृद्धि
अन्त्रशिला
अन्त्रस्रज्
अन्त्राद
अन्त्री
अन्द्(अदि-भ्वादि-उदात्त-उदात्तेत्)
अन्द
अन्दिका
अन्दु
अन्दुक
अन्दू
अन्दूक
अन्दोलन
अन्दोलि
अन्दोलित
अन्द्रक
अन्ध्(अन्ध-चुरादि-परस्मैपदिन्)
अन्ध
अन्धक
अन्धकघातिन्
अन्धकरिपु
अन्धकवर्त
अन्धकवर्तक
अन्धकवर्तकीय
अन्धकवर्तीय
अन्धकवृष्णि
अन्धकार
अन्धकारप्रायश्चित्त
अन्धकारमय
अन्धकारसञ्चय
अन्धकारस्पृष्टप्रायश्चित्त
अन्धकारि
अन्धकारित
अन्धकासुर
अन्धकासुहृद्
अन्धकूप
अन्धङ्करण
अन्धतमस्
अन्धतमस
अन्धता
अन्धतामस
अन्धतामिस्र
अन्धत्व
अन्धपूतना
अन्धपूतनार्त्त
अन्धमूषा
अन्धमूषिका
अन्धम्भविष्णु
अन्धम्भावुक
अन्धस्
अन्धातमस
अन्धालजी
अन्धाहि
अन्धिका
अन्धीकृत
अन्धीगु
अन्धीभूत
अन्धु
अन्धुल
अन्धू
अन्ध्र
अन्ध्रजाति
अन्ध्रजातीय
अन्ध्रभृत्य
अन्न
अन्नकाम
अन्नकाल
अन्नकूट
अन्नकूटयात्रा
अन्नकोष्ठक
अन्नगति
अन्नगन्धि
अन्नग्राहक
अन्नज
अन्नजल
अन्नजात
अन्नजित्
अन्नजीवन
अन्नतेजस्
अन्नद
अन्नदातृ
अन्नदान
अन्नदायिन्
अन्नदोष
अन्नद्वेष
अन्नपति
अन्नपरिवर्त
अन्नपानरक्षा
अन्नपानविधि
अन्नपू
अन्नपूर्णा
अन्नपूर्वा(?)
अन्नपेय
अन्नप्रद
अन्नप्रलय
अन्नप्राश
अन्नप्राशन
अन्नबुभुक्षु
अन्नब्रह्मन्
अन्नब्रह्मविद्
अन्नभक्ष
अन्नभक्षण
अन्नभाग
अन्नभुक्ति
अन्नभुज्
अन्नमय
अन्नमयकोश
अन्नमयकोष
अन्नमल
अन्नरक्षा
अन्नरस
अन्नरसमय
अन्नलिप्सा
अन्नवत्
अन्नवस्त्र
अन्नवाहिस्रोतस्
अन्नविकार
अन्नविकारत्व
अन्नविकारिन्
अन्नविकारित्व
अन्नविद्
अन्नवृक्ष
अन्नव्यवहार
अन्नशेष
अन्नसंस्कार
अन्नसंस्कारकर्मन्
अन्नसिद्धि
अन्नहर्तृ
अन्नहोम
अन्नाच्छादन
अन्नात्तृ
अन्नात्तृत्व
अन्नात्मन्
अन्नाद
अन्नादन
अन्नादिन्
अन्नाद्य
अन्नाद्यकाम
अन्नाधीश
अन्नापहरण
अन्नापहारक
अन्नापहारिन्
अन्नाभिलाष
अन्नायु
अन्नायुस्
अन्नार्थ
अन्नार्थता
अन्नार्थिन्
अन्नावृध्
अन्नाहारिन्
अन्य
अन्यकाम
अन्यकारित
अन्यकारुका
अन्यकृत
अन्यक्षेत्र
अन्यग
अन्यगत
अन्यगामिन्
अन्यगोत्र
अन्यङ्ग
अन्यङ्गश्वेत
अन्यचित्त
अन्यज
अन्यजन्मन्
अन्यजात
अन्यजाति
अन्यजातीय
अन्यत्
अन्यतःक्ष्णुत्
अन्यतःप्लक्षा
अन्यतःशितिबाहु
अन्यतःशितिरन्ध्र
अन्यतएनी
अन्यतम
अन्यतर
अन्यतरतस्
अन्यतरतोदन्त
अन्यतरतोयुक्त
अन्यतरत्व
अन्यतरधर्म
अन्यतरस्याम्
अन्यतरेद्युस्
अन्यतस्
अन्यतस्त्य
अन्यता
अन्यताभाव
अन्यतोघातिन्
अन्यतोमुख
अन्यतोऽरण्य
अन्यतोवात
अन्यत्काम
अन्यत्कारक
अन्यत्र
अन्यत्रदत्ताक्ष
अन्यत्रमनस्
अन्यत्व
अन्यत्वकर
अन्यथा
अन्यथाकरण
अन्यथाकार
अन्यथाकृत
अन्यथाख्याति
अन्यथाख्यातिवादिन्
अन्यथात्व
अन्यथानुपपत्ति
अन्यथानुमिति
अन्यथाभाव
अन्यथाभूत
अन्यथावादित्व
अन्यथावादिन्
अन्यथावृत्ति
अन्यथासिद्ध
अन्यथासिद्धत्व
अन्यथासिद्धि
अन्यथास्तोत्र
अन्यथि
अन्यथोपपत्ति
अन्यद्
अन्यदर्थ
अन्यदा
अन्यदाशा
अन्यदाशिस्
अन्यदास्था
अन्यदास्थित
अन्यदिन
अन्यदीय
अन्यदुत्सुक
अन्यदुर्वह
अन्यदूति
अन्यदेव
अन्यदेवत
अन्यदेवत्य
अन्यदेहचिकित्सा
अन्यदैवत
अन्यद्राग
अन्यधर्म
अन्यधर्मत्व
अन्यनाभि
अन्यनामचिह्नित
अन्यनामाङ्क
अन्यनिन्दक
अन्यपदार्थ
अन्यपदार्थप्रधान
अन्यपदार्थप्रधानता
अन्यपदार्थप्राधान्य
अन्यपर
अन्यपरत्व
अन्यपुष्ट
अन्यपूर्वा
अन्यभाव
अन्यभृत्
अन्यभृत
अन्यमनस्
अन्यमनस्क
अन्यमातृज
अन्यमानस
अन्ययोग
अन्यराग
अन्यराजन्
अन्यराष्ट्रीय
अन्यरूप
अन्यरूपिन्
अन्यर्हि
अन्यलक्षणोपपत्ति
अन्यलिखित
अन्यलिङ्ग
अन्यलिङ्गक
अन्यलोह
अन्यवर्ण
अन्यवादित्व
अन्यवादिन्
अन्यवाप
अन्यविक्रीत
अन्यवीजज
अन्यवीजसमुद्भव
अन्यवीजोत्पन्न
अन्यव्रत
अन्यशाखक
अन्यशाखोद्भव
अन्यसङ्गम
अन्यसाधारण
अन्यसामान्य
अन्यसृष्टि
अन्यस्त्री
अन्यस्त्रीग
अन्यस्त्रीपुत्रोत्पादक
अन्या
अन्याद
अन्यादृक्ष
अन्यादृश्
अन्यादृश
अन्याधिष्ठित
अन्याधीन
अन्यानुष्ठान
अन्याय
अन्यायदण्ड
अन्यायवर्तिन्
अन्यायवृत्त
अन्यायिन्
अन्याय्य
अन्याय्यत्व
अन्यार्थ
अन्यार्थक
अन्यार्थस्वीकार
अन्याशा
अन्याशिस्
अन्याश्रयण
अन्याश्रित
अन्याश्रितद्रव्य
अन्याश्रितधन
अन्याश्रितभार्या
अन्यास
अन्यासक्त
अन्यासाधारण
अन्यास्था
अन्यास्थित
अन्यून
अन्यूनाङ्ग
अन्यूनाधिक
अन्यूनोन्नति
अन्येद्युष्क
अन्येद्युस्
अन्योढा
अन्योति
अन्योत्पन्न
अन्योत्सुक
अन्योदर्य
अन्योऽन्य
अन्योन्यकृत
अन्योन्यजनन
अन्योन्यजननवृत्ति
अन्योन्यतस्
अन्योन्यत्यागिन्
अन्योन्यपक्षनयन
अन्योन्यभाजित
अन्योन्यभेद
अन्योन्यमिथुन
अन्योन्यमिथुनवृत्ति
अन्योन्यविभाग
अन्योन्यवृत्ति
अन्योन्यवैर
अन्योन्यव्यतिकर
अन्योन्यव्यतिषक्त
अन्योन्यसंश्रय
अन्योन्यसंयोग
अन्योन्यसम्पद्
अन्योन्यसापेक्ष
अन्योन्यहस्तकलित
अन्योन्यहाराभिहत
अन्योन्यापहृत
अन्योन्याभाव
अन्योन्याभावत्व
अन्योन्याभिभव
अन्योन्याभिभववृत्ति
अन्योन्यार्थ
अन्योन्याश्रय
अन्योन्याश्रयत्व
अन्योन्याश्रयवृत्ति
अन्योन्योक्ति
अन्योन्योपहव
अन्वक्
अन्वक्षम्
अन्वक्षरसन्धि
अन्वग्भावम्
अन्वच्
अन्वध्यायम्
अन्वय
अन्वयज्ञ
अन्वयवत्
अन्वयव्यतिरेक
अन्वयव्यतिरेकिन्
अन्वयव्याप्ति
अन्वयित्व
अन्वयिन्
अन्वर्तितृ
अन्वर्थ
अन्वर्थग्रहण
अन्वर्थता
अन्वर्थसञ्ज्ञ
अन्वर्थोपमा
अन्ववकिरण
अन्ववचार
अन्ववसर्ग
अन्ववसित
अन्ववाय
अन्ववायन
अन्ववेक्षा
अन्वष्टका
अन्वष्टक्य
अन्वहम्
अन्वाख्यान
अन्वाचय
अन्वाचयशिष्ट
अन्वाचित
अन्वाजे
अन्वादिष्ट
अन्वादेश
अन्वाधान
अन्वाधि
अन्वाधेय
अन्वाधेयक
अन्वान्त्र्य
अन्वायतन
अन्वायत्त
अन्वायात्या
अन्वारब्ध
अन्वारभ्य
अन्वारम्भ
अन्वारम्भण
अन्वारम्भणीया
अन्वारोहण
अन्वारोहणीय
अन्वासन
अन्वास्यमान
अन्वाहार्य
अन्वाहार्यक
अन्वाहार्यदक्षिणा
अन्वाहार्यपचन
अन्वाहित
अन्वित
अन्वितार्थ
अन्विति
अन्विष्ट
अन्विष्यत्
अन्विष्यमाण
अन्वीक्षण
अन्वीक्षा
अन्वीत
अन्वीप
अन्वीयमान
अन्वृचम्
अन्वेतवै
अन्वेष
अन्वेषक
अन्वेषण
अन्वेषणीय
अन्वेषमाण
अन्वेषित
अन्वेषिन्
अन्वेष्टव्य
अन्वेष्टृ
अन्वेष्य
अप्
अपःसंवर्त
अपकर
अपकरक
अपकरण
अपकर्तृ
अपकर्मन्
अपकर्ष
अपकर्षक
अपकर्षण
अपकर्षम्
अपकर्षसम
अपकलङ्क
अपकल्मष
अपकाम
अपकार
अपकारक
अपकारगिर्
अपकारता
अपकारशब्द
अपकारिन्
अपकीर्ति
अपकुक्षि
अपकुञ्ज
अपकृत
अपकृति
अपकृत्य
अपकृष्ट
अपकृष्टजाति
अपकौशली
अपक्ति
अपक्रम
अपक्रमण
अपक्रमिन्
अपक्रामत्
अपक्रिया
अपक्रोश
अपक्व
अपक्वकरण
अपक्वता
अपक्वबुद्धि
अपक्वमधु
अपक्वाशिन्
अपक्ष
अपक्षित
अपक्षेपण
अपग
अपगत
अपगतव्याधि
अपगम
अपगमन
अपगर
अपगर्जित
अपगल्भ
अपगारम्
अपगोपुर
अपगोरम्
अपगोह
अपघन
अपघात
अपघातक
अपघातिन्
अपच
अपचमान
अपचय
अपचरित
अपचायित
अपचार
अपचारिन्
अपचिकीर्षा
अपचित
अपचिति
अपची
अपचेतृ
अपच्छाय
अपच्छेद
अपच्छेदन
अपच्यव
अपच्युत
अपजग्ध
अपजय्य
अपजात
अपजानान
अपजिघांसु
अपजिहीर्षु
अपञ्चीकृत
अपटाक्षेप
अपटान्तर
अपटी
अपटीक्षेप
अपटु
अपटुता
अपठ
अपण्डित
अपण्य
अपतन्त्रक
अपतर्पण
अपतानक
अपतानकिन्
अपति
अपतिक
अपतिघ्नी
अपतिता
अपतिपुत्र
अपतीर्थ
अपत्नीक
अपत्य
अपत्यजीव
अपत्यद
अपत्यपथ
अपत्यप्रत्यय
अपत्यवत्
अपत्यशत्रु
अपत्यसाच्
अपत्यसिद्धिकृत्
अपत्र
अपत्रपण
अपत्रपा
अपत्रपिष्णु
अपत्रवल्लिका
अपत्रस्त
अपत्राप्य
अपत्रिगर्तम्
अपथ
अपथहर
अपथिन्
अपथ्य
अपथ्यभुज्
अपथ्यनिमित्त
अपद्
अपद
अपदक्षिणम्
अपदम
अपदरुहा
अपदरोहिणी
अपदवापद्
अपदश
अपदान
अपदान्तर
अपदार्थ
अपदिशम्
अपदिष्ट
अपदी
अपदेवता
अपदेश
अपदेश्य
अपदोष
अपद्रव्य
अपद्वार
अपधा
अपधारय
अपधूम
अपध्वंस
अपध्वंसज
अपध्वंसिन्
अपध्वस्त
अपध्वान्त
अपनय
अपनयन
अपनस
अपनामन्
अपनिद्र
अपनिर्वाण
अपनिहित
अपनीत
अपनुत्ति
अपनुद
अपनुनुत्सु
अपनेतृ
अपनोद
अपनोदन
अपन्नगृह
अपपाठ
अपपात्र
अपपात्रित
अपपादत्र
अपपान
अपपारिक
अपपित्व
अपपूत
अपप्रजाता
अपप्रदान
अपप्रोषित
अपबर्हिस्
अपबाहुक
अपभय
अपभरणी
अपभर्तृ
अपभी
अपभूति
अपभ्रंश
अपभ्रष्ट
अपम
अपमक्षेत्र
अपमज्या
अपमण्डल
अपमन्यु
अपममण्डल
अपमर्ण
अपमर्द
अपमर्श
अपमवृत्त
अपमान
अपमानित
अपमानिन्
अपमान्य
अपमार्ग
अपमार्जन
अपमार्जनीकृत
अपमित्य
अपमित्यक
अपमुख
अपमूर्धन्
अपमृत्यु
अपमृषित
अपमृष्ट
अपयशस्
अपयशस्कर
अपयात
अपयान
अपर
अपरकान्यकुब्ज
अपरकाय
अपरकार्ष्णमृत्तिक
अपरकाल
अपरकाशकृत्स्न
अपरकाशि
अपरकुन्ति
अपरकृष्णमृत्तिका
अपरक्त
अपरगोदान
अपरचीन
अपरज
अपरजन
अपरता
अपरताल
अपरति
अपरत्र
अपरत्व
अपरत्वक
अपरदक्षिणम्
अपरनिदाघ
अपरनैदाघ
अपरपक्ष
अपरपक्षीय
अपरपञ्चाल
अपरपर
अपरपर्यट
अपरपर्वत
अपरपाञ्चालक
अपरपाटलिपुत्र
अपरपाटलिपुत्रक
अपरपाणिनीय
अपरपुरुष
अपरप्रणेयता
अपरभाव
अपरम्
अपरमद्र
अपरमस्थ
अपरयायात
अपररात्र
अपररात्रकृत
अपरव
अपरवक्त्रा
अपरवत्
अपरवर्षा
अपरवल्लभ
अपरवार्षिक
अपरवोज्झित
अपरशरद्
अपरशारद
अपरशालाप्रिय
अपरशैल
अपरसक्थ
अपरसमम्
अपरस्पर
अपरस्परसम्भूत
अपरस्वस्तिक
अपरहेमन्त
अपरहैमन
अपराग
अपराग्नि
अपराच्
अपराङ्गुख
अपराजित
अपराजिष्णु
अपराजेय
अपराञ्चल
अपराद्ध
अपराद्धपृषत्क
अपराद्धि
अपराद्धृ
अपराद्धेषु
अपराध
अपराधभञ्जन
अपराधय
अपराधिता
अपराधिन्
अपराध्यापक
अपरान्त
अपरान्तक
अपरान्तज्ञान
अपरापतन्ती
अपरापर
अपरापरण
अपरापहाणा
अपरामृष्ट
अपरायत्त
अपरार्क
अपरार्कचन्द्रिका
अपरार्ध
अपरावर्तिन्
अपरावृत्त
अपराह्ल
अपराह्लक
अपराह्लकृत
अपराह्लतन
अपराह्लेतन
अपरिक्रम
अपरिक्रामम्
अपरिगणन
अपरिगणित
अपरिगण्य
अपरिग्रह
अपरिचयिन्
अपरिचित
अपरिच्छद
अपरिच्छन्न
अपरिच्छादित
अपरिच्छिन्न
अपरिच्छेद
अपरिज्ञात
अपरिज्यानि
अपरिणयन
अपरिणाम
अपरिणामित्व
अपरिणामिन्
अपरिणीता
अपरितोष
अपरिपक्व
अपरिपन्थिन्
अपरिपर
अपरिपाणि
अपरिमाण
अपरिमित
अपरिमेय
अपरिम्लान
अपरियाणि
अपरिवाद्य
अपरिविष्ट
अपरिवृत
अपरिशेष
अपरिष्कार
अपरिष्कृत
अपरिसङ्ख्यान
अपरिसमाप्तिक
अपरिस्कन्द
अपरिहरणीय
अपरिहार्य
अपरिह्वृत
अपरी(-री)
अपरीक्षित
अपरीक्षितकारिन्
अपरीत
अपरीवृत
अपरुष
अपरुषकेश
अपरूप
अपरेण
अपरेतरा
अपरेद्युस्
अपरेषुकामशमी
अपरैषुकामशम
अपरोक्ष
अपरोक्षज्ञान
अपरोक्षि
अपरोध
अपरोपित
अपरोहित
अपर्ण
अपर्तु
अपर्परीक
अपर्य्
अपर्यन्त
अपर्याप्त
अपर्याय
अपर्यायविधान
अपर्यावर्तित
अपर्यासित
अपर्वक
अपर्वदण्ड
अपर्वन्
अपल
अपलपन
अपलपित
अपलपनीय
अपलषण
अपलाङ्गल
अपलाप
अपलापदण्ड
अपलापयमान
अपलापिन्
अपलाल
अपलाश
अपलाष
अपलाषिका
अपलाषिन्
अपलाषुक
अपलासिका
अपलुपम्
अपल्यूलनकृत
अपवक्तृ
अपवत्
अपवद
अपवदमान
अपवदितृ
अपवन
अपवरक
अपवरण
अपवर्ग
अपवर्गद
अपवर्जन
अपवर्जनीय
अपवर्जित
अपवर्ज्य
अपवर्त
अपवर्तन
अपवर्तित
अपवाचन
अपवाद
अपवादक
अपवादस्थल
अपवादसङ्गति
अपवादिन्
अपवाद्य
अपवारण
अपवारित
अपवारितक
अपवार्य
अपवास
अपवाह
अपवाहन
अपविक्षत
अपविघ्न
अपवित्र
अपविद्ध
अपविष
अपविष्णु
अपवीण
अपवीरवत्
अपवृक्त
अपवृक्ति
अपवृज्य
अपवृत्
अपवृत
अपवृति
अपवृत्त
अपवृत्ति
अपवेध
अपव्यय
अपव्ययत्
अपव्ययमान
अपव्यापारमन्त्रिन्
अपव्रत
अपशकुन
अपशङ्क
अपशद
अपशब्द
अपशिरस्
अपशीर्ष
अपशीर्षन्
अपशु
अपशुग्घ्न
अपशुच्
अपशुहन्
अपशोक
अपश्चादघ्वन्
अपश्चाद्दघ्वन्
अपश्चात्तापिन्
अपश्चिम
अपश्य
अपश्यत्
अपश्यना
अपश्यमान
अपश्रय
अपश्री
अपश्लिष्ट
अपश्वास
अपष्ठ
अपष्ठु
अपष्ठुर
अपष्ठुल
अपस्
अपसद
अपसमम्
अपसर
अपसरण
अपसर्जन
अपसर्प
अपसर्पक
अपसर्पण
अपसलवि
अपसव्य
अपसव्यक
अपसव्यवत्
अपसार
अपसारण
अपसारित
अपसार्वसेनि
अपसिद्धान्त
अपसीर
अपसृप्ति
अपसौवीरम्
अपस्कर
अपस्कार
अपस्खल
अपस्तम
अपस्तम्ब
अपस्तम्भ
अपस्तम्भिनी
अपस्नात
अपस्नान
अपस्पति
अपस्पर्श
अपस्पृच्
अपस्फिग
अपस्फुर्
अपस्फुर
अपस्फुरत्
अपस्मार
अपस्मारिन्
अपस्य्
अपस्य
अपस्यु
अपस्विन्
अपह
अपहत
अपहतपाप्मन्
अपहति
अपहनन
अपहन्तृ
अपहरण
अपहरत्
अपहरणीय
अपहर्तव्य
अपहर्तृ
अपहल
अपहसित
अपहस्ति
अपहस्तित
अपहान
अपहानि
अपहायन
अपहार
अपहारक
अपहारण
अपहारवर्मन्
अपहारिन्
अपहारेश्वर
अपहार्य
अपहास
अपहास्य
अपहिङ्कार
अपहीन
अपहीनक्लेश
अपहुत
अपहृत
अपह्नव
अपह्नववादिन्
अपह्नुत
अपह्नुति
अपह्नुवान
अपह्नोतृ
अपह्रास
अपांवत्स
अपाक्
अपाक
अपाकचक्षस्
अपाकज
अपाकरण
अपाकरिष्णु
अपाकर्तोस्
अपाकर्मन्
अपाकशाक
अपाकिन्
अपाकृति
अपाक्त
अपाक्रमत्
अपाक्ष
अपाङ्क्त
अपाङ्क्तेय
अपाङ्क्त्य
अपाङ्क्त्योपहत
अपाङ्ग
अपाङ्गक
अपाङ्गदर्शन
अपाङ्गदेश
अपाङ्गनेत्र
अपाङ्गवलन
अपाच्
अपाचीतरा
अपाचीन
अपाच्य
अपाञ्जस्
अपाटव
अपाणिग्रहण
अपाणिनीय
अपाणिपाद
अपात्र
अपात्रकृत्या
अपात्रभृत्
अपात्रीकरण
अपाद्
अपादादिभाज्
अपादान
अपादान्तीय
अपाद्य
अपाध्वन्
अपान
अपानत्
अपानदा
अपानन
अपानपवन
अपानपा
अपानभृत्
अपानवायु
अपानृत
अपान्तरतम
अपान्तरतमस्
अपान्नपात्
अपान्नप्तृ
अपान्नप्त्रिय
अपान्नप्त्रीय
अपान्नाथ
अपान्निधि
अपाप
अपापकाशिन्
अपापकृत्
अपापवस्यस
अपापविद्ध
अपापिन्
अपामार्ग
अपामार्जन
अपाम्पति
अपाम्पित्त
अपाय
अपायिन्
अपार
अपारक
अपारपार
अपारमार्थिक
अपारमार्थिकत्व
अपारयत्
अपार्जक
अपार्जित
अपार्ण
अपार्थ
अपार्थक
अपार्थवाच्
अपाल
अपालङ्क
अपालन
अपालम्ब
अपालि
अपालित
अपावरण
अपावर्तन
अपावर्तित
अपावृत्
अपावृत
अपावृति
अपावृत्त
अपावृत्ति
अपाश्या
अपाश्रय
अपाश्रित
अपाष्टि
अपाष्ठ
अपाष्ठवत्
अपासङ्ग
अपासन
अपासरण
अपासरत्
अपासि
अपासित
अपासु
अपास्त
अपास्यत्
अपि
अपिकक्ष
अपिकक्ष्य
अपिकर्ण
अपिक्षिति
अपिगत
अपिगीर्ण
अपिगृह्य
अपिग्राह्य
अपिच्छिल
अपिज
अपित्
अपितृ
अपितृक
अपित्र्य
अपित्व
अपित्विन्
अपिदासक
अपिधान
अपिधानवत्
अपिधि
अपिनद्ध
अपिपास
अपिप्राण
अपिबद्ध
अपिभाग
अपिमेहत्
अपियत्
अपिराधय
अपिलक
अपिवान्यवत्सा
अपिव्रत
अपिशर्वर
अपिशल
अपिशलि
अपिशुन
अपिहित
अपीच्य
अपीच्यदर्शन
अपीजू
अपीडन
अपीडा
अपीत
अपीतक
अपीति
अपीनस
अपीयूक्षा
अपीव्य
अपीव्यदर्शन
अपुंस्
अपुंस्का
अपुंस्त्व
अपुच्छ
अपुण्य
अपुण्यवत्
अपुण्यशील
अपुत्र
अपुत्रक
अपुत्रता
अपुत्रपौत्र
अपुत्रयोषित्
अपुत्रिका
अपुनर्
अपुनरादान
अपुनरावृत्ति
अपुनर्भव
अपुनर्भाव
अपुराण
अपुरातन
अपुरुषार्थ
अपुरोऽनुवाक्यक
अपुरोरुक्क
अपुष्कल
अपुष्ट
अपुष्टत्व
अपुष्प
अपुष्पफल
अपुष्पफलद
अपुष्पफलसम्बन्ध
अपुस्
अपूजक
अपूजा
अपूजित
अपूत
अपूप
अपूपमय
अपूपवत्
अपूपापिहित
अपूपीय
अपूप्य
अपूरणी
अपूरुष
अपूरुषघ्न
अपूर्ण
अपूर्णकाल
अपूर्णकालज
अपूर्णता
अपूर्वकर्मन्
अपूर्वजनक
अपूर्वता
अपूर्वनिष्पादक
अपूर्वपति
अपूर्वपद
अपूर्वपदान्तग
अपूर्वभावना
अपूर्ववचन
अपूर्ववचस्
अपूर्वार्थ
अपूर्वार्थत्व
अपूर्वीय
अपूर्वीयत्व
अपूर्वोपयोगिन्
अपूर्व्य
अपृक्त
अपृणत्
अपृथक्
अपृथग्ग्रहण
अपृष्ट
अपेक्षण
अपेक्षणीय
अपेक्षा
अपेक्षाबुद्धि
अपेक्षित
अपेक्षितव्य
अपेक्षितव्याख्यान
अपेक्षिन्
अपेक्ष्य
अपेत
अपेतराक्षसी
अपेन्द्र
अपेय
अपेशल
अपेशस्
अपेहिकटा
अपेहिद्वितीया
अपेहिप्रकसा
अपेहिप्रघसा
अपेहिवाणिजा
अपेहिवाता
अपेहिविघसा
अपेहिस्वागता
अपैशुन
अपोगण्ड
अपोढ
अपोदक
अपोदित्य
अपोद्धार्य
अपोद्य
अपोनपात्
अपोनप्तृ
अपोनप्त्रिय
अपोनप्त्रीय
अपोशान
अपोह
अपोहन
अपोहनीय
अपोहित
अपोह्य
अपौगण्ड
अपौरुष
अपौरुषेय
अपौरुषेयत्व
अप्कृत्स्नसमाधि
अप्चर
अप्त
अप्तस्
अप्तु
अप्तुर्
अप्तूर्य
अप्तोर्याम
अप्त्य
अप्न
अप्नःस्थ
अप्नराज्
अप्नवन्
अप्नवान
अप्नवानवत्
अप्नस्
अप्नस्वत्
अप्प
अप्पति
अप्पदीक्षित
अप्पित्त
अप्पिदीक्षित
अप्य
अप्यच्
अप्यदीक्षित
अप्यय
अप्ययदीक्षित
अप्ययन
अप्यय्य
अप्यर्ध
अप्यायदीक्षित
अप्युत
अप्यैदीक्षित
अप्रकट
अप्रकम्प
अप्रकम्पता
अप्रकर
अप्रकरण
अप्रकल्पक
अप्रकाण्ड
अप्रकार
अप्रकाश
अप्रकाशक
अप्रकाशकग्रह
अप्रकाशता
अप्रकाशमान
अप्रकाशित
अप्रकाश्य
अप्रकीर्णप्रसृतत्व
अप्रकृत
अप्रकृतत्व
अप्रकृष्ट
अप्रकॢप्त
अप्रकेत
अप्रक्षित
अप्रखर
अप्रगम
अप्रगल्भ
अप्रगीत
अप्रगुण
अप्रगृह्य
अप्रग्राह
अप्रचङ्कश
अप्रचण्ड
अप्रचुर
अप्रचेतस्
अप्रचेतित
अप्रचोदित
अप्रच्युत
अप्रज
अप्रजज्ञि
अप्रजस्
अप्रजस्ता
अप्रजाता
अप्रजास्त्व
अप्रज्ञात
अप्रणय
अप्रणीत
अप्रणोद्य
अप्रतर्क्य
अप्रत्
अप्रताप
अप्रति
अप्रतिकर
अप्रतिकर्मन्
अप्रतिकर्ष
अप्रतिकार
अप्रतिकारिन्
अप्रतिगत
अप्रतिगमन
अप्रतिगृह्य
अप्रतिग्राहक
अप्रतिग्राह्य
अप्रतिघ
अप्रतिघात
अप्रतिद्वन्द्व
अप्रतिद्वन्द्वता
अप्रतिधुर
अप्रतिधर्षित
अप्रतिधर्षितबल
अप्रतिधृष्ट
अप्रतिधृष्टशवस्
अप्रतिधृष्य
अप्रतिपण्य
अप्रतिपत्ति
अप्रतिपद्
अप्रतिपन्न
अप्रतिबद्ध
अप्रतिबद्धचित्त
अप्रतिबन्ध
अप्रतिबन्धक
अप्रतिबल
अप्रतिब्रुवत्
अप्रतिभ
अप्रतिम
अप्रतिमकर्मन्
अप्रतिमन्यूयमान
अप्रतियोगिन्
अप्रतिरथ
अप्रतिरव
अप्रतिरूप
अप्रतिरूपकथा
अप्रतिरूपवदन
अप्रतिवीर्य
अप्रतिशब्दित
अप्रतिषिद्ध
अप्रतिषेध
अप्रतिष्कुत
अप्रतिष्कृत
अप्रतिष्ठ
अप्रतिष्ठान
अप्रतिष्ठित
अप्रतिष्ठितत्व
अप्रतिसङ्क्रम
अप्रतिसङ्ख्यानिरोध
अप्रतिसमाधेय
अप्रतिसम्बद्ध
अप्रतिस्खलित
अप्रतिस्तब्ध
अप्रतिहत
अप्रतिहतचित्त
अप्रतिहतचित्तता
अप्रतिहतनेत्र
अप्रतिहतपुंस्त्व
अप्रतिहतशक्ति
अप्रतिहतशब्द
अप्रतीकार
अप्रतीक्षम्
अप्रतीक्षमाण
अप्रतीघातिता
अप्रतीघातिन्
अप्रतीत
अप्रतीतता
अप्रतीति
अप्रतीत्त
अप्रतीप
अप्रतुल
अप्रत्त
अप्रत्यक्ष
अप्रत्यक्षता (-ता)
अप्रत्यक्षशिष्ट
अप्रत्यभिज्ञान
अप्रत्ययस्थ
अप्रत्याख्यात
अप्रत्याख्यान
अप्रत्याख्येय
अप्रत्याम्नाय
अप्रत्युच्चारण
अप्रत्यृत
अप्रथम
अप्रथिमन्
अप्रदक्षिणम्
अप्रदान
अप्रदुग्ध
अप्रदुष्ट
अप्रदृपित
अप्रदृप्त
अप्रदेश
अप्रद्वेष्य
अप्रधान
अप्रधानता
अप्रधानत्व
अप्रधृष्य
अप्रधृष्यमाण
अप्रपदन
अप्रबल
अप्रभ
अप्रभु
अप्रभुत्व
अप्रभूत
अप्रभूति
अप्रमत्त
अप्रमद
अप्रमय
अप्रमा
अप्रमाण
अप्रमाणशुभ
अप्रमाणाभ
अप्रमाद
अप्रमादता
अप्रमादम्
अप्रमादिन्
अप्रमाद्यत्
अप्रमायुक
अप्रमित
अप्रमुदित
अप्रमूर
अप्रमूर्च्छित
अप्रमृष्य
अप्रमेय
अप्रमेयात्मन्
अप्रमेयानुभाव
अप्रमोद
अप्रमोदमान
अप्रयच्छत्
अप्रयत्न
अप्रयाज
अप्रयाणि
अप्रयात्
अप्रयापणि
अप्रयावम्
अप्रयुक्त
अप्रयुक्तता
अप्रयुच्छत्
अप्रयुत
अप्रयुत्वन्
अप्रयोग
अप्रयोजक
अप्रयोजकत्व
अप्रलम्ब
अप्रवर्ग्य
अप्रवर्तक
अप्रवर्तन
अप्रवर्तिन्
अप्रवीण
अप्रवीत
अप्रवृत्त
अप्रवृत्ति
अप्रवृद्ध
अप्रवृद्धि
अप्रवेद
अप्रशक्त
अप्रशक्ति
अप्रशस्त
अप्रशस्य
अप्रशान्त
अप्रशीर्णाग्र
अप्रसक्त
अप्रसक्तप्रतिषेध
अप्रसक्ति
अप्रसङ्ग
अप्रसन्न
अप्रसव
अप्रसवधर्मिन्
अप्रसह्य
अप्रसाद
अप्रसिद्ध
अप्रसिद्धत्व
अप्रसिद्धि
अप्रसूतस्त्री
अप्रसूता
अप्रस्ताविक
अप्रस्तुत
अप्रस्तुतत्व
अप्रस्तुतप्रशंसा
अप्रहत
अप्रहन्
अप्रहन्तृ
अप्रहित
अप्रकरणिक
अप्राकृत
अप्राग्र्य
अप्राचीन
अप्राज्ञ
अप्राण
अप्राणत्
अप्राणिजाति
अप्राणिन्
अप्रातिलोम्य
अप्राधान्य
अप्रापित
अप्राप्त
अप्राप्तकाल
अप्राप्तकालत्व
अप्राप्तता
अप्राप्तप्रतिषेध
अप्राप्तप्रापक
अप्राप्तबाध
अप्राप्तबाधन
अप्राप्तवयस्
अप्राप्तविधान
अप्राप्तविधि
अप्राप्तविभाषा
अप्राप्तव्यवहार
अप्राप्तव्यवहारकाल
अप्राप्तावसर
अप्राप्ति
अप्राप्तिसम
अप्राप्य
अप्राप्यग्रहण
अप्रामाणिक
अप्रामाण्य
अप्रामि
अप्रामिसत्य
अप्रायत्य
अप्रायु
अप्रायुस्
अप्राशस्त्य
अप्रिय
अप्रियंवद
अप्रियभागिन्
अप्रियभाषिन्
अप्रियवचस्
अप्रियवादिन्
अप्रीति
अप्रीतिकर
अप्रीत्यात्मक
अप्रीयमाण
अप्रेतराक्षसी
अप्रेमन्
अप्रैष
अप्रोक्षित
अप्रोट
अप्रोषिवस्
अप्रौढ
अप्लव
अप्लुत
अप्लुतवत्
अप्वा
अप्स
अप्सर
अप्सरःपति
अप्सरस्
अप्सरस्तीर्थ
अप्सरा
अप्सरापति
अप्सराय्
अप्सरायमाण
अप्सव
अप्सव्य
अप्सस्
अप्सा
अप्सु
अप्सुक्षित्
अप्सुचर
अप्सुज
अप्सुजा
अप्सुजित्
अप्सुनामन्
अप्सुमत्
अप्सुमति
अप्सुयोग
अप्सुयोनि
अप्सुवाह्
अप्सुषद्
अप्सुषोम
अप्सुसंशित
अफल
अफलता
अफलीकृत
अफल्गु
अफुल्ल
अफेन
अफ्सरस्
अब्
अबद्ध
अबद्धक
अबद्धमुख
अबधार्ह
अबधिर
अबध्य
अबध्यता
अबध्यभाव
अबध्याश्व
अबध्र
अबन्ति
अबन्ती
अबन्धक
अबन्धन
अबन्धु
अबन्धुकृत्
अबन्ध्य
अबन्ध्यकोप
अबन्ध्र
अबभ्रट
अबल
अबलता
अबलधन्वन्
अबलास
अबलीयस्
अबल्य
अबहु
अबह्वक्षर
अबह्वच्
अबह्वच्क
अबाध
अबाधक
अबाधित
अबान्धव
अबाल
अबालिश
अबालेन्दु
अबासस्
अबाह्य
अबिद्वस्
अबिन्धन
अबिभीवस्
अबिभ्यत्
अबीर
अबुद्ध
अबुद्धत्व
अबुद्धि
अबुद्धिता
अबुद्धिपूर्व
अबुद्धिपूर्वक
अबुद्धिमत्
अबुध्
अबुध
अबुध्न
अबुध्य
अबुध्यमान
अबृद्ध
अबेल
अबोध
अबोधक
अबोधकत्व
अबोधगम्य
अब्ज
अब्जककुभ
अब्जकर्णिका
अब्जज
अब्जदृश्
अब्जनयन
अब्जनेत्र
अब्जबान्धव
अब्जभोग
अब्जयोनि
अब्जवाहन
अब्जवीजभृत्
अब्जस्
अब्जहस्त
अब्जा
अब्जाह्व
अब्जित्
अब्जिनी
अब्जिनीपति
अब्द
अब्दतन्त्र
अब्दनाद
अब्दया
अब्दवाहन
अब्दशत
अब्दसहस्र
अब्दसार
अब्दार्ध
अब्दि
अब्दिमत्
अब्दुर्ग
अब्देवताक
अब्दैवत
अब्धि
अब्धिकण
अब्धिकफ
अब्धिज
अब्धिझष
अब्धिडिण्डर
अब्धिद्वीपा
अब्धिनगरी
अब्धिनवनीतक
अब्धिफल
अब्धिफेन
अब्धिमण्डूकी
अब्धिशयन
अब्धिसार
अब्धिहिण्डीर
अब्ध्यग्नि
अब्भक्ष
अब्भक्षण
अब्भक्षत्व
अब्भ्र
अब्भ्रº
अब्भ्रक
अब्भ्रतर
अब्भ्रि
अब्भ्रिº
अब्भ्रित
अब्भ्रिय
अब्भ्रीय
अब्भ्र्य
अब्रह्मचर्य
अब्रह्मचर्यक
अब्रह्मण्य
अब्रह्मता
अब्रह्मन्
अब्रह्मबन्धूक
अब्रह्मविद्
अब्राह्मण
अब्राह्मणता
अब्राह्मण्य
अब्रुवत्
अब्लिङ्ग
अभ् (अभि-उदात्त-अनुदात्तेत्)
अभक्त
अभक्तच्छन्दस्
अभक्तरुच्
अभक्ति
अभक्तिमत्
अभक्ष
अभक्षण
अभक्ष्य
अभक्ष्यभक्षण
अभक्ष्यभक्षिन्
अभक्ष्यभोक्तृ
अभग
अभग्न
अभग्नमान
अभङ्गुर
अभद्र
अभय
अभयगिरि
अभयगिरिवासिन्
अभयगिरिविहार
अभयङ्कर
अभयङ्कृत्
अभयजात
अभयडिण्डिम
अभयद
अभयदक्षिणा
अभयदान
अभयनाग
अभयन्दद
अभयपत्र
अभयप्रद
अभयप्रदान
अभययाचन
अभयवचन
अभयवाच्
अभयवाण?
अभयसनि
अभयानन्द
अभव
अभवनीय
अभवन्मतयोग
अभवन्मतसम्बन्ध
अभवितव्य
अभवितव्यता
अभव्य
अभस्त्र
अभस्त्रका
अभाग
अभागित्व
अभागिन्
अभाग्य
अभाग्यवत्
अभायवाण
अभाव
अभावत्व
अभावन
अभावनीय
अभावयितृ
अभाविन्
अभाव्य
अभाषण
अभाषितपुंस्क
अभि
अभिक
अभिकरण
अभिकाङ्क्षा
अभिकाङ्क्षित
अभिकाङ्क्षिन्
अभिकाम
अभिकामम्
अभिकाल
अभिकृति
अभिकृत्वरी
अभिकॢप्त
अभिक्रतु
अभिक्रन्द
अभिक्रम
अभिक्रमण
अभिक्रान्त
अभिक्रान्ति
अभिक्रान्तिन्
अभिक्रामत्
अभिक्रामम्
अभिक्रोशक
अभिक्षत्तृ
अभिक्षदा
अभिक्षिपत्
अभिख्य
अभिख्ययादव
अभिख्यातृ
अभिख्यान
अभिगच्छत्
अभिगत
अभिगन्तृ
अभिगम
अभिगमदण्ड
अभिगमन
अभिगमनदण्ड
अभिगम्य
अभिगर
अभिगर्जन
अभिगामिन्
अभिगुप्त
अभिगुप्ति
अभिगूर्त
अभिगूर्ति
अभिगोप्तृ
अभिग्रस्त
अभिग्रह
अभिग्रहण
अभिघर्षण
अभिग्लान
अभिघात
अभिघातक
अभिघातहत
अभिघातित
अभिघातिन्
अभिघार
अभिघारण
अभिघारित
अभिघार्य
अभिचक्षण
अभिचक्ष्य
अभिचर
अभिचरण
अभिचरणीय
अभिचरत्
अभिचरितवै
अभिचरितोस्
अभिचार
अभिचारक
अभिचारकल्प
अभिचारज्वर
अभिचारणीय
अभिचारमन्त्र
अभिचारयज्ञ
अभिचारहोम
अभिचारित
अभिचारिन्
अभिचार्य
अभिचैद्य
अभिज
अभिजग्मिवस्
अभिजन
अभिजनवत्
अभिजनितोस्
अभिजय
अभिजात
अभिजातता
अभिजाति
अभिजिघ्रण
अभिजित्
अभिजित
अभिजिति
अभिजिन्मुहूर्त
अभिज्ञ
अभिज्ञान
अभिज्ञानशकुन्तल
अभिज्ञु
अभितप्त
अभितराम्
अभितस्
अभिताडित
अभिताप
अभितापन
अभिताम्र
अभितिग्मरश्मि
अभितोभाव
अभितोभाविन्
अभितोरात्रम्
अभितोऽस्थि
अभित्ति
अभिदक्षिणम्
अभिदधत्
अभिदधान
अभिदर्शन
अभिदष्ट
अभिदान्त
अभिदिप्सु
अभिदुष्ट
अभिदूति
अभिद्यु
अभिद्रवत्
अभिद्रष्टृ
अभिद्रुत
अभिद्रुह
अभिद्रोह
अभिधर्म
अभिधर्मकोश
अभिधर्मपिटक
अभिधर्षण
अभिधा
अभिधातव्य
अभिधान
अभिधानक
अभिधानचिन्तामणि
अभिधानत्व
अभिधानमाला
अभिधानरत्नमाला
अभिधानी
अभिधानीय
अभिधानोत्तरोत्तर
अभिधाभावना
अभिधामूल
अभिधायक
अभिधायकत्व
अभिधायम्
अभिधायिन्
अभिधावक
अभिधावन
अभिधाविचार
अभिधाश्रय
अभिधित्सा
अभिधृष्णु
अभिधेय
अभिधेयता
अभिधेयालङ्कार
अभिधोपाधिक
अभिध्या
अभिध्यान
अभिध्यायत्
अभिनद्ध
अभिनद्धाक्ष
अभिनन्द
अभिनन्दन
अभिनन्दनीय
अभिनन्दित
अभिनन्दिन्
अभिनन्द्य
अभिनभ्यम्
अभिनम्र
अभिनय
अभिनव
अभिनवचन्द्रार्घविधि
अभिनवत्व
अभिनवदिवस
अभिनवयौवन
अभिनववयस्क
अभिनववैयाकरण
अभिनवशाकटायन
अभिनवीभूत
अभिनहन
अभिनिधन
अभिनिधान
अभिनिधीयमान
अभिनिपीडित
अभिनियुक्त
अभिनिर्मुक्त
अभिनिर्याण
अभिनिर्वृत्त
अभिनिर्वृत्ति
अभिनिवर्तम्
अभिनिविशमान
अभिनिविष्ट
अभिनिविष्टता
अभिनिवेश
अभिनिवेशन
अभिनिवेशिन्
अभिनिष्कारिन्
अभिनिष्क्रमण
अभिनिष्क्रान्त
अभिनिष्टान
अभिनिष्पतत्
अभिनिष्पतन
अभिनिष्पत्ति
अभिनिष्पन्न
अभिनिस्तान
अभिनिहत
अभिनिहित
अभिनिह्नव
अभिनीत
अभिनीति
अभिनीयमान
अभिनील
अभिनेतव्य
अभिनेय
अभिन्न
अभिन्नक
अभिन्नतर
अभिन्नतरक
अभिन्नता
अभिन्नपदश्लिष्ट
अभिन्नपरिकर्माष्टक
अभिन्यास
अभिन्यासज्वर
अभिपच्यमान
अभिपठित
अभिपतत्
अभिपतन
अभिपतनीय
अभिपत्ति
अभिपद्म
अभिपन्न
अभिपरिप्लुत
अभिपरीत
अभिपित्व
अभिपीडित
अभिपुष्प
अभिपूजित
अभिपूज्यमान
अभिपूरण
अभिपूर्ण
अभिपूर्वम्
अभिप्रणीत
अभिप्रतप्त
अभिप्रतारिन्
अभिप्रथन
अभिप्रदक्षिणम्
अभिप्रदक्षिणावर्तगति
अभिप्रपच्यमान
अभिप्रपन्न
अभिप्रभङ्गिन्
अभिप्रमुर्
अभिप्रयायम्
अभिप्रवर्तन
अभिप्रवृत्त
अभिप्रश्निन्
अभिप्रहत
अभिप्राणन
अभिप्रातर्
अभिप्राप्त
अभिप्राप्ति
अभिप्राय
अभिप्री
अभिप्रीति
अभिप्रेत
अभिप्रेप्सु
अभिप्रेर्यमाण
अभिप्रोक्षण
अभिप्लव
अभिप्लुत
अभिबल
अभिबुद्धि
अभिभङ्ग
अभिभञ्जत्
अभिभर्तृ
अभिभव
अभिभवत्
अभिभवन
अभिभवनीय
अभिभवितृ
अभिभा
अभिभायतन
अभिभार
अभिभावक
अभिभावन
अभिभाविन्
अभिभावुक
अभिभावुकतेजस्
अभिभाषण
अभिभाषत्
अभिभाषमाण
अभिभाषित
अभिभाषिन्
अभिभाष्य
अभिभु
अभिभू
अभिभूत
अभिभूति
अभिभूत्योजस्
अभिभूय
अभिभूवन्
अभिमत
अभिमनन
अभिमनस्
अभिमनाय्
अभिमन्तव्य
अभिमन्तृ
अभिमन्तोस्
अभिमन्त्रण
अभिमन्त्रणमन्त्र
अभिमन्त्रित
अभिमन्थ
अभिमन्य
अभिमन्यमान
अभिमन्यु
अभिमन्युपुर
अभिमन्युस्वामिन्
अभिमर
अभिमर्द
अभिमर्दन
अभिमर्दिन्
अभिमर्श
अभिमर्शक
अभिमर्शन
अभिमर्शिन्
अभिमर्ष
अभिमर्षक
अभिमर्षण
अभिमाति
अभिमातिजित्
अभिमातिन्
अभिमातिषाह्
अभिमातिषाह
अभिमातिहन्
अभिमाद
अभिमाद्यत्
अभिमाद्यत्क
अभिमान
अभिमानता
अभिमानवत्
अभिमानवृत्तिक
अभिमानशालिन्
अभिमानात्मक
अभिमानित
अभिमानित्व
अभिमानिन्
अभिमानुक
अभिमाय
अभिमिह्य
अभिमुख
अभिमुखता
अभिमुखीकरण
अभिमुखीभूत
अभिमृष्ट
अभिमेथिका
अभिमेहत्
अभिमोद
अभिम्लात
अभिम्लातवर्ण
अभिम्लान
अभिया
अभियाचना
अभियाचित
अभियाच्ञा
अभियात्
अभियात
अभियाति
अभियातिन्
अभियातृ
अभियान
अभियायिन्
अभियुक्त
अभियुग्वन्
अभियुज्
अभियुज्यमान
अभियोक्तव्य
अभियोक्तृ
अभियोग
अभियोगपत्त्र
अभियोगिन्
अभियोग्य
अभियोजन
अभियोजयितृ
अभियोज्य
अभिरक्षा
अभिरक्षित
अभिरक्षितृ
अभिरक्ष्य
अभिरञ्जित
अभिरत
अभिरति
अभिरमण
अभिरमणीय
अभिराज
अभिराद्ध
अभिराम
अभिरामकाव्य
अभिराष्ट्र
अभिरुचि
अभिरुचित
अभिरुचिर
अभिरुत
अभिरूप
अभिरूपक
अभिरूपपति
अभिरोरुद
अभिलकपित्थ
अभिलक्षित
अभिलक्ष्य
अभिलङ्घन
अभिलषण
अभिलषणीय
अभिलषित
अभिलष्यत्
अभिलाप
अभिलाव
अभिलाष
अभिलाषक
अभिलाषिन्
अभिलाषुक
अभिलास
अभिलासिन्
अभिलिखित
अभिलीन
अभिलुप्त
अभिलुलित
अभिलूता
अभिलेखन
अभिवदन
अभिवत्
अभिवन्दन
अभिवयस्
अभिवर्ग
अभिवर्त
अभिवर्तिन्
अभिवर्षण
अभिवर्षिन्
अभिवह
अभिवहत्
अभिवहन
अभिवा
अभिवातम्
अभिवाद
अभिवादक
अभिवादन
अभिवादनशील
अभिवादनीय
अभिवादयत्
अभिवादयितृ
अभिवादित
अभिवादिन्
अभिवाद्य
अभिवाद्यता
अभिवाद्यमान
अभिवान्या
अभिवान्यवत्सा
अभिवास
अभिवासन
अभिवासस्
अभिवाह्य
अभिविज्ञप्त
अभिविधि
अभिविनीत
अभिविमान
अभिविश्रुत
अभिवीक्षित
अभिवीर
अभिवृत्त
अभिवृद्ध
अभिवृद्धि
अभिवृष्ट
अभिवेग
अभिव्यक्त
अभिव्यक्ति
अभिव्यङ्ग्य
अभिव्यञ्जक
अभिव्यञ्जन
अभिव्यादान
अभिव्याधिन्
अभिव्यापक
अभिव्यापिन्
अभिव्याप्त
अभिव्याप्ति
अभिव्याप्य
अभिव्याहरण
अभिव्याहार
अभिव्याहारिन्
अभिव्याहृत
अभिव्लङ्ग
अभिशंसक
अभिशंसन
अभिशंसिन्
अभिशङ्का
अभिशङ्कित
अभिशपन
अभिशप्त
अभिशब्दित
अभिशस्
अभिशस्त
अभिशस्तक
अभिशस्ति
अभिशस्तिचातन
अभिशस्तिपा
अभिशस्तिपावन्
अभिशस्तृ
अभिशस्त्य
अभिशस्यमान
अभिशान्त्व
अभिशान्त्वयत्
अभिशाप
अभिशापज्वर
अभिशीत
अभिशीन
अभिशोक
अभिशोच
अभिशोचन
अभिशोचयिष्णु
अभिशौरि
अभिश्यात
अभिश्यान
अभिश्रवण
अभिश्राव
अभिश्रिष्
अभिश्री
अभिश्लिष्
अभिश्लेषण
अभिश्वस्
अभिश्वास
अभिषक्त
अभिषङ्ग
अभिषङ्गज्वर
अभिषञ्जन
अभिषव
अभिषवण
अभिषवणीय
अभिषवदिन
अभिषवदिवस
अभिषहमाण
अभिषाच्
अभिषावक
अभिषावकीय्
अभिषाह्
अभिषिक्त
अभिषिक्तवंश्य
अभिषिच्यमान
अभिषिषिक्षत्
अभिषिषिचान
अभिषिषेणयिषु
अभिषुक
अभिषुत
अभिषुविक्रान्त
अभिषेक
अभिषेकभूमि
अभिषेक्तृ
अभिषेकाह
अभिषेक्य
अभिषेचन
अभिषेचनीय
अभिषेच्य
अभिषेचित
अभिषेण
अभिषेणन
अभिषेणि
अभिषोतृ
अभिष्टन
अभिष्टव
अभिष्टि
अभिष्टिकृत्
अभिष्टिद्युम्न
अभिष्टिपा
अभिष्टिमत्
अभिष्टिशवस्
अभिष्टुत
अभिष्टुवत्
अभिष्णात
अभिष्यत्
अभिष्यन्द
अभिष्यन्दिन्
अभिष्यन्दिरमण
अभिष्वङ्ग
अभिसंयोग
अभिसंशीन
अभिसंश्यान
अभिसंश्रय
अभिसंसारम्
अभिसंस्कार
अभिसंस्तव
अभिसंहित
अभिसङ्क्रुध्यत्
अभिसङ्क्षिप्त
अभिसङ्क्षेप
अभिसङ्ख्य
अभिसङ्ख्यत्व
अभिसङ्ख्येय
अभिसञ्चारिन्
अभिसत्वन्
अभिसन्ताप
अभिसन्त्रस्त
अभिसन्देह
अभिसन्दोह
अभिसन्ध
अभिसन्धक
अभिसन्धा
अभिसन्धान
अभिसन्धि
अभिसमवाय
अभिसम्पत्ति
अभिसम्पद्
अभिसम्पन्न
अभिसम्पराय
अभिसम्पात
अभिसम्बद्ध
अभिसम्बन्ध
अभिसम्बाध
अभिसम्मुख
अभिसर
अभिसरण
अभिसरत्
अभिसर्ग
अभिसर्जन
अभिसर्तृ
अभिसर्पण
अभिसान्त्व
अभिसायम्
अभिसार
अभिसारस्थान
अभिसारिका
अभिसारिन्
अभिसारी
अभिसार्यमाण
अभिसावकीय्
अभिसुसूष्
अभिसूचित
अभिसेवन
अभिसोष्यत्
अभिस्कन्दम्
अभिस्थिरम्
अभिस्नेह
अभिस्फुरित
अभिस्यन्द
अभिस्यन्दिन्
अभिस्यन्दिरमण
अभिस्यन्दीवन
अभिस्वयमातृण्णम्
अभिस्वर्
अभिस्वर्तृ
अभिहत
अभिहति
अभिहन्यमान
अभिहरण
अभिहरणीय
अभिहर्तव्य
अभिहर्तृ
अभिहव
अभिहस्य
अभिहार
अभिहार्य
अभिहास
अभिहितत्व
अभिहिति
अभिहूति
अभिहोतवै
अभिहोम
अभिह्रुत्
अभिह्रुति
अभिह्वार
अभीक्ष्णम्
अभीक्ष्णशस्
अभीघात
अभीच्छत्
अभीज्य
अभीत
अभीतवत्
अभीत्वर
अभीद्ध
अभीपत्
अभीपद
अभीप्सित
अभीप्सिन्
अभीप्सु
अभीभाभिभूभाभू
अभीम
अभीमान
अभीमोद
अभीर
अभीरणी
अभीरपल्लि
अभीराजी
अभीरु
अभीरुच्
अभीरुण
अभीरुपत्री
अभीलाप
अभीलु
अभीवर्ग
अभीवर्त
अभीवृत्
अभीवृत
अभीशाप
अभीशु
अभीषङ्ग
अभीषाह्
अभीषु
अभीषुमत्
अभीष्ट
अभीष्टता
अभुक्त
अभुक्तमूल
अभुक्तवत्
अभुग्न
अभुज्
अभुज
अभुञ्जत्
अभुञ्जान
अभू
अभूत
अभूततद्भाव
अभूतपूर्व
अभूतप्रादुर्भाव
अभूतरजस्
अभूताहरण
अभूति
अभूमि
अभूमिज
अभूयिष्ठ
अभूरि
अभूष
अभूषीय
अभृत
अभृत्रिम
अभृश
अभेद
अभेदक
अभेद्य
अभैदिक
अभोक्तृ
अभोक्तृत्व
अभोगिन्
अभोग्घन्
अभोग्य
अभोज्
अभोजन
अभोजित
अभोजिन्
अभोज्य
अभोज्यान्न
अभौतिक
अभ्यक्त
अभ्यग्नि
अभ्यग्र
अभ्यङ्क
अभ्यङ्ग
अभ्यञ्जन
अभ्यधिक
अभ्यध्व
अभ्यध्वम्
अभ्यनुज्ञा
अभ्यनुज्ञात
अभ्यनुज्ञान
अभ्यनूक्त
अभ्यन्तर
अभ्यन्तरकरण
अभ्यन्तरकला
अभ्यन्तरतस्
अभ्यन्तरायाम
अभ्यन्तरीकरण
अभ्यन्तरीकृत
अभ्यमन
अभ्यमनवत्
अभ्यमित
अभ्यमित्रम्
अभ्यमित्रीण
अभ्यमित्रीय
अभ्यमित्र्य
अभ्यमिन्
अभ्यय
अभ्ययोध्यम्
अभ्यरि
अभ्यर्चत्
अभ्यर्चन
अभ्यर्चनीय
अभ्यर्चा
अभ्यर्चित
अभ्यर्च्य
अभ्यर्ण्ण
अभ्यर्थना
अभ्यर्थनीय
अभ्यर्थयमान
अभ्यर्थित
अभ्यर्थिन्
अभ्यर्थ्य
अभ्यर्दित
अभ्यर्ध
अभ्यर्धयज्वन्
अभ्यर्हणीय
अभ्यर्हणीयता
अभ्यर्हत्
अभ्यर्हित
अभ्यर्हितत्व
अभ्यर्हितपशु
अभ्यवकर्षण
अभ्यवकाश
अभ्यवदान्य
अभ्यवस्कन्द
अभ्यवस्कन्दन
अभ्यवहरण
अभ्यवहार
अभ्यवहार्य
अभ्यवहार्यत्व
अभ्यवहृत
अभ्यवायन
अभ्यवेत
अभ्यशन
अभ्यसत्
अभ्यसन
अभ्यसनीय
अभ्यसितव्य
अभ्यसूयक
अभ्यसूया
अभ्यस्त
अभ्यस्तमय
अभ्यस्तमित
अभ्यस्तस्वर
अभ्यस्यत्
अभ्याकाङ्क्षित
अभ्याकारम्
अभ्याक्रामम्
अभ्याख्यात
अभ्याख्यान
अभ्यागत
अभ्यागम
अभ्यागमन
अभ्यागारिक
अभ्याघात
अभ्याघातिन्
अभ्याचार
अभ्याज्ञाय
अभ्यातान
अभ्यात्त
अभ्यात्मतरम्
अभ्यात्मम्
अभ्यादान
अभ्याधान
अभ्यान्त
अभ्यामर्द
अभ्यामर्दन
अभ्यायसेन्य
अभ्यारम्
अभ्यारम्भ
अभ्यारूढ
अभ्यारोह
अभ्यारोहण
अभ्यारोहणीय
अभ्यारोह्य
अभ्यावर्तम्
अभ्यावर्तिन्
अभ्यावृत्त
अभ्यावृत्ति
अभ्याश
अभ्याशादागत
अभ्याशीकरण
अभ्याशीभू
अभ्यास
अभ्यासनिमित्त
अभ्यासयोग
अभ्यासलोप
अभ्यासविकार
अभ्यासव्यवाय
अभ्यासाकूपार
अभ्यासादन
अभ्यासादेश
अभ्यासिन्
अभ्याहत
अभ्याहनन
अभ्याहार
अभ्याहित
