पुनर्भ्रमति,:पुनः,भ्रमति,
त्वमत्र,:त्वम्,अत्र,
त्वामन्वेष्टुमेवात्रागतोऽस्मि,:त्वाम्,अन्वेष्टुम्,एव,अत्र,आगतः,अस्मि,
कथमागमने,:कथम्,आगमने,
व्यवहारस्तु,:व्यवहारः,तु,
गुरोर्गेहे,:गुरोः,गेहे,
भृत्यैश्छात्रैरूपासकैः,:भृत्यैः,छात्रैः,उपासकैः,
भवन्त्येतेऽवकाशे,:भवन्ति,एते,अवकाशे,
राजगेहेऽद्य,:राजगेहे,अद्य,
सिंहोऽद्यैव,:सिंहः,अद्यैव,
अतस्तस्य,:अतः,तस्य,
विशेषपूजनमासीत्,:विशेषपूजनम्,आसीत्,
जन्मदिवसस्योपलक्ष्ये,:जन्मदिवसस्य,उपलक्ष्ये,
विशेषपूजनमासीत्‌,:विशेषपूजनम्,आसीत्‌,
तत्रासीदेव,:तत्र,आसीत्,एव,
विशेषभोजनस्यापि,:विशेषभोजनस्य,अपि,
आयोजनमासीत्,:आयोजनम्,आसीत्,
पदाधिकारिणोऽन्ये,:पदाधिकारिणः,अन्ये,
चासीत्,:च,आसीत्,
व्यापृतोऽऽसम्,:व्यापृतः,आसम्,
भोजस्यायोजनमासीत्,:भोजस्य,आयोजनम्,आसीत्,
ईश्वराराधनमपि,:ईश्वराराधनम्,अपि,
न्यूनमेव,:न्यूनम्,एव,
व्यापृतमासीत्,:व्यापृतम्,आसीत्,
तत्रोच्चसिंहासने,:तत्र,उच्चसिंहासने,
विशेषेणैकत्राऽऽसन्,:विशेषेण,एकत्र,आसन्,
शुभकामनाञ्च,:शुभकामनां,च,
अस्मिन्नवसरे,:अस्मिन्,अवसरे,
यदद्याहं,:यत्,अद्य,अहं,
वर्षीयोऽस्मि,:वर्षीयः,अस्मि,
पुत्रस्योपरि,:पुत्रस्य,उपरि,
वनगमनमेव,:वनगमनम्,एव,
दशवर्षादधिकं,:दशवर्षात्,अधिकं,
साम्प्रतमहमिच्छामि,:साम्प्रतम्,अहम्,इच्छामि,
राज्यभारमिदं,:राज्यभारम्,इदं,
मन्त्रिणोऽप्यासन्,:मन्त्रिणः,अपि,आसन्,
मन्त्रिणोऽप्यासन्,:मन्त्रिणः,अपि,आसन्,
पुनश्चान्ये,:पुनः,च,अन्ये,
पदाधिकारिणोऽपि,:पदाधिकारिणः,अपि,
समागतास्ते,:समागताः,ते,
तत्राऽऽसन्,:तत्र,आसन्,
प्रमुखास्तत्र,:प्रमुखाः,तत्र,
राज्याधिकारिणस्तथा,:राज्याधिकारिणः,तथा,
कुलश्रेष्ठाश्च,:कुलश्रेष्ठाः,च,
मन्त्रणायामुपस्थिताः,:मन्त्रणायाम्,उपस्थिताः,
तत्रासन्,:तत्र,आसन्,
राजपुत्राणामुपस्थितौ,:राजपुत्राणाम्,उपस्थितौ,
वीराश्चतुराः,:वीराः,चतुराः,
राज्यकर्मण्यपि,:राज्यकर्मणि,अपि,
प्रायस्ते,:प्रायः,ते,
आविर्बभूवुर्यथा,:आविर्बभूवुः,यथा,
पुत्रस्याभ्युदये,:पुत्रस्य,अभ्युदये,
राज्यस्यास्योपरि,:राज्यस्य,अस्य,उपरि,
करिष्यतीति,:करिष्यति,इति,
बलैरन्वितः,:बलैः,अन्वितः,
योग्यपुत्रस्योपरि,:योग्यपुत्रस्य,उपरि,
निधायाङ्गलशासनमुन्मूलयितुमिच्छति,:निधाय,आङ्गलशासनम्,उन्मूलयितुम्,इच्छति,
राज्यस्यास्य,:राज्यस्य,अस्य,
तेष्वेकस्य,:तेषु,एकस्य,
महत्कठिनमस्ति,:महत्कठिनम्,अस्ति,
भित्तेरपि,:भित्तेः,अपि,
भवतीति,:भवति,इति,
विदितमस्ति,:विदितम्,अस्ति,
अन्यच्च,:अन्यत्,च,
मदन्योऽत्र,:मदन्यः,अत्र,
नास्ति,:न,अस्ति,
राजमन्दिरस्यैतस्मिन्,:राजमन्दिरस्य,एतस्मिन्,
नास्ति,:न,अस्ति,
ममोपरि,:मम,उपरि,
प्रियमित्रमसि,:प्रियमित्रम्,असि,
नाऽहं,:न,अहं,
दक्षाश्च,:दक्षाः,च,
कुमरसिंहोऽतीव,:कुमरसिंहः,अतीव,
कुमरसिंहोऽस्ति,:कुमरसिंहः,अस्ति,
यत्तव,:यत्,तव,
राज्यस्यास्य,:राज्यस्य,अस्य,
विचारोऽपि,:विचारः,अपि,
युवराजोऽस्ति,:युवराजः,अस्ति,
विशेषाधिवेशनेऽस्य,:विशेषाधिवेशने,अस्य,
कालोऽपि,:कालः,अपि,
राजभवनमेव,:राजभवनम्,एव,
विशेषाधिवेशनमायोजितमस्ति,:विशेषाधिवेशनम्,आयोजितम्,अस्ति,
यत्किं,:यत्,किं,
भवतीति,:भवति,इति,
प्रतिहारश्च,:प्रतिहारः,च,
सिंहासनमलङ्करोतु,:सिंहासनम्,अलङ्करोतु,
पश्चाच्च,:पश्चात्,च,
सिंहासनमधितिष्ठति,:सिंहासनम्,अधितिष्ठति,
समयोऽपक्रामति,:समयः,अपक्रामति,
यदाज्ञापयति,:यत्,आज्ञापयति,
प्रणमन्निष्क्रान्तः,:प्रणमन्,निष्क्रान्तः,
आसनस्योपरि,:आसनस्य,उपरि,
यदाज्ञापयति,:यत्,आज्ञापयति,
महादेव,:महात्,एव,
माधवाच्चुतनामभिरङ्कितानि,:माधवाच्चुतनामभिः,अङ्कितानि,
आसनस्याग्रे,:आसनस्य,अग्रे,
स्वनियोगमशून्यं,:स्वनियोगम्,अशून्यं,
यदाज्ञापयति,:यत्,आज्ञापयति,
प्रणमन्निष्क्रान्तः,:प्रणमन्,निष्क्रान्तः,
द्वारपालश्च,:द्वारपालः,च,
नामाङ्कितान्यासनानि,:नामाङ्कितानि,आसनानि,
यदाज्ञापयति,:यत्,आज्ञापयति,
यदाज्ञापयति,:यत्,आज्ञापयति,
प्रणमन्निष्क्रान्तः,:प्रणमन्,निष्क्रान्तः,
सदस्यानामहं,:सदस्यानाम्,अहं,
पुनश्चोपस्थापयामि,:पुनः,च,उपस्थापयामि,
यदाङ्गलशासकस्य,:यत्,आङ्गलशासकस्य,
दृष्टिर्मम,:दृष्टिः,मम,
राज्यस्योपरि,:राज्यस्य,उपरि,
समापतितेति,:समापतिता,इति,
दूतमुखान्मया,:दूतमुखात्,मया,
तस्याक्रमणं,:तस्य,आक्रमणं,
सम्भावितमस्ति,:सम्भावितम्,अस्ति,
शाहावादेऽपि,:शाहावादे,अपि,
दृष्टिस्तस्य,:दृष्टिः,तस्य,
विषयेऽस्मिन्,:विषये,अस्मिन्,
चिन्तनस्याभिनयं,:चिन्तनस्य,अभिनयं,
अहमिच्छामि,:अहम्,इच्छामि,
स्वपुत्रेष्वन्यतमस्य,:स्वपुत्रेषु,अन्यतमस्य,
राज्यस्यास्य,:राज्यस्य,अस्य,
येनात्र,:येन,अत्र,
भवेदित्यस्मिन्,:भवेत्,इति,अस्मिन्,
ह्यात्मसम्भवाः,:हि,आत्मसम्भवाः,
पुत्रेभ्योऽपि,:पुत्रेभ्यः,अपि,
ज्येष्ठस्तेजस्वी,:ज्येष्ठः,तेजस्वी,
गम्भीरश्च,:गम्भीरः,च,
धीरोऽसौ,:धीरः,असौ,
शान्तिप्रियोऽस्ति,:शान्तिप्रियः,अस्ति,
ज्येष्ठपुत्रस्यैव,:ज्येष्ठपुत्रस्य,एव,
दातव्यमिति,:दातव्यम्,इति,
बाल्यादेव,:बाल्यात्,एव,
प्रवीणोऽस्ति,:प्रवीणः,अस्ति,
गम्भीरश्च,:गम्भीरः,च,
राज्यासनस्याधिकारी,:राज्यासनस्य,अधिकारी,
सत्वेऽपि,:सत्वे,अपि,
प्रियपुत्रोऽसौ,:प्रियपुत्रः,असौ,
सामदानदण्डभेदादीनामवलम्बनं,:सामदानदण्डभेदादीनाम्,अवलम्बनं,
करिष्यतीति,:करिष्यति,इति,
विषयेऽस्मिन्,:विषये,अस्मिन्,
शान्तिप्रियश्च,:शान्तिप्रियः,च,
राज्यासनस्याधिकारी,:राज्यासनस्य,अधिकारी,
युद्धादसम्बद्धोऽसौ,:युद्धात्,असम्बद्धः,असौ,
वक्ष्यतीति,:वक्ष्यति,इति,
विचार्याऽहं,:विचार्य,अहं,
परमदयालुश्च,:परमदयालुः,च,
पुनश्च,:पुनः,च,
दयालोऽस्ति,:दयालः,अस्ति,
दयालुर्दीनबन्धुर्हि,:दयालुः,दीनबन्धुः,हि,
उमरावसिंहादपि,:उमरावसिंहात्,अपि,
नेच्छति,:न,इच्छति,
विषयेऽस्मिन्,:विषये,अस्मिन्,
विचारयितुमभिनयं,:विचारयितुम्,अभिनयं,
नेच्छति,:न,इच्छति,
दयालसिंहोऽपि,:दयालसिंहः,अपि,
युद्धाभ्यस्तोऽपि,:युद्धाभ्यस्तः,अपि,
राजपतिर्नूनमेव,:राजपतिः,नूनम्,एव,
पतिर्भविष्यति,:पतिः,भविष्यति,
नेतृत्वमयमेव,:नेतृत्वम्,अयमेव,
पुनश्च,:पुनः,च,
कृषेर्विकासाय,:कृषेः,विकासाय,
युवराजस्यास्य,:युवराजस्य,अस्य,
राजपतिस्तृतीयोऽस्ति,:राजपतिः,तृतीयः,अस्ति,
बाल्यादेव,:बाल्यात्,एव,
सहायोऽसौ,:सहायः,असौ,
प्रियदर्शनोऽस्ति,:प्रियदर्शनः,अस्ति,
परमसौ,:परम्,असौ,
नेच्छति,:न,इच्छति,
बलसत्वोऽपि,:बलसत्वः,अपि,
बलस्योपयोगं,:बलस्य,उपयोगं,
कनिष्ठपुत्रस्यामरसिंहस्य,:कनिष्ठपुत्रस्य,अमरसिंहस्य,
पुत्रोऽमरसिंहोऽमरसदृशः,:पुत्रः,अमरसिंहः,अमरसदृशः,
युवाऽसौ,:युवा,असौ,
प्रियपुत्रोऽस्ति,:प्रियपुत्रः,अस्ति,
पञ्चमोऽमरसिंहोऽस्ति,:पञ्चमः,अमरसिंहः,अस्ति,
वदान्यश्च,:वदान्यः,च,
युवराजामरसिंहस्तु,:युवराजामरसिंहः,तु,
राज्यमिदमलङ्कृतं,:राज्यम्,इदम्,अलङ्कृतं,
यन्मम,:यत्,मम,
पुत्रोऽमरसिंहोऽतीव,:पुत्रः,अमरसिंहः,अतीव,
सर्वदैव,:सर्वदा,एव,
विषयेऽस्मिन्,:विषये,अस्मिन्,
परमसाहसिकश्च,:परमसाहसिकः,च,
शत्रवोऽपि,:शत्रवः,अपि,
आयोजितासि,:आयोजिता,असि,
बाणविद्यायामपि,:बाणविद्यायाम्,अपि,
प्रसिद्धलक्ष्यवेधकश्चास्ति,:प्रसिद्धलक्ष्यवेधकः,च,अस्ति,
चन्द्रहासचालनेऽस्य,:चन्द्रहासचालने,अस्य,
वीरपुत्रोऽस्ति,:वीरपुत्रः,अस्ति,
तृतीयमन्त्रिणमच्युतं,:तृतीयमन्त्रिणम्,अच्युतं,
विषयेऽस्मिन्,:विषये,अस्मिन्,
सत्यमस्ति,:सत्यम्,अस्ति,
यद्राज्ये,:यत्,राज्ये,
कुमरसिंहस्यास्य,:कुमरसिंहस्य,अस्य,
भ्रातरोऽपि,:भ्रातरः,अपि,
तस्यैव,:तस्य,एव,
किमधिकम्,:किम्,अधिकम्,
कार्तिकेयोऽस्ति,:कार्तिकेयः,अस्ति,
तात्पर्यमस्ति,:तात्पर्यम्,अस्ति,
राज्यस्यास्य,:राज्यस्य,अस्य,
विचारोऽयं,:विचारः,अयं,
नूनमेवाङ्ग्रेजेन,:नूनम्,एव,अङ्ग्रेजेन,
कुमारेणैवालङ्कृता,:कुमारेण,एव,अलङ्कृता,
भोक्ष्यतीति,:भोक्ष्यति,इति,
यस्याङ्गानि,:यस्य,अङ्गानि,
वज्रसदृशान्याभान्ति,:वज्रसदृशानि,आभान्ति,
अश्वारोहणमस्ति,:अश्वारोहणम्,अस्ति,
यदस्य,:यत्,अस्य,
पुनरिदमपि,:पुनः,इदमपि,
शास्त्रधर्मस्यापि,:शास्त्रधर्मस्य,अपि,
ज्येष्ठपुत्रेणैव,:ज्येष्ठपुत्रेण,एव,
स्वकीयामनिच्छां,:स्वकीयाम्,अनिच्छां,
निर्णयोऽस्ति,:निर्णयः,अस्ति,
यद्यप्यनेकेगुणाः,:यद्यपि,अनेकेगुणाः,
तस्येच्छा,:तस्य,इच्छा,
नास्तीति,:न,अस्ति,इति,
सत्यमेव,:सत्यम्,एव,
यदहं,:यत्,अहं,
पृथिव्यामुपस्थितोऽस्मि,:पृथिव्याम्,उपस्थितः,अस्मि,
यत्नवानहं,:यत्नवान्,अहं,
राजकर्मण्यपि,:राजकर्मणि,अपि,
अतस्तस्येच्छा,:अतः,तस्य,इच्छा,
तस्येच्छायाः,:तस्य,इच्छायाः,
सम्मानोऽपि,:सम्मानः,अपि,
द्वितीयस्तृतीयोऽपि,:द्वितीयः,तृतीयः,अपि,
कुमरसिंहस्यैव,:कुमरसिंहस्य,एव,
योगमपि,:योगम्,अपि,
विचारणीयाऽस्ति,:विचारणीया,अस्ति,
वाञ्छतस्तर्हि,:वाञ्छतः,तर्हि,
शास्त्रदोषोऽपि,:शास्त्रदोषः,अपि,
यन्मम,:यत्,मम,
राजपतिसिंहश्च,:राजपतिसिंहः,च,
नेच्छन्ति,:न,इच्छन्ति,
कनिष्ठपुत्रोऽमरसिंहः,:कनिष्ठपुत्रः,अमरसिंहः,
नेतृत्वमभिलषति,:नेतृत्वम्,अभिलषति,
स्वकीयामास्थां,:स्वकीयाम्,आस्थां,
यन्मम,:यत्,मम,
कुमरसिंहोऽस्य,:कुमरसिंहः,अस्य,
एवास्य,:एव,अस्य,
कथितमस्ति,:कथितम्,अस्ति,
विश्रुतमेव,:विश्रुतम्,एव,
तस्योत्कर्षतां,:तस्य,उत्कर्षतां,
गुणानामाधानं,:गुणानाम्,आधानं,
उत्तमयोगसन्निद्धावेव,:उत्तमयोगसन्निद्धौ,एव,
कस्मिन्नपि,:कस्मिन्,अपि,
गुणानतिशेते,:गुणान्,अतिशेते,
श्रेष्ठत्वमाप्नोति,:श्रेष्ठत्वम्,आप्नोति,
निर्णयोऽयं,:निर्णयः,अयं,
निर्णयस्यास्य,:निर्णयस्य,अस्य,
विशेषाधिवेशनमिदं,:विशेषाधिवेशनम्,इदं,
राज्यस्यार्थसिद्धये,:राज्यस्य,अर्थसिद्धये,
स्वस्वासनादुत्थाय,:स्वस्वासनात्,उत्थाय,
राज्यस्यास्य,:राज्यस्य,अस्य,
निर्धारयितव्योऽस्ति,:निर्धारयितव्यः,अस्ति,
अहमुपस्थितोऽस्मि,:अहम्,उपस्थितः,अस्मि,
राजभवनमार्गमादेशय,:राजभवनमार्गम्,आदेशय,
मञ्चेऽग्रे,:मञ्चे,अग्रे,
पश्चाच्च,:पश्चात्,च,
परिभ्रमन्निष्क्रान्तौ,:परिभ्रमन्,निष्क्रान्तौ,
महाराजसाहबजादासिंहस्याज्ञा,:महाराजसाहबजादासिंहस्य,आज्ञा,
यदद्यैव,:यत्,अद्यैव,
अतोऽद्यैवाभिजिन्मुहूर्ते,:अतः,अद्यैव,अभिजित्,मुहूर्ते,
सज्जितमस्ति,:सज्जितम्,अस्ति,
समानीतैर्जलैर्घटाः,:समानीतैः,जलैः,घटाः,
राजछत्रमस्ति,:राजछत्रम्,अस्ति,
निहितमस्ति,:निहितम्,अस्ति,
रजतपात्रेऽक्षततण्डुलकुङ्कुमादिमाङ्गलिकद्रव्याणि,:रजतपात्रे,अक्षततण्डुलकुङ्कुमादिमाङ्गलिकद्रव्याणि,
यथासने,:यथा,आसने,
अतिथयश्च,:अतिथयः,च,
पश्येमाक्षभिर्यजत्राः,:पश्येम,अक्षभिः,यजत्राः,
स्थिरैरङ्गैस्तुष्टूवांसस्तनूभिर्व्यशेमहि,:स्थिरैः,अङ्गैः,तुष्टूवांसः,तनूभिः,व्यशेमहि,
यदायुः,:यत्,आयुः,
उत्थायोद्घोषणं,:उत्थाय,उद्घोषणं,
भ्रातरस्तं,:भ्रातरः,तं,
स्वस्वासनादुत्थाय,:स्वस्वासनात्,उत्थाय,
देवास्तानि,:देवाः,तानि,
प्रथमान्यासन्,:प्रथमानि,आसन्,
कामान्कामकानाय,:कामात्,कामकानाय,
दक्षिणहस्तेनाम्रपल्लवैर्जलं,:दक्षिणहस्तेन,आम्रपल्लवैः,जलं,
गृहीत्वाभिषेकं,:गृहीत्वा,अभिषेकं,
तीर्थजलमाम्रपल्लवैर्गृहीत्वाऽभिषेकस्याभिनयं,:तीर्थजलम्,आम्रपल्लवैः,गृहीत्वा,अभिषेकस्य,अभिनयं,
हस्तयोर्धृत्वा,:हस्तयोः,धृत्वा,
मदीयैर्वंशजैः,:मदीयैः,वंशजैः,
मयाऽपि,:मया,अपि,
ह्यतेत्,:हि,एतेत्,
महाराज्यमाधिपत्यमयं,:महाराज्यम्,अधिपत्यम्,अयं,
एकराडिति,:एकराट्,इति,
स्वस्त्यस्तु,:स्वस्ति,अस्तु,
कुशलमस्तु,:कुशलम्,अस्तु,
शतायुरस्तु,:शतायुः,अस्तु,
सदाऽस्तु,:सदा,अस्तु,
बलमस्तु,:बलम्,अस्तु,
रिपुक्षयोऽस्तु,:रिपुक्षयः,अस्तु,
बुद्धिरस्तु,:बुद्धिः,अस्तु,
हस्तयोर्नीत्वा,:हस्तयोः,नीत्वा,
रत्नभूतेयं,:रत्नभूता,इयं,
नानारत्नैर्विनिर्मिता,:नानारत्नैः,विनिर्मिता,
राज्यस्यास्य,:राज्यस्य,अस्य,
संशिक्षितास्ते,:संशिक्षिताः,ते,
मातेव,:माता,इव,
अद्यारभ्य,:अद्य,आरभ्य,
पुत्रतुल्यास्तेषां,:पुत्रतुल्याः,तेषां,
रक्षणञ्च,:रक्षणं,च,
प्रजारञ्जनादेव,:प्रजारञ्जनात्,एव,
पालनार्थमेव,:पालनार्थम्,एव,
धार्मिकदृष्ट्याऽपि,:धार्मिकदृष्ट्या,अपि,
शक्तेर्वर्द्धनाय,:शक्तेः,वर्द्धनाय,
भवतामुपदेशामृतं,:भवताम्,उपदेशामृतं,
धारितञ्च,:धारितम्,च,
अवशिष्टमप्यमृतोपदेशं,:अवशिष्टम्,अपि,अमृतोपदेशं,
शक्तिस्तु,:शक्तिः,तु,
अशान्तिर्न,:अशान्तिः,न,
मद्यपानमपहरणादिकञ्च,:मद्यपानम्,अपहरणादिकं,च,
जीवितोऽपि,:जीवितः,अपि,
वेति,:वा,इति,
वचनमनुपालनीयम्,:वचनम्,अनुपालनीयम्,
तद्राज्यमेव,:तद्राज्यम्,एव,
कर्मयोगसन्देशस्तु,:कर्मयोगसन्देशः,तु,
कर्मयोगस्यानुपालनं,:कर्मयोगस्य,अनुपालनं,
निश्चितमेव,:निश्चितम्,एव,
आङ्ग्लशासकानामत्याचारोऽस्य,:आङ्ग्लशासकानाम्,अत्याचारः,अस्य,
राज्यमपि,:राज्यम्,अपि,
ममाधिकारे,:मम,अधिकारे,
करणीयैव,:करणीया,एव,
बन्धनमपि,:बन्धनम्,अपि,
प्रदत्तममृतोपदेशं,:प्रदत्तम्,अमृतोपदेशं,
भवतामादर्शं,:भवताम्,आदर्शं,
रक्षिताश्च,:रक्षिताः,च,
तृतीयोऽङ्कः,:तृतीयः,अङ्कः,
