प्रोच्चासनमेकमप्यलङ्कृतमस्ति,:प्रोच्चासनम्,एकमपि,अलङ्कृतम्,अस्ति,
प्रतिहारश्च,:प्रतिहारः,च,
प्रतिहारोऽग्रे,:प्रतिहारः,अग्रे,
कुमरसिंहश्च,:कुमरसिंहः,च,
सिंहासनमलङ्करोतु,:सिंहासनम्,अलङ्करोतु,
स्वनियोगमशून्यं,:स्वनियोगम्,अशून्यं,
यदाज्ञापयति,:यत्,आज्ञापयति,
साञ्जलिर्निष्क्रान्तः,:साञ्जलिः,निष्क्रान्तः,
श्लोकध्वनिर्भवति,:श्लोकध्वनिः,भवति,
प्रसन्नमस्ति,:प्रसन्नम्,अस्ति,
अनुभवाम्यहं,:अनुभवामि,अहं,
नितरामाह्लादकताम्,:नितराम्,आह्लादकताम्,
कथमेतादृशी,:कथम्,एतादृशी,
दक्षिणाक्षिस्फुरणस्यानुभवं,:दक्षिणाक्षिस्फुरणस्य,अनुभवं,
शुभशकुनमिदं,:शुभशकुनम्,इदं,
किञ्चिद्विचार्य,:किञ्चित्,विचार्य,
इतस्तु,:इतः,तु,
क्वचिल्लुण्ठनं,:क्वचित्,लुण्ठनं,
क्वचिल्लुञ्चनं,:क्वचित्,लुञ्चनं,
क्वचिद्हसनं,:क्वचित्,हसनं,
क्वचित्ताडनं,:क्वचित्,ताडनं,
तस्यातङ्कस्य,:तस्य,आतङ्कस्य,
भूमिपतयस्तु,:भूमिपतयः,तु,
परित्यज्याङ्ग्लशासनमेवानुकुर्वन्ति,:परित्यज्य,आङ्ग्लशासनम्,एव,अनुकुर्वन्ति,
केनोपायेनाङ्ग्लाः,:केन,उपायेन,आङ्ग्लाः,
स्वदेशान्निःसार्य्याः,:स्वदेशान्,निःसार्य्याः,
आङ्ग्लशासनाद्विमुक्तिमिच्छन्ति,:आङ्ग्लशासनात्,विमुक्तिम्,इच्छन्ति,
अभावेनैव,:अभावेन,एव,
राज्यमपि,:राज्यम्,अपि,
किञ्चिद्विचार्य,:किञ्चित्,विचार्य,
सैन्यशक्तिर्द्विगुणिता,:सैन्यशक्तिः,द्विगुणिता,
व्यवस्थाऽपि,:व्यवस्था,अपि,
सैनिकाश्चापि,:सैनिकाः,च,अपि,
विजयायानुकूलः,:विजयाय,अनुकूलः,
सम्प्रत्याक्रमणमावश्यकं,:सम्प्रति,आक्रमणम्,आवश्यकं,
वसन्तीति,:वसन्ति,इति,
बुद्धिरेव,:बुद्धिः,एव,
युवराजोऽमरसिंहः,:युवराजः,अमरसिंहः,
सैन्यसञ्चालनेऽपि,:सैन्यसञ्चालने,अपि,
पटुरस्ति,:पटुः,अस्ति,
आक्रमणमुचितं,:आक्रमणम्,उचितं,
तमाहूय,:तम्,आहूय,
अहमुपस्थितोऽस्मि,:अहम्,उपस्थितः,अस्मि,
युवराजामरसिंहमहं,:युवराजामरसिंहम्,अहं,
द्रष्टुमिच्छामि,:द्रष्टुम्,इच्छामि,
यदाज्ञापयति,:यत्,आज्ञापयति,
प्रणमन्निष्क्रान्तः,:प्रणमन्,निष्क्रान्तः,
नास्ति,:न,अस्ति,
प्रशिक्षणमप्यनेन,:प्रशिक्षणम्,अपि,अनेन,
लक्ष्यभेदनेऽस्य,:लक्ष्यभेदने,अस्य,
दर्शनीयमस्ति,:दर्शनीयम्,अस्ति,
अस्यैव,:अस्य,एव,
पूर्वजस्यार्जुनस्य,:पूर्वजस्य,अर्जुनस्य,
विश्रुतमस्ति,:विश्रुतम्,अस्ति,
स्वैर्बाणैर्द्रुपदात्मजाम्,:स्वैः,बाणैः,द्रुपदात्मजाम्,
भवतामनुजोऽमरसिंहोऽहमभिवादये,:भवताम्,अनुजः,अमरसिंहः,अहम्,अभिवादये,
सिंहासनमिदम्,:सिंहासनम्,इदम्,
यदाज्ञापयति,:यत्,आज्ञापयति,
स्वनियोगमशून्यं,:स्वनियोगम्,अशून्यं,
यदाज्ञापयति,:यत्,आज्ञापयति,
साञ्जलिर्निष्क्रान्तः,:साञ्जलिः,निष्क्रान्तः,
सम्प्रत्यस्माकं,:सम्प्रति,अस्माकं,
स्थितिर्विद्यते,:स्थितिः,विद्यते,
ज्ञातुमिच्छामि,:ज्ञातुम्,इच्छामि,
रीतिर्भवद्भिर्निर्दिष्टा,:रीतिः,भवद्भिः,निर्दिष्टा,
रीतिमनुसृत्याहं,:रीतिम्,अनुसृत्य,अहं,
साफल्यमधिगतवानस्मि,:साफल्यम्,अधिगतवान्,अस्मि,
सेनानामध्यक्षाः,:सेनानाम्,अध्यक्षाः,
नितरामपूर्वा,:नितराम्,अपूर्वा,
मयाऽनेकेषु,:मया,अनेकेषु,
आदिवासिनोऽऽसन्,:आदिवासिनः,आसन्,
परमन्येऽपि,:परम्,अन्येऽपि,
आमन्त्रितास्तत्रस्थास्ते,:आमन्त्रिताः,तत्रस्थाः,ते,
चापि,:च,अपि,
प्रहारस्तु,:प्रहारः,तु,
निश्चयोऽपि,:निश्चयः,अपि,
सर्वेऽस्माकं,:सर्वे,अस्माकं,
समागतास्तथाऽन्येऽपि,:समागताः,तथा,अन्येऽपि,
पर्वतकन्दरेऽथ,:पर्वतकन्दरे,अथ,
स्वयञ्चागताः,:स्वयं,च,आगताः,
सैन्येऽभवन्न,:सैन्ये,अभवत्,न,
राँचीहजारीबागपलामुधनवादप्रभृतिस्थानेभ्योऽनेके,:राँचीहजारीबागपलामुधनवादप्रभृतिस्थानेभ्यः,अनेके,
प्रशिक्षितास्ते,:प्रशिक्षिताः,ते,
कार्येऽपि,:कार्ये,अपि,
तस्याधीनतां,:तस्य,अधीनतां,
स्वीकृतवन्तस्ते,:स्वीकृतवन्तः,ते,
नाद्यावधि,:न,अद्यावधि,
परमन्ये,:परम्,अन्ये,
किमधिकम्,:किम्,अधिकम्,
उत्तरस्थाश्च,:उत्तरस्थाः,च,
गतास्तत्र,:गताः,तत्र,
तेऽथ,:ते,अथ,
पुनश्च,:पुनः,च,
ज्ञातवन्तश्छलादिकम्,:ज्ञातवन्तः,छलादिकम्,
ईशाईधर्मावलम्बिनोऽन्ये,:ईशाईधर्मावलम्बिनः,अन्ये,
पराधीनतामनुभवन्ति,:पराधीनताम्,अनुभवन्ति,
मित्राण्यपि,:मित्राणि,अपि,
आङ्ग्लशासनस्योत्पाटनाय,:आङ्ग्लशासनस्य,उत्पाटनाय,
किमस्माकं,:किम्,अस्माकं,
वाक्येनैव,:वाक्येन,एव,
सर्वमनुष्ठितम्,:सर्वम्,अनुष्ठितम्,
भवतामेव,:भवताम्,एव,
वाक्यमस्ति,:वाक्यम्,अस्ति,
यद्गुणोत्कर्षेणैव,:यद्गुणोत्कर्षेण,एव,
धर्मादिमाध्यमेनेति,:धर्मादिमाध्यमेन,इति,
कथनमस्ति,:कथनम्,अस्ति,
दुष्कुलादपि,:दुष्कुलात्,अपि,
पुष्करपलाशवन्निर्लिप्ताः,:पुष्करपलाशवत्,निर्लिप्ताः,
सैन्येऽपि,:सैन्ये,अपि,
हिन्दवस्तु,:हिन्दवः,तु,
मुसलिमाश्चान्ये,:मुसलिमाः,च,अन्ये,
पुनश्च,:पुनः,च,
सर्वदैवाङ्गलशासनस्य,:सर्वदा,एव,आङ्गलशासनस्य,
विनाशमेवेच्छन्ति,:विनाशम्,एव,इच्छन्ति,
परीक्षताश्च,:परीक्षताः,च,
मुस्लिमाश्चापि,:मुस्लिमाः,च,अपि,
वृद्धिर्जाता,:वृद्धिः,जाता,
कस्मिन्नपि,:कस्मिन्,अपि,
कुशलनिर्देशकस्यावश्यकता,:कुशलनिर्देशकस्य,आवश्यकता,
पराधीनमस्ति,:पराधीनम्,अस्ति,
तस्योपरि,:तस्य,उपरि,
विजयायानुकूलः,:विजयाय,अनुकूलः,
समागतोऽस्ति,:समागतः,अस्ति,
सम्प्रत्याङ्ग्लशासनान्मुक्तिं,:सम्प्रति,आङ्ग्लशासनात्,मुक्तिं,
राजानोऽपि,:राजानः,अपि,
सम्प्रत्याङ्ग्लशासकस्य,:सम्प्रति,आङ्ग्लशासकस्य,
पुनश्चाग्नेयास्त्रस्य,:पुनः,च,आग्नेयास्त्रस्य,
व्यवस्थाऽपि,:व्यवस्था,अपि,
विषयेऽस्मिन्,:विषये,अस्मिन्,
दक्षिणभुजस्फुरणस्याभिनयं,:दक्षिणभुजस्फुरणस्य,अभिनयं,
शुभशकुनमिदं,:शुभशकुनम्,इदं,
सैनिकास्तु,:सैनिकाः,तु,
करणीयमासीत्,:करणीयम्,आसीत्,
स्थितावेवाक्रमणमुचितमिति,:स्थितौ,एव,आक्रमणम्,उचितम्,इति,
सैनिकानामपि,:सैनिकानाम्,अपि,
कथनमस्ति,:कथनम्,अस्ति,
परधनैरपि,:परधनैः,अपि,
म्रियतेऽथ,:म्रियते,अथ,
मञ्चस्यैकस्मिन्,:मञ्चस्य,एकस्मिन्,
गौरवस्यात्मनः,:गौरवस्य,आत्मनः,
भक्तिभावैर्यदा,:भक्तिभावैः,यदा,
र्गौरवेणान्विता,:र्गौरवेण,अन्विता,
भवेन्निश्चितम्,:भवेत्,निश्चितम्,
तद्ध्रुवम्,:तत्,ध्रुवम्,
गानमस्य,:गानम्,अस्य,
सर्वथाऽस्माकं,:सर्वथा,अस्माकं,
दिनमागतम्,:दिनम्,आगतम्,
आङ्ग्लशासनादसन्तुष्टाः,:आङ्ग्लशासनात्,असन्तुष्टाः,
जानन्तीति,:जानन्ति,इति,
भविष्यतीति,:भविष्यति,इति,
प्रसन्नताऽधिगता,:प्रसन्नता,अधिगता,
मुहुर्मुहुर्जगदीशपुरस्य,:मुहुः,मुहुः,जगदीशपुरस्य,
गानमिदं,:गानम्,इदं,
प्रेरणास्पदमस्तीति,:प्रेरणास्पदम्,अस्ति,इति,
नक्षत्रेऽनुकूले,:नक्षत्रे,अनुकूले,
तत्राक्रमणमुचितं,:तत्र,आक्रमणम्,उचितं,
येऽस्माकं,:ये,अस्माकं,
युद्धार्थमहं,:युद्धार्थम्,अहं,
शीघ्रमेवोद्घोषणां,:शीघ्रमेव,उद्घोषणां,
विचारस्तु,:विचारः,तु,
समीचीनश्च,:समीचीनः,च,
लक्ष्यमवाप्तयेऽहं,:लक्ष्यम्,अवाप्तये,अहं,
गन्तुकामोऽस्मि,:गन्तुकामः,अस्मि,
भवन्तोऽर्थलाभाय,:भवन्तः,अर्थलाभाय,
पुनश्चिन्तनीयम्,:पुनः,चिन्तनीयम्,
भवतामाशीर्वचसा,:भवताम्,आशीर्वचसा,
निःसार्यामरसिंहाय,:निःसार्य,अमरसिंहाय,
भृशमुत्साहिते,:भृशम्,उत्साहिते,
दैवीशक्तिप्रविष्टेत्यहमनुभवामि,:दैवीशक्तिप्रविष्टा,इति,अहम्,अनुभवामि,
पुनरायाति,:पुनः,आयाति,
जयशब्दस्तु,:जयशब्दः,तु,
कर्णयोर्मे,:कर्णयोः,मे,
विशत्यहो,:विशति,अहो,
करैर्जनता,:करैः,जनता,
श्रोतुमभिनयं,:श्रोतुम्,अभिनयं,
अहमुपस्थितोऽस्मि,:अहम्,उपस्थितः,अस्मि,
अन्तःपुरमार्गमादेशय,:अन्तःपुरमार्गम्,आदेशय,
प्रतिहारस्ततः,:प्रतिहारः,ततः,
नवपतिर्नूनं,:नवपतिः,नूनं,
जययुतास्तस्मै,:जययुताः,तस्मै,
कर्मबुद्धिश्च,:कर्मबुद्धिः,च,
युवराजेनामरसिंहेन,:युवराजेन,अमरसिंहेन,
घोषणानुसारमनुकूले,:घोषणानुसारम्,अनुकूले,
तथाऽनुकूलायां,:तथा,अनुकूलायां,
योगिन्याञ्च,:योगिन्यां,च,
विजयायाक्रमणं,:विजयाय,आक्रमणं,
इतोऽप्यधिकं,:इतोऽपि,अधिकं,
योगिन्याश्च,:योगिन्याः,च,
समवायोऽभूदिति,:समवायः,अभूत्,इति,
योगोऽयं,:योगः,अयं,
समयोऽयं,:समयः,अयं,
निश्चितमस्ति,:निश्चितम्,अस्ति,
युद्धमभूत्,:युद्धम्,अभूत्,
स्वतन्त्रमभवत्,:स्वतन्त्रम्,अभवत्,
प्रसन्नताऽधिगता,:प्रसन्नता,अधिगता,
युद्धमभूत्,:युद्धम्,अभूत्,
तद्भवान्,:तत्,भवान्,
पुनर्युवराजामरसिंहस्य,:पुनः,युवराजामरसिंहस्य,
विजयायाक्रमणं,:विजयाय,आक्रमणं,
अहमवहितोऽस्मि,:अहम्,अवहितः,अस्मि,
चायोजनं,:च,आयोजनं,
आङ्ग्लशासनाधिकारिणोऽपि,:आङ्ग्लशासनाधिकारिणः,अपि,
स्वर्गसुखमेवानुभवन्ति,:स्वर्गसुखम्,एव,अनुभवन्ति,
गुप्तचरास्तत्र,:गुप्तचराः,तत्र,
चाङ्ग्लानां,:च,आङ्ग्लानां,
कुकृत्यञ्च,:कुकृत्यं,च,
सर्वममरसिंहाय,:सर्वम्,अमरसिंहाय,
मतमपि,:मतम्,अपि,
ततस्तत?,:ततस्ततः,?,
मतञ्च,:मतं,च,
परितोऽमरसिंहस्य,:परितः,अमरसिंहस्य,
पदातिसैनिकानामकस्मादुपस्थितिं,:पदातिसैनिकानाम्,अकस्मात्,उपस्थितिं,
जगदीशपुरस्यान्तःपुरे,:जगदीशपुरस्य,अन्तःपुरे,
गन्तुमेकस्मिन्,:गन्तुम्,एकस्मिन्,
प्रलपन्तस्तन्निकटे,:प्रलपन्तः,तत्,निकटे,
सञ्जातास्तदा,:सञ्जाताः,तदा,
सैनिकास्तान्,:सैनिकाः,तान्,
रज्जुभिर्बन्धनं,:रज्जुभिः,बन्धनं,
द्वारमुद्घाट्य,:द्वारम्,उद्घाट्य,
तेनैव,:तेन,एव,
मार्गेणामरसिंहस्य,:मार्गेण,अमरसिंहस्य,
पुरस्थितानाङ्ग्लसैनिकानपि,:पुरस्थितान्,आङ्ग्लसैनिकान्,अपि,
तेषामग्नेयास्त्रमपि,:तेषाम्,अग्नेयास्त्रम्,अपि,
पुनस्तत्र,:पुनः,तत्र,
तेऽपि,:ते,अपि,
निबद्धाश्चास्मदीयैः,:निबद्धाः,च,अस्मदीयैः,
ततोऽस्माकं,:ततः,अस्माकं,
भीषणयुद्धमपि,:भीषणयुद्धम्,अपि,
परमस्माकं,:परम्,अस्माकं,
प्रवर्धितैर्बलैर्मे,:प्रवर्धितैः,बलैः,मे,
परित्यज्यात्मसमर्पणं,:परित्यज्य,आत्मसमर्पणं,
अमरसिंहस्याश्वसैनिकानां,:अमरसिंहस्य,अश्वसैनिकानां,
कृतवन्तस्तदा,:कृतवन्तः,तदा,
उच्चैर्घोषितवन्तः,:उच्चैः,घोषितवन्तः,
स्वतन्त्रमस्ति,:स्वतन्त्रम्,अस्ति,
भारतभूमिर्जयतु,:भारतभूमिः,जयतु,
चात्मसमर्पणं,:च,आत्मसमर्पणं,
कृतवन्तस्ते,:कृतवन्तः,ते,
बहिर्गताः,:बहिः,गताः,
सुरक्षितमस्ति।,:सुरक्षितम्,अस्ति।,
गीतमेकमुच्चैर्गायति,:गीतम्,एकम्,उच्चैः,गायति,
भवेत्सत्वरम्,:भवेत्,सत्वरम्,
गायन्निष्क्रान्तः,:गायन्,निष्क्रान्तः,
अहमनुभवामि,:अहम्,अनुभवामि,
यदाङ्ग्लानां,:यत्,आङ्ग्लानां,
स्वतन्त्रमभूत्,:स्वतन्त्रम्,अभूत्,
कर्मसंस्कृतिर्विराजते,:कर्मसंस्कृतिः,विराजते,
कर्मसंस्कृतेरवदानमेव,:कर्मसंस्कृतेः,अवदानम्,एव,
प्राधान्यमस्तीति,:प्राधान्यम्,अस्ति,इति,
कर्मणोऽपि,:कर्मणः,अपि,
सम्यग्गतिर्नास्ति,:सम्यक्,गतिः,न,अस्ति,
न्यायमार्गविरूद्धमेव,:न्यायमार्गविरूद्धम्,एव,
चन्द्रहासस्तु,:चन्द्रहासः,तु,
प्रसादाल्लब्धः,:प्रसादात्,लब्धः,
प्रसादाल्लब्धश्चन्द्रहासस्तु,:प्रसादात्,लब्धः,चन्द्रहासः,तु,
प्रसादाल्लब्धोऽमरसिंहस्य,:प्रसादात्,लब्धः,अमरसिंहस्य,
चन्द्रहासस्तु,:चन्द्रहासः,तु,
सर्वथाऽनुकूलः,:सर्वथा,अनुकूलः,
योगस्तु,:योगः,तु,
कारणमस्ति,:कारणम्,अस्ति,
योगस्तु,:योगः,तु,
समर्थतरोऽपि,:समर्थतरः,अपि,
तदाङ्ग्लशासकस्य,:तत्,आङ्ग्लशासकस्य,
चात्र,:च,अत्र,
कारणमस्ति,:कारणम्,अस्ति,
सर्वैरनुभूतं,:सर्वैः,अनुभूतं,
तत्तु,:तत्,तु,
धर्मविहीनमेवासीत्,:धर्मविहीनम्,एव,आसीत्,
कररूपेणाधिकाधिकस्य,:कररूपेण,अधिकाधिकस्य,
ग्रहणमस्माकं,:ग्रहणम्,अस्माकं,
बलेनैव,:बलेन,एव,
अल्पमेव,:अल्पम्,एव,
किमिदं,:किम्,इदं,
नास्ति,:न,अस्ति,
नासन्,:न,आसन्,
सुखमिव,:सुखम्,इव,
सुखमनुभवन्ति,:सुखम्,अनुभवन्ति,
परमाङ्ग्लशासकस्य,:परम्,आङ्ग्लशासकस्य,
आङ्ग्लशासकस्याधर्मचरणेनात्याचारविवर्द्धनेन,:आङ्ग्लशासकस्य,अधर्मचरणेन,अत्याचारविवर्द्धनेन,
बभूवुस्तदा,:बभूवुः,तदा,
स्वतन्त्रमभवत्,:स्वतन्त्रम्,अभवत्,
यत्कर्म,:यत्,कर्म,
यदकरणीयं,:यत्,अकरणीयं,
स्थितिरिति,:स्थितिः,इति,
सम्पादनमेव,:सम्पादनम्,एव,
युक्ततरमिति,:युक्ततरम्,इति,
विजयोत्सवस्यायोजनमस्ति,:विजयोत्सवस्य,आयोजनम्,अस्ति,
तोरणद्वारैर्वन्दनवारैश्च,:तोरणद्वारैः,वन्दनवारैः,च,
सुशोभितेऽस्मिन्,:सुशोभिते,अस्मिन्,
त्रिरूद्घोषणां,:त्रिः,उद्घोषणां,
विजयोत्सवस्तु,:विजयोत्सवः,तु,
स्थास्यतीति,:स्थास्यति,इति,
आनन्दपूर्णेऽस्मिन्,:आनन्दपूर्णे,अस्मिन्,
विजयोत्सवेऽस्माभिरपि,:विजयोत्सवे,अस्माभिः,अपि,
लतावृक्षैर्विभूषितम्,:लतावृक्षैः,विभूषितम्,
पण्डिताश्च,:पण्डिताः,च,
अभिषेकसामग्रीमत्र,:अभिषेकसामग्रीम्,अत्र,
यथादिशति,:यथा,आदिशति,
कथयित्वाऽभिषेकसामग्रीं,:कथयित्वा,अभिषेकसामग्रीं,
राजसिंहासनमलङ्करोतु,:राजसिंहासनम्,अलङ्करोतु,
यथादिशन्ति,:यथा,आदिशन्ति,
पण्डिताश्च,:पण्डिताः,च,
शत्रुमानविमर्दकम्,:शत्रुमान्,अविमर्दकम्,
राजछत्रमिदं,:राजछत्रम्,इदं,
ह्यस्मिन्,:हि,अस्मिन्,
दक्षिणहस्तोऽसि,:दक्षिणहस्तः,असि,
राजछत्रमिदं,:राजछत्रम्,इदं,
अमरसिंहोऽपि,:अमरसिंहः,अपि,
कुमरसिंहस्यामरसिंहस्य,:कुमरसिंहस्य,अमरसिंहस्य,
गलयोर्मेलयन्ति,:गलयोः,मेलयन्ति,
स्वातन्त्रयमापन्नं,:स्वातन्त्रयम्,आपन्नं,
भारतोऽपि,:भारतः,अपि,
ह्याङ्ग्लशासकबन्धनात्,:हि,आङ्ग्लशासकबन्धनात्,
रोपयित्वाऽसौ,:रोपयित्वा,असौ,
जयमाप्तवान्,:जयम्,आप्तवान्,
इदमस्तु,:इदम्,अस्तु,
स्यात्क्वचिद्भिन्नता,:स्यात्,क्वचिद्,भिन्नता,
देशस्यास्य,:देशस्य,अस्य,
विमुक्तयेऽथ,:विमुक्तये,अथ,
षष्ठोऽङ्कः,:षष्ठः,अङ्कः,
समाप्तमिदं,:समाप्तम्,इदं,
