मञ्चो,रिक्तो,रिक्तो,वर्तते,:मञ्चः,रिक्तः,रिक्तः,वर्तते,
दिनमस्ति,:दिनम्,अस्ति,
सूर्यस्तनोति,:सूर्यः,तनोति,
खगाश्च,:खगाः,च,
पवनो,मधुगन्धयुक्तो,मधुगन्धयुक्तो,रम्या,:पवनः,मधुगन्धयुक्तः,मधुगन्धयुक्तः,रम्या,
गावो,हृष्टाः,:गावः,हृष्टाः,
वत्सयुक्ता,भ्रमन्ति,:वत्सयुक्ताः,भ्रमन्ति,
कोकिलो,गर्वयुक्तः,:कोकिलः,गर्वयुक्तः,
किञ्चिद्विचार्य,:किञ्चित्,विचार्य,
युवराजस्याश्वशाला,:युवराजस्य,अश्वशाला,
साऽश्वशाला,:सा,अश्वशाला,
अस्मिन्नेव,:अस्मिन्,एव,
महाराजेनाश्वचालनप्रतियोगिता,:महाराजेन,अश्वचालनप्रतियोगिता,
समायोजिताऽस्ति,:समायोजिता,अस्ति,
कुत्रगतो,जीवदासः,:कुत्रगतः,जीवदासः,
सहाश्वशालायां,:सह,अश्वशालायां,
गमनमुचितं,:गमनम्,उचितं,
स,तु,:सः,तु,
द्रष्टुमभिनयति,:द्रष्टुम्,अभिनयति,
तमनवलोक्य,:तम्,अनवलोक्य,
सम्प्रत्यागमिष्यत्येव,:सम्प्रति,आगमिष्यति,एव,
यतो,हि,:यतः,हि,
प्रीतिरूत्पद्यते,:प्रीतिः,उत्पद्यते,
रूचिमनुगच्छन्ति,:रूचिम्,अनुगच्छन्ति,
लोका,भिन्नरूचिस्थिताः,:लोकाः,भिन्नरूचिस्थिताः,
द्यूतकरो,याति,:द्यूतकरः,याति,
कविर्यथा,:कविः,यथा,
त्वमत्र,:त्वम्,अत्र,
किमश्वचालनप्रतियोगिताया,उद्घोषिस्त्वया,:किम्,अश्वचालनप्रतियोगितायाः,उद्घोषितः,त्वया,
उद्घोषिस्त्वया,:उद्घोषितः,त्वया,
यस्मिन्नुद्घोषे,:यस्मिन्,उद्घोषे,
प्रतियोगितेयं,:प्रतियोगिता,इयं,
उद्घोषस्तु,:उद्घोषः,तु,
अहमत्र,:अहम्,अत्र,
स्थितोऽस्मि,:स्थितः,अस्मि,
ममाभिन्नमित्रमसि,:मम,अभिन्नमित्रम्,असि,
अहमश्वविषये,:अहम्,अश्वविषये,
नाधिकं,:न,अधिकं,
महाराजस्याश्वशाला,:महाराजस्य,अश्वशाला,
ग्रहीतुमनेके,:ग्रहीतुम्,अनेके,
वीरा,विभिन्नप्रदेशेभ्योऽत्र,:वीराः,विभिन्नप्रदेशेभ्यः,अत्र,
विभिन्नप्रदेशेभ्योऽत्र,:विभिन्नप्रदेशेभ्यः,अत्र,
बलिष्ठमश्वमधिरूह्येवात्र,:बलिष्ठम्,अश्वम्,अधिरूह्य,एव,अत्र,
समुपस्थिता,वर्तन्ते,:समुपस्थिताः,वर्तन्ते,
त्वामानेतुमेवाहमत्रागतोऽस्मि,:त्वाम्,आनेतुम्,एव,अहम्,अत्र,आगतः,अस्मि,
प्रभूता,जनाः,:प्रभूताः,जनाः,
समागता,भविष्यन्ति,:समागताः,भविष्यन्ति,
जनसम्मर्दो,विद्यते,:जनसम्मर्दः,विद्यते,
समागतानश्वान्,:समागतान्,अश्वान्,
दर्शका,नितरां,:दर्शकाः,नितरां,
देशसमुद्भवा,बलयुताः,:देशसमुद्भवाः,बलयुताः,
पुष्टास्तथा,:पुष्टाः,तथा,
श्वेतमनोहराश्च,:श्वेतमनोहराः,च,
रक्तास्त्वरिद्गामिनः,:रक्ता,त्वरिद्गामिनः,
घोटका,चकिता,ब्रुवन्ति,:घोटकाः,चकिताः,ब्रुवन्ति,
तस्या,अश्वशालाया,अश्वशालाया,वर्णनं,:तस्याः,अश्वशालायाः,अश्वशालायाः,वर्णनं,
समागता,अश्वास्तत्र,:समागताः,अश्वाः,तत्र,
अश्वास्तत्र,:अश्वाः,तत्र,
पङ्क्तिबुद्धा,विराजन्ते,:पङ्क्तिबुद्धाः,विराजन्ते,
वन्दनवारादिभिरलङ्कृताऽस्ति,:वन्दनवारादिभिः,अलङ्कृता,अस्ति,
साऽश्वशाला,:सा,अश्वशाला,
अश्वा,अपि,:अश्वाः,अपि,
बद्धा,अश्वाः,:बद्धाः,अश्वाः,
पादप्रहारादुत्थितैष्ठप्,:पादप्रहारात्,उत्थितैष्ठप्,
मार्गस्थानाञ्च,:मार्गस्थानां,च,
स्फोटयन्तीव,:स्फोटयन्ति,इव,
रक्तोष्णीषैश्च,:रक्तोष्णीषैः,च,
सूतास्तत्र,:सूताः,तत्र,
तेषामश्वानां,:तेषाम्,अश्वानां,
दृश्यमेकं,:दृश्यम्,एकं,
वर्णनीयमस्ति,:वर्णनीयम्,अस्ति,
कक्ष्याभिरावध्यते,:कक्ष्याभिः,अवध्यते,
केषाञ्चिद्वदने,:केषाञ्चित्,वदने,
हस्तैर्भृशं,:हस्तैः,भृशं,
तत्पराश्च,:तत्पराः,च,
तास्तु,:ताः,तु,
भृशमुपयुक्ता,भवन्ति,:भृशम्,उपयुक्ताः,भवन्ति,
किमस्माकं,:किम्,अस्माकं,
शक्तिहीना,विद्यन्ते,:शक्तिहीनाः,विद्यन्ते,
अनेका,नार्यो,नार्यो,रणाङ्गणे,:अनेकाः,नार्यः,नार्यः,रणाङ्गणे,
विजयमवाप्नुवन्,:विजयम्,अवाप्नुवन्,
अतो,वडवा,वडवा,अपि,:अतः,वडवाः,वडवाः,अपि,
प्रतिबन्धिता,न,:प्रतिबन्धिताः,न,
तत्परा,वडवा,वडवा,कथं,:तत्पराः,वडवाः,वडवाः,कथं,
लोलयिता,जाताः,:लोलयिताः,जाताः,
या,वडवास्तत्र,:याः,वडवाः,तत्र,
वडवास्तत्र,:वडवाः,तत्र,
आसन्ता,लोलायिता,लोलायिता,जाताः,:आसन्ताः,लोलायिताः,लोलायिताः,जाताः,
यतो,हि,:यतः,हि,
युक्तास्त्वरिद्गामिनो,रश्मिभिरायतोत्तरमुखास्ते,:युक्ताः,त्वरिद्गामिनः,रश्मिभिः,आयतोत्तरमुखाः,ते,
सममाह्वयन्ति,:समम्,आह्वयन्ति,
वडवा,लोलायिताः,:वडवाः,लोलायिताः,
वचो,नूनं,:वचः,नूनं,
पौरूषस्यास्ति,:पौरूषस्य,अस्ति,
उत्साहिता,भृशं,:उत्साहिताः,भृशं,
वडवा,प्रबलायिता,प्रबलायिता,॥8॥,:वडवाः,प्रबलायिताः,प्रबलायिताः,॥8॥,
प्रशस्यतरा,विद्यन्ते,:प्रशस्यतराः,विद्यन्ते,
नानावर्णा,अश्वा,अश्वा,विद्यन्ते,:नानावर्णाः,अश्वाः,अश्वाः,विद्यन्ते,
कृष्णवर्णा,शवलवर्णप्रभृतयस्तेषु,:कृष्णवर्णाः,शवलवर्णप्रभृतयः,तेषु,
श्वेतवर्णानामश्वानां,:श्वेतवर्णानाम्,अश्वानां,
संख्या,अधिकाः,:संख्याः,अधिकाः,
श्वेतवर्णास्ते,:श्वेतवर्णाः,ते,
चोर्ध्वकर्णा,बलान्विताः,:च,ऊर्ध्वकर्णाः,बलान्विताः,
हरिदश्वानतिक्रामति,:हरित्,अश्वान्,अतिक्रामति,
बलिष्ठा,रक्तवर्णाश्च,:बलिष्ठाः,रक्तवर्णाः,च,
रक्तवर्णाश्च,:रक्तवर्णाः,च,
शवला,ये,:शवलाः,ये,
प्रवृद्धास्ते,:प्रवृद्धाः,ते,
श्यामकर्णाश्च,:श्यामकर्णाः,च,
सर्वतो,भावैर्बलिष्ठा,भावैर्बलिष्ठा,द्रुतगामिनः,:सर्वतः,भावैः,बलिष्ठाः,भावैः,बलिष्ठाः,द्रुतगामिनः,
किमश्वा,अपि,:किम्,अश्वाः,अपि,
त्वमश्वशास्त्रविशेषज्ञो,वर्तसे,:त्वम्,अश्वशास्त्रविशेषज्ञः,वर्तसे,
अत,एवाहं,:अतः,एव,अहं,
एवाहं,:एव,अहं,
अश्वशास्त्रविशेषज्ञोऽऽसीत्,:अश्वशास्त्रविशेषज्ञः,आसीत्,
व्यवसायोऽऽसीत्,:व्यवसायः,आसीत्,
तस्मादहमश्वविषयकं,:तस्मात्,अहम्,अश्वविषयकं,
ज्ञानमर्जितवान्,:ज्ञानम्,अर्जितवान्,
भावप्रकाशनविषयेऽपि,:भावप्रकाशनविषये,अपि,
हेषाभिरपि,:हेषाभिः,अपि,
भावा,द्योतिता,द्योतिता,भवन्ति,:भावाः,द्योतिताः,द्योतिताः,भवन्ति,
कुर्वन्तोऽर्वन्ति,:कुर्वन्तः,अर्वन्ति,
हेषाभिर्ब्रुवते,:हेषाभिः,ब्रुवते,
पशवश्चापि,:पशवः,च,अपि,
मनुष्या,जीवधारिणः,:मनुष्याः,जीवधारिणः,
वर्णितमश्वविषयकं,:वर्णितम्,अश्वविषयकं,
समुत्सुकोऽस्मि,:समुत्सुकः,अस्मि,
महाराजस्याश्वशालाया,दृश्यं,:महाराजस्य,अश्वशालायाः,दृश्यं,
अतश्चलतु,:अतः,चलतु,
तत्रैवाश्वानां,:तत्रैव,अश्वानां,
अश्वचालनप्रतियोगिताऽपि,:अश्वचालनप्रतियोगिता,अपि,
तत्रावश्यमस्माभिरूपस्थातव्यम्,:तत्र,अवश्यम्,अस्माभिः,उपस्थातव्यम्,
मयाश्वचालनप्रतियोगिता,:मया,अश्वचालनप्रतियोगिता,
नाधिको,वर्तते,:न,अधिकः,वर्तते,
अतश्चलतु,:अतः,चलतु,
कुसुमावचयस्याभिनयं,:कुसुमावचयस्य,अभिनयं,
अद्याधिकं,:अद्य,अधिकं,
कुसुमाभिचयमस्माभिः,:कुसुमाभिचयम्,अस्माभिः,
किमर्थमधिकं,:किमर्थम्,अधिकं,
कुसुमाभिचयमस्माभिः,:कुसुमाभिचयम्,अस्माभिः,
करणीयमिति,:करणीयम्,इति,
यदद्य,:यत्,अद्य,
युवराजो,वीरकुमरसिंहोऽश्वचालनप्रतियोगितायां,:युवराजः,वीरकुमरसिंहः,अश्वचालनप्रतियोगितायां,
वीरकुमरसिंहोऽश्वचालनप्रतियोगितायां,:वीरकुमरसिंहः,अश्वचालनप्रतियोगितायां,
प्रथमो,जातः,:प्रथमः,जातः,
अतो,देवतापूजनार्थं,:अतः,देवतापूजनार्थं,
यदद्याधिकं,:यत्,अद्य,अधिकं,
प्रतीयतेऽद्य,:प्रतीयते,अद्य,
इतो,गृहे,:इतः,गृहे,
करिष्यत्येव,:करिष्यति,एव,
गङ्गापूजनार्थमपि,:गङ्गापूजनार्थम्,अपि,
इत्युभौ,:इति,उभौ,
कुसुमावचयस्याभिनयं,:कुसुमावचयस्य,अभिनयं,
त्वमश्वचालनप्रतियोगिताविषये,:त्वम्,अश्वचालनप्रतियोगिताविषये,
व्यस्ता,आसम्,:व्यस्ताः,आसम्,
भवतीति,:भवती,इति,
आसीदिति,:आसीत्,इति,
पत्युर्मुखात्,:पत्युः,मुखात्,
प्रतियोगितायामस्यां,:प्रतियोगितायाम्,अस्यां,
प्रतिभागिनो,भागं,:प्रतिभागिनः,भागं,
प्रतिभागिनो,भागं,:प्रतिभागिनः,भागं,
स्वमश्वमारूह्य,:स्वम्,अश्वम्,आरूह्य,
तीव्रगत्याऽश्वानां,:तीव्रगत्या,अश्वानां,
पुनर्द्वितीयचक्रस्य,:पुनः,द्वितीयचक्रस्य,
मानसिंहो,ज्ञानसिंहस्तथा,:मानसिंहः,ज्ञानसिंहः,तथा,
बिहारप्रदेशस्यास्माकं,:बिहारप्रदेशस्य,अस्माकं,
युवराजो,वीरकुमरसिंहः,:युवराजः,वीरकुमरसिंहः,
साफल्यमधिगत्य,:साफल्यम्,अधिगत्य,
त,एव,:ते,एव,
प्रतिभागिनो,बभूवुः,:प्रतिभागिनः,बभूवुः,
युवराजो,द्वितीयचक्रस्य,:युवराजः,द्वितीयचक्रस्य,
प्रतियोगितायामपि,:प्रतियोगितायाम्,अपि,
प्रथमो,जातः,:प्रथमः,जातः,
वाश्वचालनप्रतियोगितायां,:वा,अश्वचालनप्रतियोगितायां,
प्रथमो,जातः,:प्रथमः,जातः,
विषयोऽपि,:विषयः,अपि,
विषयो,वर्तते,:विषयः,वर्तते,
प्रथमो,भविष्यत्यस्मद्,:प्रथमः,भविष्यति,अस्मद्,
भविष्यत्यस्मद्,:भविष्यति,अस्मद्,
सिंहसदृशस्यास्य,:सिंहसदृशस्य,अस्य,
युवराजस्याश्वचालनाभ्यासोऽपि,:युवराजस्य,अश्वचालनाभ्यासः,अपि,
समभ्यासैर्विवर्धते,:समभ्यासैः,विवर्धते,
प्रतियोगिताया,निर्णायकाः,:प्रतियोगितायाः,निर्णायकाः,
समागता,अश्वचालनप्रतियोगितायाः,:समागताः,अश्वचालनप्रतियोगितायाः,
पूर्वविजेतारस्तु,:पूर्वविजेतारः,तु,
निर्णायका,आसन्नेव,:निर्णायकाः,आसन्,एव,
आसन्नेव,:आसन्,एव,
विशेषामन्त्रितसदस्यरूपेण,:विशेष,आमन्त्रितसदस्यरूपेण,
किमश्वचालनप्रतियोगिताया,आयोजनमाङ्गलशासकैः,:किम्,अश्वचालनप्रतियोगितायाः,आयोजनम्,आङ्गलशासकैः,
आयोजनमाङ्गलशासकैः,:आयोजनम्,आङ्गलशासकैः,
जगदीशपुराधीशेनायोजिता,:जगदीशपुराधीशेन,आयोजिता,
प्रदेशस्यास्य,:प्रदेशस्य,अस्य,
कथमामन्त्रितः,:कथम्,आमन्त्रितः,
व्यवहारस्तु,:व्यवहारः,तु,
शोभनो,न,:शोभनः,न,
विद्यत,इति,:विद्यते,इति,
आङ्ग्लास्तादृशाः,:आङ्ग्लाः,तादृशाः,
गुणास्तु,:गुणाः,तु,
व्यक्त्याश्रिता,भवन्ति,:व्यक्त्याश्रिताः,भवन्ति,
प्रकृतिर्भिन्ना,:प्रकृतिः,भिन्ना,
गुणा,दृश्यन्ते,:गुणाः,दृश्यन्ते,
प्रदेशस्याङ्ग्लशासनाधिकारी,:प्रदेशस्य,आङ्ग्लशासनाधिकारी,
व्यवहारकुशलोऽश्वचालनविशेषज्ञो,वर्तते,:व्यवहारकुशलः,अश्वचालनविशेषज्ञः,वर्तते,
प्रतिवर्षमश्वचालनप्रतियोगिताया,आयोजनं,:प्रतिवर्षम्,अश्वचालनप्रतियोगितायाः,आयोजनं,
अत,एव,:अतः,एव,
तेनाङ्गलशासनाधिकारिणा,:तेन,आङ्गलशासनाधिकारिणा,
समायोजितायामश्वचालनप्रतियोगितायां,:समायोजितायाम्,अश्वचालनप्रतियोगितायां,
पूर्वमस्माकं,:पूर्वम्,अस्माकं,
वारद्वयमस्माकं,:वारद्वयम्,अस्माकं,
प्रथमो,बभूव,:प्रथमः,बभूव,
प्रदेशस्यास्याङ्ग्लशासनाधिकारी,:प्रदेशस्य,अस्याङ्ग्लशासनाधिकारी,
प्रतियोगिताया,रसिको,रसिको,विद्यते,:प्रतियोगितायाः,रसिकः,रसिकः,विद्यते,
नरा,देवत्वसम्पन्ना,देवत्वसम्पन्ना,भवन्ति,:नराः,देवत्वसम्पन्नाः,देवत्वसम्पन्नाः,भवन्ति,
महाराजोऽपि,:महाराजः,अपि,
गुणग्राहको,विद्यते,:गुणग्राहकः,विद्यते,
गुणज्ञोऽस्ति,:गुणज्ञः,अस्ति,
अत,एवात्र,:अतः,एव,अत्र,
एवात्र,:एव,अत्र,
निर्णायको,भूत्वा,:निर्णायकः,भूत्वा,
पुष्पावचयनस्याभिनयं,:पुष्पावचयनस्य,अभिनयं,
सिंहासनमेकमपरञ्च,:सिंहासनम्,एकम्,अपरं,च,
प्रतिहारश्च,:प्रतिहारः,च,
प्रतिहारस्ततो,युवराजकुमरसिंहो,युवराजकुमरसिंहो,मञ्चे,:प्रतिहारः,ततः,युवराजकुमरसिंहः,युवराजकुमरसिंहः,मञ्चे,
सिंहासनमलङ्करोतु,:सिंहासनम्,अलङ्करोतु,
सिंहासनमारूह्य,:सिंहासनम्,आरूह्य,
सम्प्रत्यहं,:सम्प्रति,अहं,
द्रष्टुमिच्छामि,:द्रष्टुम्,इच्छामि,
यदाज्ञापयति,:यत्,आज्ञापयति,
शताधिका,मत्ता,मत्ता,युद्धकौशलयुक्ता,युद्धकौशलयुक्ता,गजेन्द्रा,गजेन्द्रा,विद्यन्ते,:शताधिकाः,मत्ताः,मत्ताः,युद्धकौशलयुक्ताः,युद्धकौशलयुक्ताः,गजेन्द्राः,गजेन्द्राः,विद्यन्ते,
गजसेनानायकायोद्बोधनमावश्यकम्,:गजसेनानायकायोद्बोधनम्,आवश्यकम्,
गजसेनापतिरूपस्थितो,वर्तते,:गजसेनापतिः,उपस्थितः,वर्तते,
समीपस्थमासनं,:समीपस्थम्,आसनं,
इदमासनमलङ्करोतु,:इदम्,आसनम्,अलङ्करोतु,
यथाज्ञापयति,:यथा,आज्ञापयति,
समीपस्थोच्चासने,:समीपस्थ,उच्चासने,
स्वनियोगमशून्यं,:स्वनियोगम्,अशून्यं,
यदाज्ञापयति,:यत्,आज्ञापयति,
साञ्जलिर्निष्क्रान्तः,:साञ्जलिः,निष्क्रान्तः,
धीरोऽस्ति,:धीरः,अस्ति,
वीरश्च,:वीरः,च,
सैनिकाश्चापि,:सैनिकाः,च,अपि,
स्थितिर्वर्तते,:स्थितिः,वर्तते,
शताधिका,मत्ता,मत्ता,गजेन्द्रा,गजेन्द्रा,विद्यन्ते,:शताधिकाः,मत्ताः,मत्ताः,गजेन्द्राः,गजेन्द्राः,विद्यन्ते,
कुशलप्रशिक्षकैर्भृशं,:कुशलप्रशिक्षकैः,भृशं,
गजचालकानामादेशं,:गजचालकानाम्,आदेशं,
सततमनुपालयन्ति,:सततम्,अनुपालयन्ति,
हस्तियुद्धविशारदा,गयातः,:हस्तियुद्धविशारदाः,गयातः,
आजमगढतश्च,:आजमगढतः,च,
वीरा,गजसैन्यव्यवस्थया,:वीराः,गजसैन्यव्यवस्थया,
सन्तुष्टा,विद्यन्ते,:सन्तुष्टाः,विद्यन्ते,
शक्तिमन्तोऽनुशासिताश्च,:शक्तिमन्तः,अनुशासिताः,च,
गजेन्द्रास्तैरत्रैव,:गजेन्द्राः,तैः,अत्रैव,
यदस्माकं,:यत्,अस्माकं,
शत्रून्प्रत्याक्रमणाय,:शत्रून्,प्रत्याक्रमणाय,
नितरामुपयुक्ताः,:नितराम्,उपयुक्ताः,
शासनस्योपरि,:शासनस्य,उपरि,
भवेदिति,:भवेत्,इति,
मयाऽपि,:मया,अपि,
सौविध्यायानेके,:सौविध्याय,अनेके,
कुशलपदाधिकारिणो,नियुक्ताः,:कुशलपदाधिकारिणः,नियुक्ताः,
राज्यमिच्छन्ति,:राज्यम्,इच्छन्ति,
भवेदिति,:भवेत्,इति,
गजसेनाया,वीरेषु,:गजसेनायाः,वीरेषु,
भेदभावा,निवारणीयास्तथा,:भेदभावाः,निवारणीयाः,तथा,
निवारणीयास्तथा,:निवारणीयाः,तथा,
राष्ट्रभावा,योजयितव्याः,:राष्ट्रभावाः,योजयितव्याः,
वीरा,वेतनभोगिनः,:वीराः,वेतनभोगिनः,
सन्तोऽपि,:सन्तः,अपि,
राष्ट्रभक्ता,विद्यन्ते,:राष्ट्रभक्ताः,विद्यन्ते,
भिन्ना,यद्यपि,:भिन्नाः,यद्यपि,
सैनिका,निश्चितं,:सैनिकाः,निश्चितं,
भावान्विता,भूरिशः,:भावान्विताः,भूरिशः,
विविधा,वीराश्च,:विविधाः,वीराः,च,
वीराश्च,:वीराः,च,
भक्तिरहो,:भक्तिः,अहो,
व्यर्थास्तु,:व्यर्थाः,तु,
साहसोत्साहा,राष्ट्रभावैः,:साहसोत्साहाः,राष्ट्रभावैः,
प्रवृत्तास्ते,:प्रवृत्ताः,ते,
तादृशा,राष्ट्रभक्ताः,:तादृशाः,राष्ट्रभक्ताः,
भारतीयास्तेऽमरपुत्रा,विद्यन्ते,:भारतीयाः,ते,अमरपुत्राः,विद्यन्ते,
योगैर्विवर्धिताः,:योगैः,विवर्धिताः,
गुणास्तेषां,:गुणाः,तेषां,
विशन्त्येव,:विशन्ति,एव,
वृक्षाणामिव,:वृक्षाणाम्,इव,
तत्परो,भवतु,:तत्परः,भवतु,
भवानर्थसिद्धये,:भवान्,अर्थसिद्धये,
यथाज्ञापयति,:यथा,आज्ञापयति,
सैनिकरीत्याभिवादनस्याभिनयं,:सैनिकरीत्या,अभिवादनस्य,अभिनयं,
तत्रानेके,:तत्र,अनेके,
वीरा,हस्तियुद्धविशारदा,हस्तियुद्धविशारदा,मम,:वीराः,हस्तियुद्धविशारदाः,हस्तियुद्धविशारदाः,मम,
प्राणदानेऽपि,:प्राणदाने,अपि,
सन्तीति,:सन्ति,इति,
कालाग्निसदृशा,भृशम्,:कालाग्निसदृशाः,भृशम्,
उपस्थितोऽस्मि,:उपस्थितः,अस्मि,
साम्प्रतमहमश्वसेनापतिं,:साम्प्रतम्,अहम्,अश्वसेनापतिं,
द्रष्टुमिच्छामि,:द्रष्टुम्,इच्छामि,
यथाज्ञापयति,:यथा,आज्ञापयति,
ममाश्वसेनायां,:मम,अश्वसेनायां,
प्रशिक्षिता,अश्वा,अश्वा,विद्यन्ते,:प्रशिक्षिताः,अश्वाः,अश्वाः,विद्यन्ते,
अश्वसैनिकाश्च,:अश्वसैनिकाः,च,
राजभक्तिर्वर्तते,:राजभक्तिः,वर्तते,
अश्वसेनापतिरत्र,:अश्वसेनापतिः,अत्र,
इदमासनमलङ्करोतु,:इदम्,आसनम्,अलङ्करोतु,
यदाज्ञापयति,:यत्,आज्ञापयति,
स्वनियोगमशून्यं,:स्वनियोगम्,अशून्यं,
यदाज्ञापयति,:यत्,आज्ञापयति,
प्रणमन्निष्क्रान्तः,:प्रणमन्,निष्क्रान्तः,
योग्योऽश्वविद्यायां,:योग्यः,अश्वविद्यायां,
समर्थो,विद्यते,:समर्थः,विद्यते,
ममाश्वसेनायां,:मम,अश्वसेनायां,
सहस्राधिका,अश्वा,अश्वा,विविधस्थानेभ्यः,:सहस्राधिकाः,अश्वाः,अश्वाः,विविधस्थानेभ्यः,
प्रशिक्षिता,द्रुतगामिनो,द्रुतगामिनो,बलिष्ठाश्च,:प्रशिक्षिताः,द्रुतगामिनः,द्रुतगामिनः,बलिष्ठाः,च,
बलिष्ठाश्च,:बलिष्ठाः,च,
प्रशिक्षितास्ते,:प्रशिक्षिताः,ते,
सर्वदैव,:सर्वदा,एव,
सज्जितास्तिष्ठन्ति,:सज्जिताः,तिष्ठन्ति,
अश्वसैनिका,अत्रस्थव्यवस्थया,:अश्वसैनिकाः,अत्रस्थव्यवस्थया,
नवेति,:नवा,इति,
अश्वसैनिका,अत्रस्थव्यवस्थया,:अश्वसैनिकाः,अत्रस्थव्यवस्थया,
प्राप्नुवन्त्येव,:प्राप्नुवन्ति,एव,
तेभ्यो,राजकीयपक्षतो,राजकीयपक्षतो,दीयन्ते,:तेभ्यः,राजकीयपक्षतः,राजकीयपक्षतः,दीयन्ते,
कीदृशीति,:कीदृशी,इति,
ज्ञातुमिच्छामि,:ज्ञातुम्,इच्छामि,
ममाश्वसैनिकाः,:मम,अश्वसैनिकाः,
पूर्णतो,राजभक्ता,राजभक्ता,विद्यन्ते,:पूर्णतः,राजभक्ताः,राजभक्ताः,विद्यन्ते,
प्राणानपि,:प्राणान्,अपि,
तत्परास्तिष्ठन्ति,:तत्पराः,तिष्ठन्ति,
वचोभिरित्थं,:वचोभिः,इत्थं,
प्राणप्रदानैर्वचनञ्च,:प्राणप्रदानैः,वचनं,च,
समागता,वीरा,वीरा,नियुक्ताः,:समागताः,वीराः,वीराः,नियुक्ताः,
ममाश्वसेनायां,:मम,अश्वसेनायां,
विशेषतो,जगदीशपुरस्य,:विशेषतः,जगदीशपुरस्य,
बनारसस्यालीढस्याजमगढस्य,:बनारसस्य,आलीढस्य,अजमगढस्य,
मथुराया,वीरा,वीरा,नियुक्ता,नियुक्ता,विद्यन्ते,:मथुरायाः,वीराः,वीराः,नियुक्ताः,नियुक्ताः,विद्यन्ते,
प्राणदानैरपि,:प्राणदानैः,अपि,
रक्षार्थमहो,:रक्षार्थम्,अहो,
शक्तिमन्तो,युद्धाग्निकुण्डे,:शक्तिमन्तः,युद्धाग्निकुण्डे,
कुशला,राजभक्ताश्च,:कुशलाः,राजभक्ताः,च,
राजभक्ताश्च,:राजभक्ताः,च,
सैनिकास्तथापि,:सैनिकाः,तथापि,
विवर्धनायाहर्निशं,:विवर्धनाय,अहर्निशं,
स,वाञ्छति,:सः,वाञ्छति,
अतस्तेन,:अतः,तेन,
युद्धस्याशंका,:युद्धस्य,आशंका,
तादृशा,भावा,भावा,वर्धनीया,:तादृशाः,भावाः,भावाः,वर्धनीया,
यैस्ते,:यैः,ते,
सफला,भवन्तु,:सफलाः,भवन्तु,
एकैको,वीरः,:एकैकः,वीरः,
समर्थस्तेषां,:समर्थः,तेषां,
क्षमो,विद्यते,:क्षमः,विद्यते,
भारतीयाश्च,:भारतीयाः,च,
कथमेतादृशा,न,:कथम्,एतादृशाः,न,
पूर्वजा,अधर्मनाशाय,:पूर्वजाः,अधर्मनाशाय,
रता,आसन्,:रताः,आसन्,
प्रभावो,न,:प्रभावः,न,
राष्ट्रभक्तिर्विद्यमाना,:राष्ट्रभक्तिः,विद्यमाना,
भवेदिति,:भवेत्,इति,
भवानर्थसिद्धये,:भवान्,अर्थसिद्धये,
यदाज्ञापयति,:यत्,आज्ञापयति,
सैनिकरीत्याऽभिवादनस्याभिनयं,:सैनिकरीत्या,अभिवादनस्य,अभिनयं,
ममाश्वसेनाऽपि,:मम,अश्वसेना,अपि,
अश्वसेनापतिस्तु,:अश्वसेनापतिः,तु,
दत्तावधानो,विद्यत,विद्यत,एव,:दत्तावधानः,विद्यते,विद्यते,एव,
येऽश्वारोहिणो,विद्यन्ते,:ये,अश्वारोहिणः,विद्यन्ते,
राज्यस्याऽस्य,:राज्यस्य,अस्य,
प्राणदानार्थमपि,:प्राणदानार्थम्,अपि,
यतो,हि,:यतः,हि,
वीरा,मे,:वीराः,मे,
बहवो,बलाणुघटितैरङगैर्भृशं,:बहवः,बलाणुघटितैः,अङगैः,भृशं,
बलाणुघटितैरङगैर्भृशं,:बलाणुघटितैः,अङगैः,भृशं,
प्रचण्डबलिनो,विक्रान्तमानान्विताः,:प्रचण्डबलिनः,विक्रान्तमानान्विताः,
शत्रुनिवहास्त्यक्त्वा,:शत्रुनिवहाः,त्यक्त्वा,
प्रविश्याञ्जलिं,:प्रविश्य,अञ्जलिं,
अत्रोपस्थितोऽस्मि,:अत्र,उपस्थितः,अस्मि,
द्रष्टुमिच्छामि,:द्रष्टुम्,इच्छामि,
यदाज्ञापयति,:यत्,आज्ञापयति,
रथसेनाऽपि,:रथसेना,अपि,
जागरणायोद्बोधनमावश्यकमस्ति,:जागरणाय,उद्बोधनम्,आवश्यकम्,अस्ति,
सन्देशस्तान्,:सन्देशः,तान्,
रथसेनापतिरत्र,:रथसेनापतिः,अत्र,
आसनमिदमलङ्करोतु,:आसनम्,इदम्,अलङ्करोतु,
यथाज्ञापयति,:यथा,आज्ञापयति,
स्वनियोगमशून्यं,:स्वनियोगम्,अशून्यं,
यदाज्ञापयति,:यत्,आज्ञापयति,
प्रणमन्निष्क्रान्तः,:प्रणमन्,निष्क्रान्तः,
रथसेनाया,निखिलं,:रथसेनायाः,निखिलं,
प्रभूता,वीरा,वीरा,रणकौशले,:प्रभूताः,वीराः,वीराः,रणकौशले,
निपुणा,विद्यन्ते,:निपुणाः,विद्यन्ते,
पञ्चाशद्रथा,युद्धोपकरणैः,:पञ्चाशत्,रथाः,युद्धोपकरणैः,
तत्परा,भवन्ति,:तत्पराः,भवन्ति,
प्रशिक्षिताश्चाश्वा,विद्यन्ते,:प्रशिक्षिताः,च,अश्वाः,विद्यन्ते,
सैनिकाश्चापि,:सैनिकाः,च,अपि,
चातीव,:च,अतीव,
निवसन्तो,वनवासिनो,वनवासिनो,जनाः,:निवसन्तः,वनवासिनः,वनवासिनः,जनाः,
कुशला,लक्ष्यभेदकाः,:कुशलाः,लक्ष्यभेदकाः,
त,एव,:ते,एव,
प्रशिक्षका,नियुक्ताः,:प्रशिक्षकाः,नियुक्ताः,
पुनश्चाधुनिकपद्धत्या,:पुनः,च,आधुनिकपद्धत्या,
कुशलप्रशिक्षकैर्दीयते,:कुशलप्रशिक्षकैः,दीयते,
वनवासिनस्तु,:वनवासिनः,तु,
दक्षा,विद्यन्ते,:दक्षाः,विद्यन्ते,
राजस्थाननिवासिनो,बाणप्रशिक्षका,बाणप्रशिक्षका,अपि,:राजस्थाननिवासिनः,बाणप्रशिक्षकाः,बाणप्रशिक्षकाः,अपि,
सुहृदो,वर्तन्ते,:सुहृदः,वर्तन्ते,
तेऽऽधुनिकपद्धत्या,:ते,आधुनिकपद्धत्या,
सैनिका,राष्ट्रं,:सैनिकाः,राष्ट्रं,
राजकीयसेवामेव,:राजकीयसेवाम्,एव,
इतोऽप्यधिकं,:इतोऽपि,अधिकं,
राष्ट्रभावभरिता,राज्यरक्षणे,:राष्ट्रभावभरिताः,राज्यरक्षणे,
संलग्ना,विद्यन्ते,:संलग्नाः,विद्यन्ते,
सैनिका,भिन्नदेशस्था,भिन्नदेशस्था,जातिधर्मे,:सैनिकाः,भिन्नदेशस्थाः,भिन्नदेशस्थाः,जातिधर्मे,
समानास्ते,:समानाः,ते,
प्रशिक्षिता,विद्यन्ते,:प्रशिक्षिताः,विद्यन्ते,
विषमायामपि,:विषमायाम्,अपि,
विषमायामपि,:विषमायाम्,अपि,
दुर्गमप्रदेशेऽपि,:दुर्गमप्रदेशे,अपि,
देवराजस्येन्द्रस्य,:देवराजस्य,इन्द्रस्य,
सदृशा,विद्यन्ते,:सदृशाः,विद्यन्ते,
रथो,गच्छति,:रथः,गच्छति,
सारथिर्यदि,:सारथिः,यदि,
रथो,नूनं,:रथः,नूनं,
कृष्णेनैव,:कृष्णेन,एव,
सारथिनस्तादृशाः,:सारथिनः,तादृशाः,
रथो,व्रजत्यतितरां,:रथः,व्रजति,अतितरां,
व्रजत्यतितरां,:व्रजति,अतितरां,
पुना,राजा,:पुनः,राजा,
दिलीपो,महान्,:दिलीपः,महान्,
सन्देशोऽयं,:सन्देशः,अयं,
राष्ट्ररक्षार्थभावा,ये,:राष्ट्ररक्षार्थभावाः,ये,
तेषामुन्नयनं,:तेषाम्,उन्नयनं,
सन्देशोऽयं,:सन्देशः,अयं,
प्रसारितो,भविष्यति,:प्रसारितः,भविष्यति,
भवानर्थसिद्धये,:भवान्,अर्थसिद्धये,
यदाज्ञापयति,:यत्,आज्ञापयति,
सैनिकरीत्याऽभिवादनस्याभिनयं,:सैनिकरीत्या,अभिवादनस्य,अभिनयं,
कुर्वन्निष्क्रान्तः,:कुर्वन्,निष्क्रान्तः,
रथसेनाऽपि,:रथसेना,अपि,
सैनिकाश्चापि,:सैनिकाः,च,अपि,
प्रविश्याञ्जलिं,:प्रविश्य,अञ्जलिं,
उपस्थितोऽस्मि,:उपस्थितः,अस्मि,
द्रष्टुमिच्छामि,:द्रष्टुम्,इच्छामि,
यत्+आज्ञापयति,:यत्,आज्ञापयति,
सहस्राधिकाश्चन्द्रहासचालने,:सहस्राधिकाः,चन्द्रहासचालने,
कुशला,वीरा,वीरा,विद्यन्ते,:कुशलाः,वीराः,वीराः,विद्यन्ते,
चापि,:च,अपि,
सहस्रशो,वीरा,वीरा,दक्षाः,:सहस्रशः,वीराः,वीराः,दक्षाः,
गुलिकाक्षेपणेऽभ्यस्ता,न्यूनतरा,न्यूनतरा,एव,:गुलिकाक्षेपणे,अभ्यस्ताः,न्यूनतराः,न्यूनतराः,एव,
वीरा,विद्यन्ते,:वीराः,विद्यन्ते,
पदातिसेनापतिरूपस्थितो,विद्यते,:पदातिसेनापतिः,उपस्थितः,विद्यते,
इदमासनमलङ्करोतु,:इदम्,आसनम्,अलङ्करोतु,
यदाज्ञापयति,:यत्,आज्ञापयति,
स्वनियोगमशून्यं,:स्वनियोगम्,अशून्यं,
यदाज्ञापयति,:यत्,आज्ञापयति,
प्रणमन्निष्क्रान्तः,:प्रणमन्,निष्क्रान्तः,
सैन्यविषयेऽनुभवो,नितरामत्यधिको,नितरामत्यधिको,वर्तते,:सैन्यविषये,अनुभवः,नितराम्,अत्यधिकः,नितराम्,अत्यधिकः,वर्तते,
पुनर्भवतां,:पुनः,भवतां,
सैनिकाश्चापि,:सैनिकाः,च,अपि,
कुशलिनश्च,:कुशलिनः,च,
प्रशिक्षिता,विद्यन्ते,:प्रशिक्षिताः,विद्यन्ते,
सहस्राधिकाश्चन्द्रहासचालने,:सहस्राधिकाः,चन्द्रहासचालने,
चतुरा,लक्षाधिकानामपि,:चतुराः,लक्षाधिकानाम्,अपि,
लक्षाधिकानामपि,:लक्षाधिकानाम्,अपि,
कृतेऽलं,:कृते,अलं,
सहस्राधिका,बाणसन्धाने,:सहस्राधिकाः,बाणसन्धाने,
प्रशिक्षिता,लक्षाधिकानां,:प्रशिक्षिताः,लक्षाधिकानां,
सैनिका,गदाचालने,:सैनिकाः,गदाचालने,
प्रशिक्षिता,भीमसदृशा,भीमसदृशा,विद्यन्ते,:प्रशिक्षिताः,भीमसदृशाः,भीमसदृशाः,विद्यन्ते,
अनेनैव,:अनेन,एव,
प्रशिक्षिताश्च,:प्रशिक्षिताः,च,
सर्वदैव,:सर्वदा,एव,
तत्परा,विद्यन्ते,:तत्पराः,विद्यन्ते,
शान्तिर्वर्तते,:शान्तिः,वर्तते,
अत्रान्तरिकशान्तिस्तु,:अत्रान्तरिकशान्तिः,तु,
दृष्टिर्मम,:दृष्टिः,मम,
राज्येऽपि,:राज्ये,अपि,
सैनिकास्तादृशाः,:सैनिकाः,तादृशाः,
भवेयुस्तर्हि,:भवेयुः,तर्हि,
सर्वदैव,:सर्वदा,एव,
समर्था,भविष्यन्ति,:समर्थाः,भविष्यन्ति,
सत्यमेव,:सत्यम्,एव,
सेनायामाग्नेयास्त्राणामभावो,विद्यते,:सेनायाम्,आग्नेयास्त्राणाम्,अभावः,विद्यते,
गुलिकाचालनप्रशिक्षणस्यापि,:गुलिकाचालनप्रशिक्षणस्य,अपि,
नास्ति,:न,अस्ति,
अतोऽद्यप्रभृत्यारभ्य,:अतः,अद्यप्रभृति,आरभ्य,
आग्नेयास्त्रशिक्षितानामपि,:आग्नेयास्त्रशिक्षितानाम्,अपि,
तथाऽत्रस्थाः,:तथा,अत्रस्थाः,
सैनिका,गुलिका,गुलिका,चालनेऽपि,:सैनिकाः,गुलिकाः,गुलिकाः,चालने,अपि,
चालनेऽपि,:चालने,अपि,
प्रशिक्षिता,भवेयुः,:प्रशिक्षिताः,भवेयुः,
गुलिकाया,भुसुण्ड्याश्च,:गुलिकायाः,भुसुण्ड्याः,च,
भुसुण्ड्याश्च,:भुसुण्ड्याः,च,
धनमपेक्षते,:धनम्,अपेक्षते,
अस्माद्,देशात्,:अस्मात्,देशात्,
प्रतिवेशिनो,राजानो,राजानो,विद्यन्ते,:प्रतिवेशिनः,राजानः,राजानः,विद्यन्ते,
राज्यस्यास्य,:राज्यस्य,अस्य,
प्रदत्तमिति,:प्रदत्तम्,इति,
भवतामौदार्यमेव,:भवताम्,औदार्यम्,एव,
व्यवस्थाऽपि,:व्यवस्था,अपि,
अवश्यमेवाग्नेयास्त्रदलस्य,:अवश्यम्,एव,आग्नेयास्त्रदलस्य,
राजकोषतो,धनस्य,:राजकोषतः,धनस्य,
जागरणमपि,:जागरणम्,अपि,
यतो,हि,:यतः,हि,
भेदनीत्याऽसौ,:भेदनीत्या,असौ,
सैन्यपद्धतिर्यद्यपि,:सैन्यपद्धतिः,यद्यपि,
समीचीनो,वर्तते,:समीचीनः,वर्तते,
विकासो,भवति,:विकासः,भवति,
समन्वितो,भवति,:समन्वितः,भवति,
चेद्,येषां,:चेत्,येषां,
कार्यमखिलं,:कार्यम्,अखिलं,
यैश्छद्मस्य,:यैः,छद्मस्य,
नीतिरहितेनाचर्य्यते,:नीतिरहितेन,आचर्य्यते,
मानवै,चान्ते,:मानवैः,च,अन्ते,
मूलरहिता,वृक्षा,वृक्षा,नदीनां,:मूलरहिताः,वृक्षाः,वृक्षाः,नदीनां,
अतस्तस्य,:अतः,तस्य,
दृष्टिर्दातव्या,:दृष्टिः,दातव्या,
सन्नद्धो,भवतु,:सन्नद्धः,भवतु,
शक्तिमर्जयतु,:शक्तिम्,अर्जयतु,
प्रतिकारो,भवेत्,:प्रतिकारः,भवेत्,
भवानर्थसिद्धये,:भवान्,अर्थसिद्धये,
यदाज्ञापयति,:यत्,आज्ञापयति,
कुर्वन्निष्क्रान्तः,:कुर्वन्,निष्क्रान्तः,
अश्वसेनायाश्च,:अश्वसेनायाः,च,
महत्त्वमधिकमस्ति,:महत्त्वम्,अधिकम्,अस्ति,
भृशमुपयुक्ता,:भृशम्,उपयुक्ता,
गजसेनाऽपि,:गजसेना,अपि,
रथसेनाया,उपयोगस्तु,:रथसेनायाः,उपयोगः,तु,
उपयोगस्तु,:उपयोगः,तु,
न्यूनमस्ति,:न्यूनम्,अस्ति,
रथसेनाऽपि,:रथसेना,अपि,
भृशमुपयुक्ताऽस्ति,:भृशम्,उपयुक्ता,अस्ति,
कालस्थानानुरूपमेव,:कालस्थानानुरूपम्,एव,
कर्त्तव्यो,भवति,:कर्त्तव्यः,भवति,
द्वितीयोऽङ्कः,:द्वितीयः,अङ्कः,
