पवित्रेऽस्मिन्,:पवित्रे,अस्मिन्,
कथमद्य,:कथम्,अद्य,
नोपस्थिताः,:न,उपस्थिताः,
प्रतिवर्षमद्यैव,:प्रतिवर्षम्,अद्यैव,
प्रतीयतेऽहमत्र,:प्रतीयते,अहम्,अत्र,
समागतोऽस्मि,:समागतः,अस्मि,
वादकाश्चागच्छन्त्येव,:वादकाः,च,आगच्छन्ति,एव,
कांस्यतालादिकञ्च,:कांस्यतालादिकं,च,
वादकागायकाश्च,:वादकागायकाः,च,
गातुमारभन्ते,:गातुम्,आरभन्ते,
पश्चात्तं,:पश्चात्,तं,
सर्वेऽनुकुर्वन्ति,:सर्वे,अनुकुर्वन्ति,
बहुभावैर्मित्रगणैः,:बहुभावैः,मित्रगणैः,
प्रशासकवृक्षस्तथा,:प्रशासकवृक्षः,तथा,
शासकवक्षविनिःसृतरक्तैर्यस्य,:शासकवक्षविनिःसृतरक्तैः,यस्य,
दुष्टानपि,:दुष्टान्,अपि,
सर्वेषामुपरि,:सर्वेषाम्,उपरि,
आरक्षिणस्तथा,:आरक्षिणः,तथा,
लघुवेत्रयष्टिञ्च,:लघुवेत्रयष्टिं,च,
तेषामेवाधिकारी,:तेषाम्,एव,अधिकारी,
सर्वानेतान्,:सर्वान्,एतान्,
वादकाश्चाङ्गलमारक्षिगणं,:वादकाः,चः,आङ्गलम्,आरक्षिगणं,
होलिकोत्सवावसरेऽस्मिन्,:होलिकोत्सवावसरे,अस्मिन्,
होलिकागानमपि,:होलिकागानम्,अपि,
प्रतिबन्धितमस्ति,:प्रतिबन्धितम्,अस्ति,
प्रतिवर्षमस्माभिः,:प्रतिवर्षम्,अस्माभिः,
भवद्भिर्होलिकायां,:भवद्भिः,होलिकायां,
वीरकुमरसिंहस्तु,:वीरकुमरसिंहः,तु,
सर्वत्रैव,:सर्वत्र,एव,
दुष्टानेव,:दुष्टान्,एव,
अपराधशून्यानामुपरि,:अपराधशून्यानाम्,उपरि,
कोऽप्यपरकुमरसिंहः,:कोऽपि,अपरकुमरसिंहः,
वीरकुमरसिंहस्तु,:वीरकुमरसिंहः,तु,
तदैव,:तदा,एव,
भवन्तोऽपि,:भवन्तः,अपि,
भवन्तोऽपि,:भवन्तः,अपि,
मार्गमेवानुसरन्ति,:मार्गम्,एव,अनुसरन्ति,
भवन्तोऽपि,:भवन्तः,अपि,
होलिकायामस्यां,:होलिकायाम्,अस्यां,
तस्यैव,:तस्य,एव,
प्रकाशयामस्तदा,:प्रकाशयामः,तदा,
किमत्याहितम्,:किम्,अत्याहितम्,
वीरकुमरसिंहस्तु,:वीरकुमरसिंहः,तु,
सत्यप्रकाशनतत्परोऽस्माकं,:सत्यप्रकाशनतत्परः,अस्माकं,
भवन्तोऽपि,:भवन्तः,अपि,
सत्वरमेव,:सत्वरम्,एव,
वादकाश्च,:वादकाः,च,
क्रान्तिकारिणश्च,:क्रान्तिकारिणः,च,
यदाज्ञापयति,:यत्,आज्ञापयति,
निबद्धुमिच्छन्ति,:निबद्धुम्,इच्छन्ति,
आरक्षिणस्तान्,:आरक्षिणः,तान्,
एनानारक्षिकेन्द्रे,:एनान्,आरक्षिकेन्द्रे,
भविष्यन्तीमे,:भविष्यन्ति,इमे,
यदादिशति,:यत्,आदिशति,
ममागमने,:मम,आगमने,
विलम्बेनोत्थितोऽहं,:विलम्बेन,उत्थितः,अहं,
शीघ्रमेवात्रागतोऽस्मि,:शीघ्रमेव,अत्र,आगतः,अस्मि,
विलम्बस्तु,:विलम्बः,तु,
शीघ्रमेवासनव्यवस्था,:शीघ्रमेव,आसनव्यवस्था,
भाग्यमेवेदृशम्,:भाग्यम्,एव,ईदृशम्,
अहंत्वत्र,:अहं,तु,अत्र,
तदानीमेव,:तदानीम्,एव,
पत्रस्योपरि,:पत्रस्य,उपरि,
ययाऽहं,:यया,अहं,
मादृशामल्पवेतनभोगीनां,:मादृशाम्,अल्पवेतनभोगीनां,
यन्मम,:यत्,मम,
न्यायाधीशस्तु,:न्यायाधीशः,तु,
मुखस्याभा,:मुखस्य,आभा,
वस्त्रकोषञ्च,:वस्त्रकोषं,च,
कुबेरस्येव,:कुबेरस्य,एव,
तत्तु,:तत्,तु,
द्रव्याणामेव,:द्रव्याणाम्,एव,
क्रीतमस्ति,:क्रीतम्,अस्ति,
किञ्चिद्विचार्य,:किञ्चित्,विचार्य,
ममेदं,:मम,इदं,
ममाधिकारिणोऽपि,:मम,अधिकारिणः,अपि,
हरिद्व्यञ्जनान्यहमेव,:हरिद्व्यञ्जनानि,अहमेव,
पत्न्यस्तु,:पत्न्यः,तु,
जानन्त्येव,:जानन्ति,एव,
किञ्चिद्विचार्य,:किञ्चित्,विचार्य,
तद्द्रव्यं,:तत्,द्रव्यं,
नाधिकं,:न,अधिकं,
यावत्तिष्ठति,:यावत्,तिष्ठति,
कानिचित्पत्न्याः,:कानिचित्,पत्न्याः,
कानिचित्चिकित्सायाञ्च,:कानिचित्,चिकित्सायां,च,
भृशमासक्ता,:भृशम्,आसक्ता,
नेदं,:न,इदं,
ज्ञात्वाऽपि,:ज्ञात्वा,अपि,
न्यायाधीशस्यासनस्याधोभागे,:न्यायाधीशस्य,आसनस्य,अधोभागे,
स्वकीयनियतासन्द्यामुपविशति,:स्वकीयनियतासन्द्याम्,उपविशति,
नेत्रयोरुपनेत्रं,:नेत्रयोः,उपनेत्रं,
पठनस्याभिनयं,:पठनस्य,अभिनयं,
सर्वाण्यासनानि,:सर्वाणि,आसनानि,
बहिर्द्वारम्,:बहिः,द्वारम्,
मान्यन्यायाधीशमहोदयोऽपि,:मान्यन्यायाधीशमहोदयः,अपि,
शीघ्रमेवागमिष्यति,:शीघ्रमेव,आगमिष्यति,
यदाज्ञापयति,:यत्,आज्ञापयति,
बहिर्द्वारमुद्घाटयितुमभिनयति,:बहिः,द्वारम्,उद्घाटयितुम्,अभिनयति,
प्रतिवादिनोऽपि,:प्रतिवादिनः,अपि,
तत्रैवागत्य,:तत्रैव,आगत्य,
कार्यमारभ्यते,:कार्यम्,आरभ्यते,
सत्वरमेव,:सत्वरम्,एव,
तस्याग्रे,:तस्य,अग्रे,
द्रष्टुमभिनयति,:द्रष्टुम्,अभिनयति,
कथमारक्षिणोऽधिकारिणः,:कथम्,आरक्षिणः,अधिकारिणः,
पोपटस्याभियोगः,:पोपटस्य,अभियोगः,
अभियोगस्योपस्थापनाय,:अभियोगस्य,उपस्थापनाय,
आरक्षिणोऽधिकारिणं,:आरक्षिणः,अधिकारिणं,
अभियोगस्योपस्थापनाय,:अभियोगस्य,उपस्थापनाय,
यदाज्ञापयति,:यत्,आज्ञापयति,
शीघ्रमागम्य,:शीघ्रम्,आगम्य,
अहमस्मि,:अहम्,अस्मि,
अभियोगस्योपस्थापकः,:अभियोगस्य,उपस्थापकः,
स्वासनादुत्थाय,:स्वासनात्,उत्थाय,
इदमस्ति,:इदम्,अस्ति,
द्रष्टुमभिनयं,:द्रष्टुम्,अभिनयं,
शपथपत्रमत्रानेनोपस्थापितम्,:शपथपत्रम्,अत्र,अनेन,उपस्थापितम्,
वादस्योपस्थापनायादेशस्य,:वादस्य,उपस्थापनाय,आदेशस्य,
वादस्योपस्थापनाय,:वादस्य,उपस्थापनाय,
यदस्ति,:यत्,अस्ति,
पक्षोपस्थापनायाधिवक्ता,:पक्षोपस्थापनाय,अधिवक्ता,
पत्रमेकं,:पत्रम्,एकं,
शपथपत्रमर्पितम्,:शपथपत्रम्,अर्पितम्,
पक्षोपस्थापनायादेशस्य,:पक्षोपस्थापनाय,आदेशस्य,
पक्षोपस्थापनायाऽपि,:पक्षोपस्थापनाय,अपि,
पक्षमुपस्थापयतु,:पक्षम्,उपस्थापयतु,
पक्षीयस्यारक्षिणः,:पक्षीयस्य,आरक्षिणः,
पोपटस्याभियोगोऽस्ति,:पोपटस्य,अभियोगः,अस्ति,
अस्मिन्नभियोगविषये,:अस्मिन्,अभियोगविषये,
विषयेऽस्मिन्नहमारक्षिपदाधिकारिणं,:विषये,अस्मिन्,अहम्,आरक्षिपदाधिकारिणं,
प्रष्टुमिच्छामि,:प्रष्टुम्,इच्छामि,
बाइबिलस्योपरि,:बाइबिलस्य,उपरि,
यदहं,:यत्,अहं,
सत्यमतिरिच्य,:सत्यम्,अतिरिच्य,
बाइबिलस्योपरि,:बाइबिलस्य,उपरि,
यदहं,:यत्,अहं,
सत्यमतिरिच्य,:सत्यम्,अतिरिच्य,
पितुर्नाम,:पितुः,नाम,
किमस्ति,:किम्,अस्ति,
पितुर्नाम,:पितुः,नाम,
नूनमेवास्य,:नूनम्,एव,अस्य,
मातुर्नाम,:मातुः,नाम,
मातुर्नाम,:मातुः,नाम,
किमस्ति,:किम्,अस्ति,
पितुर्नाम,:पितुः,नाम,
मातुर्नाम,:मातुः,नाम,
मातृर्नामकथनं,:मातुः,नामकथनं,
व्यर्थमेव,:व्यर्थम्,एव,
वाऽसौ,:वा,असौ,
नेच्छति,:न,इच्छति,
स्वमातुर्नाम,:स्वमातुः,नाम,
यस्यामुपरि,:यस्याम्,उपरि,
आरक्षिपदाधिकारीति,:आरक्षिपदाधिकारी,इति,
अङ्कितमस्ति,:अङ्कितम्,अस्ति,
भवतामायुः,:भवताम्,आयुः,
किमस्ति,:किम्,अस्ति,
ममायुः,:मम,आयुः,
विधायानेकानाङ्गलसैनिकान्,:विधाय,अनेकान्,आङ्गलसैनिकान्,
पार्श्वेऽस्मिन्,:पार्श्वे,अस्मिन्,
प्रमाणमस्ति,:प्रमाणम्,अस्ति,
तेनैव,:तेन,एव,
लेखनस्याभिनयं,:लेखनस्यः,अभिनयं,
अङ्कितमत्र,:अङ्कितम्,अत्र,
अहमस्मि,:अहम्,अस्मि,
किमहमसत्यं,:किम्,अहम्,असत्यं,
चण्डकमहोदयेनाऽभियोगे,:चण्डकमहोदयेन,अभियोगे,
विधायानेके,:विधाय,अनेके,
नागरिकास्तेनैव,:नागरिकाः,तेन,एव,
विद्रोहिणस्तेनैव,:विद्रोहिणः,तेन,एव,
इत्यत्रापि,:इत्यत्र,अपि,
किमसङ्गतमस्ति,:किम्,असङ्गतम्,अस्ति,
सन्तीति,:सन्ति,इति,
कथनमेवासङ्गतमस्ति,:कथनम्,एव,असङ्गतम्,अस्ति,
वर्णयन्तस्ते,:वर्णयन्तः,ते,
जयकारमपि,:जयकारम्,अपि,
विचारमुपस्थापयितुं,:विचारम्,उपस्थापयितुं,
चण्डकोऽत्र,:चण्डकः,अत्र,
व्यवधानमुपस्थापयति,:व्यवधानम्,उपस्थापयति,
चण्डकस्तस्य,:चण्डकः,तस्य,
विचारदानायादिष्टः,:विचारदानाय,आदिष्टः,
विचारमग्रे,:विचारम्,अग्रे,
भारतीयोऽस्मि,:भारतीयः,अस्मि,
ग्रामेऽपि,:ग्रामे,अपि,
अधिवक्तुश्चण्डकस्य,:अधिवक्तुः,चण्डकस्य,
कथनेनैव,:कथनेन,एव,
विद्रोहिणोऽतस्ते,:विद्रोहिणः,अतः,ते,
नासन्,:न,आसन्,
विफलीकृतमनेन,:विफलीकृतम्,अनेन,
विपक्षस्यैव,:विपक्षस्य,एव,
सर्वकारस्याधिवक्त्रा,:सर्वकारस्य,अधिवक्त्रा,
विचारमेव,:विचारम्,एव,
नाऽहं,:न,अहं,
यथार्थमेव,:यथार्थम्,एव,
वाऽसत्यस्य,:वा,असत्यस्य,
धनादिलाभायासत्यमेव,:धनादिलाभाय,असत्यम्,एव,
कलङ्कितोऽधिवक्ता,:कलङ्कितः,अधिवक्ता,
पूर्वमेवाधिवक्तुः,:पूर्वमेव,अधिवक्तुः,
महाधिवक्तुश्चण्डकस्य,:महाधिवक्तुः,चण्डकस्य,
नियुक्तिर्महामान्येन,:नियुक्तिः,महामान्येन,
पुनश्चण्डकस्तु,:पुनः,चण्डकः,तु,
सर्वकारस्याधिवक्ता,:सर्वकारस्य,अधिवक्ता,
पोपटश्चण्डकमसत्याय,:पोपटः,चण्डकम्,असत्याय,
लेखनस्याभिनयं,:लेखनस्य,अभिनयं,
भारतीयपरम्परेति,:भारतीयपरम्परा,इति,
विवादस्याग्रे,:विवादस्य,अग्रे,
कथनमुपस्थापयतु,:कथनम्,उपस्थापयतु,
विधायानेके,:विधाय,अनेके,
पूर्वमेवाऽनेन,:पूर्वमेव,अनेन,
नास्ति,:न,अस्ति,
पुनर्न्यायालये,:पुनः,न्यायालये,
पञ्जिकासूच्यामस्ति,:पञ्जिकासूच्याम्,अस्ति,
कोऽप्यभियोगस्तत्सम्बद्धः,:कोऽपि,अभियोगः,तत्सम्बद्धः,
लम्बितामभियोगसूचीं,:लम्बिताम्,अभियोगसूचीं,
द्रष्टुमभिनयति,:द्रष्टुम्,अभिनयति,
कोऽप्यभियोगः,:कोऽपि,अभियोगः,
लेखनस्याभिनयं,:लेखनस्य,अभिनयं,
अस्याऽभियोगस्य,:अस्यः,अभियोगस्य,
अस्याभियोगस्यैकः,:अस्य,अभियोगस्य,एकः,
प्रष्टव्यमस्ति,:प्रष्टव्यम्,अस्ति,
प्रष्टुमिच्छामि,:प्रष्टुम्,इच्छामि,
गाडरमाह्वय,:गाडरम्,आह्वय,
यदाज्ञापयति,:यत्,आज्ञापयति,
मञ्चमारुह्य,:मञ्चम्,आरुह्य,
अहमुपस्थितोऽस्मि,:अहम्,उपस्थितः,अस्मि,
बाइबिलस्योपरि,:बाइबिलस्य,उपरि,
यदहं,:यत्,अहं,
सत्यमतिरिच्य,:सत्यम्,अतिरिच्य,
बाइबिलस्योपरि,:बाइबिलस्य,उपरि,
यदहं,:यत्,अहं,
सत्यमतिरिच्य,:सत्यम्,अतिरिच्य,
किन्नाम,:किं,नाम,
पितुर्नाम,:पितुः,नाम,
किमस्ति,:किम्,अस्ति,
पितुर्नाम,:पितुः,नाम,
किमस्ति,:किम्,अस्ति,
वर्षीयोऽस्मि,:वर्षीयः,अस्मि,
नाऽहं,:न,अहं,
यदसावेव,:यत्,असौ,एव,
यदसौ,:यत्,असौ,
यदिदं,:यत्,इदं,
तस्यैव,:तस्य,एव,
एवाऽहं,:एव,अहं,
कोऽस्ति,:कः,अस्ति,
यस्तं,:यः,तं,
नाऽहं,:न,अहं,
यदहं,:यत्,अहं,
लेखनस्याभिनयं,:लेखनस्य,अभिनयं,
मयेदमपि,:मया,इदमपि,
नागरिकास्तेन,:नागरिकाः,तेन,
मोचितास्तथा,:मोचिताः,तथा,
वञ्चिताश्च,:वञ्चिताः,च,
तदैव,:तदा,एव,
छायायामस्माकं,:छायायाम्,अस्माकं,
मोदकभक्षणानन्तरमेव,:मोदकभक्षणानन्तरम्,एव,
पश्यामस्तदा,:पश्यामः,तदा,
त्रयोऽपि,:त्रयः,अपि,
नागरिकास्तत्र,:नागरिकाः,तत्र,
नासन्,:न,आसन्,
भवद्भिर्द्रव्यं,:भवद्भिः,द्रव्यं,
ददतीति,:ददति,इति,
प्रभावादेवाऽस्मभ्यं,:प्रभावात्,एव,अस्मभ्यं,
विनैव,:विना,एव,
लेखनस्याभिनयं,:लेखनस्य,अभिनयं,
मयेदमपि,:मया,इदमपि,
पुनस्तत्रोत्थाय,:पुनः,तत्र,उत्थाय,
नासन्निति,:न,आसन्,इति,
बन्धनरज्जुरेव,:बन्धनरज्जुः,एव,
पतितमासीत्,:पतितम्,आसीत्,
किमन्ये,:किम्,अन्ये,
जनास्तत्रासन्,:जनाः,तत्र,आसन्,
चिन्तनस्याभिनयं,:चिन्तनस्य,अभिनयं,
यदहं,:यत्,अहं,
गमनशीलाननेकान्,:गमनशीलान्,अनेकान्,
बन्धनशून्यत्वमवश्यकम्,:बन्धनशून्यत्वम्,अवश्यकम्,
नापसरति,:न,अपसरति,
मायायामेव,:मायायाम्,एव,
निमज्जितास्तिष्ठन्ति,:निमज्जिताः,तिष्ठन्ति,
पश्याम्यहं,:पश्यामि,अहं,
पाशैर्बन्धान्,:पाशैः,बन्धान्,
यत्तेषां,:यत्,तेषां,
बन्धनरज्जुरत्रैव,:बन्धनरज्जुः,अत्रैव,
निपतितमस्ति,:निपतितम्,अस्ति,
विनैव,:विना,एव,
किमभिहितम्,:किम्,अभिहितम्,
निगृहीतुमिच्छामः,:निगृहीतुम्,इच्छामः,
मार्गात्त्वं,:मार्गात्,त्वं,
आसीदिति,:आसीत्,इति,
यदीदृशं,:यत्,ईदृशं,
कुमरसिंहादृते,:कुमरसिंहात्,ऋते,
अनुमानोऽज्ञानाधारितोऽस्ति,:अनुमानः,अज्ञानाधारितः,अस्ति,
कथनमिदं,:कथनम्,इदं,
लेखनस्याभिनयं,:लेखनस्य,अभिनयं,
मयेदं,:मया,इदं,
नास्ति,:न,अस्ति,
गाडरेणापि,:गाडरेण,अपि,
तथ्यमस्माकं,:तथ्यम्,अस्माकं,
नोपस्थापितम्,:न,उपस्थापितम्,
कथनीयमस्ति,:कथनीयम्,अस्ति,
तथ्यमिदं,:तथ्यम्,इदं,
किमहं,:किम्,अहं,
नास्ति,:न,अस्ति,
भुङ्क्त्वापि,:भुङ्क्त्वा,अपि,
स्थापितवानिति,:स्थापितवान्,इति,
विषयेऽहं,:विषये,अहं,
नूनमेवाङ्ग्लाधिकारिणे,:नूनम्,एव,आङ्ग्लाधिकारिणे,
प्रमाणानुसारमेव,:प्रमाणानुसारम्,एव,
प्रमाणमेव,:प्रमाणम्,एव,
प्रमाणमपि,:प्रमाणम्,अपि,
नोपस्थापितम्,:न,उपस्थापितम्,
साक्षीवचनेनाप्रमाणितोऽधिवक्तुः,:साक्षीवचनेन,अप्रमाणितः,अधिवक्तुः,
तर्कानुसारञ्चास्मिन्नभियोगे,:तर्कानुसारं,च,अस्मिन्,अभियोगे,
न्यायालयस्यादेशः,:न्यायालयस्य,आदेशः,
स्वासनादुत्थाय,:स्वासनात्,उत्थाय,
सहाङ्ग्लसैनिकानां,:सह,आङ्ग्लसैनिकानां,
कुमरसिंहश्चन्द्रहासं,:कुमरसिंहः,चन्द्रहासं,
तच्क्षेत्रं,:तत्,क्षेत्रं,
शून्यमेव,:शून्यम्,एव,
किञ्चिद्विचार्य,:किञ्चित्,विचार्य,
उच्चस्वरेणाह्वयति,:उच्चस्वरेण,आह्वयति,
अहमत्रागतोऽस्मि,:अहम्,अत्र,आगतः,अस्मि,
कालस्त्वामन्विष्यामि,:कालः,त्वाम्,अन्विष्यामि,
किन्निमित्तं,:किं,निमित्तं,
मामन्विष्यसि,:माम्,अन्विष्यसि,
मयाऽपि,:मया,अपि,
बाणप्रक्षेपैराङ्ग्लसैनिकानामुत्साहमत्रोटयत्,:बाणप्रक्षेपैः,आङ्ग्लसैनिकानाम्,उत्साहम्,अत्रोटयत्,
कथमाङ्ग्लसैनिकानामुत्साहं,:कथम्,आङ्ग्लसैनिकानाम्,उत्साहं,
छोटानागपुरस्यानेके,:छोटानागपुरस्य,अनेके,
स्वकीयैस्तीक्ष्णबाणैः,:स्वकीयैः,तीक्ष्णबाणैः,
कुमरसिंहस्याश्वसेना,:कुमरसिंहस्य,अश्वसेना,
युद्धेऽस्मिन्,:युद्धे,अस्मिन्,
अश्वमधिरूह्य,:अश्वम्,अधिरूह्य,
कोषादाकृष्य,:कोषात्,आकृष्य,
तिष्ठन्नश्वस्य,:तिष्ठन्,अश्वस्य,
द्रुततुरगमनैर्व्याहनत्,:द्रुततुरगमनैः,व्याहनत्,
त्यक्त्वाङ्ग्लवीराः,:त्यक्त्वा,आङ्ग्लवीराः,
शीघ्रमेवाङ्ग्लसैनिकान्,:शीघ्रमेव,आङ्ग्लसैनिकान्,
नंक्ष्यति+इति,:नंक्ष्यति,इति,
सेनाऽग्रे,:सेना,अग्रे,
कुमरसिंहोऽवश्यमेव,:कुमरसिंहः,अवश्यम्,एव,
लोभाभिभूतास्ते,:लोभाभिभूताः,ते,
पुनस्तदा,:पुनः,तदा,
चाङ्ग्लानां,:च,आङ्ग्लानां,
विनैव,:विना,एव,
किमत्याहितम्,:किम्,अत्याहितम्,
वीरकुमरसिंहश्चन्द्रहासचालनैः,:वीरकुमरसिंहः,चन्द्रहासचालनैः,
प्रहारैश्च,:प्रहारैः,च,
शत्रुसैनिकाननेकान्,:शत्रुसैनिकान्,अनेकान्,
व्याप्तोऽभवत्तथा,:व्याप्तः,अभवत्,तथा,
प्रलयमुत्पादयामास,:प्रलयम्,उत्पादयामास,
तदानीमस्य,:तदानीम्,अस्य,
रुधिरान्वितास्ते,:रुधिरान्विताः,ते,
सेनायामाग्नेयास्त्रस्य,:सेनायाम्,आग्नेयास्त्रस्य,
परिणामतस्तेषां,:परिणामतः,तेषां,
कुमरसिंहस्यानेके,:कुमरसिंहस्य,अनेके,
व्रणयुक्ताश्चाभवन्,:व्रणयुक्ताः,च,अभवन्,
आग्नेयास्त्रसम्पन्नैराङ्ग्लसैनिकैः,:आग्नेयास्त्रसम्पन्नैः,आङ्ग्लसैनिकैः,
स्थितिस्तु,:स्थितिः,तु,
नूनमेव,:नूनम्,एव,
यदेकाक्येव,:यत्,एकाक्येव,
वीरवरोऽसौ,:वीरवरः,असौ,
यदयं,:यत्,अयं,
अतस्तस्य,:अतः,तस्य,
गमनमुचितमस्तीति,:गमनम्,उचितम्,अस्ति,इति,
किमभवत्,:किम्,अभवत्,
यदसौ,:यत्,असौ,
पीडितोऽपि,:पीडितः,अपि,
पीडितोऽपि,:पीडितः,अपि,
प्राणानविगणयन्तोऽपि,:प्राणान्,अविगणयन्तः,अपि,
धर्मस्यामरत्वं,:धर्मस्य,अमरत्वं,
धर्मस्तु,:धर्मः,तु,
पञ्चत्वमापन्ने,:पञ्चत्वम्,आपन्ने,
ह्येकोऽविनश्वरः,:हि,एकः,अविनश्वरः,
यद्वीराणां,:यत्,वीराणां,
कैवर्तश्च,:कैवर्तः,च,
सम्प्रत्यहं,:सम्प्रति,अहं,
त्वमेवासि,:त्वमेव,असि,
त्वमेवासि,:त्वमेव,असि,
त्वमेवासि,:त्वमेव,असि,
त्वमेवासि,:त्वमेव,असि,
त्वमेवासि,:त्वमेव,असि,
जयेनैव,:जयेन,एव,
जयेनैव,:जयेन,एव,
तापराहित्यमेवं,:तापराहित्यम्,एवं,
परितोऽनेके,:परितः,अनेके,
कैवर्तोऽपि,:कैवर्तः,अपि,
तदाऽहं,:तदा,अहं,
समर्थोऽस्मि,:समर्थः,अस्मि,
निजोत्थितैस्तरङ्गैर्बलिं,:निजोत्थितैः,तरङ्गैः,बलिं,
पवित्रजलैस्तस्याभिषेकं,:पवित्रजलैः,तस्याभिषेकं,
पुनश्च,:पुनः,च,
तरङ्गध्वनिर्भवति,:तरङ्गध्वनिः,र्भवति,
दूषितमपि,:दूषितम्,अपि,
प्राप्याहं,:प्राप्य,अहं,
प्रसन्नाऽस्मि,:प्रसन्ना,अस्मि,
प्रसन्नाऽसि,:प्रसन्ना,असि,
भारतोऽपि,:भारतः,अपि,
ध्वनिर्भवति,:ध्वनिः,भवति,
पञ्चमोऽङ्कः,:पञ्चमः,अङ्कः,
