होलिकोत्सवो,विद्यते,:होलिकोत्सवः,विद्यते,
पवित्रेऽस्मिन्,:पवित्रे,अस्मिन्,
कथमद्य,:कथम्,अद्य,
होलिकागायका,अत्र,:होलिकागायकाः,अत्र,
नोपस्थिताः,:न,उपस्थिताः,
प्रतिवर्षमद्यैव,:प्रतिवर्षम्,अद्यैव,
होलिकाया,आयोजनं,:होलिकायाः,आयोजनं,
प्रतीयतेऽहमत्र,:प्रतीयते,अहम्,अत्र,
समागतोऽस्मि,:समागतः,अस्मि,
गायका,वादकाश्चागच्छन्त्येव,:गायकाः,वादकाः,च,आगच्छन्ति,एव,
वादकाश्चागच्छन्त्येव,:वादकाः,च,आगच्छन्ति,एव,
कांस्यतालादिकञ्च,:कांस्यतालादिकं,च,
वादकागायकाश्च,:वादकागायकाः,च,
गातुमारभन्ते,:गातुम्,आरभन्ते,
पोटलिकातो,गुलालं,:पोटलिकातः,गुलालं,
ध्वनिस्तीव्रतरो,भवति,:ध्वनिः,तीव्रतरः,भवति,
पश्चात्तं,:पश्चात्,तं,
सर्वेऽनुकुर्वन्ति,:सर्वे,अनुकुर्वन्ति,
बहुभावैर्मित्रगणैः,:बहुभावैः,मित्रगणैः,
वीरकुमरसिंहो,रणवीरो,रणवीरो,भाले,:वीरकुमरसिंहः,रणवीरः,रणवीरः,भाले,
सुपुत्रो,नरसिंहो,नरसिंहो,बलशाली,:सुपुत्रः,नरसिंहः,नरसिंहः,बलशाली,
प्रशासकवृक्षस्तथा,:प्रशासकवृक्षः,तथा,
शासकवक्षविनिःसृतरक्तैर्यस्य,:शासकवक्षविनिःसृतरक्तैः,यस्य,
दृढकवचैर्युक्तो,गौरवशाली,:दृढकवचैः,युक्तः,गौरवशाली,
दुष्टानपि,:दुष्टान्,अपि,
वीरकुमरसिंहो,रणवीरः,:वीरकुमरसिंहः,रणवीरः,
पोटलिकातो,गुलालं,:पोटलिकातः,गुलालं,
सर्वेषामुपरि,:सर्वेषाम्,उपरि,
आरक्षिणस्तथा,:आरक्षिणः,तथा,
लघुवेत्रयष्टिञ्च,:लघुवेत्रयष्टिं,च,
तेषामेवाधिकारी,:तेषाम्,एव,अधिकारी,
सर्वानेतान्,:सर्वान्,एतान्,
गायका,वादकाश्चाङ्गलमारक्षिगणं,:गायकाः,वादकाः,चः,आङ्गलम्,आरक्षिगणं,
वादकाश्चाङ्गलमारक्षिगणं,:वादकाः,चः,आङ्गलम्,आरक्षिगणं,
होलिकोत्सवावसरेऽस्मिन्,:होलिकोत्सवावसरे,अस्मिन्,
भवन्तो,गायन्ति,:भवन्तः,गायन्ति,
भवन्तो,विद्रोहिणः,:भवन्तः,विद्रोहिणः,
होलिकागानमपि,:होलिकागानम्,अपि,
प्रतिबन्धितमस्ति,:प्रतिबन्धितम्,अस्ति,
प्रतिवर्षमस्माभिः,:प्रतिवर्षम्,अस्माभिः,
होलिकाया,आयोजनं,:होलिकायाः,आयोजनं,
भवद्भिर्होलिकायां,:भवद्भिः,होलिकायां,
शताधिका,आङ्ग्लसैनिकाः,:शताधिकाः,आङ्ग्लसैनिकाः,
वीरकुमरसिंहस्तु,:वीरकुमरसिंहः,तु,
सर्वत्रैव,:सर्वत्र,एव,
स,दुष्टानेव,:सः,दुष्टान्,एव,
दुष्टानेव,:दुष्टान्,एव,
अपराधशून्यानामुपरि,:अपराधशून्यानाम्,उपरि,
कोऽप्यपरकुमरसिंहः,:कोऽपि,अपरकुमरसिंहः,
को,वर्तते,:कः,वर्तते,
स,निवसति,:सः,निवसति,
वीरकुमरसिंहस्तु,:वीरकुमरसिंहः,तु,
यत्रात्याचारो,विवर्धते,:यत्र,अत्याचारः,विवर्धते,
तदैव,:तदा,एव,
प्रस्तुतो,भवति,:प्रस्तुतः,भवति,
स,एव,:सः,एव,
कुमरसिंहो,वर्तते,:कुमरसिंहः,वर्तते,
कुमरसिंहो,विद्रोही,:कुमरसिंहः,विद्रोही,
भवन्तोऽपि,:भवन्तः,अपि,
भवन्तोऽपि,:भवन्तः,अपि,
मार्गमेवानुसरन्ति,:मार्गम्,एव,अनुसरन्ति,
स,तु,:सः,तु,
विरोध,एव,:विरोधे,एव,
भवन्तोऽपि,:भवन्तः,अपि,
होलिकायामस्यां,:होलिकायाम्,अस्यां,
तस्यैव,:तस्य,एव,
दोषो,भवति,:दोषः,भवति,
नूनमेवाङ्ग्लशासको,भारतीयान्,:नूनम्,एव,आङ्ग्लशासकः,भारतीयान्,
भुजगा,यथा,:भुजगाः,यथा,
यत्नवन्तो,गीतिकायां,:यत्नवन्तः,गीतिकायां,
प्रकाशयामस्तदा,:प्रकाशयामः,तदा,
किमत्याहितम्,:किम्,अत्याहितम्,
वीरकुमरसिंहस्तु,:वीरकुमरसिंहः,तु,
सत्यप्रकाशनतत्परोऽस्माकं,:सत्यप्रकाशनतत्परः,अस्माकं,
भवन्तोऽपि,:भवन्तः,अपि,
सत्वरमेव,:सत्वरम्,एव,
गायका,वादकाश्च,:गायकाः,वादकाः,च,
वादकाश्च,:वादकाः,च,
कुमरसिंहो,विजयते,:कुमरसिंहः,विजयते,
क्रान्तिकारिणश्च,:क्रान्तिकारिणः,च,
यदाज्ञापयति,:यत्,आज्ञापयति,
निबद्धुमिच्छन्ति,:निबद्धुम्,इच्छन्ति,
आरक्षिणस्तान्,:आरक्षिणः,तान्,
त्रयो,निबद्धा,निबद्धा,अन्ये,:त्रयः,निबद्धाः,निबद्धाः,अन्ये,
दण्डप्रहारैस्ताड्यमाना,अपि,:दण्डप्रहारैः,ताड्यमानाः,अपि,
एनानारक्षिकेन्द्रे,:एनान्,आरक्षिकेन्द्रे,
निगडायिता,भविष्यन्तीमे,:निगडायिताः,भविष्यन्ति,इमे,
भविष्यन्तीमे,:भविष्यन्ति,इमे,
यदादिशति,:यत्,आदिशति,
बद्धुमभिनयन्तो,निष्क्रान्ताः,:बद्धुम्,अभिनयन्तः,निष्क्रान्ताः,
ममागमने,:मम,आगमने,
विलम्बो,जातः,:विलम्बः,जातः,
विलम्बेनोत्थितोऽहं,:विलम्बेन,उत्थितः,अहं,
शीघ्रमेवात्रागतोऽस्मि,:शीघ्रमेव,अत्र,आगतः,अस्मि,
विलम्बस्तु,:विलम्बः,तु,
जात,एव,:जातः,एव,
शीघ्रमेवासनव्यवस्था,:शीघ्रमेव,आसनव्यवस्था,
गृहकार्य,एव,:गृहकार्ये,एव,
व्यस्ता,भवन्ति,:व्यस्ताः,भवन्ति,
भाग्यमेवेदृशम्,:भाग्यम्,एव,ईदृशम्,
अहंत्वत्र,:अहं,तु,अत्र,
पूरितो,भवति,:पूरितः,भवति,
तदानीमेव,:तदानीम्,एव,
किञ्चिद्,द्रव्यं,:किञ्चित्,द्रव्यं,
पत्रस्योपरि,:पत्रस्य,उपरि,
ययाऽहं,:यया,अहं,
मादृशामल्पवेतनभोगीनां,:मादृशाम्,अल्पवेतनभोगीनां,
प्रसन्नो,भूत्वा,:प्रसन्नः,भूत्वा,
यन्मम,:यत्,मम,
न्यायाधीशस्तु,:न्यायाधीशः,तु,
वस्त्रकोषाद्,द्रव्याणि,:वस्त्रकोषात्,द्रव्याणि,
मुखस्याभा,:मुखस्य,आभा,
वस्त्रकोषञ्च,:वस्त्रकोषं,च,
कुबेरस्येव,:कुबेरस्य,एव,
तत्तु,:तत्,तु,
द्रव्याणामेव,:द्रव्याणाम्,एव,
क्रीतमस्ति,:क्रीतम्,अस्ति,
किञ्चिद्विचार्य,:किञ्चित्,विचार्य,
ममेदं,:मम,इदं,
ममाधिकारिणोऽपि,:मम,अधिकारिणः,अपि,
हरिद्व्यञ्जनान्यहमेव,:हरिद्व्यञ्जनानि,अहमेव,
पत्न्यस्तु,:पत्न्यः,तु,
जानन्त्येव,:जानन्ति,एव,
किञ्चिद्विचार्य,:किञ्चित्,विचार्य,
तद्द्रव्यं,:तत्,द्रव्यं,
नाधिकं,:न,अधिकं,
यावत्तिष्ठति,:यावत्,तिष्ठति,
कानिचित्पत्न्याः,:कानिचित्,पत्न्याः,
कानिचित्चिकित्सायाञ्च,:कानिचित्,चिकित्सायां,च,
भृशमासक्ता,:भृशम्,आसक्ता,
तस्या,भावनायां,:तस्याः,भावनायां,
नेदं,:न,इदं,
ज्ञात्वाऽपि,:ज्ञात्वा,अपि,
न्यायाधीशस्यासनस्याधोभागे,:न्यायाधीशस्य,आसनस्य,अधोभागे,
स्वकीयनियतासन्द्यामुपविशति,:स्वकीयनियतासन्द्याम्,उपविशति,
नेत्रयोरुपनेत्रं,:नेत्रयोः,उपनेत्रं,
पठनस्याभिनयं,:पठनस्य,अभिनयं,
सर्वाण्यासनानि,:सर्वाणि,आसनानि,
बहिर्द्वारम्,:बहिः,द्वारम्,
मान्यन्यायाधीशमहोदयोऽपि,:मान्यन्यायाधीशमहोदयः,अपि,
शीघ्रमेवागमिष्यति,:शीघ्रमेव,आगमिष्यति,
यदाज्ञापयति,:यत्,आज्ञापयति,
बहिर्द्वारमुद्घाटयितुमभिनयति,:बहिः,द्वारम्,उद्घाटयितुम्,अभिनयति,
सञ्चिका,अपि,:सञ्चिकाः,अपि,
प्रतिवादिनोऽपि,:प्रतिवादिनः,अपि,
तत्रैवागत्य,:तत्रैव,आगत्य,
कार्यमारभ्यते,:कार्यम्,आरभ्यते,
सत्वरमेव,:सत्वरम्,एव,
तस्याग्रे,:तस्य,अग्रे,
द्रष्टुमभिनयति,:द्रष्टुम्,अभिनयति,
कथमारक्षिणोऽधिकारिणः,:कथम्,आरक्षिणः,अधिकारिणः,
पोपटस्याभियोगः,:पोपटस्य,अभियोगः,
अभियोगस्योपस्थापनाय,:अभियोगस्य,उपस्थापनाय,
आरक्षिणोऽधिकारिणं,:आरक्षिणः,अधिकारिणं,
अभियोगस्योपस्थापनाय,:अभियोगस्य,उपस्थापनाय,
यदाज्ञापयति,:यत्,आज्ञापयति,
उपस्थितो,भवतु,:उपस्थितः,भवतु,
उपस्थितो,भवतु,:उपस्थितः,भवतु,
शीघ्रमागम्य,:शीघ्रम्,आगम्य,
स्थितो,भूत्वा,:स्थितः,भूत्वा,
अहमस्मि,:अहम्,अस्मि,
अभियोगस्योपस्थापकः,:अभियोगस्य,उपस्थापकः,
को,वर्तते,:कः,वर्तते,
वाक्कीलो,वर्तते,:वाक्कीलः,वर्तते,
स्वासनादुत्थाय,:स्वासनात्,उत्थाय,
इदमस्ति,:इदम्,अस्ति,
द्रष्टुमभिनयं,:द्रष्टुम्,अभिनयं,
शपथपत्रमत्रानेनोपस्थापितम्,:शपथपत्रम्,अत्र,अनेन,उपस्थापितम्,
वादस्योपस्थापनायादेशस्य,:वादस्य,उपस्थापनाय,आदेशस्य,
वादस्योपस्थापनाय,:वादस्य,उपस्थापनाय,
पक्षतो,तथ्योपस्थापनाय,:पक्षतः,तथ्योपस्थापनाय,
चादेशो,वर्तते,:च,आदेशः,वर्तते,
यदस्ति,:यत्,अस्ति,
पक्षोपस्थापनायाधिवक्ता,:पक्षोपस्थापनाय,अधिवक्ता,
पत्रमेकं,:पत्रम्,एकं,
शपथपत्रमर्पितम्,:शपथपत्रम्,अर्पितम्,
पक्षोपस्थापनायादेशस्य,:पक्षोपस्थापनाय,आदेशस्य,
पक्षोपस्थापनायाऽपि,:पक्षोपस्थापनाय,अपि,
आदेशो,वर्तते,:आदेशः,वर्तते,
पक्षमुपस्थापयतु,:पक्षम्,उपस्थापयतु,
पक्षीयस्यारक्षिणः,:पक्षीयस्य,आरक्षिणः,
पोपटस्याभियोगोऽस्ति,:पोपटस्य,अभियोगः,अस्ति,
कुमरसिंहो,विधायानेकानाङ्ग्लसैनिकान्,:कुमरसिंहः,विधाय,अनेकान्,आङ्ग्लसैनिकान्,
गृहीतास्त्रयो,विद्रोहिणो,विद्रोहिणो,नागरिका,नागरिका,मार्ग,मार्ग,एवं,:गृहीताः,त्रयः,विद्रोहिणः,विद्रोहिणः,नागरिकाः,नागरिकाः,मार्गे,मार्गे,एवं,
अस्मिन्नभियोगविषये,:अस्मिन्,अभियोगविषये,
विषयेऽस्मिन्नहमारक्षिपदाधिकारिणं,:विषये,अस्मिन्,अहम्,आरक्षिपदाधिकारिणं,
प्रष्टुमिच्छामि,:प्रष्टुम्,इच्छामि,
प्रष्टुमादेशो,वर्तते,:प्रष्टुम्,आदेशः,वर्तते,
बाइबिलस्योपरि,:बाइबिलस्य,उपरि,
यदहं,:यत्,अहं,
सत्यमतिरिच्य,:सत्यम्,अतिरिच्य,
बाइबिलस्योपरि,:बाइबिलस्य,उपरि,
यदहं,:यत्,अहं,
सत्यमतिरिच्य,:सत्यम्,अतिरिच्य,
किन्नामधेयो,भवान्,:किम्,नामधेयः,भवान्,
पितुर्नाम,:पितुः,नाम,
किमस्ति,:किम्,अस्ति,
पितुर्नाम,:पितुः,नाम,
भोपटो,विद्यते,:भोपटः,विद्यते,
नूनमेवास्य,:नूनम्,एव,अस्य,
मातुर्नाम,:मातुः,नाम,
मातुर्नाम,:मातुः,नाम,
किमस्ति,:किम्,अस्ति,
पितुर्नाम,:पितुः,नाम,
मातुर्नाम,:मातुः,नाम,
मातृर्नामकथनं,:मातुः,नामकथनं,
व्यर्थमेव,:व्यर्थम्,एव,
किमस्या,माता,:किम्,अस्याः,माता,
वाऽसौ,:वा,असौ,
नेच्छति,:न,इच्छति,
स्वमातुर्नाम,:स्वमातुः,नाम,
यस्यामुपरि,:यस्याम्,उपरि,
आरक्षिपदाधिकारीति,:आरक्षिपदाधिकारी,इति,
अङ्कितमस्ति,:अङ्कितम्,अस्ति,
भवतामायुः,:भवताम्,आयुः,
किमस्ति,:किम्,अस्ति,
ममायुः,:मम,आयुः,
कुमरसिंहो,षड्यन्त्रं,:कुमरसिंहः,षड्यन्त्रं,
विधायानेकानाङ्गलसैनिकान्,:विधाय,अनेकान्,आङ्गलसैनिकान्,
पार्श्वेऽस्मिन्,:पार्श्वे,अस्मिन्,
प्रमाणमस्ति,:प्रमाणम्,अस्ति,
कुमरसिंहो,हत्याया,हत्याया,अभियोगे,:कुमरसिंहः,हत्यायाः,हत्यायाः,अभियोगे,
पलायितो,भवति,:पलायितः,भवति,
तेनैव,:तेन,एव,
हत्याया,अभियोगस्य,:हत्यायाः,अभियोगस्य,
लेखनस्याभिनयं,:लेखनस्यः,अभिनयं,
अङ्कितमत्र,:अङ्कितम्,अत्र,
अहमस्मि,:अहम्,अस्मि,
सर्वकारपक्षतो,वक्ता,:सर्वकारपक्षतः,वक्ता,
किमहमसत्यं,:किम्,अहम्,असत्यं,
चण्डकमहोदयेनाऽभियोगे,:चण्डकमहोदयेन,अभियोगे,
विधायानेके,:विधाय,अनेके,
आङ्ग्लसैनिका,हता,हता,इति,:आङ्ग्लसैनिकाः,हताः,हताः,इति,
गृहीतास्त्रयो,विद्रोहिणो,विद्रोहिणो,नागरिकास्तेनैव,:गृहीताः,त्रयः,विद्रोहिणः,विद्रोहिणः,नागरिकाः,तेन,एव,
नागरिकास्तेनैव,:नागरिकाः,तेन,एव,
मोचिता,इत्यत्र,:मोचिताः,इत्यत्र,
स,दोषभाग्,:सः,दोषभाग्,
गृहीतास्त्रयो,नागरिका,नागरिका,विद्रोहिणस्तेनैव,:गृहीताः,त्रयः,नागरिकाः,नागरिकाः,विद्रोहिणः,तेन,एव,
विद्रोहिणस्तेनैव,:विद्रोहिणः,तेन,एव,
इत्यत्रापि,:इत्यत्र,अपि,
किमसङ्गतमस्ति,:किम्,असङ्गतम्,अस्ति,
त्रयो,नागरिका,नागरिका,विद्रोहिणः,:त्रयः,नागरिकाः,नागरिकाः,विद्रोहिणः,
सन्तीति,:सन्ति,इति,
कथनमेवासङ्गतमस्ति,:कथनम्,एव,असङ्गतम्,अस्ति,
मध्य,एव,:मध्ये,एव,
वर्णयन्तस्ते,:वर्णयन्तः,ते,
जयकारमपि,:जयकारम्,अपि,
पक्षतो,विचारमुपस्थापयितुं,:पक्षतः,विचारम्,उपस्थापयितुं,
विचारमुपस्थापयितुं,:विचारम्,उपस्थापयितुं,
चण्डकोऽत्र,:चण्डकः,अत्र,
मध्य,एव,:मध्ये,एव,
पोपटो,व्यवधानमुपस्थापयति,:पोपटः,व्यवधानम्,उपस्थापयति,
व्यवधानमुपस्थापयति,:व्यवधानम्,उपस्थापयति,
चण्डकस्तस्य,:चण्डकः,तस्य,
पक्षतो,विचारदानायादिष्टः,:पक्षतः,विचारदानाय,आदिष्टः,
विचारदानायादिष्टः,:विचारदानाय,आदिष्टः,
पोपटपक्षतो,विचारमग्रे,:पोपटपक्षतः,विचारम्,अग्रे,
विचारमग्रे,:विचारम्,अग्रे,
भारतीयोऽस्मि,:भारतीयः,अस्मि,
ग्रामेऽपि,:ग्रामे,अपि,
अधिवक्तुश्चण्डकस्य,:अधिवक्तुः,चण्डकस्य,
कथनेनैव,:कथनेन,एव,
सिद्धो,भवति,:सिद्धः,भवति,
विद्रोहिणोऽतस्ते,:विद्रोहिणः,अतः,ते,
नागरिका,विद्रोहिणो,विद्रोहिणो,नासन्,:नागरिकाः,विद्रोहिणः,विद्रोहिणः,न,आसन्,
नासन्,:न,आसन्,
विफलीकृतमनेन,:विफलीकृतम्,अनेन,
विपक्षस्यैव,:विपक्षस्य,एव,
सर्वकारस्याधिवक्त्रा,:सर्वकारस्य,अधिवक्त्रा,
विचारमेव,:विचारम्,एव,
नाऽहं,:न,अहं,
वस्तुतो,यथार्थमेव,:वस्तुतः,यथार्थम्,एव,
यथार्थमेव,:यथार्थम्,एव,
वाऽसत्यस्य,:वा,असत्यस्य,
यो,हि,:यः,हि,
धनादिलाभायासत्यमेव,:धनादिलाभाय,असत्यम्,एव,
स,कलङ्कितोऽधिवक्ता,:सः,कलङ्कितः,अधिवक्ता,
कलङ्कितोऽधिवक्ता,:कलङ्कितः,अधिवक्ता,
पूर्वमेवाधिवक्तुः,:पूर्वमेव,अधिवक्तुः,
पक्षतो,महाधिवक्तुश्चण्डकस्य,:पक्षतः,महाधिवक्तुः,चण्डकस्य,
महाधिवक्तुश्चण्डकस्य,:महाधिवक्तुः,चण्डकस्य,
नियुक्तिर्महामान्येन,:नियुक्तिः,महामान्येन,
पुनश्चण्डकस्तु,:पुनः,चण्डकः,तु,
सर्वकारस्याधिवक्ता,:सर्वकारस्य,अधिवक्ता,
पोपटश्चण्डकमसत्याय,:पोपटः,चण्डकम्,असत्याय,
लेखनस्याभिनयं,:लेखनस्य,अभिनयं,
भारतीयपरम्परेति,:भारतीयपरम्परा,इति,
विवादस्याग्रे,:विवादस्य,अग्रे,
कथनमुपस्थापयतु,:कथनम्,उपस्थापयतु,
पोपटस्याभियोगो,वर्तते,:पोपटस्य,अभियोगः,वर्तते,
विधायानेके,:विधाय,अनेके,
आङ्ग्लसैनिका,हता,हता,इति,:आङ्ग्लसैनिकाः,हताः,हताः,इति,
पूर्वमेवाऽनेन,:पूर्वमेव,अनेन,
नास्ति,:न,अस्ति,
पुनर्न्यायालये,:पुनः,न्यायालये,
कोऽप्येतादृशोऽभियोगो,नाङ्कितो,नाङ्कितो,वर्तते,:कोऽपि,तादृशः,अभियोगः,न,अङ्कितः,न,अङ्कितः,वर्तते,
पञ्जिकासूच्यामस्ति,:पञ्जिकासूच्याम्,अस्ति,
कोऽप्यभियोगस्तत्सम्बद्धः,:कोऽपि,अभियोगः,तत्सम्बद्धः,
लम्बितामभियोगसूचीं,:लम्बिताम्,अभियोगसूचीं,
द्रष्टुमभिनयति,:द्रष्टुम्,अभिनयति,
कोऽप्यभियोगः,:कोऽपि,अभियोगः,
कुमरसिंहसम्बद्धोऽत्राङ्कितो,वर्तते,:कुमरसिंहसम्बद्धः,अत्र,अङ्कितः,वर्तते,
लेखनस्याभिनयं,:लेखनस्य,अभिनयं,
पोपटस्याभियोगो,वर्तते,:पोपटस्य,अभियोगः,वर्तते,
त्रयो,विद्रोहिणो,विद्रोहिणो,मार्गे,:त्रयः,विद्रोहिणः,विद्रोहिणः,मार्गे,
अस्याऽभियोगस्य,:अस्यः,अभियोगस्य,
अस्याभियोगस्यैकः,:अस्य,अभियोगस्य,एकः,
आङ्ग्लसैनिको,गाडरो,गाडरो,वर्तते,:आङ्ग्लसैनिकः,गाडरः,गाडरः,वर्तते,
प्रष्टव्यमस्ति,:प्रष्टव्यम्,अस्ति,
प्रष्टुमिच्छामि,:प्रष्टुम्,इच्छामि,
स्थातुमादेशो,वर्तते,:स्थातुम्,आदेशः,वर्तते,
गाडरमाह्वय,:गाडरम्,आह्वय,
यदाज्ञापयति,:यत्,आज्ञापयति,
आङ्ग्लसैनिको,गाडरः,:आङ्ग्लसैनिकः,गाडरः,
उपस्थितो,भवतु,:उपस्थितः,भवतु,
उपस्थितो,भवतु,:उपस्थितः,भवतु,
मञ्चमारुह्य,:मञ्चम्,आरुह्य,
अहमुपस्थितोऽस्मि,:अहम्,उपस्थितः,अस्मि,
बाइबिलस्योपरि,:बाइबिलस्य,उपरि,
यदहं,:यत्,अहं,
सत्यमतिरिच्य,:सत्यम्,अतिरिच्य,
बाइबिलस्योपरि,:बाइबिलस्य,उपरि,
यदहं,:यत्,अहं,
सत्यमतिरिच्य,:सत्यम्,अतिरिच्य,
किन्नाम,:किं,नाम,
गाडरो,विद्यते,:गाडरः,विद्यते,
पितुर्नाम,:पितुः,नाम,
किमस्ति,:किम्,अस्ति,
पितुर्नाम,:पितुः,नाम,
किमस्ति,:किम्,अस्ति,
वर्षीयोऽस्मि,:वर्षीयः,अस्मि,
नाऽहं,:न,अहं,
यदसावेव,:यत्,असौ,एव,
यदसौ,:यत्,असौ,
यदिदं,:यत्,इदं,
तस्यैव,:तस्य,एव,
अत,एवाऽहं,:अतः,एव,अहं,
एवाऽहं,:एव,अहं,
कोऽस्ति,:कः,अस्ति,
स,जनो,जनो,यस्तं,:सः,जनः,जनः,यः,तं,
यस्तं,:यः,तं,
नाऽहं,:न,अहं,
यदहं,:यत्,अहं,
लेखनस्याभिनयं,:लेखनस्य,अभिनयं,
मयेदमपि,:मया,इदमपि,
त्रयो,विद्रोहिणो,विद्रोहिणो,नागरिकास्तेन,:त्रयः,विद्रोहिणः,विद्रोहिणः,नागरिकाः,तेन,
नागरिकास्तेन,:नागरिकाः,तेन,
मोचितास्तथा,:मोचिताः,तथा,
भवन्तो,वञ्चिताश्च,:भवन्तः,वञ्चिताः,च,
वञ्चिताश्च,:वञ्चिताः,च,
नयन्तो,यदा,:नयन्तः,यदा,
तदैव,:तदा,एव,
छायायामस्माकं,:छायायाम्,अस्माकं,
एको,मोदकविक्रेता,:एकः,मोदकविक्रेता,
बुभुक्षिता,वयं,:बुभुक्षिताः,वयं,
मोदकभक्षणानन्तरमेव,:मोदकभक्षणानन्तरम्,एव,
शिथिला,च,:शिथिलाः,च,
निद्रातो,निवृत्ता,निवृत्ता,इतस्ततः,:निद्रातः,निवृत्ताः,निवृत्ताः,इतस्ततः,
पश्यामस्तदा,:पश्यामः,तदा,
त्रयोऽपि,:त्रयः,अपि,
गृहीता,नागरिकास्तत्र,:गृहीताः,नागरिकाः,तत्र,
नागरिकास्तत्र,:नागरिकाः,तत्र,
नासन्,:न,आसन्,
भवद्भिर्द्रव्यं,:भवद्भिः,द्रव्यं,
ददतीति,:ददति,इति,
प्रभावादेवाऽस्मभ्यं,:प्रभावात्,एव,अस्मभ्यं,
स,मोदकं,:सः,मोदकं,
यद्रक्षिणो,द्रव्यं,:यत्,रक्षिणः,द्रव्यं,
विनैव,:विना,एव,
लेखनस्याभिनयं,:लेखनस्य,अभिनयं,
मयेदमपि,:मया,इदमपि,
पुनस्तत्रोत्थाय,:पुनः,तत्र,उत्थाय,
दृष्टवन्तो,यत्तत्राऽस्माभिर्गृहीतास्त्रयो,यत्तत्राऽस्माभिर्गृहीतास्त्रयो,नागरिका,नागरिका,नासन्निति,:दृष्टवन्तः,यत्,तत्र,अस्माभिः,गृहीताः,त्रयः,यत्,तत्र,अस्माभिः,गृहीताः,त्रयः,नागरिकाः,नागरिकाः,न,आसन्,इति,
नासन्निति,:न,आसन्,इति,
बन्धनरज्जुरेव,:बन्धनरज्जुः,एव,
पतितमासीत्,:पतितम्,आसीत्,
किमन्ये,:किम्,अन्ये,
जनास्तत्रासन्,:जनाः,तत्र,आसन्,
चिन्तनस्याभिनयं,:चिन्तनस्य,अभिनयं,
तत्रैको,जटावान्,:तत्र,एकः,जटावान्,
पृष्टवन्तो,यत्,:पृष्टवन्तः,यत्,
त्रयो,बन्धका,बन्धका,अस्मात्,:त्रयः,बन्धकाः,बन्धकाः,अस्मात्,
पलायिता,भवता,:पलायिताः,भवता,
यदहं,:यत्,अहं,
गमनशीलाननेकान्,:गमनशीलान्,अनेकान्,
स्थिता,भवन्ति,:स्थिताः,भवन्ति,
गृह,एव,:गृहे,एव,
बन्धनशून्यत्वमवश्यकम्,:बन्धनशून्यत्वम्,अवश्यकम्,
मानवा,बन्धने,:मानवाः,बन्धने,
नापसरति,:न,अपसरति,
मायायामेव,:मायायाम्,एव,
निमज्जितास्तिष्ठन्ति,:निमज्जिताः,तिष्ठन्ति,
पश्याम्यहं,:पश्यामि,अहं,
पाशैर्बन्धान्,:पाशैः,बन्धान्,
निर्बन्धा,ये,:निर्बन्धाः,ये,
गता,नूनं,:गताः,नूनं,
त,एव,:ते,एव,
सुखिनो,जनाः,:सुखिनः,जनाः,
स,किं,:सः,किं,
कथितवन्तो,यत्तेषां,:कथितवन्तः,यत्,तेषां,
यत्तेषां,:यत्,तेषां,
बन्धनरज्जुरत्रैव,:बन्धनरज्जुः,अत्रैव,
निपतितमस्ति,:निपतितम्,अस्ति,
विनैव,:विना,एव,
स,गन्तुमना,:सः,गन्तुमना,
ततो,भवद्भिः,:ततः,भवद्भिः,
किमभिहितम्,:किम्,अभिहितम्,
निगृहीतुमिच्छामः,:निगृहीतुम्,इच्छामः,
स,न,:सः,न,
यो,ब्रूते,:यः,ब्रूते,
स,न,:सः,न,
मार्गात्त्वं,:मार्गात्,त्वं,
दुष्टाश्वो,नैव,:दुष्टाश्वः,नैव,
स,कुत्र,:सः,कुत्र,
स,पुरूषः,:सः,पुरूषः,
आसीदिति,:आसीत्,इति,
यदीदृशं,:यत्,ईदृशं,
कुमरसिंहादृते,:कुमरसिंहात्,ऋते,
कोऽप्यन्यो,भविष्यति,:कोऽपि,अन्यः,भविष्यति,
अनुमानोऽज्ञानाधारितोऽस्ति,:अनुमानः,अज्ञानाधारितः,अस्ति,
कथनमिदं,:कथनम्,इदं,
लेखनस्याभिनयं,:लेखनस्य,अभिनयं,
मयेदं,:मया,इदं,
नास्ति,:न,अस्ति,
गाडरेणापि,:गाडरेण,अपि,
तथ्यमस्माकं,:तथ्यम्,अस्माकं,
नोपस्थापितम्,:न,उपस्थापितम्,
कथनीयमस्ति,:कथनीयम्,अस्ति,
प्रत्यक्षो,वानुमानो,वानुमानो,वा,:प्रत्यक्षः,वा,अनुमानः,वा,अनुमानः,वा,
तथ्यमिदं,:तथ्यम्,इदं,
किमहं,:किम्,अहं,
नास्ति,:न,अस्ति,
भुङ्क्त्वापि,:भुङ्क्त्वा,अपि,
स्थापितवानिति,:स्थापितवान्,इति,
विषयेऽहं,:विषये,अहं,
नूनमेवाङ्ग्लाधिकारिणे,:नूनम्,एव,आङ्ग्लाधिकारिणे,
न्यायालयो,विद्यते,:न्यायालयः,विद्यते,
प्रमाणानुसारमेव,:प्रमाणानुसारम्,एव,
प्रमाणमेव,:प्रमाणम्,एव,
दोषोपस्थापनेऽभियोगोपस्थापको,महाधिवक्ता,:दोषोपस्थापने,अभियोगोपस्थापकः,महाधिवक्ता,
सर्वथाऽसमर्थो,जातः,:सर्वथा,असमर्थः,जातः,
प्रमाणमपि,:प्रमाणम्,अपि,
नोपस्थापितम्,:न,उपस्थापितम्,
साक्षीवचनेनाप्रमाणितोऽधिवक्तुः,:साक्षीवचनेन,अप्रमाणितः,अधिवक्तुः,
तर्कानुसारञ्चास्मिन्नभियोगे,:तर्कानुसारं,च,अस्मिन्,अभियोगे,
कुमरसिंहो,निर्दोषो,निर्दोषो,घोषितः,:कुमरसिंहः,निर्दोषः,निर्दोषः,घोषितः,
न्यायालयस्यादेशः,:न्यायालयस्य,आदेशः,
स्वासनादुत्थाय,:स्वासनात्,उत्थाय,
तत्रस्था,नागरिकाः,:तत्रस्थाः,नागरिकाः,
कुमरसिंहो,विजयते,:कुमरसिंहः,विजयते,
ब्रुवन्तो,निष्क्रान्ताः,:ब्रुवन्तः,निष्क्रान्ताः,
प्रविशत्येको,नागरिको,नागरिको,मृगेन्द्रः,:प्रविशति,एकः,नागरिकः,नागरिकः,मृगेन्द्रः,
सहाङ्ग्लसैनिकानां,:सह,आङ्ग्लसैनिकानां,
कुमरसिंहश्चन्द्रहासं,:कुमरसिंहः,चन्द्रहासं,
तच्क्षेत्रं,:तत्,क्षेत्रं,
शून्यमेव,:शून्यम्,एव,
किञ्चिद्विचार्य,:किञ्चित्,विचार्य,
गतो,भवेत्,:गतः,भवेत्,
उच्चस्वरेणाह्वयति,:उच्चस्वरेण,आह्वयति,
अहमत्रागतोऽस्मि,:अहम्,अत्र,आगतः,अस्मि,
कालस्त्वामन्विष्यामि,:कालः,त्वाम्,अन्विष्यामि,
किन्निमित्तं,:किं,निमित्तं,
मामन्विष्यसि,:माम्,अन्विष्यसि,
शताधिका,आङ्ग्लसैनिका,आङ्ग्लसैनिका,मृताः,:शताधिकाः,आङ्ग्लसैनिकाः,आङ्ग्लसैनिकाः,मृताः,
मयाऽपि,:मया,अपि,
बाणप्रक्षेपैराङ्ग्लसैनिकानामुत्साहमत्रोटयत्,:बाणप्रक्षेपैः,आङ्ग्लसैनिकानाम्,उत्साहम्,अत्रोटयत्,
सैनिका,विद्यन्ते,:सैनिकाः,विद्यन्ते,
कथमाङ्ग्लसैनिकानामुत्साहं,:कथम्,आङ्ग्लसैनिकानाम्,उत्साहं,
छोटानागपुरस्यानेके,:छोटानागपुरस्य,अनेके,
वनवासिनो,लक्ष्यभेदकाः,:वनवासिनः,लक्ष्यभेदकाः,
स्वकीयैस्तीक्ष्णबाणैः,:स्वकीयैः,तीक्ष्णबाणैः,
कुमरसिंहस्याश्वसेना,:कुमरसिंहस्य,अश्वसेना,
प्रशिक्षिता,अश्वयुद्धस्य,:प्रशिक्षिताः,अश्वयुद्धस्य,
युद्धेऽस्मिन्,:युद्धे,अस्मिन्,
अश्वमधिरूह्य,:अश्वम्,अधिरूह्य,
कुमरसिंहो,युद्धे,:कुमरसिंहः,युद्धे,
रतो,बाणसमन्वितो,बाणसमन्वितो,मयूरारूढः,:रतः,बाणसमन्वितः,बाणसमन्वितः,मयूरारूढः,
कोषादाकृष्य,:कोषात्,आकृष्य,
तिष्ठन्नश्वस्य,:तिष्ठन्,अश्वस्य,
द्रुततुरगमनैर्व्याहनत्,:द्रुततुरगमनैः,व्याहनत्,
त्यक्त्वाङ्ग्लवीराः,:त्यक्त्वा,आङ्ग्लवीराः,
द्रष्ट्वाऽन्धकारो,ननु,:द्रष्ट्वा,अन्धकारः,ननु,
शीघ्रमेवाङ्ग्लसैनिकान्,:शीघ्रमेव,आङ्ग्लसैनिकान्,
स्वतन्त्रताया,बन्धनं,:स्वतन्त्रतायाः,बन्धनं,
नंक्ष्यति+इति,:नंक्ष्यति,इति,
सेनाऽग्रे,:सेना,अग्रे,
यद्विजयो,निकटे,:यत्,विजयः,निकटे,
कुमरसिंहोऽवश्यमेव,:कुमरसिंहः,अवश्यम्,एव,
प्रतिवेशिनो,राजानो,राजानो,विश्वासघातं,:प्रतिवेशिनः,राजानः,राजानः,विश्वासघातं,
लोभाभिभूतास्ते,:लोभाभिभूताः,ते,
पुनस्तदा,:पुनः,तदा,
चाङ्ग्लानां,:च,आङ्ग्लानां,
विनैव,:विना,एव,
किमत्याहितम्,:किम्,अत्याहितम्,
वीरकुमरसिंहश्चन्द्रहासचालनैः,:वीरकुमरसिंहः,चन्द्रहासचालनैः,
प्रहारैश्च,:प्रहारैः,च,
शत्रुसैनिकाननेकान्,:शत्रुसैनिकान्,अनेकान्,
व्याप्तोऽभवत्तथा,:व्याप्तः,अभवत्,तथा,
प्रलयमुत्पादयामास,:प्रलयम्,उत्पादयामास,
तदानीमस्य,:तदानीम्,अस्य,
मृता,भग्नशिरा,भग्नशिरा,बभूवुः,:मृताः,भग्नशिराः,भग्नशिराः,बभूवुः,
खञ्जा,रुधिरान्वितास्ते,:खञ्जाः,रुधिरान्विताः,ते,
रुधिरान्वितास्ते,:रुधिरान्विताः,ते,
प्रभूता,तस्मिन्नेवावसरे,:प्रभूताः,तस्मिन्,एव,अवसरे,
सहस्त्राधिका,आङ्ग्लपदाधिकारिणा,आङ्ग्लपदाधिकारिणा,प्रेषिताः,:सहस्त्राधिकाः,आङ्ग्लपदाधिकारिणाः,आङ्ग्लपदाधिकारिणाः,प्रेषिताः,
शत्रुसैनिका,व्याप्ता,व्याप्ता,अभवन्,:शत्रुसैनिकाः,व्याप्ताः,व्याप्ताः,अभवन्,
सेनायामाग्नेयास्त्रस्य,:सेनायाम्,आग्नेयास्त्रस्य,
परिणामतस्तेषां,:परिणामतः,तेषां,
कुमरसिंहस्यानेके,:कुमरसिंहस्य,अनेके,
सैनिका,मृता,मृता,व्रणयुक्ताश्चाभवन्,:सैनिकाः,मृताः,मृताः,व्रणयुक्ताः,च,अभवन्,
व्रणयुक्ताश्चाभवन्,:व्रणयुक्ताः,च,अभवन्,
आग्नेयास्त्रसम्पन्नैराङ्ग्लसैनिकैः,:आग्नेयास्त्रसम्पन्नैः,आङ्ग्लसैनिकैः,
स्थितिस्तु,:स्थितिः,तु,
नूनमेव,:नूनम्,एव,
नायको,वीरवरः,:नायकः,वीरवरः,
कुशलो,वर्तते,:कुशलः,वर्तते,
यदेकाक्येव,:यत्,एकाक्येव,
स,कुमरसिंहः,:सः,कुमरसिंहः,
स्थितो,वर्तते,:स्थितः,वर्तते,
वीरवरोऽसौ,:वीरवरः,असौ,
गत,इति,:गतः,इति,
यदयं,:यत्,अयं,
दूषितो,बभूव,:दूषितः,बभूव,
अतस्तस्य,:अतः,तस्य,
पवित्रताहेतोर्गङ्गाया,निकटे,:पवित्रताहेतोः,गङ्गायाः,निकटे,
गमनमुचितमस्तीति,:गमनम्,उचितम्,अस्ति,इति,
स,पारेगङ्गं,:सः,पारेगङ्गं,
किमभवत्,:किम्,अभवत्,
ततो,मया,:ततः,मया,
यदसौ,:यत्,असौ,
पीडितोऽपि,:पीडितः,अपि,
कुमरसिंहो,गङ्गायाः,:कुमरसिंहः,गङ्गायाः,
सङ्लग्नो,वर्तते,:सङ्लग्नः,वर्तते,
पीडितोऽपि,:पीडितः,अपि,
कुमरसिंहो,किं,:कुमरसिंहः,किं,
सङ्लग्नो,वर्तते,:सङ्लग्नः,वर्तते,
धर्मप्राणा,भारतीयाः,:धर्मप्राणाः,भारतीयाः,
प्राणानविगणयन्तोऽपि,:प्राणान्,अविगणयन्तः,अपि,
धर्मस्यामरत्वं,:धर्मस्य,अमरत्वं,
धर्मस्तु,:धर्मः,तु,
नष्टो,न,:नष्टः,न,
पञ्चत्वमापन्ने,:पञ्चत्वम्,आपन्ने,
धर्मो,ह्येकोऽविनश्वरः,:धर्मः,हि,एकः,अविनश्वरः,
ह्येकोऽविनश्वरः,:हि,एकः,अविनश्वरः,
पश्यामो,यद्वीराणां,:पश्यामः,यत्,वीराणां,
यद्वीराणां,:यत्,वीराणां,
पूजनपरो,वीरकुमरसिंहः,:पूजनपरः,वीरकुमरसिंहः,
कैवर्तश्च,:कैवर्तः,च,
सम्प्रत्यहं,:सम्प्रति,अहं,
त्वमेवासि,:त्वमेव,असि,
त्वमेवासि,:त्वमेव,असि,
त्वमेवासि,:त्वमेव,असि,
त्वमेवासि,:त्वमेव,असि,
त्वमेवासि,:त्वमेव,असि,
जयेनैव,:जयेन,एव,
लोका,लभन्ते,:लोकाः,लभन्ते,
जयेनैव,:जयेन,एव,
जना,दुर्जनाः,:जनाः,दुर्जनाः,
सज्जना,वा,:सज्जनाः,वा,
तापराहित्यमेवं,:तापराहित्यम्,एवं,
सर्वजगतो,धात्री,:सर्वजगतः,धात्री,
परितोऽनेके,:परितः,अनेके,
कैवर्तोऽपि,:कैवर्तः,अपि,
वर्तत,एव,:वर्तते,एव,
तस्या,दिव्यलोके,:तस्याः,दिव्यलोके,
तदाऽहं,:तदा,अहं,
समर्थोऽस्मि,:समर्थः,अस्मि,
बाहुमहो,विकर्त्य,:बाहुमहः,विकर्त्य,
ततो,रक्तरञ्जिता,:ततः,रक्तरञ्जिता,
निजोत्थितैस्तरङ्गैर्बलिं,:निजोत्थितैः,तरङ्गैः,बलिं,
पवित्रजलैस्तस्याभिषेकं,:पवित्रजलैः,तस्याभिषेकं,
पुनश्च,:पुनः,च,
तरङ्गध्वनिर्भवति,:तरङ्गध्वनिः,र्भवति,
दूषितमपि,:दूषितम्,अपि,
प्राप्याहं,:प्राप्य,अहं,
प्रसन्नाऽस्मि,:प्रसन्ना,अस्मि,
प्रसन्नाऽसि,:प्रसन्ना,असि,
भारतोऽपि,:भारतः,अपि,
रहितो,भविष्यति,:रहितः,भविष्यति,
यस्या,दिव्यजले,:यस्याः,दिव्यजले,
विहारनिरतो,विष्णुः,:विहारनिरतः,विष्णुः,
श्रितासंयुत,नमामो,वयम्,:श्रितासंयुतः,नमामः,वयम्,
कुमरसिंहो,विजयते,:कुमरसिंहः,विजयते,
ध्वनिर्भवति,:ध्वनिः,भवति,
पञ्चमोऽङ्कः,:पञ्चमः,अङ्कः,
