जिलाधिकारिणो,बेकस्य,:जिलाधिकारिणः,बेकस्य,
स्थितो,बेकः,:स्थितः,बेकः,
लेखनस्याभिनयं,:लेखनस्य,अभिनयं,
लेखनस्याभिनयं,:लेखनस्य,अभिनयं,
वार्ताऽस्ति,:वार्ता,अस्ति,
कप्तानमहोदयोऽत्रभवन्तं,:कप्तानमहोदयः,अत्रभवन्तं,
द्रष्टुमिच्छति,:द्रष्टुम्,इच्छति,
किञ्चिद्विचार्य,:किञ्चित्,विचार्य,
यदाज्ञापयति,:यत्,आज्ञापयति,
कप्तानडानवरो,भविष्यति,:कप्तानडानवरः,भविष्यति,
मायाऽस्मै,:माया,अस्मै,
समयो,दत्तः,:समयः,दत्तः,
डानवरश्चतुरो,वर्तते,:डानवरः,चतुरः,वर्तते,
विचारार्थमागतो,भवेत्,:विचारार्थम्,आगतः,भवेत्,
आङ्ग्लशासकस्याज्ञां,:आङ्ग्लशासकस्य,आज्ञां,
जगदीशपुराधीशो,नैव,:जगदीशपुराधीशः,नैव,
ममाज्ञाम्,:मम,आज्ञाम्,
साहबजादासिंहस्तु,:साहबजादासिंहः,तु,
सिंहसदृशो,दृढो,दृढो,वर्तते,:सिंहसदृशः,दृढः,दृढः,वर्तते,
कप्तानमहोदयोऽत्रोपस्थितो,वर्तते,:कप्तानमहोदयः,अत्र,उपस्थितः,वर्तते,
इदमासनं,:इदम्,आसनं,
यदाज्ञापयति,:यत्,आज्ञापयति,
स्वनियोगमशून्यं,:स्वनियोगम्,अशून्यं,
यदाज्ञापयति,:यत्,आज्ञापयति,
जगदीशपुराधीशस्याङ्ग्लशासकं,:जगदीशपुराधीशस्य,आङ्ग्लशासकं,
पूर्ववदेव,:पूर्ववत्,एव,
जगदीशपुराधीशस्तु,:जगदीशपुराधीशः,तु,
दृष्टिरस्मान्,:दृष्टिः,अस्मान्,
पार्श्ववर्तिनो,ये,:पार्श्ववर्तिनः,ये,
सामदानदण्डभेदनीत्याऽस्माकं,:सामदानदण्डभेदनीत्या,अस्माकं,
विरुद्धा,अप्यासन्,:विरुद्धाः,अपि,आसन्,
अप्यासन्,:अपि,आसन्,
लोभेनास्माकं,:लोभेन,अस्माकं,
चातुर्य्येणापि,:चातुर्य्येण,अपि,
स,तु,:सः,तु,
बलमपि,:बलम्,अपि,
राजाऽऽसीत्,:राजा,आसीत्,
पञ्चपुत्रा,उमरावसिंहप्रभृतयो,उमरावसिंहप्रभृतयो,भृशं,:पञ्चपुत्राः,उमरावसिंहप्रभृतयः,उमरावसिंहप्रभृतयः,भृशं,
बलशालिनो,विद्यन्ते,:बलशालिनः,विद्यन्ते,
प्राणानपि,:प्राणान्,अपि,
पुनश्च,:पुनः,च,
राजनीतावपि,:राजनीतौ,अपि,
जातमिति,:जातम्,इति,
ज्ञातुमिच्छामि,:ज्ञातुम्,इच्छामि,
कुमरसिंहो,वर्तते,:कुमरसिंहः,वर्तते,
यो,हि,:यः,हि,
वीरोऽस्ति,:वीरः,अस्ति,
धीरपुत्रश्च,:धीरपुत्रः,च,
लोकास्तमनुवर्तन्ते,:लोकाः,तम्,अनुवर्तन्ते,
देवतुल्यश्चकासते,:देवतुल्यः,चकासते,
कुमरसिंहस्तस्य,:कुमरसिंहः,तस्य,
ज्येष्ठपुत्रो,वर्तते,:ज्येष्ठपुत्रः,वर्तते,
स,तु,:सः,तु,
पुत्रो,वर्तते,:पुत्रः,वर्तते,
राज्यस्याधिकारो,ज्येष्ठपुत्रस्यैव,:राज्यस्य,अधिकारः,ज्येष्ठपुत्रस्य,एव,
ज्येष्ठपुत्रस्यैव,:ज्येष्ठपुत्रस्य,एव,
तस्यान्ये,:तस्य,अन्ये,
भ्रातरो,विरोधं,:भ्रातरः,विरोधं,
पुत्रा,बलिनो,बलिनो,योग्याः,:पुत्राः,बलिनः,बलिनः,योग्याः,
समानविचारशीलाश्च,:समानविचारशीलाः,च,
स्वल्पाऽपि,:स्वल्पा,अपि,
अतस्तत्र,:अतः,तत्र,
समागतेति,:समागता,इति,
भवन्तस्तेषु,:भवन्तः,तेषु,
अस्माभिस्तेषु,:अस्माभिः,तेषु,
भेदोत्पादनायानेके,:भेदोत्पादनाय,अनेके,
विलासितायाश्च,:विलासितायाः,च,
लोभादिकमपि,:लोभादिकम्,अपि,
वपनमपि,:वपनम्,अपि,
प्रभावो,न,:प्रभावः,न,
स,एव,:सः,एव,
कुमरसिंहो,वीराणामग्रगण्योऽस्ति,:कुमरसिंहः,वीराणाम्,अग्रगण्यः,अस्ति,
वीराणामग्रगण्योऽस्ति,:वीराणाम्,अग्रगण्यः,अस्ति,
स,तु,:सः,तु,
शिक्षाकालादेव,:शिक्षाकालात्,एव,
गजचालनस्याश्वचालनस्यरथचालनस्य,:गजचालनस्य,अश्वचालनस्यरथचालनस्य,
प्रथमो,बभूव,:प्रथमः,बभूव,
किमधिकं,:किम्,अधिकं,
तस्याप्रतिमा,:तस्य,अप्रतिमा,
गतिर्विद्यते,:गतिः,विद्यते,
यतो,हि,:यतः,हि,
मानसा,दैहिका,दैहिका,गुणाः,:मानसाः,दैहिकाः,दैहिकाः,गुणाः,
पूज्यतेऽसौ,:पूज्यते,असौ,
जनैर्नूनं,:जनैः,नूनं,
तैरेवात्र,:तैः,एव,अत्र,
यदेकदाश्वचालनप्रतियोगितायामहमपि,:यत्,एकदा,अश्वचालनप्रतियोगितायाम्,अहमपि,
एको,निर्णायकः,:एकः,निर्णायकः,
स,एव,:सः,एव,
प्रथमो,बभूव,:प्रथमः,बभूव,
मयाऽऽयोजितायामश्वचालनप्रतियोगितायामपि,:मया,आयोजितायाम्,अश्वचालनप्रतियोगितायाम्,अपि,
स,वारद्वयं,:सः,वारद्वयं,
प्रथमो,बभूव,:प्रथमः,बभूव,
कुमरसिंहस्तु,:कुमरसिंहः,तु,
कार्यमिदमस्माकं,:कार्यम्,इदम्,अस्माकं,
भेदनीतिरवलम्बनीयाऽऽसीत्,:भेदनीतिः,अवलम्बनीया,आसीत्,
भेदो,न,:भेदः,न,
वीरास्तु,:वीराः,तु,
पुराऽनेके,:पुरा,अनेके,
शास्तारो,भारतेऽभवत्,:शास्तारः,भारते,अभवत्,
भारतेऽभवत्,:भारते,अभवत्,
पुनश्च,:पुनः,च,
बहुशो,नृपः,:बहुशः,नृपः,
भ्रातरो,भृशं,:भ्रातरः,भृशं,
समाना,विद्यन्ते,:समानाः,विद्यन्ते,
प्राणा,निवसन्ति,:प्राणाः,निवसन्ति,
प्रकाशास्तु,:प्रकाशाः,तु,
विचारास्तु,:विचाराः,तु,
साम्यभावैरलङकृताः,:साम्यभावैः,अलङकृताः,
शक्तिर्भृशं,:शक्तिः,भृशं,
जयो,भवति,:जयः,भवति,
भवद्भिर्लब्धम्,:भवद्भिः,लब्धम्,
कुमरसिंहो,महान्,:कुमरसिंहः,महान्,
तस्याज्ञानुसारेण,:तस्य,आज्ञानुसारेण,
सहस्राधिका,वीरा,वीरा,अहर्निशं,:सहस्राधिकाः,वीराः,वीराः,अहर्निशं,
तस्याश्वसेना,:तस्य,अश्वसेना,
तत्राश्वसेना,:तत्र,अश्वसेना,
केवलमश्वसेनाऽपि,:केवलम्,अश्वसेना,अपि,
चापि,:च,अपि,
गजसेनायामश्वसेनायां,:गजसेनायाम्,अश्वसेनायां,
रथसेनायाञ्च,:रथसेनायां,च,
क्रमशो,गजानामश्वानां,:क्रमशः,गजानाम्,अश्वानां,
गजानामश्वानां,:गजानाम्,अश्वानां,
रथानाञ्च,:रथानां,च,
कीदृशो,विद्यते,:कीदृशः,विद्यते,
पञ्चशतमश्वा,तथा,:पञ्चशतम्,अश्वाः,तथा,
शताधिका,रथा,रथा,विद्यन्ते,:शताधिकाः,रथाः,रथाः,विद्यन्ते,
किमधिकं,:किम्,अधिकं,
स्थितिर्विद्यते,:स्थितिः,विद्यते,
सहस्रञ्चन्द्रहासचालका,द्विशतं,:सहस्रञ्चन्द्रहासचालकाः,द्विशतं,
भल्लप्रक्षेपकाश्च,:भल्लप्रक्षेपकाः,च,
न्यूनो,दुर्बलो,दुर्बलो,वा,:न्यूनः,दुर्बलः,दुर्बलः,वा,
अश्वसैनिका,अपि,:अश्वसैनिकाः,अपि,
उत्खातभूमेर्लङ्घनस्य,:उत्खातभूमेः,लङ्घनस्य,
प्रशिक्षणमपि,:प्रशिक्षणम्,अपि,
घोटकैर्लब्धम्,:घोटकैः,लब्धम्,
गजसेनाऽपि,:गजसेना,अपि,
प्रशिक्षिताश्च,:प्रशिक्षिताः,च,
रथसैनिकश्चापि,:रथसैनिकः,च,अपि,
दक्षा,विद्यन्ते,:दक्षाः,विद्यन्ते,
पदातिसैनिका,विविधशस्त्रचालने,:पदातिसैनिकाः,विविधशस्त्रचालने,
सेनायामग्न्यास्त्रस्य,:सेनायाम्,अग्न्यास्त्रस्य,
पञ्चषा,एव,:पञ्चषाः,एव,
भुसुण्ड्यस्तस्य,:भुसुण्ड्यः,तस्य,
भुसुण्डीचालका,अपि,:भुसुण्डीचालकाः,अपि,
नाधिकाः,:न,अधिकाः,
गुलिकाया,अभावोऽपि,:गुलिकायाः,अभावः,अपि,
अभावोऽपि,:अभावः,अपि,
आग्नेयास्त्रस्याधिक्यं,:आग्नेयास्त्रस्य,अधिक्यं,
सैनिका,भुसुण्डीचालने,:सैनिकाः,भुसुण्डीचालने,
पूर्णप्रशिक्षिताश्च,:पूर्णप्रशिक्षिताः,च,
आग्नेयस्त्रास्याभावो,विद्यते,:आग्नेयस्त्रस्य,अभावः,विद्यते,
सैनिका,आग्नेयास्त्रसम्पन्ना,आग्नेयास्त्रसम्पन्ना,युद्धार्थं,:सैनिकाः,आग्नेयास्त्रसम्पन्नाः,आग्नेयास्त्रसम्पन्नाः,युद्धार्थं,
तदाऽस्माकं,:तदा,अस्माकं,
विजयो,निश्चितः,:विजयः,निश्चितः,
सैनिका,आग्नेयास्त्रयुद्धे,:सैनिकाः,आग्नेयास्त्रयुद्धे,
विचारो,वर्तते,:विचारः,वर्तते,
यदनुकूले,:यत्,अनुकूले,
सहसाऽऽक्रमणमुचितं,:सहसा,आक्रमणम्,उचितं,
तत्रस्थास्तस्य,:तत्रस्थाः,तस्य,
सैनिका,न,:सैनिकाः,न,
यदस्माकमुपरि,:यत्,अस्माकम्,उपरि,
पार्श्ववर्तिनो,ये,:पार्श्ववर्तिनः,ये,
प्रतिवेशिनो,राजानोऽस्माकमधिकारे,:प्रतिवेशिनः,राजानः,अस्माकम्,अधिकारे,
राजानोऽस्माकमधिकारे,:राजानः,अस्माकम्,अधिकारे,
द्वित्रा,एव,:द्वित्राः,एव,
राजानस्तादृशाः,:राजानः,तादृशाः,
भृशमुदासीना,वर्तन्ते,:भृशम्,उदासीनाः,वर्तन्ते,
राजानस्तेषां,:राजानः,तेषां,
सामदानदण्डभेदोपायैरस्माकं,:सामदानदण्डभेदोपायैः,अस्माकं,
प्रलुब्धा,यद्,यद्,जगदीशपुरविजयानन्तरं,:प्रलुब्धाः,यत्,यत्,जगदीशपुरविजयानन्तरं,
भूमिस्तेषां,:भूमिः,तेषां,
मध्य,एव,:मध्ये,एव,
सम्मानो,भविष्यति,:सम्मानः,भविष्यति,
आङ्ग्लशासकैर्विविधोपाधिभिर्विभूषिता,भविष्यन्ति,:आङ्ग्लशासकैः,विविधोपाधिभिः,विभूषिताः,भविष्यन्ति,
तदाऽस्माकं,:तदा,अस्माकं,
सैनिकानामाश्रयः,:सैनिकानाम्,आश्रयः,
पार्श्ववर्तीनामस्मत्पक्षीयानां,:पार्श्ववर्तीनाम्,अस्मत्पक्षीयानां,
दूतमुखेनैव,:दूतमुखेन,एव,
सूचिता,यदाङ्ग्लसैनिका,यदाङ्ग्लसैनिका,यदा,:सूचिताः,यत्,आङ्ग्लसैनिकाः,यत्,आङ्ग्लसैनिकाः,यदा,
तेषामावासस्य,:तेषाम्,आवासस्य,
त,एव,:ते,एव,
समयो,भवता,:समयः,भवता,
निर्धारितो,न,:निर्धारितः,न,
तत्राक्रमणं,:तत्र,आक्रमणं,
दिन,एवाक्रमणमुचितं,:दिने,एव,आक्रमणम्,उचितं,
एवाक्रमणमुचितं,:एव,आक्रमणम्,उचितं,
विचारार्थमेवाहमत्रागतोऽस्मि,:विचारार्थम्,एव,अहम्,अत्र,आगतः,अस्मि,
विषयेऽस्मिन्,:विषये,अस्मिन्,
तत्रोपयुक्तमस्ति,:तत्र,उपयुक्तम्,अस्ति,
युद्धोत्साहोऽस्माकं,:युद्धोत्साहः,अस्माकं,
शस्त्रास्त्रसहिता,बलैर्युक्ता,बलैर्युक्ता,अस्माकं,:शस्त्रास्त्रसहिताः,बलैः,युक्ताः,बलैः,युक्ताः,अस्माकं,
प्रस्थितवन्तस्तदा,:प्रस्थितवन्तः,तदा,
शत्रवो,युद्धार्थं,:शत्रवः,युद्धार्थं,
सन्नद्धा,न,:सन्नद्धाः,न,
विलम्बो,नोचितः,:विलम्बः,न,उचितः,
नोचितः,:न,उचितः,
दिन,एवाक्रमणमुचितमस्ति,:दिने,एव,आक्रमणम्,उचितम्,अस्ति,
एवाक्रमणमुचितमस्ति,:एव,आक्रमणम्,उचितम्,अस्ति,
सबला,विद्यन्ते,:सबलाः,विद्यन्ते,
पार्श्ववर्तिनो,राजानोऽपि,:पार्श्ववर्तिनः,राजानः,अपि,
राजानोऽपि,:राजानः,अपि,
पदलुब्धाश्चाऽस्माकं,:पदलुब्धाः,च,अस्माकं,
तथाऽस्माकं,:तथा,अस्माकं,
नूनमेव,:नूनम्,एव,
कुशलोऽसि,:कुशलः,असि,
सैनिकानामुत्साहस्त्वया,:सैनिकानाम्,उत्साहः,त्वया,
सर्वदैव,:सर्वदा,एव,
गम्यतामर्थसिद्धये,:गम्यताम्,अर्थसिद्धये,
यदादिशति,:यत्,आदिशति,
उत्थातुमिच्छति,:उत्थातुम्,इच्छति,
किञ्चिद्विचार्य,:किञ्चित्,विचार्य,
पत्रमेकं,:पत्रम्,एकं,
येनाङ्ग्लशासने,:येन,आङ्ग्लशासने,
सैनिकाश्चास्मिन्,:सैनिकाः,च,अस्मिन्,
धनादिकस्यावश्यकतां,:धनादिकस्य,आवश्यकतां,
पत्रलेखनस्याभिनयं,:पत्रलेखनस्य,अभिनयं,
गृह्यतामिदं,:गृह्यताम्,इदं,
राज्यादेशो,मया,:राज्यादेशः,मया,
युद्धात्पूर्वं,:युद्धात्,पूर्वं,
ममोद्घोषणा,:मम,उद्घोषणा,
राज्यादेशाश्च,:राज्यादेशाः,च,
व्यवस्थापनार्थमहं,:व्यवस्थापनार्थम्,अहं,
गन्तुमिच्छामि,:गन्तुम्,इच्छामि,
गम्यतामर्थसिद्धये,:गम्यताम्,अर्थसिद्धये,
उपस्थितोऽस्मि,:उपस्थितः,अस्मि,
गन्तुकामोऽस्मि,:गन्तुकामः,अस्मि,
गृहाणेमां,:गृहाण,इमां,
यदाज्ञापयति,:यत्,आज्ञापयति,
ततोऽग्रेऽग्रे,:ततः,अग्रे,अग्रे,
जिलाधीशो,बेकः,:जिलाधीशः,बेकः,
तस्यानुकुर्वन्,:तस्य,अनुकुर्वन्,
स,निष्क्रान्तः,:सः,निष्क्रान्तः,
जगदीशपुरस्यैको,भृत्यः,:जगदीशपुरस्य,एकः,भृत्यः,
को,न,:कः,न,
किञ्चिद्भ्रमणं,:किञ्चित्,भ्रमणं,
गतो,मम,:गतः,मम,
पुनर्भ्रमति,:पुनः,भ्रमति,
रोदनध्वनिर्भवति,:रोदनध्वनिः,भवति,
श्रोतुमभिनयं,:श्रोतुम्,अभिनयं,
किमत्याहितम्,:किम्,अत्याहितम्,
त्वमत्र,:त्वम्,अत्र,
यदद्यैव,:यत्,अद्यैव,
वीरकुमरसिंहो,जगदीशपुरं,:वीरकुमरसिंहः,जगदीशपुरं,
बहिर्गतः,:बहिः,गतः,
नाहं,:न,अहं,
बहिर्गतवान्,:बहिः,गतवान्,
जगदीशपुरस्योपरि,:जगदीशपुरस्य,उपरि,
आङ्ग्लसैनिकानामाक्रमणं,:आङ्ग्लसैनिकानाम्,आक्रमणं,
आङ्ग्लसैनिकानामद्यैव,:आङ्ग्लसैनिकानाम्,अद्यैव,
तत्राक्रमणमभूत्,:तत्र,आक्रमणम्,अभूत्,
सहस्राधिका,आङ्ग्लसैनिका,आङ्ग्लसैनिका,भुसुण्डीं,:सहस्राधिकाः,आङ्ग्लसैनिकाः,आङ्ग्लसैनिकाः,भुसुण्डीं,
जगदीशपुरस्योपरि,:जगदीशपुरस्य,उपरि,
प्रधानद्वारतोऽन्तःपुरे,:प्रधानद्वारतः,अन्तःपुरे,
रक्षका,नासन्,:रक्षकाः,न,आसन्,
नासन्,:न,आसन्,
यत्तत्र,:यत्,तत्र,
द्वारपाला,सैनिकाश्च,:द्वारपालाः,सैनिकाः,च,
सैनिकाश्च,:सैनिकाः,च,
दशाधिका,आसन्,:दशाधिकाः,आसन्,
भल्लधारकास्ते,:भल्लधारकाः,ते,
आग्नेयास्त्रसम्पन्नानाङ्ग्लसैनिकान्,:आग्नेयास्त्रसम्पन्नान्,आङ्ग्लसैनिकान्,
गुलिकाया,ध्वनिञ्च,:गुलिकायाः,ध्वनिं,च,
ध्वनिञ्च,:ध्वनिं,च,
सैनिका,अपि,:सैनिकाः,अपि,
प्रशिक्षिता,विद्यन्ते,:प्रशिक्षिताः,विद्यन्ते,
तत्राश्वगजरथसेनास्तदा,:तत्र,अश्वगजरथसेनाः,तदा,
नियोजिता,न,:नियोजिताः,न,
युद्धार्थमादिष्टाः,:युद्धार्थम्,आदिष्टाः,
अप्रतिहता,विद्यन्ते,:अप्रतिहताः,विद्यन्ते,
सेनायामस्त्राणां,:सेनायाम्,अस्त्राणां,
बाणा,भल्ला,एव,:बाणाः,भल्लाः,एव,
प्रमुखा,विद्यन्ते,:प्रमुखाः,विद्यन्ते,
बाणैस्तु,:बाणैः,तु,
केचनाङ्ग्लसैनिका,आहता,आहता,बभूवुः,:केचन,आङ्ग्लसैनिकाः,आहताः,आहताः,बभूवुः,
महाराजेनादेशः,:महाराजेन,आदेशः,
प्रसारितो,यद्,यद्,राजभवनस्य,:प्रसारितः,यत्,यत्,राजभवनस्य,
सैनिका,बहिर्गच्छेयुः,:सैनिकाः,बहिः,गच्छेयुः,
बहिर्गच्छेयुः,:बहिः,गच्छेयुः,
महाराजस्यादेशेन,:महाराजस्य,आदेशेन,
सैनिका,बहिर्गतवन्तः,:सैनिकाः,बहिः,गतवन्तः,
बहिर्गतवन्तः,:बहिः,गतवन्तः,
संरक्षणमेव,:संरक्षणम्,एव,
यतो,हि,:यतः,हि,
यद्,विदधाति,:यत्,विदधाति,
शेषेऽपि,:शेषे,अपि,
भवेद्,विशिष्टता,:भवेत्,विशिष्टता,
बुद्धेर्ध्रवं,:बुद्धेः,ध्रवं,
सैनिका,महाराजस्याज्ञां,:सैनिकाः,महाराजस्य,आज्ञां,
महाराजस्याज्ञां,:महाराजस्य,आज्ञां,
सहसाज्ञातमार्गेण,:सहसा,अज्ञातमार्गेण,
बहिर्गतवन्तः,:बहिः,गतवन्तः,
कुमरसिंहोऽपि,:कुमरसिंहः,अपि,
बहिर्गतवान्,:बहिः,गतवान्,
सैनिका,यदा,:सैनिकाः,यदा,
बहिर्गतवन्तस्तदा,:बहिः,गतवन्तः,तदा,
चान्ते,:च,अन्ते,
कुमरसिंहोऽपि,:कुमरसिंहः,अपि,
स्वकीयमश्वमारुह्य,:स्वकीयम्,अश्वम्,आरुह्य,
बहिर्गतवान्,:बहिः,गतवान्,
कथमाङ्गलानां,:कथम्,आङ्गलानां,
सहसाऽक्रमणं,:सहसा,आक्रमणं,
नासीत्,:न,आसीत्,
तत्राङ्ग्लानां,:तत्र,आङ्ग्लानां,
छद्मयुद्धस्यायोजनमेव,:छद्मयुद्धस्य,आयोजनम्,एव,
प्रधानकारणमस्ति,:प्रधानकारणम्,अस्ति,
भारतेऽधर्मयुद्धोऽयमाङ्ग्लैरेव,:भारते,अधर्मयुद्धः,अयम्,आङ्ग्लैः,एव,
पुनश्च,:पुनः,च,
गुप्तचरा,आसन्,:गुप्तचराः,आसन्,
निपतितास्तथा,:निपतिताः,तथा,
तैर्यथा,:तैः,यथा,
पार्श्ववर्तिनो,राजानो,राजानो,आङ्ग्लशासकैः,:पार्श्ववर्तिनः,राजानः,राजानः,आङ्ग्लशासकैः,
लुब्धाश्च,:लुब्धाः,च,
भारतीया,गौरवं,:भारतीयाः,गौरवं,
विस्मृतवन्तोऽपि,:विस्मृतवन्तः,अपि,
स्वात्मानमपि,:स्वात्मानम्,अपि,
प्रतिवेशिनो,राजानः,:प्रतिवेशिनः,राजानः,
तस्याङ्गलस्य,:तस्य,आङ्गलस्य,
पक्षतो,युद्धाय,:पक्षतः,युद्धाय,
कृतनिश्चिया,आसन्,:कृतनिश्चियाः,आसन्,
प्रतिवेशिनो,ये,:प्रतिवेशिनः,ये,
कुमरसिंहस्याश्रये,:कुमरसिंहस्य,आश्रये,
भूम्यादिलोभेनाङ्ग्लशासकस्य,:भूम्यादिलोभेन,आङ्ग्लशासकस्य,
आङ्ग्लसैनिका,जगदीशपुरे,:आङ्ग्लसैनिकाः,जगदीशपुरे,
समागता,इति,:समागताः,इति,
स्थिता,आसन्,:स्थिताः,आसन्,
प्रतिवेशीभूपतीनामावासे,:प्रतिवेशीभूपतीनाम्,आवासे,
निकट,एव,:निकटे,एव,
स्थिता,आसन्,:स्थिताः,आसन्,
सैनिकानामावासस्य,:सैनिकानाम्,आवासस्य,
तैरेव,:तैः,एव,
लोभादाकृष्टास्ते,:लोभात्,आकृष्टाः,ते,
देशस्यात्मीया,अपि,:देशस्य,आत्मीयाः,अपि,
जना,लोभेनात्मीयमपि,:जनाः,लोभेन,आत्मीयम्,अपि,
लोभेनात्मीयमपि,:लोभेन,आत्मीयम्,अपि,
लोभाभिभूता,जनाः,:लोभाभिभूताः,जनाः,
कार्यमकार्यं,:कार्यम्,अकार्यं,
पुनश्च,:पुनः,च,
प्रवृत्तिर्विद्यते,:प्रवृत्तिः,विद्यते,
गावो,द्रुतं,:गावः,द्रुतं,
लोभो,दोषेषु,:लोभः,दोषेषु,
काका,हस्तस्थरोटिकाम्,:काकाः,हस्तस्थरोटिकाम्,
भवन्त्येव,:भवन्ति,एव,
यदाग्नेयास्त्रस्य,:यत्,अग्नेयास्त्रस्य,
सेनाया,अधिकाधिकां,:सेनायाः,अधिकाधिकां,
महाराजेनादेशः,:महाराजेन,आदेशः,
ततो,राजभवनस्य,:ततः,राजभवनस्य,
क्रमशो,सेनाः,:क्रमशः,सेनाः,
भवनान्निर्गताः,:भवनात्,निर्गताः,
सैनिकैस्तु,:सैनिकैः,तु,
युद्धस्यावसरो,नैव,:युद्धस्य,अवसरः,नैव,
महाराजवीरकुमरसिंहस्तु,:महाराजवीरकुमरसिंहः,तु,
विचारशीलो,वर्तते,:विचारशीलः,वर्तते,
महत्त्वमपि,:महत्त्वम्,अपि,
आग्नेयास्त्रसम्पन्नानाङ्ग्लसैनिकान्,:आग्नेयास्त्रसम्पन्नान्,आङ्ग्लसैनिकान्,
सम्यग्ज्ञातम्,:सम्यक्,ज्ञातम्,
परमस्मिञ्जये,:परम्,अस्मिन्,जये,
तस्याङ्ग्लशासकस्य,:तस्य,आङ्ग्लशासकस्य,
जयो,न,:जयः,न,
कोऽकरोत्,:कः,अकरोत्,
यत्तदाङ्गलसैनिकानां,:यत्,तत्,आङ्गलसैनिकानां,
दानवरो,धनादिदानाय,:दानवरः,धनादिदानाय,
स,डानवरः,:सः,डानवरः,
प्रतिवेशभूपतिभ्यो,धनं,:प्रतिवेशभूपतिभ्यः,धनं,
नीतिर्गृहीता,:नीतिः,गृहीता,
भूमिपतयस्तस्य,:भूमिपतयः,तस्य,
स,नीतिनिपुणः,:सः,नीतिनिपुणः,
आङ्ग्ला,धूर्ताः,:आङ्ग्लाः,धूर्ताः,
स,डानवरो,डानवरो,राजनीतिक्षेत्रे,:सः,डानवरः,डानवरः,राजनीतिक्षेत्रे,
प्रमण्डलस्यायुक्तस्य,:प्रमण्डलस्य,अयुक्तस्य,
विलियमटेलरमहोदयस्यादेशेन,:विलियमटेलरमहोदयस्य,आदेशेन,
स,जगदीशपुरस्य,:सः,जगदीशपुरस्य,
साफल्यमपि,:साफल्यम्,अपि,
जगदीशपुरमाङ्ग्लशासनस्याधीने,:जगदीशपुरम्,आङ्ग्लशासनस्य,अधीने,
परतन्त्रताया,बन्धनं,:परतन्त्रतायाः,बन्धनं,
कृतेऽपि,:कृते,अपि,
बन्धनाद्,बहिर्गन्तुं,:बन्धनात्,बहिः,गन्तुं,
बहिर्गन्तुं,:बहिः,गन्तुं,
पादप्रहारमपि,:पादप्रहारम्,अपि,
द्वारमुत्पाटयितुम्,:द्वारम्,उत्पाटयितुम्,
कथमेते,:कथम्,एते,
भूमिपतयस्तस्य,:भूमिपतयः,तस्य,
प्रसुप्तास्ते,:प्रसुप्ताः,ते,
स्वतन्त्रताया,महत्त्वं,:स्वतन्त्रतायाः,महत्त्वं,
जागरणस्याभावो,विद्यते,:जागरणस्य,आभावः,विद्यते,
लोभवशात्ते,:लोभवशात्,ते,
पक्षिण,इव,:पक्षिणः,इव,
पक्षिणो,यथा,:पक्षिणः,यथा,
मानवा,अपि,:मानवाः,अपि,
स्वतन्त्रतामविचारयन्तः,:स्वतन्त्रताम्,अविचारयन्तः,
पक्षिणस्तु,:पक्षिणः,तु,
बुद्धिहीना,भवन्ति,:बुद्धिहीनाः,भवन्ति,
विचारवन्तोऽपि,:विचारवन्तः,अपि,
मानवा,अपि,:मानवाः,अपि,
करणीयमकरणीयं,:करणीयम्,अकरणीयं,
चान्ते,:च,अन्ते,
जालबद्धा,विहङ्गमाः,:जालबद्धाः,विहङ्गमाः,
लोभाभिभूतास्ते,:लोभाभिभूताः,ते,
दुःखयुता,लोका,लोका,भूत्वा,:दुःखयुताः,लोकाः,लोकाः,भूत्वा,
पिबन्तस्ते,:पिबन्तः,ते,
तिष्ठन्तीव,:तिष्ठन्ति,इव,
परतन्त्रताया,बन्धनात्,:परतन्त्रतायाः,बन्धनात्,
मुक्ता,भविष्यामः,:मुक्ताः,भविष्यामः,
मार्गोऽऽश्रयणीयः,:मार्गः,आश्रयणीयः,
जगदीशपुरमवश्यमेव,:जगदीशपुरम्,अवश्यम्,एव,
स्वतन्त्रताया,महत्त्वं,:स्वतन्त्रतायाः,महत्त्वं,
रक्तकणा,वहन्ति,:रक्तकणाः,वहन्ति,
स्वाधीनतासंयुता,दोषा,लोभयुता,लोभयुता,न,:स्वाधीनतासंयुताः,दोषाः,लोभयुताः,लोभयुताः,न,
क्वचिन्मानसे,:क्वचित्,मानसे,
धन्या,सततं,:धन्याः,सततं,
प्रथितास्तेषां,:प्रथिताः,तेषां,
विचारस्तु,:विचारः,तु,
पञ्चनेतारस्तेष्वेको,वीरकुमरसिंहश्चैका,:पञ्चनेतारः,तेषु,एकः,वीरकुमरसिंहः,च,एका,
वीरकुमरसिंहश्चैका,:वीरकुमरसिंहः,च,एका,
स्थितेष्वासनेषु,:स्थितेषु,आसनेषु,
कुमरसिंहस्तेषु,:कुमरसिंहः,तेषु,
वयोवृद्धो,विद्यते,:वयोवृद्धः,विद्यते,
बलस्योत्साहस्य,:बलस्य,उत्साहस्य,
प्राचुर्यमस्ति,:प्राचुर्यम्,अस्ति,
स्वासनादुत्थाय,:स्वासनात्,उत्थाय,
जन्मभूमिश्च,:जन्मभूमिः,च,
सर्वदैव,:सर्वदा,एव,
स्वर्गादपि,:स्वर्गात्,अपि,
गरीयसीति,:गरीयसी,इति,
भारतभूमिस्तु,:भारतभूमिः,तु,
स्वर्गादपि,:स्वर्गात्,अपि,
कारणमिदमस्ति,:कारणम्,इदम्,अस्ति,
यद्,देवा,देवा,अपि,:यत्,देवाः,देवाः,अपि,
कदाऽत्रैवावतारं,:कदा,अत्रैव,अवतारं,
कथमाङ्गलशासनं,:कथम्,आङ्गलशासनं,
प्रसृतमिति,:प्रसृतम्,इति,
जानन्त्येव,:जानन्ति,एव,
आङ्ग्ला,न,:आङ्ग्लाः,न,
भारतीयसंस्कृतेर्महत्त्वम्,:भारतीयसंस्कृतेः,महत्त्वम्,
भेदमुत्पाद्य,:भेदम्,उत्पाद्य,
कर्त्तुमुद्यतोऽयमङ्ग्रेजशासकः,:कर्त्तुम्,उद्यतः,अयम्,अङ्ग्रेजशासकः,
साफल्यमधिगच्छति,:साफल्यम्,अधिगच्छति,
परतन्त्रा,वयम्,:परतन्त्राः,वयम्,
परतन्त्रताया,वायुं,:परतन्त्रतायाः,वायुं,
भवतीति,:भवति,इति,
पाशमनुभवामः,:पाशम्,अनुभवामः,
कपोता,इवाङ्गलव्याधस्य,:कपोताः,इव,आङ्गलव्याधस्य,
इवाङ्गलव्याधस्य,:इव,आङ्गलव्याधस्य,
पाशैर्बद्धा,:पाशैः,बद्धा,
बहिरागन्तुं,:बहिः,आगन्तुं,
बुद्धेश्चातुर्यमपेक्षते,:बुद्धेः,चातुर्यम्,अपेक्षते,
पाशमुक्ता,भवेम,:पाशमुक्ताः,भवेम,
जीवसत्वेऽपि,:जीवसत्वे,अपि,
तण्डुलकणभूमिमवाप्य,:तण्डुलकणभूमिम्,अवाप्य,
सहाऽन्येऽपि,:सह,अन्येऽपि,
दुष्टा,जाताः,:दुष्टाः,जाताः,
मुक्तिस्तदैव,:मुक्तिः,तदा,एव,
परिचिता,भविष्यन्ति,:परिचिताः,भविष्यन्ति,
जना,दुःखे,:जनाः,दुःखे,
निपतिता,अपि,:निपतिताः,अपि,
नेच्छन्ति,:न,इच्छन्ति,
आङ्ग्ला,नित्यं,:आङ्ग्लाः,नित्यं,
शर्करालुब्धा,निपतन्ति,:शर्करालुब्धाः,निपतन्ति,
पुरूषार्थसम्पन्ना,भारतीयाः,:पुरूषार्थसम्पन्नाः,भारतीयाः,
पौरूषरहितानामिवाचरन्ति,:पौरूषरहितानाम्,इव,आचरन्ति,
शास्त्रविदोऽपि,:शास्त्रविदः,अपि,
नीतिज्ञा,लोभादि,:नीतिज्ञाः,लोभादि,
लोभ,एव,:लोभः,एव,
पतन्तीति,:पतन्ति,इति,
महदाश्चर्यकरम्,:महत्,आश्चर्यकरम्,
सितमुखैराङ्ग्लैः,:सितमुखैः,आङ्ग्लैः,
प्रायोऽनेकेषां,:प्रायः,अनेकेषां,
सन्दर्श्यापहृतम्,:सन्दर्श्य,अपहृतम्,
मदीया,एव,:मदीयाः,एव,
भ्रातरस्तेषामाज्ञां,:भ्रातरः,तेषाम्,आज्ञां,
तस्मिन्नाज्ञापालनकर्मणि,:तस्मिन्,आज्ञापालनकर्मणि,
सुखमनुभवन्तीति,:सुखम्,अनुभवन्ति,इति,
आङ्ग्ला,अस्मासु,:आङ्ग्लाः,अस्मासु,
भेदमुत्पाद्य,:भेदम्,उत्पाद्य,
अस्माकमुपरि,:अस्माकम्,उपरि,
कुर्वन्त्याक्रमणं,:कुर्वन्ति,आक्रमणं,
भारतीया,नावगच्छन्ति,:भारतीयाः,न,अवगच्छन्ति,
नावगच्छन्ति,:न,अवगच्छन्ति,
तेषामाङ्ग्लानां,:तेषाम्,आङ्ग्लानां,
प्रकारेणापसारणमेव,:प्रकारेण,अपसारणम्,एव,
कर्त्तव्यमस्ति,:कर्त्तव्यम्,अस्ति,
विचारपरिवर्तनायास्माभिर्यत्नो,विधेयः,:विचारपरिवर्तनाय,अस्माभिः,यत्नः,विधेयः,
कार्यस्यास्य,:कार्यस्य,अस्य,
निर्माणो,भवेत्,:निर्माणः,भवेत्,
शक्तिर्वर्तते,:शक्तिः,वर्तते,
एकताया,बलेनैव,:एकतायाः,बलेन,एव,
बलेनैव,:बलेन,एव,
क्षुद्रकीटादयस्सदा,:क्षुद्रकीटादयः,सदा,
पुनश्च,:पुनः,च,
शक्तिर्नूनं,:शक्तिः,नूनं,
सत्यमिदं,:सत्यम्,इदं,
यद्,भारतीयवीरा,भारतीयवीरा,अपि,:यत्,भारतीयवीराः,भारतीयवीराः,अपि,
कदर्या,अभूवन्,:कदर्याः,अभूवन्,
प्रणिपातसमन्वितास्ते,:प्रणिपातसमन्विताः,ते,
तेषामाज्ञामनुपालयन्ति,:तेषाम्,आज्ञाम्,अनुपालयन्ति,
तेषामाज्ञां,:तेषाम्,आज्ञां,
नानुभवन्ति,:न,अनुभवन्ति,
स्वल्पामपि,:स्वल्पाम्,अपि,
परतन्त्रताया,अन्नैः,:परतन्त्रतायाः,अन्नैः,
भारतीया,ये,:भारतीयाः,ये,
परतन्त्रताया,भूमौ,:परतन्त्रतायाः,भूमौ,
तिष्ठन्तीति,:तिष्ठन्ति,इति,
चेद्भारते,:चेत्,भारते,
आचारैरमरत्वभाववलिता,:आचारैः,अमरत्वभाववलिता,
कथमादधाति,:कथम्,आदधाति,
स्वातन्त्र्यशून्योऽभवत्,:स्वातन्त्र्यशून्यः,अभवत्,
यन्मानवा,भौतिकसुखलाभाय,:यत्,मानवाः,भौतिकसुखलाभाय,
शक्तिसमन्वितस्यापि,:शक्तिसमन्वितस्य,अपि,
कस्मैश्चिल्लाभाय,:कस्मैश्चित्,लाभाय,
तादृशा,मानवा,मानवा,मृताः,:तादृशाः,मानवाः,मानवाः,मृताः,
पशुवज्जीवनस्याकाङ्क्षिणो,भवन्ति,:पशुवत्,जीवनस्य,आकाङ्क्षिणः,भवन्ति,
भारतपुत्रा,भारतस्य,:भारतपुत्राः,भारतस्य,
पराधीनताया,बन्धने,:पराधीनतायाः,बन्धने,
निबद्धा,इति,:निबद्धाः,इति,
सर्वमात्मगौरवं,:सर्वम्,आत्मगौरवं,
आङ्ग्लशासकस्याज्ञां,:आङ्ग्लशासकस्य,आज्ञां,
भारतीयजनेष्वात्मगौरवस्य,:भारतीयजनेषु,आत्मगौरवस्य,
ज्ञानमुत्पादनीयं,:ज्ञानम्,उत्पादनीयं,
जाग्रतास्ते,:जाग्रताः,ते,
परतन्त्रताया,मुक्तये,:परतन्त्रतायाः,मुक्तये,
सन्नाद्धा,भवेयुर्नोचेत्,:सन्नाद्धाः,भवेयुः,नो,चेत्,
भवेयुर्नोचेत्,:भवेयुः,नो,चेत्,
सर्वदैव,:सर्वदा,एव,
परतन्त्रताया,बन्धने,:परतन्त्रतायाः,बन्धने,
कृतयत्ना,वयमेकस्मिन्,:कृतयत्नाः,वयम्,एकस्मिन्,
वयमेकस्मिन्,:वयम्,एकस्मिन्,
स्थिता,भवेम,:स्थिताः,भवेम,
तादृशा,भावा,भावा,योजनीया,योजनीया,यैः,:तादृशाः,भावाः,भावाः,योजनीयाः,योजनीयाः,यैः,
परतन्त्रताया,बन्धनान्मुक्तये,:परतन्त्रतायाः,बन्धनात्,मुक्तये,
बन्धनान्मुक्तये,:बन्धनात्,मुक्तये,
कृतसङ्कल्पा,भवेयुः,:कृतसङ्कल्पाः,भवेयुः,
सङ्घनिर्माणेनैव,:सङ्घनिर्माणेन,एव,
एकस्यैकस्य,:एकस्य,एकस्य,
क्रमशोऽनन्ततां,:क्रमशः,अनन्ततां,
अतो,वयं,:अतः,वयं,
तत्परा,भवेम,:तत्पराः,भवेम,
स्वाभिमानिनो,वीराः,:स्वाभिमानिनः,वीराः,
कृतनिश्चया,बुद्धिमन्तो,बुद्धिमन्तो,भारतीया,भारतीया,आङ्ग्लशासनमुत्पाटनाय,:कृतनिश्चयाः,बुद्धिमन्तः,बुद्धिमन्तः,भारतीयाः,भारतीयाः,आङ्ग्लशासनम्,उत्पाटनाय,
आङ्ग्लशासनमुत्पाटनाय,:आङ्ग्लशासनम्,उत्पाटनाय,
सन्नद्धा,भवेयुः,:सन्नद्धाः,भवेयुः,
सङ्घस्तु,:सङ्घः,तु,
पूर्वकालेऽपि,:पूर्वकाले,अपि,
निर्मितो,वर्तते,:निर्मितः,वर्तते,
सङ्घेष्वपि,:सङ्घेषु,अपि,
पुनर्जागरणस्यापि,:पुनः,जागरणस्य,अपि,
सम्बद्धा,भवन्तु,:सम्बद्धाः,भवन्तु,
पुनश्चाहं,:पुनः,च,अहं,
प्रस्तावस्यास्य,:प्रस्तावस्य,अस्य,
पुनश्च,:पुनः,च,
यदन्येऽपि,:यत्,अन्येऽपि,
प्रस्तावस्यास्य,:प्रस्तावस्य,अस्य,
प्रस्तावस्यास्य,:प्रस्तावस्य,अस्य,
नेतृत्वस्यास्य,:नेतृत्वस्य,अस्य,
शोभनोऽयं,:शोभनः,अयं,
योग्योऽस्ति,:योग्यः,अस्ति,
वीरकुमरसिंहो,यस्य,:वीरकुमरसिंहः,यस्य,
आङ्ग्लशासकोऽपि,:आङ्ग्लशासकः,अपि,
यत्नो,विधेयः,:यत्नः,विधेयः,
पुनर्मयि,:पुनः,मयि,
प्रदत्तमिमं,:प्रदत्तम्,इमं,
कथमहं,:कथम्,अहं,
वक्ष्यामीति,:वक्ष्यामि,इति,
प्राणा,अपि,:प्राणाः,अपि,
भारतस्यात्मगौरवरक्षणमसम्भवमस्तीति,:भारतस्य,आत्मगौरवरक्षणम्,असम्भवम्,अस्ति,इति,
प्रस्तावोऽयं,:प्रस्तावः,अयं,
स्वीकरणीयो,नेतृत्वभारोऽपि,:स्वीकरणीयः,नेतृत्वभारः,अपि,
नेतृत्वभारोऽपि,:नेतृत्वभारः,अपि,
भवद्भिर्दत्तोऽयं,:भवद्भिः,दत्तः,अयं,
नेतृत्वभारो,यद्यपि,:नेतृत्वभारः,यद्यपि,
कठिनस्तथापि,:कठिनः,तथापि,
यत्नवन्तो,भवन्तु,:यत्नवन्तः,भवन्तु,
स्वायत्तीकरणीयमस्ति,:स्वायत्तीकरणीयम्,अस्ति,
यो,हि,:यः,हि,
प्रथमकल्पो,भविष्यति,:प्रथमकल्पः,भविष्यति,
सहयोगस्तु,:सहयोगः,तु,
प्राप्स्यत,एव,:प्राप्स्यते,एव,
सहयोगोऽवश्यमेव,:सहयोगः,अवश्यम्,एव,
शक्तिर्द्विगुणिता,:शक्तिः,द्विगुणिता,
येषामुपरि,:येषाम्,उपरि,
स्वतन्त्रताया,भवनं,:स्वतन्त्रतायाः,भवनं,
नूनमेव,:नूनम्,एव,
स्वयमेकां,:स्वयम्,एकां,
कुमरसिंहो,विजयते,:कुमरसिंहः,विजयते,
चतुर्थोऽङ्कः,:चतुर्थः,अङ्कः,
