मञ्चः,रिक्तो,रिक्तो,वर्तते,:मञ्चः,रिक्तः,रिक्तः,वर्तते,
गतो,मम,:गतः,मम,
पुनर्भ्रमति,:पुनः,भ्रमति,
त्वमत्र,:त्वम्,अत्र,
त्वामन्वेष्टुमेवात्रागतोऽस्मि,:त्वाम्,अन्वेष्टुम्,एव,अत्र,आगतः,अस्मि,
कथमागमने,:कथम्,आगमने,
विलम्बो,जातः,:विलम्बः,जातः,
व्यवहारस्तु,:व्यवहारः,तु,
पालनीयो,भवति,:पालनीयः,भवति,
गुरोर्गेहे,:गुरोः,गेहे,
भृत्यैश्छात्रैरूपासकैः,:भृत्यैः,छात्रैः,उपासकैः,
भृत्या,राज्ञः,:भृत्याः,राज्ञः,
स्वतन्त्रा,भवन्त्येतेऽवकाशे,:स्वतन्त्राः,भवन्ति,एते,अवकाशे,
भवन्त्येतेऽवकाशे,:भवन्ति,एते,अवकाशे,
राजगेहेऽद्य,:राजगेहे,अद्य,
सिंहोऽद्यैव,:सिंहः,अद्यैव,
अतस्तस्य,:अतः,तस्य,
विशेषपूजनमासीत्,:विशेषपूजनम्,आसीत्,
जन्मदिवसस्योपलक्ष्ये,:जन्मदिवसस्य,उपलक्ष्ये,
विशेषपूजनमासीत्‌,:विशेषपूजनम्,आसीत्‌,
तत्रासीदेव,:तत्र,आसीत्,एव,
विशेषभोजनस्यापि,:विशेषभोजनस्य,अपि,
आयोजनमासीत्,:आयोजनम्,आसीत्,
विशिष्टा,नागरिकाः,:विशिष्टाः,नागरिकाः,
पदाधिकारिणोऽन्ये,:पदाधिकारिणः,अन्ये,
विशिष्टा,जना,जना,निमन्त्रिता,निमन्त्रिता,आसन्,:विशिष्टाः,जनाः,जनाः,निमन्त्रिताः,निमन्त्रिताः,आसन्,
चासीत्,:च,आसीत्,
व्यापृतोऽऽसम्,:व्यापृतः,आसम्,
वर्षीयात्मको,जन्मोत्सवो,जन्मोत्सवो,न,:वर्षीयात्मकः,जन्मोत्सवः,जन्मोत्सवः,न,
अतो,महाराजस्य,:अतः,महाराजस्य,
ततो,विशिष्टरूपेण,:ततः,विशिष्टरूपेण,
भोजस्यायोजनमासीत्,:भोजस्य,आयोजनम्,आसीत्,
ईश्वराराधनमपि,:ईश्वराराधनम्,अपि,
न्यूनमेव,:न्यूनम्,एव,
व्यापृतमासीत्,:व्यापृतम्,आसीत्,
तत्रोच्चसिंहासने,:तत्र,उच्चसिंहासने,
जना,विशेषेणैकत्राऽऽसन्,:जनाः,विशेषेण,एकत्र,आसन्,
विशेषेणैकत्राऽऽसन्,:विशेषेण,एकत्र,आसन्,
शुभकामनाञ्च,:शुभकामनां,च,
विशिष्टा,जनास्तत्रोपस्थिता,जनास्तत्रोपस्थिता,आसन्,:विशिष्टाः,जनाः,तत्र,उपस्थिताः,जनाः,तत्र,उपस्थिताः,आसन्,
अधिका,जना,जना,महाराजस्य,:अधिकाः,जनाः,जनाः,महाराजस्य,
प्रकटितवन्तो,गले,:प्रकटितवन्तः,गले,
अस्मिन्नवसरे,:अस्मिन्,अवसरे,
यदद्याहं,:यत्,अद्य,अहं,
वर्षीयोऽस्मि,:वर्षीयः,अस्मि,
पुत्रस्योपरि,:पुत्रस्य,उपरि,
वनगमनमेव,:वनगमनम्,एव,
पुत्रा,युवका,युवका,योग्या,योग्या,राजकर्मणि,:पुत्राः,युवकाः,युवकाः,योग्याः,योग्याः,राजकर्मणि,
निपुणा,विद्यन्ते,:निपुणाः,विद्यन्ते,
दशवर्षादधिकं,:दशवर्षात्,अधिकं,
यावद्,राज्यभारं,:यावत्,राज्यभारं,
साम्प्रतमहमिच्छामि,:साम्प्रतम्,अहम्,इच्छामि,
यद्,राज्यभारमिदं,:यत्,राज्यभारम्,इदं,
राज्यभारमिदं,:राज्यभारम्,इदं,
पुत्रेष्वन्यतमो,निर्वहेत,:पुत्रेषु,अन्यतमः,निर्वहेत,
मन्त्रिणोऽप्यासन्,:मन्त्रिणः,अपि,आसन्,
प्रमुखा,मन्त्रिणोऽप्यासन्,:प्रमुखाः,मन्त्रिणः,अपि,आसन्,
मन्त्रिणोऽप्यासन्,:मन्त्रिणः,अपि,आसन्,
पुनश्चान्ये,:पुनः,च,अन्ये,
पदाधिकारिणोऽपि,:पदाधिकारिणः,अपि,
तत्रोपस्थिता,आसन्,:तत्र,उपस्थिताः,आसन्,
समागतास्ते,:समागताः,ते,
तत्राऽऽसन्,:तत्र,आसन्,
विशिष्टा,अपि,:विशिष्टाः,अपि,
प्रमुखास्तत्र,:प्रमुखाः,तत्र,
राज्याधिकारिणस्तथा,:राज्याधिकारिणः,तथा,
कुलश्रेष्ठाश्च,:कुलश्रेष्ठाः,च,
मन्त्रणायामुपस्थिताः,:मन्त्रणायाम्,उपस्थिताः,
राजपुत्रा,अपि,:राजपुत्राः,अपि,
तत्रासन्,:तत्र,आसन्,
राजपुत्राणामुपस्थितौ,:राजपुत्राणाम्,उपस्थितौ,
वस्तुतो,महाराजस्य,:वस्तुतः,महाराजस्य,
पुत्रा,वीराश्चतुराः,:पुत्राः,वीराः,चतुराः,
वीराश्चतुराः,:वीराः,चतुराः,
राज्यकर्मण्यपि,:राज्यकर्मणि,अपि,
निष्णाता,विद्यन्ते,:निष्णाताः,विद्यन्ते,
प्रायस्ते,:प्रायः,ते,
राजपुत्रा,एव,:राजपुत्राः,एव,
गुणान्विता,बलयुताः,:गुणान्विताः,बलयुताः,
सिंहोपमा,विश्रुताः,:सिंहोपमाः,विश्रुताः,
सुकुशला,राज्ञः,:सुकुशलाः,राज्ञः,
शोभना,धर्मस्थापनहेतवेऽत्र,:शोभनाः,धर्मस्थापनहेतवे,अत्र,
विबुधा,आविर्बभूवुर्यथा,:विबुधाः,आविर्बभूवुः,यथा,
आविर्बभूवुर्यथा,:आविर्बभूवुः,यथा,
नरा,वस्तुतो,वस्तुतो,धन्या,धन्या,येषां,:नराः,वस्तुतः,वस्तुतः,धन्याः,धन्याः,येषां,
पुत्रस्याभ्युदये,:पुत्रस्य,अभ्युदये,
भारतस्थितो,विदेशीशासको,विदेशीशासको,राज्यविस्तारे,:भारतस्थितः,विदेशीशासकः,विदेशीशासकः,राज्यविस्तारे,
संलग्नो,विद्यते,:संलग्नः,विद्यते,
स,राज्यस्यास्योपरि,:सः,राज्यस्य,अस्य,उपरि,
राज्यस्यास्योपरि,:राज्यस्य,अस्य,उपरि,
करिष्यतीति,:करिष्यति,इति,
यतो,हि,:यतः,हि,
अङ्ग्रेजश्छलछद्मनीतिनिपुणो,नित्यं,:अङ्ग्रेजश्छलछद्मनीतिनिपुणः,नित्यं,
बलैरन्वितः,:बलैः,अन्वितः,
भेदनीतिसहितो,द्वेषं,:भेदनीतिसहितः,द्वेषं,
धूर्तैर्जगद्,वञ्चितम्,:धूर्तैः,जगत्,वञ्चितम्,
यद्,राजा,:यत्,राजा,
योग्यपुत्रस्योपरि,:योग्यपुत्रस्य,उपरि,
निधायाङ्गलशासनमुन्मूलयितुमिच्छति,:निधाय,आङ्गलशासनम्,उन्मूलयितुम्,इच्छति,
को,राजकुमारो,राजकुमारो,राज्यस्यास्य,:कः,राजकुमारः,राजकुमारः,राज्यस्य,अस्य,
राज्यस्यास्य,:राज्यस्य,अस्य,
सर्वथोपयुक्तो,भविष्यति,:सर्वथा,उपयुक्तः,भविष्यति,
राजकुमारा,भृशं,:राजकुमाराः,भृशं,
तेष्वेकस्य,:तेषु,एकस्य,
महत्कठिनमस्ति,:महत्कठिनम्,अस्ति,
कर्मकरैरेतादृशो,विचारो,विचारो,नैव,:कर्मकरैः,एतादृशः,विचारः,विचारः,नैव,
भित्तेरपि,:भित्तेः,अपि,
कर्णो,भवतीति,:कर्णः,भवति,इति,
भवतीति,:भवति,इति,
विदितमस्ति,:विदितम्,अस्ति,
अन्यच्च,:अन्यत्,च,
विचारो,नैव,:विचारः,नैव,
धूर्ता,रहस्यं,:धूर्ताः,रहस्यं,
ध्रुव,राजा,:ध्रुवः,राजा,
तद्,भाषणं,:तत्,भाषणं,
मदन्योऽत्र,:मदन्यः,अत्र,
नास्ति,:न,अस्ति,
राजमन्दिरस्यैतस्मिन्,:राजमन्दिरस्य,एतस्मिन्,
किञ्चिद्,भयं,:किञ्चित्,भयं,
नास्ति,:न,अस्ति,
ममोपरि,:मम,उपरि,
प्रियमित्रमसि,:प्रियमित्रम्,असि,
नाऽहं,:न,अहं,
राजपुत्रा,वीरा,वीरा,राजकार्ये,:राजपुत्राः,वीराः,वीराः,राजकार्ये,
दक्षाश्च,:दक्षाः,च,
कुमरसिंहोऽतीव,:कुमरसिंहः,अतीव,
कुमरसिंहोऽस्ति,:कुमरसिंहः,अस्ति,
यत्तव,:यत्,तव,
राज्यस्यास्य,:राज्यस्य,अस्य,
सर्वथोपयुक्तो,राजा,:सर्वथा,उपयुक्तः,राजा,
को,भविष्यति,:कः,भविष्यति,
विचारोऽपि,:विचारः,अपि,
कुमारो,युवराजोऽस्ति,:कुमारः,युवराजः,अस्ति,
युवराजोऽस्ति,:युवराजः,अस्ति,
लोकप्रियो,युवा,:लोकप्रियः,युवा,
निर्णयो,न,:निर्णयः,न,
विशेषाधिवेशनेऽस्य,:विशेषाधिवेशने,अस्य,
निर्णयो,भविष्यति,:निर्णयः,भविष्यति,
कालोऽपि,:कालः,अपि,
राजभवनमेव,:राजभवनम्,एव,
विशेषाधिवेशनमायोजितमस्ति,:विशेषाधिवेशनम्,आयोजितम्,अस्ति,
द्रक्ष्यामो,यत्किं,:द्रक्ष्यामः,यत्,किं,
यत्किं,:यत्,किं,
भवतीति,:भवति,इति,
राज्ञो,विनिश्चये,:राज्ञः,विनिश्चये,
विचारो,ग्राह्यः,:विचारः,ग्राह्यः,
प्रतिहारश्च,:प्रतिहारः,च,
सिंहासनमलङ्करोतु,:सिंहासनम्,अलङ्करोतु,
पश्चाच्च,:पश्चात्,च,
सिंहासनमधितिष्ठति,:सिंहासनम्,अधितिष्ठति,
उपस्थितो,न,:उपस्थितः,न,
समयोऽपक्रामति,:समयः,अपक्रामति,
ग्रहीतुमागता,विद्यन्ते,:ग्रहीतुम्,आगताः,विद्यन्ते,
समागता,इति,:समागताः,इति,
यदाज्ञापयति,:यत्,आज्ञापयति,
प्रणमन्निष्क्रान्तः,:प्रणमन्,निष्क्रान्तः,
समागता,इति,:समागताः,इति,
आसनस्योपरि,:आसनस्य,उपरि,
यदाज्ञापयति,:यत्,आज्ञापयति,
महादेव,:महात्,एव,
माधवाच्चुतनामभिरङ्कितानि,:माधवाच्चुतनामभिः,अङ्कितानि,
आसनस्याग्रे,:आसनस्य,अग्रे,
स्वनियोगमशून्यं,:स्वनियोगम्,अशून्यं,
यदाज्ञापयति,:यत्,आज्ञापयति,
प्रणमन्निष्क्रान्तः,:प्रणमन्,निष्क्रान्तः,
द्वारपालश्च,:द्वारपालः,च,
नामाङ्कितान्यासनानि,:नामाङ्कितानि,आसनानि,
यदाज्ञापयति,:यत्,आज्ञापयति,
यदाज्ञापयति,:यत्,आज्ञापयति,
प्रणमन्निष्क्रान्तः,:प्रणमन्,निष्क्रान्तः,
सदस्यानामहं,:सदस्यानाम्,अहं,
पुनश्चोपस्थापयामि,:पुनः,च,उपस्थापयामि,
यदाङ्गलशासकस्य,:यत्,आङ्गलशासकस्य,
दृष्टिर्मम,:दृष्टिः,मम,
राज्यस्योपरि,:राज्यस्य,उपरि,
समापतितेति,:समापतिता,इति,
दूतमुखान्मया,:दूतमुखात्,मया,
तस्याक्रमणं,:तस्य,आक्रमणं,
सम्भावितमस्ति,:सम्भावितम्,अस्ति,
राजानो,दासतां,:राजानः,दासतां,
शाहावादेऽपि,:शाहावादे,अपि,
दृष्टिस्तस्य,:दृष्टिः,तस्य,
प्रथमो,मन्त्री,:प्रथमः,मन्त्री,
महादेवो,विषयेऽस्मिन्,:महादेवः,विषये,अस्मिन्,
विषयेऽस्मिन्,:विषये,अस्मिन्,
चिन्तनस्याभिनयं,:चिन्तनस्य,अभिनयं,
सिंहसदृशा,बलिष्ठा,बलिष्ठा,रणाङ्गणे,:सिंहसदृशाः,बलिष्ठाः,बलिष्ठाः,रणाङ्गणे,
कालसमा,विद्यन्ते,:कालसमाः,विद्यन्ते,
पाश्चात्यशासका,न,:पाश्चात्यशासकाः,न,
अहमिच्छामि,:अहम्,इच्छामि,
स्वपुत्रेष्वन्यतमस्य,:स्वपुत्रेषु,अन्यतमस्य,
राज्यस्यास्य,:राज्यस्य,अस्य,
येनात्र,:येन,अत्र,
सर्वविधाभ्युदयो,भवेदित्यस्मिन्,:सर्वविधाभ्युदयः,भवेत्,इति,अस्मिन्,
भवेदित्यस्मिन्,:भवेत्,इति,अस्मिन्,
योग्यताया,विचारं,:योग्यतायाः,विचारं,
प्रियकरा,नूनं,:प्रियकराः,नूनं,
ह्यात्मसम्भवाः,:हि,आत्मसम्भवाः,
पुत्रेभ्योऽपि,:पुत्रेभ्यः,अपि,
उमराँवसिंहो,ज्येष्ठस्तेजस्वी,:उमराँवसिंहः,ज्येष्ठः,तेजस्वी,
ज्येष्ठस्तेजस्वी,:ज्येष्ठः,तेजस्वी,
गम्भीरश्च,:गम्भीरः,च,
धीरोऽसौ,:धीरः,असौ,
शान्तिप्रियोऽस्ति,:शान्तिप्रियः,अस्ति,
ज्येष्ठपुत्रस्यैव,:ज्येष्ठपुत्रस्य,एव,
दातव्यमिति,:दातव्यम्,इति,
स,हि,:सः,हि,
बाल्यादेव,:बाल्यात्,एव,
प्रवीणोऽस्ति,:प्रवीणः,अस्ति,
उमरावो,महावीरो,महावीरो,युवराजो,युवराजो,युधिष्ठिरः,:उमरावः,महावीरः,महावीरः,युवराजः,युवराजः,युधिष्ठिरः,
उमरावसिंहो,वीरो,वीरो,गुणज्ञो,गुणज्ञो,गम्भीरश्च,:उमरावसिंहः,वीरः,वीरः,गुणज्ञः,गुणज्ञः,गम्भीरः,च,
गम्भीरश्च,:गम्भीरः,च,
राज्यासनस्याधिकारी,:राज्यासनस्य,अधिकारी,
सत्वेऽपि,:सत्वे,अपि,
प्रियपुत्रोऽसौ,:प्रियपुत्रः,असौ,
सामदानदण्डभेदादीनामवलम्बनं,:सामदानदण्डभेदादीनाम्,अवलम्बनं,
करिष्यतीति,:करिष्यति,इति,
विषयेऽस्मिन्,:विषये,अस्मिन्,
द्वितीयो,मन्त्री,:द्वितीयः,मन्त्री,
उमराँवसिंहो,यद्यपि,:उमराँवसिंहः,यद्यपि,
ज्येष्ठो,गुणज्ञो,गुणज्ञो,भृशं,:ज्येष्ठः,गुणज्ञः,गुणज्ञः,भृशं,
शान्तिप्रियश्च,:शान्तिप्रियः,च,
ज्येष्ठत्वाद्,राज्यासनस्याधिकारी,:ज्येष्ठत्वात्,राज्यासनस्य,अधिकारी,
राज्यासनस्याधिकारी,:राज्यासनस्य,अधिकारी,
युद्धादसम्बद्धोऽसौ,:युद्धात्,असम्बद्धः,असौ,
वक्ष्यतीति,:वक्ष्यति,इति,
विचार्याऽहं,:विचार्य,अहं,
यद्,भवतां,:यत्,भवतां,
दयालसिंहो,युद्धविद्यासु,:दयालसिंहः,युद्धविद्यासु,
परमदयालुश्च,:परमदयालुः,च,
पुनश्च,:पुनः,च,
युवराजो,दयालोऽस्ति,:युवराजः,दयालः,अस्ति,
दयालोऽस्ति,:दयालः,अस्ति,
दयालुर्दीनबन्धुर्हि,:दयालुः,दीनबन्धुः,हि,
उमरावसिंहादपि,:उमरावसिंहात्,अपि,
दयालसिंहो,राज्ञः,:दयालसिंहः,राज्ञः,
भृशमुपयुक्तो,वर्तते,:भृशमुपयुक्तः,वर्तते,
पुत्रो,दयालसिंहो,दयालसिंहो,विद्यते,:पुत्रः,दयालसिंहः,दयालसिंहः,विद्यते,
यो,हि,:यः,हि,
निष्णातो,यथार्थनामाऽसौ,:निष्णातः,यथार्थनामा,असौ,
नेच्छति,:न,इच्छति,
विषयेऽस्मिन्,:विषये,अस्मिन्,
तृतीयो,मन्त्री,:तृतीयः,मन्त्री,
विचारयितुमभिनयं,:विचारयितुम्,अभिनयं,
उमराँवसिंहो,यथा,:उमराँवसिंहः,यथा,
नेच्छति,:न,इच्छति,
दयालसिंहोऽपि,:दयालसिंहः,अपि,
यो,युद्धाभ्यस्तोऽपि,:यः,युद्धाभ्यस्तः,अपि,
युद्धाभ्यस्तोऽपि,:युद्धाभ्यस्तः,अपि,
तृतीयो,पुत्रो,पुत्रो,राजपतिसिंहो,राजपतिसिंहो,वर्तते,:तृतीयः,पुत्रः,पुत्रः,राजपतिसिंहः,राजपतिसिंहः,वर्तते,
यो,हि,:यः,हि,
राजपतिर्नूनमेव,:राजपतिः,नूनम्,एव,
पतिर्भविष्यति,:पतिः,भविष्यति,
नेतृत्वमयमेव,:नेतृत्वम्,अयमेव,
पुनश्च,:पुनः,च,
कृषेर्विकासाय,:कृषेः,विकासाय,
युवराजस्यास्य,:युवराजस्य,अस्य,
राजपतिस्तृतीयोऽस्ति,:राजपतिः,तृतीयः,अस्ति,
बाल्यादेव,:बाल्यात्,एव,
सहायोऽसौ,:सहायः,असौ,
पुत्रो,राजपतिसिंहो,राजपतिसिंहो,वस्तुतो,वस्तुतो,विलक्षणो,विलक्षणो,विद्यते,:पुत्रः,राजपतिसिंहः,राजपतिसिंहः,वस्तुतः,वस्तुतः,विलक्षणः,विलक्षणः,विद्यते,
स,सर्वेषां,:सः,सर्वेषां,
प्रियदर्शनोऽस्ति,:प्रियदर्शनः,अस्ति,
सहायको,वर्तते,:सहायकः,वर्तते,
परमसौ,:परम्,असौ,
नेच्छति,:न,इच्छति,
वस्तुतो,वीरभोग्या,:वस्तुतः,वीरभोग्या,
यो,हि,:यः,हि,
बलसत्वोऽपि,:बलसत्वः,अपि,
बलस्योपयोगं,:बलस्य,उपयोगं,
राज्ञो,विकासो,विकासो,नैव,:राज्ञः,विकासः,विकासः,नैव,
कनिष्ठपुत्रस्यामरसिंहस्य,:कनिष्ठपुत्रस्य,अमरसिंहस्य,
योग्यताया,विचारं,:योग्यतायाः,विचारं,
पुत्रोऽमरसिंहोऽमरसदृशः,:पुत्रः,अमरसिंहः,अमरसदृशः,
युवाऽसौ,:युवा,असौ,
प्रियपुत्रोऽस्ति,:प्रियपुत्रः,अस्ति,
पञ्चमोऽमरसिंहोऽस्ति,:पञ्चमः,अमरसिंहः,अस्ति,
धीरो,मान्यो,मान्यो,वदान्यश्च,:धीरः,मान्यः,मान्यः,वदान्यः,च,
वदान्यश्च,:वदान्यः,च,
युवराजामरसिंहस्तु,:युवराजामरसिंहः,तु,
राजसन्निभो,विद्यते,:राजसन्निभः,विद्यते,
राज्यमिदमलङ्कृतं,:राज्यम्,इदम्,अलङ्कृतं,
स,स्वकीयां,:सः,स्वकीयां,
यन्मम,:यत्,मम,
पुत्रोऽमरसिंहोऽतीव,:पुत्रः,अमरसिंहः,अतीव,
स,राज्यभारं,:सः,राज्यभारं,
स,तु,:सः,तु,
सर्वदैव,:सर्वदा,एव,
विषयेऽस्मिन्,:विषये,अस्मिन्,
प्रकाशनीयो,भवेत्,:प्रकाशनीयः,भवेत्,
कुमरसिंहो,महान्,:कुमरसिंहः,महान्,
परमसाहसिकश्च,:परमसाहसिकः,च,
शत्रवोऽपि,:शत्रवः,अपि,
समर्था,न,:समर्थाः,न,
निपुणो,यथा,:निपुणः,यथा,
आयोजितासि,:आयोजिता,असि,
स,प्रथमो,प्रथमो,जातः,:सः,प्रथमः,प्रथमः,जातः,
बाणविद्यायामपि,:बाणविद्यायाम्,अपि,
स,परमदक्षः,:सः,परमदक्षः,
प्रसिद्धलक्ष्यवेधकश्चास्ति,:प्रसिद्धलक्ष्यवेधकः,च,अस्ति,
चन्द्रहासचालनेऽस्य,:चन्द्रहासचालने,अस्य,
कुमारो,वीरपुत्रोऽस्ति,:कुमारः,वीरपुत्रः,अस्ति,
वीरपुत्रोऽस्ति,:वीरपुत्रः,अस्ति,
प्रसिद्धो,लक्ष्यवेधकः,:प्रसिद्धः,लक्ष्यवेधकः,
तृतीयमन्त्रिणमच्युतं,:तृतीयमन्त्रिणम्,अच्युतं,
विषयेऽस्मिन्,:विषये,अस्मिन्,
सत्यमस्ति,:सत्यम्,अस्ति,
यद्राज्ये,:यत्,राज्ये,
स,सर्वप्रथमो,सर्वप्रथमो,जातः,:सः,सर्वप्रथमः,सर्वप्रथमः,जातः,
कुमरसिंहस्यास्य,:कुमरसिंहस्य,अस्य,
भ्रातरोऽपि,:भ्रातरः,अपि,
तस्यैव,:तस्य,एव,
किमधिकम्,:किम्,अधिकम्,
कार्तिकेयोऽस्ति,:कार्तिकेयः,अस्ति,
स,हनिष्यति,:सः,हनिष्यति,
तात्पर्यमस्ति,:तात्पर्यम्,अस्ति,
यत्कुमरसिंहो,राज्यस्यास्य,:यत्कुमरसिंहः,राज्यस्य,अस्य,
राज्यस्यास्य,:राज्यस्य,अस्य,
उपयुक्तो,वर्तते,:उपयुक्तः,वर्तते,
विचारोऽयं,:विचारः,अयं,
प्रधानो,मन्त्री,:प्रधानः,मन्त्री,
नूनमेवाङ्ग्रेजेन,:नूनम्,एव,अङ्ग्रेजेन,
कुमारसदृशो,भविष्यति,:कुमारसदृशः,भविष्यति,
कुमारेणैवालङ्कृता,:कुमारेण,एव,अलङ्कृता,
कुमारो,बलेन,:कुमारः,बलेन,
भोक्ष्यतीति,:भोक्ष्यति,इति,
यतो,हि,:यतः,हि,
यस्याङ्गानि,:यस्य,अङ्गानि,
वज्रसदृशान्याभान्ति,:वज्रसदृशानि,आभान्ति,
अश्वारोहणमस्ति,:अश्वारोहणम्,अस्ति,
यो,वै,:यः,वै,
धुरारक्षको,यो,युवराजराजिलसितो,युवराजराजिलसितो,सोऽयं,:धुरारक्षकः,यः,युवराजराजिलसितः,युवराजराजिलसितः,सोऽयं,
कुमारो,महान्,:कुमारः,महान्,
यदस्य,:यत्,अस्य,
राज्याभिषेको,भवेत्,:राज्याभिषेकः,भवेत्,
पुनरिदमपि,:पुनः,इदमपि,
शास्त्रधर्मस्यापि,:शास्त्रधर्मस्य,अपि,
शास्त्राचारो,नैव,:शास्त्राचारः,नैव,
प्रधानो,मन्त्री,:प्रधानः,मन्त्री,
ज्येष्ठपुत्रेणैव,:ज्येष्ठपुत्रेण,एव,
ज्येष्ठपुत्रो,राज्यभारवहने,:ज्येष्ठपुत्रः,राज्यभारवहने,
स्वकीयामनिच्छां,:स्वकीयाम्,अनिच्छां,
राज्यशासनभारो,दातव्य,दातव्य,इति,:राज्यशासनभारः,दातव्यः,दातव्यः,इति,
निर्णयोऽस्ति,:निर्णयः,अस्ति,
गम्भीरो,वर्तते,:गम्भीरः,वर्तते,
यद्यप्यनेकेगुणाः,:यद्यपि,अनेकेगुणाः,
तस्येच्छा,:तस्य,इच्छा,
नास्तीति,:न,अस्ति,इति,
सत्यमेव,:सत्यम्,एव,
यदहं,:यत्,अहं,
पृथिव्यामुपस्थितोऽस्मि,:पृथिव्याम्,उपस्थितः,अस्मि,
यत्नवानहं,:यत्नवान्,अहं,
राजकर्मण्यपि,:राजकर्मणि,अपि,
अतस्तस्येच्छा,:अतः,तस्य,इच्छा,
तस्येच्छायाः,:तस्य,इच्छायाः,
सम्मानोऽपि,:सम्मानः,अपि,
द्वितीयस्तृतीयोऽपि,:द्वितीयः,तृतीयः,अपि,
कुमरसिंहस्यैव,:कुमरसिंहस्य,एव,
योगमपि,:योगम्,अपि,
समुचितो,भविष्यति,:समुचितः,भविष्यति,
तयोर्विचारो,राज्यभारवहनार्थं,:तयोः,विचारः,राज्यभारवहनार्थं,
निषेधात्मको,भवति,:निषेधात्मकः,भवति,
विचारणीयाऽस्ति,:विचारणीया,अस्ति,
वाञ्छतस्तर्हि,:वाञ्छतः,तर्हि,
शास्त्रदोषोऽपि,:शास्त्रदोषः,अपि,
यन्मम,:यत्,मम,
द्वितीयो,दयालसिंहस्तृतीयो,दयालसिंहस्तृतीयो,राजपतिसिंहश्च,:द्वितीयः,दयालसिंहः,तृतीयः,दयालसिंहः,तृतीयः,राजपतिसिंहः,च,
राजपतिसिंहश्च,:राजपतिसिंहः,च,
नेच्छन्ति,:न,इच्छन्ति,
कनिष्ठपुत्रोऽमरसिंहः,:कनिष्ठपुत्रः,अमरसिंहः,
नेतृत्वमभिलषति,:नेतृत्वम्,अभिलषति,
स,वीरकुमरसिंहस्य,:सः,वीरकुमरसिंहस्य,
स्वकीयामास्थां,:स्वकीयाम्,आस्थां,
निश्चितमभूद्,यन्मम,:निश्चितम्,अभूत्,यत्,मम,
यन्मम,:यत्,मम,
कुमरसिंहोऽस्य,:कुमरसिंहः,अस्य,
समर्थो,विद्यते,:समर्थः,विद्यते,
स,एवास्य,:सः,एव,अस्य,
एवास्य,:एव,अस्य,
कथितमस्ति,:कथितम्,अस्ति,
कुमरसिंहो,वीरेष्वग्रगण्यो,वीरेष्वग्रगण्यो,विद्यते,:कुमरसिंहः,वीरेषु,अग्रगण्यः,वीरेषु,अग्रगण्यः,विद्यते,
विश्रुतमेव,:विश्रुतम्,एव,
तस्योत्कर्षतां,:तस्य,उत्कर्षतां,
विचारस्तादृशो,विद्यते,:विचारः,तादृशः,विद्यते,
गुणा,व्यक्त्याश्रिता,व्यक्त्याश्रिता,भवन्ति,:गुणाः,व्यक्त्याश्रिताः,व्यक्त्याश्रिताः,भवन्ति,
गुणानामाधानं,:गुणानाम्,आधानं,
उत्तमयोगसन्निद्धावेव,:उत्तमयोगसन्निद्धौ,एव,
कस्मिन्नपि,:कस्मिन्,अपि,
विशिष्टा,गुणाः,:विशिष्टाः,गुणाः,
स,एवं,:सः,एवं,
श्रेष्ठो,ज्येष्ठो,ज्येष्ठो,भविष्यति,:श्रेष्ठः,ज्येष्ठः,ज्येष्ठः,भविष्यति,
यो,हि,:यः,हि,
गुणानतिशेते,:गुणान्,अतिशेते,
यतो,हि,:यतः,हि,
श्रेष्ठत्वमाप्नोति,:श्रेष्ठत्वम्,आप्नोति,
निर्णयोऽयं,:निर्णयः,अयं,
भवन्तो,धन्यवादार्हाः,:भवन्तः,धन्यवादार्हाः,
निर्णयस्यास्य,:निर्णयस्य,अस्य,
विशेषाधिवेशनमिदं,:विशेषाधिवेशनम्,इदं,
भवन्तो,राज्यस्यार्थसिद्धये,:भवन्तः,राज्यस्य,अर्थसिद्धये,
राज्यस्यार्थसिद्धये,:राज्यस्य,अर्थसिद्धये,
स्वस्वासनादुत्थाय,:स्वस्वासनात्,उत्थाय,
शोभनो,वर्तते,:शोभनः,वर्तते,
राज्यस्यास्य,:राज्यस्य,अस्य,
सर्वथोचितो,विद्यते,:सर्वथा,उचितः,विद्यते,
शुभमुहूर्तो,निर्धारयितव्योऽस्ति,:शुभमुहूर्तः,निर्धारयितव्यः,अस्ति,
निर्धारयितव्योऽस्ति,:निर्धारयितव्यः,अस्ति,
अहमुपस्थितोऽस्मि,:अहम्,उपस्थितः,अस्मि,
राजभवनमार्गमादेशय,:राजभवनमार्गम्,आदेशय,
इत,इतो,इतो,महाराजः,:इतः,इतः,इतः,महाराजः,
मञ्चेऽग्रे,:मञ्चे,अग्रे,
पश्चाच्च,:पश्चात्,च,
परिभ्रमन्निष्क्रान्तौ,:परिभ्रमन्,निष्क्रान्तौ,
महाराजसाहबजादासिंहस्याज्ञा,:महाराजसाहबजादासिंहस्य,आज्ञा,
यदद्यैव,:यत्,अद्यैव,
सर्वोत्तमो,योगः,:सर्वोत्तमः,योगः,
अतोऽद्यैवाभिजिन्मुहूर्ते,:अतः,अद्यैव,अभिजित्,मुहूर्ते,
राज्याभिषेको,राजभवने,:राज्याभिषेकः,राजभवने,
नागरिका,अपि,:नागरिकाः,अपि,
सज्जितमस्ति,:सज्जितम्,अस्ति,
समानीतैर्जलैर्घटाः,:समानीतैः,जलैः,घटाः,
राजछत्रमस्ति,:राजछत्रम्,अस्ति,
राजचमरो,विद्यते,:राजचमरः,विद्यते,
निहितमस्ति,:निहितम्,अस्ति,
रजतपात्रेऽक्षततण्डुलकुङ्कुमादिमाङ्गलिकद्रव्याणि,:रजतपात्रे,अक्षततण्डुलकुङ्कुमादिमाङ्गलिकद्रव्याणि,
पुरोहितादयो,वैदिका,वैदिका,यथासने,:पुरोहितादयः,वैदिकाः,वैदिकाः,यथा,आसने,
यथासने,:यथा,आसने,
साहबजादासिंहो,विराजते,:साहबजादासिंहः,विराजते,
मन्त्रिणो,विशिष्टा,विशिष्टा,अतिथयश्च,:मन्त्रिणः,विशिष्टाः,विशिष्टाः,अतिथयः,च,
अतिथयश्च,:अतिथयः,च,
विराजमाना,विद्यन्ते,:विराजमानाः,विद्यन्ते,
देवा,भद्रं,:देवाः,भद्रं,
पश्येमाक्षभिर्यजत्राः,:पश्येम,अक्षभिः,यजत्राः,
स्थिरैरङ्गैस्तुष्टूवांसस्तनूभिर्व्यशेमहि,:स्थिरैः,अङ्गैः,तुष्टूवांसः,तनूभिः,व्यशेमहि,
यदायुः,:यत्,आयुः,
उत्थायोद्घोषणं,:उत्थाय,उद्घोषणं,
महतो,वीरस्य,:महतः,वीरस्य,
निश्चितो,राज्याभिषेकः,:निश्चितः,राज्याभिषेकः,
चत्वारो,भ्रातरस्तं,:चत्वारः,भ्रातरः,तं,
भ्रातरस्तं,:भ्रातरः,तं,
(चत्वारो,भ्रातरः,:(चत्वारः,भ्रातरः,
स्वस्वासनादुत्थाय,:स्वस्वासनात्,उत्थाय,
यज्ञमयजन्त,देवास्तानि,:यज्ञम्,अयजन्तः,देवाः,तानि,
देवास्तानि,:देवाः,तानि,
प्रथमान्यासन्,:प्रथमानि,आसन्,
स,मे,:सः,मे,
कामान्कामकानाय,:कामात्,कामकानाय,
दक्षिणहस्तेनाम्रपल्लवैर्जलं,:दक्षिणहस्तेन,आम्रपल्लवैः,जलं,
गृहीत्वाभिषेकं,:गृहीत्वा,अभिषेकं,
आपो,हिष्टा,:आपः,हिष्टा,
मायोभुवस्ता,न,:मायोभुवः,ताः,न,
वैदिका,अपि,:वैदिकाः,अपि,
तीर्थजलमाम्रपल्लवैर्गृहीत्वाऽभिषेकस्याभिनयं,:तीर्थजलम्,आम्रपल्लवैः,गृहीत्वा,अभिषेकस्य,अभिनयं,
हस्तयोर्धृत्वा,:हस्तयोः,धृत्वा,
मदीयैर्वंशजैः,:मदीयैः,वंशजैः,
मयाऽपि,:मया,अपि,
ह्यतेत्,:हि,एतेत्,
महाराज्यमाधिपत्यमयं,:महाराज्यम्,अधिपत्यम्,अयं,
समुद्रपर्यन्ताया,एकराडिति,:समुद्रपर्यन्तायाः,एकराट्,इति,
एकराडिति,:एकराट्,इति,
स्वस्त्यस्तु,:स्वस्ति,अस्तु,
कुशलमस्तु,:कुशलम्,अस्तु,
शतायुरस्तु,:शतायुः,अस्तु,
सदाऽस्तु,:सदा,अस्तु,
बलमस्तु,:बलम्,अस्तु,
रिपुक्षयोऽस्तु,:रिपुक्षयः,अस्तु,
बुद्धिरस्तु,:बुद्धिः,अस्तु,
हस्तयोर्नीत्वा,:हस्तयोः,नीत्वा,
रत्नभूतेयं,:रत्नभूता,इयं,
नानारत्नैर्विनिर्मिता,:नानारत्नैः,विनिर्मिता,
राज्यस्यास्य,:राज्यस्य,अस्य,
संशिक्षितास्ते,:संशिक्षिताः,ते,
भवेद्,वसुमती,:भवेत्,वसुमती,
मातेव,:माता,इव,
अद्यारभ्य,:अद्य,आरभ्य,
सर्वतो,भावेन,:सर्वतः,भावेन,
प्रजा,भवतां,:प्रजाः,भवतां,
पुत्रतुल्यास्तेषां,:पुत्रतुल्याः,तेषां,
रक्षणञ्च,:रक्षणं,च,
प्रजारञ्जनादेव,:प्रजारञ्जनात्,एव,
सुखिनो,भूत्वा,:सुखिनः,भूत्वा,
निरता,भवन्तु,:निरताः,भवन्तु,
पालनार्थमेव,:पालनार्थम्,एव,
धार्मिकदृष्ट्याऽपि,:धार्मिकदृष्ट्या,अपि,
सर्वशक्तिसमन्वितो,भवति,:सर्वशक्तिसमन्वितः,भवति,
शक्तेर्वर्द्धनाय,:शक्तेः,वर्द्धनाय,
यत्नो,विधेयः,:यत्नः,विधेयः,
भवतामुपदेशामृतं,:भवताम्,उपदेशामृतं,
धारितञ्च,:धारितम्,च,
अवशिष्टमप्यमृतोपदेशं,:अवशिष्टम्,अपि,अमृतोपदेशं,
शक्तिस्तु,:शक्तिः,तु,
प्रजा,एव,:प्रजाः,एव,
अशान्तिर्न,:अशान्तिः,न,
मद्यपानमपहरणादिकञ्च,:मद्यपानम्,अपहरणादिकं,च,
स,राजा,:सः,राजा,
जीवितोऽपि,:जीवितः,अपि,
मृततुल्यो,भवति,:मृततुल्यः,भवति,
असमर्थो,राजा,:असमर्थः,राजा,
वस्तुतो,लुण्ठक,लुण्ठक,एव,:वस्तुतः,लुण्ठकः,लुण्ठकः,एव,
विनियोगो,भवेत्,:विनियोगः,भवेत्,
प्रजाभ्यो,गृहीतः,:प्रजाभ्यः,गृहीतः,
राज्ञो,विलासाय,:राज्ञः,विलासाय,
लाभान्विता,भवन्ति,:लाभान्विताः,भवन्ति,
वेति,:वा,इति,
वचनमनुपालनीयम्,:वचनम्,अनुपालनीयम्,
शिक्षिता,भवेयुः,:शिक्षिताः,भवेयुः,
प्रजा,यस्मिन्,:प्रजाः,यस्मिन्,
प्रजा,यत्र,:प्रजाः,यत्र,
सन्तुष्टा,भवन्ति,:सन्तुष्टाः,भवन्ति,
वस्तुतो,तद्राज्यमेव,:वस्तुतः,तद्राज्यम्,एव,
तद्राज्यमेव,:तद्राज्यम्,एव,
कर्मयोगसन्देशस्तु,:कर्मयोगसन्देशः,तु,
स्मरणीयो,भवति,:स्मरणीयः,भवति,
कर्मयोगस्यानुपालनं,:कर्मयोगस्य,अनुपालनं,
स,राजा,:सः,राजा,
लोकप्रियो,भवति,:लोकप्रियः,भवति,
राज्यस्याभ्युदयो,निश्चितमेव,:राज्यस्य,अभ्युदयः,निश्चितम्,एव,
निश्चितमेव,:निश्चितम्,एव,
आङ्ग्लशासकानामत्याचारोऽस्य,:आङ्ग्लशासकानाम्,अत्याचारः,अस्य,
यद्,जगदीशपुरस्य,:यत्,जगदीशपुरस्य,
राज्यमपि,:राज्यम्,अपि,
ममाधिकारे,:मम,अधिकारे,
करणीयैव,:करणीया,एव,
परतन्त्रताया,बन्धनमपि,:परतन्त्रतायाः,बन्धनम्,अपि,
बन्धनमपि,:बन्धनम्,अपि,
प्रदत्तममृतोपदेशं,:प्रदत्तम्,अमृतोपदेशं,
भवतामादर्शं,:भवताम्,आदर्शं,
पालिता,रक्षिताश्च,:पालिताः,रक्षिताः,च,
रक्षिताश्च,:रक्षिताः,च,
परतन्त्रताया,बन्धने,:परतन्त्रतायाः,बन्धने,
कुमरसिंहो,विजयते,:कुमरसिंहः,विजयते,
राज्याभिषेको,नाम,:राज्याभिषेकः,नाम,
तृतीयोऽङ्कः,:तृतीयः,अङ्कः,
