दिनमस्ति,:दिनम्,अस्ति,
सूर्यस्तनोति,:सूर्यः,तनोति,
खगाश्च,:खगाः,च,
किञ्चिद्विचार्य,:किञ्चित्,विचार्य,
युवराजस्याश्वशाला,:युवराजस्य,अश्वशाला,
साऽश्वशाला,:सा,अश्वशाला,
अस्मिन्नेव,:अस्मिन्,एव,
महाराजेनाश्वचालनप्रतियोगिता,:महाराजेन,अश्वचालनप्रतियोगिता,
समायोजिताऽस्ति,:समायोजिता,अस्ति,
सहाश्वशालायां,:सह,अश्वशालायां,
गमनमुचितं,:गमनम्,उचितं,
द्रष्टुमभिनयति,:द्रष्टुम्,अभिनयति,
तमनवलोक्य,:तम्,अनवलोक्य,
सम्प्रत्यागमिष्यत्येव,:सम्प्रति,आगमिष्यति,एव,
प्रीतिरूत्पद्यते,:प्रीतिः,उत्पद्यते,
रूचिमनुगच्छन्ति,:रूचिम्,अनुगच्छन्ति,
कविर्यथा,:कविः,यथा,
त्वमत्र,:त्वम्,अत्र,
उद्घोषिस्त्वया,:उद्घोषितः,त्वया,
यस्मिन्नुद्घोषे,:यस्मिन्,उद्घोषे,
प्रतियोगितेयं,:प्रतियोगिता,इयं,
उद्घोषस्तु,:उद्घोषः,तु,
अहमत्र,:अहम्,अत्र,
स्थितोऽस्मि,:स्थितः,अस्मि,
ममाभिन्नमित्रमसि,:मम,अभिन्नमित्रम्,असि,
अहमश्वविषये,:अहम्,अश्वविषये,
नाधिकं,:न,अधिकं,
महाराजस्याश्वशाला,:महाराजस्य,अश्वशाला,
ग्रहीतुमनेके,:ग्रहीतुम्,अनेके,
विभिन्नप्रदेशेभ्योऽत्र,:विभिन्नप्रदेशेभ्यः,अत्र,
बलिष्ठमश्वमधिरूह्येवात्र,:बलिष्ठम्,अश्वम्,अधिरूह्य,एव,अत्र,
त्वामानेतुमेवाहमत्रागतोऽस्मि,:त्वाम्,आनेतुम्,एव,अहम्,अत्र,आगतः,अस्मि,
समागतानश्वान्,:समागतान्,अश्वान्,
पुष्टास्तथा,:पुष्टाः,तथा,
श्वेतमनोहराश्च,:श्वेतमनोहराः,च,
रक्तास्त्वरिद्गामिनः,:रक्ता,त्वरिद्गामिनः,
अश्वास्तत्र,:अश्वाः,तत्र,
वन्दनवारादिभिरलङ्कृताऽस्ति,:वन्दनवारादिभिः,अलङ्कृता,अस्ति,
साऽश्वशाला,:सा,अश्वशाला,
पादप्रहारादुत्थितैष्ठप्,:पादप्रहारात्,उत्थितैष्ठप्,
मार्गस्थानाञ्च,:मार्गस्थानां,च,
स्फोटयन्तीव,:स्फोटयन्ति,इव,
रक्तोष्णीषैश्च,:रक्तोष्णीषैः,च,
सूतास्तत्र,:सूताः,तत्र,
तेषामश्वानां,:तेषाम्,अश्वानां,
दृश्यमेकं,:दृश्यम्,एकं,
वर्णनीयमस्ति,:वर्णनीयम्,अस्ति,
कक्ष्याभिरावध्यते,:कक्ष्याभिः,अवध्यते,
केषाञ्चिद्वदने,:केषाञ्चित्,वदने,
हस्तैर्भृशं,:हस्तैः,भृशं,
तत्पराश्च,:तत्पराः,च,
तास्तु,:ताः,तु,
किमस्माकं,:किम्,अस्माकं,
विजयमवाप्नुवन्,:विजयम्,अवाप्नुवन्,
वडवास्तत्र,:वडवाः,तत्र,
सममाह्वयन्ति,:समम्,आह्वयन्ति,
पौरूषस्यास्ति,:पौरूषस्य,अस्ति,
श्वेतवर्णानामश्वानां,:श्वेतवर्णानाम्,अश्वानां,
श्वेतवर्णास्ते,:श्वेतवर्णाः,ते,
हरिदश्वानतिक्रामति,:हरित्,अश्वान्,अतिक्रामति,
रक्तवर्णाश्च,:रक्तवर्णाः,च,
प्रवृद्धास्ते,:प्रवृद्धाः,ते,
श्यामकर्णाश्च,:श्यामकर्णाः,च,
एवाहं,:एव,अहं,
अश्वशास्त्रविशेषज्ञोऽऽसीत्,:अश्वशास्त्रविशेषज्ञः,आसीत्,
व्यवसायोऽऽसीत्,:व्यवसायः,आसीत्,
तस्मादहमश्वविषयकं,:तस्मात्,अहम्,अश्वविषयकं,
ज्ञानमर्जितवान्,:ज्ञानम्,अर्जितवान्,
भावप्रकाशनविषयेऽपि,:भावप्रकाशनविषये,अपि,
हेषाभिरपि,:हेषाभिः,अपि,
कुर्वन्तोऽर्वन्ति,:कुर्वन्तः,अर्वन्ति,
हेषाभिर्ब्रुवते,:हेषाभिः,ब्रुवते,
पशवश्चापि,:पशवः,च,अपि,
वर्णितमश्वविषयकं,:वर्णितम्,अश्वविषयकं,
समुत्सुकोऽस्मि,:समुत्सुकः,अस्मि,
अतश्चलतु,:अतः,चलतु,
तत्रैवाश्वानां,:तत्रैव,अश्वानां,
अश्वचालनप्रतियोगिताऽपि,:अश्वचालनप्रतियोगिता,अपि,
तत्रावश्यमस्माभिरूपस्थातव्यम्,:तत्र,अवश्यम्,अस्माभिः,उपस्थातव्यम्,
मयाश्वचालनप्रतियोगिता,:मया,अश्वचालनप्रतियोगिता,
अतश्चलतु,:अतः,चलतु,
कुसुमावचयस्याभिनयं,:कुसुमावचयस्य,अभिनयं,
अद्याधिकं,:अद्य,अधिकं,
कुसुमाभिचयमस्माभिः,:कुसुमाभिचयम्,अस्माभिः,
किमर्थमधिकं,:किमर्थम्,अधिकं,
कुसुमाभिचयमस्माभिः,:कुसुमाभिचयम्,अस्माभिः,
करणीयमिति,:करणीयम्,इति,
यदद्य,:यत्,अद्य,
वीरकुमरसिंहोऽश्वचालनप्रतियोगितायां,:वीरकुमरसिंहः,अश्वचालनप्रतियोगितायां,
यदद्याधिकं,:यत्,अद्य,अधिकं,
प्रतीयतेऽद्य,:प्रतीयते,अद्य,
करिष्यत्येव,:करिष्यति,एव,
गङ्गापूजनार्थमपि,:गङ्गापूजनार्थम्,अपि,
इत्युभौ,:इति,उभौ,
कुसुमावचयस्याभिनयं,:कुसुमावचयस्य,अभिनयं,
त्वमश्वचालनप्रतियोगिताविषये,:त्वम्,अश्वचालनप्रतियोगिताविषये,
भवतीति,:भवती,इति,
आसीदिति,:आसीत्,इति,
पत्युर्मुखात्,:पत्युः,मुखात्,
प्रतियोगितायामस्यां,:प्रतियोगितायाम्,अस्यां,
स्वमश्वमारूह्य,:स्वम्,अश्वम्,आरूह्य,
तीव्रगत्याऽश्वानां,:तीव्रगत्या,अश्वानां,
पुनर्द्वितीयचक्रस्य,:पुनः,द्वितीयचक्रस्य,
बिहारप्रदेशस्यास्माकं,:बिहारप्रदेशस्य,अस्माकं,
साफल्यमधिगत्य,:साफल्यम्,अधिगत्य,
प्रतियोगितायामपि,:प्रतियोगितायाम्,अपि,
वाश्वचालनप्रतियोगितायां,:वा,अश्वचालनप्रतियोगितायां,
विषयोऽपि,:विषयः,अपि,
भविष्यत्यस्मद्,:भविष्यति,अस्मद्,
सिंहसदृशस्यास्य,:सिंहसदृशस्य,अस्य,
युवराजस्याश्वचालनाभ्यासोऽपि,:युवराजस्य,अश्वचालनाभ्यासः,अपि,
समभ्यासैर्विवर्धते,:समभ्यासैः,विवर्धते,
पूर्वविजेतारस्तु,:पूर्वविजेतारः,तु,
आसन्नेव,:आसन्,एव,
विशेषामन्त्रितसदस्यरूपेण,:विशेष,आमन्त्रितसदस्यरूपेण,
आयोजनमाङ्गलशासकैः,:आयोजनम्,आङ्गलशासकैः,
जगदीशपुराधीशेनायोजिता,:जगदीशपुराधीशेन,आयोजिता,
प्रदेशस्यास्य,:प्रदेशस्य,अस्य,
कथमामन्त्रितः,:कथम्,आमन्त्रितः,
व्यवहारस्तु,:व्यवहारः,तु,
आङ्ग्लास्तादृशाः,:आङ्ग्लाः,तादृशाः,
गुणास्तु,:गुणाः,तु,
प्रकृतिर्भिन्ना,:प्रकृतिः,भिन्ना,
प्रदेशस्याङ्ग्लशासनाधिकारी,:प्रदेशस्य,आङ्ग्लशासनाधिकारी,
तेनाङ्गलशासनाधिकारिणा,:तेन,आङ्गलशासनाधिकारिणा,
समायोजितायामश्वचालनप्रतियोगितायां,:समायोजितायाम्,अश्वचालनप्रतियोगितायां,
पूर्वमस्माकं,:पूर्वम्,अस्माकं,
वारद्वयमस्माकं,:वारद्वयम्,अस्माकं,
प्रदेशस्यास्याङ्ग्लशासनाधिकारी,:प्रदेशस्य,अस्याङ्ग्लशासनाधिकारी,
महाराजोऽपि,:महाराजः,अपि,
गुणज्ञोऽस्ति,:गुणज्ञः,अस्ति,
एवात्र,:एव,अत्र,
पुष्पावचयनस्याभिनयं,:पुष्पावचयनस्य,अभिनयं,
सिंहासनमेकमपरञ्च,:सिंहासनम्,एकम्,अपरं,च,
प्रतिहारश्च,:प्रतिहारः,च,
सिंहासनमलङ्करोतु,:सिंहासनम्,अलङ्करोतु,
सिंहासनमारूह्य,:सिंहासनम्,आरूह्य,
सम्प्रत्यहं,:सम्प्रति,अहं,
द्रष्टुमिच्छामि,:द्रष्टुम्,इच्छामि,
यदाज्ञापयति,:यत्,आज्ञापयति,
गजसेनानायकायोद्बोधनमावश्यकम्,:गजसेनानायकायोद्बोधनम्,आवश्यकम्,
समीपस्थमासनं,:समीपस्थम्,आसनं,
इदमासनमलङ्करोतु,:इदम्,आसनम्,अलङ्करोतु,
यथाज्ञापयति,:यथा,आज्ञापयति,
समीपस्थोच्चासने,:समीपस्थ,उच्चासने,
स्वनियोगमशून्यं,:स्वनियोगम्,अशून्यं,
यदाज्ञापयति,:यत्,आज्ञापयति,
साञ्जलिर्निष्क्रान्तः,:साञ्जलिः,निष्क्रान्तः,
धीरोऽस्ति,:धीरः,अस्ति,
वीरश्च,:वीरः,च,
सैनिकाश्चापि,:सैनिकाः,च,अपि,
स्थितिर्वर्तते,:स्थितिः,वर्तते,
कुशलप्रशिक्षकैर्भृशं,:कुशलप्रशिक्षकैः,भृशं,
गजचालकानामादेशं,:गजचालकानाम्,आदेशं,
सततमनुपालयन्ति,:सततम्,अनुपालयन्ति,
आजमगढतश्च,:आजमगढतः,च,
शक्तिमन्तोऽनुशासिताश्च,:शक्तिमन्तः,अनुशासिताः,च,
गजेन्द्रास्तैरत्रैव,:गजेन्द्राः,तैः,अत्रैव,
यदस्माकं,:यत्,अस्माकं,
शत्रून्प्रत्याक्रमणाय,:शत्रून्,प्रत्याक्रमणाय,
नितरामुपयुक्ताः,:नितराम्,उपयुक्ताः,
शासनस्योपरि,:शासनस्य,उपरि,
भवेदिति,:भवेत्,इति,
मयाऽपि,:मया,अपि,
सौविध्यायानेके,:सौविध्याय,अनेके,
राज्यमिच्छन्ति,:राज्यम्,इच्छन्ति,
भवेदिति,:भवेत्,इति,
निवारणीयास्तथा,:निवारणीयाः,तथा,
सन्तोऽपि,:सन्तः,अपि,
वीराश्च,:वीराः,च,
भक्तिरहो,:भक्तिः,अहो,
व्यर्थास्तु,:व्यर्थाः,तु,
प्रवृत्तास्ते,:प्रवृत्ताः,ते,
योगैर्विवर्धिताः,:योगैः,विवर्धिताः,
गुणास्तेषां,:गुणाः,तेषां,
विशन्त्येव,:विशन्ति,एव,
वृक्षाणामिव,:वृक्षाणाम्,इव,
भवानर्थसिद्धये,:भवान्,अर्थसिद्धये,
यथाज्ञापयति,:यथा,आज्ञापयति,
सैनिकरीत्याभिवादनस्याभिनयं,:सैनिकरीत्या,अभिवादनस्य,अभिनयं,
तत्रानेके,:तत्र,अनेके,
प्राणदानेऽपि,:प्राणदाने,अपि,
सन्तीति,:सन्ति,इति,
उपस्थितोऽस्मि,:उपस्थितः,अस्मि,
साम्प्रतमहमश्वसेनापतिं,:साम्प्रतम्,अहम्,अश्वसेनापतिं,
द्रष्टुमिच्छामि,:द्रष्टुम्,इच्छामि,
यथाज्ञापयति,:यथा,आज्ञापयति,
ममाश्वसेनायां,:मम,अश्वसेनायां,
अश्वसैनिकाश्च,:अश्वसैनिकाः,च,
राजभक्तिर्वर्तते,:राजभक्तिः,वर्तते,
अश्वसेनापतिरत्र,:अश्वसेनापतिः,अत्र,
इदमासनमलङ्करोतु,:इदम्,आसनम्,अलङ्करोतु,
यदाज्ञापयति,:यत्,आज्ञापयति,
स्वनियोगमशून्यं,:स्वनियोगम्,अशून्यं,
यदाज्ञापयति,:यत्,आज्ञापयति,
प्रणमन्निष्क्रान्तः,:प्रणमन्,निष्क्रान्तः,
योग्योऽश्वविद्यायां,:योग्यः,अश्वविद्यायां,
ममाश्वसेनायां,:मम,अश्वसेनायां,
बलिष्ठाश्च,:बलिष्ठाः,च,
प्रशिक्षितास्ते,:प्रशिक्षिताः,ते,
सर्वदैव,:सर्वदा,एव,
सज्जितास्तिष्ठन्ति,:सज्जिताः,तिष्ठन्ति,
नवेति,:नवा,इति,
प्राप्नुवन्त्येव,:प्राप्नुवन्ति,एव,
कीदृशीति,:कीदृशी,इति,
ज्ञातुमिच्छामि,:ज्ञातुम्,इच्छामि,
ममाश्वसैनिकाः,:मम,अश्वसैनिकाः,
प्राणानपि,:प्राणान्,अपि,
तत्परास्तिष्ठन्ति,:तत्पराः,तिष्ठन्ति,
वचोभिरित्थं,:वचोभिः,इत्थं,
प्राणप्रदानैर्वचनञ्च,:प्राणप्रदानैः,वचनं,च,
ममाश्वसेनायां,:मम,अश्वसेनायां,
बनारसस्यालीढस्याजमगढस्य,:बनारसस्य,आलीढस्य,अजमगढस्य,
प्राणदानैरपि,:प्राणदानैः,अपि,
रक्षार्थमहो,:रक्षार्थम्,अहो,
राजभक्ताश्च,:राजभक्ताः,च,
सैनिकास्तथापि,:सैनिकाः,तथापि,
विवर्धनायाहर्निशं,:विवर्धनाय,अहर्निशं,
अतस्तेन,:अतः,तेन,
युद्धस्याशंका,:युद्धस्य,आशंका,
यैस्ते,:यैः,ते,
समर्थस्तेषां,:समर्थः,तेषां,
भारतीयाश्च,:भारतीयाः,च,
राष्ट्रभक्तिर्विद्यमाना,:राष्ट्रभक्तिः,विद्यमाना,
भवेदिति,:भवेत्,इति,
भवानर्थसिद्धये,:भवान्,अर्थसिद्धये,
यदाज्ञापयति,:यत्,आज्ञापयति,
सैनिकरीत्याऽभिवादनस्याभिनयं,:सैनिकरीत्या,अभिवादनस्य,अभिनयं,
ममाश्वसेनाऽपि,:मम,अश्वसेना,अपि,
अश्वसेनापतिस्तु,:अश्वसेनापतिः,तु,
राज्यस्याऽस्य,:राज्यस्य,अस्य,
प्राणदानार्थमपि,:प्राणदानार्थम्,अपि,
बलाणुघटितैरङगैर्भृशं,:बलाणुघटितैः,अङगैः,भृशं,
शत्रुनिवहास्त्यक्त्वा,:शत्रुनिवहाः,त्यक्त्वा,
प्रविश्याञ्जलिं,:प्रविश्य,अञ्जलिं,
अत्रोपस्थितोऽस्मि,:अत्र,उपस्थितः,अस्मि,
द्रष्टुमिच्छामि,:द्रष्टुम्,इच्छामि,
यदाज्ञापयति,:यत्,आज्ञापयति,
रथसेनाऽपि,:रथसेना,अपि,
जागरणायोद्बोधनमावश्यकमस्ति,:जागरणाय,उद्बोधनम्,आवश्यकम्,अस्ति,
सन्देशस्तान्,:सन्देशः,तान्,
रथसेनापतिरत्र,:रथसेनापतिः,अत्र,
आसनमिदमलङ्करोतु,:आसनम्,इदम्,अलङ्करोतु,
यथाज्ञापयति,:यथा,आज्ञापयति,
स्वनियोगमशून्यं,:स्वनियोगम्,अशून्यं,
यदाज्ञापयति,:यत्,आज्ञापयति,
प्रणमन्निष्क्रान्तः,:प्रणमन्,निष्क्रान्तः,
सैनिकाश्चापि,:सैनिकाः,च,अपि,
चातीव,:च,अतीव,
पुनश्चाधुनिकपद्धत्या,:पुनः,च,आधुनिकपद्धत्या,
कुशलप्रशिक्षकैर्दीयते,:कुशलप्रशिक्षकैः,दीयते,
वनवासिनस्तु,:वनवासिनः,तु,
तेऽऽधुनिकपद्धत्या,:ते,आधुनिकपद्धत्या,
राजकीयसेवामेव,:राजकीयसेवाम्,एव,
इतोऽप्यधिकं,:इतोऽपि,अधिकं,
समानास्ते,:समानाः,ते,
विषमायामपि,:विषमायाम्,अपि,
विषमायामपि,:विषमायाम्,अपि,
दुर्गमप्रदेशेऽपि,:दुर्गमप्रदेशे,अपि,
देवराजस्येन्द्रस्य,:देवराजस्य,इन्द्रस्य,
सारथिर्यदि,:सारथिः,यदि,
कृष्णेनैव,:कृष्णेन,एव,
सारथिनस्तादृशाः,:सारथिनः,तादृशाः,
व्रजत्यतितरां,:व्रजति,अतितरां,
सन्देशोऽयं,:सन्देशः,अयं,
तेषामुन्नयनं,:तेषाम्,उन्नयनं,
सन्देशोऽयं,:सन्देशः,अयं,
भवानर्थसिद्धये,:भवान्,अर्थसिद्धये,
यदाज्ञापयति,:यत्,आज्ञापयति,
सैनिकरीत्याऽभिवादनस्याभिनयं,:सैनिकरीत्या,अभिवादनस्य,अभिनयं,
कुर्वन्निष्क्रान्तः,:कुर्वन्,निष्क्रान्तः,
रथसेनाऽपि,:रथसेना,अपि,
सैनिकाश्चापि,:सैनिकाः,च,अपि,
प्रविश्याञ्जलिं,:प्रविश्य,अञ्जलिं,
उपस्थितोऽस्मि,:उपस्थितः,अस्मि,
द्रष्टुमिच्छामि,:द्रष्टुम्,इच्छामि,
यत्+आज्ञापयति,:यत्,आज्ञापयति,
सहस्राधिकाश्चन्द्रहासचालने,:सहस्राधिकाः,चन्द्रहासचालने,
चापि,:च,अपि,
इदमासनमलङ्करोतु,:इदम्,आसनम्,अलङ्करोतु,
यदाज्ञापयति,:यत्,आज्ञापयति,
स्वनियोगमशून्यं,:स्वनियोगम्,अशून्यं,
यदाज्ञापयति,:यत्,आज्ञापयति,
प्रणमन्निष्क्रान्तः,:प्रणमन्,निष्क्रान्तः,
पुनर्भवतां,:पुनः,भवतां,
सैनिकाश्चापि,:सैनिकाः,च,अपि,
कुशलिनश्च,:कुशलिनः,च,
सहस्राधिकाश्चन्द्रहासचालने,:सहस्राधिकाः,चन्द्रहासचालने,
लक्षाधिकानामपि,:लक्षाधिकानाम्,अपि,
कृतेऽलं,:कृते,अलं,
अनेनैव,:अनेन,एव,
प्रशिक्षिताश्च,:प्रशिक्षिताः,च,
सर्वदैव,:सर्वदा,एव,
शान्तिर्वर्तते,:शान्तिः,वर्तते,
अत्रान्तरिकशान्तिस्तु,:अत्रान्तरिकशान्तिः,तु,
दृष्टिर्मम,:दृष्टिः,मम,
राज्येऽपि,:राज्ये,अपि,
सैनिकास्तादृशाः,:सैनिकाः,तादृशाः,
भवेयुस्तर्हि,:भवेयुः,तर्हि,
सर्वदैव,:सर्वदा,एव,
सत्यमेव,:सत्यम्,एव,
गुलिकाचालनप्रशिक्षणस्यापि,:गुलिकाचालनप्रशिक्षणस्य,अपि,
नास्ति,:न,अस्ति,
अतोऽद्यप्रभृत्यारभ्य,:अतः,अद्यप्रभृति,आरभ्य,
आग्नेयास्त्रशिक्षितानामपि,:आग्नेयास्त्रशिक्षितानाम्,अपि,
तथाऽत्रस्थाः,:तथा,अत्रस्थाः,
चालनेऽपि,:चालने,अपि,
भुसुण्ड्याश्च,:भुसुण्ड्याः,च,
धनमपेक्षते,:धनम्,अपेक्षते,
राज्यस्यास्य,:राज्यस्य,अस्य,
प्रदत्तमिति,:प्रदत्तम्,इति,
भवतामौदार्यमेव,:भवताम्,औदार्यम्,एव,
व्यवस्थाऽपि,:व्यवस्था,अपि,
अवश्यमेवाग्नेयास्त्रदलस्य,:अवश्यम्,एव,आग्नेयास्त्रदलस्य,
जागरणमपि,:जागरणम्,अपि,
भेदनीत्याऽसौ,:भेदनीत्या,असौ,
सैन्यपद्धतिर्यद्यपि,:सैन्यपद्धतिः,यद्यपि,
कार्यमखिलं,:कार्यम्,अखिलं,
यैश्छद्मस्य,:यैः,छद्मस्य,
नीतिरहितेनाचर्य्यते,:नीतिरहितेन,आचर्य्यते,
अतस्तस्य,:अतः,तस्य,
दृष्टिर्दातव्या,:दृष्टिः,दातव्या,
शक्तिमर्जयतु,:शक्तिम्,अर्जयतु,
भवानर्थसिद्धये,:भवान्,अर्थसिद्धये,
यदाज्ञापयति,:यत्,आज्ञापयति,
कुर्वन्निष्क्रान्तः,:कुर्वन्,निष्क्रान्तः,
अश्वसेनायाश्च,:अश्वसेनायाः,च,
महत्त्वमधिकमस्ति,:महत्त्वम्,अधिकम्,अस्ति,
भृशमुपयुक्ता,:भृशम्,उपयुक्ता,
गजसेनाऽपि,:गजसेना,अपि,
उपयोगस्तु,:उपयोगः,तु,
न्यूनमस्ति,:न्यूनम्,अस्ति,
रथसेनाऽपि,:रथसेना,अपि,
भृशमुपयुक्ताऽस्ति,:भृशम्,उपयुक्ता,अस्ति,
कालस्थानानुरूपमेव,:कालस्थानानुरूपम्,एव,
द्वितीयोऽङ्कः,:द्वितीयः,अङ्कः,
