लेखनस्याभिनयं,:लेखनस्य,अभिनयं,
लेखनस्याभिनयं,:लेखनस्य,अभिनयं,
वार्ताऽस्ति,:वार्ता,अस्ति,
कप्तानमहोदयोऽत्रभवन्तं,:कप्तानमहोदयः,अत्रभवन्तं,
द्रष्टुमिच्छति,:द्रष्टुम्,इच्छति,
किञ्चिद्विचार्य,:किञ्चित्,विचार्य,
यदाज्ञापयति,:यत्,आज्ञापयति,
मायाऽस्मै,:माया,अस्मै,
आङ्ग्लशासकस्याज्ञां,:आङ्ग्लशासकस्य,आज्ञां,
ममाज्ञाम्,:मम,आज्ञाम्,
साहबजादासिंहस्तु,:साहबजादासिंहः,तु,
इदमासनं,:इदम्,आसनं,
यदाज्ञापयति,:यत्,आज्ञापयति,
स्वनियोगमशून्यं,:स्वनियोगम्,अशून्यं,
यदाज्ञापयति,:यत्,आज्ञापयति,
जगदीशपुराधीशस्याङ्ग्लशासकं,:जगदीशपुराधीशस्य,आङ्ग्लशासकं,
पूर्ववदेव,:पूर्ववत्,एव,
जगदीशपुराधीशस्तु,:जगदीशपुराधीशः,तु,
दृष्टिरस्मान्,:दृष्टिः,अस्मान्,
सामदानदण्डभेदनीत्याऽस्माकं,:सामदानदण्डभेदनीत्या,अस्माकं,
अप्यासन्,:अपि,आसन्,
लोभेनास्माकं,:लोभेन,अस्माकं,
चातुर्य्येणापि,:चातुर्य्येण,अपि,
बलमपि,:बलम्,अपि,
राजाऽऽसीत्,:राजा,आसीत्,
प्राणानपि,:प्राणान्,अपि,
पुनश्च,:पुनः,च,
राजनीतावपि,:राजनीतौ,अपि,
जातमिति,:जातम्,इति,
ज्ञातुमिच्छामि,:ज्ञातुम्,इच्छामि,
वीरोऽस्ति,:वीरः,अस्ति,
धीरपुत्रश्च,:धीरपुत्रः,च,
लोकास्तमनुवर्तन्ते,:लोकाः,तम्,अनुवर्तन्ते,
देवतुल्यश्चकासते,:देवतुल्यः,चकासते,
कुमरसिंहस्तस्य,:कुमरसिंहः,तस्य,
ज्येष्ठपुत्रस्यैव,:ज्येष्ठपुत्रस्य,एव,
तस्यान्ये,:तस्य,अन्ये,
समानविचारशीलाश्च,:समानविचारशीलाः,च,
स्वल्पाऽपि,:स्वल्पा,अपि,
अतस्तत्र,:अतः,तत्र,
समागतेति,:समागता,इति,
भवन्तस्तेषु,:भवन्तः,तेषु,
अस्माभिस्तेषु,:अस्माभिः,तेषु,
भेदोत्पादनायानेके,:भेदोत्पादनाय,अनेके,
विलासितायाश्च,:विलासितायाः,च,
लोभादिकमपि,:लोभादिकम्,अपि,
वपनमपि,:वपनम्,अपि,
वीराणामग्रगण्योऽस्ति,:वीराणाम्,अग्रगण्यः,अस्ति,
शिक्षाकालादेव,:शिक्षाकालात्,एव,
गजचालनस्याश्वचालनस्यरथचालनस्य,:गजचालनस्य,अश्वचालनस्यरथचालनस्य,
किमधिकं,:किम्,अधिकं,
तस्याप्रतिमा,:तस्य,अप्रतिमा,
गतिर्विद्यते,:गतिः,विद्यते,
पूज्यतेऽसौ,:पूज्यते,असौ,
जनैर्नूनं,:जनैः,नूनं,
तैरेवात्र,:तैः,एव,अत्र,
यदेकदाश्वचालनप्रतियोगितायामहमपि,:यत्,एकदा,अश्वचालनप्रतियोगितायाम्,अहमपि,
मयाऽऽयोजितायामश्वचालनप्रतियोगितायामपि,:मया,आयोजितायाम्,अश्वचालनप्रतियोगितायाम्,अपि,
कुमरसिंहस्तु,:कुमरसिंहः,तु,
कार्यमिदमस्माकं,:कार्यम्,इदम्,अस्माकं,
भेदनीतिरवलम्बनीयाऽऽसीत्,:भेदनीतिः,अवलम्बनीया,आसीत्,
वीरास्तु,:वीराः,तु,
पुराऽनेके,:पुरा,अनेके,
भारतेऽभवत्,:भारते,अभवत्,
पुनश्च,:पुनः,च,
प्रकाशास्तु,:प्रकाशाः,तु,
विचारास्तु,:विचाराः,तु,
साम्यभावैरलङकृताः,:साम्यभावैः,अलङकृताः,
शक्तिर्भृशं,:शक्तिः,भृशं,
भवद्भिर्लब्धम्,:भवद्भिः,लब्धम्,
तस्याज्ञानुसारेण,:तस्य,आज्ञानुसारेण,
तस्याश्वसेना,:तस्य,अश्वसेना,
तत्राश्वसेना,:तत्र,अश्वसेना,
केवलमश्वसेनाऽपि,:केवलम्,अश्वसेना,अपि,
चापि,:च,अपि,
गजसेनायामश्वसेनायां,:गजसेनायाम्,अश्वसेनायां,
रथसेनायाञ्च,:रथसेनायां,च,
गजानामश्वानां,:गजानाम्,अश्वानां,
रथानाञ्च,:रथानां,च,
किमधिकं,:किम्,अधिकं,
स्थितिर्विद्यते,:स्थितिः,विद्यते,
भल्लप्रक्षेपकाश्च,:भल्लप्रक्षेपकाः,च,
उत्खातभूमेर्लङ्घनस्य,:उत्खातभूमेः,लङ्घनस्य,
प्रशिक्षणमपि,:प्रशिक्षणम्,अपि,
घोटकैर्लब्धम्,:घोटकैः,लब्धम्,
गजसेनाऽपि,:गजसेना,अपि,
प्रशिक्षिताश्च,:प्रशिक्षिताः,च,
रथसैनिकश्चापि,:रथसैनिकः,च,अपि,
सेनायामग्न्यास्त्रस्य,:सेनायाम्,अग्न्यास्त्रस्य,
भुसुण्ड्यस्तस्य,:भुसुण्ड्यः,तस्य,
नाधिकाः,:न,अधिकाः,
अभावोऽपि,:अभावः,अपि,
आग्नेयास्त्रस्याधिक्यं,:आग्नेयास्त्रस्य,अधिक्यं,
पूर्णप्रशिक्षिताश्च,:पूर्णप्रशिक्षिताः,च,
तदाऽस्माकं,:तदा,अस्माकं,
यदनुकूले,:यत्,अनुकूले,
सहसाऽऽक्रमणमुचितं,:सहसा,आक्रमणम्,उचितं,
तत्रस्थास्तस्य,:तत्रस्थाः,तस्य,
यदस्माकमुपरि,:यत्,अस्माकम्,उपरि,
राजानोऽस्माकमधिकारे,:राजानः,अस्माकम्,अधिकारे,
राजानस्तादृशाः,:राजानः,तादृशाः,
राजानस्तेषां,:राजानः,तेषां,
सामदानदण्डभेदोपायैरस्माकं,:सामदानदण्डभेदोपायैः,अस्माकं,
भूमिस्तेषां,:भूमिः,तेषां,
तदाऽस्माकं,:तदा,अस्माकं,
सैनिकानामाश्रयः,:सैनिकानाम्,आश्रयः,
पार्श्ववर्तीनामस्मत्पक्षीयानां,:पार्श्ववर्तीनाम्,अस्मत्पक्षीयानां,
दूतमुखेनैव,:दूतमुखेन,एव,
तेषामावासस्य,:तेषाम्,आवासस्य,
तत्राक्रमणं,:तत्र,आक्रमणं,
एवाक्रमणमुचितं,:एव,आक्रमणम्,उचितं,
विचारार्थमेवाहमत्रागतोऽस्मि,:विचारार्थम्,एव,अहम्,अत्र,आगतः,अस्मि,
विषयेऽस्मिन्,:विषये,अस्मिन्,
तत्रोपयुक्तमस्ति,:तत्र,उपयुक्तम्,अस्ति,
युद्धोत्साहोऽस्माकं,:युद्धोत्साहः,अस्माकं,
प्रस्थितवन्तस्तदा,:प्रस्थितवन्तः,तदा,
नोचितः,:न,उचितः,
एवाक्रमणमुचितमस्ति,:एव,आक्रमणम्,उचितम्,अस्ति,
राजानोऽपि,:राजानः,अपि,
पदलुब्धाश्चाऽस्माकं,:पदलुब्धाः,च,अस्माकं,
तथाऽस्माकं,:तथा,अस्माकं,
नूनमेव,:नूनम्,एव,
कुशलोऽसि,:कुशलः,असि,
सैनिकानामुत्साहस्त्वया,:सैनिकानाम्,उत्साहः,त्वया,
सर्वदैव,:सर्वदा,एव,
गम्यतामर्थसिद्धये,:गम्यताम्,अर्थसिद्धये,
यदादिशति,:यत्,आदिशति,
उत्थातुमिच्छति,:उत्थातुम्,इच्छति,
किञ्चिद्विचार्य,:किञ्चित्,विचार्य,
पत्रमेकं,:पत्रम्,एकं,
येनाङ्ग्लशासने,:येन,आङ्ग्लशासने,
सैनिकाश्चास्मिन्,:सैनिकाः,च,अस्मिन्,
धनादिकस्यावश्यकतां,:धनादिकस्य,आवश्यकतां,
पत्रलेखनस्याभिनयं,:पत्रलेखनस्य,अभिनयं,
गृह्यतामिदं,:गृह्यताम्,इदं,
युद्धात्पूर्वं,:युद्धात्,पूर्वं,
ममोद्घोषणा,:मम,उद्घोषणा,
राज्यादेशाश्च,:राज्यादेशाः,च,
व्यवस्थापनार्थमहं,:व्यवस्थापनार्थम्,अहं,
गन्तुमिच्छामि,:गन्तुम्,इच्छामि,
गम्यतामर्थसिद्धये,:गम्यताम्,अर्थसिद्धये,
उपस्थितोऽस्मि,:उपस्थितः,अस्मि,
गन्तुकामोऽस्मि,:गन्तुकामः,अस्मि,
गृहाणेमां,:गृहाण,इमां,
यदाज्ञापयति,:यत्,आज्ञापयति,
ततोऽग्रेऽग्रे,:ततः,अग्रे,अग्रे,
तस्यानुकुर्वन्,:तस्य,अनुकुर्वन्,
किञ्चिद्भ्रमणं,:किञ्चित्,भ्रमणं,
पुनर्भ्रमति,:पुनः,भ्रमति,
रोदनध्वनिर्भवति,:रोदनध्वनिः,भवति,
श्रोतुमभिनयं,:श्रोतुम्,अभिनयं,
किमत्याहितम्,:किम्,अत्याहितम्,
त्वमत्र,:त्वम्,अत्र,
यदद्यैव,:यत्,अद्यैव,
बहिर्गतः,:बहिः,गतः,
नाहं,:न,अहं,
बहिर्गतवान्,:बहिः,गतवान्,
जगदीशपुरस्योपरि,:जगदीशपुरस्य,उपरि,
आङ्ग्लसैनिकानामाक्रमणं,:आङ्ग्लसैनिकानाम्,आक्रमणं,
आङ्ग्लसैनिकानामद्यैव,:आङ्ग्लसैनिकानाम्,अद्यैव,
तत्राक्रमणमभूत्,:तत्र,आक्रमणम्,अभूत्,
जगदीशपुरस्योपरि,:जगदीशपुरस्य,उपरि,
प्रधानद्वारतोऽन्तःपुरे,:प्रधानद्वारतः,अन्तःपुरे,
नासन्,:न,आसन्,
यत्तत्र,:यत्,तत्र,
सैनिकाश्च,:सैनिकाः,च,
भल्लधारकास्ते,:भल्लधारकाः,ते,
आग्नेयास्त्रसम्पन्नानाङ्ग्लसैनिकान्,:आग्नेयास्त्रसम्पन्नान्,आङ्ग्लसैनिकान्,
ध्वनिञ्च,:ध्वनिं,च,
तत्राश्वगजरथसेनास्तदा,:तत्र,अश्वगजरथसेनाः,तदा,
युद्धार्थमादिष्टाः,:युद्धार्थम्,आदिष्टाः,
सेनायामस्त्राणां,:सेनायाम्,अस्त्राणां,
बाणैस्तु,:बाणैः,तु,
महाराजेनादेशः,:महाराजेन,आदेशः,
बहिर्गच्छेयुः,:बहिः,गच्छेयुः,
महाराजस्यादेशेन,:महाराजस्य,आदेशेन,
बहिर्गतवन्तः,:बहिः,गतवन्तः,
संरक्षणमेव,:संरक्षणम्,एव,
शेषेऽपि,:शेषे,अपि,
बुद्धेर्ध्रवं,:बुद्धेः,ध्रवं,
महाराजस्याज्ञां,:महाराजस्य,आज्ञां,
सहसाज्ञातमार्गेण,:सहसा,अज्ञातमार्गेण,
बहिर्गतवन्तः,:बहिः,गतवन्तः,
कुमरसिंहोऽपि,:कुमरसिंहः,अपि,
बहिर्गतवान्,:बहिः,गतवान्,
बहिर्गतवन्तस्तदा,:बहिः,गतवन्तः,तदा,
चान्ते,:च,अन्ते,
कुमरसिंहोऽपि,:कुमरसिंहः,अपि,
स्वकीयमश्वमारुह्य,:स्वकीयम्,अश्वम्,आरुह्य,
बहिर्गतवान्,:बहिः,गतवान्,
कथमाङ्गलानां,:कथम्,आङ्गलानां,
सहसाऽक्रमणं,:सहसा,आक्रमणं,
नासीत्,:न,आसीत्,
तत्राङ्ग्लानां,:तत्र,आङ्ग्लानां,
छद्मयुद्धस्यायोजनमेव,:छद्मयुद्धस्य,आयोजनम्,एव,
प्रधानकारणमस्ति,:प्रधानकारणम्,अस्ति,
भारतेऽधर्मयुद्धोऽयमाङ्ग्लैरेव,:भारते,अधर्मयुद्धः,अयम्,आङ्ग्लैः,एव,
पुनश्च,:पुनः,च,
निपतितास्तथा,:निपतिताः,तथा,
तैर्यथा,:तैः,यथा,
लुब्धाश्च,:लुब्धाः,च,
विस्मृतवन्तोऽपि,:विस्मृतवन्तः,अपि,
स्वात्मानमपि,:स्वात्मानम्,अपि,
तस्याङ्गलस्य,:तस्य,आङ्गलस्य,
कुमरसिंहस्याश्रये,:कुमरसिंहस्य,आश्रये,
भूम्यादिलोभेनाङ्ग्लशासकस्य,:भूम्यादिलोभेन,आङ्ग्लशासकस्य,
प्रतिवेशीभूपतीनामावासे,:प्रतिवेशीभूपतीनाम्,आवासे,
सैनिकानामावासस्य,:सैनिकानाम्,आवासस्य,
तैरेव,:तैः,एव,
लोभादाकृष्टास्ते,:लोभात्,आकृष्टाः,ते,
लोभेनात्मीयमपि,:लोभेन,आत्मीयम्,अपि,
कार्यमकार्यं,:कार्यम्,अकार्यं,
पुनश्च,:पुनः,च,
प्रवृत्तिर्विद्यते,:प्रवृत्तिः,विद्यते,
भवन्त्येव,:भवन्ति,एव,
यदाग्नेयास्त्रस्य,:यत्,अग्नेयास्त्रस्य,
महाराजेनादेशः,:महाराजेन,आदेशः,
भवनान्निर्गताः,:भवनात्,निर्गताः,
सैनिकैस्तु,:सैनिकैः,तु,
महाराजवीरकुमरसिंहस्तु,:महाराजवीरकुमरसिंहः,तु,
महत्त्वमपि,:महत्त्वम्,अपि,
आग्नेयास्त्रसम्पन्नानाङ्ग्लसैनिकान्,:आग्नेयास्त्रसम्पन्नान्,आङ्ग्लसैनिकान्,
सम्यग्ज्ञातम्,:सम्यक्,ज्ञातम्,
परमस्मिञ्जये,:परम्,अस्मिन्,जये,
तस्याङ्ग्लशासकस्य,:तस्य,आङ्ग्लशासकस्य,
कोऽकरोत्,:कः,अकरोत्,
यत्तदाङ्गलसैनिकानां,:यत्,तत्,आङ्गलसैनिकानां,
नीतिर्गृहीता,:नीतिः,गृहीता,
भूमिपतयस्तस्य,:भूमिपतयः,तस्य,
प्रमण्डलस्यायुक्तस्य,:प्रमण्डलस्य,अयुक्तस्य,
विलियमटेलरमहोदयस्यादेशेन,:विलियमटेलरमहोदयस्य,आदेशेन,
साफल्यमपि,:साफल्यम्,अपि,
जगदीशपुरमाङ्ग्लशासनस्याधीने,:जगदीशपुरम्,आङ्ग्लशासनस्य,अधीने,
कृतेऽपि,:कृते,अपि,
बहिर्गन्तुं,:बहिः,गन्तुं,
पादप्रहारमपि,:पादप्रहारम्,अपि,
द्वारमुत्पाटयितुम्,:द्वारम्,उत्पाटयितुम्,
कथमेते,:कथम्,एते,
भूमिपतयस्तस्य,:भूमिपतयः,तस्य,
प्रसुप्तास्ते,:प्रसुप्ताः,ते,
लोभवशात्ते,:लोभवशात्,ते,
स्वतन्त्रतामविचारयन्तः,:स्वतन्त्रताम्,अविचारयन्तः,
पक्षिणस्तु,:पक्षिणः,तु,
विचारवन्तोऽपि,:विचारवन्तः,अपि,
करणीयमकरणीयं,:करणीयम्,अकरणीयं,
चान्ते,:च,अन्ते,
लोभाभिभूतास्ते,:लोभाभिभूताः,ते,
पिबन्तस्ते,:पिबन्तः,ते,
तिष्ठन्तीव,:तिष्ठन्ति,इव,
मार्गोऽऽश्रयणीयः,:मार्गः,आश्रयणीयः,
जगदीशपुरमवश्यमेव,:जगदीशपुरम्,अवश्यम्,एव,
क्वचिन्मानसे,:क्वचित्,मानसे,
प्रथितास्तेषां,:प्रथिताः,तेषां,
विचारस्तु,:विचारः,तु,
वीरकुमरसिंहश्चैका,:वीरकुमरसिंहः,च,एका,
स्थितेष्वासनेषु,:स्थितेषु,आसनेषु,
कुमरसिंहस्तेषु,:कुमरसिंहः,तेषु,
बलस्योत्साहस्य,:बलस्य,उत्साहस्य,
प्राचुर्यमस्ति,:प्राचुर्यम्,अस्ति,
स्वासनादुत्थाय,:स्वासनात्,उत्थाय,
जन्मभूमिश्च,:जन्मभूमिः,च,
सर्वदैव,:सर्वदा,एव,
स्वर्गादपि,:स्वर्गात्,अपि,
गरीयसीति,:गरीयसी,इति,
भारतभूमिस्तु,:भारतभूमिः,तु,
स्वर्गादपि,:स्वर्गात्,अपि,
कारणमिदमस्ति,:कारणम्,इदम्,अस्ति,
कदाऽत्रैवावतारं,:कदा,अत्रैव,अवतारं,
कथमाङ्गलशासनं,:कथम्,आङ्गलशासनं,
प्रसृतमिति,:प्रसृतम्,इति,
जानन्त्येव,:जानन्ति,एव,
भारतीयसंस्कृतेर्महत्त्वम्,:भारतीयसंस्कृतेः,महत्त्वम्,
भेदमुत्पाद्य,:भेदम्,उत्पाद्य,
कर्त्तुमुद्यतोऽयमङ्ग्रेजशासकः,:कर्त्तुम्,उद्यतः,अयम्,अङ्ग्रेजशासकः,
साफल्यमधिगच्छति,:साफल्यम्,अधिगच्छति,
भवतीति,:भवति,इति,
पाशमनुभवामः,:पाशम्,अनुभवामः,
इवाङ्गलव्याधस्य,:इव,आङ्गलव्याधस्य,
पाशैर्बद्धा,:पाशैः,बद्धा,
बहिरागन्तुं,:बहिः,आगन्तुं,
बुद्धेश्चातुर्यमपेक्षते,:बुद्धेः,चातुर्यम्,अपेक्षते,
जीवसत्वेऽपि,:जीवसत्वे,अपि,
तण्डुलकणभूमिमवाप्य,:तण्डुलकणभूमिम्,अवाप्य,
सहाऽन्येऽपि,:सह,अन्येऽपि,
मुक्तिस्तदैव,:मुक्तिः,तदा,एव,
नेच्छन्ति,:न,इच्छन्ति,
पौरूषरहितानामिवाचरन्ति,:पौरूषरहितानाम्,इव,आचरन्ति,
शास्त्रविदोऽपि,:शास्त्रविदः,अपि,
पतन्तीति,:पतन्ति,इति,
महदाश्चर्यकरम्,:महत्,आश्चर्यकरम्,
सितमुखैराङ्ग्लैः,:सितमुखैः,आङ्ग्लैः,
प्रायोऽनेकेषां,:प्रायः,अनेकेषां,
सन्दर्श्यापहृतम्,:सन्दर्श्य,अपहृतम्,
भ्रातरस्तेषामाज्ञां,:भ्रातरः,तेषाम्,आज्ञां,
तस्मिन्नाज्ञापालनकर्मणि,:तस्मिन्,आज्ञापालनकर्मणि,
सुखमनुभवन्तीति,:सुखम्,अनुभवन्ति,इति,
भेदमुत्पाद्य,:भेदम्,उत्पाद्य,
अस्माकमुपरि,:अस्माकम्,उपरि,
कुर्वन्त्याक्रमणं,:कुर्वन्ति,आक्रमणं,
नावगच्छन्ति,:न,अवगच्छन्ति,
तेषामाङ्ग्लानां,:तेषाम्,आङ्ग्लानां,
प्रकारेणापसारणमेव,:प्रकारेण,अपसारणम्,एव,
कर्त्तव्यमस्ति,:कर्त्तव्यम्,अस्ति,
कार्यस्यास्य,:कार्यस्य,अस्य,
शक्तिर्वर्तते,:शक्तिः,वर्तते,
बलेनैव,:बलेन,एव,
क्षुद्रकीटादयस्सदा,:क्षुद्रकीटादयः,सदा,
पुनश्च,:पुनः,च,
शक्तिर्नूनं,:शक्तिः,नूनं,
सत्यमिदं,:सत्यम्,इदं,
प्रणिपातसमन्वितास्ते,:प्रणिपातसमन्विताः,ते,
तेषामाज्ञामनुपालयन्ति,:तेषाम्,आज्ञाम्,अनुपालयन्ति,
तेषामाज्ञां,:तेषाम्,आज्ञां,
नानुभवन्ति,:न,अनुभवन्ति,
स्वल्पामपि,:स्वल्पाम्,अपि,
तिष्ठन्तीति,:तिष्ठन्ति,इति,
चेद्भारते,:चेत्,भारते,
आचारैरमरत्वभाववलिता,:आचारैः,अमरत्वभाववलिता,
कथमादधाति,:कथम्,आदधाति,
स्वातन्त्र्यशून्योऽभवत्,:स्वातन्त्र्यशून्यः,अभवत्,
शक्तिसमन्वितस्यापि,:शक्तिसमन्वितस्य,अपि,
कस्मैश्चिल्लाभाय,:कस्मैश्चित्,लाभाय,
सर्वमात्मगौरवं,:सर्वम्,आत्मगौरवं,
आङ्ग्लशासकस्याज्ञां,:आङ्ग्लशासकस्य,आज्ञां,
भारतीयजनेष्वात्मगौरवस्य,:भारतीयजनेषु,आत्मगौरवस्य,
ज्ञानमुत्पादनीयं,:ज्ञानम्,उत्पादनीयं,
जाग्रतास्ते,:जाग्रताः,ते,
भवेयुर्नोचेत्,:भवेयुः,नो,चेत्,
सर्वदैव,:सर्वदा,एव,
वयमेकस्मिन्,:वयम्,एकस्मिन्,
बन्धनान्मुक्तये,:बन्धनात्,मुक्तये,
सङ्घनिर्माणेनैव,:सङ्घनिर्माणेन,एव,
एकस्यैकस्य,:एकस्य,एकस्य,
क्रमशोऽनन्ततां,:क्रमशः,अनन्ततां,
आङ्ग्लशासनमुत्पाटनाय,:आङ्ग्लशासनम्,उत्पाटनाय,
सङ्घस्तु,:सङ्घः,तु,
पूर्वकालेऽपि,:पूर्वकाले,अपि,
सङ्घेष्वपि,:सङ्घेषु,अपि,
पुनर्जागरणस्यापि,:पुनः,जागरणस्य,अपि,
पुनश्चाहं,:पुनः,च,अहं,
प्रस्तावस्यास्य,:प्रस्तावस्य,अस्य,
पुनश्च,:पुनः,च,
यदन्येऽपि,:यत्,अन्येऽपि,
प्रस्तावस्यास्य,:प्रस्तावस्य,अस्य,
प्रस्तावस्यास्य,:प्रस्तावस्य,अस्य,
नेतृत्वस्यास्य,:नेतृत्वस्य,अस्य,
शोभनोऽयं,:शोभनः,अयं,
योग्योऽस्ति,:योग्यः,अस्ति,
आङ्ग्लशासकोऽपि,:आङ्ग्लशासकः,अपि,
पुनर्मयि,:पुनः,मयि,
प्रदत्तमिमं,:प्रदत्तम्,इमं,
कथमहं,:कथम्,अहं,
वक्ष्यामीति,:वक्ष्यामि,इति,
भारतस्यात्मगौरवरक्षणमसम्भवमस्तीति,:भारतस्य,आत्मगौरवरक्षणम्,असम्भवम्,अस्ति,इति,
प्रस्तावोऽयं,:प्रस्तावः,अयं,
नेतृत्वभारोऽपि,:नेतृत्वभारः,अपि,
भवद्भिर्दत्तोऽयं,:भवद्भिः,दत्तः,अयं,
कठिनस्तथापि,:कठिनः,तथापि,
स्वायत्तीकरणीयमस्ति,:स्वायत्तीकरणीयम्,अस्ति,
सहयोगस्तु,:सहयोगः,तु,
सहयोगोऽवश्यमेव,:सहयोगः,अवश्यम्,एव,
शक्तिर्द्विगुणिता,:शक्तिः,द्विगुणिता,
येषामुपरि,:येषाम्,उपरि,
नूनमेव,:नूनम्,एव,
स्वयमेकां,:स्वयम्,एकां,
चतुर्थोऽङ्कः,:चतुर्थः,अङ्कः,
