ईश्वरभक्तश्च।,:ईश्वरभक्तः,च।,
जातमिति,:जातम्,इति,
एकमेव,:एकम्,एव,
दुःखमासीत्।,:दुःखम्,आसीत्।,
ईश्वरमाराधयामास,:ईश्वरम्,आराधयामास,
नातिचिरात्,:न,अतिचिरात्,
जनाश्च,:जनाः,च,
शैशवदशामत्यगात्।,:शैशवदशाम्,अत्यगात्।,
अतिविनीतश्च,:अतिविनीतः,च,
यदवश्यम्,:यत्,अवश्यम्,
तत्सर्वं,:तत्,सर्वं,
नीतवांश्च।,:नीतवान्,च।,
सांप्रदायिकाचरणानन्तरं,:सांप्रदायिक,आचरणानन्तरं,
शिक्षणमवसितं,:शिक्षणम्,अवसितं,
उत्तरमेवमदात्,:उत्तरम्,एवम्,अदात्,
सर्वमधीतम्,:सर्वम्,अधीतम्,
एकोऽल्पः,:एकः,अल्पः,
मह्यमनुमतिं,:मह्यम्,अनुमतिं,
अपेक्षानुसारेण,:अपेक्षा,अनुसारेण,
महर्षिस्तु,:महर्षिः,तु,
अवदच्च,:अवदत्,च,
इत्युच्चैः,:इति,उच्चैः,
आसनादुत्थाय,:आसनात्,उत्थाय,
स्थिताश्च,:स्थिताः,च,
चाकुला,:च,आकुला,
मूर्च्छामवाप।,:मूर्च्छाम्,अवाप।,
आसनादुत्थितः,:आसनात्,उत्थितः,
इत्यावेदयत्,:इति,आवेदयत्,
राजकुमारमभिमुखीकुर्वन्,:राजकुमारम्,अभिमुखीकुर्वन्,
नाहं,:न,अहं,
कदाचिदज्ञानेन,:कदाचित्,अज्ञानेन,
राजकुमारश्च,:राजकुमारः,च,
तूष्णीमासन्,:तूष्णीम्,आसन्,
जायेताऽपि,:जायेत,अपि,
सन्तुष्टश्चाभवत्।,:सन्तुष्टः,च,अभवत्।,
