अमरापुरमध्युवास।,:अमरापुरीम्,अध्युवास।,
विक्रमो,विजयश्च,:विक्रमः,विजयश्च,
को,वा,:कः,वा,
सोमदत्तो,नापारयत्।,:सोमदत्तः,न,अपारयत्।,
नापारयत्।,:न,अपारयत्।,
सममन्त्रयत्।,:समम्,अन्त्रयत्।,
उचितस्तत्र,:उचितः,तत्र,
चिन्ताकुलोऽभवत्।,:चिन्ताकुलः,अभवत्।,
प्रधानसचिवो,बहु,:प्रधानसचिवः,बहु,
कमप्युपायम्,:कमपि,उपायम्,
तदभ्युपपद्यत।,:तत्,अभ्युपपद्यत।,
वनमगच्छत्।,:वनम्,अगच्छत्।,
किञ्चिद्दूरमेव,:किञ्चित्,दूरमेव,
धावन्नेव,:धावन्,एव,
तावुपसृत्य,:तौ,उपसृत्य,
महाराजो,मन्त्रिणश्च,:महाराजः,मन्त्रिणः,च,
मन्त्रिणश्च,:मन्त्रिणः,च,
नगरीरक्षणमिति,:नगरीरक्षणम्,इति,
समन्ततश्चोरैः,:समन्ततः,चोरैः,
स,आत्मानं,:सः,आत्मानं,
प्रभवेन्नाम,:प्रभवेत्,नाम,
अतस्त्वरावहे,:अतः,त्वरावहे,
शूरो,विक्रान्तश्च,:शूरः,विक्रान्तः,च,
विक्रान्तश्च,:विक्रान्तः,च,
प्रजा,अशरणाः।,:प्रजाः,अशरणाः।,
तद्रक्षणं,:तत्,रक्षणं,
जना,नात्मानं,:जनाः,न,आत्मानं,
नात्मानं,:न,आत्मानं,
शत्रुभ्यो,रक्षितुं,:शत्रुभ्यः,रक्षितुं,
पुरीमेव,:पुरीम्,एव,
गच्छाम",:गच्छामः,",
विजयस्तु,:विजयः,तु,
नैवमहं,:न,एवम्,अहं,
वदन्नेव,:वदन्,एव,
राज्ञो,मन्दिरे,:राज्ञः,मन्दिरे,
एतयोर्मध्ये,:एतयोः,मध्ये,
सिंहासनमारोढुं,:सिंहासनम्,आरोढुं,
को,योग्यतर,योग्यतर,इति,:कः,योग्यतरः,योग्यतरः,इति,
उपकल्पित,उपायः।,:उपकल्पितः,उपायः।,
विजय,एव,:विजयः,एव,
इष्ट,उत्तराधिकारी,:इष्टः,उत्तराधिकारी,
स,एव,:सः,एव,
राजानमुपगम्य,:राजानम्,उपगम्य,
स,न्यवेदयत्,:सः,न्यवेदयत्,
विजय,एव,:विजयः,एव,
अभिषेक्तव्य,",:अभिषेक्तव्यः,",
उभावपि,:उभौ,अपि,
प्रजानाञ्च,:प्रजानाम्,च,
रक्षणमेव,:रक्षणम्,एव,
तस्याधिकः,:तस्य,अधिकः,
चाधिकृत्यैव,:च,अधिकृत्यैव,
स,एवार्हति।,:सः,एव,अर्हति।,
एवार्हति।,:एव,अर्हति।,
विक्रम,एव,:विक्रमः,एव,
भवेयुरिति,:भवेयुः,इति,
तदन्वमोदत।,:तत्,अन्वमोदत।,
