किमेतत्?,:किम्,एतत्?,
स्वधाम,प्रत्येव।,:स्वधामं,प्रति,एव।,
प्रत्येव।,:प्रति,एव।,
कामपि,:काम्,अपि,
नाधुना,:न,अधुना,
तत्प्राप्तुम्?,:तत्,प्राप्तुम्?,
कोऽयं,:कः,अयं,
वरसहचरो,वा?,:वरसहचरः,वा?,
साहाय्यमाचरितुं,:साहाय्यम्,आचरितुं,
मामनुसरति।,:माम्,अनुसरति।,
वयमपि,:वयम्,अपि,
तत,एव,:ततः,एव,
अलमलं,:अलम्,अलं,
अवमानेनास्माकम्।,:अवमानेन,अस्माकम्।,
तदवमानं,:तत्,अवमानं,
भवतोरपि।,:भवतोः,अपि।,
नलराजमेव,:नलराजम्,एव,
दमयन्त्या,देवतासु,:दमयन्त्याः,देवतासु,
एतादृशोऽनादरः।,:एतादृशः,अनादरः।,
भवन्तस्तस्याः,:भवन्तः,तस्याः,
नाहं,:न,अहं,
दमनमहर्षेर्वरात्,:दमनमहर्षेः,वरात्,
नलो,दर्भ,दर्भ,इव,:नलः,दर्भः,दर्भः,इव,
निरन्तरदानयज्ञतपोदीक्षामण्डितश्च,:निरन्तरदानयज्ञतपोदीक्षामण्डितः,च,
अतस्तव,:अतः,तव,
गत्वाप्यहं,:गत्वा,अपि,अहं,
आगतोऽस्मि।,:आगतः,अस्मि।,
त्वमेव,:त्वम्,एव,
धर्षितो,भविष्यसि।,:धर्षितः,भविष्यसि।,
जागरूको,भव।,:जागरूकः,भव।,
गुणा,एव।,:गुणाः,एव।,
धर्मद्यूतो,विहितः।,:धर्मद्यूतः,विहितः।,
अत,एव,:अतः,एव,
स,कदाचित्,:सः,कदाचित्,
नलो,यथा,:नलः,यथा,
राज्यभ्रष्टो,भविष्यति,:राज्यभ्रष्टः,भविष्यति,
तयोर्दम्पत्योः,:तयोः,दम्पत्योः,
ममादेशः,:मम,आदेशः,
अशुचिभूतो,भवति,:अशुचिभूतः,भवति,
तमहमाविशामि।,:तम्,अहम्,आविशामि।,
स,द्यूतक्रीडायां,:सः,द्यूतक्रीडायां,
विजितो,भवति,:विजितः,भवति,
वचनमतीव,:वचनम्,अतीव,
किमन्यदपि,:किम्,अन्यदपि,
पुष्करो,नाम,:पुष्करः,नाम,
स,खलु,:सः,खलु,
सामन्तराजश्च।,:सामन्तराजः,च।,
राजधर्म,इति,:राजधर्मः,इति,
नलोऽपि,:नलः,अपि,
कर्तुमङ्गीकरिष्यति।,:कर्तुम्,अङ्गीकरिष्यति।,
नाहं,:न,अहं,
प्रेरितोऽस्मि।,:प्रेरितः,अस्मि।,
जागरूको,भव।,:जागरूकः,भव।,
शापानुग्रहसमर्थ,इति,:शापानुग्रहसमर्थः,इति,
उच्चैर्हसति,:उच्चैः,हसति,
