कोलाहलश्च,:कोलाहलः,च,
अस्मत्पुत्र्याः,:अस्मत्,पुत्र्याः,
स्वयंवरार्थमागतस्य,:स्वयंवरार्थम्,आगतस्य,
भीमराजोऽयम्,:भीमराजः,अयम्,
फलत्वेनोदिता,:फलत्वेन,उदिता,
शुभचरितेयं,:शुभचरिता,इयं,
स्वमनोऽभीप्सितं,:स्वमनसः,अभीप्सितं,
एतत्कल्याणोत्सवं,:एतत्,कल्याणोत्सवं,
सन्तोषयन्त्विति,:सन्तोषयन्तु,इति,
प्रशंसामीति,:प्रशंसामि,इति,
यत्रोपविष्टः,:यत्र,उपविष्टः,
एतदन्यराजकुमारपरिचयवाक्यानि,:एतत्,अन्यराजकुमारपरिचयवाक्यानि,
तदाहं,:तदा,अहं,
लोकशरण्यश्च,:लोकशरण्यः,च,
राजलोकेऽयं,:राजलोके,अयं,
कतिचित्पदानि,:कतिचित्,पदानि,
लक्ष्मीसरस्वत्योर्यदि,:लक्ष्मीसरस्वत्योः,यदि,
भवितुमिच्छसि,:भवितुम्,इच्छसि,
(पुनरग्रे,:(पुनः,अग्रे,
आगगनमुत्थितं,:आगगनम्,उत्थितं,
मकुटकान्तिमरिभूपतीनां,:मुकुटकान्तिम्,अरिभूपतीनां,
अमावास्यायामपि,:अमावास्यायाम्,अपि,
पूर्णिमायामिव,:पूर्णिमायाम्,इव,
(पुनरग्रे,:(पुनः,अग्रे,
सोऽयं,:सः,अयं,
अतिपवित्रमस्ति,:अतिपवित्रम्,अस्ति,
चरितमस्य।,:चरितम्,अस्य।,
सुगुणखनिमेतं,:सुगुणखनिम्,एतं,
इन्द्रादयोऽपि,:इन्द्रादयः,अपि,
आनन्दमनुभवतु।,:आनन्दम्,अनुभवतु।,
किमेतदद्भुतम्!,:किम्,एतत्,अदद्भुतम्!,
सेयं,:सा,इयं,
त्वमेव,:त्वम्,एव,
परीक्षितुमर्हसि।,:परीक्षितुम्,अर्हसि।,
नात्र,:न,अत्र,
स्वयंवरार्थमत्र,:स्वयंवरार्थम्,अत्र,
ममान्तरङ्गः,:मम,अन्तरङ्गः,
सेयं,:सा,इयं,
नलमेव,:नलम्,एव,
अनुध्यायतीति।,:अनुध्यायति,इति।,
मानवेष्वस्मासु,:मानवेषु,अस्मासु,
पितृवत्पूजनीयाः।,:पितृवत्,पूजनीयाः।,
तावन्मर्त्यकन्या।,:तावत्,मर्त्यकन्या।,
सृष्टेरस्याः,:सृष्टेः,अस्याः,
दिक्पालकानामनुग्रहं,:दिक्पालकानाम्,अनुग्रहं,
मामनुगृहाण।,:माम्,अनुगृहाण।,
तवानुरागः,:तव,अनुरागः,
बद्धिमनुसृत्यैव,:बद्धिम्,अनुसृत्य,एव,
जानास्येव।,:जानासि,एव।,
देवतास्वपि,:देवतासु,अपि,
त्वत्प्रयाणसमयेऽस्माभिः,:त्वत्प्रयाणसमये,अस्माभिः,
सत्यवसरे,:सति,अति,अवसरे,
