कोलाहलश्च,:कोलाहलः,च,
अस्मत्पुत्र्याः,:अस्मत्,पुत्र्याः,
स्वयंवरार्थमागतस्य,:स्वयंवरार्थम्,आगतस्य,
भीमराजोऽयम्,:भीमराजः,अयम्,
फलत्वेनोदिता,:फलत्वेन,उदिता,
शुभचरितेयं,:शुभचरिता,इयं,
स्वमनोऽभीप्सितं,:स्वमनसः,अभीप्सितं,
सत्सम्प्रदायप्रवर्तका,यूयं,:सत्सम्प्रदायप्रवर्तकाः,यूयं,
राजकुमारा,एतत्कल्याणोत्सवं,:राजकुमाराः,एतत्,कल्याणोत्सवं,
एतत्कल्याणोत्सवं,:एतत्,कल्याणोत्सवं,
सन्तोषयन्त्विति,:सन्तोषयन्तु,इति,
प्रशंसामीति,:प्रशंसामि,इति,
यत्रोपविष्टः,:यत्र,उपविष्टः,
एतदन्यराजकुमारपरिचयवाक्यानि,:एतत्,अन्यराजकुमारपरिचयवाक्यानि,
तदाहं,:तदा,अहं,
परन्तप,इति,:परन्तपः,इति,
लोकशरण्यश्च,:लोकशरण्यः,च,
चन्द्र,इव,:चन्द्रः,इव,
राजलोकेऽयं,:राजलोके,अयं,
कतिचित्पदानि,:कतिचित्,पदानि,
भूम्यामपर,इन्द्रः।,:भूम्याम्,अपरः,इन्द्रः।,
लक्ष्मीसरस्वत्योर्यदि,:लक्ष्मीसरस्वत्योः,यदि,
भवितुमिच्छसि,:भवितुम्,इच्छसि,
(पुनरग्रे,:(पुनः,अग्रे,
सूर्य,इव,:सूर्यः,इव,
आगगनमुत्थितं,:आगगनम्,उत्थितं,
मकुटकान्तिमरिभूपतीनां,:मुकुटकान्तिम्,अरिभूपतीनां,
अमावास्यायामपि,:अमावास्यायाम्,अपि,
पूर्णिमायामिव,:पूर्णिमायाम्,इव,
(पुनरग्रे,:(पुनः,अग्रे,
सोऽयं,:सः,अयं,
निषधराजकुमारो,नलः।,:निषधराजकुमारः,नलः।,
अतिपवित्रमस्ति,:अतिपवित्रम्,अस्ति,
चरितमस्य।,:चरितम्,अस्य।,
सुगुणखनिमेतं,:सुगुणखनिम्,एतं,
इन्द्रादयोऽपि,:इन्द्रादयः,अपि,
भवत्या,समागमः,:भवत्याः,समागमः,
आनन्दमनुभवतु।,:आनन्दम्,अनुभवतु।,
किमेतदद्भुतम्!,:किम्,एतत्,अदद्भुतम्!,
सेयं,:सा,इयं,
को,वा,:कः,वा,
नलराजकुमार,इति,:नलराजकुमारः,इति,
एकाकारा,एव।,:एकाकाराः,एव।,
त्वमेव,:त्वम्,एव,
परीक्षितुमर्हसि।,:परीक्षितुम्,अर्हसि।,
नात्र,:न,अत्र,
स्वयंवरार्थमत्र,:स्वयंवरार्थम्,अत्र,
विदित,एव,:विदितः,एव,
ममान्तरङ्गः,:मम,अन्तरङ्गः,
सेयं,:सा,इयं,
नलमेव,:नलम्,एव,
अनुध्यायतीति।,:अनुध्यायति,इति।,
मानवेष्वस्मासु,:मानवेषु,अस्मासु,
समुचितो,वा,:समुचितः,वा,
पितृवत्पूजनीयाः।,:पितृवत्,पूजनीयाः।,
तावन्मर्त्यकन्या।,:तावत्,मर्त्यकन्या।,
सृष्टेरस्याः,:सृष्टेः,अस्याः,
दिक्पालकानामनुग्रहं,:दिक्पालकानाम्,अनुग्रहं,
मामनुगृहाण।,:माम्,अनुगृहाण।,
तवानुरागः,:तव,अनुरागः,
प्रगाढ,एव।,:प्रगाढः,एव।,
बद्धिमनुसृत्यैव,:बद्धिम्,अनुसृत्य,एव,
जानास्येव।,:जानासि,एव।,
चत्वार,एव,:चत्वारः,एव,
स,एष,एष,नलराजकुमारः,:सः,एषः,एषः,नलराजकुमारः,
विलम्बो,जातः।,:विलम्बः,जातः।,
देवतास्वपि,:देवतासु,अपि,
त्वत्प्रयाणसमयेऽस्माभिः,:त्वत्प्रयाणसमये,अस्माभिः,
वरा,अनुगृहीताः,:वराः,अनुगृहीताः,
वरा,अग्रे,:वराः,अग्रे,
उपयुक्ता,भविष्यन्ति।,:उपयुक्ताः,भविष्यन्ति।,
सत्यवसरे,:सति,अति,अवसरे,
