(नलस्योद्यानम्।,:(नलस्य,उद्यानम्।,
आकाशादवतरणध्वनिः,:आकाशात्,अवतरणध्वनिः,
प्रविशतो,हंसी,:प्रविशतः,हंसी,
नलश्च),:नलः,च),
मत्तो,बिभेषि,:मत्तः,बिभेषि,
यद्यहं,:यदि,अहं,
विलम्बोऽपि,:विलम्बः,अपि,
मामाश्लिष्यसि,:माम्,आश्लिष्यसि,
चेदेव,:चेत्,एव,
प्रथममाश्लिष्यतु।,:प्रथम्,आश्लिष्यतु।,
त्वमवोचः,:त्वम्,अवोचः,
हंसीमाश्लिष्य),:हंसीम्,आश्लिष्य),
कथयेदानीम्।,:कथय,इदानीम्।,
दमयन्त्यपि,:दमयन्ती,अपि,
तस्या,हृदयस्पर्शो,हृदयस्पर्शो,मम,:तस्याः,हृदयस्पर्शः,हृदयस्पर्शः,मम,
तमेव,:तम्,एव,
खल्वसि।,:खल्वु,असि।,
किमकथयत्?,:किम्,अकथयत्?,
मह्यमदर्शयत्।,:मह्यम्,अदर्शयत्।,
प्रहितो,वा?,:प्रहितः,वा?,
एवमगदत्।,:एवम्,अगदत्।,
"निषधराजकुमारो,यावन्मां,यावन्मां,परिणयति,:"निषधराजकुमारः,यावत्,न,मां,यावत्,न,मां,परिणयति,
तावदहं,:तावत्,अहं,
तमेतच्चित्रपटस्थमेव,:तम्,एतत्,चित्रपटस्थम्,एव,
कालमतिवाहयामि।",:कालम्,अतिवाहयामि।",
कथमपाकुर्वे।,:कथम्,अपाकुर्वे।,
किमधुना,:किम्,अधुना,
वक्तव्यास्ति।,:वक्तव्या,अस्ति।,
दमयन्तीजनको,भीममहाराजः,:दमयन्तीजनकः,भीममहाराजः,
स,महोत्सवः।,:सः,महोत्सवः।,
दमयन्त्या,विरहेण,:दमयन्त्याः,विरहेण,
विषयान्तरमिव,:विषयान्तरम,इव,
स्वयंवरमपि,:स्वयंवरम्,अपि,
श्रेयस्समनुबध्नाति।,:श्रेयः,समनुबध्नाति।,
यावन्ममोद्वाहं,:यावत्,मम,उद्वाहं,
त्वमत्रैव,:त्वम्,अत्रैव,
पद्मसरोऽपि,:पद्मसरः,अपि,
नाहमत्र,:न,अहम्,अत्र,
प्ररूढो,गाढानुरागः,:प्ररूढः,गाढानुरागः,
गन्तव्योऽस्ति।,:गन्तव्यः,अस्ति।,
प्रदेयेति,:प्रदेया,इति,
