दशामनुप्राप्तेति,:दशाम्,अनुप्राप्ता,इति,
मामुज्झित्वा,:माम्,उज्झित्वा,
गतोऽसि।,:गतः,असि।,
त्यजेयमिति,:त्यजेयम्,इति,
कोऽप्यस्ति।,:कोऽपि,अस्ति।,
हतोऽसि,:हतः,असि,
कुत्रत्याऽसि।,:कुत्रत्या,असि।,
भर्तारमन्विष्यन्ती,:भर्तारम्,अन्विष्यन्ती,
अत्रागता।,:अत्र,आगता।,
त्वामुज्झित्वा,:त्वाम्,उज्झित्वा,
यद्यहं,:यदि,अहं,
कथमीहसे,:कथम,ईहसे,
दूरमपसर।,:दूरम्,अपसर।,
पापमेव,:पापम्,एव,
व्याधोऽयं,:व्याधः,अयं,
अग्निदग्धो?ऽभूत्।,:अग्निदग्धोः,अभूत्।,
रक्षन्नेव,:रक्षन्न्,एव,
शुचिरिति।,:शुचिः,इति।,
मात्र,:मा,अत्र,
दोषमुद्भावय।,:दोषम्,उद्भावय।,
एतावत्पर्यन्तं,:एतावत्,पर्यन्तं,
अनुकूलस्सन्,:अनुकूलः,सन्,
शुभमाचरत्येवेति,:शुभम्,आचरति,एव,इति,
भर्तुरन्वेषणे,:भर्तुः,अन्वेषणे,
साहाय्यमाचरिष्यति।,:साहाय्यम्,आचरिष्यति।,
अग्निरेव,:अग्निः,एव,
शुचिरिति,:शुचिः,इति,
