क्वास्तीति,:क्व,अस्ति,इति,
अनुमतिरपि,:अनुमतिः,अपि,
किञ्चिल्लुप्यतीव।,:किञ्चित्,लुप्यति,इव।,
जातमधुना।,:जातम्,अधुना।,
अहमेव,:अहम्,एव,
शनैर्गत्वा,:शनैः,गत्वा,
लब्ध्वाऽवकाशं,:लब्ध्वा,अवकाशं,
नाहं,:न,अहं,
सैषा,:सा,एषा,
दृष्टवतीति।,:दृष्टवति,इति।,
चित्रयतीत्यपि।,:चित्रयति,इति,अपि।,
लिखितेति।,:लिखिता,इति।,
तस्मात्तस्याः,:तस्मात्,तस्याः,
सङ्कल्पशुद्धिश्च,:सङ्कल्पशुद्धिः,च,
ज्ञातान्यपि,:ज्ञातानि,अपि,
नाहमलं,:न,अहम्,अलं,
(शनैर्गत्वा,:(शनैः,गत्वा,
राजकुमारीमुपसृत्य),:राजकुमारीम्,उपसृत्य),
किमिति,:किम्,इति,
सलज्जेवास्मि।,:सलज्जा,एव,अस्मि।,
त्वयैव,:त्वया,एव,
तस्यैव,:तस्य,एव,
नामोच्चारणेऽपि,:नामोच्चारणे,अपि,
लज्जेयमहम्,:लज्जेयम्,अहम्,
नवेति,:नवा,इति,
नाहं,:न,अहं,
बद्धभावास्मि।,:बद्धभावा,अस्मि।,
लोकस्तु,:लोकः,तु,
जानात्येव।,:जानाति,एव।,
राजलोकोऽपि।,:राजलोकः,अपि।,
विशेषतश्च,:विशेषतः,च,
विदर्भवासिनश्च,:विदर्भवासिनः,च,
युवयोर्विवाहमहोत्सवं,:युवयोः,विवाहमहोत्सवं,
यावत्तस्य,:यावत्,तस्य,
तावदहं,:तावत्,अहं,
तदर्हेति,:तदर्हा,इति,
हंसमिथुनमाकाशादवतरति),:हंसमिथुनम्,आकाशात्,अवतरति),
तद्धंसमिथुनम्।,:तत्,हंसमिथुनम्।,
हंसीमपि,:हंसीम्,अपि,
तत्समीचीनमिति,:तत्,समीचीनम्,इति,
हंसीमहं,:हंसीम्,अहं,
किमिदं,:किम्,इदं,
हंसीयं,:हंसी,इयं,
बन्धादात्मानं,:बन्धात्,आत्मानं,
विश्वस्तेव,:विश्वस्ता,इव,
दमयन्तीति,:दमयन्ति,इति,
किमेवं,:किम्,एवं,
किमहं,:किम्,अहं,
दमयन्तीति,:दमयन्ति,इति,
अहमेव,:अहम्,एव,
मामधिकृत्य,:माम्,अधिकृत्य,
मनोभावमज्ञात्वा,:मनोभावम्,अज्ञात्वा,
नवेति.....,:नवा,इति.....,
कण्ठोक्तिरेव,:कण्ठोक्तिः,एव,
यावन्मां,:यावत्,मां,
तावदहं,:तावत्,अहं,
तमेतच्चित्रपटगतं,:तम्,एतत्,चित्रपटगतं,
राजकुमारमेव,:राजकुमारम्,एव,
कालमतिवाहयामि।,:कालम्,अतिवाहयामि।,
यन्नलः,:यत्,नलः,
त्वामप्यहं,:त्वाम्,अपि,अहं,
किमहो।,:किम्,अहो।,
तत्त्वमपश्यः।,:तत्,त्वम्,अपश्यः।,
क्षणमपि,:क्षणम्,अपि,
पुनर्दर्शनाय।,:पुनः,दर्शनाय।,
आकाशपथमुड्डयते),:आकाशपथम्,उड्डयते),
सेयं,:सा,इयं,
हृदयमपि,:हृदयम्,अपि,
गच्छतीव।,:गच्छति,इव।,
