उपनयामीति,:उपनयामि,इति,
अर्धमिव,:अर्धम्,इव,
अवशिष्टार्धमपि,:अवशिष्टार्धम्,अपि,
शीघ्रमेव,:शीघ्रम्,एव,
अहमधुनैव,:अहम्,अधुनैव,
शीघ्रमेव,:शीघ्रम्,एव,
दर्भप्रस्तरमिव,:दर्भप्रस्तरम्,इव,
तमत्र,:तम्,अत्र,
वेदितुमहमिच्छामि,:वेदितुम्,अहम्,इच्छामि,
कियदिति,:कियत्,इति,
भवदादेशानुसारेण,:भवत्,आदेश,अनुसारेण,
तत्सन्देशानुगुणमुत्तरं,:तत्सन्देशानुगुणम्,उत्तरं,
दत्तवानिति,:दत्तवान्,इति,
इत्यतः,:इति,अतः,
ज्ञातुमशक्यम्।,:ज्ञातुम्,अशक्यम्।,
अन्यैर्लक्षणैः,:अन्यैः,लक्षणैः,
एवेति,:एव,इति,
बाहुकोऽपि,:बाहुकः,अपि,
नवेति,:न,वा,इति,
एतत्कुण्डिननगरं,:एतत्,कुण्डिननगरं,
दीर्घमध्वानम्,:दीर्घम्,अध्वानम्,
यद्यागच्छति,:यदि,आगच्छति,
एवेति,:एव,इति,
कस्सः?,:कः,सः?,
अश्वहृदयविद्यापरीक्षार्थमेव,:अश्वहृदयविद्यापरीक्षार्थम्,एव,
एतदाह्वानपत्रम्।,:एतत्,आह्वानपत्रम्।,
किमत्र,:किम्,अत्र,
कल्पनेयम्।,:कल्पना,इयम्।,
उचितैव।,:उचिता,एव।,
