दर्शनमपि,:दर्शनम्,अपि,
वृध्दोऽहं,:वृध्दः,अहं,
दीर्घायुरिति,:दीर्घायुः,इति,
विधिरेव,:विधिः,एव,
मेऽभिलषिता।,:मे,अभिलषिता।,
यद्यहं,:यदि,अहं,
दुर्वार्तामेतां,:दुर्वार्ताम्,एतां,
एषोऽवसरः,:एषः,अवसरः,
नापतिष्यत्।,:न,अपतिष्यत्।,
सन्नद्धैवास्मि।,:सन्नद्धा,एव,अस्मि।,
किमाज्ञापयति,:किम्,आज्ञापयति,
पत्नीसहितस्सन्,:पत्नीसहितः,सन्,
तन्नामोच्चारणमपि,:तन्नामोच्चारणम्,अपि,
स्वशरीरधृतवासोभिरेव,:स्वशरीरधृतवासोभिः,एव,
एतदैश्वर्यस्य,:एतत्,ऐश्वर्यस्य,
किन्नु,:किं,नु,
अस्मदर्थमेव,:अस्मदर्थम्,एव,
एतान्यरण्यानि,:एतानि,अरण्यानि,
सर्वोऽपि,:सर्वः,अपि,
वेति,:वा,इति,
स्थितिमचिरमेव,:स्थितिम्,अचिरम्,एव,
जीवन्नेव,:जीवन्,एव,
