सन्ध्याकालोऽयमस्मिन्,:सन्ध्याकालः,अयम्,अस्मिन्,
कामपि,:काम्,अपि,
अहैतुकोऽयं,:अहैतुकः,अयं,
कथमिति,:कथम्,इति,
तदिदं,:तत्,इदं,
नामापि,:नाम,अपि,
मामजानन्ती,:माम्,अजानन्ती,
स्निह्येदिति,:स्निह्येत्,इति,
किमद्य,:किम्,अद्य,
प्रत्यागच्छति।,:प्रति,आगच्छति।,
हंसीयं,:हंसी,इयं,
ग्रहीतुमिच्छामि।,:ग्रहीतुम्,इच्छामि।,
हंसीयं,:हंसी,इयं,
अस्याश्शरीरम्,:अस्याः,शरीरम्,
विहितैव,:विहिता,एव,
एतादृशपक्षिविशेषमुपलब्धवान्।,:एतादृशपक्षिविशेषम्,उपलब्धवान्।,
ऋषिर्वा,:ऋषिः,वा,
भवानिति,:भवान्,इति,
ज्ञातुमिच्छामि।,:ज्ञातुम्,इच्छामि।,
करिष्यमाणमुपकारं,:करिष्यमाणम्,उपकारं,
बन्धविमुक्तेरनुपदमेव,:बन्धविमुक्तेः,अनुपदम्,एव,
नैके,:न,एके,
त्वामेव,:त्वाम्,एव,
त्वय्येव,:त्वयि,एव,
मामेव,:माम्,एव,
भावयसीव,:भावयसि,इव,
कथमहं,:कथम्,अहं,
दमयन्तीमनुध्यायता,:दमयन्तीम्,अनुध्यायता,
मयैवमाचरितम्।,:मया,एवम्,आचरितम्।,
भविष्यतीति,:भविष्यति,इति,
भवदिति,:भवत्,इति,
वदन्नेव,:वदन्,एव,
गमनमेव,:गमनम्,एव,
सर्वमपि,:सर्वम्,अपि,
सर्वमपि,:सर्वम्,अपि,
विशेषतश्च,:विशेषतः,च,
दमयन्तीमभिध्यायतः,:दमयन्तीम्,अभिध्यायतः,
सुपन्थानस्सन्तु।,:सुपन्थानः,सन्तु।,
