नलश्च,:नलः,च,
सर्वेऽपि,:सर्वे,अपि,
अस्माननुगृह्णन्तु।,:अस्मान्,अनुगृह्णन्तु।,
अभ्यागतास्सर्वेऽपि,:अभ्यागताः,सर्वे,अपि,
भवन्तोऽधुना,:भवन्तः,अधुना,
तथैवावतिष्ठते।,:तथैव,अवतिष्ठते।,
अनुग्रहीतुमभ्यायाति,:अनुग्रहीतुम्,अभ्यायाति,
अयमेव,:अयम्,एव,
राष्टान्तरेभ्योऽपि,:राष्टान्तरेभ्यः,अपि,
किमाश्चर्यम्!,:किम्,आश्चर्यम्!,
वयमेवाद्य,:वयमेव,अद्य,
विदर्भदेशादेव,:विदर्भदेशात्,एव,
कोऽप्यभ्यागतः,:कोऽपि,अभ्यागतः,
किमिति?,:किम्,इति?,
पितेव,:पिता,इव,
देशश्च,:देशः,च,
नास्त्यन्यः,:नास्ति,अन्यः,
तदेतत्सर्वं,:तत्,एतत्,सर्वं,
सौन्दर्यविलसितमेव।,:सौन्दर्यविलसितम्,एव।,
किमाह्वयामः?,:किम्,आह्वयामः?,
शुभमस्तु।,:शुभम्,अस्तु।,
यज्ञोऽयमस्माकं,:यज्ञः,अयम्,अस्माकं,
सफलयितुमिच्छामि।,:सफलयितुम्,इच्छामि।,
किमप्यन्यत्,:किमपि,अन्यत्,
सर्वस्वमर्पयितुमिच्छामि।,:सर्वस्वम्,अर्पयितुम्,इच्छामि।,
मामनुगृह्णातु।,:माम्,अनुगृह्णातु।,
तथाऽपि,:तथा,अपि,
किमेतेन,:किम्,एतेन,
तुभ्यमेव,:तुभ्यम्,एव,
यथावत्परिपाल्य,:यथावत्,परिपाल्य,
पुनरभिषेकेण,:पुनः,अभिषेकेण,
तदिदं,:तत्,इदं,
तावत्प्रत्यर्पितम्।,:तावत्,प्रत्यर्पितम्।,
अयमेव,:अयम्,एव,
पश्यामीति।,:पश्यामि,इति।,
तयैव,:तया,एव,
सन्ध्योपासनसमयोऽयमासन्नः।,:सन्ध्योपासनसमयः,अयम्,आसन्नः।,
शभमस्तु।,:शभम्,अस्तु।,
अनुग्रहीतुमेव,:अनुग्रहीतुम्,एव,
दण्डवत्प्रणमति),:दण्डवत्,प्रणमति),
शभमस्तु।,:शभम्,अस्तु।,
अभीष्टसिद्धिरस्तु।,:अभीष्टसिद्धिः,अस्तु।,
विश्रान्तिसुखमनुभवितुम्,:विश्रान्तिसुखम्,अनुभवितुम्,
निष्क्रान्तास्सर्वे),:निष्क्रान्ताः,सर्वे),
