किमेतत्?,:किम्,एतत्?,
प्रत्येव।,:प्रति,एव।,
कामपि,:काम्,अपि,
नाधुना,:न,अधुना,
तत्प्राप्तुम्?,:तत्,प्राप्तुम्?,
कोऽयं,:कः,अयं,
साहाय्यमाचरितुं,:साहाय्यम्,आचरितुं,
मामनुसरति।,:माम्,अनुसरति।,
वयमपि,:वयम्,अपि,
अलमलं,:अलम्,अलं,
अवमानेनास्माकम्।,:अवमानेन,अस्माकम्।,
तदवमानं,:तत्,अवमानं,
भवतोरपि।,:भवतोः,अपि।,
नलराजमेव,:नलराजम्,एव,
एतादृशोऽनादरः।,:एतादृशः,अनादरः।,
भवन्तस्तस्याः,:भवन्तः,तस्याः,
नाहं,:न,अहं,
दमनमहर्षेर्वरात्,:दमनमहर्षेः,वरात्,
निरन्तरदानयज्ञतपोदीक्षामण्डितश्च,:निरन्तरदानयज्ञतपोदीक्षामण्डितः,च,
अतस्तव,:अतः,तव,
गत्वाप्यहं,:गत्वा,अपि,अहं,
आगतोऽस्मि।,:आगतः,अस्मि।,
त्वमेव,:त्वम्,एव,
तयोर्दम्पत्योः,:तयोः,दम्पत्योः,
ममादेशः,:मम,आदेशः,
तमहमाविशामि।,:तम्,अहम्,आविशामि।,
वचनमतीव,:वचनम्,अतीव,
किमन्यदपि,:किम्,अन्यदपि,
सामन्तराजश्च।,:सामन्तराजः,च।,
नलोऽपि,:नलः,अपि,
कर्तुमङ्गीकरिष्यति।,:कर्तुम्,अङ्गीकरिष्यति।,
नाहं,:न,अहं,
प्रेरितोऽस्मि।,:प्रेरितः,अस्मि।,
उच्चैर्हसति,:उच्चैः,हसति,
