नदीझरध्वनिश्च,:नदीझरध्वनिः,च,
जायत,एव।,:जायते,एव।,
राजमार्गा,इव,:राजमार्गाः,इव,
सर्वाऽपि,:सर्वा,अपि,
अपनुन्नैव।,:अपनुन्ना,एव।,
नातः,:न,अतः,
आहारप्रयत्न,आवश्यकः।,:आहारप्रयत्नः,आवश्यकः।,
जलमाहरामि।,:जलम्,आहरामि।,
विश्रान्तिमनुभव।,:विश्रान्तिम्,अनुभव।,
जलमाहरति-,:जलम्,आहरति-,
अहमधुना,:अहम्,अधुना,
बहुलमास्वादिताः।,:बहुलम्,आस्वादिताः।,
तानद्यापि,:तान्,अद्यापि,
दुःखगिरिरेव,:दुःखगिरिः,एव,
अत्यश्रुपातेन।,:अति,अश्रुपातेन।,
सोढमशक्ता।,:सोढम्,अशक्ता।,
विधिरनुकूलः,:विधिः,अनुकूलः,
पुनस्समागमः,:पुनः,समागमः,
नातिचरामीति,:नातिचरामि,इति,
क्षणमेकमपि,:क्षणम्,एकम्,अपि,
नोचितम्।,:न,उचितम्।,
मामद्यापि,:माम्,अद्यापि,
महाराजमिव,:महाराजम्,इव,
अहमपगतसर्वस्वः।,:अहम्,अपगतसर्वस्वः।,
त,इमे,:ते,इमे,
लतागृहान्तरितो,भूत्वा,:लतागृहान्तरितः,भूत्वा,
त्वामाह्वये।,:त्वाम्,आह्वये।,
लतागृहान्तरितो,भूत्वा,:लतागृहान्तरितः,भूत्वा,
शरीरादवसृज्य,:शरीरात्,अवसृज्य,
तवापजयहेतवः,:तव,अपजयहेतवः,
वयमेव।,:वयम्,एव।,
वस्त्रशेषमपि,:वस्त्रशेषम्,अपि,
तमट्टहासं),:तम्,अट्टहासं),
वस्त्रमपि,:वस्त्रम्,अपि,
सैव,:सा,एव,
दारिद्रयदशाविषयेऽपि,:दारिद्रयदशाविषये,अपि,
वेदप्रामाण्यमनुसरति।,:वेदप्रामाण्यम्,अनुसरति।,
अहमधुना,:अहम्,अधुना,
अर्धनारीश्वर,इव,:अर्धनारीश्वरः,इव,
एुकवस्त्रो,जातः।,:एुकवस्त्रः,जातः।,
त्वमर्धाङ्गीति,:त्वम्,अर्धाङ्गी,इति,
परिश्रान्तोऽसि।,:परिश्रान्तः,असि।,
किञ्चिद्विश्रम।,:किञ्चित्,विश्रम।,
निद्रादेव्या,उत्सङ्गे,:निद्रादेव्याः,उत्सङ्गे,
निद्रापारवश्यमनुभवति।,:निद्रापारवश्यम्,अनुभवति।,
सेयं,:सा,इयं,
निद्रासुखमनुभवितुं,:निद्रासुखम्,अनुभवितुं,
शयितुमुचिता।,:शयितुम्,उचिता।,
सेयं,:सा,इयं,
कथमपि,:कथम्,अपि,
नाङ्गीकरोति,:न,अङ्गीकरोति,
महत्कष्टम्।,:महत्,कष्टम्।,
कथमहं,:कथम्,अहं,
सैषा,:सा,एषा,
अस्या,वस्त्रमपि,:अस्याः,वस्त्रम्,अपि,
वस्त्रमपि,:वस्त्रम्,अपि,
सेयं,:सा,इयं,
(दमयन्तीमनुचिन्त्य,:(दमयन्तीम्,अनुचिन्त्य,
पुनरात्मगतं),:पुनः,आत्मगतं),
नलोऽयं,:नलः,अयं,
सत्यनिष्ठ,एव।,:सत्यनिष्ठः,एव।,
देवतानामननुकल्येन,:देवतानाम्,अननुकल्येन,
पातिव्रत्यमेव,:पातिव्रत्यम्,एव,
जीवन्नस्मि,:जीवन्,अस्मि,
पुनरावयोः,:पुनः,आवयोः,
अन्यतो,गच्छति),:अन्यतः,गच्छति),
(पुरतो,दृष्ट्वा),:(पुरतः,दृष्ट्वा),
वनमिदम्,:वनम्,इदम्,
आहुतिर्भवति।,:आहुतिः,भवति।,
कस्त्वम्।,:कः,त्वम्।,
अस्मादग्निगोलमध्यादुद्धृत्य,:अस्मात्,अग्निगोलमध्यात्,उद्धृत्य,
(उच्चास्स्वरेण),:(उच्च,स्वरेण),
(कतिचित्पदानि,:(कतिचित्,पदानि,
एषोऽहम्।,:एषः,अहम्।,
ऋणग्रस्तोऽस्मि।,:ऋणग्रस्तः,अस्मि।,
किञ्चित्प्रार्थयामि।,:किञ्चित्,प्रार्थयामि।,
चत्वारीति,:चत्वारि,इति,
दशेति,:दश,इति,
शीघ्रमागत्य,:शीघ्रम्,आगत्य,
कलिपुरुषोऽपि,:कलिपुरुष,अपि,
