ममोत्तरीयं,:मम,उत्तरीयं,
भवानिति,:भवान्,इति,
नैतावन्तं,:न,एतावन्तं,
शालिहोत्रोऽथ,:शालिहोत्रः,अथ,
सूर्यसारथिरनूरुर्वा।,:सूर्यसारथिः,अनूरुः,वा।,
तेष्वपि,:तेषु,अपि,
मय्यधिकं,:मयि,अधिकं,
नेयमविदिता,:न,इयम्,अविदिता,
नैवं,:न,एवं,
कोऽप्युत्साहः,:कोऽपि,उत्साहः,
मदीयामपि,:मदीयाम्,अपि,
नात्र,:न,अत्र,
विद्यैव,:विद्या,एव,
किन्नाम्नीयं,:किन्नाम्नी,इयं,
विद्येति।,:विद्या,इति।,
सैषा,:सा,एषा,
एतद्विद्याप्रभावेण,:एतत्,विद्याप्रभावेण,
सर्वस्यापि,:सर्वस्य,अपि,
क्षणेनैव,:क्षणेन,एव,
तदेतन्महाभाग्यं,:तदेतत्,महाभाग्यं,
विद्याऽऽदानं,:विद्या,आदानं,
तदेतत्प्रपञ्चमपि,:तदेतत्,प्रपञ्चम्,अपि,
आविशतीव।,:आविशति,इव।,
उच्चैराक्रोशन्),:उच्चैः,आक्रोशन्),
कलिपुरुषोऽहम्।,:कलिपुरुषः,अहम्।,
देवानप्युपेक्ष्य,:देवान्,अपि,उपेक्ष्य,
त्वामेव,:त्वाम्,एव,
वृतवतीत्याग्रहेण,:वृतवती,इति,आग्रहेण,
त्वामहम्,:त्वाम्,अहम्,
बाधितवानिति,:बाधितवान्,इति,
त्वच्छरीरमाविश्य,:त्वच्छरीरम्,आविश्य,
कर्कोटकविषाग्निदग्धोऽस्मि।,:कर्कोटकविषाग्निदग्धः,अस्मि।,
तच्छिक्षया।,:तत्,शिक्षया।,
कुरूपाद्विना,:कुरूपात्,विना,
सकलबाधाभ्योऽपि,:सकलबाधाभ्यः,अपि,
विभीतकवृक्षमेव,:विभीतकवृक्षम्,एव,
सोऽयं,:सः,अयं,
वृक्षमाविश्य,:वृक्षम्,आविश्य,
(ऋतुपर्णमुपसृत्य),:(ऋतुपर्णम्,उपसृत्य),
तवाहमधमर्णः।,:तव,अहम्,अधमर्णः।,
कृतज्ञोऽस्मि।,:कृतज्ञः,अस्मि।,
