राजकार्यव्यग्रोऽहम्,:राजकार्यव्यग्रः,अहम्,
परिणीतयोरावयोः,:परिणीतयोः,आवयोः,
नूतनवधूरिव,:नूतनवधूः,इव,
किञ्चिदिव,:किञ्चित्,इव,
चाहं,:च,अहं,
त्वमतीव,:त्वम्,अतीव,
मामुपेत्य,:माम्,उपेत्य,
पुष्करमनुगतः,:पुष्करम्,अनुगतः,
कदाप्यहं,:कदापि,अहं,
नोपालक्षयम्।,:न,उपालक्षयम्।,
एतच्छ्रुत्वाऽहं,:एतत्,श्रृत्वा,अहं,
भीतेवास्मि।,:भीता,एव,अस्मि।,
पार्श्वस्थानपि,:पार्श्वस्थान्,अपि,
विस्मरन्तीति,:विस्मरन्ति,इति,
मध्यमोऽयं,:मध्यमः,अयं,
अयमहं,:अयम्,अहं,
कृतमूत्रोऽपि,:कृतमूत्रः,अपि,
कर्तुमारभते),:कर्तुम,आरभते),
तमेतमवकाशं,:तम्,एतम्,अवकाशं,
नलमाविवेश।,:नलम्,आविवेश।,
तदेतदार्श्चम्।,:तत्,एतत्,आर्श्चम्।,
नदीझर्यामेव,:नदीझर्याम्,एव,
भूदिति,:भूत्,इति,
कर्तुमवसरः,:कर्तुम्,अवसरः,
चकितमिव,:चकितम्,इव,
कर्तुमाह्वानमङ्गीकृतवानिति,:कर्तुम्,आह्वानम्,अङ्गीकृतवान्,इति,
नापारयम्।,:न,अपारयम्।,
विकलमिव,:विकलम्,इव,
