दशामनुप्राप्तेति,:दशाम्,अनुप्राप्ता,इति,
मामुज्झित्वा,:माम्,उज्झित्वा,
गतोऽसि।,:गतः,असि।,
त्यजेयमिति,:त्यजेयम्,इति,
कोऽप्यस्ति।,:कोऽपि,अस्ति।,
हतोऽसि,:हतः,असि,
कुत्रत्याऽसि।,:कुत्रत्या,असि।,
भर्तारमन्विष्यन्ती,:भर्तारम्,अन्विष्यन्ती,
अत्रागता।,:अत्र,आगता।,
त्वामुज्झित्वा,:त्वाम्,उज्झित्वा,
स,भर्तृपदवाच्यः,:सः,भर्तृपदवाच्यः,
यद्यहं,:यदि,अहं,
यो,रक्षिता,:यः,रक्षिता,
स,एव,:सः,एव,
कथमीहसे,:कथम,ईहसे,
दूरमपसर।,:दूरम्,अपसर।,
पापमेव,:पापम्,एव,
(स,व्याधः,:(सः,व्याधः,
यावत्पुरो,गच्छति,:यावत्,पुरः,गच्छति,
दग्धो,भवति),:दग्धः,भवति),
व्याधोऽयं,:व्याधः,अयं,
अग्निदग्धो?ऽभूत्।,:अग्निदग्धोः,अभूत्।,
स,भगवान्,:सः,भगवान्,
रक्षन्नेव,:रक्षन्न्,एव,
स,खलु,:सः,खलु,
इत,एव,:इतः,एव,
को,वा,:कः,वा,
को,वा,:कः,वा,
स्वत,एव,:स्वतः,एव,
शुचिरिति।,:शुचिः,इति।,
मात्र,:मा,अत्र,
दोषमुद्भावय।,:दोषम्,उद्भावय।,
एतावत्पर्यन्तं,:एतावत्,पर्यन्तं,
स,भगवान्,:सः,भगवान्,
अनुकूलस्सन्,:अनुकूलः,सन्,
शुभमाचरत्येवेति,:शुभम्,आचरति,एव,इति,
भर्तुरन्वेषणे,:भर्तुः,अन्वेषणे,
साहाय्यमाचरिष्यति।,:साहाय्यम्,आचरिष्यति।,
स,खलु,:सः,खलु,
अग्निरेव,:अग्निः,एव,
अत,एव,:अतः,एव,
शुचिरिति,:शुचिः,इति,
