नलश्च,:नलः,च,
युवराजो,नलः,:युवराजः,नलः,
सर्वेऽपि,:सर्वे,अपि,
अस्माननुगृह्णन्तु।,:अस्मान्,अनुगृह्णन्तु।,
रिक्तहस्तो,गच्छेत्।,:रिक्तहस्तः,गच्छेत्।,
अभ्यागतास्सर्वेऽपि,:अभ्यागताः,सर्वे,अपि,
सफलीकृतमनोरथा,जाताः।,:सफलीकृतमनोरथाः,जाताः।,
भवन्तोऽधुना,:भवन्तः,अधुना,
दातव्य,धनादिकं,:दातव्यं,धनादिकं,
तथैवावतिष्ठते।,:तथैव,अवतिष्ठते।,
अनुग्रहीतुमभ्यायाति,:अनुग्रहीतुम्,अभ्यायाति,
नित्यतृप्ता,एव।,:नित्यतृप्ताः,एव।,
अयमेव,:अयम्,एव,
राष्टान्तरेभ्योऽपि,:राष्टान्तरेभ्यः,अपि,
किमाश्चर्यम्!,:किम्,आश्चर्यम्!,
याचकान्वेष्टारो,वयमेवाद्य,:याचकान्वेष्टारः,वयमेव,अद्य,
वयमेवाद्य,:वयमेव,अद्य,
विदर्भदेशादेव,:विदर्भदेशात्,एव,
कोऽप्यभ्यागतः,:कोऽपि,अभ्यागतः,
किमिति?,:किम्,इति?,
विदर्भदेशमहाराजो,भीमः,:विदर्भदेशमहाराजः,भीमः,
पितेव,:पिता,इव,
तद्देशप्रजा,नितान्तं,:तद्देशप्रजाः,नितान्तं,
देशश्च,:देशः,च,
अत,एव,:अतः,एव,
नास्त्यन्यः,:नास्ति,अन्यः,
युद्धप्रिया,अपि,:युद्धप्रियाः,अपि,
तदेतत्सर्वं,:तत्,एतत्,सर्वं,
सौन्दर्यविलसितमेव।,:सौन्दर्यविलसितम्,एव।,
किमाह्वयामः?,:किम्,आह्वयामः?,
इत,एव,:इतः,एव,
शुभमस्तु।,:शुभम्,अस्तु।,
यज्ञोऽयमस्माकं,:यज्ञः,अयम्,अस्माकं,
सफलो,जातः।,:सफलः,जातः।,
सफलयितुमिच्छामि।,:सफलयितुम्,इच्छामि।,
किमप्यन्यत्,:किमपि,अन्यत्,
सर्वस्वमर्पयितुमिच्छामि।,:सर्वस्वम्,अर्पयितुम्,इच्छामि।,
मामनुगृह्णातु।,:माम्,अनुगृह्णातु।,
तथाऽपि,:तथा,अपि,
किमेतेन,:किम्,एतेन,
तुभ्यमेव,:तुभ्यम्,एव,
यथावत्परिपाल्य,:यथावत्,परिपाल्य,
पुनरभिषेकेण,:पुनः,अभिषेकेण,
सभाजितो,जातः,:सभाजितः,जातः,
तदिदं,:तत्,इदं,
तावत्प्रत्यर्पितम्।,:तावत्,प्रत्यर्पितम्।,
सद्वितीयो,भवान्,:सद्वितीयः,भवान्,
एष,मे,:एषः,मे,
आशिषो,न,:आशिषः,न,
अयमेव,:अयम्,एव,
पश्यामीति।,:पश्यामि,इति।,
तयैव,:तया,एव,
सद्वितीयो,भवतु।,:सद्वितीयः,भवतु।,
सन्ध्योपासनसमयोऽयमासन्नः।,:सन्ध्योपासनसमयः,अयम्,आसन्नः।,
शभमस्तु।,:शभम्,अस्तु।,
अनुग्रहीतुमेव,:अनुग्रहीतुम्,एव,
अमोघवचनो,हि,:अमोघवचनः,हि,
दण्डवत्प्रणमति),:दण्डवत्,प्रणमति),
शभमस्तु।,:शभम्,अस्तु।,
अभीष्टसिद्धिरस्तु।,:अभीष्टसिद्धिः,अस्तु।,
(बृहदश्वो,निष्क्रामति),:(बृहदश्वः,निष्क्रामति),
विश्रान्तिसुखमनुभवितुम्,:विश्रान्तिसुखम्,अनुभवितुम्,
निष्क्रान्तास्सर्वे),:निष्क्रान्ताः,सर्वे),
