इन्द्रवरुणकुबेरधर्मराजाश्च),:इन्द्रवरुणकुबेरधर्मराजाः,च),
-,:स्वयंवरार्थम्,अद्यैव,
मम,सङ्कल्पितकार्यमनुमोद्य,:सङ्कल्पितकार्यम्,अनुमोद्य,
मामनुगृह्णन्तु।,:माम्,अनुगृह्णन्तु।,
मामनुगृहाण।,:माम्,अनुगृहाण।,
मामनुगृहाण।,:माम्,अनुगृहाण।,
दानव्रतमविच्छिन्नं,:दानव्रतम्,अविच्छिन्नं,
मामनुगृहाण।,:माम्,अनुगृहाण।,
मामनुगृहाण।,:माम्,अनुगृहाण।,
क,एते,:के,एते,
परीता,आकाश,आकाश,एव,:परीताः,आकाशे,आकाशे,एव,
स्थिता,दृश्यन्ते।,:स्थिताः,दृश्यन्ते।,
तवाभिलषितं,:तव,अभिलषितं,
कर्तुमुपस्थिताः।,:कर्तुम्,उपस्थिताः।,
त्वमपि,:त्वम्,अपि,
याचका,भूत्वा,:याचकाः,भूत्वा,
त्वमस्माकं,:त्वम्,अस्माकं,
दूतो,भूत्वा,:दूतः,भूत्वा,
अस्मदन्यतमं,:अस्मत्,अन्यतमं,
युष्मदन्यतमं,:युष्मत्,अन्यतमं,
कर्तव्यमिति।,:कर्तव्यम्,इति।,
अहमपि,:अहम्,अपि,
दमयन्तीस्वयंवरार्थमेव,:दमयन्तीस्वयंवरार्थम्,एव,
भो,देवाः!,:भोः,देवाः!,
अस्मदभ्यर्थनाम्,:अस्मत्,अभ्यर्थनाम्,
प्रतिज्ञातवानसि,:प्रतिज्ञातवान्,असि,
किमिदमुचितम्,:किम्,इदम्,उचितम्,
दैवविलसितमेतत्,:दैवविलसितम्,एतत्,
देवता,अपि,:देवताः,अपि,
दानपात्रीभूता,इति,:दानपात्रीभूताः,इति,
प्राणानेव,:प्राणान्,एव,
अपहर्तुमुद्यता,इति,:अपहर्तुम्,उद्यताः,इति,
एतावत्पर्यन्तं,:एतावत्,पर्यन्तं,
एतादृशो,न,:एतादृशः,न,
भूत,इति,:भूतः,इति,
युवराज्ञ्या,दमयन्त्या,दमयन्त्या,अन्तःपुरं,:युवराज्ञ्याः,दमयन्त्याः,दमयन्त्याः,अन्तःपुरं,
एकान्तसम्भाषणमपि,:एकान्तसम्भाषणम्,अपि,
निश्चन्तो,भव।,:निश्चन्तः,भव।,
भगवदिच्छा,:भगवत्,इच्छा,
दिक्पालकदूतो,भूत्वाऽहं,:दिक्पालकदूतः,भूत्वा,अहं,
भूत्वाऽहं,:भूत्वा,अहं,
दमयन्त्या,अन्तःपुरं,:दमयन्त्याः,अन्तःपुरं,
प्रवेष्टुमुद्यतः,:प्रवेष्टुम्,उद्यतः,
