a
afRin
aMS
aMSa
aMSaka
aMSakaraRa
aMSaBAj
aMSala
aMSavat
aMSasavarRana
aMSasvara
aMSahara
aMSahArin
aMSAMSi
aMSin
aMSu
aMSuka
aMSujAla
aMSuDara
aMSupawwa
aMSupati
aMSuBartf
aMSumat
aMSumatPalA
aMSumAlA
aMSumAlin
aMSula
aMSuvARa
aMSuhasta
aMs
aMsa
aMsakUwa
aMsatra
aMsaPalaka
aMsaBAra
aMsaBArika
aMsala
aMsavat
aMseBAra
aMseBArika
aMsya
aMh
aMhati
aMhas
aMhasaspati
aMhasvat
aMhiti
aMhu
aMhuBedI
aMhura
aMhUraRa
aMhomuc
aMhoyu
aMhri
aMhripa
aMhriskanDa
ak
aka
akaca
akaRwaka
akanizWa
akanizWaga
akapIvat
akampita
akara
akaraRi
akaruRa
akarkaSa
akarRa
akarRya
akartana
akarmaka
akarmakft
akarmaRya
akarman
akarmaBoga
akarmAnvita
akala
akalka
akalkatA
akalkana
akalpa
akalmAza
akalyARa
akava
akavAri
akaSAya
akasmAt
akARqa
akARqapAtajAta
akAma
akAmakarSana
akAmatas
akAya
akAra
akAraRa
akArin
akArRavezwakika
akArya
akAryakArin
akArzRya
akAla
akAlakuzmARqa
akAlaja
akAlajaladodaya
akAlameGodaya
akAlasaha
akAlya
akiYcana
akiYcanatA
akiYcaniman
akitava
akilviza
akIrti
akutaScala
akutoBaya
akutra
akupya
akumAra
akula
akulatA
akulIna
akuSala
akusIda
akUpAra
akUrca
akUvAra
akfcCra
akfcCrin
akfta
akftakAram
akftajYa
akftabudDi
akftabraRa
akftAtman
akftAstra
akftitva
akftin
akftya
akftyakArin
akftrima
akftsna
akfpa
akfpaRa
akfSa
akfzwa
akfzwapacya
akfzRakarman
akeSa
akeSaBArya
akowa
akovida
akOSala
akkA
akta
aktu
akna
akrama
akrAnta
akriya
akrUra
akroDa
akroDana
aklama
aklikA
aklizwa
aklizwakarman
aklizwakArin
akledya
akleSa
akz
akza
akzaka
akzakarRa
akzaja
akzaRvat
akzata
akzatayoni
akzadarSaka
akzadfS
akzadevin
akzadyU
akzadyUta
akzaDara
akzaDur
akzaDUrta
akzaDUrtila
akzan
akzapawala
akzapari
akzapAwa
akzapAwaka
akzapAwika
akzapAda
akzapIqA
akzaBAga
akzama
akzamAtra
akzamAlA
akzamAlin
akzaya
akzayaguRa
akzayatA
akzayatftIyA
akzayatva
akzayapuruhUta
akzayamati
akzayaloka
akzayAlalitA
akzayin
akzayya
akzara
akzaraka
akzaracaYcu
akzaracaRa
akzaracana
akzaracuYcu
akzarajananI
akzaracCandas
akzarajIvaka
akzarajIvika
akzarajIvin
akzaratUlikA
akzaranyAsa
akzarapaNkti
akzaramuKa
akzaravinyAsa
akzaraSas
akzaraSUnya
akzarasaMsTAna
akzarAja
akzarya
akzavat
akzavAwa
akzavid
akzaSORqa
akzasUtra
akzAMSa
akzAgra
akzAgrakIla
akzAgrakIlaka
akzAra
akzAralavaRa
akzArAlavaRa
akzAnti
akzAvapana
akzAvApa
akzi
akzika
akzikUwa
akzikUwaka
akzigata
akzigola
akzijAha
akziRI
akzita
akzitArA
akziti
akzipakzman
akzipawala
akziBU
akziBezaja
akziBruva
akziloman
akziva
akzivikURita
akzIka
akzIva
akzuRRa
akzuRRatA
akzudra
akzetra
akzetrajYa
akzetravid
akzetrin
akzEtrajYya
akzowa
akzoqa
akzoqaka
akzoBa
akzoBya
akzOhiRI
akzRa
akzRayA
aKawwa
aKawwi
aKaRqa
aKaRqana
aKaRqita
aKaRqitarttu
aKAta
aKAdya
aKidra
aKila
aKewika
aKedin
aKyAta
aKyAti
ag
aga
agacCa
agaja
agati
agatika
agatikagati
agada
agadaNkAra
agady
agantavya
agama
agamya
agamyarUpa
agamyAgamana
agamyAgamanIya
agamyAgAmin
agarI
agaru
agarba
agasti
agastidru
agastI
agastIya
agastya
agastyodaya
agA
agAtmajA
agADa
agADajala
agAra
agAvaha
agira
agu
aguRa
aguRatA
aguRavAdin
aguRaSIla
aguru
agupta
aguruSiMSapA
agUQa
agUQaganDa
agUQaBAva
agfBIta
agfha
agocara
agohya
agOkas
agnAmarut
agnAyI
agnAvizRu
agni
agnika
agnikaRa
agnikarman
agnikArikA
agnikArya
agnikAzWa
agnikukkuwa
agnikuRqa
agnikumAra
agniketu
agnikoRa
agnikriyA
agnikrIqA
agnigarBa
agnicayana
agnicit
agniciti
agnicityA
agnicitvat
agnija
agnijanman
agnijAta
agnijAra
agnijAla
agnijihvA
agnijvAlA
agnitejas
agnitraya
agnitretA
agnida
agnidagDa
agnidatta
agnidamanI
agnidiS
agnidIpana
agnidIpta
agnideva
agnidevatya
agnidEvata
agnidEvatya
agninakzatra
agninayana
agniniryAsa
agnipakva
agnipada
agniparicCada
agnipariDAna
agniparIkzA
agniparvata
agnipraRayana
agnipraveSa
agniprastara
agnibAhu
agniBa
agniBu
agniBU
agniBUti
agnimaRi
agnimat
agnimanTa
agnimanTana
agnimanTanIya
agnimAWara
agnimAndya
agnimAruti
agnimitra
agniminDa
agnimuKa
agniyuta
agniyojana
agnirakzaRa
agnirajas
agniruhA
agnirohiRI
agniloka
agnivat
agnivarcas
agnivarRa
agnivarDaka
agnivarDana
agnivallaBa
agnivARa
agnivAha
agnivAhu
agnivimocana
agnivisarpa
agniviharaRa
agnivIja
agnivIrya
agnivfdDi
agniveSa
agniSaraRa
agniSAla
agniSiKa
agniSeKara
agnizwut
agnizwuB
agnizwoma
agnizwomayAjin
agnizWa
agnizvAtta
agnisaMskAra
agnisaYcaya
agnisaKa
agnisamBava
agnisahAya
agnisAkzikamaryAda
agnisAt
agnisAra
agnisAvarRi
agnisiMha
agnisiMhanandana
agnistoka
agnisvAtta
agnihotf
agnihotra
agnihotrahavaRI
agnihotrin
agnID
agnIDra
agnInDana
agnIya
agnIzoma
agnIzomapraRayana
agnIzomIya
agnIzomIyanirvApa
agnIzomIyapaSu
agnIzomIyapaSvanuzWAna
agnIzomIyapuroqASa
agnIzomIyayAga
agnIzomIyEkAdaSakapAla
agnIzomya
agnyaBAva
agnyastra
agnyAgAra
agnyADAna
agnyADeya
agnyAlaya
agnyAhita
agnyAhiti
agnyutpAta
agnyudDaraRa
agman
agra
agrakara
agrakAya
agraga
agragaRya
agragAmin
agraja
agrajaNGA
agrajanman
agrajAtaka
agrajAti
agrajihva
agrajyA
agraRI
agrataHsara
agratas
agradAnin
agranaKa
agranAsikA
agranirUpaRa
agraparRI
agrapARi
agraBAga
agraBUmi
agramAMsa
agrayAna
agrayAyin
agrayoDin
agralohitA
agravIja
agrasanDAnI
agrasanDyA
agrasAnu
agrasara
agrasena
agraha
agrahasta
agrahAyaRa
agrahAra
agrAMSa
agrAMSu
agrAkzi
agrANguli
agrAnIka
agrAyaRIya
agrAhya
agrima
agriya
agrIya
agru
agrega
agregA
agregU
agreRI
agrediDizu
agrepA
agrepU
agreBrU
agrevaRa
agrevaDa
agresara
agresarika
agrya
aG
aGa
aGana
aGanASaka
aGanASana
aGamaya
aGamarzaRa
aGarma
aGarmaDAman
aGavat
aGaSaMsa
aGaSaMsahan
aGaharaRa
aGAtin
aGAy
aGAyu
aGAha
aGfRa
aGora
aGoraGorarUpa
aGorapaTin
aGoramArga
aGoza
aGos
aGnya
aNk
aNka
aNkakaraRa
aNkati
aNkana
aNkapAli
aNkapAlikA
aNkapAlI
aNkapASa
aNkapASavyavahAra
aNkapASADyAya
aNkaBAj
aNkamuKa
aNkaloqya
aNkavidyA
aNkas
aNkasa
aNkAvatAra
aNkita
aNkin
aNkI
aNkuwa
aNkura
aNkuraka
aNkurita
aNkuSa
aNkuSagraha
aNkuSadurDara
aNkUra
aNkUza
aNkowa
aNkoWa
aNkola
aNkolikA
aNkollasAra
aNkya
aNK
aNg
aNga
aNgaka
aNgakartana
aNgakarman
aNgakriyA
aNgagraha
aNgaja
aNgajanus
aNgajAta
aNgaRa
aNgati
aNgada
aNgadvIpa
aNgana
aNganAgaRa
aNganAjana
aNganApriya
aNganyAsa
aNgapAli
aNgaprAyaScitta
aNgamarda
aNgamarza
aNgamarzapraSamana
aNgayAga
aNgarakta
aNgarakzaRI
aNgarakziRI
aNgarAga
aNgarAj
aNgaruha
aNgaloqya
aNgava
aNgavikfti
aNgavikzepa
aNgavidyA
aNgavEkfta
aNgasaMskAra
aNgasaMskriyA
aNgasaMhati
aNgasaNga
aNgaskanDa
aNgasparSa
aNgahAra
aNgahAri
aNgahIna
aNgANgi
aNgANgitA
aNgANgiBAva
aNgADipa
aNgApUrva
aNgAra
aNgAraka
aNgArakadina
aNgArakamaRi
aNgArakita
aNgArakuzWaka
aNgAraDAnikA
aNgAraDAnI
aNgAraparipAcita
aNgAraparRa
aNgArapAtrI
aNgArapuzpa
aNgAramaYjarI
aNgAramaYjI
aNgAravallarI
aNgAravallI
aNgAraSakawI
aNgArasetu
aNgArAvakzayaRa
aNgAri
aNgArikA
aNgAriRI
aNgArita
aNgArIya
aNgAryA
aNgikA
aNgin
aNgir
aNgira
aNgiras
aNgirasa
aNgirasAmayana
aNgirastama
aNgirasvat
aNgIkaraRa
aNgIkAra
aNgIkf
aNgIkfta
aNgIya
aNgu
aNguri
aNgurI
aNgurIya
aNgurIyaka
aNgula
aNgulapramARa
aNgulamAna
aNguli
aNgulitoraRa
aNgulitra
aNgulitrARa
aNguliparvan
aNgulimuKa
aNgulimudrA
aNgulimudrikA
aNgulimowana
aNgulizaNga
aNgulisandeSa
aNgulisPowana
aNgulI
aNgulIka
aNgulIpaYcaka
aNgulImuKa
aNgulIya
aNgulIyaka
aNgulIsamBUta
aNguzWa
aNguzWamAtra
aNguzWamAtraka
aNguzWya
aNgUza
aNgya
aNG
aNGa
aNGas
aNGAri
aNGi
aNGri
aNGripa
aNGriparRI
aNGrivalli
aNGrivallikA
aNGriskanDa
ac
acakra
acakzurvizaya
acakzuzka
acakzus
acaRqa
acatura
acara
acala
acalakIlA
acalatviz
acalaDfti
acalaBrAtf
acalamati
acalADipa
acApalya
acAru
acikkaRa
acit
acita
acitta
acitti
acintA
acintita
acintya
acira
aciradyuti
acirapraBA
aciraprasUtA
aciraBAs
aciramfta
acirarocis
acirAMSu
acirABA
acetana
acetas
acetAna
acezwa
acezwatA
acEtanya
acodas
acCa
acCaBalla
acCAvAka
acCAvAkIya
acCidra
acCinna
acCinnapattra
acCuptA
acCeta
acCEdika
acCokti
acCoda
acyuta
acyutakzit
acyutacyut
acyutaja
acyutadanta
acyutanta
acyutamUrti
acyutavAsa
acyutasTala
acyutAgraja
aj
aja
ajaka
ajakarRa
ajakarRaka
ajakava
ajakAjAta
ajakAva
ajakUlA
ajakzIra
ajaga
ajaganDA
ajaganDikA
ajaganDinI
ajagara
ajagallikA
ajagava
ajagAva
ajaGanya
ajajIvika
ajawA
ajaqa
ajatva
ajaTyA
ajadaRqI
ajadevatA
ajana
ajanani
ajanayonija
ajanAmaka
ajani
ajanya
ajapa
ajapaTa
ajapada
ajapAda
ajapArSva
ajapAla
ajaBakza
ajamAyu
ajamAra
ajamIQa
ajamuKa
ajamodA
ajamodikA
ajamBa
ajaya
ajayya
ajara
ajarayu
ajaras
ajarya
ajarzaBa
ajalambana
ajaloman
ajalomI
ajavasti
ajavAha
ajavITI
ajaSfNgI
ajastunda
ajasra
ajahatsvArTA
ajahalliNga
ajahA
ajAkfpARIya
ajAkzIra
ajAgara
ajAgalastana
ajAji
ajAjI
ajAjIva
ajAta
ajAtakakud
ajAtavyavahAra
ajAtaSatru
ajAtAnuSaya
ajAtAri
ajAtva
ajAda
ajAdanI
ajAni
ajAnika
ajAneya
ajAntrI
ajApAlaka
ajAmi
ajAmitA
ajAyamAna
ajAvika
ajASva
aji
ajikA
ajita
ajitabalA
ajitavikrama
ajitAtman
ajitApIqa
ajitendriya
ajina
ajinapattra
ajinapattrikA
ajinaPalA
ajinayoni
ajinavAsin
ajinasanDa
ajira
ajiravatI
ajiraSocis
ajirAy
ajirIya
ajihma
ajihmaga
ajihva
ajIkava
ajIgarta
ajIti
ajIrRa
ajIrRi
ajIrRin
ajIva
ajIvani
ajIvita
ajuzwa
ajuzwi
ajetavya
ajeya
ajEkapAd
ajEqaka
ajoza
ajozya
ajjukA
ajJawA
ajJala
ajYa
ajYakA
ajYatA
ajYAta
ajYAtaka
ajYAtaketa
ajYAti
ajYAna
ajYAnakfta
ajYAnatA
ajYikA
ajYAnin
ajYeya
ajma
ajman
ajyAni
ajyezWa
ajyezWavftti
ajra
ajrya
aYc
aYca
aYcati
aYcatI
aYcana
aYcala
aYcita
aYcitaBrU
aYj
aYjaka
aYjana
aYjanaka
aYjanakeSI
aYjananAmikA
aYjanAgiri
aYjanADikA
aYjanAmBas
aYjanAvatI
aYjanika
aYjanI
aYjala
aYjali
aYjalika
aYjalikarman
aYjalikArikA
aYjalibanDana
aYjalIkfta
aYjas
aYjasa
aYjasA
aYjasAyana
aYjasIna
aYji
aYjika
aYjin
aYjimat
aYjizWa
aYjisakTa
aYjIra
aw
awa
awaka
awana
awani
awaruza
awarUza
awavi
awavika
awaviSiKara
awavI
awA
awAwA
awAwyamAna
awAwyA
awAy
aww
awwa
awwaka
awwawwa
awwana
awwapatiBAgAKyagfhakftya
awwasTalI
awwahasita
awwahAsa
awwahAsaka
awwahAsin
awwahAsya
awwAwwahAsa
awwAy
awwAla
awwAlaka
awwAlikAkAra
awwAlikAbanDa
awwilikA
awyA
aW
aWillA
aq
aqq
aqqana
aR
aRaka
aRakIya
aRavya
aRi
aRiman
aRizWa
aRI
aRImARqavya
aRIyas
aRIyaska
aRu
aRuka
aRutA
aRutEla
aRuBA
aRumAtra
aRumAtrika
aRureRu
aRureRujAla
aRurevatI
aRuvrIhi
aRuSas
aRUBAva
aRW
aRqa
aRqaka
aRqakawAha
aRqakowarapuzpI
aRqakoSa
aRqakoza
aRqakozaka
aRqaja
aRqajeSvara
aRqaDara
aRqavarDana
aRqavfdDi
aRqasU
aRqAkarzaRa
aRqAkAra
aRqAlu
aRqIra
aRva
aRvanta
aRvI
at
at
atawa
ataTA
ataTocita
ataTya
atadguRa
atana
atantra
atandra
atandrita
atandrin
atapa
atapas
atapaska
atapta
atameru
atarka
atarkita
atarkya
atala
atalasparSa
atalaspfS
atavyas
atas
atasa
ati
atikaTa
atikandaka
atikalyam
atikaSa
atikAya
atikutsita
atikulva
atikfcCra
atikfti
atikfSa
atikfzRa
atikeSara
atikrama
atikramaRa
atikramin
atikrAnta
atikrAntanizeDa
atikrAmaka
atikrAmat
atikzipta
atiga
atigaRqa
atiganDa
atiganDAlu
atigarbita
atigava
atigahana
atigupta
atiguhA
atigo
atigraha
atigrAha
atigrAhya
atiGa
atiGnI
aticara
aticAra
aticArin
aticCatra
aticCatraka
aticCanda
aticCandas
atijagatI
atijana
atijara
atijava
atijAgara
atijAta
atijIrRa
atiqIna
atitarAm
atitArin
atitIkzRa
atitIvra
atitfRRa
atitfpti
atityad
atitvam
atitvAn
atitvAm
atiTi
atiTikriyA
atiTigva
atiTitva
atiTiDarma
atiTiDarmin
atiTin
atiTidveza
atiTipUjana
atiTipUjA
atiTisatkAra
atiTisevA
atidagDa
atidatta
atidarpa
atidarSin
atidAtf
atidAna
atidAnta
atidAha
atidizwa
atidIpya
atidIrGa
atiduHsaha
atidurgata
atidurlamBa
atiduzkara
atidUra
atideva
atideSa
atidoza
atiDanvan
atiDfti
atiDenu
atinAman
atinicft
atinidra
atinivft
atinO
atipatana
atipatita
atipatti
atipatra
atipaTin
atipada
atipanna
atipara
atiparokza
atiparokzavftti
atipAta
atipAtaka
atipAtita
atipAtin
atipAdanicft
atipAdanivft
atipitAmaha
atipitf
atipuruza
atipeSala
atiprage
atipramARa
atipravftti
atipravfdDa
atipraSna
atipraSnya
atiprasakti
atiprasaNga
atiprasidDa
atiprezita
atiprOQayOvana
atibala
atibAhu
atibrahmacarya
atibrahman
atiBAra
atiBAraga
atiBAva
atiBI
atiBIzaRa
atiBUmi
atiBojana
atiBrU
atimaNgalya
atimati
atimaDyandina
atimaryAda
atimartya
atimAtra
atimAn
atimAna
atimAnin
atimAnuza
atimAm
atimAya
atimAra
atimAruta
atimita
atimukta
atimuktaka
atimukti
atimftyu
atimETuna
atimokza
atimodA
atiyaSa
atiyaSas
atiyAja
atiyuvan
atiyUyam
atiyoga
atirakta
atiraTa
atirasA
atirAjakumAri
atirAjan
atirAjay
atirAjI
atirAjYI
atirAtra
atirAtrasavanIyapaSu
atirikta
atiriktatA
atiriktANga
atiruc
atirucira
atireka
atirekin
atirE
atiroga
atiromaSa
atilakzmI
atilamba
atilihA
atilubDa
atiloBa
atiloBatA
atiloma
atilomaSa
atilohita
atilOlya
ativaktf
ativakra
ativayam
ativartana
ativartin
ativartula
ativAda
ativAdin
ativAlaka
ativAsa
ativAhana
ativAhika
ativikawa
atividDa
ativilambin
ativiSrabDanavoQA
ativiSva
ativiza
ativftti
ativfzwi
ativfzwihata
ativela
ativoQf
ativyaTana
ativyaTA
ativyaya
ativyADin
ativyApta
ativyApti
atiSakkarI
atiSakta
atiSakti
atiSaktitA
atiSaktiBAj
atiSakvarI
atiSaya
atiSayana
atiSayita
atiSayin
atiSasta
atiSayokti
atiSastra
atiSAkvara
atiSAyana
atiSAyin
atiSItam
atiSukla
atiSeta
atiSeza
atiSoBana
atiSrI
atiSreyasi
atiSva
atiSvan
atizkadvarI
atizWA
atizWAvan
atizWAvat
atisakti
atisaktimat
atisaMskfta
atisaYcaya
atisanDam
atisanDAna
atisanDita
atisamarTa
atisamparka
atisarga
atisarjana
atisarva
atisAMvatsara
atisADvasa
atisAntapana
atisAmyA
atisAyam
atisAra
atisArakin
atisArin
atisujana
atisundara
atisuhita
atisfzwi
atisena
atisOraBa
atisOhitya
atistri
atisTira
atisTUla
atisnigDa
atisPira
atisvapna
atihasita
atihastay
atihAsa
atihimam
atihrasva
atIkzRa
atIta
atItakAla
atItanOka
atItvarI
atIndriya
atIreka
atIva
atIsAra
atIsArakin
atuNga
atura
atula
atulya
atuzArakara
atuzwi
atuhinaDAman
atuhinaraSmi
atUtuji
atUrta
atUrtadakza
atUrtapaTin
atfRAda
atfRyA
atfdila
atfpa
atfzya
atejas
atejaska
atejasvin
atozaRIya
atka
atkIla
attA
atti
attikA
attf
attra
attri
attrin
atna
atnu
atya
atyaMhas
atyagni
atyagnizwoma
atyaNkuSa
atyaNgula
atyaDvan
atyanila
atyanta
atyantakopana
atyantaga
atyantagata
atyantagati
atyantagAmin
atyantaguRin
atyantatiraskftavAcyaDvani
atyantapIqana
atyantavAsin
atyantasaMyoga
atyantasamparka
atyantasukumAra
atyantABAva
atyantika
atyantIna
atyantInatva
atyamla
atyamlaparRI
atyaya
atyayin
atyarAti
atyarTa
atyalpa
atyavi
atyaSana
atyazwi
atyasta
atyaham
atyahna
atyAkAra
atyAcAra
atyAdAna
atyAditya
atyADAna
atyAnandA
atyAya
atyAla
atyASA
atyASramin
atyAsam
atyAhAra
atyAhArin
atyAhita
atyuktA
atyukti
atyukTA
atyugra
atyuccErDvani
atyuccEs
atyutkawa
atyupaDa
atyulvaRa
atyuzRa
atyUmaSA
atyUrmi
atyUha
atra
atradaGna
atrapa
atraBavat
atravas
atrasnu
atrAsa
atri
atricaturaha
atrijAta
atridfgja
atrin
atrinetraja
atrinetraprasUta
atrinetraBava
atrinetraBU
atrinetrasUta
atriBAradvAjikA
atrivat
atrisaMhitA
atrismfti
atvarA
aTa
aTakim
aTakimu
aTaca
aTatu
aTarI
aTary
aTarya
aTaryu
aTarva
aTarvaRa
aTarvaRi
aTarvan
aTarvaBUta
aTarvavat
aTarvavid
aTarvaveda
aTarvaSiKA
aTarvaSiras
aTarvahfdaya
aTarvANgiras
aTarvANgirasa
aTarvARa
aTarvARavid
aTarvI
aTavA
aTavApi
aTAtas
aTAnantaram
aTApi
aTo
ad
ada
adakza
adakziRa
adakziRatva
adakziRIya
adakziRya
adagDa
adaRqa
adaRqya
adaRqanIya
adat
adatka
adatta
adadryaYc
adana
adanta
adantaka
adantya
adabDa
adabDavrata
adabDavratapramati
adabDAyu
adaBra
adamudryaYc
adamuyaYc
adamUyaYc
adamBa
adamya
adaya
adara
adaraka
adarSa
adarSana
adarSanIya
adala
adas
adasy
adAtf
adAdi
adAna
adAnta
adABya
adAyAda
adAyika
adAra
adASu
adASuri
adASvas
adAsa
adAhya
adikka
aditi
aditi
aditija
adititva
aditinandana
aditsat
aditsu
adipraBfti
adIkzita
adIna
adInasattva
adIrGa
adIrGasUtra
adIrGasUtratA
aduHKa
aduHKanavamI
aducCuna
adurga
aduzwa
adUra
adUraBava
adUzita
adfpita
adfpta
adfpyat
adfS
adfSya
adfSyakaraRa
adfSyat
adfzwa
adfzwaja
adfzwanara
adfzwapuruza
adfzwapUrva
adfzwavat
adfzwi
adfzwikA
adeya
adeyadAna
adeva
adevaka
adevatA
adevatrA
adevayat
adevayu
adeSa
adeSasTa
adeSya
adomaya
adomUla
adga
adDA
adDAtamAm
adDAti
adDApuruza
adDAboDeya
adDyAlohakarRa
adButa
adButaganDa
adButatva
adButabrAhmaRa
adButarasa
adButarAmAyaRa
adButarUpa
adButasAra
adButasvana
adman
admani
admara
admasad
admasadya
adya
adyatana
adyatanIya
adyapraBfti
adyaSvIna
adyAvaDi
adyUtya
adrava
adravya
adri
adrikarRI
adrikA
adrikIlA
adrikftasTalI
adrija
adrijA
adrijUta
adritanayA
adridugDa
adridviz
adrinandinI
adripati
adribuDna
adriBid
adriBU
adrimUrDan
adrirAj
adrirAja
adrivat
adrivahni
adriSayya
adriSfNga
adrisaMhata
adrisAra
adrisAramaya
adrIndra
adrISa
adruh
adruhvan
adroGa
adroha
adrohin
advaya
advayat
advayavAdin
advayas
advayAnanda
advayAvin
advayu
advAra
advitIya
advizeRya
adveza
advezin
advEta
advEtavAdin
advEtAnanda
aDa
aDaHkara
aDaHkAya
aDaHKanana
aDaHpadma
aDaHpAta
aDaHpuzpI
aDaHpravAha
aDaHprastara
aDaHSaya
aDaHSayya
aDaHSiras
aDaHsTa
aDaHsTita
aDaHsvastika
aDOpAsana
aDana
aDama
aDamaBfta
aDamaBftaka
aDamarRa
aDamarRika
aDamANga
aDamAcAra
aDamArDa
aDamArDya
aDara
aDarakaRWa
aDarakAya
aDaratas
aDarapAna
aDarastAt
aDarasvastika
aDarAk
aDarAcIna
aDarAcya
aDarAYc
aDarAt
aDarAraRi
aDarAvalopa
aDarIkfta
aDarIRa
aDarIBUta
aDareRa
aDaredyus
aDarottara
aDarozWa
aDarma
aDarmacArin
aDarmadaRqana
aDarmamaya
aDarmAtman
aDarmAstikAya
aDarmin
aDarmizWa
aDarmya
aDavA
aDaScara
aDaScOra
aDas
aDastana
aDastarAm
aDastAt
aDastAddiS
aDaspada
aDA
aDAmArgava
aDAraRaka
aDArmika
aDi
aDi
aDika
aDikatA
aDikakzayakArin
aDikatiTi
aDikadanta
aDikadina
aDikamAMsArman
aDikamAsa
aDikaraRa
aDikaraRamaRqapa
aDikaraRasidDAnta
aDikaraRika
aDikaraREtAvattva
aDikardDi
aDikarmakara
aDikarmakft
aDikarmakfta
aDikarman
aDikarmika
aDikalpin
aDikavAkyokti
aDikazAzwika
aDikasaMvatsara
aDikasAptatika
aDikANga
aDikAra
aDikArasTa
aDikAritA
aDikArin
aDikArTavacana
aDikArma
aDikfta
aDikfti
aDikrama
aDikzit
aDikzipta
aDikzepa
aDigata
aDigantavya
aDigantf
aDigama
aDigamana
aDigamanIya
aDigamya
aDigava
aDiguRa
aDija
aDijanana
aDijihva
aDijihvikA
aDijya
aDijyotizam
aDityakA
aDidanta
aDidina
aDideva
aDidevatam
aDidevatA
aDidevana
aDidEva
aDidEvata
aDipa
aDipati
aDipativatI
aDipatnI
aDipaTam
aDipA
aDipAMSula
aDipuruza
aDiprajam
aDiprazwi
aDiprazwiyuga
aDiBU
aDiBUta
aDimanTa
aDimanTana
aDimanTita
aDimAMsa
aDimAMsaka
aDimAMsArman
aDimAtra
aDimAtrakAruRika
aDimAsa
aDimukti
aDimuktika
aDimuktisAra
aDimuhya
aDiyajYa
aDiyANga
aDiraTa
aDiraTi
aDirAj
aDirAja
aDirAjan
aDirAjya
aDirAjyaBAj
aDirAzwra
aDirukma
aDirUQa
aDiropaRa
aDiropita
aDiroha
aDirohaRa
aDirohin
aDilokam
aDivaktf
aDivacana
aDivastra
aDivAjya
aDivAsa
aDivAsana
aDivAsaBUmi
aDivAsita
aDivAsitA
aDivAsin
aDivAhana
aDividyam
aDivinnA
aDivettavyA
aDivettf
aDivedana
aDivedanIyA
aDivedam
aDivedyA
aDiSayita
aDiSrayaRa
aDiSrayaRIya
aDiSrita
aDizavaRa
aDizWAtf
aDizWAna
aDizWAnaSarIra
aDizWAyaka
aDizWita
aDistrI
aDihari
aDIkAra
aDIgarTa
aDIta
aDItaveda
aDIti
aDItin
aDIna
aDInatA
aDImanTa
aDIyat
aDIyAna
aDIra
aDIratA
aDIvAsa
aDISa
aDISvara
aDIzwa
aDunA
aDunAtana
aDura
aDfta
aDfti
aDfzwa
aDfzya
aDenu
aDErya
aDoSuka
aDoakza
aDokza
aDokzaja
aDogata
aDogati
aDogAmin
aDoGaRWA
aDoNga
aDojAnu
aDojihvikA
aDodAru
aDodiS
aDodfzwi
aDodeSa
aDodvAra
aDonABam
aDopahAsa
aDobanDana
aDoBakta
aDoBava
aDoBAga
aDoBAgadozahara
aDoBuvana
aDoBUmi
aDomarman
aDomuKa
aDoyantra
aDoraktapitta
aDorAma
aDolamba
aDoloka
aDovadana
aDovaSa
aDovAyu
aDosrapitta
aDyakza
aDyakzaram
aDyagni
aDyagnikfta
aDyagnyupAgata
aDyaYc
aDyaRqA
aDyaDikzepa
aDyaDIna
aDyayana
aDyayanatapas
aDyayanapuRya
aDyayanIya
aDyarDa
aDyarDaka
aDyarDakaMsa
aDyarDakAkiRIka
aDyarDakArzApaRa
aDyarDakArzApaRika
aDyarDaKArIka
aDyarDapaRya
aDyarDapAdya
aDyarDapratika
aDyarDamAzya
aDyarDaviMSatikIna
aDyarDaSata
aDyarDaSatamAna
aDyarDaSatya
aDyarDaSARa
aDyarDaSARya
aDyarDaSAtamAna
aDyarDaSUrpa
aDyarDasahasra
aDyarDasAhasra
aDyarDasuvarRa
aDyarDasOvarRika
aDyarbuda
aDyavasAna
aDyavasAya
aDyavasAyita
aDyavasAyin
aDyavasita
aDyaSana
aDyasta
aDyasTi
aDyAtma
aDyAtmajYAna
aDyAtmadfS
aDyAtmarati
aDyAtmavid
aDyAtmavidyA
aDyAtmika
aDyApaka
aDyApakodita
aDyApana
aDyApayitf
aDyApya
aDyAya
aDyAyin
aDyArUQa
aDyAropa
aDyAropana
aDyAropita
aDyAvApa
aDyAvAhana
aDyAvAhanika
aDyAsa
aDyAsana
aDyAsayoga
aDyAsita
aDyAsin
aDyAharaRa
aDyAharaRIya
aDyAhartavya
aDyAhAra
aDyAhArya
aDyAhfta
aDyuzita
aDyuzwa
aDyuzwavalaya
aDyuzwra
aDyUQa
aDyUDnI
aDyUzitASva
aDyUzivas
aDyUhana
aDyetavya
aDyetf
aDyeya
aDyezaRa
aDyezyamARa
aDri
aDrigu
aDrija
aDripuzkalikA
aDriyamARa
aDruva
aDruza
aDva
aDvaga
aDvagat
aDvagatyanta
aDvagantavya
aDvagaBogya
aDvagamana
aDvagAmin
aDvajA
aDvan
aDvanIna
aDvanya
aDvapati
aDvara
aDvarakarman
aDvarakalpA
aDvarakARqa
aDvarakft
aDvaraga
aDvaraTa
aDvaradIkzaRIyA
aDvaraprAyaScitti
aDvarayu
aDvaraSrI
aDvarasamizwayajus
aDvarasTa
aDvarIy
aDvarezWA
aDvary
aDvaryu
aDvaryukARqa
aDvaryukratu
aDvaryuveda
aDvaSalya
aDvasman
aDvAnta
aDvAntaSAtrava
anaMSa
anaMSatva
anaMSin
anaMSitva
anaMSumatPalA
anaka
anakadunduBa
anakadunduBi
anakasmAt
anakz
anakza
anakzara
anakzi
anagAra
anagArikA
anagna
anagnatA
anagni
anagnitra
anagnidagDa
anagnizvAtta
anaGa
anaNkuSa
anaNga
anaNgaka
anaNgakrIqA
anaNgadevI
anaNgapAla
anaNgamejaya
anaNgaleKA
anaNgaSeKara
anaNgasenA
anaNgApIqa
anaNgAsuhfd
anacCa
anajakA
anajikA
anaYjana
anaqujjihvA
anaqutka
anaqudda
anaquh
anaquha
anaquhI
anaqvAhI
anaRu
anata
anatikrama
anatikramaRIya
anatikrAnta
anatidfSya
anatidButa
anatipraSnya
anatiprOQa
anatirikta
anativilambin
anativftti
anatyantagati
anatyaya
anatyudya
anadat
anadDA
anadDApuruza
anadya
anadyatana
anaDikAra
anaDikAracarcA
anaDikArin
anaDikfta
anaDigata
anaDInaka
anaDyakza
anaDyayana
anaDyAya
anaDyAyadivasa
anana
ananaNgamejaya
ananuBAzaRa
ananuzaNgin
ananuzWAna
ananUkta
ananta
anantaka
anantakara
anantaga
anantacaturdaSI
anantacAritra
anantajit
anantatA
anantadfzwi
anantadeva
anantanemi
anantapAla
anantamati
anantamUla
anantara
anantaraja
anantarajAta
anantarAyam
anantarASi
anantarita
anantarIya
anantarUpa
anantarhita
anantavat
anantavarman
anantavAta
anantavikramin
anantavijaya
anantavIrya
anantavrata
anantaSakti
anantaSayana
anantaSIrzA
anantaSuzma
anantya
ananda
ananna
ananya
ananyagati
ananyagatika
ananyacinta
ananyaja
ananyatA
ananyadeva
ananyanizpAdya
ananyapUrva
ananyapratikriya
ananyaBava
ananyamanas
ananyamanaska
ananyamAnasa
ananyavftti
ananyahfta
ananyAdfSa
ananyArTa
ananyASrita
ananvaya
ananvita
anapa
anapakaraRa
anapakarman
anapakAra
anapakArin
anapakriyA
anapaga
anapacyuta
anapajayya
anapatya
anapatyaka
anapatyatA
anapatyavat
anapanihita
anapayati
anapara
anaparAdDa
anaparADa
anaparADatva
anaparADin
anapalAzuka
anapavfjya
anapavyayat
anapasara
anapasPur
anapasPura
anapasPurat
anapahatapApman
anapahfta
anapAkaraRa
anapAkarman
anapAya
anapAyin
anapuMsaka
anapUpIya
anapUpya
anapekza
anapekzatva
anapekzita
anapekzin
anapeta
anapnas
anaPA
anaBijYa
anaBidruh
anaBiBUta
anaBimata
anaBimlAtavarRa
anaBimlAna
anaBirUpa
anaBilAza
anaBilakzita
anaBilAzin
anaBivyakta
anaBiSasta
anaBiSasti
anaBiSastenI
anaBiSastya
anaBizaNga
anaBisanDikfta
anaBihita
anaBISu
anaByArUQa
anaByAsa
anaByAsamitya
anaBraka
anama
anamasya
anamitampaca
anamitra
anamIva
anambara
anaya
anayaNgata
anaraRya
anarus
anargala
anarGa
anarGarAGava
anarGya
anarGyatA
anarTa
anarTaka
anarTakara
anarTanASin
anarTya
anarva
anarvan
anarviS
anarSani
anarSarAti
anarha
anala
analaNkarizRu
analadIpana
analapraBA
analapriyA
analam
analavAwa
analasa
analasAda
anali
analpa
analpaGoza
anavakASa
anavakASatA
anavagraha
anavacCinna
anavacCinnahAsa
anavatapta
anavat
anavattva
anavadya
anavadyarUpa
anavadyANga
anavaDAna
anavaDAnatA
anavaDi
anavaDfzya
anavana
anavanAmitavEjayanta
anavapfgRa
anavabrava
anavaBra
anavaBrarADas
anavama
anavamarSam
anavara
anavarata
anavaraTa
anavarArDya
anavalamba
anavaloBana
anavasa
anavasara
anavasAna
anavasita
anavaskara
anavasTa
anavasTAna
anavasTAyin
anavasTita
anavasTitacitta
anavasTitatA
anavasTiti
anavahita
anavahitatva
anavahvara
anavAc
anavAYc
anavAnam
anavAnatA
anavApta
anavApti
anavAyam
anaviTya
anavekza
anavrata
anaSana
anaSanatA
anaSanAya
anaSita
anaSnat
anaSnantsANgamana
anaSru
anaSva
anaSvadA
anaSvan
anaSvara
anazwa
anas
anasUya
anasUyaka
anasUyu
anasUri
anastamita
anasTa
anasTi
anasTika
anasTimat
anasvat
anahaNkAra
anahaNkArin
anahaNkfta
anahaNkfti
anahan
anA
anAkAra
anAkArita
anAkAla
anAkAlaBfta
anAkASa
anAkula
anAkfta
anAkrAnta
anAga
anAgata
anAgatavat
anAgataviDAtf
anAgatAbADa
anAgatArtavA
anAgatAvekzaRa
anAgama
anAgamopaBoga
anAgamya
anAgas
anAgAmin
anAgAmuka
anAgAstva
anAcaraRa
anAcAra
anAcArin
anAcAryaBogIna
anAjYapta
anAjYaptakArin
anAjYAta
anAQya
anAQyamBavizRu
anAtata
anAtapa
anAtura
anAtmaka
anAtman
anAtmanIna
anAtmapratyavekzA
anAtmavat
anAtmya
anAtyantika
anAtyantikatva
anATa
anATapiRqada
anATapiRqika
anATasaBA
anAdara
anAdaraRa
anAdarin
anAdi
anAditA
anAdin
anAdiniDana
anAdimat
anAdimattva
anAdizwa
anAdfta
anAdeya
anAdya
anAdyananta
anAdyanta
anADfzwa
anADfzwi
anADfzya
anAnata
anAnukftya
anAnuda
anAnudizwa
anAnuBUti
anApad
anApanna
anApAna
anApi
anApUyita
anApta
anApti
anApya
anAbADa
anABayin
anABU
anAmaka
anAman
anAmaya
anAmayat
anAmayitnu
anAmikA
anAmin
anAmiza
anAmfRa
anAmfta
anAyaka
anAyata
anAyatana
anAyatanavat
anAyatta
anAyattavftti
anAyattavfttitA
anAyasAgra
anAyAsa
anAyAsakfta
anAyuzA
anAyuzya
anAyus
anArata
anAraBya
anAraByavAda
anAraByADIta
anArambaRa
anAramBa
anAramBaRa
anArogya
anArogyakara
anArjava
anArtava
anArtvijIna
anArya
anAryaka
anAryakarmin
anAryaja
anAryatA
anAyatikta
anArza
anArzeya
anAlamba
anAlambana
anAlambanatA
anAlambI
anAlambukA
anAlamBukA
anAlApa
anAlocita
anAvidDa
anAvila
anAvfta
anAvftta
anAvftti
anAvfzwi
anAvedita
anASa
anASaka
anASakanivftta
anASakAyana
anASasta
anASin
anASu
anASya
anASramavAsa
anASramin
anASramevAsa
anASraya
anASrita
anASvas
anAzwra
anAsika
anAsTA
anAsTAna
anAhata
anAhatanAda
anAhAra
anAhitAgni
anAhitAgnitA
anAhuti
anAhUta
aniketa
aniketana
anikziptaDUra
anikzu
anigIrRa
anigraha
anigrahasTAna
aniGAtezu
anici
anicCa
anitya
anityakarman
anityakriyA
anityatA
anityadatta
anityadattaka
anityadatrima
anityapratyavekzA
anityaBAva
anityasama
anityasamaprakaraRa
anityasamAsa
anidra
aniDi
aniDfzwa
aniDma
anina
anindita
anindya
anindra
anindriya
anipadyamAna
anipAta
anipuRa
anibadDa
anibadDapralApin
anibADa
aniBfta
aniBfzwa
aniBfzwatavizi
aniBya
animantrita
animantritaBojin
animAna
animitta
animittatas
animittaliNganASa
animiz
animiza
animizam
animizA
animizAkza
animizAcArya
animizIya
animeza
animezam
aniyata
aniyatapuMskA
aniyatavftti
aniyatANka
aniyatAtman
aniyama
aniyukta
anira
anirAkarizRu
anirAkfta
anirukta
aniruktagAna
anirudDa
anirudDapaTa
anirudDaBAvinI
anirjita
anirRaya
anirRIta
anirdaSa
anirdaSAha
anirdizwa
anirdeSa
anirDArita
anirmala
anirmAlyA
anirlocita
anirvacanIya
anirvAcya
anirvAha
anirvfta
anirvfti
anirveda
anila
anilakumAra
anilaGna
anilaGnaka
anilaparyAya
anilaprakfti
anilamBasamADi
anilayana
anilavyADi
anilasaKa
anilahan
anilahft
anilAtmaja
anilAntaka
anilApaha
anilAmaya
anilASin
anivartitva
anivartin
anivArita
anivArya
aniviSamAna
anivfta
anivedita
aniveditavijYAta
aniveSana
aniSa
aniSita
aniSitasarga
anizaNga
anizidDa
anizu
anizedDra
anizkfta
anizwa
anizwaduzwaDI
anizwaprasaNga
anizwaPala
anizwaSaNkA
anizwahetu
anizwApAdana
anizwApti
anizwASaMsin
anizwin
anizwfta
anizwotprekzaRa
anizWura
anizRAta
anizpatti
anizpatram
anizpanna
anisarga
anistabDa
anistIrRa
anistIrRABiyoga
anIka
anIkavat
anIkavidAraRa
anIkasTa
anIkinI
anIkzaRa
anIca
anIcAnuvartin
anIcidarSin
anIqa
anIti
anItijYa
anItivid
anIdfSa
anIpsita
anISa
anISatA
anISvara
anISvaratA
anISvaravAdin
anIha
anIhita
anILa
anuka
anukaTana
anukanIyas
anukampaka
anukampana
anukampA
anukampya
anukara
anukaraRa
anukartf
anukarman
anukarza
anukarzaRa
anukarzan
anukalpa
anukANkzA
anukAma
anukAmakft
anukAmIna
anukAmInatA
anukAra
anukArin
anukArya
anukAlam
anukIrRa
anukIrtana
anukuYcita
anukUla
anukUlatA
anukUlanAyaka
anukUli
anukfta
anukfti
anukftya
anukfzwa
anukta
anuktanimitta
anukti
anukTa
anukakaca
anukrama
anukramaRa
anukramaRikA
anukrAnta
anukriyA
anukroSa
anukzaRam
anukzattf
anukzapam
anukzetra
anuKaYja
anuKyAti
anuKyAtf
anuga
anugaNgam
anugaRita
anugaRitin
anugata
anugatArTa
anugantavya
anuganDikA
anugama
anugamana
anugavam
anugavIna
anugAdin
anugAmin
anugAmuka
anugiram
anugIti
anugu
anuguRa
anugfhIta
anugra
anugraha
anugrahaRa
anugrahasarga
anugrahin
anugrAmam
anugrAsaka
anugrAhaka
anugrAhin
anugrAhya
anucara
anucAraka
anucArin
anucita
anucitArTa
anucintana
anucintA
anuccAra
anucCAda
anucCitti
anucCittiDarman
anucCinna
anucCizwa
anucCeda
anucCedya
anuja
anujanam
anujanman
anujAta
anujAvara
anujiGfkzA
anujIrRa
anujIvin
anujIvisAt
anujIvisAtkfta
anujIvya
anujYapti
anujYA
anujYAta
anujYAna
anujYApaka
anujYApana
anujYAprArTanA
anujYEzaRA
anujyezWa
anuta
anutapta
anutara
anutarza
anutarzaRa
anutApa
anutApana
anutApin
anutilam
anutUli
anutkarza
anutta
anuttama
anuttamanyu
anuttamAmBas
anuttamAmBasika
anuttara
anuttarayogatantra
anuttaropapAtika
anuttaropapAtikadaSA
anutpatti
anutpattika
anutpattikaDarmakzAnti
anutpattisama
anutpanna
anutpAda
anutpAdakzAnti
anutpAdana
anutpAdya
anutsAha
anutsuka
anuda
anudaka
anudatta
anudara
anudarSana
anudarSin
anudAtta
anudAttatara
anudAttatva
anudAttasvarita
anudAttAdi
anudAttet
anudAttodaya
anudAttopadeSa
anudAra
anudita
anudinam
anudivasam
anudiSam
anudfzwi
anudeya
anudeSa
anudeSin
anudDfta
anudDftAByastamaya
anudBawa
anudya
anudyoga
anudrazwavya
anudruta
anudvAha
anudvigna
anudvega
anudvegakara
anuDAvana
anuDyAna
anuDyAyin
anunaya
anunayapratiGaprahARa
anunayamAna
anunayAmantraRa
anunayin
anunAda
anunAdin
anunAyikA
anunASa
anunAsika
anunAsikatva
anunAsikalopa
anunAsikAtva
anunAsikAdi
anunAsikAnta
anunAsikopaDa
anuninIzu
anunirdeSa
anunirvApa
anunirvApyA
anunIti
anunnatagAtra
anunmatta
anunmAda
anupakArin
anupakfta
anupakzita
anupagIta
anupaGAtArjita
anupaGnat
anupaja
anupajIvanIya
anupaWita
anupaWitin
anupatana
anupati
anupatita
anupaTa
anupad
anupada
anupadasUtra
anupadasvat
anupadin
anupadInA
anupadfzwin
anupadezwf
anupaDa
anupanAha
anupanyasta
anupanyAsa
anupapatti
anupapanna
anupapAdaka
anupaplava
anupapluta
anupabADa
anupama
anupamamati
anupamardana
anupamita
anupameya
anupayukta
anupayoga
anuparata
anupariDi
anupalakzita
anupalabDa
anupalabDatva
anupalabDi
anupalabDisama
anupalaByamAna
anupalamBa
anupavItin
anupaSaya
anupaSAnta
anupaSya
anupasaMhArin
anupasarga
anupasargatva
anupaskfta
anupasTAna
anupasTApana
anupasTApayat
anupasTApita
anupasTAyin
anupasTita
anupasTiti
anupahata
anupahatakruzwa
anupahUta
anupAkfta
anupAkftamAMsa
anupAKya
anupAta
anupAtaka
anupAtam
anupAtin
anupAna
anupAnatka
anupAnIya
anupAlana
anupAlayat
anupAlin
anupAlu
anupAvftta
anupArSva
anupuruza
anupuzpa
anupUrva
anupUrvakeSa
anupUrvagAtra
anupUrvaja
anupUrvatva
anupUrvadaMzwra
anupUrvanABi
anupUrvapARileKa
anupUrvaBrU
anupUrvavatsA
anupUrvaSas
anupUrvANguli
anupeta
anupozaRa
anuptaSasya
anuptrima
anupradAna
anuprapAtam
anuprapAdam
anupramARa
anuprayujyamAna
anuprayoktavya
anuprayoga
anupraroha
anupravacana
anupravacanIya
anupraveSa
anupraveSana
anupraveSanIya
anupraveSam
anupraSna
anuprasakti
anuprasarpin
anuprasTa
anupraharaRa
anuprApta
anuprAsa
anuplava
anubadDa
anubanDa
anubanDana
anubanDin
anubanDya
anubanDyapaSu
anubala
anubIDa
anuboDana
anubrAhmaRa
anubrAhmaRin
anuBaNgam
anuBartf
anuBava
anuBavasidDa
anuBavasAra
anuBAva
anuBAvaka
anuBAvana
anuBAvin
anuBAzaRa
anuBAsa
anuBU
anuBUta
anuBUti
anuBUtiprakASa
anuBUtisvarUpAcArya
anuBoga
anuBrAtf
anumata
anumati
anumatipatra
anumaDyamam
anumanana
anumantf
anumantraRa
anumantraRamantra
anumantrita
anumaraRa
anumaru
anumA
anumAdya
anumAna
anumAnaKaRqa
anumAnaprakASa
anumAnamaRidIDiti
anumAnokti
anumApaka
anumAzam
anumAsa
anumita
anumiti
anumimAna
anumIyamAna
anumftA
anumeya
anumodaka
anumodana
anumodita
anumlocantI
anumlocA
anuyajus
anuyavam
anuyA
anuyAga
anuyAja
anuyAjavat
anuyAta
anuyAtf
anuyAtra
anuyAtrika
anuyAna
anuyAyitA
anuyAyin
anuyukta
anuyuktin
anuyugam
anuyUpam
anuyoktf
anuyoga
anuyogakft
anuyogin
anuyojana
anuyojya
anurakta
anuraktaloka
anurakti
anurakzaRa
anuraYjaka
anuraYjana
anuraYjita
anuraRana
anurata
anurati
anuraTa
anuraTyA
anurasa
anurahat
anurahasa
anurAga
anurAgavat
anurAgitA
anurAgin
anurAgeNgita
anurAtram
anurADa
anurADagrAma
anurADapura
anuru
anurudDa
anurudDaka
anuruD
anuruhA
anurUpa
anurUpacezwa
anurevatI
anuroDa
anuroDaka
anuroDana
anuroDitA
anuroDin
anurohaRa
anurohaRIya
anurohat
anulA
anulApa
anulAsa
anulAsya
anulipta
anulepa
anulepaka
anulepana
anulepikA
anulepin
anuloma
anulomakalpa
anulomakfzwa
anulomaja
anuloman
anulomana
anulomapariRItA
anulomAya
anulomi
anulvaRa
anuvaMSa
anuvaMSya
anuvaktavya
anuvakra
anuvakraga
anuvacana
anuvacanIya
anuvatsara
anuvanam
anuvartana
anuvartin
anuvartman
anuvaSa
anuvazawkAra
anuvazawkfta
anuvasita
anuvaha
anuvAka
anuvAkasaMKyA
anuvAkAnukramaRI
anuvAkyavat
anuvAkyA
anuvAkyAvat
anuvAc
anuvAcana
anuvAcanaprEza
anuvAcanIya
anuvAcita
anuvAta
anuvAda
anuvAdaka
anuvAdana
anuvAdanIya
anuvAdavacana
anuvAdin
anuvAdya
anuvAdyatva
anuvAram
anuvAsa
anuvAsana
anuvAsanIya
anuvAsanopAya
anuvAsita
anuvAsin
anuvAsya
anuvitta
anuvitti
anuvidDa
anuviDAna
anuviDAyin
anuvinASa
anuvinda
anuviSva
anuvizwamBa
anuvizRu
anuvI
anuvftta
anuvftti
anuvfdDi
anuvedi
anuveDa
anuvelam
anuvellita
anuveSa
anuveSana
anuveSanIya
anuvyaYjana
anuvyam
anuvyavahAra
anuvyavasAya
anuvyAKyAna
anuvyADa
anuvyAharaRa
anuvyAhAra
anuvyAhArin
anuvrajana
anuvrajya
anuvrata
anuSatika
anuSaya
anuSayavat
anuSayAna
anuSayitavya
anuSayin
anuSara
anuSastra
anuSAya
anuSAyin
anuSAsaka
anuSAsat
anuSAsana
anuSAsanIya
anuSAsita
anuSAsitf
anuSAsin
anuSAsya
anuSikzin
anuSiKa
anuSivam
anuSiSu
anuSizwa
anuSizwi
anuSIlana
anuSoka
anuSocaka
anuSocana
anuSocita
anuSoBin
anuSrava
anuSruta
anuzak
anuzakta
anuzaNga
anuzaNgin
anuzaYjana
anuzaYjanIya
anuzaw
anuzaRqa
anuzikta
anuzuka
anuzeka
anuzecana
anuzwuti
anuzwubgarBA
anuzwuB
anuzwoBana
anuzwra
anuzWa
anuzWAtf
anuzWAna
anuzWAnakrama
anuzWAnaSarIra
anuzWAnasmAraka
anuzWApaka
anuzWApana
anuzWAyin
anuzWi
anuzWita
anuzWu
anuzWeya
anuzRa
anuzRaka
anuzRagu
anuzRavallikA
anuzRASIta
anuzvaDa
anusaMvatsaram
anusaMvaraRam
anusaMsarpam
anusaMhitam
anusaKi
anusaYcaraRam
anusanDAtavya
anusanDAna
anusanDAyin
anusanDeya
anusanDyam
anusamaya
anusamApana
anusamudram
anusamprApta
anusambadDa
anusara
anusaraRa
anusarpa
anusavanam
anusAtam
anusAma
anusAyam
anusAra
anusArin
anusAryaka
anusItam
anusIram
anusU
anusUcaka
anusUpam
anusUyaka
anusfta
anusfti
anusfzwa
anusfzwi
anusevin
anusEnya
anuskandam
anustaraRI
anuspazwa
anusmaraRa
anusmfta
anusmfti
anusyUta
anusrayAman
anusvAna
anusvAra
anusvAravyavAya
anusvArAgama
anuha
anuharaRa
anuharat
anuharamARa
anuhAra
anuhAraka
anuhArya
anuhuNkf
anuhoqa
anuhrAda
anuhlAda
anUka
anUkavana
anUkavanIya
anUkASa
anUkta
anUkti
anUktitva
anUkya
anUkzam
anUcAna
anUcI
anUcIna
anUcInagarBa
anUcInAha
anUcya
anUQa
anUQamAna
anUQABrAtf
anUti
anUtta
anUdaka
anUdita
anUddeSa
anUdya
anUdyamAna
anUDas
anUna
anUnaka
anUnaguru
anUnavarcas
anUpa
anUpaja
anUpaprAya
anUpavilAsa
anUpasadam
anUpasiMha
anUpya
anUbanDya
anUyAja
anUrADa
anUru
anUruD
anUrusAraTi
anUrjita
anUrDva
anUrDvaBAs
anUrmi
anUlA
anUzara
anUzita
anUzmapara
anfkka
anfkzara
anfc
anfca
anfcka
anfju
anfRa
anfRatA
anfRin
anfta
anftadeva
anftadviz
anftaBAzaRa
anftamaya
anftavadana
anftavAc
anftavAdin
anftAKyAna
anftin
anftu
anftukanyA
anftodya
anfpa
anfBukzin
anfSaMsa
anfSaMsatA
aneka
anekakAla
anekakft
anekakriyA
anekakzetravyavacCedaka
anekagotra
anekaja
anekatA
anekatra
anekatva
anekaDarma
anekaDarmakaTA
anekaDA
anekaDAprayoga
anekapa
anekapitfka
anekapratipatti
anekaBArya
anekamuKa
anekarUpa
anekarUpaDAraRasAmarTya
anekalocana
anekavarRaguRana
anekavarRaBajana
anekavarRamaDyamAharaRa
anekavarRavyavakalana
anekavarRazaqviDa
anekavarRasaNkalana
anekavarRasamIkaraRa
anekavAram
anekaviDa
anekaviDatva
anekaSaPa
anekaSas
anekAkAra
anekAkin
anekAkzara
anekAkzarAntya
anekAc
anekAnta
anekAntatva
anekAntavAda
anekAntavAdin
anekArTa
anekArTaDvanimaYjarI
anekArTasaNgraha
anekArTABiyukta
anekArTABiyoga
anekAl
anekASraya
anekASrita
anekIkaraRa
anekIBavat
anekIya
anekEkatvabudDi
aneqa
aneqamUka
anetad
anedya
anedyas
anena
anenas
aneman
anezakA
anehas
anEkAnta
anEkAntika
anEkAntikatva
anEkya
anEpuRa
anEpuRya
anESvarya
ano
anokaSAyin
anokaha
anoGa
anoNkfta
anovAhya
anohaka
anOcitya
anOjasya
anOdDatya
anOrasa
ant
anta
antaHkaraRa
antaHkaraRavftti
antaHkalpa
antaHkuwila
antaHkfmi
antaHkoWarapuzpI
antaHkoRa
antaHkopa
antaHkrudDa
antaHpawa
antaHpadam
antaHpadavikfta
antaHpadaMvivftti
antaHpadasTa
antaHpariDAna
antaHpariDi
antaHparSavya
antaHpAta
antaHpAtita
antaHpAtin
antaHpAtya
antaHpAdam
antaHpArSvya
antaHpAla
antaHpura
antaHpuracara
antaHpurajana
antaHpuraprezyA
antaHpurasahAya
antaHpurADyakza
antaHpurika
antaHpuruza
antaHpUya
antaHprajYa
antaHpratizWAna
antaHpratizWita
antaHpramoda
antaHSarIra
antaHSarIravftti
antaHSalya
antaHSilA
antaHSudDa
antaHSleza
antaHSlezaRa
antaHsaYjYa
antaHsattvA
antaHsadasam
antaHsantApa
antaHsalila
antaHsAra
antaHsuKa
antaHsuzira
antaHsenam
antaHsTa
antaHsTatva
antaHsTIya
antaHsveda
antaka
antakadruh
antakara
antakaraRa
antakArin
antakAla
antakAlADipati
antaki
antakft
antakfddaSA
antaga
antagati
antagAmin
antacara
antacAra
antaja
antajAti
antatas
antatvAzwrI
antadIpaka
antapAla
antaBava
antaBAj
antama
antar
antara
antaraMsa
antaragfha
antaragni
antaraNga
antaraNgatva
antaraNgatara
antaracakra
antarajYa
antarata
antaratat
antaratama
antaratara
antaratas
antaratA
antaratAntaratAntaratA
antarada
antaradiSA
antaradvAra
antarapUruza
antarapraBava
antarapraSna
antaram
antaraya
antarayaRa
antarayana
antaravayava
antarasTa
antarA
antarAkASa
antarAkUta
antarAgama
antarAgAra
antarAtman
antarAtmezwakam
antarApaRa
antarApatyA
antarABakta
antarABara
antarABavadeha
antarABavasattva
antarAya
antarAyaRa
antarArAma
antarAla
antarAlaka
antarAvedi
antarASfNgam
antari
antarikza
antarikzakzit
antarikzagata
antarikzajala
antarikzaprA
antarikzaprut
antarikzaloka
antarikzasaMSita
antarikzasad
antarikzasadya
antarikzodara
antarikzya
antarita
antarindriya
antarIkza
antarIkzaga
antarIkzacara
antarIkzajala
antarIpa
antarIya
antaruzya
antare
antareRa
antargaNgAmAhAtmya
antargaqu
antargata
antargatamanas
antargatopamA
antargalita
antargarBa
antargAmin
antargiram
antargudavalaya
antargUQaviza
antargfha
antargeham
antarGaRa
antarGana
antarGAta
antarja
antarjaWaram
antarjamBa
antarjala
antarjalacara
antarjAnu
antarjyotis
antarjvalana
antardagDa
antardaDana
antardaDAna
antardaSA
antardaSADipati
antardaSAha
antardAva
antardAha
antarduHKa
antarduzwa
antardfzwi
antardeSa
antardvAra
antardvIpin
antarDA
antarDAna
antarDApita
antarDAyaka
antarDi
antarDyAna
antarnagara
antarnivizwa
antarnizWa
antarBava
antarBavana
antarBAva
antarBAvanA
antarBAvita
antarBinna
antarBUta
antarBUtatva
antarBUmi
antarBUmigata
antarBUminivAsin
antarBOma
antarmanas
antarmAnavatI
antarmuKa
antarmfta
antarmoda
antarya
antaryAma
antaryAmagraha
antaryAmapAtra
antaryAmin
antarlamba
antarlIna
antarloma
antarvaMSa
antarvaMSika
antarvaRa
antarvat
antarvami
antarvartin
antarvasat
antarvasutrirAtra
antarvastra
antarvA
antarvARi
antarvAvat
antarvAvad
antarvAzpa
antarvAsas
antarvigAhana
antarvidvas
antarvega
antarvedi
antarvedI
antarveSma
antarveSman
antarveSmam
antarveSmika
antarhaRana
antarhanana
antarhasta
antarhastIna
antarhAsa
antarhita
antarhitAtman
antarhfdaya
antalopa
antavacana
antavat
antavattva
antavadBAva
antavahni
antavAsin
antavelA
antaSayyA
antaScEtanya
antasatkriyA
antasad
antastApa
antastuzAra
antastoya
antastya
antasTa
antasTIya
antaspaTa
antasvarita
antAdi
antAdivat
antAvasAyin
anti
antika
antikagati
antikatama
antikatA
antikAt
antikAdAgata
antikArTa
antikASraya
antikeBava
antigfha
antitama
antitas
antideva
antinAra
antima
antimajina
antimANka
antimANguli
antimitra
antiya
antivAma
antizad
antisumna
antI
anteguru
antevAsa
antevAsi
antevAsin
antodAtta
antodAttatva
antya
antyaka
antyakarman
antyakriyA
antyagodAna
antyaja
antyajagamana
antyajanman
antyajastrI
antyajAgamana
antyajAti
antyajAtitA
antyaDana
antyapada
antyaPalajyA
antyaBa
antyamUla
antyayuga
antyayoni
antyayonitA
antyalopa
antyavarRa
antyavipulA
antyastrI
antyAnuprAsa
antyABigamana
antyAyana
antyAvasAyin
antyAvasTa
antyAvasTiti
antyAhuti
antyAhutikarman
antyUti
antyezwi
antyezwikriyA
antra
antrakUja
antrakUjana
antranDami
antrapAcaka
antramaya
antravikUjana
antravfdDi
antraSilA
antrasraj
antrAda
antrI
and
anda
andikA
andu
anduka
andU
andUka
andolana
andoli
andolita
andraka
anD
anDa
anDaka
anDakaGAtin
anDakaripu
anDakavarta
anDakavartaka
anDakavartakIya
anDakavartIya
anDakavfzRi
anDakAra
anDakAraprAyaScitta
anDakAramaya
anDakArasaYcaya
anDakAraspfzwaprAyaScitta
anDakAri
anDakArita
anDakAsura
anDakAsuhfd
anDakUpa
anDaNkaraRa
anDatamas
anDatamasa
anDatA
anDatAmasa
anDatAmisra
anDatva
anDapUtanA
anDapUtanArtta
anDamUzA
anDamUzikA
anDamBavizRu
anDamBAvuka
anDas
anDAtamasa
anDAlajI
anDAhi
anDikA
anDIkfta
anDIgu
anDIBUta
anDu
anDula
anDU
anDra
anDrajAti
anDrajAtIya
anDraBftya
anna
annakAma
annakAla
annakUwa
annakUwayAtrA
annakozWaka
annagati
annaganDi
annagrAhaka
annaja
annajala
annajAta
annajit
annajIvana
annatejas
annada
annadAtf
annadAna
annadAyin
annadoza
annadveza
annapati
annaparivarta
annapAnarakzA
annapAnaviDi
annapU
annapUrRA
annapUrvA
annapeya
annaprada
annapralaya
annaprASa
annaprASana
annabuBukzu
annabrahman
annabrahmavid
annaBakza
annaBakzaRa
annaBAga
annaBukti
annaBuj
annamaya
annamayakoSa
annamayakoza
annamala
annarakzA
annarasa
annarasamaya
annalipsA
annavat
annavastra
annavAhisrotas
annavikAra
annavikAratva
annavikArin
annavikAritva
annavid
annavfkza
annavyavahAra
annaSeza
annasaMskAra
annasaMskArakarman
annasidDi
annahartf
annahoma
annAcCAdana
annAttf
annAttftva
annAtman
annAda
annAdana
annAdin
annAdya
annAdyakAma
annADISa
annApaharaRa
annApahAraka
annApahArin
annABilAza
annAyu
annAyus
annArTa
annArTatA
annArTin
annAvfD
annAhArin
anya
anyakAma
anyakArita
anyakArukA
anyakfta
anyakzetra
anyaga
anyagata
anyagAmin
anyagotra
anyaNga
anyaNgaSveta
anyacitta
anyaja
anyajanman
anyajAta
anyajAti
anyajAtIya
anyat
anyataHkzRut
anyataHplakzA
anyataHSitibAhu
anyataHSitiranDra
anyataenI
anyatama
anyatara
anyataratas
anyataratodanta
anyataratoyukta
anyataratva
anyataraDarma
anyatarasyAm
anyataredyus
anyatas
anyatastya
anyatA
anyatABAva
anyatoGAtin
anyatomuKa
anyatoraRya
anyatovAta
anyatkAma
anyatkAraka
anyatra
anyatradattAkza
anyatramanas
anyatva
anyatvakara
anyaTA
anyaTAkaraRa
anyaTAkAra
anyaTAkfta
anyaTAKyAti
anyaTAKyAtivAdin
anyaTAtva
anyaTAnupapatti
anyaTAnumiti
anyaTABAva
anyaTABUta
anyaTAvAditva
anyaTAvAdin
anyaTAvftti
anyaTAsidDa
anyaTAsidDatva
anyaTAsidDi
anyaTAstotra
anyaTi
anyaTopapatti
anyad
anyadarTa
anyadA
anyadASA
anyadASis
anyadAsTA
anyadAsTita
anyadina
anyadIya
anyadutsuka
anyadurvaha
anyadUti
anyadeva
anyadevata
anyadevatya
anyadehacikitsA
anyadEvata
anyadrAga
anyaDarma
anyaDarmatva
anyanABi
anyanAmacihnita
anyanAmANka
anyanindaka
anyapadArTa
anyapadArTapraDAna
anyapadArTapraDAnatA
anyapadArTaprADAnya
anyapara
anyaparatva
anyapuzwa
anyapUrvA
anyaBAva
anyaBft
anyaBfta
anyamanas
anyamanaska
anyamAtfja
anyamAnasa
anyayoga
anyarAga
anyarAjan
anyarAzwrIya
anyarUpa
anyarUpin
anyarhi
anyalakzaRopapatti
anyaliKita
anyaliNga
anyaliNgaka
anyaloha
anyavarRa
anyavAditva
anyavAdin
anyavApa
anyavikrIta
anyavIjaja
anyavIjasamudBava
anyavIjotpanna
anyavrata
anyaSAKaka
anyaSAKodBava
anyasaNgama
anyasADAraRa
anyasAmAnya
anyasfzwi
anyastrI
anyastrIga
anyastrIputrotpAdaka
anyA
anyAda
anyAdfkza
anyAdfS
anyAdfSa
anyADizWita
anyADIna
anyAnuzWAna
anyAya
anyAyadaRqa
anyAyavartin
anyAyavftta
anyAyin
anyAyya
anyAyyatva
anyArTa
anyArTaka
anyArTasvIkAra
anyASA
anyASis
anyASrayaRa
anyASrita
anyASritadravya
anyASritaDana
anyASritaBAryA
anyAsa
anyAsakta
anyAsADAraRa
anyAsTA
anyAsTita
anyUna
anyUnANga
anyUnADika
anyUnonnati
anyedyuzka
anyedyus
anyoQA
anyoti
anyotpanna
anyotsuka
anyodarya
anyonya
anyonyakfta
anyonyajanana
anyonyajananavftti
anyonyatas
anyonyatyAgin
anyonyapakzanayana
anyonyaBAjita
anyonyaBeda
anyonyamiTuna
anyonyamiTunavftti
anyonyaviBAga
anyonyavftti
anyonyavEra
anyonyavyatikara
anyonyavyatizakta
anyonyasaMSraya
anyonyasaMyoga
anyonyasampad
anyonyasApekza
anyonyahastakalita
anyonyahArABihata
anyonyApahfta
anyonyABAva
anyonyABAvatva
anyonyABiBava
anyonyABiBavavftti
anyonyArTa
anyonyASraya
anyonyASrayatva
anyonyASrayavftti
anyonyokti
anyonyopahava
anvak
anvakzam
anvakzarasanDi
anvagBAvam
anvac
anvaDyAyam
anvaya
anvayajYa
anvayavat
anvayavyatireka
anvayavyatirekin
anvayavyApti
anvayitva
anvayin
anvartitf
anvarTa
anvarTagrahaRa
anvarTatA
anvarTasaYjYa
anvarTopamA
anvavakiraRa
anvavacAra
anvavasarga
anvavasita
anvavAya
anvavAyana
anvavekzA
anvazwakA
anvazwakya
anvaham
anvAKyAna
anvAcaya
anvAcayaSizwa
anvAcita
anvAje
anvAdizwa
anvAdeSa
anvADAna
anvADi
anvADeya
anvADeyaka
anvAntrya
anvAyatana
anvAyatta
anvAyAtyA
anvArabDa
anvAraBya
anvAramBa
anvAramBaRa
anvAramBaRIyA
anvArohaRa
anvArohaRIya
anvAsana
anvAsyamAna
anvAhArya
anvAhAryaka
anvAhAryadakziRA
anvAhAryapacana
anvAhita
anvita
anvitArTa
anviti
anvizwa
anvizyat
anvizyamARa
anvIkzaRa
anvIkzA
anvIta
anvIpa
anvIyamAna
anvfcam
anvetavE
anveza
anvezaka
anvezaRa
anvezaRIya
anvezamARa
anvezita
anvezin
anvezwavya
anvezwf
anvezya
ap
apaHsaMvarta
apakara
apakaraka
apakaraRa
apakartf
apakarman
apakarza
apakarzaka
apakarzaRa
apakarzam
apakarzasama
apakalaNka
apakalmaza
apakAma
apakAra
apakAraka
apakAragir
apakAratA
apakAraSabda
apakArin
apakIrti
apakukzi
apakuYja
apakfta
apakfti
apakftya
apakfzwa
apakfzwajAti
apakOSalI
apakti
apakrama
apakramaRa
apakramin
apakrAmat
apakriyA
apakroSa
apakva
apakvakaraRa
apakvatA
apakvabudDi
apakvamaDu
apakvASin
apakza
apakzita
apakzepaRa
apaga
apagata
apagatavyADi
apagama
apagamana
apagara
apagarjita
apagalBa
apagAram
apagopura
apagoram
apagoha
apaGana
apaGAta
apaGAtaka
apaGAtin
apaca
apacamAna
apacaya
apacarita
apacAyita
apacAra
apacArin
apacikIrzA
apacita
apaciti
apacI
apacetf
apacCAya
apacCeda
apacCedana
apacyava
apacyuta
apajagDa
apajayya
apajAta
apajAnAna
apajiGAMsu
apajihIrzu
apaYcIkfta
apawAkzepa
apawAntara
apawI
apawIkzepa
apawu
apawutA
apaWa
apaRqita
apaRya
apatantraka
apatarpaRa
apatAnaka
apatAnakin
apati
apatika
apatiGnI
apatitA
apatiputra
apatIrTa
apatnIka
apatya
apatyajIva
apatyada
apatyapaTa
apatyapratyaya
apatyavat
apatyaSatru
apatyasAc
apatyasidDikft
apatra
apatrapaRa
apatrapA
apatrapizRu
apatravallikA
apatrasta
apatrApya
apatrigartam
apaTa
apaTahara
apaTin
apaTya
apaTyaBuj
apaTyanimitta
apad
apada
apadakziRam
apadama
apadaruhA
apadarohiRI
apadavApad
apadaSa
apadAna
apadAntara
apadArTa
apadiSam
apadizwa
apadI
apadevatA
apadeSa
apadeSya
apadoza
apadravya
apadvAra
apaDA
apaDAraya
apaDUma
apaDvaMsa
apaDvaMsaja
apaDvaMsin
apaDvasta
apaDvAnta
apanaya
apanayana
apanasa
apanAman
apanidra
apanirvARa
apanihita
apanIta
apanutti
apanuda
apanunutsu
apanetf
apanoda
apanodana
apannagfha
apapAWa
apapAtra
apapAtrita
apapAdatra
apapAna
apapArika
apapitva
apapUta
apaprajAtA
apapradAna
apaprozita
apabarhis
apabAhuka
apaBaya
apaBaraRI
apaBartf
apaBI
apaBUti
apaBraMSa
apaBrazwa
apama
apamakzetra
apamajyA
apamaRqala
apamanyu
apamamaRqala
apamarRa
apamarda
apamarSa
apamavftta
apamAna
apamAnita
apamAnin
apamAnya
apamArga
apamArjana
apamArjanIkfta
apamitya
apamityaka
apamuKa
apamUrDan
apamftyu
apamfzita
apamfzwa
apayaSas
apayaSaskara
apayAta
apayAna
apara
aparakAnyakubja
aparakAya
aparakArzRamfttika
aparakAla
aparakASakftsna
aparakASi
aparakunti
aparakfzRamfttikA
aparakta
aparagodAna
aparacIna
aparaja
aparajana
aparatA
aparatAla
aparati
aparatra
aparatva
aparatvaka
aparadakziRam
aparanidAGa
aparanEdAGa
aparapakza
aparapakzIya
aparapaYcAla
aparapara
aparaparyawa
aparaparvata
aparapAYcAlaka
aparapAwaliputra
aparapAwaliputraka
aparapARinIya
aparapuruza
aparapraReyatA
aparaBAva
aparam
aparamadra
aparamasTa
aparayAyAta
apararAtra
apararAtrakfta
aparava
aparavaktrA
aparavat
aparavarzA
aparavallaBa
aparavArzika
aparavojJita
aparaSarad
aparaSArada
aparaSAlApriya
aparaSEla
aparasakTa
aparasamam
aparaspara
aparasparasamBUta
aparasvastika
aparahemanta
aparahEmana
aparAga
aparAgni
aparAc
aparANguKa
aparAjita
aparAjizRu
aparAjeya
aparAYcala
aparAdDa
aparAdDapfzatka
aparAdDi
aparAdDf
aparAdDezu
aparADa
aparADaBaYjana
aparADaya
aparADitA
aparADin
aparADyApaka
aparAnta
aparAntaka
aparAntajYAna
aparApatantI
aparApara
aparAparaRa
aparApahARA
aparAmfzwa
aparAyatta
aparArka
aparArkacandrikA
aparArDa
aparAvartin
aparAvftta
aparAhla
aparAhlaka
aparAhlakfta
aparAhlatana
aparAhletana
aparikrama
aparikrAmam
aparigaRana
aparigaRita
aparigaRya
aparigraha
aparicayin
aparicita
aparicCada
aparicCanna
aparicCAdita
aparicCinna
aparicCeda
aparijYAta
aparijyAni
apariRayana
apariRAma
apariRAmitva
apariRAmin
apariRItA
aparitoza
aparipakva
aparipanTin
aparipara
aparipARi
aparimARa
aparimita
aparimeya
aparimlAna
apariyARi
aparivAdya
aparivizwa
aparivfta
apariSeza
aparizkAra
aparizkfta
aparisaNKyAna
aparisamAptika
apariskanda
apariharaRIya
aparihArya
aparihvfta
aparI
aparIkzita
aparIkzitakArin
aparIta
aparIvfta
aparuza
aparuzakeSa
aparUpa
apareRa
aparetarA
aparedyus
aparezukAmaSamI
aparEzukAmaSama
aparokza
aparokzajYAna
aparokzi
aparoDa
aparopita
aparohita
aparRa
apartu
aparparIka
apary
aparyanta
aparyApta
aparyAya
aparyAyaviDAna
aparyAvartita
aparyAsita
aparvaka
aparvadaRqa
aparvan
apala
apalapana
apalapita
apalapanIya
apalazaRa
apalANgala
apalApa
apalApadaRqa
apalApayamAna
apalApin
apalAla
apalASa
apalAza
apalAzikA
apalAzin
apalAzuka
apalAsikA
apalupam
apalyUlanakfta
apavaktf
apavat
apavada
apavadamAna
apavaditf
apavana
apavaraka
apavaraRa
apavarga
apavargada
apavarjana
apavarjanIya
apavarjita
apavarjya
apavarta
apavartana
apavartita
apavAcana
apavAda
apavAdaka
apavAdasTala
apavAdasaNgati
apavAdin
apavAdya
apavAraRa
apavArita
apavAritaka
apavArya
apavAsa
apavAha
apavAhana
apavikzata
apaviGna
apavitra
apavidDa
apaviza
apavizRu
apavIRa
apavIravat
apavfkta
apavfkti
apavfjya
apavft
apavfta
apavfti
apavftta
apavftti
apaveDa
apavyaya
apavyayat
apavyayamAna
apavyApAramantrin
apavrata
apaSakuna
apaSaNka
apaSada
apaSabda
apaSiras
apaSIrza
apaSIrzan
apaSu
apaSugGna
apaSuc
apaSuhan
apaSoka
apaScAdaGvan
apaScAddaGvan
apaScAttApin
apaScima
apaSya
apaSyat
apaSyanA
apaSyamAna
apaSraya
apaSrI
apaSlizwa
apaSvAsa
apazWa
apazWu
apazWura
apazWula
apas
apasada
apasamam
apasara
apasaraRa
apasarjana
apasarpa
apasarpaka
apasarpaRa
apasalavi
apasavya
apasavyaka
apasavyavat
apasAra
apasAraRa
apasArita
apasArvaseni
apasidDAnta
apasIra
apasfpti
apasOvIram
apaskara
apaskAra
apasKala
apastama
apastamba
apastamBa
apastamBinI
apasnAta
apasnAna
apaspati
apasparSa
apaspfc
apasPiga
apasPur
apasPura
apasPurat
apasmAra
apasmArin
apasy
apasya
apasyu
apasvin
apaha
apahata
apahatapApman
apahati
apahanana
apahantf
apaharaRa
apaharat
apaharaRIya
apahartavya
apahartf
apahala
apahasita
apahasti
apahastita
apahAna
apahAni
apahAyana
apahAra
apahAraka
apahAraRa
apahAravarman
apahArin
apahAreSvara
apahArya
apahAsa
apahAsya
apahiNkAra
apahIna
apahInakleSa
apahuta
apahfta
apahnava
apahnavavAdin
apahnuta
apahnuti
apahnuvAna
apahnotf
apahrAsa
apAMvatsa
apAk
apAka
apAkacakzas
apAkaja
apAkaraRa
apAkarizRu
apAkartos
apAkarman
apAkaSAka
apAkin
apAkfti
apAkta
apAkramat
apAkza
apANkta
apANkteya
apANktya
apANktyopahata
apANga
apANgaka
apANgadarSana
apANgadeSa
apANganetra
apANgavalana
apAc
apAcItarA
apAcIna
apAcya
apAYjas
apAwava
apARigrahaRa
apARinIya
apARipAda
apAtra
apAtrakftyA
apAtraBft
apAtrIkaraRa
apAd
apAdAdiBAj
apAdAna
apAdAntIya
apAdya
apADvan
apAna
apAnat
apAnadA
apAnana
apAnapavana
apAnapA
apAnaBft
apAnavAyu
apAnfta
apAntaratama
apAntaratamas
apAnnapAt
apAnnaptf
apAnnaptriya
apAnnaptrIya
apAnnATa
apAnniDi
apApa
apApakASin
apApakft
apApavasyasa
apApavidDa
apApin
apAmArga
apAmArjana
apAmpati
apAmpitta
apAya
apAyin
apAra
apAraka
apArapAra
apAramArTika
apAramArTikatva
apArayat
apArjaka
apArjita
apArRa
apArTa
apArTaka
apArTavAc
apAla
apAlaNka
apAlana
apAlamba
apAli
apAlita
apAvaraRa
apAvartana
apAvartita
apAvft
apAvfta
apAvfti
apAvftta
apAvftti
apASyA
apASraya
apASrita
apAzwi
apAzWa
apAzWavat
apAsaNga
apAsana
apAsaraRa
apAsarat
apAsi
apAsita
apAsu
apAsta
apAsyat
api
apikakza
apikakzya
apikarRa
apikziti
apigata
apigIrRa
apigfhya
apigrAhya
apicCila
apija
apit
apitf
apitfka
apitrya
apitva
apitvin
apidAsaka
apiDAna
apiDAnavat
apiDi
apinadDa
apipAsa
apiprARa
apibadDa
apiBAga
apimehat
apiyat
apirADaya
apilaka
apivAnyavatsA
apivrata
apiSarvara
apiSala
apiSali
apiSuna
apihita
apIcya
apIcyadarSana
apIjU
apIqana
apIqA
apIta
apItaka
apIti
apInasa
apIyUkzA
apIvya
apIvyadarSana
apuMs
apuMskA
apuMstva
apucCa
apuRya
apuRyavat
apuRyaSIla
aputra
aputraka
aputratA
aputrapOtra
aputrayozit
aputrikA
apunar
apunarAdAna
apunarAvftti
apunarBava
apunarBAva
apurARa
apurAtana
apuruzArTa
apuronuvAkyaka
apurorukka
apuzkala
apuzwa
apuzwatva
apuzpa
apuzpaPala
apuzpaPalada
apuzpaPalasambanDa
apus
apUjaka
apUjA
apUjita
apUta
apUpa
apUpamaya
apUpavat
apUpApihita
apUpIya
apUpya
apUraRI
apUruza
apUruzaGna
apUrRa
apUrRakAla
apUrRakAlaja
apUrRatA
apUrvakarman
apUrvajanaka
apUrvatA
apUrvanizpAdaka
apUrvapati
apUrvapada
apUrvapadAntaga
apUrvaBAvanA
apUrvavacana
apUrvavacas
apUrvArTa
apUrvArTatva
apUrvIya
apUrvIyatva
apUrvopayogin
apUrvya
apfkta
apfRat
apfTak
apfTaggrahaRa
apfzwa
apekzaRa
apekzaRIya
apekzA
apekzAbudDi
apekzita
apekzitavya
apekzitavyAKyAna
apekzin
apekzya
apeta
apetarAkzasI
apendra
apeya
apeSala
apeSas
apehikawA
apehidvitIyA
apehiprakasA
apehipraGasA
apehivARijA
apehivAtA
apehiviGasA
apehisvAgatA
apESuna
apogaRqa
apoQa
apodaka
apoditya
apodDArya
apodya
aponapAt
aponaptf
aponaptriya
aponaptrIya
apoSAna
apoha
apohana
apohanIya
apohita
apohya
apOgaRqa
apOruza
apOruzeya
apOruzeyatva
apkftsnasamADi
apcara
apta
aptas
aptu
aptur
aptUrya
aptoryAma
aptya
apna
apnaHsTa
apnarAj
apnavan
apnavAna
apnavAnavat
apnas
apnasvat
appa
appati
appadIkzita
appitta
appidIkzita
apya
apyac
apyadIkzita
apyaya
apyayadIkzita
apyayana
apyayya
apyarDa
apyAyadIkzita
apyuta
apyEdIkzita
aprakawa
aprakampa
aprakampatA
aprakara
aprakaraRa
aprakalpaka
aprakARqa
aprakAra
aprakASa
aprakASaka
aprakASakagraha
aprakASatA
aprakASamAna
aprakASita
aprakASya
aprakIrRaprasftatva
aprakfta
aprakftatva
aprakfzwa
aprakxpta
apraketa
aprakzita
apraKara
apragama
apragalBa
apragIta
apraguRa
apragfhya
apragrAha
apracaNkaSa
apracaRqa
apracura
apracetas
apracetita
apracodita
apracyuta
apraja
aprajajYi
aprajas
aprajastA
aprajAtA
aprajAstva
aprajYAta
apraRaya
apraRIta
apraRodya
apratarkya
aprat
apratApa
aprati
apratikara
apratikarman
apratikarza
apratikAra
apratikArin
apratigata
apratigamana
apratigfhya
apratigrAhaka
apratigrAhya
apratiGa
apratiGAta
apratidvandva
apratidvandvatA
apratiDura
apratiDarzita
apratiDarzitabala
apratiDfzwa
apratiDfzwaSavas
apratiDfzya
apratipaRya
apratipatti
apratipad
apratipanna
apratibadDa
apratibadDacitta
apratibanDa
apratibanDaka
apratibala
apratibruvat
apratiBa
apratima
apratimakarman
apratimanyUyamAna
apratiyogin
apratiraTa
apratirava
apratirUpa
apratirUpakaTA
apratirUpavadana
aprativIrya
apratiSabdita
apratizidDa
apratizeDa
apratizkuta
apratizkfta
apratizWa
apratizWAna
apratizWita
apratizWitatva
apratisaNkrama
apratisaNKyAniroDa
apratisamADeya
apratisambadDa
apratisKalita
apratistabDa
apratihata
apratihatacitta
apratihatacittatA
apratihatanetra
apratihatapuMstva
apratihataSakti
apratihataSabda
apratIkAra
apratIkzam
apratIkzamARa
apratIGAtitA
apratIGAtin
apratIta
apratItatA
apratIti
apratItta
apratIpa
apratula
apratta
apratyakza
apratyakzatA
apratyakzaSizwa
apratyaBijYAna
apratyayasTa
apratyAKyAta
apratyAKyAna
apratyAKyeya
apratyAmnAya
apratyuccAraRa
apratyfta
apraTama
apraTiman
apradakziRam
apradAna
apradugDa
apraduzwa
apradfpita
apradfpta
apradeSa
apradvezya
apraDAna
apraDAnatA
apraDAnatva
apraDfzya
apraDfzyamARa
aprapadana
aprabala
apraBa
apraBu
apraButva
apraBUta
apraBUti
apramatta
apramada
apramaya
apramA
apramARa
apramARaSuBa
apramARABa
apramAda
apramAdatA
apramAdam
apramAdin
apramAdyat
apramAyuka
apramita
apramudita
apramUra
apramUrcCita
apramfzya
aprameya
aprameyAtman
aprameyAnuBAva
apramoda
apramodamAna
aprayacCat
aprayatna
aprayAja
aprayARi
aprayAt
aprayApaRi
aprayAvam
aprayukta
aprayuktatA
aprayucCat
aprayuta
aprayutvan
aprayoga
aprayojaka
aprayojakatva
apralamba
apravargya
apravartaka
apravartana
apravartin
apravIRa
apravIta
apravftta
apravftti
apravfdDa
apravfdDi
apraveda
apraSakta
apraSakti
apraSasta
apraSasya
apraSAnta
apraSIrRAgra
aprasakta
aprasaktapratizeDa
aprasakti
aprasaNga
aprasanna
aprasava
aprasavaDarmin
aprasahya
aprasAda
aprasidDa
aprasidDatva
aprasidDi
aprasUtastrI
aprasUtA
aprastAvika
aprastuta
aprastutatva
aprastutapraSaMsA
aprahata
aprahan
aprahantf
aprahita
aprakaraRika
aprAkfta
aprAgrya
aprAcIna
aprAjYa
aprARa
aprARat
aprARijAti
aprARin
aprAtilomya
aprADAnya
aprApita
aprApta
aprAptakAla
aprAptakAlatva
aprAptatA
aprAptapratizeDa
aprAptaprApaka
aprAptabADa
aprAptabADana
aprAptavayas
aprAptaviDAna
aprAptaviDi
aprAptaviBAzA
aprAptavyavahAra
aprAptavyavahArakAla
aprAptAvasara
aprApti
aprAptisama
aprApya
aprApyagrahaRa
aprAmARika
aprAmARya
aprAmi
aprAmisatya
aprAyatya
aprAyu
aprAyus
aprASastya
apriya
apriyaMvada
apriyaBAgin
apriyaBAzin
apriyavacas
apriyavAdin
aprIti
aprItikara
aprItyAtmaka
aprIyamARa
apretarAkzasI
apreman
aprEza
aprokzita
aprowa
aprozivas
aprOQa
aplava
apluta
aplutavat
apvA
apsa
apsara
apsaraHpati
apsaras
apsarastIrTa
apsarA
apsarApati
apsarAy
apsarAyamARa
apsava
apsavya
apsas
apsA
apsu
apsukzit
apsucara
apsuja
apsujA
apsujit
apsunAman
apsumat
apsumati
apsuyoga
apsuyoni
apsuvAh
apsuzad
apsuzoma
apsusaMSita
aPala
aPalatA
aPalIkfta
aPalgu
aPulla
aPena
aPsaras
ab
abadDa
abadDaka
abadDamuKa
abaDArha
abaDira
abaDya
abaDyatA
abaDyaBAva
abaDyASva
abaDra
abanti
abantI
abanDaka
abanDana
abanDu
abanDukft
abanDya
abanDyakopa
abanDra
abaBrawa
abala
abalatA
abalaDanvan
abalAsa
abalIyas
abalya
abahu
abahvakzara
abahvac
abahvacka
abADa
abADaka
abADita
abAnDava
abAla
abAliSa
abAlendu
abAsas
abAhya
abidvas
abinDana
abiBIvas
abiByat
abIra
abudDa
abudDatva
abudDi
abudDitA
abudDipUrva
abudDipUrvaka
abudDimat
abuD
abuDa
abuDna
abuDya
abuDyamAna
abfdDa
abela
aboDa
aboDaka
aboDakatva
aboDagamya
abja
abjakakuBa
abjakarRikA
abjaja
abjadfS
abjanayana
abjanetra
abjabAnDava
abjaBoga
abjayoni
abjavAhana
abjavIjaBft
abjas
abjahasta
abjA
abjAhva
abjit
abjinI
abjinIpati
abda
abdatantra
abdanAda
abdayA
abdavAhana
abdaSata
abdasahasra
abdasAra
abdArDa
abdi
abdimat
abdurga
abdevatAka
abdEvata
abDi
abDikaRa
abDikaPa
abDija
abDiJaza
abDiqiRqara
abDidvIpA
abDinagarI
abDinavanItaka
abDiPala
abDiPena
abDimaRqUkI
abDiSayana
abDisAra
abDihiRqIra
abDyagni
abBakza
abBakzaRa
abBakzatva
abBra
abBra
abBraka
abBratara
abBri
abBri
abBrita
abBriya
abBrIya
abBrya
abrahmacarya
abrahmacaryaka
abrahmaRya
abrahmatA
abrahman
abrahmabanDUka
abrahmavid
abrAhmaRa
abrAhmaRatA
abrAhmaRya
abruvat
abliNga
aB
aBakta
aBaktacCandas
aBaktaruc
aBakti
aBaktimat
aBakza
aBakzaRa
aBakzya
aBakzyaBakzaRa
aBakzyaBakzin
aBakzyaBoktf
aBaga
aBagna
aBagnamAna
aBaNgura
aBadra
aBaya
aBayagiri
aBayagirivAsin
aBayagirivihAra
aBayaNkara
aBayaNkft
aBayajAta
aBayaqiRqima
aBayada
aBayadakziRA
aBayadAna
aBayanAga
aBayandada
aBayapatra
aBayaprada
aBayapradAna
aBayayAcana
aBayavacana
aBayavAc
aBayavARa
aBayasani
aBayAnanda
aBava
aBavanIya
aBavanmatayoga
aBavanmatasambanDa
aBavitavya
aBavitavyatA
aBavya
aBastra
aBastrakA
aBAga
aBAgitva
aBAgin
aBAgya
aBAgyavat
aBAyavARa
aBAva
aBAvatva
aBAvana
aBAvanIya
aBAvayitf
aBAvin
aBAvya
aBAzaRa
aBAzitapuMska
aBi
aBika
aBikaraRa
aBikANkzA
aBikANkzita
aBikANkzin
aBikAma
aBikAmam
aBikAla
aBikfti
aBikftvarI
aBikxpta
aBikratu
aBikranda
aBikrama
aBikramaRa
aBikrAnta
aBikrAnti
aBikrAntin
aBikrAmat
aBikrAmam
aBikroSaka
aBikzattf
aBikzadA
aBikzipat
aBiKya
aBiKyayAdava
aBiKyAtf
aBiKyAna
aBigacCat
aBigata
aBigantf
aBigama
aBigamadaRqa
aBigamana
aBigamanadaRqa
aBigamya
aBigara
aBigarjana
aBigAmin
aBigupta
aBigupti
aBigUrta
aBigUrti
aBigoptf
aBigrasta
aBigraha
aBigrahaRa
aBiGarzaRa
aBiglAna
aBiGAta
aBiGAtaka
aBiGAtahata
aBiGAtita
aBiGAtin
aBiGAra
aBiGAraRa
aBiGArita
aBiGArya
aBicakzaRa
aBicakzya
aBicara
aBicaraRa
aBicaraRIya
aBicarat
aBicaritavE
aBicaritos
aBicAra
aBicAraka
aBicArakalpa
aBicArajvara
aBicAraRIya
aBicAramantra
aBicArayajYa
aBicArahoma
aBicArita
aBicArin
aBicArya
aBicEdya
aBija
aBijagmivas
aBijana
aBijanavat
aBijanitos
aBijaya
aBijAta
aBijAtatA
aBijAti
aBijiGraRa
aBijit
aBijita
aBijiti
aBijinmuhUrta
aBijYa
aBijYAna
aBijYAnaSakuntala
aBijYu
aBitapta
aBitarAm
aBitas
aBitAqita
aBitApa
aBitApana
aBitAmra
aBitigmaraSmi
aBitoBAva
aBitoBAvin
aBitorAtram
aBitosTi
aBitti
aBidakziRam
aBidaDat
aBidaDAna
aBidarSana
aBidazwa
aBidAnta
aBidipsu
aBiduzwa
aBidUti
aBidyu
aBidravat
aBidrazwf
aBidruta
aBidruha
aBidroha
aBiDarma
aBiDarmakoSa
aBiDarmapiwaka
aBiDarzaRa
aBiDA
aBiDAtavya
aBiDAna
aBiDAnaka
aBiDAnacintAmaRi
aBiDAnatva
aBiDAnamAlA
aBiDAnaratnamAlA
aBiDAnI
aBiDAnIya
aBiDAnottarottara
aBiDABAvanA
aBiDAmUla
aBiDAyaka
aBiDAyakatva
aBiDAyam
aBiDAyin
aBiDAvaka
aBiDAvana
aBiDAvicAra
aBiDASraya
aBiDitsA
aBiDfzRu
aBiDeya
aBiDeyatA
aBiDeyAlaNkAra
aBiDopADika
aBiDyA
aBiDyAna
aBiDyAyat
aBinadDa
aBinadDAkza
aBinanda
aBinandana
aBinandanIya
aBinandita
aBinandin
aBinandya
aBinaByam
aBinamra
aBinaya
aBinava
aBinavacandrArGaviDi
aBinavatva
aBinavadivasa
aBinavayOvana
aBinavavayaska
aBinavavEyAkaraRa
aBinavaSAkawAyana
aBinavIBUta
aBinahana
aBiniDana
aBiniDAna
aBiniDIyamAna
aBinipIqita
aBiniyukta
aBinirmukta
aBiniryARa
aBinirvftta
aBinirvftti
aBinivartam
aBiniviSamAna
aBinivizwa
aBinivizwatA
aBiniveSa
aBiniveSana
aBiniveSin
aBinizkArin
aBinizkramaRa
aBinizkrAnta
aBinizwAna
aBinizpatat
aBinizpatana
aBinizpatti
aBinizpanna
aBinistAna
aBinihata
aBinihita
aBinihnava
aBinIta
aBinIti
aBinIyamAna
aBinIla
aBinetavya
aBineya
aBinna
aBinnaka
aBinnatara
aBinnataraka
aBinnatA
aBinnapadaSlizwa
aBinnaparikarmAzwaka
aBinyAsa
aBinyAsajvara
aBipacyamAna
aBipaWita
aBipatat
aBipatana
aBipatanIya
aBipatti
aBipadma
aBipanna
aBiparipluta
aBiparIta
aBipitva
aBipIqita
aBipuzpa
aBipUjita
aBipUjyamAna
aBipUraRa
aBipUrRa
aBipUrvam
aBipraRIta
aBipratapta
aBipratArin
aBipraTana
aBipradakziRam
aBipradakziRAvartagati
aBiprapacyamAna
aBiprapanna
aBipraBaNgin
aBipramur
aBiprayAyam
aBipravartana
aBipravftta
aBipraSnin
aBiprahata
aBiprARana
aBiprAtar
aBiprApta
aBiprApti
aBiprAya
aBiprI
aBiprIti
aBipreta
aBiprepsu
aBipreryamARa
aBiprokzaRa
aBiplava
aBipluta
aBibala
aBibudDi
aBiBaNga
aBiBaYjat
aBiBartf
aBiBava
aBiBavat
aBiBavana
aBiBavanIya
aBiBavitf
aBiBA
aBiBAyatana
aBiBAra
aBiBAvaka
aBiBAvana
aBiBAvin
aBiBAvuka
aBiBAvukatejas
aBiBAzaRa
aBiBAzat
aBiBAzamARa
aBiBAzita
aBiBAzin
aBiBAzya
aBiBu
aBiBU
aBiBUta
aBiBUti
aBiBUtyojas
aBiBUya
aBiBUvan
aBimata
aBimanana
aBimanas
aBimanAy
aBimantavya
aBimantf
aBimantos
aBimantraRa
aBimantraRamantra
aBimantrita
aBimanTa
aBimanya
aBimanyamAna
aBimanyu
aBimanyupura
aBimanyusvAmin
aBimara
aBimarda
aBimardana
aBimardin
aBimarSa
aBimarSaka
aBimarSana
aBimarSin
aBimarza
aBimarzaka
aBimarzaRa
aBimAti
aBimAtijit
aBimAtin
aBimAtizAh
aBimAtizAha
aBimAtihan
aBimAda
aBimAdyat
aBimAdyatka
aBimAna
aBimAnatA
aBimAnavat
aBimAnavfttika
aBimAnaSAlin
aBimAnAtmaka
aBimAnita
aBimAnitva
aBimAnin
aBimAnuka
aBimAya
aBimihya
aBimuKa
aBimuKatA
aBimuKIkaraRa
aBimuKIBUta
aBimfzwa
aBimeTikA
aBimehat
aBimoda
aBimlAta
aBimlAtavarRa
aBimlAna
aBiyA
aBiyAcanA
aBiyAcita
aBiyAcYA
aBiyAt
aBiyAta
aBiyAti
aBiyAtin
aBiyAtf
aBiyAna
aBiyAyin
aBiyukta
aBiyugvan
aBiyuj
aBiyujyamAna
aBiyoktavya
aBiyoktf
aBiyoga
aBiyogapattra
aBiyogin
aBiyogya
aBiyojana
aBiyojayitf
aBiyojya
aBirakzA
aBirakzita
aBirakzitf
aBirakzya
aBiraYjita
aBirata
aBirati
aBiramaRa
aBiramaRIya
aBirAja
aBirAdDa
aBirAma
aBirAmakAvya
aBirAzwra
aBiruci
aBirucita
aBirucira
aBiruta
aBirUpa
aBirUpaka
aBirUpapati
aBiroruda
aBilakapitTa
aBilakzita
aBilakzya
aBilaNGana
aBilazaRa
aBilazaRIya
aBilazita
aBilazyat
aBilApa
aBilAva
aBilAza
aBilAzaka
aBilAzin
aBilAzuka
aBilAsa
aBilAsin
aBiliKita
aBilIna
aBilupta
aBilulita
aBilUtA
aBileKana
aBivadana
aBivat
aBivandana
aBivayas
aBivarga
aBivarta
aBivartin
aBivarzaRa
aBivarzin
aBivaha
aBivahat
aBivahana
aBivA
aBivAtam
aBivAda
aBivAdaka
aBivAdana
aBivAdanaSIla
aBivAdanIya
aBivAdayat
aBivAdayitf
aBivAdita
aBivAdin
aBivAdya
aBivAdyatA
aBivAdyamAna
aBivAnyA
aBivAnyavatsA
aBivAsa
aBivAsana
aBivAsas
aBivAhya
aBivijYapta
aBiviDi
aBivinIta
aBivimAna
aBiviSruta
aBivIkzita
aBivIra
aBivftta
aBivfdDa
aBivfdDi
aBivfzwa
aBivega
aBivyakta
aBivyakti
aBivyaNgya
aBivyaYjaka
aBivyaYjana
aBivyAdAna
aBivyADin
aBivyApaka
aBivyApin
aBivyApta
aBivyApti
aBivyApya
aBivyAharaRa
aBivyAhAra
aBivyAhArin
aBivyAhfta
aBivlaNga
aBiSaMsaka
aBiSaMsana
aBiSaMsin
aBiSaNkA
aBiSaNkita
aBiSapana
aBiSapta
aBiSabdita
aBiSas
aBiSasta
aBiSastaka
aBiSasti
aBiSasticAtana
aBiSastipA
aBiSastipAvan
aBiSastf
aBiSastya
aBiSasyamAna
aBiSAntva
aBiSAntvayat
aBiSApa
aBiSApajvara
aBiSIta
aBiSIna
aBiSoka
aBiSoca
aBiSocana
aBiSocayizRu
aBiSOri
aBiSyAta
aBiSyAna
aBiSravaRa
aBiSrAva
aBiSriz
aBiSrI
aBiSliz
aBiSlezaRa
aBiSvas
aBiSvAsa
aBizakta
aBizaNga
aBizaNgajvara
aBizaYjana
aBizava
aBizavaRa
aBizavaRIya
aBizavadina
aBizavadivasa
aBizahamARa
aBizAc
aBizAvaka
aBizAvakIy
aBizAh
aBizikta
aBiziktavaMSya
aBizicyamAna
aBizizikzat
aBizizicAna
aBizizeRayizu
aBizuka
aBizuta
aBizuvikrAnta
aBizeka
aBizekaBUmi
aBizektf
aBizekAha
aBizekya
aBizecana
aBizecanIya
aBizecya
aBizecita
aBizeRa
aBizeRana
aBizeRi
aBizotf
aBizwana
aBizwava
aBizwi
aBizwikft
aBizwidyumna
aBizwipA
aBizwimat
aBizwiSavas
aBizwuta
aBizwuvat
aBizRAta
aBizyat
aBizyanda
aBizyandin
aBizyandiramaRa
aBizvaNga
aBisaMyoga
aBisaMSIna
aBisaMSyAna
aBisaMSraya
aBisaMsAram
aBisaMskAra
aBisaMstava
aBisaMhita
aBisaNkruDyat
aBisaNkzipta
aBisaNkzepa
aBisaNKya
aBisaNKyatva
aBisaNKyeya
aBisaYcArin
aBisatvan
aBisantApa
aBisantrasta
aBisandeha
aBisandoha
aBisanDa
aBisanDaka
aBisanDA
aBisanDAna
aBisanDi
aBisamavAya
aBisampatti
aBisampad
aBisampanna
aBisamparAya
aBisampAta
aBisambadDa
aBisambanDa
aBisambADa
aBisammuKa
aBisara
aBisaraRa
aBisarat
aBisarga
aBisarjana
aBisartf
aBisarpaRa
aBisAntva
aBisAyam
aBisAra
aBisArasTAna
aBisArikA
aBisArin
aBisArI
aBisAryamARa
aBisAvakIy
aBisusUz
aBisUcita
aBisevana
aBisozyat
aBiskandam
aBisTiram
aBisneha
aBisPurita
aBisyanda
aBisyandin
aBisyandiramaRa
aBisyandIvana
aBisvayamAtfRRam
aBisvar
aBisvartf
aBihata
aBihati
aBihanyamAna
aBiharaRa
aBiharaRIya
aBihartavya
aBihartf
aBihava
aBihasya
aBihAra
aBihArya
aBihAsa
aBihitatva
aBihiti
aBihUti
aBihotavE
aBihoma
aBihrut
aBihruti
aBihvAra
aBIkzRam
aBIkzRaSas
aBIGAta
aBIcCat
aBIjya
aBIta
aBItavat
aBItvara
aBIdDa
aBIpat
aBIpada
aBIpsita
aBIpsin
aBIpsu
aBIBABiBUBABU
aBIma
aBImAna
aBImoda
aBIra
aBIraRI
aBIrapalli
aBIrAjI
aBIru
aBIruc
aBIruRa
aBIrupatrI
aBIlApa
aBIlu
aBIvarga
aBIvarta
aBIvft
aBIvfta
aBISApa
aBISu
aBIzaNga
aBIzAh
aBIzu
aBIzumat
aBIzwa
aBIzwatA
aBukta
aBuktamUla
aBuktavat
aBugna
aBuj
aBuja
aBuYjat
aBuYjAna
aBU
aBUta
aBUtatadBAva
aBUtapUrva
aBUtaprAdurBAva
aBUtarajas
aBUtAharaRa
aBUti
aBUmi
aBUmija
aBUyizWa
aBUri
aBUza
aBUzIya
aBfta
aBftrima
aBfSa
aBeda
aBedaka
aBedya
aBEdika
aBoktf
aBoktftva
aBogin
aBogGan
aBogya
aBoj
aBojana
aBojita
aBojin
aBojya
aBojyAnna
aBOtika
aByakta
aByagni
aByagra
aByaNka
aByaNga
aByaYjana
aByaDika
aByaDva
aByaDvam
aByanujYA
aByanujYAta
aByanujYAna
aByanUkta
aByantara
aByantarakaraRa
aByantarakalA
aByantaratas
aByantarAyAma
aByantarIkaraRa
aByantarIkfta
aByamana
aByamanavat
aByamita
aByamitram
aByamitrIRa
aByamitrIya
aByamitrya
aByamin
aByaya
aByayoDyam
aByari
aByarcat
aByarcana
aByarcanIya
aByarcA
aByarcita
aByarcya
aByarRRa
aByarTanA
aByarTanIya
aByarTayamAna
aByarTita
aByarTin
aByarTya
aByardita
aByarDa
aByarDayajvan
aByarhaRIya
aByarhaRIyatA
aByarhat
aByarhita
aByarhitatva
aByarhitapaSu
aByavakarzaRa
aByavakASa
aByavadAnya
aByavaskanda
aByavaskandana
aByavaharaRa
aByavahAra
aByavahArya
aByavahAryatva
aByavahfta
aByavAyana
aByaveta
aByaSana
aByasat
aByasana
aByasanIya
aByasitavya
aByasUyaka
aByasUyA
aByasta
aByastamaya
aByastamita
aByastasvara
aByasyat
aByAkANkzita
aByAkAram
aByAkrAmam
aByAKyAta
aByAKyAna
aByAgata
aByAgama
aByAgamana
aByAgArika
aByAGAta
aByAGAtin
aByAcAra
aByAjYAya
aByAtAna
aByAtta
aByAtmataram
aByAtmam
aByAdAna
aByADAna
aByAnta
aByAmarda
aByAmardana
aByAyasenya
aByAram
aByAramBa
aByArUQa
aByAroha
aByArohaRa
aByArohaRIya
aByArohya
aByAvartam
aByAvartin
aByAvftta
aByAvftti
aByASa
aByASAdAgata
aByASIkaraRa
aByASIBU
aByAsa
aByAsanimitta
aByAsayoga
aByAsalopa
aByAsavikAra
aByAsavyavAya
aByAsAkUpAra
aByAsAdana
aByAsAdeSa
aByAsin
aByAhata
aByAhanana
aByAhAra
aByAhita
