भाद्रपदोऽयं,:भाद्रपदः,अयं,
कदाचिज्झल्लीरवेण,:कदाचित्,झल्लीरवेण,
कदाचिच्च,:कदाचित्,च,
एकश्चालकः,:एकः,चालकः,
किमप्यत्यावश्यकं,:किमपि,अत्यावश्यकं,
अपराऽऽसीत्,:अपरा,आसीत्,
शर्वाणीति,:शर्वाणी,इति,
मध्यवित्तपरिवारेऽस्मिन्,:मध्यवित्तपरिवारे,अस्मिन्,
सर्वप्रियाऽऽसीत्,:सर्वप्रिया,आसीत्,
आकर्षकाश्च,:आकर्षकाः,च,
भवन्तीति,:भवन्ति,इति,
जीवनेऽपि,:जीवने,अपि,
प्रियमासीत्,:प्रियम्,आसीत्,
पीडादायकमिव,:पीडादायकम्,इव,
कन्यापितृत्वमेव,:कन्यापितृत्वम्,एव,
कन्यामातृत्वमपि,:कन्यामातृत्वम्,अपि,
कष्टदायकमिति,:कष्टदायकम्,इति,
तयानुभूतम्,:तया,अनुभूतम्,
माताऽवदत्,:माता,अवदत्,
अस्थैर्यञ्च,:अस्थैर्यं,च,
भूषणमिति,:भूषणम्,इति,
कथनमेतन्न,:कथनम्,एतत्,न,
सहजमिति,:सहजम्,इति,
साऽवदत्,:सा,अवदत्,
नास्ति,:न,अस्ति,
आवश्यकमिति,:आवश्यकम्,इति,
माताऽवोचत्,:माता,अवोचत्,
पाश्चात्यसंस्कृतिमनुपदगम्यमानानां,:पाश्चात्यसंस्कृतिम्,अनुपदगम्यमानानां,
शीलञ्चावलम्बनीयम्,:शीलं,च,अवलम्बनीयम्,
तर्कस्तु,:तर्कः,तु,
मह्यमपि,:मह्यम्,अपि,
गुरोराज्ञाऽपि,:गुरोराज्ञा,अपि,
चिन्तनमपेक्ष्यते,:चिन्तनम्,अपेक्ष्यते,
विपक्षञ्च,:विपक्षं,च,
आघातोऽभूत्,:आघातः,अभूत्,
विस्मयमापन्ना,:विस्मयम्,आपन्ना,
तदपि,:तत्,अपि,
दुःखकरमभूत्,:दुःखकरम्,अभूत्,
मौनमालम्बते,:मौनम्,आलम्बते,
गण्डस्योपरि,:गण्डस्य,उपरि,
सर्वमेतदरुचिकरम्,:सर्वम्,एतत्,अरुचिकरम्,
संचित्यैकदा,:संचित्य,एकदा,
साऽवदत्,:सा,अवदत्,
एतत्सर्वं,:एतत्,सर्वं,
नापि,:न,अपि,
उत्तरमासीत्,:उत्तरम्,आसीत्,
औदार्यमवलम्बनीयम्,:औदार्यम्,अवलम्बनीयम्,
कोऽत्र,:कः,अत्र,
नान्ये,:न,अन्ये,
व्यवहारोऽपि,:व्यवहारः,अपि,
एतेषामागमनं,:एतेषाम्,आगमनं,
अन्यत्किमपि,:अन्यत्,किमपि,
रोद्धव्यास्ते,:रोद्धव्याः,ते,
वक्तुमसमर्था,:वक्तुम्,असमर्था,
संवादोऽयं,:संवादः,अयं,
युवकानामागमनमवरुद्धम्,:युवकानाम्,आर्गमनम्,अवरुद्धम्,
किमिदम्,:किम्,इदम्,
बहिराकर्षणं,:बहिः,आकर्षणं,
विलम्बनादागमनं,:विलम्बनात्,आगमनं,
एतत्सर्वं,:एतत्,सर्वं,
स्वपतिमवदत्,:स्वपतिम्,अवदत्,
वरोऽन्वेषणीयः,:वरः,अन्वेषणीयः,
किञ्चिदरुचिकरं,:किञ्चित्,अरुचिकरं,
ग्लानिकरञ्च,:ग्लानिकरं,च,
प्रवाहिताद्य,:प्रवाहिता,अद्य,
साऽऽत्मानं,:सा,आत्मानं,
अनभिज्ञेव!,:अनभिज्ञा,एव!,
प्रयत्नशीलाऽभवत्,:प्रयत्नशीला,अभवत्,
मुधैव,:मुधा,एव,
शरीररचनैव,:शरीररचना,एव,
बलवानिन्द्रियग्रामः।,:बलवान्,इन्द्रियग्रामः।,
उचितमनुचितं,:उचितम्,अनुचितं,
परिवारसदस्याश्च,:परिवारसदस्याः,च,
मनस्याचिन्तयत्,:मनसि,अचिन्तयत्,
यथाचिन्तितमाशङ्‌कितं,:यथाचिन्तितम्,आशङ्‌कितं,
पुत्रीमवदत्,:पुत्रीम्,अवदत्,
किमेतत्वयाऽऽचरितम्,:किम्,एतत्,त्वया,आचरितम्,
तत्तु,:तत्,तु,
किमियमेवाऽऽधुनिकता,:किम्,इयम्,एव,आधुनिकता,
किमियवोन्मुक्तता,:किम्,इयम्,एव,उन्मुक्तता,
किमियमेव,:किम्,इयम्,एव,
किमियमेव,:किम्,इयम्,एव,
किमियमेव,:किम्,इयम्,एव,
नापि,:न,अपि,
स्वतन्त्र्यमर्हति,:स्वतन्त्र्यम्,अर्हति,
सर्वमाकर्ण्य,:सर्वम्,आकर्ण्य,
मौनमाश्रिता,:मौनम्,आश्रिता,
समाजेऽस्माकं,:समाजे,अस्माकं,
किञ्चिदधोमुखीभूयापि,:किञ्चित्,अधोमुखीभूय,अपि,
पुनरवदन्मातरम्,:पुनः,अवदत्,मातरम्,
त्वन्मुखादेतादृग्,:त्वन्मुखात्,एतादृक्,वचः।,
एतत्सर्वं,:एतत्,सर्वं,
भविष्यत्कालिकाऽऽशङ्‌कया,:भविष्यत्कालिका,आशङ्‌कया,
प्रतिकारश्चिन्तनीयः,:प्रतिकारः,चिन्तनीयः,
एतत्परामिर्शं,:एतत्,परामिर्शं,
निर्णयञ्चानिसृत्यैव,:निर्णयञ्च,अनिसृत्य,एव,
नीरवदुर्दिनेऽपि,:नीरवदुर्दिने,अपि,
मातृमन्दिरेऽस्मिन्,:मातृमन्दिरे,अस्मिन्,
यथोद्दिष्टसमये,:यथा,उद्दिष्टसमये,
मातृत्वमवाप्य,:मातृत्वम्,अवाप्य,
मुखमवलोक्य,:मुखम्,अवलोक्य,
स्वपुत्रीमानेतुं,:स्वपुत्रीम्,आनेतुं,
जागृतमिव,:जागृतम्,इव,
तत्पराऽभूत्,:तत्परा,अभूत्,
नानुमतिः,:न,अनुमतिः,
तत्पराऽभूत्,:तत्परा,अभूत्,
पुण्यकार्येऽस्मिन्,:पुण्यकार्ये,अस्मिन्,
मातृमन्दिरमिदमेव,:मातृमन्दिरम्,इदम्,एव,
जातमिति,:जातम्,इति,
