चासन्,:च,आसन्,
चापि,:च,अपि,
बाल्यकालादेव,:बाल्यकालात्,एव,
उभयोरेव,:उभयोः,एव,
चासीत्,:च,आसीत्,
अतिकष्टमनुभूय,:अतिकष्टम्,अनुभूय,
समर्थोऽभवत्,:समर्थः,अभवत्,
कदाचिच्च,:कदाचित्,च,
कुरूपायाश्च,:कुरूपायाः,च,
गहनसम्बन्धश्चासीत्,:गहनसम्बन्धःच,आसीत्,
चापि,:च,अपि,
कलहमकरोत्,:कलहम्,अकरोत्,
दण्डमयच्छत्,:दण्डम्,अयच्छत्,
एवास्ति,:एव,अस्ति,
सैव,:सा,एव,
किञ्चिदपि,:किञ्चित्,अपि,
स्थानमासीत्,:स्थानम्,आसीत्,
अध्यापकाश्च,:अध्यापकाः,च,
प्रश्नपत्रमभवत्,:प्रश्नपत्रम्,अभवत्,
सैव,:सा,एव,
समाप्तोऽभवत्,:समाप्तः,अभवत्,
तामाहूय,:ताम्,आहूय,
अपराधोऽस्ति,:अपराधः,अस्ति,
चास्ति,:च,अस्ति,
सैव,:सा,एव,
सापि,:सा,अपि,
धन्यवादमयच्छत्,:धन्यवादम्,अयच्छत्,
