रक्षितो,वा,:रक्षितः,वा,
स्वस्थचित्तश्च।,:स्वस्थचित्तः,च।,
तद्,गृहम्,:तत्,गृहम्,
इत्युक्त्वा,:इति,उक्त्वा,
कार्याचरणदक्षश्च।,:कार्याचरणदक्षः,च।,
कुर्वन्त,मुकुन्दस्य,:कुर्वन्तः,मुकुन्दस्य,
पादयो,अपतत्,:पादयः,अपतत्,
सन्नद्धोऽसि,:सन्नद्धः,असि,
नास्ति,:न,अस्ति,
सन्नद्धोऽसि,:सन्नद्धः,असि,
वित्तशून्यश्च।,:वित्तशून्यः,च।,
स्थिरचित्तस्सन्,:स्थिरचित्तः,सन्,
तदेव,:तत्,एव,
भवानपि,:भवान्,अपि,
तैर्दत्तेन,:तैः,दत्तेन,
कलाशालविद्यापि,:कलाशालविद्या,अपि,
तेनैव,:तेन,एव,
गुहो,नाम,:गुहः,नाम,
धन्यो,बभूव......,:धन्यः,बभूव......,
प्रयाणमतीव,:प्रयाणम्,अतीव,
सुखकरोऽभूत्,:सुखकरः,अभूत्,
शकटानुपयुज्य,:शकटान्,उपयुज्य,
नेच्छन्ति,:न,इच्छन्ति,
बाधातप्तहृदयस्सन्,:बाधातप्तहृदयः,सन्,
इत्यवदत्,:इति,अवदत्,
श्रीगुरुभ्यो,नमः,:श्रीगुरुभ्यः,नमः,
इत्युक्त्वा,:इति,उक्त्वा,
गृहमगच्छत्,:गृहम्,अगच्छत्,
चत्वारो,गिरयः,:चत्वारः,गिरयः,
पूरितगंगासलिलमिव,:पूरितगंगासलिलम्,इव,
उद्धृतकराविव,:उद्धृतकरौ,इव,
इत्थम्भूतेऽस्मिन्,:इत्थम्भूते,अस्मिन्,
एतद्,मंगळाशासनश्‌लोकम्,:एतत्,मंगळाशासनश्‌लोकम्,
अन्तरङ्गमिव,:अन्तरङ्गम्,इव,
क्षणकाल,इव,:क्षणकालः,इव,
समयोऽतीव,:समयः,अतीव,
गच्छतीति,:गच्छति,इति,
कर्तुमशक्तौ,:कर्तुम्,अशक्तौ,
कर्तुमुद्युतस्य,:कर्तुम्,उद्यतस्य,
ममापि,:मम,अपि,
नास्ति,:न,अस्ति,
असमर्थोऽहम्,:असमर्थः,अहम्,
कस्यापि,:कस्य,अपि,
मास्तु,:मा,अस्तु,
स्वातंत्र्यमेव,:स्वातंत्र्यम्,एव,
नास्ति,:न,अस्ति,
संसव्यमानस्सन्,:संसव्यमानः,सन्,
समादृतस्सन्,:समादृतः,सन्,
किंचिदपि,:किंचित्,अपि,
नास्ति,:न,अस्ति,
इत्यवदत्,:इति,अवदत्,
प्रातरुत्थाय,:प्रातः,उत्थाय,
एतद्,विषये,:एतत्,विषये,
इत्युक्त्वा,:इति,उक्त्वा,
त्वमपि,:त्वम्,अपि,
कृषितो,नास्ति,:कृषितः,न,अस्ति,
नास्ति,:न,अस्ति,
यानमस्ति,:यानम्,अस्ति,
कार्याचरणस्वभावश्च,:कार्याचरणस्वभावः,च,
नमो,महद्भ्यः,:नमः,महद्भ्यः,
विजयोऽस्तु,:विजयः,अस्तु,
नरनारायणाविव,:नरनारायणौ,इव,
किमालोचितम्,:किम्,आलोचितम्,
सर्वमुदीरयामास,:सर्वम्,उदीरयामास,
सम्यगस्ति,:सम्यक्,अस्ति,
लङ्कादहनमेव,:लङ्कादहनम्,एव,
आगतोऽस्मि,:आगतः,अस्मि,
शुभाशीर्वचोभिस्सह,:शुभाशीर्वचोभिः,सह,
एतद्,वाक्यम्,:एतत्,वाक्यम्,
बहवस्सन्ति।,:बहवः,सन्ति।,
इत्युक्त्वा,:इति,उक्त्वा,
भोजनार्थमागच्छ,:भोजनार्थम्,आगच्छ,
इत्यालोचयन्,:इति,आलोचयन्,
प्रसादमेतत्,:प्रसादम्,एतत्,
तयोर्दम्पत्योः,:तयोः,दम्पत्योः,
सङ्कल्पमस्ति,:सङ्कल्पम्,अस्ति,
दैवसङ्कल्पमेतदिति,:दैवसङ्कल्पम्,एतत्,इति,
बाष्पाकुलितनेत्रस्सन्,:बाष्पाकुलितनेत्रः,सन्,
पादाभिवन्दनमकरोत्,:पादाभिवन्दनम्,अकरोत्,
अञ्जलिबद्धो,भूत्वा,:अञ्जलिबद्धः,भूत्वा,
सङ्कल्पोऽयम्,:सङ्कल्पः,अयम्,
प्राप्नोतीति,:प्राप्नोति,इति,
उपदंशानपि,:उपदंशान्,अपि,
अयमपि,:अयम्,अपि,
एतदर्थमपि,:एतदर्थम्,अपि,
नमस्कुर्वन्ति,:नमः,कुर्वन्ति,
विशेषमस्ति,:विशेषम्,अस्ति,
एष,मुकुंदः,:एषः,मुकुंदः,
प्राप्तवानपि,:प्राप्तवान्,अपि,
नारायणस्वरूपो,वरः,:नारायणस्वरूपः,वरः,
एतद्,शुभकार्यम्,:एतत्,शुभकार्यम्,
कल्याणमस्तु,:कल्याणम्,अस्तु,
