सैन्याधिकार्यासीत्,:सैन्याधिकारी,आसीत्,
गुप्तरहस्यानामपि,:गुप्तरहस्यानाम्,अपि,
ज्ञाताऽऽसीत्,:ज्ञाता,आसीत्,
प्रसङ्गेनाऽलाउद्दीनस्तस्यै,:प्रसङ्गेन,आलाउद्दीनः,तस्यै,
रात्रिन्दिवमितस्ततेऽधावत्।,:रात्रिन्दिवम्,इतस्ततः,अधावत्।,
नाऽभवत्,:न,अभवत्,
नरेशस्तस्य,:नरेशः,तस्य,
सहायकोऽभवत्,:सहायकः,अभवत्,
शोभाऽभवत्,:शोभा,अभवत्,
रणथम्भौरमप्यागताः,:रणथम्भौरम्,अपि,आगताः,
तैर्दिल्लीश्वराय,:तैः,दिल्लीश्वराय,
दत्त्वैकं,:दत्त्वा,एकं,
पत्रमदात्,:पत्रम्,अदात्,
चोच्चस्वरेण,:च,उच्चस्वरेण,
दिल्लीश्वरोऽलाउद्दीनोऽहं,:दिल्लीश्वरः,अलाउद्दीनः,अहं,
कुशलमिच्छामि,:कुशलम्,इच्छामि,
कारणमिदमस्ति,:कारणम्,इदम्,अस्ति,
यन्ममापराधी,:यन्मम,अपराधी,
सम्भवतस्तेन,:सम्भवतः,तेन,
दण्डितोऽपराध्यस्ति,:दण्डितः,अपराधी,अस्ति,
निवेदनमस्ति,:निवेदनम्,अस्ति,
यत्तस्य,:यत्,तस्य,
मामनुगृहीतं,:माम्,अनुगृहीतं,
आवयोर्मैत्री,:आवयोः,मैत्री,
दूतायाकथयत्,:दूताय,अकथयत्,
अहमन्यत्किमपि,:अहम्,अन्यत्,किमपि,
शरमागतोऽस्ति,:शरणागतः,अस्ति,
निवेदनमस्ति,:निवेदनम्,अस्ति,
अद्यप्रभृत्यस्माकं,:अद्यप्रभृति,अस्माकं,
प्रियातिथिमपि,:प्रिय,अतिथिम्,अपि,
भवेच्चावयोः,:भवेत्,च,आवयोः,
नृपेणैतादृशं,:नृपेण,एतादृशं,
स्वप्रधानामात्योऽपि,:स्वप्रधानामात्यः,अपि,
कुणतोऽलाउद्दीनस्तस्य,:कुणतः,अलाउद्दीनः,तस्य,
युद्धमघोषयत्,:युद्धम्,अघोषयत्,
कतिपयदिवसानन्तरमेव,:कतिपयदिवसानन्तरम्,एव,
यवनसैनिकैर्रणथम्भौरनगरं,:यवनसैनिकैः,रणथम्भौरनगरं,
अलाउद्दीनोऽचिन्तयत्,:अलाउद्दीनः,अचिन्तयत्,
हम्मीरस्तदानीं,:हम्मीरः,तदानीं,
प्रत्यर्पणमवश्यमेव,:प्रत्यर्पणम्,अवश्यम्,एव,
प्रशस्तमस्ति।,:प्रशस्तम्,अस्ति।,
नास्ति,:न,अस्ति,
एवाऽस्मिन्सङ्ग्रामे,:एव,अस्मिन्,सङ्ग्रामे,
अपरतश्च,:अपरतः,च,
दुर्गान्तरेऽपरुद्धाः,:दुर्गान्तरे,अपरुद्धाः,
न्यूनतामगच्छन्,:न्यूनताम्,अगच्छन्,
चिन्तयन्नेकदा,:चिन्तयन्,एकदा,
नृपायावदत्,:नृपाय,अवदत्,
ममाऽकिञ्चनस्य,:मम,अकिञ्चनस्य,
भवताऽस्य,:भवता,अस्य,
तदितिहासस्याऽद्वितीया,:तत्,इतिहासस्य,अद्वितीया,
ममैकस्य,:मम,एकस्य,
नोचितः,:न,उचितः,
अद्याहमेकाक्यलाउद्दीनस्य,:अद्य,अहम्,एकाकी,अलाउद्दीनस्य,
गन्तुमिच्छामि,:गन्तुम्,इच्छामि,
जन्मकोटिभिरपि,:जन्मकोटिभिः,अपि,
कृपयाऽऽज्ञापयतु,:कृपया,आज्ञापयतु,
तमाश्‌लिष्य,:तम्,आश्‌लिष्य,
नृपतिरकथयत्,:नृपतिः,अकथयत्,
लघुभ्रातेवाऽसि,:लघुभ्राता,इव,असि,
विपदामाह्वानं,:विपदाम्,आह्वानं,
भवानास्माकं,:भवान्,अस्माकं,
निमित्तमात्रमसि,:निमित्तमात्रम्,असि,
वयमनेन,:वयम्,अनेन,
यावन्मम,:यावत्,मम,
एकोऽपि,:एकः,अपि,
रक्तबिन्दुरस्ति,:रक्तबिन्दुः,अस्ति,
स्वप्राणानामपि,:स्वप्राणानाम्,अपि,
त्वमिदानीं,:त्वम्,इदानीं,
दीनभावेनाऽलाउद्दीनस्य,:दीनभावेन,अलाउद्दीनस्य,
तद्भविष्यति,:तत्,भविष्यति,
पराजयोऽपूर्णा,:पराजयः,अपूर्णा,
क्षतिश्च,:क्षतिः,च,
कदापीदृशं,:कदापि,ईदृशं,
भवतामपमानः,:भवताम्,अपमानः,
कृतस्तद्भवान्स्वैरं,:कृतः,तत्,भवान्,स्वैरं,
नाहं,:न,अहं,
सविनयमकथयत्-,:सविनयम्,अकथयत्-,
भवन्मित्रस्यापमानं,:भवन्मित्रस्य,अपमानं,
दिल्लीश्वरोऽपि,:दिल्लीश्वरः,अपि,
नालम्,:न,अलम्,
भवतस्सैनिकरूपेणैव,:भवतः,सैनिकरूपेण,एव,
प्राणांस्त्यक्तुमपि,:प्राणान्,त्यक्तुम्,अपि,
प्रस्तुतोऽस्मि,:प्रस्तुतः,अस्मि,
जन्मान्तरेऽपि,:जन्मान्तरे,अपि,
चेच्छामि,:च,इच्छामि,
सिद्धान्तवाक्यमपि,:सिद्धान्तवाक्यम्,अपि,
निष्फलमासीत्,:निष्फलम्,आसीत्,
विपन्नाऽवस्थायामपि,:विपन्ना,अवस्थायाम्,अपि,
साऽत्यजत्,:सा,अत्यजत्,
मृत्युनापि,:मृत्युना,अपि,
भोजनस्याभावे,:भोजनस्य,अभावे,
इत्याख्यस्य,:इति,आख्यस्य,
समीपमागतः,:समीपम्,आगतः,
स्वप्राणानामाहुतिर्दत्ता,:स्वप्राणानाम्,आहुतिः,दत्ता,
क्षत्रियवीरैस्सह,:क्षत्रियवीरैः,सह,
मुहम्मदसाहोऽपि,:मुहम्मदसाहः,अपि,
धारयित्वाऽन्तिमयुद्धार्थं,:धारयित्वा,अन्तिमयुद्धार्थं,
दुर्गद्वाराद्बहिरागच्छत्,:दुर्गद्वारात्,बहिः,अगच्छत्,
परमभीषणयुद्धेऽसङ्ख्या,:परमभीषणयुद्धे,असङ्ख्या,
असङ्‌ख्याश्च,:असङ्‌ख्याः,च,
किन्त्वालाउद्दीनस्याऽपारसेना,:किन्तु,अलाउद्दीनस्य,अपारसेना,
हृदयमपि,:हृदयम्,अपि,
निस्तब्दमासीत्,:निस्तब्दम्,आसीत्,
समीपमेव,:समीपम्,एव,
नृशंसोऽलाउद्दीनोऽपि,:नृशंसः,अलाउद्दीनः,अपि,
नतमस्तकोऽभूत्,:नतमस्तकः,अभूत्,
विधर्मिणोऽपीदृशमातिथ्यं,:विधर्मिणोः,अपि,ईदृशम्,आतिथ्यं,
तस्मिन्नीदृशी,:तस्मिन्,ईदृशी,
