बहिरागता,:बहिः,आगता,
बाष्पनयना,तिष्ठन्ति,:बाष्पनयनाः,तिष्ठन्ति,
आगन्तव्यमत्र,:आगन्तव्यम्,अत्र,
भवतामेव,:भवताम्,एव,
स्वरमिदम्,:स्वरम्,इदम्,
सत्यमिदम्,:सत्यम्,इदम्,
वाग्जातमधिकं,:वाग्जातम्,अधिकं,
सोदर्यादपि,:सोदर्यात्,अपि,
चलितुमारभत,:चलितुम्,आरभत,
नान्यत्,:न,अन्यत्,
रमाश्च,:रमाः,च,
सुनामीवायुप्रकोपमधिकृत्य,:सुनामीवायुप्रकोपम्,अधिकृत्य,
लेखमेकं,:लेखम्,एकं,
मासत्रयमुषित्वा,:मासत्रयम्,उषित्वा,
बाल्यकालादेवाहं,:बाल्यकालात्,एव,अहं,
समाजसेवाकरणमैच्छम्,:समाजसेवाकरणम्,ऐच्छम्,
ग्राममेकं,:ग्रामम्,एकं,
मनोरंजनमपि,:मनोरंजनम्,अपि,
ग्रामोऽयं,:ग्रामः,अयं,
गृहाण्येवासन्,:गृहाणि,एव,आसन्,
ग्रामाध्यक्षोऽपि,:ग्रामाध्यक्षः,अपि,
रमाशेखरयोरभिप्रायं,:रमाशेखरयोः,अभिप्रायं,
गृहमेकं,:गृहम्,एकं,
भाटकमपि,:भाटकम्,अपि,
चोतनाऽपि,:चोतना,अपि,
नासन्,:न,आसन्,
स्वागतमकुर्वत्,:स्वागतम्,अकुर्वत्,
गृहमिदम्,:गृहम्,इदम्,
शुभगृहमेवैतत्,:शुभगृहम्,एव,एतत्,
चिन्त्यैव,:चिन्त्य,एव,
शुभलक्ष्यमपि,:शुभलक्ष्यम्,अपि,
प्रथममेव,:प्रथमम्,एव,
सूचितवानस्मि,:सूचितवान्,अस्मि,
किञ्चिदपि,:किञ्चित्,अपि,
माधुर्यमनुभवन्तौ,:माधुर्यम्,अनुभवन्तौ,
एतदेव,:एतत्,एव,
बर्हिर्गमनाय,:बर्हिः,गमनाय,
प्रथममेव,:प्रथमम्,एव,
निर्मितान्यासन्,:निर्मितानि,आसन्,
उपस्थिता,आसन्,:उपस्थिताः,आसन्,
तावेव,:तौ,एव,
ग्रामाध्यक्षोऽपि,:ग्रामाध्यक्षः,अपि,
तत्रासीत्,:तत्र,आसीत्,
परिचयमकरोत्,:परिचयम्,अकरोत्,
संस्कृतमध्यापयति।,:संस्कृतम्,अध्यापयति।,
मासत्रयमवकाशं,:मासत्रयम्,अवकाशं,
एकापूर्वाऽत्मीयता,:एकापूर्वा,आत्मीयता,
गृहमागत्य,:गृहम्,आगत्य,
तावपि,:तौ,अपि,
तमनुसृत्य,:तम्,अनुसृत्य,
आसीनाऽऽसीत्,:आसीना,आसीत्,
भविष्यतीति,:भविष्यति,इति,
स्वागतमकरोत्,:स्वागतम्,अकरोत्,
कन्याऽऽसीत्,:कन्या,आसीत्,
गोधूमवर्णाऽसौ,:गोधूमवर्णा,असौ,
सुन्दर्येवाऽसीत्,:सुन्दरी,इव,आसीत्,
संस्कृतमध्यापयतीति,:संस्कृतम्,अध्यापयति,इति,
श्यामारागमाश्रित्य,:श्यामारागम्,आश्रित्य,
रमाया,गीतम्,:रमायाः,गीतम्,
कीदृशा,भवापूर्णाः,:कीदृशाः,भवापूर्णाः,
सर्वैरेवाभिनन्दितम्,:सर्वैः,एव,अभिनन्दितम्,
मन्दिरमासीत्,:मन्दिरम्,आसीत्,
नोत्पादयति,:न,उत्पादयति,
कालीन,त्वरा,:कालीनः,त्वरा,
नास्ति,:न,अस्ति,
उपर्युपरि,:उपरि,उपरि,
मोटरयानान्येव,:मोटरयानानि,एव,
कुतो,वा,:कुतः,वा,
मधुराण्यासन्,:मधुराणि,आसन्,
गच्छन्त्यासीत्,:गच्छन्ती,आसीत्,
रमाऽपि,:रमा,अपि,
कर्तुमत्रागताऽहम्,:कर्तुम्,अत्र,आगता,अहम्,
मीनाया,एव,:मीनायाः,एव,
गृहमाहूतवती,:गृहम्,आहूतवती,
सन्तीति,:सन्ति,इति,
ज्ञातमपि,:ज्ञातम्,अपि,
नासीत्,:न,आसीत्,
ज्ञात्वैव,:ज्ञात्वा,एव,
फेशनमेकर,सीव्ययन्त्राणि,:फेशनमेकरः,सीव्ययन्त्राणि,
तासामुत्साहः,:तासाम्,उत्साहः,
तीव्रेच्छा,:तीव्रा,इच्छा,
अन्येऽपि,:अन्ये,अपि,
तामन्वसरन्,:ताम्,अन्वसरन्,
तदाप्रभृत्येव,:तदाप्रभृति,एव,
तस्मादेव,:तस्मात्,एव,
बालकबालिका,वृद्धाऽपि,:बालकबालिकाः,वृद्धा,अपि,
सम्मिलिता,अभवन्,:सम्मिलिताः,अभवन्,
सहजमपूर्वमासीत्,:सहजमपूर्वम्,आसीत्,
सर्वेषामपि,:सर्वेषाम्,अपि,
पुस्तकालयस्याभावः,:पुस्तकालयस्य,अभावः,
यद्,दिल्लीगृहे,:यत्,दिल्लीगृहे,
किमाश्चर्यम्,:किम्,आश्चर्यम्,
बालबालिका,सर्वे,:बालबालिकाः,सर्वे,
दैनिकसमाचारपत्राण्यपि,:दैनिकसमाचारपत्राणि,अपि,
महिला,सम्मिलिता,सम्मिलिता,आसन्,:महिलाः,सम्मिलिताः,सम्मिलिताः,आसन्,
रमयाऽपि,:रमया,अपि,
तासामुत्साहं,:तासाम्,उत्साहं,
एतदनुमोदितम्,:एतत्,अनुमोदितम्,
रिक्तान्यासन्,:रिक्तानि,आसन्,
नासन्,:न,आसन्,
सामान्यशाकानामुपजं,:सामान्यशाकानाम्,उपजं,
स,अत्र,:सः,अत्र,
नासीत्,:न,आसीत्,
शीघ्रमेव,:शीघ्रम्,एव,
कानिचिद्,दिनान्येवावशिष्टानि,:कानिचित्,दिनानि,एव,अवशिष्टानि,
दिनान्येवावशिष्टानि,:दिनानि,एव,अवशिष्टानि,
किञ्चिदपि,:किञ्चित्,अपि,
शेतुमगच्छत्,:शेतुम्,अगच्छत्,
अकस्मादेव,:अकस्मात्,एव,
एतदतिरिक्तं,:एतत्,अतिरिक्तं,
किञ्चिद्,नास्ति,:किञ्चित्,न,अस्ति,
नास्ति,:न,अस्ति,
ताडनमश्रूयत,:ताडनम्,अश्रूयत,
कीदृशो,पतिरसि,:कीदृशः,पतिः,असि,
पतिरसि,:पतिः,असि,
ताडनमेव,:ताडनम्,एव,
महानसि,:महान्,असि,
नासीत्,:न,आसीत्,
सामान्यजन,इव,:सामान्यजनः,इव,
मनुष्योऽयं,:मनुष्यः,अयं,
किञ्चिदवश्यं,:किञ्चित्,अवश्यं,
यत्किञ्चिद्,प्राप्तवती,:यत्किञ्चित्,प्राप्तवती,
लग्नाऽसीत्,:लग्ना,आसीत्,
तिष्ठन्नासीत्।,:तिष्ठन्,आसीत्।,
द्रष्टुमिच्छामि"।,:द्रष्टुम्,इच्छामि"।,
तीव्रेच्छाऽसीत्,:तीव्रा,इच्छा,आसीत्,
श्यामप्रसादस्येच्छां,:श्यामप्रसादस्य,इच्छां,
अनुमतिपत्रमपि,:अनुमतिपत्रम्,अपि,
सर्वेऽपि,:सर्वे,अपि,
सायं,:सा,अयं,
वाहकसदृशवेशभूषामपि,:वाहकसदृशवेशभूषाम्,अपि,
रमयाऽपि,:रमया,अपि,
नाशिक्षितम्,:न,अशिक्षितम्,
तयाऽनुभूतं,:तया,अनुभूतं,
पुनरपि,:पुनः,अपि,
वसनेनैव,:वसनेन,एव,
ग्रामेष्वेव,:ग्रामेषु,इव,
नगरमागच्छन्ति,:नगरम्,आगच्छन्ति,
परित्रमस्ति,:परित्रम्,अस्ति,
स्वयमेव,:स्वयम्,एव,
सत्यमेव,:सत्यम्,एव,
