वञ्चकोऽपि,:वञ्चकः,अपि,
वञ्चकोऽपि,:वञ्चकः,अपि,
पुरुषस्तत्र,:पुरुषः,तत्र,
वञ्चकश्च,:वञ्चकः,च,
अहमेकं,:अहम्,एकं,
दृष्टिपथमागता।,:दृष्टिपथम्,आगता।,
तामेव,:ताम्,एव,
एतत्तु,:एतत्,तु,
एतत्कारणादेव,:एतत्कारणात्,एव,
चाहं,:च,अहं,
गौरपि,:गौ,अपि,
पापमपि,:पापम्,अपि,
रुदन्निव,:रुदन्,इव,
गुरुस्तं,:गुरुः,तम्,
मन्त्रयन्निव,:मन्त्रयन्,इव,
पूर्वमेव,:पूर्वम्,एव,
धर्मगुरोरतिनिकटं,:धर्मगुरोः,अतिनिकटं,
धर्मगुरुश्च,:धर्मगुरुः,च,
गुरुस्तदानीं,:गुरुः,तदानीं,
तत्सर्वं,:तत्,सर्वं,
ज्ञातुमसमर्थः,:ज्ञातुम्,असमर्थः,
अपरमपि,:अपरम्,अपि,
उभाभ्यामपि,:उभाभ्याम्,अपि,
पिरवर्जयन्निव,:परिवर्जयन्,इव,
ग्रहीतुमेव,:ग्रहीतुम्,एव,
एवमस्ति,:एवम्,अस्ति,
पुनरब्रवीत्,:पुनः,अब्रवीत्,
पुनरेवं,:पुनः,एवं,
कोपाविष्टश्च,:कोपाविष्टः,च,
स्वयमेव,:स्वयम्,एव,
परिवर्जत्येव,:परिवर्जति,एव,
अहमेव,:अहम्,एव,
गतस्तदा,:गतः,तदा,
धनस्यूतोऽपि,:धनस्यूतः,अपि,
धर्मगुरुस्तदा,:धर्मगुरुः,तदा,
धावन्निव,:धावन्,इव,
प्रयासमपि,:प्रयासम्,अपि,
कस्यचिदपि,:कस्यचित्,अपि,
सर्वेऽपि,:सर्वे,अपि,
चाऽपि,:च,अपि,
अवश्यमेव,:अवश्यम्,एव,
