नामास्ति,:नाम,अस्ति,
नामास्ति,:नाम,अस्ति,
स,तु,:सः,तु,
सेवानिवृत्तो,भूत्वा,:सेवानिवृत्तः,भूत्वा,
स,मुकुटधारी,:सः,मुकुटधारी,
आदर्शधर,आर्यः,:आदर्शधरः,आर्यः,
प्रत्याशिनमाकारयति,:प्रत्याशिनम्,आकारयति,
तावद्,बहिः,:तावत्,बहिः,
यावदहम्,:यावत्,अहम्,
बहिरागत्य,:बहिः,आगत्य,
चिन्तामापन्नः,:चिन्ताम्,आपन्नः,
प्रस्तुतकारो,बहिरागत्य,:प्रस्तुतकारः,बहिः,आगत्य,
बहिरागत्य,:बहिः,आगत्य,
सेवकमादिशत्,:सेवकम्,आदिशत्,
चालकश्च,:चालकः,च,
चिन्ताचक्रमारूढः,:चिन्ताचक्रम्,आरूढः,
बलिपशुमिव,:बलिपशुम्,इव,
आपतितोस्मि,:आपतितः,अस्मि,
पश्यन्नपि,:पश्यन्,अपि,
नाद्राक्षीत्,:न,अद्राक्षीत्,
यानादवतीर्य,:यानात्,अवतीर्य,
तमुपवेश्य,:तम्,उपवेश्य,
इहागत्य,:इह,आगत्य,
क,आगतः,:कः,आगतः,
यद्,एको,एको,दीनो,दीनो,हीनो,हीनो,जीर्णानि,:यत्,एकः,एकः,दीनः,दीनः,हीनः,हीनः,जीर्णानि,
कचाचितो,धूलिधूसरो,धूलिधूसरो,नग्नपादः,:कचाचितः,धूलिधूसरः,धूलिधूसरः,नग्नपादः,
कृशगात्रो,युवकः,:कृशगात्रः,युवकः,
तमवलोक्य,:तम्,अवलोक्य,
पुनरेकं,:पुनः,एकं,
भृत्यममुं,:भृत्यम्,अमुं,
किमर्थमानीतवान्,:किमर्थम्,आनीतवान्,
यदिमं,:यत्,इमं,
सहैव,:सह,एव,
प्रसन्नश्च,:प्रसन्नः,च,
आत्मजो,भूत्वा,:आत्मजः,भूत्वा,
कथमापन्नः,:कथम्,आपन्नः,
यतो,हि,:यतः,हि,
अतस्त्वम्,:अतः,त्वम्,
आदर्शधर,आर्यस्य,:आदर्शधरः,आर्यस्य,
दीर्घमुष्णं,:दीर्घम्,उष्णं,
यद्,भवान्,:यत्,भवान्,
अतस्तद्,विषये,:अतः,तत्,विषये,
एक,एव,:एकः,एव,
चाभूत्,:च,अभूत्,
पञ्चवर्षीयो,जातस्तदा,:पञ्चवर्षीयः,जातः,तदा,
जातस्तदा,:जातः,तदा,
ततो,मां,:ततः,मां,
रुचिर्नासीत्,:रुचिः,न,आसीत्,
तातस्तु,:तातः,तु,
वानरस्येव,:वानरस्य,इव,
वृथैव,:वृथा,एव,
तातो,मे,:तातः,मे,
सेवानिवृत्तो,भूत्वा,:सेवानिवृत्तः,भूत्वा,
कर्तुमारब्धः,:कर्तुम्,आरब्धः,
इत्युक्त्वा,:इति,उक्त्वा,
इदमेव,:इदम्,एव,
नाकार्षम्,:न,अकार्षम्,
शनैरवोचत्,:शनैः,अवोचत्,
अहमपि,:अहम्,अपि,
एको,महान्,:एकः,महान्,
अदण्डो,निरङ्‌कुशश्च,:अदण्डः,निरङ्‌कुशः,च,
निरङ्‌कुशश्च,:निरङ्‌कुशः,च,
पठनाद्,विरम्य,:पठनात्,विरम्य,
इतस्ततो,भ्रमणं,:इतस्ततः,भ्रमणं,
लज्जेऽहम्।,:लज्जे,अहम्।,
स,तं,:सः,तं,
प्रवेष्टुमस्वीकृतवान्।,:प्रवेष्टुम्,अस्वीकृतवान्।,
विषयोयं,:विषयः,अयं,
अपशब्दैरसत्कृत्य,:अपशब्दैः,असत्कृत्य,
स्वस्वकक्षातो,निर्गत्य,:स्वस्वकक्षातः,निर्गत्य,
शिक्षकाणामपि,:शिक्षकाणाम्,अपि,
विनश्यद्विचार्य,:विनश्यत्,विचार्य,
स,चागत्य,:सः,च,आगत्य,
चागत्य,:च,आगत्य,
यावदहं,:यावत्,अहं,
मामैवं,:माम्,एवं,
किमेष,एव,:किम्,एषः,एव,
तवादर्शः,:तव,आदर्शः,
नास्तीदं,:नास्ति,इदं,
काल्याणमेव,:काल्याणम्,एव,
वास्तविकमुद्देश्यम्।,:वास्तविकम्,उद्देश्यम्।,
सदुपययोगेनैव,:सदुपययोगेन,एव,
अतो,मा,:अतः,मा,
क्षणमतिक्रम्य,:क्षणम्,अतिक्रम्य,
जीवनमपसरति।,:जीवनम्,अपसरति।,
तस्मिन्नेव,:तस्मिन्,एव,
साफल्यमगन्तव्यम्।,:साफल्यम्,अगन्तव्यम्।,
पशुपक्षिवज्जीवनमपि,:पशुपक्षिवज्जीवनम्,अपि,
पुनर्नागच्छति।,:पुनः,न,आगच्छति।,
ससखोहं,:ससखः,अहं,
तत्क्षणमेव,:तत्क्षणम्,एव,
चरणमभिवाद्य,:चरणम्,अभिवाद्य,
मनो,दास्यामि,:मनः,दास्यामि,
शान्तमकार्षम्।,:शान्तम्,अकार्षम्।,
नोत्सहे।,:न,उत्सहे।,
सोहमिदानीं,:सः,अहम्,इदानीं,
गुरोरनुकम्पया,:गुरोः,अनुकम्पया,
सम्पन्नश्चास्मि।,:सम्पन्नः,च,अस्मि।,
ममोपरि,:मम,उपरि,
मामनुकम्पयन्ति,:माम्,अनुकम्पयन्ति,
इत्युक्त्वा,:इति,उक्त्वा,
एकमपूरितम्,:एकम्,अपूरितम्,
पुरुषश्च,:पुरुषः,च,
भगवतोऽनुकम्पया,:भगवतः,अनुकम्पया,
पुत्रादपि,:पुत्रात्,अपि,
मच्छिष्येण,:मत्,शिष्येण,
आदर्शधर,आर्येण,:आदर्शधरः,आर्येण,
वत्सममुं,:वत्सम्,अमुं,
शुभाशीर्भिरभिषिञ्चामि,:शुभाशीर्भिः,अभिषिञ्चामि,
अस्यादर्शचरित्रं,:अस्य,आदर्शचरित्रं,
सर्वैरप्यनुकरणीयम्,:सर्वैः,अपि,अनुकरणीयम्,
