स्पृशन्त्यानलिन्‌याऽनुभूतं,:स्पृशन्त्या,अनलिन्‌या,अनुभूतं,
किञ्चिन्नवीनं,:किञ्चित्,नवीनं,
सैव,:सा,एव,
अस्मिन्नेव,:अस्मिन्,एव,
प्रभातैव,:प्रभाता,एव,
नोत्तिष्ठति,:न,उत्तिष्ठति,
ग्राहकाणामभावे,:ग्राहकाणाम्,अभावे,
अकस्मादेव,:अकस्मात्,एव,
तमाकर्षयितुं,:तम्,आकर्षयितुं,
सैव,:सा,एव,
मूल्यमधिकं,:मूल्यम्,अधिकं,
आपणिकैकेनोक्तम्,:आपणिकः,एकेन,उक्तम्,
आपणिकोऽवदत्,:आपणिकः,अवदत्,
नास्ति,:न,अस्ति,
साऽतिप्रसन्ना,:सा,अतिप्रसन्ना,
नाजानत्,:न,अजानत्,
पङ्‌कजेनाऽपि,:पङ्‌कजेन,अपि,
एवासीत्,:एव,आसीत्,
भ्रातरमाह्वयति,:भ्रातरम्,आह्वयति,
कमलपत्रमिव,:कमलपत्रम्,इव,
पूर्वयोजनानुसारमाचरत्,:पूर्वयोजनानुसारम्,अाचरत्,
पङ्‌कजेनाऽनुभूतमिदानीं,:पङ्‌कजेन,अनुभूतम्,इदानीं,
तर्जनस्याशंका,:तर्जनस्य,आशंका,
झटित्येव,:झटिति,एव,
पुनश्च,:पुनः,च,
"शीघ्रमागत्य,:"शीघ्रम्,आगत्य,
नलिन्योक्तम्,:नलिन्या,उक्तम्,
जीवनस्योद्देश्यम्.....।',:जीवनस्य,उद्देश्यम्.....।',
अनन्तरमेव,:अनन्तरम्,एव,
साऽवोचत्,:सा,अवोचत्,
ध्यानभङ्गोऽभवत्,:ध्यानभङ्गः,अभवत्,
शीघ्रमेव,:शीघ्रम्,एव,
क्वचिन्निमग्नम्,:क्वचित्,निमग्नम्,
अपरतश्च,:अपरतः,च,
पङ्‌कजोऽपि,:पङ्‌कजः,अपि,
जीविकोऽपार्जकः,:जीविकः,अपार्जकः,
स्वकार्यस्थानादागत्य,:स्वकार्यस्थानात्,आगत्य,
कारणमासीत्,:कारणम्,आसीत्,
एतदर्थमेव,:एतदर्थम्,एव,
हरितमुद्रापत्रमानयेत्,:हरितमुद्रापत्रम्,आनयेत्,
अन्वेषयताऽनेन,:अन्वेषयता,अनेन,
तदुपलभ्य,:तत्,उपलभ्य,
मानयित्वागमिष्यति,:मानयित्वा,आगमिष्यति,
तर्जनादनन्तरमेव,:तर्जनात्,अनन्तरम्,एव,
पङ्‌कजेनातिखिन्नताऽनुभूता,:पङ्‌कजेन,अतिखिन्नता,अनुभूता,
तेनैतेन,:तेन,एतेन,
तोषयितुमसमर्थः,:तोषयितुम्,असमर्थः,
उपवेशनमेव,:उपवेशनम्,एव,
तोषणञ्च,:तोषणं,च,
रक्षासुत्रबन्धनादनन्तरं,:रक्षासूत्रबन्धनात्,अनन्तरं,
नेच्छति,:न,इच्छति,
अनुष्ठानमात्रमेव,:अनुष्ठानमात्रम्,एव,
कारणमासीत्,:कारणम्,आसीत्,
तामतितरामापीडयत्,:ताम्,अतितराम्,आपीडयत्,
तदपि,:तत्,अपि,
एतदेव,:एतत्,एव,
वरचयनकृतमतः,:वरचयनकृतम्,अतः,
एतदेव,:एतत्,एव,
"हरितपत्रमपेक्षया,:"हरितपत्रम्,अपेक्षया,
किञ्चिन्नूतनं,:किञ्चित्,नूतनं,
सर्वगुणसम्पन्नोऽपि,:सर्वगुणसम्पन्नः,अपि,
श्रुत्वैव,:श्रुत्वा,एव,
भवितुमर्हति,:भवितुम्,अर्हति,
समाजोऽपि,:समाजः,अपि,
नाज्ञापयति,:न,आज्ञापयति,
उद्विग्नमनश्च,:उद्विग्नमनः,च,
पङ्‌कजोऽवदत्,:पङ्‌कजः,अवदत्,
तस्मिन्नेव,:तस्मिन्,एव,
सैव,:सा,एव,
भेदयन्निव,:भेदयन्,इव,
