मयाऽस्य,:मया,अस्य,
एतस्मिन्दिने,:एतस्मिन्,दिने,
वसतेर्नातिदूरे,:वसतेः,न,अतिदूरे,
लेखनरतमेकं,:लेखनरतम्,एकं,
ज्ञातुमिच्छा,:ज्ञातुम्,इच्छा,
तस्या,वृद्धिं,:तस्याः,वृद्धिं,
कोऽयमिति,:कः,अयम्,इति,
तज्जनकस्तां,:तज्जनकः,तां,
पञ्चाननवाचस्पतिमिश्रमकथयत्,:पञ्चाननवाचस्पतिमिश्रम्,अकथयत्,
किमयं,:किम्,अयं,
निरन्तरमयं,:निरन्तरम्,अयं,
कुटूरेऽयमेकाकी,:कुटूरे,अयम्,एकाकी,
पितरावस्य,:पितरौ,अस्य,
किमस्य,:किम्,अस्य,
अविवाहितोऽयम्।,:अविवाहितः,अयम्।,
नायं,:न,अयं,
पुनरयं,:पुनः,अयं,
अङ्‌कुरितमन्नं,:अङ्‌कुरितम्,अन्नं,
चाऽयं,:च,अयं,
तदपि,:तत्,अपि,
कदाऽयं,:कदा,अयं,
अस्मादेव,:अस्मात्,एव,
कारणादयं,:कारणात्,अयं,
कृशकायो,वर्तते।,:कृशकायः,वर्तते।,
अधुनाऽहमस्य,:अधुना,अहम्,अस्य,
तवाऽनेन,:तव,अनेन,
त्वमविवाहिताऽसि,:त्वम्,अविवाहिता,असि,
अधुनाऽहं,:अधुना,अहं,
किञ्चिदस्ति,:किञ्चित्,अस्ति,
अकिञ्चनोऽयं,:अकिञ्चनः,अयं,
कानिचित्पुस्तकानि,:कानिचित्,पुस्तकानि,
नास्ति,:न,अस्ति,
किमनेन,:किम्,अनेन,
ब्राह्मणोऽस्ति,:ब्राह्मणः,अस्ति,
किमावयोर्धनेन,:किम्,आवयोः,धनेन,
कन्दमूलफलान्यपि,:कन्दमूलफलानि,अपि,
स,त्वां,:सः,त्वां,
किञ्चिदस्ति,:किञ्चित्,अस्ति,
स,लेखने,:सः,लेखने,
स्वयमेव,:स्वयम्,एव,
ध्यानरहितोस्ति,:ध्यानरहितः,अस्ति,
स,त्वयि,:सः,त्वयि,
बुभुक्षितो,वसति,:बुभुक्षितः,वसति,
खट्वाऽपि,:खट्वा,अपि,
नास्ति,:न,अस्ति,
स,कटे,:सः,कटे,
नास्ति,:न,अस्ति,
अतस्तस्य,:अतः,तस्य,
मादृशसेविकाया,आवश्यकता,:मादृशसेविकायाः,आवश्यकता,
स,मनीषी,:सः,मनीषी,
प्राप्नुयादिति,:प्राप्नुयात्,इति,
स्वविवाहो,निर्णीतः।,:स्वविवाहः,निर्णीतः।,
सफलो,भविष्यति,:सफलः,भविष्यति,
मयाऽयं,:मया,अयं,
भवानेनं,:भवान्,एनं,
ततो,मनीषारक्षायै,:ततः,मनीषारक्षायै,
साहसमवलोक्य,:साहसम्,अवलोक्य,
मुक्तो,बभूव,:मुक्तः,बभूव,
निर्वाहार्थमावश्यकसाधनान्येकत्रितानि,:निर्वाहार्थम्,आवश्यकसाधनानि,एकत्रितानि,
प्राणा,भामत्या,:प्राणाः,भामत्या,
त्वमसि,:त्वम्,असि,
तमुत्तरितवती,:तम्,उत्तरितवती,
ग्रन्थरचयितुर्विदुषस्तवाऽहं,:ग्रन्थरचयितुः,विदुषः,तव,अहं,
नामिकाऽस्मि,:नामिका,अस्मि,
मयाऽस्य,:मया,अस्य,
यावदेष,भामती,:यावत्,एषः,भामती,
ग्रन्थो,भुवि,:ग्रन्थः,भुवि,
ग्रन्थनामरूपेणाऽमरा,:ग्रन्थनामरूपेण,अमरा,
भविष्यसीति,:भविष्यसि,इति,
सेवाफलमिति,:सेवाफलम्,इति,
पञ्चाननवाचस्पतिमिश्रोऽब्रवीत्,:पञ्चाननवाचस्पतिमिश्रः,अब्रवीत्,
भारतेऽत्र,:भारते,अत्र,
तावद्धि,:तावत्,हि,
भामतीग्रन्थो,भुवि,:भामतीग्रन्थः,भुवि,
