सैन्याधिकार्यासीत्,:सैन्याधिकारी,आसीत्,
स,तस्य,:सः,तस्य,
गुप्तरहस्यानामपि,:गुप्तरहस्यानाम्,अपि,
ज्ञाताऽऽसीत्,:ज्ञाता,आसीत्,
प्रसङ्गेनाऽलाउद्दीनस्तस्यै,:प्रसङ्गेन,आलाउद्दीनः,तस्यै,
कुपित,आसीत्,:कुपितः,आसीत्,
स,यथा,:सः,यथा,
मुहम्मदशाह,आश्रयप्राप्त्यर्थं,:मुहम्मदशाहः,आश्रयप्राप्त्यर्थं,
रात्रिन्दिवमितस्ततेऽधावत्।,:रात्रिन्दिवम्,इतस्ततः,अधावत्।,
सहायको,नाऽभवत्,:सहायकः,न,अभवत्,
नाऽभवत्,:न,अभवत्,
स,सौभाग्याद्,सौभाग्याद्,',:सः,सौभाग्यात्,सौभाग्यात्,',
मेवाड,',:मेवाडः,',
चौहानवंशीयो,महाप्रतापी,:चौहानवंशीयः,महाप्रतापी,
हम्मीर,',:हम्मीरः,',
इत्यभिधानो,नरेशस्तस्य,:इत्यभिधानः,नरेशः,तस्य,
नरेशस्तस्य,:नरेशः,तस्य,
सहायकोऽभवत्,:सहायकः,अभवत्,
स,तस्य,:सः,तस्य,
शोभाऽभवत्,:शोभा,अभवत्,
मुहम्मदशाहमन्वेषयन्तो,रणथम्भौरमप्यागताः,:मुहम्मदशाहमन्वेषयन्तः,रणथम्भौरम्,अपि,आगताः,
रणथम्भौरमप्यागताः,:रणथम्भौरम्,अपि,आगताः,
तैर्दिल्लीश्वराय,:तैः,दिल्लीश्वराय,
क्रुद्धो,महीपः,:क्रुद्धः,महीपः,
दत्त्वैकं,:दत्त्वा,एकं,
पत्रमदात्,:पत्रम्,अदात्,
स,चोच्चस्वरेण,:सः,च,उच्चस्वरेण,
चोच्चस्वरेण,:च,उच्चस्वरेण,
दिल्लीश्वरोऽलाउद्दीनोऽहं,:दिल्लीश्वरः,अलाउद्दीनः,अहं,
कुशलमिच्छामि,:कुशलम्,इच्छामि,
कारणमिदमस्ति,:कारणम्,इदम्,अस्ति,
स्वगुप्तचरेभ्यो,ज्ञातं,:स्वगुप्तचरेभ्यः,ज्ञातं,
यन्ममापराधी,:यन्मम,अपराधी,
मुहम्मदशाहो,धूर्ततया,:मुहम्मदशाहः,धूर्ततया,
सम्भवतस्तेन,:सम्भवतः,तेन,
भवद्भ्य,इदं,:भवद्भ्यः,इदं,
यत्स,मया,:यत्सः,मया,
दण्डितोऽपराध्यस्ति,:दण्डितः,अपराधी,अस्ति,
भवन्तो,मम,:भवन्तः,मम,
अतो,विनम्रं,:अतः,विनम्रं,
निवेदनमस्ति,:निवेदनम्,अस्ति,
यत्तस्य,:यत्,तस्य,
मामनुगृहीतं,:माम्,अनुगृहीतं,
आवयोर्मैत्री,:आवयोः,मैत्री,
हम्मीरनरेशो,दूतायाकथयत्,:हम्मीरनरेशः,दूताय,अकथयत्,
दूतायाकथयत्,:दूताय,अकथयत्,
अहमन्यत्किमपि,:अहम्,अन्यत्,किमपि,
मुहम्मदशाहो,मम,:मुहम्मदशाहः,मम,
शरमागतोऽस्ति,:शरणागतः,अस्ति,
निवेदनमस्ति,:निवेदनम्,अस्ति,
यत्स,अद्यप्रभृत्यस्माकं,:यत्सः,अद्यप्रभृति,अस्माकं,
अद्यप्रभृत्यस्माकं,:अद्यप्रभृति,अस्माकं,
प्रियातिथिमपि,:प्रिय,अतिथिम्,अपि,
भवेच्चावयोः,:भवेत्,च,आवयोः,
नृपेणैतादृशं,:नृपेण,एतादृशं,
स्वप्रधानामात्योऽपि,:स्वप्रधानामात्यः,अपि,
कुणतोऽलाउद्दीनस्तस्य,:कुणतः,अलाउद्दीनः,तस्य,
युद्धमघोषयत्,:युद्धम्,अघोषयत्,
कतिपयदिवसानन्तरमेव,:कतिपयदिवसानन्तरम्,एव,
यवनसैनिकैर्रणथम्भौरनगरं,:यवनसैनिकैः,रणथम्भौरनगरं,
परित,आक्रान्तम्,:परितः,आक्रान्तम्,
क्षत्रियवीरा,अपि,:क्षत्रियवीराः,अपि,
सन्नद्धा,अभवन्,:सन्नद्धाः,अभवन्,
अलाउद्दीनोऽचिन्तयत्,:अलाउद्दीनः,अचिन्तयत्,
भीतो,हम्मीरस्तदानीं,:भीतः,हम्मीरः,तदानीं,
हम्मीरस्तदानीं,:हम्मीरः,तदानीं,
प्रत्यर्पणमवश्यमेव,:प्रत्यर्पणम्,अवश्यम्,एव,
शरणागतरक्षका,भवन्ति,:शरणागतरक्षकाः,भवन्ति,
प्रशस्तमस्ति।,:प्रशस्तम्,अस्ति।,
अतो,दिल्लीश्वरस्य,:अतः,दिल्लीश्वरस्य,
कदाप्युचितो,नास्ति,:कदापि,उचितः,न,अस्ति,
नास्ति,:न,अस्ति,
मासद्वयस्याऽन्तराल,एवाऽस्मिन्सङ्ग्रामे,:मासद्वयस्य,अन्तरालः,एव,अस्मिन्,सङ्ग्रामे,
एवाऽस्मिन्सङ्ग्रामे,:एव,अस्मिन्,सङ्ग्रामे,
युवसैनिका,अनुदिनं,:युवसैनिकाः,अनुदिनं,
वर्धन्त,एव,:वर्धन्तः,एव,
अपरतश्च,:अपरतः,च,
दुर्गान्तरेऽपरुद्धाः,:दुर्गान्तरे,अपरुद्धाः,
न्यूनतामगच्छन्,:न्यूनताम्,अगच्छन्,
चिन्तयन्नेकदा,:चिन्तयन्,एकदा,
मुहम्मदशाहो,नृपायावदत्,:मुहम्मदशाहः,नृपाय,अवदत्,
नृपायावदत्,:नृपाय,अवदत्,
शरणागतरक्षक,परमकृपालो,परमकृपालो,देव,:शरणागतरक्षकः,परमकृपालः,परमकृपालः,देव,
ममाऽकिञ्चनस्य,:मम,अकिञ्चनस्य,
भवताऽस्य,:भवता,अस्य,
तदितिहासस्याऽद्वितीया,:तत्,इतिहासस्य,अद्वितीया,
ममैकस्य,:मम,एकस्य,
प्राणरक्षार्थमेतादृशो,विनाशो,विनाशो,नोचितः,:प्राणरक्षार्थम्,एतादृशः,विनाशः,विनाशः,न,उचितः,
नोचितः,:न,उचितः,
अद्याहमेकाक्यलाउद्दीनस्य,:अद्य,अहम्,एकाकी,अलाउद्दीनस्य,
गन्तुमिच्छामि,:गन्तुम्,इच्छामि,
स,वृकः,:सः,वृकः,
जन्मकोटिभिरपि,:जन्मकोटिभिः,अपि,
भवदुपकारेभ्यो,मुक्तो,मुक्तो,भवितुं,:भवत्,उपकारेभ्यः,मुक्तः,मुक्तः,भवितुं,
कृपयाऽऽज्ञापयतु,:कृपया,आज्ञापयतु,
तमाश्‌लिष्य,:तम्,आश्‌लिष्य,
नृपतिरकथयत्,:नृपतिः,अकथयत्,
शरणागतो,मे,:शरणागतः,मे,
लघुभ्रातेवाऽसि,:लघुभ्राता,इव,असि,
विपदामाह्वानं,:विपदाम्,आह्वानं,
भवानास्माकं,:भवान्,अस्माकं,
धर्मपरीक्षाया,निमित्तमात्रमसि,:धर्मपरीक्षायाः,निमित्तमात्रम्,असि,
निमित्तमात्रमसि,:निमित्तमात्रम्,असि,
वयमनेन,:वयम्,अनेन,
यावन्मम,:यावत्,मम,
एकोऽपि,:एकः,अपि,
रक्तबिन्दुरस्ति,:रक्तबिन्दुः,अस्ति,
स्वप्राणानामपि,:स्वप्राणानाम्,अपि,
भवतो,रक्षणं,:भवतः,रक्षणं,
त्वमिदानीं,:त्वम्,इदानीं,
दीनभावेनाऽलाउद्दीनस्य,:दीनभावेन,अलाउद्दीनस्य,
तद्भविष्यति,:तत्,भविष्यति,
पराजयोऽपूर्णा,:पराजयः,अपूर्णा,
क्षतिश्च,:क्षतिः,च,
कदापीदृशं,:कदापि,ईदृशं,
भवतामपमानः,:भवताम्,अपमानः,
कीदृशोऽप्यपराधो,वा,:कीदृशः,अपि,अपराधः,वा,
कृतस्तद्भवान्स्वैरं,:कृतः,तत्,भवान्,स्वैरं,
नाहं,:न,अहं,
सविनयमकथयत्-,:सविनयम्,अकथयत्-,
भवन्मित्रस्यापमानं,:भवन्मित्रस्य,अपमानं,
दिल्लीश्वरोऽपि,:दिल्लीश्वरः,अपि,
नालम्,:न,अलम्,
भवतस्सैनिकरूपेणैव,:भवतः,सैनिकरूपेण,एव,
प्राणांस्त्यक्तुमपि,:प्राणान्,त्यक्तुम्,अपि,
प्रस्तुतोऽस्मि,:प्रस्तुतः,अस्मि,
जन्मान्तरेऽपि,:जन्मान्तरे,अपि,
चेच्छामि,:च,इच्छामि,
सिद्धान्तवाक्यमपि,:सिद्धान्तवाक्यम्,अपि,
निष्फलमासीत्,:निष्फलम्,आसीत्,
विपन्नाऽवस्थायामपि,:विपन्ना,अवस्थायाम्,अपि,
साऽत्यजत्,:सा,अत्यजत्,
क्षत्रियवीरा,मृत्युनापि,:क्षत्रियवीराः,मृत्युना,अपि,
मृत्युनापि,:मृत्युना,अपि,
कर्तुमुद्यता,आसन्,:कर्तुम्,उद्यताः,आसन्,
भोजनस्याभावे,:भोजनस्य,अभावे,
इत्याख्यस्य,:इति,आख्यस्य,
समीपमागतः,:समीपम्,आगतः,
स्वप्राणानामाहुतिर्दत्ता,:स्वप्राणानाम्,आहुतिः,दत्ता,
क्षत्रियवीरैस्सह,:क्षत्रियवीरैः,सह,
मुहम्मदसाहोऽपि,:मुहम्मदसाहः,अपि,
धारयित्वाऽन्तिमयुद्धार्थं,:धारयित्वा,अन्तिमयुद्धार्थं,
दुर्गद्वाराद्बहिरागच्छत्,:दुर्गद्वारात्,बहिः,अगच्छत्,
परमभीषणयुद्धेऽसङ्ख्या,:परमभीषणयुद्धे,असङ्ख्या,
असङ्‌ख्याश्च,:असङ्‌ख्याः,च,
क्षत्रियवीरेणाऽनेका,यवना,यवना,निपातिताः,:क्षत्रियवीरेण,अनेकाः,यवनाः,यवनाः,निपातिताः,
किन्त्वालाउद्दीनस्याऽपारसेना,:किन्तु,अलाउद्दीनस्य,अपारसेना,
कृत्वाऽलाउद्दीनो,दुर्गे,:कृत्वा,अलाउद्दीनः,दुर्गे,
हृदयमपि,:हृदयम्,अपि,
निस्तब्दमासीत्,:निस्तब्दम्,आसीत्,
समीपमेव,:समीपम्,एव,
नृशंसोऽलाउद्दीनोऽपि,:नृशंसः,अलाउद्दीनः,अपि,
नतमस्तकोऽभूत्,:नतमस्तकः,अभूत्,
विधर्मिणोऽपीदृशमातिथ्यं,:विधर्मिणोः,अपि,ईदृशम्,आतिथ्यं,
तस्मिन्नीदृशी,:तस्मिन्,ईदृशी,
