मयाऽस्य,:मया,अस्य,
एतस्मिन्दिने,:एतस्मिन्,दिने,
वसतेर्नातिदूरे,:वसतेः,न,अतिदूरे,
लेखनरतमेकं,:लेखनरतम्,एकं,
ज्ञातुमिच्छा,:ज्ञातुम्,इच्छा,
कोऽयमिति,:कः,अयम्,इति,
तज्जनकस्तां,:तज्जनकः,तां,
पञ्चाननवाचस्पतिमिश्रमकथयत्,:पञ्चाननवाचस्पतिमिश्रम्,अकथयत्,
किमयं,:किम्,अयं,
निरन्तरमयं,:निरन्तरम्,अयं,
कुटूरेऽयमेकाकी,:कुटूरे,अयम्,एकाकी,
पितरावस्य,:पितरौ,अस्य,
किमस्य,:किम्,अस्य,
अविवाहितोऽयम्।,:अविवाहितः,अयम्।,
नायं,:न,अयं,
पुनरयं,:पुनः,अयं,
अङ्‌कुरितमन्नं,:अङ्‌कुरितम्,अन्नं,
चाऽयं,:च,अयं,
तदपि,:तत्,अपि,
कदाऽयं,:कदा,अयं,
अस्मादेव,:अस्मात्,एव,
कारणादयं,:कारणात्,अयं,
अधुनाऽहमस्य,:अधुना,अहम्,अस्य,
तवाऽनेन,:तव,अनेन,
त्वमविवाहिताऽसि,:त्वम्,अविवाहिता,असि,
अधुनाऽहं,:अधुना,अहं,
किञ्चिदस्ति,:किञ्चित्,अस्ति,
अकिञ्चनोऽयं,:अकिञ्चनः,अयं,
कानिचित्पुस्तकानि,:कानिचित्,पुस्तकानि,
नास्ति,:न,अस्ति,
किमनेन,:किम्,अनेन,
ब्राह्मणोऽस्ति,:ब्राह्मणः,अस्ति,
किमावयोर्धनेन,:किम्,आवयोः,धनेन,
कन्दमूलफलान्यपि,:कन्दमूलफलानि,अपि,
किञ्चिदस्ति,:किञ्चित्,अस्ति,
स्वयमेव,:स्वयम्,एव,
ध्यानरहितोस्ति,:ध्यानरहितः,अस्ति,
खट्वाऽपि,:खट्वा,अपि,
नास्ति,:न,अस्ति,
नास्ति,:न,अस्ति,
अतस्तस्य,:अतः,तस्य,
प्राप्नुयादिति,:प्राप्नुयात्,इति,
मयाऽयं,:मया,अयं,
भवानेनं,:भवान्,एनं,
साहसमवलोक्य,:साहसम्,अवलोक्य,
निर्वाहार्थमावश्यकसाधनान्येकत्रितानि,:निर्वाहार्थम्,आवश्यकसाधनानि,एकत्रितानि,
त्वमसि,:त्वम्,असि,
तमुत्तरितवती,:तम्,उत्तरितवती,
ग्रन्थरचयितुर्विदुषस्तवाऽहं,:ग्रन्थरचयितुः,विदुषः,तव,अहं,
नामिकाऽस्मि,:नामिका,अस्मि,
मयाऽस्य,:मया,अस्य,
ग्रन्थनामरूपेणाऽमरा,:ग्रन्थनामरूपेण,अमरा,
भविष्यसीति,:भविष्यसि,इति,
सेवाफलमिति,:सेवाफलम्,इति,
पञ्चाननवाचस्पतिमिश्रोऽब्रवीत्,:पञ्चाननवाचस्पतिमिश्रः,अब्रवीत्,
भारतेऽत्र,:भारते,अत्र,
तावद्धि,:तावत्,हि,
