नामास्ति,:नाम,अस्ति,
नामास्ति,:नाम,अस्ति,
प्रत्याशिनमाकारयति,:प्रत्याशिनम्,आकारयति,
यावदहम्,:यावत्,अहम्,
बहिरागत्य,:बहिः,आगत्य,
चिन्तामापन्नः,:चिन्ताम्,आपन्नः,
बहिरागत्य,:बहिः,आगत्य,
सेवकमादिशत्,:सेवकम्,आदिशत्,
चालकश्च,:चालकः,च,
चिन्ताचक्रमारूढः,:चिन्ताचक्रम्,आरूढः,
बलिपशुमिव,:बलिपशुम्,इव,
आपतितोस्मि,:आपतितः,अस्मि,
पश्यन्नपि,:पश्यन्,अपि,
नाद्राक्षीत्,:न,अद्राक्षीत्,
यानादवतीर्य,:यानात्,अवतीर्य,
तमुपवेश्य,:तम्,उपवेश्य,
इहागत्य,:इह,आगत्य,
तमवलोक्य,:तम्,अवलोक्य,
पुनरेकं,:पुनः,एकं,
भृत्यममुं,:भृत्यम्,अमुं,
किमर्थमानीतवान्,:किमर्थम्,आनीतवान्,
यदिमं,:यत्,इमं,
सहैव,:सह,एव,
प्रसन्नश्च,:प्रसन्नः,च,
कथमापन्नः,:कथम्,आपन्नः,
अतस्त्वम्,:अतः,त्वम्,
दीर्घमुष्णं,:दीर्घम्,उष्णं,
चाभूत्,:च,अभूत्,
जातस्तदा,:जातः,तदा,
रुचिर्नासीत्,:रुचिः,न,आसीत्,
तातस्तु,:तातः,तु,
वानरस्येव,:वानरस्य,इव,
वृथैव,:वृथा,एव,
कर्तुमारब्धः,:कर्तुम्,आरब्धः,
इत्युक्त्वा,:इति,उक्त्वा,
इदमेव,:इदम्,एव,
नाकार्षम्,:न,अकार्षम्,
शनैरवोचत्,:शनैः,अवोचत्,
अहमपि,:अहम्,अपि,
निरङ्‌कुशश्च,:निरङ्‌कुशः,च,
लज्जेऽहम्।,:लज्जे,अहम्।,
प्रवेष्टुमस्वीकृतवान्।,:प्रवेष्टुम्,अस्वीकृतवान्।,
विषयोयं,:विषयः,अयं,
अपशब्दैरसत्कृत्य,:अपशब्दैः,असत्कृत्य,
शिक्षकाणामपि,:शिक्षकाणाम्,अपि,
विनश्यद्विचार्य,:विनश्यत्,विचार्य,
चागत्य,:च,आगत्य,
यावदहं,:यावत्,अहं,
मामैवं,:माम्,एवं,
तवादर्शः,:तव,आदर्शः,
नास्तीदं,:नास्ति,इदं,
काल्याणमेव,:काल्याणम्,एव,
वास्तविकमुद्देश्यम्।,:वास्तविकम्,उद्देश्यम्।,
सदुपययोगेनैव,:सदुपययोगेन,एव,
क्षणमतिक्रम्य,:क्षणम्,अतिक्रम्य,
जीवनमपसरति।,:जीवनम्,अपसरति।,
तस्मिन्नेव,:तस्मिन्,एव,
साफल्यमगन्तव्यम्।,:साफल्यम्,अगन्तव्यम्।,
पशुपक्षिवज्जीवनमपि,:पशुपक्षिवज्जीवनम्,अपि,
पुनर्नागच्छति।,:पुनः,न,आगच्छति।,
ससखोहं,:ससखः,अहं,
तत्क्षणमेव,:तत्क्षणम्,एव,
चरणमभिवाद्य,:चरणम्,अभिवाद्य,
शान्तमकार्षम्।,:शान्तम्,अकार्षम्।,
नोत्सहे।,:न,उत्सहे।,
सोहमिदानीं,:सः,अहम्,इदानीं,
गुरोरनुकम्पया,:गुरोः,अनुकम्पया,
सम्पन्नश्चास्मि।,:सम्पन्नः,च,अस्मि।,
ममोपरि,:मम,उपरि,
मामनुकम्पयन्ति,:माम्,अनुकम्पयन्ति,
इत्युक्त्वा,:इति,उक्त्वा,
एकमपूरितम्,:एकम्,अपूरितम्,
पुरुषश्च,:पुरुषः,च,
भगवतोऽनुकम्पया,:भगवतः,अनुकम्पया,
पुत्रादपि,:पुत्रात्,अपि,
मच्छिष्येण,:मत्,शिष्येण,
वत्सममुं,:वत्सम्,अमुं,
शुभाशीर्भिरभिषिञ्चामि,:शुभाशीर्भिः,अभिषिञ्चामि,
अस्यादर्शचरित्रं,:अस्य,आदर्शचरित्रं,
सर्वैरप्यनुकरणीयम्,:सर्वैः,अपि,अनुकरणीयम्,
