मनुष्य,यदा,:मनुष्यः,यदा,
व्यतीतमिति,:व्यतीतम्,इति,
अद्यावधि,:अद्य,अवधि,
अतिप्रसन्ना,अभूवन्,:अतिप्रसन्नाः,अभूवन्,
सैव,:सा,एव,
चास्ति,:च,अस्ति,
नामापि,:नाम,अपि,
पुनर्दुर्वचनं,:पुनः,दुर्वचनं,
ज्येष्ठा,कनिष्ठाश्च,:ज्येष्ठाः,कनिष्ठाः,च,
कनिष्ठाश्च,:कनिष्ठाः,च,
पुत्रपुत्र्योर्भेदो,भवति,:पुत्रपुत्र्योः,भेदः,भवति,
नानुभूतम्,:न,अनुभूतम्,
समादरो,भवति,:समादरः,भवति,
नवमकक्षायामधीते,:नवमकक्षायाम्,अधीते,
सर्वाश्छात्राः,:सर्वाः,छात्राः,
खादितुमारब्धाः।,:खादितुम्,आरब्धाः।,
तूष्णीमेव,:तूष्णीम्,एव,
हर्षितयोक्तम्,:हर्षितया,उक्तम्,
नाहं,:न,अहं,
नास्ति,:न,अस्ति,
एकतो,दग्धा,:एकतः,दग्धा,
अपरतश्च,:अपरतः,च,
सर्वाभिरवलोकितो,ताः,:सर्वाभिरवलोकितः,ताः,
अवसन्नश्च,:अवसन्नः,च,
किमिदम्,:किम्,इदम्,
स्वयमेवाहम्,:स्वयम्,एव,अहम्,
तदापि,:तदा,अपि,
रोटिकामेव,:रोटिकाम्,एव,
किमाचरति,:किम्,आचरति,
वक्तव्यमस्ति,:वक्तव्यम्,अस्ति,
चानुभवन्ती,:च,अनुभवन्ती,
जन्माभूत्,:जन्म,अभूत्,
चाङ्‌के,:च,अङ्‌के,
समुत्पन्नेपि,:समुत्पन्ने,अपि,
नात्याक्षीत्,:न,अत्याक्षीत्,
नोत्तमं,:न,उत्तमं,
नोत्तमं,:न,उत्तमं,
अयमेव,:अयम्,एव,
ममापराधः,:मम,अपराधः,
कन्योत्पन्नेति,:कन्योत्पन्ना,इति,
सायमागच्छति,:सायम्,आगच्छति,
पर्याप्तमवसरं,:पर्याप्तम्,अवसरं,
तान्यहं,:तानि,अहं,
गालीमिर्मम,:गालीमिः,मम,
चपोटामुष्टिकामिश्च,:चपोटामुष्टिकामिः,च,
पूजापि,:पूजा,अपि,
क्रीतदासीवाहं,:क्रीतदासी,इव,अहं,
प्रयासेनाहम्,:प्रयासेन,अहम्,
चेमां,:च,इमां,
नाशक्नुवन्,:न,अशक्नुवन्,
एकाऽपरा,:एका,अपरा,
तस्या,प्रतिवेश्मनो,प्रतिवेश्मनो,गृहे,:तस्याः,प्रतिवेश्मनः,प्रतिवेश्मनः,गृहे,
एकोऽपरो,:एकः,अपरः,
भाटकदायकोऽध्यापक,आगतः,:भाटकदायकः,अध्यापकः,आगतः,
तस्यैका,:तस्य,एका,
दशमकक्षायामधीयाना,:दशमकक्षायाम्,अधीयाना,
सम्भाषणमिच्छन्ती,:सम्भाषणम्,इच्छन्ती,
नामास्ति,:नाम,अस्ति,
तयोर्मैत्री,:तयोः,मैत्री,
स्वसमीपमाहूय,:स्वसमीपम्,आहूय,
इत्यकथयत्,:इति,अकथयत्,
यदाहं,:यदा,अहं,
द्वितीयो,विवाहः,:द्वितीयः,विवाहः,
पुत्रमजनयत्,:पुत्रम्,अजनयत्,
यतो,हि,:यतः,हि,
ममोपरि,:मम,उपरि,
पुनस्तं,:पुनः,तं,
क्रोडो,करोमि,:क्रोडः,करोमि,
समयो,नास्ति,:समयः,न,अस्ति,
नास्ति,:न,अस्ति,
रुचिरासीत्,:रुचिः,आसीत्,
पुस्तकमाहृत्य,:पुस्तकम्,आहृत्य,
प्रवचनमारभते,:प्रवचनम्,आरभते,
भवितुमिच्छसि?,:भवितुम्,इच्छसि?,
मनो,न,:मनः,न,
इत्युक्त्वा,:इति,उक्त्वा,
एकतो,विमाता,:एकतः,विमाता,
अपरतश्च,:अपरतः,च,
पितापि,:पिता,अपि,
नैवं,:न,एवं,
इत्युक्त्वा,:इति,उक्त्वा,
किमहं,:किम्,अहं,
किंकर्तव्यमूढास्मि,:किंकर्तव्यमूढा,अस्मि,
गृहमागत्य,:गृहम्,आगत्य,
वृत्तान्तद्वयमिदं,:वृत्तान्तद्वयम्,इदं,
निजपितामहमकथयत्,:निजपितामहम्,अकथयत्,
दीर्घमुष्णं,:दीर्घम्,उष्णं,
तवेयं,:तव,इयं,
कन्यकाजननमेव,:कन्यकाजननम्,एव,
गतिर्भविष्यति,:गतिः,भविष्यति,
प्रसिद्धमस्ति,:प्रसिद्धम्,अस्ति,
कुपुत्रो,जायेत,:कुपुत्रः,जायेत,
भवतीत्यहो,:भवति,इति,अहो,
