नास्ति,:न,अस्ति,
विदग्धायाश्च,:विदग्धायाः,च,
तस्या,अपाङ्गकास्यं,:तस्याः,अपाङ्गकास्यं,
नास्ति,:न,अस्ति,
तस्या,पतिसेवया,:तस्याः,पतिसेवया,
नानुभवति,:न,अनुभवति,
कपोतीव,:कपोती,इव,
करुणमितिहासं,:करुणम्,इतिहासं,
गाढमाश्‌लिष्य,:गाढम्,आश्‌लिष्य,
अपसृत,एवासीत्,:अपसृतः,एव,आसीत्,
एवासीत्,:एव,आसीत्,
घनछायमुद्भासिता,:घनछायम्,उद्भासिता,
अपूर्वज्योत्स्नालोकेन,:अपूर्वज्योत्स्ना,आलोकेन,
प्राणतलो,पुलकितं,:प्राणतलः,पुलकितं,
चित्रलेखेव,:चित्रलेखा,इव,
उत्कूलजलधारेव,:उत्कूलजलधारा,इव,
पुनश्च,:पुनः,च,
चीत्कारश्च,:चीत्कारः,च,
त्यागश्च,:त्यागः,च,
महतीयं,:महती,इयं,
मुखमावृत्य,:मुखम्,आवृत्य,
ओमिति,:ओम्,इति,
