कोऽयं,:कः,अयं,
अफजलोऽहम्,:अफजलः,अहम्,
कश्चित्कार्यविशेषः,:कश्चित्,कार्यविशेषः,
कदाप्यहं,:कदापि,अहं,
विस्मरेदं,:विस्मर,इदं,
कालोऽयं,:कालः,अयं,
अमिताभाभिनीतमिदम्,:अमिताभाभिनीतम्,इदम्,
चेदवश्यमेव,:चेत्,अवश्यम्,एव,
सोऽप्यस्माभिः,:सोऽपि,अस्माभिः,
सार्द्धमागच्छति,:सार्द्धम्,आगच्छति,
छात्रजीवनमपि,:छात्रजीवनम्,अपि,
विचित्रमेव,:विचित्रम्,एव,
आमोदप्रमोदसहितञ्च,:आमोदप्रमोदसहितं,च,
चेत्तिष्ठेच्चलचित्रं,:चेत्,तिष्ठेत्,चलचित्रं,
पश्येदिदं,:पश्येत्,इदं,
भारतपाकमैत्रीममिवासम्भवम्,:भारतपाकमैत्रीमम्,इव,असम्भवम्,
कालो,यदा,:कालः,यदा,
कालो,यदा,:कालः,यदा,
पदमादधति,:पदम्,आदधति,
चलचित्रस्यास्मिन्युग,:चलचित्रस्य,अस्मिन्,युगे,
पुरतो,नुत्यगीतसंगीतसंवादविसंवादसमन्विते,:पुरतः,नुत्यगीतसंगीतसंवादविसंवादसमन्विते,
अस्मिन्नस्मभ्यमपि,:अस्मिन्,अस्मभ्यम्,अपि,
तद्दिवसेऽपि,:तद्दिवसे,अपि,
प्रचण्डताप,आसीत्,:प्रचण्डतापः,आसीत्,
कालोऽयं,:कालः,अयं,
पार्श्वस्थमेव,:पार्श्वस्थम्,एव,
चलचित्रगृहमासीत्,:चलचित्रगृहम्,आसीत्,
पद्भ्यामेव,:पद्भ्याम्,एव,
गन्तव्यमासीत्,:गन्तव्यम्,आसीत्,
तद्दिवस,इदमसम्भवम्,:तद्दिवसे,इदम्,असम्भवम्,
इदमसम्भवम्,:इदम्,असम्भवम्,
प्रतप्तलौहपात्राणीव,:प्रतप्तलौहपात्राणि,इव,
अप्यसिधाराव्रतं,:अपि,असिधाराव्रतं,
गत्वाऽऽकुलव्याकुलार्णवं,:गत्वा,आकुलव्याकुलार्णवं,
तितीर्षूणामुडुपमिव,:तितीर्षूणाम्,ऊडुपम्,इव,
त्रिचक्रिकायानमेकं,:त्रिचक्रिकायानम्,एकं,
त्रिचक्रिकापरिचालकोऽस्माभिः,:त्रिचक्रिकापरिचालकः,अस्माभिः,
छविगृहमवापयितुं,:छविगृहम्,अवापयितुं,
निस्सार्यासौ,:निस्सार्य,असौ,
तदर्थमष्टरूप्यकाणि,:तदर्थम्,अष्टरूप्यकाणि,
घर्मसन्ताप्तो,विनोद,विनोद,उद्दीप्तः,:घर्मसन्ताप्तः,विनोदः,विनोदः,उद्दीप्तः,
गन्तुमिच्छति,:गन्तुम्,इच्छति,
चेद्,आगच्छान्यथा,:चेत्,आगच्छ,अन्यथा,
आगच्छान्यथा,:आगच्छ,अन्यथा,
गच्छेतः,:गच्छ,इतः,
मौनमाकलितम्,:मौनम्,आकलितम्,
कलत्रमपत्यञ्च,:कलत्रम्,अपत्यं,च,
स्मृत्वासौ,:स्मृत्वा,असौ,
क्षीणकायो,जीर्णचीवरः,:क्षीणकायः,जीर्णचीवरः,
प्रतिवादमेव,:प्रतिवादम्,एव,
दुःखार्तमनसाऽस्मान्,:दुःखार्तमनसा,अस्मान्,
प्रस्तुतो,जातः,:प्रस्तुतः,जातः,
नो,दिवसा,दिवसा,गताः,:नः,दिवसाः,दिवसाः,गताः,
अस्माकमास्तां,:अस्माकम्,आस्तां,
नवोत्साहतरङ्गायिताज्ञानपट्टिकापिहितेऽक्षिणी,:नवोत्साहतरङ्गायिताज्ञानपट्टिकापिहिते,अक्षिणी,
कान्ताकमनीयभाव,एवायाति,:कान्ताकमनीयभावः,एव,आयाति,
एवायाति,:एव,आयाति,
मरूद्यानमिव,:मरूद्यानम्,इव,
प्रत्येव,:प्रति,एव,
नयनविक्षेपो,जातः,:नयनविक्षेपः,जातः,
शुष्कसैकतमिव,:शुष्कसैकतम्,इव,
क्षीणत्वमदृष्टमेव,:क्षीणत्वम्,अदृष्टम्,एव,
कञ्चनाध्वानं,:कञ्चन,अध्वानं,
भुवनभास्करस्यातपेन,:भुवनभास्करस्य,आतपेन,
गन्तुमक्षमः,:गन्तुम्,अक्षमः,
कार्पण्याद्,विवर्णवदनोऽसौ,:कार्पण्यात्,विवर्णवदनः,असौ,
विवर्णवदनोऽसौ,:विवर्णवदनः,असौ,
त्रिचक्रिचालको,वारमेकं,:त्रिचक्रिचालकः,वारम्,एकं,
वारमेकं,:वारम्,एकं,
चेद्‌,गुणकीर्तनं,:चेत्,गुणकीर्तनं,
अस्मत्सदृशेभ्योऽकिञ्चनेभ्यः,:अस्मत्सदृशेभ्यः,अकिञ्चनेभ्यः,
काञ्चनसाहाय्यमेव,:काञ्चनसाहाय्यम्,एव,
जननीमापत्पतितमपत्यं,:जननीम्,आपत्पतितम्,अपत्यं,
भार्यमनेकैः,:भार्यम्,अनेकैः,
रक्षन्नहमतिरिक्तं,:रक्षन्,अहम्,अतिरिक्तं,
यथाकथञ्चिदिदमपि,:यथाकथञ्चित्,इदम्,अपि,
वृत्तमाचरामि,:वृत्तम्,आचरामि,
गमिष्यस्युत,:गमिष्यसि,उत,
वाऽन्यं,:वा,अन्यं,
भर्त्सयताऽफजलेन,:भर्त्सयता,अफजलेन,
तच्छब्दानेव,:तच्छब्दान्,एव,
निक्षिप्याहमपि,:निक्षिप्य,अहम्,अपि,
स,यथाकथञ्चित्,:सः,यथाकथञ्चित्,
छविगृहपर्यन्तमानीतवान्नस्मान्,:छविगृहपर्यन्तम्,आनीतवान्,अस्मान्,
महाकुम्भमिव,:महाकुम्भम्,इव,
अस्माकमभिलाषः,:अस्माकम्,अभिलाषः,
वचित्रमेव,:विचित्रम्,एव,
चित्रमासीत्,:चित्रम्,आसीत्,
जनानामुपरि,:जनानाम्,उपरि,
कपिजना,इव,:कपिजनाः,इव,
कूर्दन्त,जनाः,:कूर्दन्तः,जनाः,
अर्णवोत्तुङ्गतरङ्गा,इव,:अर्णवोत्तुङ्गतरङ्गाः,इव,
जलौघा,इव,:जलौघाः,इव,
वाऽकरणीयमिति,:वा,अकरणीयम्,इति,
किङ्‌कर्तव्यविमूढत्वमधिगतम्,:किङ्‌कर्तव्यविमूढत्वम्,अधिगतम्,
वाक्संयम,इव,:वाक्संयमः,इव,
सुदुष्करतम,आसीत्,:सुदुष्करतमः,आसीत्,
प्रदर्शनमासीदिदम्,:प्रदर्शनम्,आसीत्,इदम्,
असाफल्यमनुमीय,:असाफल्यम्,अनुमीय,
प्रत्यागन्तार,एव,:प्रत्यागन्तारः,एव,
तावत्पृथुलपुष्टकायो,वचनविन्यासविशारद,वचनविन्यासविशारद,इवैको,इवैको,युवकः,:तावत्पृथुलपुष्टकायः,वचनविन्यासविशारदः,वचनविन्यासविशारदः,इव,एकः,इव,एकः,युवकः,
त्रीणीत्युच्चैः,:त्रीणि,अत्युच्चैः,
ततो,निर्गतः,:ततः,निर्गतः,
विमुञ्चेदिति,:विमुञ्चेत्,इति,
पञ्चसप्ततिरूप्यकाण्याकर्ष्य,:पञ्चसप्ततिरूप्यकाणि,आकर्ष्य,
तस्माद्,गृहीतानि,:तस्मात्,गृहीतानि,
अनन्तरमहं,:अनन्तरम्,अहं,
दशरूप्यकमेकं,:दशरूप्यकम्,एकं,
पञ्चकमेकं,:पञ्चकम्,एकं,
कदाचिद्,रूप्यकस्य,:कदाचित्,रूप्यकस्य,
विदीर्णञ्च,:विदीर्णं,च,
कदाचिच्च,:कदाचित्,च,
व्यवहारेऽस्मिन्,:व्यवहारे,अस्मिन्,
स्वीयामभिशप्तनियतिं,:स्वीयाम्,अभिशप्तनियतिं,
विनम्रकष्टैरदम्यपीडाभिः,:विनम्रकष्टैः,अदम्यपीडाभिः,
भवविह्वलो,जातः,:भवविह्वलः,जातः,
पक्ष्मलविहीननेत्रच्छदमधः,:पक्ष्मलविहीननेत्रच्छदम्,अधः,
क्षीणलवणामंबुवारिधारैका,:क्षीणलवणामंबुवारिधारा,एका,
नाजानि,:न,अजानि,
अन्यमनस्कोऽहं,:अन्यमनस्कः,अहं,
चलचित्रयवनिकायामपि,:चलचित्रयवनिकायाम्,अपि,
तस्यैवाश्रुपूरितनयनाकृतिरेव,:तस्य,एवाश्रुपूरितनयनाकृतिः,एव,
अनुतापो,जातः,:अनुतापः,जातः,
चलचित्रमवसितम्,:चलचित्रम्,अवसितम्,
एकैवानुभूतिमग्नोऽहमासम्,:एक,एव,अनुभूतिमग्नः,अहम्,आसम्,
तत्सार्थकप्रमोदो,वरम्,:तत्सार्थकप्रमोदः,वरम्,
कदाचित्तस्मात्,:कदाचित्,तस्मात्,
गुणगानमिति,:गुणगानम्,इति,
