स्यादिति,:स्यात्,इति,
"पराजितोऽस्मि",:"पराजितः,अस्मि",
"अष्टावक्रो,विजयताम्",:"अष्टावक्रः,विजयताम्",
यावदिच्छसि,:यावत्,इच्छसि,
नागमिष्यति",:न,आगमिष्यति",
कहोड,इति,:कहोडः,इति,
वशंवदो,भूत्वा,:वशंवदः,भूत्वा,
स,च,:सः,च,
तावद्दूरं,:तावत्,दूरं,
ऋत्विग्,अस्ति।,:ऋत्विक्,अस्ति।,
नाहम्,:न,अहम्,
अपीदं,:अपि,इदं,
पुनरहं,:पुनः,अहं,
सुहृद्,यज्ञदत्तः,:सुहृत्,यज्ञदत्तः,
पुरस्ताद्,आगतः,:पुरस्तात्,आगतः,
भवदागमनं,:भवत्,आगमनं,
"कथमिव,:"कथम्,इव,
पुरस्ताद्,आगत्य,:पुरस्तात्,आगत्य,
अभवद्',इति,:अभवत्',इति,
पुत्रनामासि',:पुत्रनामा,असि',
'मयैव,:'मया,एव,
कारणाद्,एव,:कारणात्,एव,
मुक्तामणिरिव,:मुक्तामणिः,इव,
राशिरिव,:राशिः,इव,
नास्तीति,:नास्ति,इति,
मा,भूत्।,:मा,भूत्।,
दग्धोऽस्मि।,:दग्धः,अस्मि।,
वरुणद्वीपाद्,आनीतं,:वरुणद्वीपात्,आनीतं,
