सक्तवश्च,:सक्तवः,च,
देशांश्च,:देशान्,च,
स्त्रियश्च,:स्त्रियः,च,
बालोऽपि,:बालः,अपि,
एतद्,श्रुत्वा,:एतत्,श्रुत्वा,
अवसरश्च,:अवसरः,च,
पुष्टाङ्गाश्च,:पुष्टाङ्गाः,च,
दूरादेव,:दूरात्,एव,
आश्रमाद्,आगतौ।,:आश्रमात्,आगतौ।,
वयो,न,:वयः,न,
इतो,याहि।,:इतः,याहि।,
चेष्टाभिः,:च,इष्टाभिः,
को,वृत्तान्तः,:कः,वृत्तान्तः,
बालोऽपि,:बालः,अपि,
साक्षाद्,धर्मः,:साक्षात्,धर्मः,
वरीयांसश्च,:वरीयांसः,च,
कश्चिद्,बालः,:कश्चित्,बालः,
'को,भवान्,:'कः,भवान्,
शिष्यश्च,:शिष्यः,च,
अधीतसकलवेदोऽस्मि।,:अधीतसकलवेदः,अस्मि।,
अर्थाश्च,:अर्थाः,च,
कहोडोऽपि,:कहोडः,अपि,
मण्डूकमिव,:मण्डूकम्,इव,
वादप्रकरणमेव,:वादप्रकरणम्,एव,
अन्यच्च,:अन्यत्,च,
कुलशैलवद्,अचलः,:कुलशैलवत्,अचलः,
रथमिव,:रथम्,इव,
ततो,वादाहवे,:ततः,वादाहवे,
स,परः,:सः,परः,
पण्डितोऽसि",:पण्डितः,असि",
षड्,ऋतवः,:षट्,ऋतवः,
राजापि,:राजा,अपि,
हृष्टश्च,:हृष्टः,च,
विजयो,भूयात्',:विजयः,भूयात्',
