माभूत्,:मा,अभूत्,
आहारेऽपि,:आहारे,अपि,
कृतेऽपि,:कृते,अपि,
स्वप्नेऽपि,:स्वप्ने,अपि,
तरुणश्च,:तरुणः,च,
नालम्,:न,अलम्,
मुग्धोऽस्मि,:मुग्धः,अस्मि,
माभूत्,:मा,अभूत्,
विषयोऽयं,:विषयः,अयं,
पुत्रस्यार्थे,:पुत्रस्य,अर्थे,
नाहं,:न,अहं,
हरिणीव,:हरिणि,इव,
पिकीव,:पिकी,इव,
तदनुसारेण,:तत्,अनुसारेण,
चुम्बन्तमिव,:चुम्बन्तम्,इव,
भवदागमनेन,:भवत्,आगमनेन,
कृतज्ञोऽस्मि,:कृतज्ञः,अस्मि,
भवदागमनस्य,:भवत्,आगमनस्य,
पश्यन्नपि,:पश्यन्,अपि,
ततोऽपि,:ततः,अपि,
सुखमपि,:सुखम्,अपि,
नाहं,:न,अहं,
नाहं,:न,अहं,
नाहं,:न,अहं,
नाहं,:न,अहं,
नोचिता,:न,उचिता,
कामोऽपि,:कामः,अपि,
शास्त्रमेव,:शास्त्रम्,एव,
स्यादिति,:स्यात्,इति,
तीव्रेच्छा,:तीव्र,इच्छा,
मनसापि,:मनसा,अपि,
उभावपि,:उभौ,अपि,
कासारांश्च,:कासारान्,च,
अत्रैव,:अत्र,एव,
नाहं,:न,अहं,
इत्युक्त्वा,:इति,उक्त्वा,
यथोक्तकरणाय,:यथा,उक्तकरणाय,
तद्विषयं,:तत्,विषयं,
नारीमयोऽयं,:नारीमयः,अयं,
किञ्चित्स्थूलापि,:किञ्चित्,स्थूला,अपि,
दर्पश्च,:दर्पः,च,
किञ्चिदिव,:किञ्चित्,इव,
स्वयमपि,:स्वयम्,अपि,
रूपसम्पन्नश्च।,:रूपसम्पन्नः,च।,
मुनिरेवाहम्,:मुनिः,एव,अहम्,
तदादेशानुसारेण,:तत्,आदेशानुसारेण,
दास्यश्च,:दास्यः,च,
किञ्चिदुन्नमितमुखी,:किञ्चित्,उन्नमितमुखी,
अत्रैव,:अत्र,एव,
तवालिङ्गनेन,:तव,आलिङ्गनेन,
नाशक्नोत्।,:न,अशक्नोत्।,
नेदं,:न,इदं,
अत्रैव,:अत्र,एव,
समस्तभूमण्डलाधिपत्येनापि,:समस्तभूमण्डलाधिपत्येन,अपि,
नाहं,:न,अहं,
अत्राहं,:अत्र,अहं,
इदानीमेव,:इदानीम्,एव,
कदाचिदेव,:कदाचित्,एव,
तत्रापि,:तत्र,अपि,
कुबेराच्च,:कुबेरात्,च,
तदुद्देशश्च,:तदुद्देशः,च,
उत्तरायाश्च,:उत्तरायाः,च,
गार्गीव,:गार्गी,इव,
मैत्रेयीव,:मैत्रेयी,इव,
लोकानामस्त्वियं,:लोकानामः,तु,इयं,
