पुत्रोऽपि,:पुत्रः,अपि,
प्राणेभ्योऽपि,:प्राणेभ्यः,अपि,
यश्च,:यः,च,
कियतापि,:कियता,अपि,
"सिद्धोऽस्मि",:"सिद्धः,अस्मि",
भीषास्मादग्निश्चेन्द्रश्च।,:भीषास्मात्,अग्निः,च,इन्द्रः,च।,
मृत्युर्धावति,:मृत्युः,धावति,
वरुणमग्निमाहुः,:वरुणम्,अग्निम्,आहुः,
मातरिश्वानमाहुः॥',:मातरिश्वानम्,आहुः॥',
समग्रापि,:समग्रा,अपि,
शाश्वतश्च।,:शाश्वतः,च।,
प्रयतमानोऽपि,:प्रयतमानः,अपि,
पुनरेकम्,:पुनः,एकम्,
तत्रापि,:तत्र,अपि,
"सिद्धोऽस्मि।,:"सिद्धः,अस्मि।,
पाणिरेव,:पाणिः,एव,
एवाग्निर्बहुधा,:एव,अग्निः,बहुधा,
सर्वमिदं,:सर्वम्,इदं,
"द्वाविन्द्राग्नी,:"द्वौ,इन्द्राग्नी,
पर्वतश्च।,:पर्वतः,च।,
द्वावश्विनौ,:द्वौ,अश्विनौ,
द्वादशमासमाहुः,:द्वादशमासम्,आहुः,
द्वादशैवाक्षराणि।,:द्वादशः,एव,अक्षराणि।,
कथयन्तीह,:कथयन्ति,इह,
तिथिरुक्ता,:तिथिः,उक्ता,
नाभात्।,:न,अभात्।,
त्रयोदशादीन्यतिच्छन्दांसि,:त्रयोदशादीनि,अतिच्छन्दांसि,
