"अनादयो,वेदाः।,:"अनादयः,वेदाः।,
वेदेभ्यो,जगत्,:वेदेभ्यः,जगत्,
पाठो,भविष्यति।,:पाठः,भविष्यति।,
ततो,ब्रह्मा,:ततः,ब्रह्मा,
ततो,गुरुशिष्यपरम्परा,:ततः,गुरुशिष्यपरम्परा,
कोपो,न,:कोपः,न,
तद्,अपौरुषेयेण,:तत्,अपौरुषेयेण,
को,दोषः?,:कः,दोषः?,
एतावद्,एव,:एतावत्,एव,
अत,एव,:अतः,एव,
"ऋषयो,मन्त्रद्रष्टारः।,:"ऋषयः,मन्त्रद्रष्टारः।,
स,च,:सः,च,
पराजितोऽस्मि,:पराजितः,अस्मि,
कृतवतापि,:कृतवता,अपि,
'पराजितोऽस्मि',:'पराजितः,अस्मि',
"बन्दिपण्डितो,विजयते",:"बन्दिपण्डितः,विजयते",
पुनरलभत',:पुनः,अलभत',
वशंवदोऽसि।,:वशंवदः,असि।,
इत्याज्ञापितवान्।,:इति,आज्ञापितवान्।,
"ततो,वादनियमानुसारेण,:"ततः,वादनियमानुसारेण,
पुरोहितो,यज्ञदत्तः,:पुरोहितः,यज्ञदत्तः,
केषुचिदेव,:केषुचित्,एव,
"को,वा,:"कः,वा,
किमपराद्धम्,:किम्,अपराद्धम्,
महाराजश्च,:महाराजः,च,
विजयिनो,वशंवदः,:विजयिनः,वशंवदः,
एतावदधिकारं,:एतावत्,अधिकारं,
