चैकस्याभावात्,:च,एकस्य,अभावात्,
प्रकारकज्ञानादपरविशिष्टवैशिष्ट्यवोधापत्तेश्च,:प्रकारकज्ञानात्,अपरविशिष्टवैशिष्ट्यवोधापत्तेः,च,
विशिष्यैव,:विशिष्य,एव,
विशेषणान्तरमितिरीत्या,:विशेषण,अन्तरम्,इतिरीत्या,
दण्डस्तन्निरूपित,:दण्डः,तन्निरूपित,
संयोगादिरूपवैशिष्ट्यावगाहितया,:संयोगादिरूपवैशिष्ट्य,अवगाहितया,
रक्तत्वदण्डत्वोभयावच्छिन्न,:रक्तत्वदण्डत्व,उभय,अवच्छिन्न,
प्रकारताकत्वस्यैव,:प्रकारताकत्वस्य,एव,
विशेषणमित्यादिक्रमेण,:विशेषणम्,इति,आदिक्रमेण,
रक्तत्वाद्यनवच्छिन्नतया,:रक्तत्वादि,अनवच्छिन्नतया,
पर्याप्तिर्विशिष्ट,:पर्याप्तिः,विशिष्ट,
प्रकारताकत्वमेव,:प्रकारताकत्वम्,एव,
इत्यादि,:इति,आदि,
निर्णयजन्यतावच्छेदकमित्यभ्युपेयते,:निर्णयजन्यतावच्छेदकम्,इति,अभ्युपेयते,
विशेषणमितिरीत्या,:विशेषणम्,इतिरीत्या,
इत्याहुः,:इति,आहुः,
दण्डांशे,:दण्ड,अंशे,
रक्तदण्डवानिति,:रक्तदण्डवान्,इति,
विशिष्टवैशिष्ट्यबोधत्वात्तत्र,:विशिष्टवैशिष्ट्यबोधत्वात्,तत्र,
रक्तत्वविशिष्टदण्डाभावात्,:रक्तत्वविशिष्टदण्ड,अभावात्,
लोहितवह्निमानिति,:लोहितवह्निमान्,इति,
विशिष्टवैशिष्ट्यबोधत्वात्तत्र,:विशिष्टवैशिष्ट्यबोधत्वात्,तत्र,
लौहित्यविशिष्टवह्नेरप्रसिद्ध्यागतिरेव,:लौहित्यविशिष्टवह्नेः,अप्रसिद्ध्यागतिः,एव,
विशिष्टाप्रसिद्धावपि,:विशिष्टाप्रसिद्धौ,अपि,
प्रसिद्धयोर्वह्निर्लौहित्ययोरेव,:प्रसिद्धयोः,वह्निः,लौहित्ययोः,एव,
कार्यतावच्छेदकमपि,:कार्यतावच्छेदकम्,अपि,
लौहित्यवह्न्युभयपर्याप्त,:लौहित्यवह्नि,उभयपर्याप्त,
प्रकारताकत्वमेवेति,:प्रकारताकत्वम्,एव,इति,
नानुपपत्तिरिति,:न,अनुपपत्तिः,इति,
लौहित्यांशे,:लौहित्य,अंशे,
लौहित्याभाववान्पर्वत,:लौहित्याभाववान्,पर्वत,
इत्याकारकबाध,:इति,आकारकबाध,
लोहितवह्निमान्पर्वत,:लोहितवह्निमान्,पर्वत,
इत्येतादृशविशिष्ट,:इति,एतादृशविशिष्ट,
वैशिष्ट्यबुद्ध्यनुपपत्यापत्तेः,:वैशिष्ट्यबुद्धि,अनुपपत्ति,आपत्तेः,
लोहितवह्निमानित्येतादृश,:लोहितवह्निमान्,इति,एतादृश,
विशिष्टवैशिष्ट्यबुद्धेरपि,:विशिष्टवैशिष्ट्यबुद्धेः,अपि,
तादृशबाधबुद्धिर्विरोधित्वात्,:तादृशबाधबुद्धिः,विरोधित्वात्,
विशेषणतावच्छेदकविशेषणयोर्नैकप्रकारतापर्याप्ता,:विशेषणतावच्छेदकविशेषणयोः,न,एकप्रकारतापर्याप्ता,
विशेषणतावच्छेदकावच्छिन्नेवेति,:विशेषणतावच्छेदकावच्छिन्न,एव,इति,
विशेषणानन्तरमित्यत्र,:विशेषण,अनन्तरम्,इत्यत्र,
निरूपितैव,:निरूपित,एव,
विशेषणतावच्छेदकावच्छिन्नेति,:विशेषणतावच्छेदक,अवच्छिन्न,इति,
तयोर्भेदः,:तयोः,भेदः,
रक्तत्वदण्डत्वोभयधर्मावच्छिन्न,:रक्तत्वदण्डत्व,उभयधर्मावच्छिन्न,
निर्णयजन्यतावच्छेदकत्वेsपि,:निर्णयजन्यतावच्छेदकत्वे,अपि,
दण्डरक्तवानिति,:दण्डरक्तवान्,इति,
तत्रापि,:तत्र,अपि,
दण्डत्वरक्तत्वोभयावच्छिन्नत्वात्,:दण्डत्वरक्तत्व,उभय,अवच्छिन्नत्वात्,
प्रवेशान्नव्यभिचार,:प्रवेशात्,नव्यभिचार,
तादृशबोधनैव,:तादृशबोधन,एव,
विशेषणमिति,:विशेषणम्,इति,
दुर्वारत्वादिति,:दुर्वारत्वात्,इति,
चेन्न,:चेत्,न,
दण्डवानित्येतादृशज्ञानीय,:दण्डवान्,इति,एतादृशज्ञानीय,
तादृशोभय,:तादृश,उभय,
विशेष्यतास्वरूपत्वाभ्युपगमात्,:विशेष्यतास्वरूपत्व,अभ्युपगमात्,
इत्येतादृश,:इति,एतादृश,
निर्णयजन्यतावच्छेदकाभ्युपगमे,:निर्णयजन्यतावच्छेदक,अभ्युपगमे,
तादृशसमूहालम्बनबोधीयोभय,:तादृशसमूहालम्बनबोधीय,उभय,
रक्तदण्डवानिति,:रक्तदण्डवान्,इति,
चौतादृशज्ञानाद्रक्तत्वावच्छिन्न,:च,एतादृशज्ञानात्,रक्तत्वावच्छिन्न,
इत्याकारकस्मरणप्रसङ्गः,:इति,आकारकस्मरणप्रसङ्गः,
हेतुत्वादिति,:हेतुत्वात्,इति,
रक्तत्वावच्छिन्नविशेष्यतायास्तत्र,:रक्तत्वावच्छिन्नविशेष्यतायाः,तत्र,
रक्तत्वप्रकारतानिरूपितत्वेsपि,:रक्तत्वप्रकारतानिरूपितत्वे,अपि,
विशेष्यताशालिज्ञानस्यैव,:विशेष्यताशालिज्ञानस्य,एव,
इत्याकारक,:इति,आकारक,
ततस्तादृश,:ततः,तादृश,
स्मरणापत्यसंभवादेकसंबंधेन,:स्मरण,आपत्ति,असंभवात्,एकसंबंधेन,
रक्तदण्डवत्पुरूषवानयमित्याकारक,:रक्तदण्डवत्,पुरूषवान्,अयम्,इति,आकारक,
रक्तदण्डवान्पुरूष,:रक्तदण्डवान्,पुरूष,
इत्यादि,:इति,आदि,
दण्डांशे,:दण्ड,अंशे,
रक्तांशे,:रक्त,अंशे,
एवमन्यत्राप्यूह्माम्,:एवम्,अन्यत्र,अपि,ऊह्यम्,
दण्डवानित्याकारकविशेषणतावच्छेदकांशे,:दण्डवान्,इति,आकारकविशेषणतावच्छेदक,अशे,
निर्णयत्वमनिवेश्य,:निर्णयत्वम्,अनिवेश्य,
दण्डत्वप्रकारकज्ञानत्वेनैव,:दण्डत्वप्रकारकज्ञानत्वेन,एव,
संशयानन्तरं,:संशयानन्तरम्,एव,
अपरविशेषणस्य,:वैशिष्ट्यम्,इतिरीत्या,
प्रमेय,:इति,आदि,
च,:रक्तत्वविशिष्टदण्डत्वादि,अवच्छिन्न,
मेयत्वादिकमवगाह,:मेयत्वादिकम्,अवगाह,
मानस्यैकत्र,:मानस्य,एकत्र,
द्वयमितिरीत्या,:द्वयम्,इतिरीत्या,
रक्तत्वाद्यवच्छिन्नेति,:रक्तत्वादि,अवच्छिन्न,इति,
रक्तत्वाद्यनवच्छिन्नत्वे,:रक्तत्वादि,अनवच्छिन्नत्वे,
तयाविधज्ञानापत्तिरिति,:तथाविधज्ञान,आपत्तिः,इति,
रक्तत्वावच्छिन्नत्वमावश्यकमिति,:रक्तत्वावच्छिन्नत्वम्,आवश्यकम्,इति,
एवमपि,:एवम्,अपि,
निरूपितदण्डत्वाद्यवच्छिन्न,:निरूपितदण्डत्वादि,अवच्छिन्न,
एकस्यापि,:एकस्य,अपि,
रक्तत्वदण्डत्वोभयानवच्छिन्ने,:रक्तत्वदण्डत्व,उभयानवच्छिन्ने,
तत्रापि,:तत्र,अपि,
इत्येतादृशबोधे,:इति,एतादृशबोधे,
त्ववधेयम्,:तु,अवधेयम्,
इत्याकारकोभय,:इति,आकारक,उभय,
इत्येतादृशनिर्णयत्वादिनैकमेव,:इति,एतादृशनिर्णयत्वादिन,एकम्,एव,
कदाचित्तादृश,:कदाचित्,तादृश,
कदाचित्तादृशविशेष्यताशालिज्ञानमुत्पद्यत,:कदाचित्,तादृशविशेष्यताशालिज्ञानम्,उत्पद्यत,
विनिगमकगवेषणाचोभय,:विनिगमकगवेषणाच,उभय,
मतवादिनापीति,:मतवादिना,अपि,इति,
संदेहमीत्याकारक,:संदेहम्,अमी,इति,आकारक,
त्वसौ,:तु,असौ,
विशिष्टवैशिष्ट्यविषयताशालीतिनानुपपत्तिरिति,:विशिष्टवैशिष्ट्यविषयताशालि,इतिन,अनुपपत्तिः,इति,
शून्यानुव्यवसायाभ्युपगमे,:शून्य,अनुव्यवसाय,अभ्युपगमे,
द्रव्यमित्यादिव्यवसायानन्तरमपि,:द्रव्यम्,इति,आदिव्यवसाय,अनन्तरम्,अपि,
विशेषणमिति,:विशेषणम्,इति,
जानामीत्याकारकानुव्यवसायापत्तेरिति,:जानामि,इति,आकारक,अनुव्यवसाय,आपत्तेः,इति,
चेन्न,:चेत्,न,
ज्ञानांशे,:ज्ञान,अंशे,
ज्ञानंशे,:ज्ञान,अंशे,
संदेहमीत्याकारक,:संदेहम्,इति,आकारक,
ज्ञानांशे,:ज्ञान,अंशे,
रक्तत्वविशिष्टदण्डप्रकारकस्तदंशे,:रक्तत्वविशिष्टदण्डप्रकारकः,तदंशे,
रक्तत्वप्रकारकेप्यनुव्यवसायः,:रक्तत्वप्रकारकेपि,अनुव्यवसायः,
तथाप्यसौ,:तथापि,असौ,
विशेषणमितिरीत्यैव,:विशेषणम्,इतिरीति,एव,
पूर्वोक्तातिप्रसङ्गः,:पूर्व,उक्त,अतिप्रसङ्गः,
निरूपितदण्डत्वावच्छिन्नविशेष्यताकज्ञानत्वेन,:निरूपितदण्डत्व,अवच्छिन्नविशेष्यताकज्ञानत्वेन,
तथाविधानुव्यसायासंभवात्,:तथाविध,आनुव्यसाया,असंभवात्,
इत्याद्याकारक,:इति,आदि,आकारक,
स्मरामीत्यनुव्यवसायापत्तिवारणायेति,:स्मरामि,इति,अनुव्यवसाय,आपत्तिवारणायेति,
इत्येतादृश,:इति,एतादृश,
ज्ञानोत्तरत्वेपि,:ज्ञान,उत्तरत्वेपि,
करोमीत्याकारक,:करोमि,इति,आकारक,
वृत्तिसाक्षात्कारोत्पत्त्या,:वृत्तिसाक्षात्कार,उत्पत्त्या,
ज्ञानत्वमनिवेश्य,:ज्ञानत्वम्,अनिवेश्य,
रक्तत्वप्रकारकत्वेनैव,:रक्तत्वप्रकारकत्वेन,एव,
हेतुत्वान्न,:हेतुत्वात्,न,
इत्याकारकानु,:इति,आकारक,अनु,
रक्तत्वनिर्विकल्पकदशायामपि,:रक्तत्वनिर्विकल्पकदशायाम्,अपि,
तदभावान्नापत्तिरिति,:तदभावात्,न,आपत्तिः,इति,
विनापि,:विना,अपि,
सामान्यापादने,:सामान्य,आपादने,
किंचित्करत्वादिति,:किंचित्करत्वात्,इति,
चेन्न,:चेत्,न,
इत्याकारक,:इति,आकारक,
स्मरणाभ्युपगमे,:स्मरण,अभ्युपगमे,
विजातीयगुणत्वेनैव,:विजातीयगुणत्वेन,एव,
कल्पनापेक्षया,:कल्पन,अपेक्षया,
एवोचितत्वात्,:एव,उचितत्वात्,
विषयस्मृतिकल्पनमावश्यकम्,:विषयस्मृतिकल्पनम्,आवश्यकम्,
अन्यथोपनायकज्ञानविरहेण,:अन्यथा,उपनायकज्ञानविरहेण,
कृतिसाक्षात्कारानुदयप्रसंग,:कृतिसाक्षात्कार,अनुदयप्रसंग,
ज्ञानलक्षणप्रत्यासत्तेरपि,:ज्ञानलक्षणप्रत्यासत्तेः,अपि,
विजातीयगुणत्वेनैव,:विजातीयगुणत्वेन,एव,
हेतुत्वोपगमात्,:हेतुत्व,उपगमात्,
मानसजनकत्वापत्तिरिति,:मानसजनकत्वापत्तिः,इति,
विशिष्टवैशिष्ट्यावगाहिस्मरणे,:विशिष्टवैशिष्ट्य,अवगाहिस्मरणे,
चेन्न,:चेत्,न,
विशिष्टवैशिष्ट्यानुभवत्वमेव,:विशिष्टवैशिष्ट्य,अनुभवत्वम्,एव,
जन्यतावच्छेदकमास्थीयते,:जन्यतावच्छेदकम्,आस्थीयते,
जन्यतानवच्छेदकत्वाज्जन्यप्रत्यक्ष,:जन्यतानवच्छेदकत्वात्,जन्यप्रत्यक्ष,
अनुमित्यादौ,:अनुमिति,आदौ,
परामर्शादिरेव,:परामर्शादिः,एव,
शाब्दबोधेsवान्तर,:शाब्दबोधे,अवान्तर,
इतरत्वव्यापकीभूताभाव,:इतरत्वव्यापकीभूत,अभाव,
पृथिवीत्याकारक,:पृथिवी,इति,आकारक,
ज्ञानदशायामिव,:ज्ञानदशायाम्,इव,
तच्छून्य,:तत्,शून्य,
दशायामपि,:दशायाम्,अपि,
पृथिवीतरभेदवतीत्याकारक,:पृथिवीतरभेदवति,इति,आकारक,
अनुमितेरापत्तिः,:अनुमितेः,आपत्तिः,
तादृशानुमितावन्वयव्याप्तिज्ञानस्यैव,:तादृश,अनुमितौ,अन्वयव्याप्तिज्ञानस्य,एव,
हेतुत्वान्नपत्तिरित्युक्तौ,:हेतुत्वात्,न,आपत्तिः,इति,उक्तौ,
स्वातंत्र्येणेतरभेदत्वप्रकारकज्ञानस्य,:स्वातंत्र्येण,इतरभेदत्वप्रकारकज्ञानस्य,
तादृशानुमित्यनुदयापत्तिः,:तादृश,अनुमित्यनुदय,आपत्तिः,
पृथिव्यामितरभेद,:पृथिव्याम्,इतरभेद,
इत्याकारिकानुमितिरेवोत्पद्यते,:इति,आकारिक,अनुमितिः,एव,उत्पद्यते,
साध्यविशेष्यकानुमितौ,:साध्यविशेष्यक,अनुमितौ,
साध्यप्रसिद्धेर्विरोधितया,:साध्यप्रसिद्धेः,विरोधितया,
तादृशानुमित्युत्पादासंभवात्,:तादृशानुमिति,उत्पाद,असंभवात्,
विशेषणमितिरीत्या,:विशेषणम्,इतिरीत्या,
त्याकारिकानुमितिस्तत्र,:त्याकारिकानुमितिः,तत्र,
एवेति,:एव,इति,
तादृशपरामर्शात्पृथिव्यामितरभेदः,:तादृशपरामर्शात्,पृथिव्याम्,इतरभेदः,
पृथिवीतरभेदवतीत्याकारक,:पृथिवीतरभेदवति,इति,आकारक,
अनुमितेरापत्तिः,:अनुमितेः,आपत्तिः,
विशेषणज्ञानहेतुत्वान्नापत्तिरिति,:विशेषणज्ञानहेतुत्वात्,न,आपत्तिः,इति,
एवमपि,:एवम्,अपि,
साध्यविशेष्यकानुमितिप्रतिबंधकीभूत,:साध्यविशेष्यक,अनुमितिप्रतिबंधकीभूत,
तथाविधविषयताशाल्यनुमित्यापत्तिरिति,:तथाविधविषयताशालि,अनुमिति,आपत्तिः,इति,
साध्यातावच्छेदकप्रकारकसिद्धेरेव,:साध्यातावच्छेदकप्रकारकसिद्धेः,एव,
साध्यविशेष्यकानु,:साध्यविशेष्यक,अनु,
भेदान्तरावगाहिपृथिव्यामितरभेद,:भेदान्तर,अवगाहिपृथिव्याम्,इतरभेद,
इत्याकारकसिद्धिकाले,:इति,आकारकसिद्धिकाले,
तादृशानुमितिवारणाय,:तादृश,अनुमितिवारणाय,
भावान्तरापत्तिरिति,:भावान्तर,आपत्तिः,इति,
तस्मादितरभेदत्वप्रकारक,:तस्मात्,इतरभेदत्वप्रकारक,
ज्ञानजन्यानुमितौ,:ज्ञानजन्य,अनुमितौ,
ज्ञानजन्यतावच्छेदकस्यावश्यकम्,:ज्ञानजन्यतावच्छेदकस्य,आवश्यकम्,
नेतरभेदत्व,:न,इतरभेदत्व,
विशेषणमितिरीत्या,:विशेषणम्,इतिरीत्या,
द्विविधविषयताशाल्यनुमित्यापत्तिः,:द्विविधविषयताशालि,अनुमिति,आपत्तिः,
विशिष्टवैशिष्ट्यामवगाहिन्या,:विशिष्टवैशिष्ट्याम्,अवगाहिन्या,
विशेषणमितिरीत्या,:विशेषणम्,इतिरीत्या,
अनुमितेरप्रसिद्धेः,:अनुमितेः,अप्रसिद्धेः,
हेतुत्वादिति,:हेतुत्वात्,इति,
एवमप्यनुमितौ,:एवम्,अपि,अनुमितौ,
स्वातंत्र्येणैव,:स्वातंत्र्येण,एव,
अनुमितिसाधारणानुभवत्वस्य,:अनुमितिसाधारण,अनुभवत्वस्य,
जन्यत्वनिवेशनस्यावश्यकतया,:जन्यत्वनिवेशनस्य,आवश्यकतया,
कार्यकारणभावद्वयस्यावश्यकत्वादवच्छेदक,:कार्यकारणभावद्वयस्य,आवश्यकत्वात्,अवच्छेदक,
गौरवाच्चेत्याहुः,:गौरवात्,च,इति,आहुः,
अनुभवत्वादिकमनिवेश्य,:अनुभवत्वादिकम्,अनिवेश्य,
विशिष्टवैशिष्ट्यविषयतावत्वमेव,:विशिष्टवैशिष्ट्यविषयतावत्वम्,एव,
तदवच्छेदकमास्थीयते,:तदवच्छेदकम्,आस्थीयते,
विशेषणमित्येतादृशविषयतामात्रमभ्युपेयते,:विशेषणम्,इति,एतादृशविषयतामात्रम्,अभ्युपेयते,
नित्यसाधारण्यमिति,:नित्यसाधारण्यम्,इति,
निर्णयत्वमनिवेश्य,:निर्णयत्वम्,अनिवेश्य,
विशेषणतावच्छेदकप्रकारज्ञानत्वेनैव,:विशेषणतावच्छेदकप्रकारज्ञानत्वेन,एव,
अप्रामाण्यनिर्णयाभावस्यैवोत्तेजकतया,:अप्रामाण्यनिर्णय,अभावस्य,एव,उत्तेजकतया,
चाप्रामाण्य,:च,अप्रामाण्य,
ज्ञानसामान्यभावस्यैव,:ज्ञानसामान्यभावस्य,एव,
हेतुत्वकल्पनस्योचितत्वात्,:हेतुत्वकल्पनस्य,उचितत्वात्,
गुरूशरीरस्याप्रामाण्य,:गुरूशरीरस्य,अप्रामाण्य,
तत्राप्रामाण्य,:तत्र,अप्रामाण्य,
गुरूशरीरावच्छिन्नाभाव,:गुरूशरीर,अवच्छिन्न,अभाव,
एवमपि,:एवम्,अपि,
धूमवन्महानसमित्याद्यनेकविधज्ञाने,:धूमवन्,महानसम्,इति,आदि,अनेकविधज्ञाने,
व्याप्त्याद्यंशे,:व्याप्ति,आदि,अंशे,
व्याप्तिविशिष्टवैशिष्ट्यावगाहिज्ञानत्वादिना,:व्याप्तिविशिष्टवैशिष्ट्य,अवगाहिज्ञानत्वादिना,
विशेषणतावच्छेदकांशे,:विशेषणतावच्छेदक,अंशे,
वैशिष्ट्याबोधाप्रसिद्ध्या,:वैशिष्ट्य,अबोधाप्रसिद्ध्या,
व्याप्त्याद्यंशे,:व्याप्ति,आदि,अंशे,
चाहार्य,:च,आहार्य,
निर्णयोत्तरोत्पन्नस्य,:निर्णयोत्तर,उत्पन्नस्य,
विशेषणतावच्छेदकांशे,:विशेषणतावच्छेदक,अंशे,
तादृशज्ञानोत्तरमनुमितिवारणाय,:तादृशज्ञानोत्तरम्,अनुमितिवारणाय,
विशिष्टवैशिष्ट्यबोधहेतुत्वादिनापि,:विशिष्टवैशिष्ट्यबोधहेतुत्वादिना,अपि,
व्याप्त्यंशे,:व्याप्ति,अंशे,
निवेशनीयमिति,:निवेशनीयम्,इति,
लाघवमिति,:लाघवम्,इति,
प्रकारकनिर्णयत्वेनैव,:प्रकारकनिर्णयत्वेन,एव,
विशिष्टवैशिष्ट्यबोधहेतुत्वाभ्युपगमात्,:विशिष्टवैशिष्ट्यबोधहेतुत्व,अभ्युपगमात्,
अन्यथानुमितिजनकतावच्छेदक,:अन्यथा,अनुमितिजनकतावच्छेदक,
कोटावनाहार्यनिवेशे,:कोटौ,अनाहार्यनिवेशे,
हेतुत्वाभावात्,:हेतुत्व,अभावात्,
तत्रातिव्याप्तिशंकाया,:तत्र,अतिव्याप्तिशंकाया,
असंगत्यापत्तेः,:असंगति,आपत्तेः,
निवेशापेक्षया,:निवेश,अपेक्षया,
व्याप्त्यंशे,:व्याप्ति,अंशे,
निर्णयत्वनिवेशमेवोचितमिति,:निर्णयत्वनिवेशम्,एव,उचितम्,इति,
वह्निव्याप्यधूमवान्पर्वतः,:वह्निव्याप्यधूमवान्,पर्वतः,
इत्याकारकस्य,:इति,आकारकस्य,
व्यप्त्यभावभाने,:व्याप्ति,अभावभाने,
बाधकाभावात्धूमत्वसामानाधिकरण्येन,:बाधकाभावात्,धूमत्वसामानाधिकरण्येन,
व्याप्त्यभावकोटिसंशयस्यापि,:व्याप्ति,अभावकोटिसंशयस्य,अपि,
शालित्वात्तदुत्तरमनुमिति,:शालित्वात्,तदुत्तरम्,अनुमिति,
व्याप्त्यंशे,:व्याप्ति,अंशे,
निर्णयत्वनिवेशनमावश्यकमिति,:निर्णयत्वनिवेशनम्,आवश्यकम्,इति,
करण्येनोभयकोट्यवगाहिज्ञाने,:करण्येन,उभयकोटि,अवगाहिज्ञाने,
संशयत्वाभावात्तादृशज्ञानानुमितिस्वीकारे,:संशयत्व,अभावात्,तादृशज्ञान,अनुमितिस्वीकारे,
क्षत्यभावात्,:क्षति,अभावात्,
व्याप्तिप्रकारकनिर्णयोत्तरोत्पन्नात्धूमत्वावच्छेदेन,:व्याप्तिप्रकारकनिर्णयोत्तर,उत्पन्नात्,धूमत्वावच्छेदेन,
व्याप्त्यभावावगाहिनः,:व्याप्ति,अभाव,अवगाहिनः,
वारयितुमशक्यः,:वारयितुम्,अशक्यः,
विशिष्टवैशिष्टयावगाहिस्वीकारादिति,:विशिष्टवैशिष्ट्य,अवगाहिस्वीकारात्,इति,
वैशिष्ट्यबोधावच्छेदकाबच्छेदेन,:वैशिष्ट्यबोध,अवच्छेदक,अवच्छेदेन,
व्याप्त्यभावज्ञानासंभवात्,:व्याप्ति,अभावज्ञानासंभवात्,
चैवमपि,:च,एवम्,अपि,
इत्येतादृशज्ञानस्यैव,:इति,एतादृशज्ञानस्य,एव,
हेतुत्वमायातम्,:हेतुत्वम्,आयातम्,
रक्तदण्डवानिति,:रक्तदण्डवान्,इति,
इत्याकारक,:इति,आकारक,
रक्तत्वविशिष्टदण्डादिहेतुकानुमितौ,:रक्तत्वविशिष्टदण्डादिहेतुक,अनुमितौ,
हेतुतावच्छेदकीभूतरक्तत्वांशे,:हेतुतावच्छेदकीभूतरक्तत्व,अंशे,
लाघवाद्विशिष्टवैशिष्ट्यविषयताया,:लाघवात्,विशिष्टवैशिष्ट्यविषयताया,
पररामर्शादनुमित्यापत्तेरसंभवात्,:पररामर्शात्,अनुमिति,आपत्तेः,असंभवात्,
वैशिष्ट्यावगाहिप्रत्यक्ष,:वैशिष्ट्य,अवगाहिप्रत्यक्ष,
इत्याकारकानुमिति,:इति,आकारक,अनुमिति,
तादृशानुमित्यादौ,:तादृश,अनुमिति,आदौ,
इत्याकारकनिर्णयस्य,:इति,आकारकनिर्णयस्य,
सत्त्वात्तादृश,:सत्त्वात्,तादृश,
तथाविधानु,:तथाविध,अनु,
घटानु,:घट,अनु,
विषयमनिवेश्य,:विषयम्,अनिवेश्य,
प्रत्येव,:प्रति,एव,
तत्रातिरिक्त,:तत्र,अतिरिक्त,
तथाकल्पनान्न,:तथाकल्पनात्,न,
प्रतिबंधकताकल्पनाधिक्यमिति,:प्रतिबंधकताकल्पना,आधिक्यम्,इति,
उत्तेजकत्वानुरोधेन,:उत्तेजकत्व,अनुरोधेन,
आवश्यकत्वादिति,:आवश्यकत्वात्,इति,
निवेशेsपि,:निवेशे,अपि,
व्याप्त्यभावप्रत्यक्षेच्छा,:व्याप्ति,अभावप्रत्यक्ष,इच्छा,
बलाद्व्याप्त्यवगाहिनः,:बलात्,व्याप्ति,अवगाहिनः,
संशयात्मकव्याप्यवत्ताज्ञानादनुमित्यापत्तिः,:संशयात्मकव्याप्यवत्ताज्ञानात्,अनुमिति,आपत्तिः,
बाधकाभावादिति,:बाधकाभावात्,इति,
लाघवमिति,:लाघवम्,इति,
एतावताप्युक्तलाघवापरिहारादिति,:एतावता,अपि,उक्तलाघवापरिहारात्,इति,
अत्राहुः,:अत्र,आहुः,
हेतुत्वमनर्थकम्,:हेतुत्वम्,अनर्थकम्,
दण्डवानिति,:दण्डवान्,इति,
ज्ञानाभावत्वेन,:ज्ञान,अभावत्वेन,
लाघवाद्दण्डत्व,:लाघवात्,दडत्व,
हेतुत्वकल्पनमुचितमिति,:हेतुत्वकल्पनम्,उचितम्,इति,
षट्कार्यकारणभावापत्तेः,:षट्कार्यकारणभाव,आपत्तेः,
अवच्छेदकगौरवाच्च,:अवच्छेदकगौरवात्,च,
ज्ञानत्वयोर्विशेष्यविशेषणभावे,:ज्ञानत्वयोः,विशेष्यविशेषणभावे,
ज्ञानत्वयोर्विशेषणविशेष्यभावे,:ज्ञानत्वयोः,विशेषणविशेष्यभावे,
द्वयमिति,:द्वयम्,इति,
अवच्छेदकलाघवाच्च,:अवच्छेदकलाघवात्,च,
रक्तदण्डवद्भूतलवान्,:रक्तदण्डवत्,भूतलवान्,
रक्तदण्डवत्पुरूषवानित्यादिविशिष्टवैशिष्ट्यबोधे,:रक्तदण्डवत्,पुरूषवान्,इति,आदिविशिष्टवैशिष्ट्यबोधे,
रक्तदण्डवद्भूतलमित्यादि,:रक्तदण्डवत्,भूतलम्,इति,आदि,
रक्तत्वाभावप्रकारताशून्यत्व,:रक्तत्व,अभावप्रकारताशून्यत्व,
रक्तत्वांशे,:रक्तत्व,अंशे,
तादृशविशिष्टवैशिष्ट्यबोधेsपि,:तादृशविशिष्टवैशिष्ट्यबोधे,अपि,
कल्प्यमिति,:कल्प्यम्,इति,
रक्तत्वाभावप्रकारकज्ञानस्य,:रक्तत्व,अभावप्रकारकज्ञानस्य,
रक्तदण्डवानित्याकारकज्ञानस्थले,:रक्तदण्डवान्,इति,आकारकज्ञानस्थले,
तत्प्रतिबध्यतावच्छेदकीभूत,:तत्,प्रतिबध्यतावच्छेदकीभूत,
विषयतायाश्च,:विषयतायाः,च,
सामान्यसामग्र्यभावादेव,:सामान्यसामग्र्यभावात्,एव,
रक्तदण्डवद्भूतलवान्देश,:रक्तदण्डवत्,भूतलवान्,देश,
इत्यादि,:इति,आदि,
वारणाद्रक्तत्वाभाव,:वारणात्,रक्तत्व,अभाव,
प्रतिबंधकत्वान्तरा,:प्रतिबंधकत्व,अन्तरा,
रक्तदण्डवद्भूतलवानित्यादिबोधे,:रक्तदण्डवत्,भूतलवान्,इति,आदिबोधे,
रक्तदण्डाभाव,:रक्तदण्ड,अभाव,
मन्मतेsपि,:मन्मते,अपि,
रक्तदण्डवद्भूतलवानिति,:रक्तदण्डवत्,भूतलवान्,इति,
रक्तदण्डवद्भूतलमित्यादिनिर्णय,:रक्तदण्डवत्,भूतलम्,इति,आदिनिर्णय,
विरहादेव,:विरहात्,एव,
रक्तदण्डवद्भूतलमित्यादिनिर्णय,:रक्तदण्डवत्,भूतलम्,इति,आदिनिर्णय,
जन्यतावच्छेदकावच्छिन्नापत्तिरिति,:जन्यतावच्छेदकावच्छिन्नापत्तिः,इति,
रक्तदण्डवद्भूतलमिति,:रक्तदण्डवत्,भूतलम्,इति,
रक्तत्वांशे,:रक्तत्व,अंशे,
दण्डवद्भूतलमिति,:दण्डवत्,भूतलम्,इति,
नर्णयोत्पत्तौ,:निर्णय,उत्पत्तौ,
रक्तदण्डवद्भूतलवानिति,:रक्तदण्डवत्,भूतलवान्,इति,
रक्तविशिष्टदण्डवैशिष्ट्यावगाहिज्ञानहेतुभूतस्य,:रक्तविशिष्टदण्डवैशिष्ट्य,अवगाहिज्ञानहेतुभूतस्य,
दण्डांशे,:दण्ड,अंशे,
रक्तदण्डवद्भूतलमिति,:रक्तदण्डवत्,भूतलम्,इति,
तादृशरक्तत्वाभावज्ञानस्य,:तादृशरक्तत्व,अभावज्ञानस्य,
एकस्मिन्नेवात्मनि,:एकस्मिन्,एव,आत्मनि,
एकशरीरावच्छेदेन,:एकशरीर,अवच्छेदेन,
इत्यादि,:इति,आदि,
शरीरान्तरावच्छेदेन,:शरीर,अन्तर,अवच्छेदेन,
रक्तदण्डवानिति,:रक्तदण्डवान्,इति,
नाप्यवच्छेदकतया,:न,अपि,अच्छेदकतया,
तच्छीरावच्छेदेन,:तत्,शरीर,अवच्छेदेन,
तदवच्छेदेनैव,:तदवच्छेदेन,एव,
व्यभिचारादतोsनायत्याsवच्छेदकतासंबंधेन,:व्यभिचारात्,अतः,अनायत्य,अवच्छेदकतासंबंधेन,
तदात्मसमवेततादृशरक्तत्वाभावप्रकारकज्ञानत्वादिना,:तदात्मसमवेततादृशरक्तत्व,अभावप्रकारकज्ञानत्वादिना,
कल्प्यमिति,:कल्प्यम्,इति,
पुरूषभेदेनानंप्रतिबध्य,:पुरूषभेदेन,अनंतप्रतिबध्य,
प्रतिबंधकभावकल्पनापत्तिः,:प्रतिबंधकभावकल्पन,आपत्तिः,
अनन्तप्रतिबंधकत्वकल्पनापेक्षया,:अनन्तप्रतिबंधकत्वकल्पन,आपेक्षया,
लाघवात्समवायेन,:लाघवात्,समवायेन,
संशयान्यत्वनिवेशः,:संशय,अन्यत्वनिवेशः,
रक्तदण्डवद्भूतलवानित्यादि,:रक्तदण्डवत्,भूतलवान्,इति,आदि,
रक्तत्वाभावाप्रकारकत्वादिरूपनिर्णयत्व,:रक्तत्व,अभावाप्रकारकत्वादिरूपनिर्णयत्व,
विनिगमनाविरहेणानन्त,:विनिगमनाविरहेण,अनन्त,
कार्यकारणभावापत्तेः,:कार्यकारणभाव,आपत्तेः,
भवन्मतेsपि,:भवन्मते,अपि,
रक्तदण्डवद्भूतलवानिति,:रक्तदण्डवत्,भूतलवान्,इति,
कारणातावच्छेदककोटिप्रवेशाद्रक्तत्वांशे,:कारणातावच्छेदककोटिप्रवेशात्,रक्तत्व,अंशे,
अभावेनैवोत्पत्यसंभवादिति,:अभावेन,एव,उत्पत्ति,असंभवात्,इति,
विशकलितोपस्थितिमूलकाद्रक्त,:विशकलितोपस्थितिमूलकात्,रक्त,
दण्डवद्भूतलमित्येतादिज्ञानादपि,:दण्डवत्,भूतलम्,इति,एतादिज्ञानात्,अपि,
रक्तदण्डद्भूतलवानित्यादि,:रक्तदण्डवत्,भूतलवान्,इत्यादि,
रक्तदण्डवद्भूतलमित्येतादृश,:रक्तदण्डवत्,भूतलम्,इति,एतादृश,
कल्पयितुमशक्यत्वात्,:कल्पयितुम्,अशक्यत्वात्,
तादृशसंशयाद्रक्तदण्डवद्भूतलवान्देश,:तादृशसंशयात्,रक्तदण्डवत्,भूतलवान्,देश,
इत्याकारक,:इति,आकारक,
रक्तत्वांशे,:रक्तत्व,अंशे,
निर्णयत्वनिवेशस्यावश्यकत्वम्,:निर्णयत्वनिवेशस्य,आवश्यकत्वम्,
विशेषणतावच्छेदकाभाव,:विशेषणतावच्छेदक,अभाव,
प्रतीच्छाघटितविशिष्ट,:प्रति,इच्छाघटितविशिष्ट,
प्रतिबंधकतायामिच्छा,:प्रतिबंधकतायाम्,इच्छा,
विशिष्टेतरकारणविशिष्टदण्डत्वधर्मितावच्छेदकरक्तत्वाभावप्रकारकज्ञानत्वादिना,:विशिष्ट,इतरकारणविशिष्टदण्डत्वधर्मितावच्छेदकरक्तत्वाभावप्रकारकज्ञानत्वादिना,
रक्तत्वप्रकारकज्ञानेच्छायामितरकारणे,:रक्तत्वप्रकारकज्ञान,इच्छायाम्,इतरकारणे,
पुनरिच्छाविशिष्ट,:पुनः,इच्छाविशिष्ट,
रक्तत्वाभावाप्रकारकदण्डत्व,:रक्तत्व,अभावाप्रकारकदण्डत्व,
रक्तत्वाभावाप्रकारकत्वस्य,:रक्तत्व,अभावाप्रकारकत्वस्य,
रक्तत्वप्रकारकज्ञानेतराविशेषणत्वेनापत्यसंभवेन,:रक्तत्वप्रकारकज्ञान,इतराविशेषणत्वेन,अपत्यसंभवेन,
विनिगमकमस्तीति,:विनिगमकम्,अस्ति,इति,
मन्मतेsपि,:मन्मते,अपि,
निर्णयत्वावच्छिन्नस्यैव,:निर्णयत्व,अवच्छिन्नस्य,एव,
निवेशोsभ्युपेयते,:निवेशः,अभ्युपेयते,
रक्तत्वाभावप्रकारकज्ञानाभावस्येति,:रक्तत्व,अभावप्रकारकज्ञान,अभावस्य,इति,
विशिष्टवैशिष्ट्यबोधोत्यादेर्भवन्मते,:विशिष्टवैशिष्ट्यबोध,इत्यादेः,भवन्मते,
विशिष्टवैशिष्ट्यबोधानुदयादनुमित्यादेरेवोत्पत्त्या,:विशिष्टवैशिष्ट्यबोध,अनुदयादनुम्,इत्यादेः,एव,उत्पत्त्या,
व्यभिचारादिति,:व्यभिचारात्,इति,
चेन्न,:चेत्,न,
प्रकारकनिर्णयत्वेनैव,:प्रकारकनिर्णयत्वेन,एव,
हेतुत्वकल्पनमेवोचितमिति,:हेतुत्वकल्पनम्,एव,उचितम्,इति,
चेन्न,:चेत्,न,
प्रकारकनिर्णयत्वेनैव,:प्रकारकनिर्णयत्वेन,एव,
हेतुत्वकल्पनमेवोचितमिति,:हेतुत्वकल्पनम्,एव,उचितम्,इति,
चेन्न,:चेत्,न,
व्याप्त्यांद्यंशे,:व्याप्ति,आदि,अंशे,
निर्णयत्वनिवेशेनानुमितिसामग्र्यादेः,:निर्णयत्वनिवेशेन,अनुमितिसामग्र्यादेः,
व्याप्त्यभाव,:व्याप्ति,अभाव,
विशिष्टवैशिष्ट्यविषयत्वाभावेनैवोपपत्तौ,:विशिष्टवैशिष्ट्यविषयत्व,अभावेन,एव,उपपत्तौ,
निर्णयत्वानिवेशात्,:निर्णयत्व,अनिवेशात्,
पूर्वोक्तदिशासंशयेsपि,:पूर्व,उक्तदिशासंशये,अपि,
बाधकाभावेन,:बाधक,अभावेन,
तादृशविषयतानिवेशेsपि,:तादृशविषयतानिवेशे,अपि,
विनाsनुपपत्तेः,:विना,अनुपपत्तेः,
भवन्मतेsपि,:भवन्मते,अपि,
प्रकारकनिर्णयकालीनेच्छा,:प्रकारकनिर्णयकालीन,इच्छा,
विशिष्टवैशिष्ट्यावगाहित्वे,:विशिष्टवैशिष्ट्य,अवगाहित्वे,
बाधकाभाव,:बाधक,अभाव,
विशेषणातावच्छेकाभावप्रकारकज्ञानाभावस्य,:विशेषणातावच्छेक,अभावप्रकारकज्ञान,अभावस्य,
विशिष्टवैशिष्ट्यबोधहेतुत्वाभ्युपगमात्संशयोत्पत्तिकाले,:विशिष्टवैशिष्ट्यबोधहेतुत्व,अभ्युपगमात्,संशयोत्पत्तिकाले,
तदभावासत्त्वादेव,:तदभावासत्त्वात्,एव,
विशिष्टवैशिष्ट्यावगाहित्वानुपपत्तेः,:विशिष्टवैशिष्ट्य,अवगाहित्व,अनुपपत्तेः,
विशेषणतावच्छेदकसंशयस्याप्रतिबंधकत्वे,:विशेषणतावच्छेदकसंशयस्य,अप्रतिबंधकत्वे,
इत्याकारकशाब्दबोधसाग्रीकाले,:इति,आकारकशाब्दबोधसाग्रीकाले,
रक्तदण्डवानिति,:रक्तदण्डवान्,इति,
विशिष्टवैशिष्ट्यावगाहि,:विशिष्टवैशिष्ट्य,अवगाहि,
रक्तत्वाभावप्रकारकयोग्यताज्ञानस्य,:रक्तत्व,अभावप्रकारकयोग्यताज्ञानस्य,
सत्त्वात्तत्प्रतिबंधकत्वे,:सत्त्वात्,तत्,प्रतिबंधकत्वे,
नैवोपपत्तेस्तथाविधसामग्र्याः,:न,एव,उपपत्तेः,तथाविधसामग्र्याः,
प्रतिबंधकत्वाकल्पनात्,:प्रतिबंधकत्व,अकल्पनात्,
मन्मतेsपि,:मन्मते,अपि,
विशेषणतावच्छेदकप्रकारकनिर्णयाभावादेव,:विशेषणतावच्छेदकप्रकारकनिर्णय,अभावात्,एव,
तादृशशाब्दबोधप्रतिबंधकबाधबुद्धेरेव,:तादृशशाब्दबोधप्रतिबंधकबाधबुद्धेः,एव,
सत्त्वाच्छाब्दबोधसामग्र्येव,:सत्त्वात्,शाब्दबोधसामग्र्येव,
रक्तत्वाभावशावब्दबोधाप्रतिबंधकत्वात्,:रक्तत्व,अभावशावब्दबोधाप्रतिबंधकत्वात्,
दण्डत्वसामानधिकरण्येनैव,:दण्डत्वसामानधिकरण्येन,एव,
रक्तत्वाभावशाब्दबोधस्यैवोत्पत्तेः,:रक्तत्व,अभावशाब्दबोधस्य,एव,उत्पत्तेः,
प्रतिबंधकत्वमावश्यकमिति,:प्रतिबंधकत्वम्,आवश्यकम्,इति,
भवन्मतेsपि,:भवन्मते,अपि,
बाधकाभावात्,:बाधक,अभावात्,
रक्तत्वाभावज्ञानस्यैव,:रक्तत्व,अभावज्ञानस्य,एव,
रक्तत्वाभावशाव्दबोधसामग्र्या,:रक्तत्व,अभावशाव्दबोधसामग्र्या,
रक्तत्वाभावगाहिविशिष्टवैशिष्ट्यबोध,:रक्तत्व,अभावगाहिविशिष्टवैशिष्ट्यबोध,
भवतोप्यावश्यकत्वान्,:भवतः,अपि,आवश्यकत्वात्,
बाधाच्छाब्दबोध,:बाधात्,शाब्दबोध,
नोत्पद्यत,:न,उत्पद्यत,
चेन्न,:चेत्,न,
भिन्नेन्द्रियादिजन्ये,:भिन्न,इन्द्रियादिजन्ये,
कथंचिद्दण्डत्वावच्छेदेन,:कथम्,चित्,दण्डत्वावच्छेदेन,
रक्तत्वाभावज्ञाने,:रक्तत्व,अभावज्ञाने,
शाब्दबोधस्यैवोदयात्तत्र,:शाब्दबोधस्य,एव,उदयात्,तत्र,
रक्तदण्डवानिति,:रक्तदण्डवान्,इति,
रक्तत्वाभाव,:रक्तत्व,अभाव,
शाब्दसामग्र्यास्तादृशविशिष्ट,:शाब्दसामग्र्याः,तादृशविशिष्ट,
प्रतिबंधादेव,:प्रतिबंधात्,एव,
स्यादिति,:स्यात्,इति,
चापत्तिवारणाय,:च,आपत्तिवारणाय,
इत्याकारकप्रत्यक्षवारणाय,:इति,आकारकप्रत्यक्षवारणाय,
विशेषणमितिरीत्या,:विशेषणम्,इतिरीत्या,
रक्तदण्डवानित्याकारकप्रत्यक्षवारणाय,:रक्तदण्डवान्,इत्ति,आकारकप्रत्यक्षवारणाय,
प्रत्यक्षत्वस्यैव,:प्रत्यक्षत्वस्य,एव,
प्रतिबध्यतावच्छेदकत्वाभ्युपगमाद्विशिष्ट,:प्रतिबध्यतावच्छेदकत्व,अभ्युपगमात्,विशिष्ट,
जायतामित्याकारकेच्छा,:जायताम्,इति,आकारक,इच्छा,
उत्तेजकत्वानुरोधेन,:उत्तेजकत्व,अनुरोधेन,
मुख्यविशेष्यकज्ञानत्वस्यैव,:मुख्यविशेष्यकज्ञानत्वस्य,एव,
इत्याकारक,:इति,आकारक,
ज्ञानापत्तिवारकप्रतिबंधकता,:ज्ञान,आपत्तिवारकप्रतिबंधकता,
वारणासंभवात्,:वारण,असंभवात्,
जायतामित्याकारकेच्छाधीनैस्तादृश,:जायताम्,इति,आकारकक,इच्छा,अधीनैः,तादृश,
रक्तदण्डवानिति,:रक्तदण्डवान्,इति,
पूर्वोक्तेच्छाविरहविशिष्ट,:पूर्व,उक्त,इच्छाविरह,
एतादृशेच्छाया,:एतादृश,इच्छाया,
तत्रोत्तेजकत्वे,:तत्र,उत्तेजकत्वे,
विशेषणमितिरीत्या,:विशेषणम्,इतिरीत्या,
विशेषणमितिरीत्या,:विशेषणम्,इतिरीत्या,
जायतामित्येतादृशेच्छायास्तत्रोत्तेजकताया,:जायताम्,इति,एतादृश,इच्छायाः,तत्र,उत्तेजकताया,
विशिष्टवैशिष्ट्यावगाहित्वप्रकारकेच्छाधीनविशिष्टवैशिष्ट्यबोधोदयेन,:विशिष्टवैशिष्ट्य,अवगाहित्वप्रकारक,इच्छा,अधीनविशिष्टवैशिष्ट्यबोधोदयेन,
विषविषयताशून्यतादृशावच्छेद्यावच्छेदकभावापन्न,:विषविषयताशून्यतादृश,अवच्छेद्यावच्छेदकभावापन्न,
तादृशेच्छा,:तादृश,इच्छा,
विशिष्टवैशिष्ट्यावगाहित्वप्रकारकेच्छाया,:विशिष्टवैशिष्ट्य,अवगाहित्वप्रकारक,इच्छाया,
तत्रोत्तेजकत्वे,:तत्र,उत्तेजकत्वे,
तादृशेच्छा,:तादृश,इच्छा,
बलाद्रक्तदण्डवानिति,:बलात्,रक्तदण्डवान्,इति,
प्रकारकेच्छामुत्तेजकीकृत्य,:प्रकारकेच्छाम्,उत्तेजकीकृत्य,
भावकल्पनमावश्यकमेव,:कल्पनम्,आवश्यकम्,एव,
तादृशविशिष्टवैशिष्ट्यबोधेच्छाघटित,:तादृशविशिष्टवैशिष्ट्यबोध,इच्छाघटित,
सामग्र्याद्यसत्त्वे,:सामग्र्यादि,असत्त्वे,
तादृशसामग्र्योर्मेलनासंभवात्,:तादृशसामग्र्योः,मेलन,असंभवात्,
हेतुतामतेsपि,:हेतुतामते,अपि,
रक्तत्वावगाहिरक्तदण्डवानिति,:रक्तत्व,अवगाहिरक्तदण्डवान्,इति,
शाब्दसामग्र्याश्च,:शाब्दसामग्र्याः,च,
मिलनासंभवात्तादृश,:मिलन,असंभवात्,तादृश,
प्रतिबध्यप्रतिबंधकभावकल्पनान्न,:प्रतिबध्यप्रतिबंधकभावकल्पनात्,न,
गौरवावकाश,:गौरव,अवकाश,
मास्त्वेव,:मास्तु,एव,
रक्तत्वाभाववद्दण्डवानित्याकारक,:रक्तत्वाभाववत्,दण्डवान्,इति,आकारक,
विशिष्टवैशिष्ट्यावगाहिमानसादिगोचरेच्छा,:विशिष्टवैशिष्ट्य,अवगाहिमानसादिगोचर,इच्छा,
रक्तदण्डवत्पुरूष,:रक्तदण्डवत्,पुरूष,
इत्याकारकचाक्षुषादि,:इति,आकारकचाक्षुषादि,
तदृशविशिष्टवैशिष्ट्यावगाहि,:तदृशविशिष्टवैशिष्ट्य,अवगाहि,
चाक्षुषत्वप्रकारकेच्छाविरह,:चाक्षुषत्वप्रकारक,इच्छाविरह,
मानसत्त्वप्रकारकेच्छाविशिष्ट,:मानसत्त्वप्रकारक,इच्छाविशिष्ट,
दुर्वारमेव,:दुर्वारम्,एव,
रक्तत्वाभाववद्दण्डवान्पुरूष,:रक्तत्व,अभाववत्,दण्डवान्,पुरूष,
इत्याकारक,:इति,आकारक,
रक्तत्वाभाववान्दण्ड,:रक्तत्वाभाववान्,दण्ड,
इत्याकारकविशेषणतावच्छेदक,:इति,आकारकविशेषणतावच्छेदक,
तदापत्त्यसंभवात्तस्यातस्तत्र,:तदापत्त्यसंभवात्,तस्य,अतः,तत्र,
बोधस्तदाबाधेनैव,:बोधः,तदाबाधेन,एव,
आनुमानिकादिरक्तत्वाभावप्रकारकज्ञानकाले,:आनुमानिकादिरक्तत्व,अभावप्रकारकज्ञानकाले,
तदापत्तिरिति,:तदापत्तिः,इति,
प्रागेवोक्तत्वात्,:प्राक्,एव,उक्तत्वात्,
इत्याकारक,:इति,आकारक,
रक्तदण्डवानित्याकारक,:रक्तदण्डवान्,इति,आकारक,
रक्तवाभाववद्दण्डवानित्याकारकमानससामग्र्यैव,:रक्तवाभाववत्,दण्डवान्,इति,आकारकमानससामग्र्य,एव,
प्रतिबंधकत्वादिति,:प्रतिबंधकत्वात्,इति,
आहार्यप्रत्यक्षोदयादिच्छाविरहविशिष्टबाधबुद्धेरेव,:आहार्यप्रत्यक्षोदयात्,इच्छाविरहविशिष्टबाधबुद्धेः,एव,
बाधबुद्धेरकिंचित्करत्वात्,:बाधबुद्धेः,अकिंचित्करत्वात्,
रक्तदण्डवानिति,:रक्तदण्डवान्,इति,
रक्तत्वाभावहेतुकदण्डपक्षकानुमितिसामग्र्याः,:रक्तत्व,अभावहेतुकदण्डपक्षक,अनुमितिसामग्र्याः,
गूरूत्ववद्द्रव्यवान्देश,:गूरूत्ववत्,द्रव्यवान्,देश,
इत्याद्यतीन्द्रियविशेषणता,:इत्यादि,अतीन्द्रियविशेषणता,
वच्छेदकविशिष्टवैशिष्ट्यावगाहिबोधस्थले,:वच्छेदकविशिष्टवैशिष्ट्य,अवगाहिबोधस्थले,
गुरूत्वाभाववद्द्रव्यवानिति,:गुरूत्व,अभाववत्,द्रव्यवान्,इति,
विशिष्टवैशिष्ट्यबोधात्मकमानसेच्छाविशिष्टमानसमाग्रीकाले,:विशिष्टवैशिष्ट्यबोधात्मकमानस,इच्छाविशिष्टमानसमाग्रीकाले,
प्रतिबंधादेव,:प्रतिबंधात्,एव,
हेतुतावादिनाप्यकल्पनात्,:हेतुतावादिना,अपि,अकल्पनात्,
उक्तगौरवानवकाशात्तत्र,:उक्तगौरवानवकाशात्,तत्र,
हेतुत्वमेवोचितम्,:हेतुत्वम्,एव,उचितम्,
विशेषणतावच्छेदकाभावप्रकारकज्ञानाभावघटित,:विशेषणतावच्छेदक,अभावप्रकारकज्ञान,अभावघटित,
पूर्वोक्तगौरवादिति,:पूर्व,उक्तगौरवात्,इति,
विशेषणतावच्छेदकाभाव,:विशेषणतावच्छेदक,अभाव,
प्रकारकज्ञानाभावनिवेशेन,:प्रकारकज्ञान,अभावनिवेशेन,
लाघवेsपि,:लाघवे,अपि,
जातस्तत्र,:जातः,तत्र,
तद्द्वितीयक्षणे,:तत्,द्वितीयक्षणे,
अननुगतानुमित्यादिसत्त्वे,:अननुगत,अनुमिति,आदिसत्त्वे,
तत्रानुमित्युत्पत्तये,:तत्र,अनुमिति,उत्पत्तये,
प्रत्यक्षेच्छा,:प्रत्यक्ष,इच्छा,
स्वीकरणीयमिति,:स्वीकरणीयम्,इति,
विशेषणतावच्छेदकाभाव,:विशेषणतावच्छेदक,अभाव,
प्रकारकज्ञानाभाव,:प्रकारकज्ञान,अभाव,
बोधसामग्र्यभावादवोपपत्तेः,:बोधसामग्र्यभावात्,एव,उपपत्तेः,
तादृशेच्छानामुत्तेजकत्वानभ्युपगमात्,:तादृश,इच्छानाम्,उत्तेजकत्वानभ्युपगमात्,
तत्रानुमित्योत्पत्तिक्षणे,:तत्र,अनुमिति,उत्पत्तिक्षणे,
तादृशात्तादृश,:तादृशात्,तादृश,
संशयाभाव,:संशय,अभाव,
तादृशेच्छानामुत्तेजकत्वमुभयवादिसिद्धमिति,:तादृशेच्छानाम्,उत्तेजकत्वम्,उभयवादिसिद्धम्,इति,
अपेक्षाबुद्ध्यात्मकसंशयस्थले,:अपेक्षाबुद्धि,आत्मकसंशयस्थले,
तादृशानुमित्योत्पत्तिक्षणे,:तादृश,अनुमिति,उत्पत्तिक्षणे,
तत्सत्त्वात्तादृशानुमित्यादीनामुत्तेजकत्वा,:तत्,सत्त्वात्,तादृश,अनुमिति,आदीनाम्,उत्तेजकत्वा,
लाघवस्यापरिहारात्,:लाघवस्य,अपरिहारात्,
ज्ञानेच्छा,:ज्ञान,इच्छा,
योगपद्याभ्युपगमे,:योगपद्य,अभ्युपगमे,
तादृशसंशयोत्पत्तिद्वितीयक्षणे,:तादृशसंशय,उत्पत्तिद्वितीयक्षणे,
अनुमित्यादिगोचरेच्छा,:अनुमिति,आदिगोचर,इच्छा,
निर्णययोरूत्पत्तौ,:निर्णययोः,उत्पत्तौ,
अनुमित्याद्युत्पत्तिस्तदनुरोधेन,:अनुमिति,आदि,उत्पत्तिः,तदनुरोधेन,
तादृशेच्छाया,:तादृश,इच्छाया,
एवोत्तेजकत्वात्,:एव,उत्तेजकत्वात्,
लाघवस्याति,:लाघवस्य,अति,
स्फुटत्वादिति,:स्फुटत्वात्,इति,
चाक्षुषत्वादिगोचरेच्छायाः,:चाक्षुषत्वादिगोचर,इच्छायाः,
मानसादिगोचरेच्छा,:मानस,आदिगोचर,इच्छा,
घटमानसोदयादनुमिति,:घटमानस,उदयादनुमिति,
तत्तन्मानसेच्छानामुत्तेजकत्वे,:तत्तत्,मानस,इच्छानाम्,उत्तेजकत्वे,
विशिष्टवैशिष्ट्यावगाहिचाक्षुषादेरेवोत्पत्त्या,:विशिष्टवैशिष्ट्य,अवगाहिचाक्षुषादेः,एव,उत्पत्त्या,
तादृशमानसानुदयेन,:तादृशमानस,अनुदयेन,
तथाविधेच्छाया,:तथाविध,इच्छाया,
तदानीमनुमितिवारणाय,:तदानीम्,अनुमितिवारणाय,
तादृशमानसानुदयेन,:तादृशमानस,अनुदयेन,
तथाविधेच्छाया,:तथाविध,इच्छाया,
तादृशमानसेच्छा,:तादृशमानस,इच्छा,
विशिष्टवैशिष्यावगाहिचाक्षुषसामग्र्याः,:विशिष्टवैशिष्य,अवगाहिचाक्षुषसामग्र्याः,
प्रतिबंधकत्वादेवानुमिति,:प्रतिबंधकत्वात्,एव,अनुमिति,
वारणादिति,:वारणात्,इति,
चेन्न,:चेत्,न,
एतादृशलाघवविरहेsपि,:एतादृशलाघवविरहे,अपि,
पूर्वोक्त,:पूर्व,उक्त,
प्रतिबंधकत्वस्योचितत्वात्,:प्रतिबंधकत्वस्य,उचितत्वात्,
विशेषणतावच्छेदकाभाव,:विशेषणतावच्छेदक,अभाव,
प्रकारकज्ञानाभाव,:प्रकारकज्ञान,अभाव,
गौरवमिति,:गौरवम्,इति,
विशिषणतावच्छेदकाभावप्रकारकज्ञानाभावनिवेशे,:विशिषणतावच्छेदक,अभावप्रकारकज्ञान,अभावनिवेशे,
संशयकालीनानुमितौ,:संशयकालीन,अनुमितौ,
अनुमित्युत्पत्त्या,:अनुमिति,उत्पत्त्या,
लाघवात्तादृशसामग्र्यभावस्य,:लाघवात्,तादृशसामग्र्यभावस्य,
स्वोत्तरज्ञानत्वस्यैव,:स्वोत्तरज्ञानत्वस्य,एव,
कार्यतावच्छेदकत्वाभ्युपगमात्,:कार्यतावच्छेदकत्व,अभ्युपगमात्,
तादृशसंशयकालीनज्ञानेsव्यभिचारात्,:तादृशसंशयकालीनज्ञाने,अव्यभिचारात्,
विशेषणतावच्छेदकाभावप्रकारकज्ञानाभावेतरकारणसमुदायोत्तरोत्पन्नस्य,:विशेषणतावच्छेदक,अभावप्रकारकज्ञान,अभावेतरकारणसमुदायोत्तर,उत्पन्नस्य,
विशिष्टवैशिष्ट्यबोधसामग्र्युत्तरमपि,:विशिष्टवैशिष्ट्यबोधसामग्र्युत्तरम्,अपि,
तदापत्तिरिति,:तदापत्तिः,इति,
अमुमित्साविशिष्टानुमित्यादावनुमित्सादीनामिव,:अमुमित्साविशिष्ट,अनुमिति,आदौ,अनुमित्सादीनाम्,इव,
तादृशविशेषणतावच्छेदकाभाव,:तादृशविशेषणतावच्छेदक,अभाव,
स्वतंत्रहेतुताकल्पनेनापत्यभावात्,:स्वतंत्रहेतुताकल्पनेन,अपत्यभावात्,
तादृशस्वतंत्रहेतुताकल्पनस्याधिक्याद्गौरवमित्याशङ्कनीयम्,:तादृशस्वतंत्रहेतुताकल्पनस्य,अधिक्यात्,गौरवम्,इति,आशङ्कनीयम्,
गौरवस्यातिस्फुटत्वात्,:गौरवस्य,अतिस्फुटत्वात्,
नर्णयत्वनिवेशाद्विनिगमनाविरहेण,:निर्णयत्वनिवेशाच्,विनिगमनाविरहेण,
बाहुल्यादिति,:बाहुल्यात्,इति,
निर्युक्तिकमेव,:निर्युक्तिकम्,एव,
वह्निव्याप्यधूमवत्पर्वतवानिति,:वह्निव्याप्यधूमवत्,पर्वतवान्,इति,
विशेषणतावच्छेदकविषयतामनिवेश्यज्ञानत्वेनैव,:विशेषणतावच्छेदकविषयताम्,अनिवेश्यज्ञानत्वेन,एव,
घटादिज्ञानादपि,:घटादिज्ञानात्,अपि,
धूमलिंगकानुमित्यादौ,:धूमलिंगक,अनुमिति,आदौ,
क्लृप्तत्वात्तत्र,:क्लृप्तत्वात्,तत्र,
चान्यलिंगकानुमितावपि,:च,अन्यलिंगक,अनुमितौ,अपि,
वह्निविधेयकत्वपर्वतोद्देश्यकत्वादेश्च,:वह्निविधेयकत्वपर्वत,उद्देश्यकत्वादेः,च,
प्रयोजनाभावात्,:प्रयोजन,अभावात्,
तज्जन्यतावच्छेदकमास्थीयते,:तज्जन्यतावच्छेदकम्,आस्थीयते,
विशेषणसामग्रीत्वाद्रक्त,:विशेषणसामग्रीत्वात्,रक्त,
दण्डवान्पुरूष,:दण्डवान्,पुरूष,
इत्यस्यापि,:इत्यस्य,अपि,
रक्तत्वाभाववान्,:रक्तत्व,अभाववान्,
रक्तत्वाभावाभावानिति,:रक्तत्व,अभावाभावान्,इति,
विशिष्ट्यबोधस्यापि,:विशिष्ट्यबोधस्य,अपि,
तज्जन्यतावच्छेदकाक्रान्ततया,:तज्जन्यतावच्छेद,आक्रान्ततया,
हेतुताकल्पनविरहादिति,:हेतुताकल्पनविरहात्,इति,
विशेषणमिति,:विशेषणम्,इति,
विशेषणज्ञानासंसर्गग्रह,:विशेषणज्ञान,असंसर्गग्रह,
विशेषणमित्येतादृश,:विशेषणम्,इति,एतादृश,
संभवादिति,:संभवात्,इति,
रक्तदण्डवानिति,:रक्तदण्डवान्,इति,
विशेषणमितिरीत्यापि,:विशेषणम्,इतिरीत्या,अपि,
रक्तदण्डवानित्येतादृशज्ञानानुदयादित्येवोक्तम्,:रक्तदण्डवान्,इति,एतादृशज्ञान,अनुदयात्,इति,एव,उक्तम्,
प्रतिबंधकत्वमुपेयम्,:प्रतिबंधकत्वम्,उपेयम्,
विशेषणमित्येता,:विशेषणम्,इति,एता,
रक्तदण्डवानिति,:रक्तदण्डवान्,इति,
तादृशविषयतयोर्व्याप्य,:तादृशविषयतयोः,व्याप्य,
निर्णयस्योत्तेजकतया,:निर्णयस्य,उत्तेजकतया,
विशेषणमित्येतादृशविषयताशालित्वे,:विशेषणम्,इति,एतादृशविषयताशालित्वे,
बाधकाभाव,:बाधक,अभाव,
निर्णयस्योत्तेजकत्वे,:निर्णयस्य,उत्तेजकत्वे,
विशेषणमिति,:विशेषणम्,इति,
रक्तदण्डाभाववान्पुरूष,:रक्तदण्ड,अभाववान्,पुरूष,
विशिष्टवैशिष्ट्यबोधापत्तिवारणाय,:विशिष्टवैशिष्ट्यबोध,आपत्तिवारणाय,
एवोपपत्तेः,:एव,उपपत्तेः,
अकल्पनादिति,:अकल्पनात्,इति,
अवच्छेदकत्वेनैवोपपत्तौ,:अवच्छेदकत्वेन,एव,उपपत्तौ,
तदव्यापकत्वेsपि,:तदव्यापकत्वे,अपि,
विशेषणमितिरीत्या,:विशेषणम्,इतिरीत्या,
रक्तदण्डवानिति,:रक्तदण्डवान्,इति,
ज्ञानाभ्युपगमे,:ज्ञान,अभ्युपगमे,
क्षतिविरहात्संशयस्य,:क्षतिविरहात्,संशयस्य,
प्रतिबंधकत्वमेव,:प्रतिबंधकत्वम्,एव,
नास्तीति,:नास्ति,इति,
विशिष्टवैशिष्ट्यज्ञानपरमेवेति,:विशिष्टवैशिष्ट्यज्ञानपरम्,एव,इति,
संशयास्याविरोधित्वे,:संशयास्य,अविरोधित्वे,
रक्तत्वाभाव,:रक्तत्व,अभाव,
विशिष्टदण्डपक्षकानुमिति,:विशिष्टदण्डपक्षक,अनुमिति,
विशेषणमितिरीत्या,:विशेषणम्,इतिरीत्या,
तथाविधसंशयस्योभय,:तथाविधसंशयस्य,उभय,
रक्तत्वाभाव,:रक्तत्व,अभाव,
रक्तत्वाभावप्रकारकज्ञानस्यावश्यकतया,:रक्तत्व,अभावप्रकारकज्ञानस्य,आवश्यकतया,
तत्प्रति,:तत्,प्रति,
बंधकतयैवोपपत्तौ,:बंधकतयैव,उपपत्तौ,
अकल्पनेsपि,:अकल्पने,अपि,
रक्तत्वाभाव,:रक्तत्व,अभाव,
रक्तत्वाभाव,:रक्तत्व,अभाव,
रक्तदण्डवानित्याकारक,:रक्तदण्डवान्,इति,आकारक,
लौकिकप्रत्यक्षानुदयापत्तिरिति,:लौकिकप्रत्यक्ष,अनुदय,आपत्तिः,इति,
विशेषणमितिरीत्या,:विशेषणम्,इतिरीत्या,
फलापलापस्यादोषत्वात्,:फल,अपलापस्य,अदोषत्वात्,
ज्ञानत्वमेव,:ज्ञानत्वम्,एव,
प्रतिबध्यतावच्छेदकमस्तु,:प्रतिबध्यतावच्छेदकम्,अस्तु,
भवतीति,:भवति,इति,
तादृशविषयतयोर्व्याप्यव्यापकभावोsक्षत,:तादृशविषयतयोः,व्याप्यव्यापकभावः,अक्षत,
एवेति,:एव,इति,
रक्तदण्डवानित्येतादृशज्ञानस्य,:रक्तदण्डवान्,इति,एतादृशज्ञानस्य,
अनुमितिलक्षणातिव्याप्तिशंकाया,:अनुमितिलक्षणा,अतिव्याप्तिशंकाया,
विशेषणमित्येतादृश,:विशेषणम्,इति,एतादृश,
नाप्रामाण्यज्ञानास्कंदितसंशयस्यैव,:न,अप्रामाण्यज्ञानास्कंदितसंशयस्य,एव,
विशिष्टवैशिष्ट्यबोधापत्ति,:विशिष्टवैशिष्ट्यबोध,आपत्ति,
प्रतिबंधकताभ्युपगमे,:प्रतिबंधकता,अभ्युपगमे,
अप्रमाण्यज्ञानमुत्तेजकीकृत्य,:अप्रमाण्यज्ञानम्,उत्तेजकीकृत्य,
कल्पयितुमुचितत्वान्निर्णयत्वेन,:कल्पयितुम्,उचितत्वात्,निर्णयत्वेन,
हेतुत्वस्याकिंचित्करत्वादिति,:हेतुत्वस्य,अकिंचित्करत्वात्,इति,
चेन्न,:चेत्,न,
फलापलापस्यानर्हत्वात्,:फल,अपलापस्य,अनर्हत्वात्,
एवेत्याहुः,:एव,इति,आहुः,
रक्तत्वप्रकारकज्ञानत्वेनैव,:रक्तत्वप्रकारकज्ञानत्वेन,एव,
विशेषणमित्येतादृशविषयताशून्य,:विशेषणम्,इति,एतादृशविषयताशून्य,
रक्तत्वाभाववद्दण्डवानिति,:रक्तत्व,अभाववत्,दण्डवान्,इति,
कल्पयितुमुचितत्वात्,:कल्पयितुम्,उचितत्वात्,
रक्तत्वाभाववद्दण्डवानिति,:रक्तत्व,अभाववत्,दण्डवान्,इति,
उभयविषयताशालीस्यादिति,:उभयविषयताशालीस्यात्,इति,
विरूद्धेति,:विरूद्ध,इति,
रक्तत्वाभावाभावत्वा,:रक्तत्व,अभाव,अभावत्वा,
विशेषणमितिरीत्या,:विशेषणम्,इतिरीत्या,
रक्तत्वाभावाभावत्वा,:रक्तत्व,अभाव,अभावत्वा,
ज्ञानत्वेनापि,:ज्ञानत्वेन,अपि,
प्रतिबंधकत्वान्तरस्य,:प्रतिबंधकत्व,अन्तरस्य,
गौरवादुभय,:गौरवात्,उभय,
साधारणरक्तत्वाभाव,:साधारणरक्तत्व,अभाव,
कल्पयितुमुचितत्वात्,:कल्पयितुम्,उचितत्वात्,
रक्तत्वाभाववान्दण्ड,:रक्तत्व,अभाववान्,दण्ड,
विशिष्टवैशिष्ट्यबोधस्तादृशोभयसत्त्वे,:विशिष्टवैशिष्ट्यबोधः,तादृश,उभयसत्त्वे,
विशेषणमितिरीत्या,:विशेषणम्,इतिरीत्या,
रक्तदण्डवानिति,:रक्तदण्डवान्,इति,
रक्तत्वाभावांशे,:रक्तत्व,अभाव,अंशे,
तादृशाप्रामाण्यग्रहस्य,:तादृश,अप्रामाण्यग्रहस्य,
तत्रोत्तेजकत्वे,:तत्र,उत्तेजकत्वे,
तादृशाप्रामाण्यग्रहकालीन,:तादृश,अप्रामाण्यग्रहकालीन,
विशेषणमित्येतादृश,:विशेषणम्,इति,एतादृश,
बाधकाभावात्,:बाधक,अभावात्,
रक्तत्वाभावातिरिक्तत्वप्रकारक,:रक्तत्व,अभाव,अतिरिक्तत्वप्रकारक,
निर्णयोत्तरोत्पन्न,:निर्णय,उत्तर,उत्पन्न,
रक्तदण्डवानिति,:रक्तदण्डवान्,इति,
ज्ञानस्यापि,:ज्ञानस्य,अपि,
विषयताशालित्वाभावेन,:विषयताशालित्व,अभावेन,
विशेषणमित्येतादृश,:विशेषणम्,इति,एतादृश,
विषयतास्वीकारस्यावश्यकतया,:विषयतास्वीकारस्य,आवश्यकतया,
रक्तत्वांशेsप्रामाण्यज्ञानस्य,:रक्तत्व,अंशे,अप्रामाण्यज्ञानस्य,
प्रतिबंधकतायामुत्तेजकत्वस्यावश्यकत्वात्,:प्रतिबंधकतायाम्,उत्तेजकत्वस्य,आवश्यकत्वात्,
वेत्येतादृशसंशये,:वेति,एतादृशसंशये,
रक्तत्वांशेsप्रामाण्यग्रहसत्त्वे,:रक्तत्व,अंशे,अप्रामाण्यग्रहसत्त्वे,
विशेषणमितिरीत्या,:विशेषणम्,इतिरीत्या,
संभवतीति,:संभवति,इति,
तदाsप्रामाण्य,:तदा,अप्रामाण्य,
ग्रहाभावविशिष्टरक्तत्व,:ग्रह,अभावविशिष्टरक्तत्व,
ज्ञानाभावसत्त्वात्तदापत्तिः,:ज्ञान,अभावसत्त्वात्,तदापत्तिः,
द्विविधाप्रामाण्य,:द्विविध,अप्रामाण्य,
ग्रहस्योत्तेजकतया,:ग्रहस्य,उत्तेजकतया,
रक्तत्वाभाव,:रक्तत्व,अभाव,
रक्तत्वाभावांशे,:रक्तत्व,अभाव,अंशे,
अप्रामाण्यज्ञानस्यैव,:अप्रामाण्यज्ञानस्य,एव,
लाघवमिति,:लाघवम्,इति,
चेन्न,:चेत्,न,
रक्तत्वाभावांशे,:रक्तत्व,अभाव,अंशे,
रक्तत्वाभावप्रकारकज्ञानत्वेन,:रक्तत्व,अभावप्रकारकज्ञानत्वेन,
रक्तत्वांशे,:रक्तत्व,अंशे,
रक्तत्वाभाव,:रक्तत्व,अभाव,
विशिष्टदण्डपक्षकानुमिति,:विशिष्टदण्डपक्षक,अनुमिति,
रक्तत्वविशिष्टदण्डपक्षकानु,:रक्तत्वविशिष्टदण्डपक्षक,अनु,
लाघवादिति,:लाघवात्,इति,
नोपपद्यत,:न,उपपद्यत,
रक्तदण्डवान्नवेति,:रक्तदण्डवान्,नवेति,
सर्ववादिसिद्धस्यानुपपत्तिरिति,:सर्ववादिसिद्धस्य,अनुपपत्तिः,इति,
चेन्न,:चेत्,न,
एवमपि,:एवम्,अपि,
रक्तत्वप्रकारकनिर्णयत्वेनैव,:रक्तत्वप्रकारकनिर्णयत्वेन,एव,
विरोधित्वमस्तु,:विरोधित्वम्,अस्तु,
लाघवात्तावतापि,:लाघवात्,तावतापि,
तादृशविषययोर्विरोधः,:तादृशविषययोः,विरोधः,
स्यादेवेति,:स्यात्,एव,इति,
संशयनिर्विकल्पकोत्तरोत्पन्नविशेषणतावच्छेदकप्रकारकनिर्णयोत्तरोत्पन्नज्ञानस्य,:संशयनिर्विकल्पक,उत्तरोत्पन्नविशेषणता,
विलक्षणविषयतासत्त्वे,:वच्छेदकप्रकारकनिर्णयोत्तर,उत्पन्नज्ञानस्य,
।,:अत्र,आहुः,
निर्णयत्वं,:द्व्याप्ति,अंशे,
संशयात्मकविशिष्टवैशिष्ट्यबोधस्यापि,:पूर्व,उक्तरीत्या,
प्रसिद्ध्या,:संशयात्मकविशिष्टवैशिष्ट्यबोधस्य,अपि,
यादृशविषये,:एवम्,अपि,
अनुमितेरितरकारणसमवधानं,:व्याप्तिनिर्णय,उत्तरम्,इच्छाधीनव्याप्ति,अभाव,अवगाहिसंशयकाले,
निर्णयत्वानिवेशेन,:न,आसीत्,तत्र,
लाघवसंभवा,:निर्णयत्व,अनिवेशेन,
त्संशयविरोधित्वाभ्युपगमेनैव,:संशयविरोधित्वाभ्युपगमेन,एव,
नानुपपत्तिगंधोsपीति,:न,अनुपपत्तिगंधः,अपि,इति,
श्रीरस्तु,:श्रीः,अस्तु,
तद्विशिष्ट,:तत्,विशिष्ट,
वैशिष्ट्यावगाहि,:वैशिष्ट्य,अवगाहि,
चातिव्याप्तिरित्यनेन,:च,अतिव्याप्तिः,इति,अनेन,
वह्निव्याप्यधूमवान्पर्वत,:वह्निव्याप्यधूमवान्,पर्वत,
इत्याकारक,:इति,आकारक,
हेतुतामादाय,:हेतुताम्,आदाय,
वह्निव्याप्यधूमवत्पर्वतवान्,:वह्निव्याप्यधूमवत्,पर्वतवान्,
इत्यादि,:इति,आदि,
अतिव्याप्तिमुद्भावयते,:अतिव्याप्तिम्,उद्भावयते,
दीधितिकृत्तेस्तथाविध,:दीधितिकृत्तेः,तथाविध,
हेतुतामादाय,:हेतुताम्,आदाय,
द्रव्यवानित्याकारके,:द्रव्यवान्,इति,आकारकके,
वैशिष्ट्यमिति,:वैशिष्ट्यम्,इति,
अतिव्याप्तेरनुद्भावने,:अतिव्याप्तेः,अनुद्भावने,
नैव,:न,एव,
वैशिष्ट्यमिति,:वैशिष्ट्यम्,इति,
हेतुतामादायातिव्याप्त्यभिधानेन,:हेतुताम्,आदाय,अतिव्याप्ति,अभिधानेन,
विशेष्यतावच्छेदकवद्भृत्तित्व,:विशेष्यतावच्छेदकवत्,वृत्तित्व,
वैशिष्ट्यमति,:वैशिष्ट्यम्,इति,
विशेष्यतानिरूपितान्य,:विशेष्यतानिरूपित,अन्य,
एकत्रद्वयमिति,:एकत्रद्वयम्,इति,
गामभ्याजेति,:गाम्,अभ्याज,इति,
घटमानयेत्यादि,:घटम्,आनय,इत्यादि,
वदिति,:वत्,इति,
वैशेषिकनुमाने,:वैशेषिक,अनुमाने,
विशेषणत्वमङ्गीकर्तुरूपाध्ययस्य,:विशेषणत्वम्,अङ्गीकर्तृः,उपाध्ययस्य,
संसर्गभेदेsपि,:संसर्गभेदे,अपि,
द्रष्टव्यमित्यादिपक्षधरमिश्रोक्तमर्थान्तरदूषणमपि,:द्रष्टव्यम्,इति,आदिपक्षधरमिश्र,उक्तम्,अर्थान्तरदूषणम्,अपि,
पूर्वोक्तरीत्या,:पूर्व,उक्तरीत्या,
तथाविषयतयोर्वैलक्षण्यस्यानङ्गीकारे,:तथाविषयतयोः,वैलक्षण्यस्य,अनङ्गीकारे,
एकसंबंधस्यैवभानेन,:एकसंबंधस्य,एवभानेन,
विशिष्टवैशिष्ट्यमिति,:विशिष्टवैशिष्ट्यम्,इति,
तथाविधविषयतयोरनुगमासंभवेन,:तथाविधविषयतयोः,अनुगम,असंभवेन,
वच्छेदकप्रकारकनिर्णयोरेक,:वच्छेदकप्रकारकनिर्णयोः,एक,
कारणत्वासंभवेनोप,:कारणत्व,असंभवेन,उप,
दुःसमाध्येयेति,:दुःसमाध्येय,इति,
भावानवबोधपूर्वकानुयोगेन,:भावानवबोधपूर्वक,अनुयोगेन,
विशेषणतावच्छेदकावच्छिन्नप्रकारतैव,:विशेषणतावच्छेदक,अवच्छिन्नप्रकारच,एव,
वैशिष्टयमिति,:वैशिष्टयम्,इति,
विशेषणतावच्छेदकावच्छिन्ननिरूपितत्व,:विशेषणतावच्छेदक,अवच्छिन्ननिरूपितत्वविशिष्ट,
विशिष्टसंबंधनिष्ठसांसर्गिकविषयतात्वमेव,:संबंधनिष्ठसांसर्गिकविषयतात्वम्,एव,
तत्त्वमिति,:तत्त्वम्,इति,
तादृशविषयतयोस्तत्तद्धर्मावच्छिन्न,:तादृशविषयतयोः,तत्तद्धर्मावच्छिन्न,
विषयतात्वेनानुगमेन,:विषयतात्वेन,अनुगमेन,
कार्यतावच्छेदकैक्यसंभवाद्विशेषणतावच्छेदक,:कार्यतावच्छेदक,ऐक्यसंभवात्,विशेषणतावच्छेदक,
कुत्राप्यनुपपत्तेरभावात्,:कुत्र,अपि,अनुपपत्तेः,अभावात्,
संभवदुक्तिकमिति,:संभवदुक्तिकम्,इति,
शंकास्पदमिति,:शंकास्पदम्,इति,
तत्तद्धर्मनिष्ठावच्छेदकता,:तत्तत्,धर्मनिष्ठ,अवच्छेदकता,
निरूपिताधिकरणतानिष्ठावच्छेदकता,:निरूपित,अधिकरणतानिष्ठ,अवच्छेदकता,
निरुपितत्वनिष्ठाबच्छेदकतानिरुपित,:निरुपितत्वनिष्ठ,अबच्छेदकतानिरुपित,
तत्वादिति,:तत्वात्,इति,
तत्रापि,:तत्र,अपि,
नानुपपत्तिः,:न,अनुपपत्तिः,
तत्रापि,:तत्र,अपि,
वैज्ञानिकावच्छेदकत्वमादाय,:वैज्ञानिक,अवच्छेदकत्वम्,आदाय,
संभवादित्याहुः,:संभवात्,इति,आहुः,
