लौकिकप्रत्यक्षसामग्रीसत्वेsनु,:लौकिकप्रत्यक्षसामग्रीसत्वे,अनु,
लौकिकप्रत्यक्षमेवोत्पद्यते,:लौकिकप्रत्यक्षम्,एव,उत्पद्यते,
साक्षात्करोमीत्यनुव्यवसायस्यानु,:साक्षात्करोमि,इति,अनुव्यवसायस्य,अनु,
भवसिद्धत्वादिति,:भवसिद्धत्वात्,इति,
अथानुमितिलौकिक,:अथ,अनुमितिलौकिक,
तावदनुमितित्वेन,:तावत्,अनुमितित्वेन,
प्रतिबंधकताभिन्नविषयेsनु,:प्रतिबंधकताभिन्नविषये,अनु,
सत्वेsनुमितेरेवोत्पत्त्या,:सत्वे,अनुमितेः,एव,उत्पत्त्या,
समानविषयकानुमितित्व,:समानविषयक,अनुमितित्व,
निर्वक्तुमशक्यत्वादिचेन्न,:निर्वक्तुम्,अशक्यत्वादिचेत्,न,
वह्निमानिति,:वह्निमान्,इति,
घटवानित्येतादृशानुमित्युत्पात,:घटवान्,इति,एतादृश,अनुमिति,उत्पात,
वह्निमानिति,:वह्निमान्,इति,
वह्निमानिति,:वह्निमान्,इति,
लौकिकप्रत्यक्षोत्पादक,:लौकिकप्रत्यक्ष,उत्पादक,
वह्निमानिति,:वह्निमान्,इति,
वह्निमानित्यनुमित्यापत्तिः,:वह्निमान्,इति,अनुमिति,आपत्तिः,
तदानीमतीतानागतचक्षुः,:तदानीमतीत,अनागतचक्षुः,
संयोगाद्यसत्वेन,:संयोगादि,असत्वेन,
त्वक्संयोगादेरप्यसत्त्वेन,:त्वक्संयोगादेः,अपि,असत्त्वेन,
तादृशप्रत्यक्षोत्पादक,:तादृशप्रत्यक्ष,उत्पादक,
तत्रासत्त्वादिति,:तत्र,असत्त्वात्,इति,
विशिष्टवह्निवृत्तिचक्षुःसंयोगादेरेव,:विशिष्टवह्निवृत्तिचक्षुःसंयोगादेः,एव,
वह्निमानिति,:वह्निमान्,इति,
चक्षुःसंयोगस्तदा,:चक्षुःसंयोगः,तदा,
वह्निमानित्यनुमित्यनुत्पादापत्तिः,:वह्निमान्,इति,अनुमिति,अनुत्पादापत्तिः,
चेष्टापत्तिः,:च,इष्टापत्तिः,
वह्निमानित्यनुमितेरति,:वह्निमान्,इति,अनुमितेः,अति,
विषयेsनुमितिसामग्र्याबलत्वात्तदा,:विषये,अनुमितिसामग्र्याबलत्वात्,तदा,
अनुमितेरेवोत्पत्या,:अनुमितेः,एव,उत्पत्या,
इष्टापत्तेरशक्यत्वादिति,:इष्टापत्तेः,अशक्यत्वात्,इति,
मैवम्,:मा,एवम्,
संयोगत्वादिनैव,:संयोगत्वादिन,एव,
कल्पनीयमिति,:कल्पनीयम्,इति,
नोक्तानुपपत्तिः,:न,उक्त,अनुपपत्तिः,
स्वावच्छेदकावच्छिन्न,:स्वावच्छेदक,अवच्छिन्न,
पर्वतचक्षुःसंयोगवैशिष्ट्याभावात्,:पर्वतचक्षुःसंयोगवैशिष्ट्य,अभावात्,
यत्रैकपुरुषस्य,:यत्र,एकपुरुषस्य,
पुरूषान्तरस्य,:पुरूष,अन्तरस्य,
परामर्शादिघटितानुमिति,:परामर्शादिघटित,अनुमिति,
पुरूषान्तरस्य,:पुरूष,अन्तरस्य,
परामर्शादिघटितानुमिति,:परामर्शादिघटित,अनुमिति,
पुरूषान्तरस्य,:पुरूष,अन्तरस्य,
वह्निमानित्यनुमित्यनुत्पादापत्तिः,:वह्निमान्,इति,अनुमिति,अनुत्पाद,आपत्तिः,
तदोपदर्शित,:तदा,उपदर्शित,
संबन्धेनान्य,:संबन्धेन,अन्य,
संयोगसत्वादिति,:संयोगसत्वात्,इति,
परंपरासंबन्धोभयसंबन्धेन,:परंपरासंबन्ध,उभयसंबन्धेन,
घटिकीभूतवृत्तित्वमपि,:घटिकीभूतवृत्तित्वम्,अपि,
चक्षुःसंयोगेsन्यपुरूषीय,:चक्षुःसंयोगे,अन्यपुरूषीय,
वैशिष्ट्यविरहान्नोक्तानुपपत्तिः,:वैशिष्ट्यविरहात्,न,उक्त,अनुपपत्तिः,
प्रतिबन्धकतावच्छेदकसंबन्धश्च,:प्रतिबन्धकतावच्छेदकसंबन्धः,च,
पुरूषान्तरस्यानुमिति,:पुरूष,अन्तरस्य,अनुमिति,
पुरूषान्तरस्य,:पुरूष,अन्तरस्य,
तथाविधानुमित्युत्पाद,:तथाविध,अनुमिति,उत्पाद,
प्रतिबंधकतावच्छेदकसंबन्धोsपि,:प्रतिबंधकतावच्छेदकसंबन्धः,अपि,
वह्निचक्षुःसंयोगादेव,:वह्निचक्षुःसंयोगात्,एव,
वह्निमानिति,:वह्निमान्,इति,
संबन्धेनात्मन्यसत्वात्,:संबन्धेन,आत्मनि,असत्वात्,
तादृशसामग्रीकालेsपि,:तादृशसामग्रीकाले,अपि,
पर्वतोवह्निमानित्यनुयमित्यापत्तिरिति,:पर्वतः,वह्निमान्,इति,अनुमिति,आपत्तिः,इति,
चक्षुःसंयोगादिविशिष्टात्ममनः,:चक्षुःसंयोगादिविशिष्ट,आत्ममनः,
संयोगस्यैव,:संयोगस्य,एव,
वह्निमानितिलौकिक,:वह्निमान्,इतिलौकिक,
वह्निमानिति,:वह्निमान्,इति,
समवायसंबधेनात्मनि,:समवायसंबधेन,आत्मनि,
सत्वान्न,:सत्वात्,न,
तदानीमनुमित्यापत्तिः,:तदानीम्,अनुमिति,आपत्तिः,
चात्ममनः,:च,आत्ममनः,
संयोगविशिष्टात्ममनः,:संयोगविशिष्ट,आत्मनः,
प्रत्यक्षसामग्रीत्वमिति,:प्रत्यक्षसामग्रीत्वम्,इति,
संयोगस्यापि,:संयोगस्य,अपि,
निराबाधमेव,:निराबाधम्,एव,
वह्निमानिति,:वह्निमान्,इति,
घटाद्यनु,:घटादि,अनु,
वहिमानित्यनुमिति,:वह्निमान्,इति,अनुमिति,
चेष्टपत्तिः,:च,इष्टापत्तिः,
भिन्नविषयेsनुमिति,:भिन्नविषये,अनुमिति,
सामग्र्याबलवत्वात्तदा,:सामग्र्याबलवत्वात्,तदा,
प्रत्यक्षानुपपत्यावह्निघटोभय,:प्रत्यक्ष,अनुपपत्यावह्निघट,उभय,
विषयकसमूहालंबनानुमित्युत्पतौ,:विषयकसमूहालंबन,अनुमिति,उत्पतौ,
बाधकाभावेन,:बाधक,अभावेन,
इष्टपत्तेरशक्यत्वात्,:इष्टपत्तेः,अशक्यत्वात्,
भिन्नविषयकानुमितिसामग्र्याभाव,:भिन्नविषयक,अनुमितिसामग्र्या,अभाव,
वह्निमानिति,:वहिमान्,इति,
कल्पनीयमिति,:कल्पनीयम्,इति,
नोक्तानुपपत्तिरिति,:न,उक्त,अनुपपत्तिः,इति,
प्रबलात्वाद्वहन्यादि,:प्रबलात्वात्,वह्नि,आदि,
घटानुमितिसामग्र्याः,:घट,अनुमितिसामग्र्याः,
प्रतिबन्धकत्वमावश्यकम्,:प्रतिबन्धकत्वम्,आवश्यकम्,
प्रत्यक्षसामग्रीकालीनघटानु,:प्रत्यक्षसामग्रीकालीनघट,अनु,
वह्नप्रत्यक्षनिर्बाधमविषयकानु,:वह्निप्रत्यक्षनिर्बाधमविषयक,अनु,
मितिसामग्रीप्रतिबन्धकतायामपि,:मितिसामग्रीप्रतिबन्धकतायाम्,अपि,
तत्समानविषयक,:तत्,समानविषयक,
उत्तेजकत्वमावश्यकम्,:उत्तेजकत्वम्,आवश्यकम्,
सामग्रीतदनुमिति,:सामग्रीतत्,अनुमिति,
तदनुमितिसामग्री,:तत्,अनुमितिसामग्री,
तदाभिन्नविषयकानुमिति,:तदाभिन्नविषयक,अनुमिति,
सामग्र्याभावविशिष्ट,:सामग्र्या,अभावविशिष्ट,
वह्निमानित्यनुमित्यापत्तिः,:वहिमान्,इति,अनुमिति,आपत्तिः,
विशिष्टघटानुमिति,:विशिष्टघट,अनुमिति,
वह्निमानिति,:वह्निमान्,इति,
प्रत्यक्षोपपत्तिश्च,:प्रत्यक्ष,उपपत्तिः,च,
चेष्टापत्तिरिति,:च,इष्टापत्तिः,इति,
वहिनिमानिति,:वहिमान्,इति,
विषयकानुमितिसामग्र्या,:विषयक,अनुमितिसामग्र्या,
समानविषयकप्रत्यक्षसामग्र्यामपि,:समानविषयकप्रत्यक्षसामग्र्याम्,अपि,
भिन्नविषयकानुमिति,:भिन्नविषयक,अनुमिति,
निवेशनीयत्वादिति,:निवेशनीयत्वात्,इति,
वह्निमानिति,:वह्निमान्,इति,
भिन्नविषयकानुमितिसामग्र्याः,:भिन्नविषयक,अनुमितिसामग्र्याः,
भिन्नविषयकानु,:भिन्नविषयक,अनु,
प्रयोजनाभावात्तथा,:प्रयोजनाभावात्,तथा,
तत्रैव,:तत्र,एव,
विश्रामान्ननवस्याप्रसंगलेशोपि,:विश्रामात्,नवस्य,अप्रसंगलेश,अपि,
वह्निमानिति,:वह्निमान्,इति,
कालीनघटानुमितिसामग्रीकाले,:कालीनघट,अनुमितिसामग्रीकाले,
वहन्यनुसामग्रीकाले,:वह्नि,अनुमितिसामग्रीकाले,
अनुमित्यनभ्युपगमेव,:अनुमिति,अनभ्युपगम्,एव,
सामग्रीमनुत्तेजकीकृत्य,:सामग्रीम्,अनुत्तेजकीकृत्य,
लौकिकप्रत्यक्षसामग्रीत्वेनैव,:लौकिकप्रत्यक्षसामग्रीत्वेन,एव,
तदावनुमित्युत्पत्तौ,:तदावनुमिति,उत्पत्तौ,
बाधकत्वादिति,:बाधकत्वात्,इति,
वयनुमित्युत्पत्त्या,:वयनुमिति,उत्पत्त्या,
वह्निमानिति,:वह्निमान्,इति,
वह्निमानिति,:वह्निमान्,इति,
वह्निमानिति,:वह्निमान्,इति,
अनुमित्यापत्तिः,:अनुमिति,आपत्तिः,
वह्निविधेयकानुमितीच्छासत्वे,:वह्निविधेयक,अनुमि,इच्छासत्वे,
नानुमित्या,:न,अनुमित्या,
घटानुमित्सायाsपि,:घट,अनुमित्साया,अपि,
वह्निघटोभय,:वह्निघट,उभय,
विषयकसमूहालंबनसकानु,:विषयकसमूहालंबनसक,अनु,
पर्वतोद्धेश्यकवह्निविधेकानु,:पर्वत,उद्देश्यकवह्निविधेयक,अनु,
घटानुमित्यास्तवे,:घट,अनुमित्यास्तवे,
वह्निमानित्यनुमित्यापत्तेर्दुर्वारत्वादिति,:वह्निमान्,इति,अनुमिति,आपत्तेः,दुर्वात्वात्,इति,
चेन्न,:चेत्,न,
पर्वतत्वावच्छिन्नोद्देश्यकत्व,:पर्वतत्वावच्छिन्न,उद्देश्यकत्व,
किंचिद्विधेयकत्व,:किंचित्,विधेयकत्व,
अनुमितिनिविशेष्यतौद्दानद्दात्वेन+अनुमित्साया,:अनुमितिनिविशेष्यता,औद्दानद्दात्वेन,अनुमित्साया,
उत्तेजकत्वान्न,:उत्तेजकत्वात्,न,
घटप्रकारकानुमितिर्जायतामितीद्धासत्वेवह्नि,:घटप्रकारक,अनुमितिः,जायतामितीद्धासत्वेवह्नि,
वयनुमित्यापत्तिः,:वयनुमिति,आपत्तिः,
तादृशेच्छाया,:तादृश,इच्छाया,
सत्वादिति,:सत्वात्,इति,
चेन्न,:चेत्,न,
किञ्चित्प्रकारकत्वानिरूपितत्व,:किञ्चित्,प्रकारकत्वानिरूपितत्व,
प्रकारकत्वमपि,:प्रकारकत्वम्,अपि,
इच्छायानुमितिनिष्ठ,:इच्छाया,अनुमितिनिष्ठ,
च,:पर्वत,उद्देश्यक,
प्रति,:पर्वतत्वावच्छिन्न,उद्देश्यकत्व,
वह्निविधेयकत्वप्रकारताभिन्न,:किञ्चित्,विधेयकत्व,
क्वचिदुक्त,:क्वचित्,उक्त,
धर्माक्रान्तेच्छा,:धर्माक्रान्त,इच्छा,
सत्वेsनुमितिरनुभवसिद्धा,:सत्वे,अनुमितिः,अनुभवसिद्धा,
तत्संग्रहाय,:तत्,संग्रहाय,
सुधीभिर्देयम्,:सुधीभिः,देयम्,
ज्ञायतामितीच्छा,:ज्ञायताम,इति,इच्छा,
अनुमित्यापत्तिर्दुर्वारेवेति,:अनुमिति,आपत्तिः,दुर्वार,एव,इति,
निरूपितत्वमपि,:निरूपितत्वम्,अपि,
ताद्दशेच्छीय,:ताद्दश,इच्छीय,
निरूपितत्वाभावान्न,:निरूपितत्व,अभावात्,न,
तत्संग्रहः,:तत्,संग्रहः,
जायतामितीच्छाबलात्,:जायताम्,इति,इच्छाबलात्,
नोक्तदोषावकाश,:न,उक्तदोषावकाश,
प्रत्यक्षान्यज्ञान,:प्रत्यक्ष,अन्यज्ञान,
जायतामितीच्छासत्वे,:जायताम्,इति,इच्छासत्वे,
अनुमित्यनुपपत्तिर्दुर्वारेवेति,:अनुमिति,अनुपपत्तिः,दुर्वार,एव,इति,
अनुमितिसत्वेsनुमित्यापत्ति,:अनुमितिसत्वे,अनुमिति,आपत्ति,
विनश्यदवस्थसिद्ध्यन्तरमनुमित्यापत्तिः,:विनश्यत्,अवस्थसिद्ध्यन्तरम्,अनुमिति,आपत्तिः,
उत्तयत्तितयाप्रत्यक्षाभावस्यैव,:उत्तयत्तितयाप्रत्यक्ष,अभावस्य,एव,
एतादृशकार्यकारणाभावकल्पने,:एतादृशकार्यकारण,अभावकल्पने,
वह्निमानितिनिर्णयत्वेन,:वह्निमान्,इतिनिर्णयत्वेन,
वह्निमानिति,:वह्निमान्,इति,
वह्निमानिति,:वह्निमान्,इति,
अनुमितित्वेनैव,:अनुमितित्वेन,एव,
प्रत्यक्षसामग्र्याभावस्य,:प्रत्यक्षसामग्र्य,अभावस्य,
प्रत्यनुमितिप्रत्यक्षादिसाधारणतथाविधनिर्णयत्वेनैव,:प्रति,अनुमितिप्रत्यक्षादिसाधारणतथाविधनिर्णयत्वेन,एव,
रूपगुरूधर्माविच्छिन्नेsनुमिति,:रूपगुरूधर्माविच्छिन्ने,अनुमिति,
इत्याकारक,:इति,आकारक,
चेति,:च,इति,
वह्निमानिति,:वह्निमान्,इति,
वह्निमानिति,:वह्निमान्,इति,
वह्निमानिति,:वह्निमान्,इति,
तदनुमितिसामग्रीकत्वे,:तत्,अनुमितिसामग्रीकत्वे,
तदनुमितिसामग्रीकाले,:तत्,अनुमितिसामग्रीकाले,
कस्यापि,:कस्य,अपि,
फलस्यानुत्पादेन,:फलस्य,अनुत्पादेन,
प्रत्यक्षस्याप्यनुत्पादस्तत्र,:प्रत्यक्षस्य,अपि,अनुत्पादः,तत्र,
प्रत्यक्षाभावरूपकारणकबलात्,:प्रत्यक्ष,अभावरूपकारणकबलात्,
अनुमित्यापत्तिदुर्वारेव,:अनुमिति,आपत्तिदुर्वारेव,
अन्यथानुपपत्या,:अन्यथा,अनुपपत्या,
प्रतिबन्धकत्वकल्पनमेवोचितम्,:प्रतिबन्धकत्वकल्पनम्,एव,उचितम्,
प्रत्यक्षाभावस्य,:प्रत्यक्ष,अभावस्य,
सामग्र्युत्पादितवह्निप्रत्यक्ष,:सामग्र्यि,उत्पादितवह्निप्रत्यक्ष,
अनुमित्यनुपपत्तेश्च,:अनुमिति,अनुपपत्तेः,च,
तथाविधाप्रामाण्यग्रहाभाव,:तथाविधाप्रामाण्यग्रह,अभाव,
नानुपपत्तिरति,:न,अनुपपत्तिः,इति,
प्रत्यक्षोत्पादकाले,:प्रत्यक्ष,उत्पादकाले,
अनुमित्यापत्तेर्दुर्वारत्वादिति,:अनुमिति,आपत्तेः,दुर्वारत्वात्,इति,
समानविषयेsनुमिति,:समानविषये,अनुमिति,
अनुमित्यासत्वे,:अनुमिति,आसत्वे,
वह्निमानिति,:वह्निमान्,इति,
प्रत्यक्षजायतामितीच्छाया,:प्रत्यक्षजायताम्,इति,इच्छाया,
वह्निमानित्यनुमित्यापत्तिः,:वह्निमान्,इति,अनुमिति,आपत्तिः,
चेष्टापत्तिरिति,:च,इष्टापत्तिः,इति,
तस्यैवोत्पादनियमादिति,:तस्य,एव,उत्पादनियमात्,इति,
चेन्न,:चेत्,न,
पर्वतोद्देश्यकवह्निविधेयकानु,:पर्वत,उद्देश्यकवह्निविधेयक,अनु,
तथाविधप्रत्यक्षान्य,:तथाविधप्रत्यक्ष,अन्य,
तथाविधप्रत्यक्षेच्छा,:तथाविधप्रत्यक्ष,इच्छा,
वह्निमानिति,:वह्निमान्,इति,
प्रतिबन्धकत्वान्तरमनन्यगतिकतया,:प्रतिबन्धकत्व,अन्तरम्,अनन्यगतिकतया,
पूर्वोपदर्शितसामग्री,:पूर्व,उपदर्शितसामग्री,
प्रत्यक्षेच्छाया,:प्रत्यक्ष,इच्छाया,
अप्युत्तेजकत्व,:अपि,उत्तेजकत्व,
भावकल्पनोपपत्तौ,:भावकल्पन,उपपत्तौ,
प्रत्यक्षेच्छाभावानुमित्सयोर्विशेषणविशेष्यभावे,:प्रत्यक्ष,इच्छाभाव,अनुमित्सयोः,विशेषणविशेष्यभावे,
विनिगमनाविरहेणानंत,:विनिगमनाविरहेण,अनंत,
गौरवमिति,:गौरवम्,इति,
प्रतिबन्धकतावच्छेदकगौरवाच्च,:प्रतिबन्धकतावच्छेदकगौरवात्,च,
तथाविधप्रत्यक्षेच्छा,:तथाविधप्रत्यक्ष,इच्छा,
कल्पनमेव,:कल्पनम्,एव,
समुचितमिति,:समुचितम्,इति,
स्वसमवापिनिरूपितोपदर्शित,:स्वसमवापिनिरूपित,उपदर्शित,
नैकपुरूषीय,:न,एकपुरूषीय,
प्रत्यक्षेच्छाकाले,:प्रत्यक्ष,इच्छाकाले,
पुरूषांतरस्य,:पुरूषा,अतरस्य,
अनुमित्यनुपपत्तिः,:अनुमिति,अनुपपत्तिः,
प्रत्यक्षेच्छा,:प्रत्यक्ष,इच्छा,
नानुपपत्तिलेशोपि,:न,अनुपपत्तिलेश,अपि,
प्रत्यक्षेच्छाभावकाले,:प्रत्यक्ष,इच्छाभावकाले,
प्रत्यक्षापत्तिवारणाय,:प्रत्यक्ष,आपत्तिवारणाय,
समानविषयकप्रत्यक्षेच्छा,:समानविषयकप्रत्यक्ष,इच्छा,
भावविशिष्टसमानविषयकानुमित्या,:भावविशिष्टसमानविषयक,अनुमित्या,
विशिष्टानुमितिसामग्र्या,:विशिष्ट,अनुमितिसामग्र्या,
स्वीकरणीयमिति,:स्वीकरणीयम्,इति,
नोक्तानुपपत्तिः,:न,उक्त,अनुपपत्तिः,
समानविषयकानु,:समानविषयक,अनु,
अनुमितिरेवोत्पद्यते,:अनुमितिः,एव,उत्पद्यते,
तदत्तरमनुमिनोमीत्यनुव्यवसायादिति,:तदत्तरमनुमिनोमि,इति,अनुव्यवसायात्,इति,
तादृशानुव्यवसाय,:तादृश,अनुव्यवसाय,
निर्युक्तिकमेवेति,:निर्युक्तिकम्,एव,इति,
इत्यादि,:इति,आदि,
परामर्शादिघटितानु,:परामर्शादिघटित,अनु,
तादृशपरामर्शप्रत्यक्षमेव,:तादृशपरामर्शप्रत्यक्षम्,एव,
नानुमितिरित्यापत्तिभयात्तत्र,:न,अनुमितिः,इति,आपत्तिभयात्,तत्र,
नापि,:न,अपि,
प्रतिबन्धकताऽनुमिति,:प्रतिबन्धकता,अनुमिति,
समस्योत्पात्या,:समस्य,उत्पात्या,
प्रत्यक्षेच्छाया,:प्रत्यक्ष,इच्छाया,
घटप्रत्यक्षेच्छा,:घटप्रत्यक्ष,इच्छा,
भावपटप्रत्यक्षेच्छा,:भावपटप्रत्यक्ष,इच्छा,
सत्पांचपटप्रत्यक्षेच्छायां,:सत्पांचपटप्रत्यक्ष,इच्छायाम्,
प्रत्यक्षापत्तिस्तदा,:प्रत्यक्ष,आपत्तिः,तदा,
पटप्रत्यक्षेच्छाभावसत्वेन,:पटप्रत्यक्ष,इच्छाभावसत्वेन,
पटप्रत्यक्षेच्छाभावघटितकूट,:पटप्रत्यक्ष,इच्छाभावघटितकूट,
घटप्रत्यक्षप्रतिघटप्रत्यक्षेच्छाविशिष्ट,:घटप्रत्यक्षप्रतिघटप्रत्यक्ष,इच्छाविशिष्ट,
घटस्पार्शनजायतामिच्छासत्वे,:घटस्पार्शनजायताम्,इच्छासत्वे,
घटचाक्षुषापत्तिरिति,:घटचाक्षुषापत्तिः,इति,
चाक्षुषविषयकेच्छाभाव,:चाक्षुषविषयक,इच्छाभाव,
घटस्पार्शनविषयकेच्छा,:घटस्पार्शनविषयक,इच्छा,
नानुपपत्तिः,:न,अनुपपत्तिः,
जायतामितीचछासत्वे,:जायताम्,इति,इच्छासत्वे,
घटादिचक्षुषापत्तिरिति,:घटादिचक्षुषापत्तिः,इति,
घटविशेष्यकत्वनिष्ठप्रकारताद्भिन्न,:घटविशेष्यकत्वनिष्ठप्रकारतात्,भ्न्न,
उपदर्शितेच्छायास्तथाविध,:उपदर्शित,इच्छायाः,तथाविध,
विषयत्वाभावान्न,:विषयत्वाभावात्,न,
जायतामितीच्छासत्त्वे,:जायताम्,इति,इच्छासत्त्वे,
sपि,:अपि,
घटचाक्षुषानुपपत्तिः,:घटचाक्षुष,अनुपपत्तिः,
तादृशेच्छायास्तथाविध,:तादृश,इच्छायाः,तथाविध,
विषयकत्वाभावेन,:विषयकत्व,अभावेन,
तादृशविषयताशालीच्छा,:तादृशविषयताशालि,इच्छा,
सत्वादिति,:सत्वात्,इति,
तादृशेच्छाया,:तादृश,इच्छाया,
अप्यनुमित्य,:अपि,अनुमित्य,
तच्छाशालीच्छात्वेन,:तच्छाशालि,इच्छात्वेन,
स्वातन्त्र्येणोत्तेजकताभ्युपगमात्,:स्वातन्त्र्येण,उत्तेजकताभ्युपगमात्,
एवमन्यादशेच्छायाsपि,:एवमन्यादशेच्छाया,अपि,
सुधीभिर्विभावनीयम्,:सुधीभिः,विभावनीयम्,
।नत्वेवमपि,:।ननु,एवम्,अपि,
घटादिचाक्षुषेच्छासत्त्वे,:घटादिचाक्षुष,इच्छासत्त्वे,
घटादिचाक्षुषेच्छाया,:घटादिचाक्षुष,इच्छाया,
स्वीकरणीयमिति,:स्वीकरणीयम्,इति,
चापत्यामहागौरवप्रसंगात्,:च,अपत्यामहागौरवप्रसंगात्,
चेन्न,:चेत्,न,
विशिष्टानुमितिसामग्र्या,:विशिष्ट,अनुमितिसामग्र्या,
प्रतिबन्धकत्वान्न,:प्रतिबन्धकत्वात्,न,
प्रत्यक्षापत्तिरिति,:प्रत्यक्ष,आपत्तिः,इति,
अनुमित्साविशिष्टानु,:अनुमित्साविशिष्ट,अनु,
वह्निप्रत्यक्षेच्छाविशिष्टवह्नि,:वह्निप्रत्यक्ष,इच्छाविशिष्टवह्नि,
प्रत्यक्षोपपत्तये,:प्रत्यक्ष,उपपत्तये,
वह्निमानिति,:वह्निमान्,इति,
प्रत्यक्षस्यापि,:प्रत्यक्षस्य,अपि,
विषयकत्वादनुमित्या,:विषयकत्वात्,अनुमित्या,
विशिष्टानुमितिसामग्र्यभावस्य,:विशिष्ट,अनुमितिसामग्र्यभावस्य,
कार्यतावच्छेदकाक्रांततया,:कार्यतावच्छेदक,आक्रांततया,
चेन्न,:चेत्,न,
विशेष्यताभिन्नमुख्यविशेष्यताकत्वमत्र,:विशेष्यताभिन्नमुख्यविशेष्यताकत्वम्,अत्र,
तादृशमुख्यविशेष्यत्वाभावान्न,:तादृशमुख्यविशेष्यत्वाभावात्,न,
अनुमित्याविशिष्टानुमिति,:अनुमित्याविशिष्ट,अनुमिति,
वह्निवह्नित्वापादिनिर्विकल्पकस्यानङ्गीकारेणानुपपत्यसंभवात्,:वह्निवह्नित्वापादिनिर्विकल्पकस्य,अनङ्गीकारेण,अनुपपत्ति,असंभवात्,
अनुमित्याविशिष्टानुमिति,:अनुमित्याविशिष्ट,अनुमिति,
वह्निमानिति,:वह्निमान्,इति,
उपनीतभानापत्तिः,:उपनीतभान,आपत्तिः,
वह्निमानित्यादि,:वह्निमान्,इत्यादि,
व्यभिचारवारणस्याशक्यत्वादिति,:व्यभिचारवारणस्य,अशक्यत्वात्,इति,
अनुमित्याविशिष्टानुमिति,:अनुमित्याविशिष्ट,अनुमिति,
कल्पनीयत्वादिति,:कल्पनीयत्वात्,इति,
वह्निमानिति,:वह्निमान्,इति,
व्यभिचारवारणायानुमित्याविशिष्टानुमिति,:व्यभिचारवारणाय,अनुमित्याविशिष्ट,अनुमिति,
चानुमित्यन्यत्वमपि,:च,अनुमित्यन्यत्वम्,अपि,
घटानुमिति,:घट,अनुमिति,
घटोभयविषयकसमूहालम्बनानुमित्युदयात्तस्याः,:घट,उभयविषयकसमूहालम्बन,अनुमिति,उदयात्,तस्याः,
इयमेव,:इयम्,एव,
पूर्वमतापेक्षयास्मिन्मते,:पूर्वमतापेक्षय,अस्मिन्मते,
लाघवमिति,:लाघवम्,इति,
विधानुमिति,:विध,अनुमिति,
वह्निप्रत्यक्षेच्छा,:वह्निप्रत्यक्ष,इच्छा,
घटवांश्चेति,:घटवान्,च,इति,
समूहालम्बनात्मकप्रत्यक्षापत्तिरिति,:समूहालम्बनात्मकप्रत्यक्षापत्तिः,इति,
तदाsनुमित्यनुदये,:तदा,अनुमिति,अनुदये,
ज्ञानद्वययौगपद्याभावत्,:ज्ञानद्वययौगपद्य,अभावत्,
तथाविधप्रत्यक्षोत्पत्ताविष्टापत्तेः,:तथाविधप्रत्यक्ष,उत्पत्तौ,इष्ट,आपत्तेः,
अनुमित्याविशिष्टानुमिति,:अनुमित्याविशिष्ट,अनुमिति,
घटवांश्चति,:घटवान्,च,इति,
शून्यज्ञानत्वावच्छिन्नापत्तेर्दुर्वारत्वात्,:शून्यज्ञानत्वावच्छिन्नापत्तेः,दुर्वारत्वात्,
तादृशानंत,:तादृश,अनंत,
पर्वतत्वावच्छिन्नोद्देश्यता,:पर्वतत्वावच्छिन्न,उद्देश्यता,
एवानुमित्याविशिष्टानुमिति,:एव,अनुमित्याविशिष्ट,अनुमिति,
नानुपपत्तिरित्याहः,:न,अनुपपत्तिः,इति,आह,
प्रत्यक्षसाधारणादि,:प्रत्यक्षसाधारण,आदि,
प्रमाणाभावादिति,:प्रमाण,अभावात्,इति,
घटादिप्रत्यक्षेच्छाविशिष्ट,:घटादिप्रत्यक्ष,इच्छाविशिष्ट,
अनुमित्यनुदये,:अनुमिति,अनुदये,
विधानुमित्साविरहविशिष्टघटप्रत्यक्षेच्छा,:विध,अनुमित्साविरहविशिष्टघटप्रत्यक्ष,इच्छा,
प्रत्याक्षानुत्पादात्,:प्रत्याक्ष,अनुत्पादात्,
प्रत्यक्षेच्छा,:प्रत्यक्ष,इच्छा,
एवमन्यत्रापि,:एवम्,अन्यत्र,अपि,
समानविषयेsपि,:समानविषये,अपि,
बलवत्वमुपेयते,:बलवत्वम्,उपेयते,
तथासतितदुत्तरंसाक्षात्कारित्व,:तथासतितदुत्तरम्,साक्षात्कारित्व,
ग्रहानुपपत्तिरिति,:ग्रह,अनुपपत्तिः,इति,
द्वितीयक्षणेsनुमित्युत्पादे,:द्वितीयक्षणे,अनुमिति,उत्पादे,
अनुमित्यंतरोत्पादासंभवेन,:अनुमित्यंतरोत्पाद,असंभवेन,
प्रत्यक्षोत्पादे,:प्रत्यक्ष,उत्पादे,
साक्षात्कारित्वग्रहोपपत्तेः,:साक्षात्कारित्वग्रह,उपपत्तेः,
प्रत्यक्षानुमितिसामग्री,:प्रत्यक्ष,अनुमितिसामग्री,
प्रतिबध्यप्रतिबंधकभावेनैव,:प्रतिबध्यप्रतिबंधकभावेन,एव,
प्रत्यक्षसामग्र्याsतिरिक्त,:प्रत्यक्षसामग्र्या,अतिरिक्त,
भिन्नविषयस्थलीयानुमितिसामग्री,:भिन्नविषयस्थलीय,अनुमितिसामग्री,
उत्तेजकत्वानुरोधेन,:उत्तेजकत्व,अनुरोधेन,
निवेश्यैव,:निवेश्य,एव,
पूर्वोपदर्शितानुपपत्तिः,:पूर्वोपदर्शित,अनुपपत्तिः,
वह्निमानिति,:वह्निमान्,इति,
तथाविधप्रत्यक्षेच्छाभावविशिष्टनुमितिसामग्र्याः,:तथाविधप्रत्यक्ष,इच्छाभावविशिष्ट,अनुमितिसामग्र्याः,
तथाविधानु,:तथाविध,अनु,
लाघवावकाश,:लाघव,अवकाश,
चेन्न,:चेत्,न,
तथाविधानुमिति,:तथाविध,अनुमिति,
अनुमित्साविशिष्टानुमिति,:अनुमित्साविशिष्ट,अनुमिति,
घटप्रत्यक्षेच्छा,:घटप्रत्यक्ष,इच्छा,
वह्निभिन्नविषयकानुमित्यन्य,:वह्निभिन्नविषयक,अनुमित्यन्य,
विशिष्टानुमिति,:विशिष्ट,अनुमिति,
वह्निप्रत्यक्षेच्छाविशिष्टसामग्रीकाले,:वह्निप्रत्यक्ष,इच्छाविशिष्टसामग्रीकाले,
विशिष्टानुमिति,:विशिष्ट,अनुमिति,
वह्निप्रत्यक्षेच्छाविशिष्ट,:वह्निप्रत्यक्ष,इच्छाविशिष्ट,
प्रत्यक्षसामग्रीप्रतिबन्धकत्वमपि,:प्रत्यक्षसामग्रीप्रतिबन्धकत्वम्,अपि,
वानुमित्साविशिष्टानुमिति,:वानुमित्साविशिष्ट,अनुमिति,
एकमेव,:एकम्,एव,
वानुमित्साविशिष्टानुमितिसामग्र्याः,:वानुमित्साविशिष्ट,अनुमितिसामग्र्याः,
एकमेव,:एकम्,एव,
चेति,:च,इति,
स्फ़ुहतरमेव,:स्फ़ुहतरम्,एव,
वह्निभिन्नविषयकत्वानिवेशेनुमित्साविशिष्टानुमितिसामग्रीकाले,:वह्निभिन्नविषयकत्वानिवेशे,अनुमित्साविशिष्ट,अनुमितिसामग्रीकाले,
वह्निशाब्दबोधेच्छा,:वह्निशाब्दबोध,इच्छा,
शाब्दबोधोत्पत्या,:शाब्दबोध,उत्पत्या,
व्यभिचारवारणमशक्यमेवेति,:व्यभिचारवारणम्,अशक्यम्,एव,इति,
दुर्बलत्वोपगमेनानुमित्सा,:दुर्बलत्व,उपगमेन,अनुमित्सा,
वह्निशाब्दबोधेच्छा,:वह्निशाब्दबोध,इच्छा,
वह्निभिन्नविषयकत्वनिवेशनमावश्यकम्,:वह्निभिन्नविषयकत्वनिवेशनम्,आवश्यकम्,
वह्निप्रत्यक्षेच्छा,:वह्निप्रत्यक्ष,इच्छा,
प्रत्युक्तलाघवमसम्भवदुक्तिकमेव,:प्रत्युक्तलाघवम्,असम्भवत्,उक्तिकम्,एव,
तादृशप्रत्यक्षेच्छा,:तादृशप्रत्यक्ष,इच्छा,
शाब्दबोधेच्छा,:शाब्दबोध,इच्छा,
शाब्दबोधापत्तिवारणाय,:शाब्दबोध,आपत्तिवारणाय,
वह्निमानिति,:वह्निमान्,इति,
वह्निप्रत्यक्षेच्छा,:वह्निप्रत्यक्ष,इच्छा,
तत्रैवानुमित्यादि,:तत्र,एव,अनुमित्यादि,
सिद्धान्तिभिरपि,:सिद्धान्तिभिः,अपि,
प्रत्यक्षेछा,:प्रत्यक्ष,इछा,
चेन्न,:चेत्,न,
प्रत्यक्षान्यत्व,:प्रत्यक्ष,अन्यत्व,
प्रत्यक्षेच्छा,:प्रत्यक्ष,इच्छा,
प्रत्यक्षान्वयज्ञानत्वयोर्विशेषणा,:प्रत्यक्ष,अन्वयज्ञानत्वयोः,विशेषणा,
लाघवात्पर्वतोवह्निमानिति,:लाघवात्,पर्वतः,वह्निमान्,इति,
शाब्दत्वमेतादृशप्रत्यक्षेच्छा,:शाब्दत्वमेतादृशप्रत्यक्ष,इच्छा,
प्रविबध्यतावच्छेदकमुपेयते,:प्रविबध्यतावच्छेदकम्,उपेयते,
वह्निमानिति,:वह्निमान्,इति,
प्रत्यक्षेच्छाविशिष्ट,:प्रत्यक्ष,इच्छाविशिष्ट,
दुष्परिहरमेव,:दुष्परिहरम्,एव,
नोपदर्शितरीत्या,:न,उपदर्शितरीत्या,
एतेनोपदर्शित,:एतेन,उपदर्शित,
प्रत्यक्षान्यत्व,:प्रत्यक्ष,अन्यत्व,
कल्पनसंभवेsपि,:कल्पनसंभवे,अपि,
परोक्षत्वस्यैव,:परोक्षत्वस्य,एव,
प्रतिबध्यतावच्छेदकत्त्वोपगमेनैव,:प्रतिबध्यतावच्छेदकत्त्वोपगमेन,एव,
एतत्सामग्री,:एतत्,सामग्री,
गौरवमिति,:गौरवम्,इति,
वह्नयभाववानित्यादि,:वह्नि,अभाववान्,इत्यादि,
प्रतिबध्यतावच्छेदकत्वोपगमे,:प्रतिबध्यतावच्छेदकत्व,उपगमे,
बाधकाभावादित्यया,:बाधक,अभावादित्यया,
प्रत्यक्षेच्छा,:प्रत्यक्ष,इच्छा,
शाव्देच्छाविशिष्ट,:शाव्द,इच्छाविशिष्ट,
जातिविशेषमन्तर्भाव्य,:जातिविशेषम्,अन्तर्भाव्य,
प्रतिबध्यप्रतिबन्धकभावकल्पनमपि,:प्रतिबध्यप्रतिबन्धकभावकल्पनम्,अपि,
गौरवादिति,:गौरवात्,इति,
तदत्यंतानुपादेयमेव,:तदत्यंत,अनुपादेयम्,एव,
घटादिप्रत्यक्षेच्छाविशिष्ट,:घटादिप्रत्यक्ष,इच्छाविशिष्ट,
तत्प्रत्यक्ष,:तत्,प्रत्यक्ष,
जायतामित्यनु,:जायताम्,इति,अनु,
मितिविषयकेच्छा,:मितिविषयक,इच्छा,
कालीनानुमितिसामग्रीसत्वे,:कालीन,अनुमितिसामग्रीसत्वे,
घटादिप्रत्यक्षानुपपत्तये,:घटादिप्रत्यक्ष,अनुपपत्तये,
तथाविधानुमित्यन्य,:तथाविध,अनुमित्यन्य,
प्रतिवह्न्यनु,:प्रतिवह्नि,अनु,
मितिविषयेच्छाविशिष्टानु,:मितिविषय,इच्छाविशिष्ट,अनु,
वह्निमानिति,:वह्निमान्,इति,
प्रत्यक्षेच्छा,:प्रत्यक्ष,इच्छा,
जायतामित्यनुमितिविषयकेच्छा,:जायताम्,इति,अनुमितिविषयक,इच्छा,
विशिष्टतदनुमिति,:विशिष्टतत्,अनुमिति,
वह्निमानिति,:वह्निमान्,इति,
प्रत्यक्षानुत्पत्त्यापत्तिः,:प्रत्यक्ष,अनुत्पत्ति,आपत्तिः,
चेष्टापत्तिः,:च,इष्टापत्तिः,
सामग्रीमपेक्ष्य,:सामग्रीम्,अपेक्ष्य,
तद्वृत्तिधर्मप्रकारकताद्विषयेच्छासत्वे,:तत्,वृत्तिधर्मप्रकारकतात्,विषय,इच्छासत्वे,
स्यैवोत्पादनियमेन,:स्यैव,उत्पादनियमेन,
तादृशेच्छाकालेsनुमितेरनुत्यत्याप्रत्यक्षोत्पादेन,:तादृश,इच्छाकाले,अनुमितेः,अनुत्यत्याप्रत्यक्ष,उत्पादेन,
वह्निमानिति,:वह्निमान्,इति,
प्रत्यक्षानुत्पत्ताविष्टापत्यसंभवात्,:प्रत्यक्ष,अनुत्पत्ताविष्टापत्ति,असंभवात्,
वह्निप्रत्यक्षेच्छा,:वह्निप्रत्यक्ष,इच्छा,
विशिष्टतत्प्रत्यक्ष,:विशिष्टतत्,प्रत्यक्ष,
सामग्रीकालेsनुमितित्व,:सामग्रीकाले,अनुमितित्व,
प्रकारकवह्न्यनुमिति,:प्रकारकवह्नि,अनुमिति,
तत्प्रत्यक्षापत्तिवारणाय,:तत्,प्रत्यक्ष,आपत्तिवारणाय,
अनुमितित्वप्रकारकतदनुमित्साविशिष्टतदनुमितिसामग्र्याः,:अनुमितित्वप्रकारकतदनुमित्साविशिष्टतत्,अनुमितिसामग्र्याः,
कल्पनीयमिति,:कल्पनीयम्,इति,
वहन्यनुमित्साविशिष्टद्यनु,:वह्नि,अनुमित्साविशिष्टादि,अनु,
वदिप्रत्यक्षापत्तिवारणाय,:वदिप्रत्यक्ष,आपत्तिवारणाय,
वह्निमनिति,:वह्निमान्,इति,
वह्निमानित्याद्यनुमित्साविशिष्टवदि,:वह्निमान्,इत्यादि,अनुमित्साविशिष्टवदि,
प्रत्यक्षेच्छाविरहविशिष्टवद्यनुमितिसामग्र्याः,:प्रत्यक्ष,इच्छाविरहविशिष्टवदि,अनुमितिसामग्र्याः,
बाधाभावादि,:बाध,अभावादि,
अनुमित्साप्रत्यक्षेच्छा,:अनुमित्साप्रत्यक्ष,इच्छा,
तदुभयोरेकत्रविनिवेशेन,:तदुभयोः,एकत्रविनिवेशेन,
प्रत्यक्षेच्छा,:प्रत्यक्ष,इच्छा,
प्रतिबन्धकत्वमेकम्,:प्रतिबन्धकत्वम्,एकम्,
अनुमित्साविशिष्टानुमिति,:अनुमित्साविशिष्ट,अनुमिति,
प्रत्यक्षेच्छाभावानुमित्सयोरेकत्र,:प्रत्यक्ष,इच्छाभावानुमित्सयोः,एकत्र,
निवेशप्रयुक्तगुरूभूतानुमिति,:निवेशप्रयुक्तगुरूभूत,अनुमिति,
शरीरगौरवस्याभावात्,:शरीरगौरवस्य,अभावात्,
तयोर्विभिन्न,:तयोः,विभिन्न,
पूर्वपक्षिमतेsपि,:पूर्वपक्षिमते,अपि,
वदिप्रत्यक्षेच्छा,:वदिप्रत्यक्ष,इच्छा,
प्रत्यक्षेच्छा,:प्रत्यक्ष,इच्छा,
प्रतिबन्धकत्वकल्पनेनानुमित्साभावा,:प्रतिबन्धकत्वकल्पनेन,अनुमित्साभावा,
प्रत्यक्षेच्छायोर्विशेषण,:प्रत्यक्ष,इच्छायोः,विशेषण,
तयोरेकत्रनिवेशे,:तयोः,एकत्रनिवेशे,
चाधिक्यातुल्यगौरवमिति,:च,आधिक्यातुल्यगौरवम्,इति,
बाधाभावात्ततद्भावव्याप्यवत्ता,:बाध,अभावात्ततद्भावव्याप्यवत्ता,
निर्णयाभावादिघटितत्वेन,:निर्णय,अभावादिघटितत्वेन,
प्रत्यक्षेच्छा,:प्रत्यक्ष,इच्छा,
विशिष्टायास्तस्याः,:विशिष्टायाः,तस्याः,
शरीरस्यानुमित्सा,:शरीरस्य,अनुमित्सा,
भावप्रत्यक्षोभय,:भावप्रत्यक्ष,उभय,
बाधाभावादिघटितत्वेन,:बाध,अभावादिघटितत्वेन,
अनुमितेरपि,:अनुमितेः,अपि,
प्रयोजनाभावादिति,:प्रयोजन,अभावात्,इति,
चेन्न,:चेत्,न,
बदिप्रत्यक्षेच्छाभावविशिष्टानुमितिसामग्र्याः,:बदिप्रत्यक्ष,इच्छाभावविशिष्ट,अनुमितिसामग्र्याः,
परामर्शदीतरानुमितिकारणसमूहसत्वे,:परामर्शादितर,अनुमितिकारणसमूहसत्वे,
वह्निप्रत्यक्षनुत्पत्त्यापत्तेः,:वह्निप्रत्यक्षनुत्पत्त्य,आपत्तेः,
पूर्वपक्षिमतेsरूच्छारत्वात्,:पूर्वपक्षिमते,अरूच्छारत्वात्,
प्रत्यक्षेच्छा,:प्रत्यक्ष,इच्छा,
विरहविशिष्टानुमित्साविशिष्टानुमिति,:विरहविशिष्टानुमित्साविशिष्ट,अनुमिति,
अनुमित्साविशिष्टानुमिति,:अनुमित्साविशिष्ट,अनुमिति,
सिद्धिकालेsनुमितेरेवोत्पत्त्या,:सिद्धिकाले,अनुमितेः,एव,उत्पत्त्या,
प्रत्यक्षानुदयेन,:प्रत्यक्ष,अनुदयेन,
व्यभिचाराभावान्नोपदर्शितरीत्या,:व्यभिचाराभावात्,न,उपदर्शितरीत्या,
मात्रबाहुल्यमिति,:मात्रबाहुल्यम्,इति,
सिद्धान्तिमतमेव,:सिद्धान्तिमतम्,एव,
चाक्षुषस्यैव,:चाक्षुषस्य,एव,
इन्यनु,:इति,अनु,
स्पार्शनेच्छा,:स्पार्शन,इच्छा,
स्पार्शनेच्छा,:स्पार्शन,इच्छा,
पटस्पार्शनापत्तेः,:पटस्पार्शन,आपत्तेः,
नापि,:न,अपि,
घटादिस्पार्शनेच्छा,:घटादिस्पार्शन,इच्छा,
जायतामितीच्छासत्वे,:जायताम्,इति,इच्छासत्वे,
बलवतीतयत्सामग्रीतद्विषयकेच्छासत्वे,:बलवतीतयत्सामग्रीतत्,विषयक,इच्छासत्वे,
तस्यैवोत्पादनियमात्,:तस्य,एव,उत्पादनियमात्,
तथाविधस्पार्शनत्वप्रकारकेच्छा,:तथाविधस्पार्शनत्वप्रकारक,इच्छा,
नोक्तदोष,:न,उक्तदोष,
जायतामितीच्छासत्वे,:जायताम्,इति,इच्छासत्वे,
घटादिस्पार्शनत्वप्रकारकेच्छा,:घटादिस्पार्शनत्वप्रकारक,इच्छा,
घटादिस्पार्शनेच्छाविरह,:घटादिस्पार्शन,इच्छाविरह,
विशिष्टपटचाक्षुषसामग्रीत्वेनापि,:विशिष्टपटचाक्षुषसामग्रीत्वेन,अपि,
चाक्षुषसामग्र्यमपि,:चाक्षुषसामग्र्यम्,अपि,
निरूपितोपदर्शित,:निरूपित,उपदर्शित,
स्पार्शनेच्छाभाववैशिष्ट्य,:स्पार्शन,इच्छाभाववैशिष्ट्य,
निवेशनीयमिति,:निवेशनीयम्,इति,
नानुपपत्तिलेशोsपि,:न,अनुपपत्तिलेशः,अपि,
प्रकारताश्रय,:प्रकारता,आश्रय,
स्पार्शनविषयकेच्छा,:स्पार्शनविषयक,इच्छा,
भावत्वेनापि,:भावत्वेन,अपि,
स्पार्शनेच्छाभावे,:स्पार्शन,इच्छाभावे,
चैककालीनत्वसम्बन्धेन,:च,एककालीनत्वसम्बन्धेन,
कल्पनान्नानुपपत्तिः,:कल्पनात्,न,अनुपपत्तिः,
प्रतिबन्धकभावकल्पनाच्चानुपपत्तिः,:प्रतिबन्धकभावकल्पनात्,च,अनुपपत्तिः,
चाक्षुषेच्छा,:चाक्षुष,इच्छा,
घटादिचाक्षुषत्वप्रकारकेच्छाविशिष्टघटादिसामग्र्याः,:घटादिचाक्षुषत्वप्रकारक,इच्छाविशिष्टघटादिसामग्र्याः,
प्रतिबन्धकत्वमेकम्,:प्रतिबन्धकत्वम्,एकम्,
घटादिचाक्षुषविषयकेच्छा,:घटादिचाक्षुषविषयक,इच्छा,
तत्रापि,:तत्र,अपि,
विषयमनिवेश्य,:विषयम्,अनिवेश्य,
समवायनुरूपितोपदर्शित,:समवायनुरूपित,उपदर्शित,
सम्बन्धावच्छिन्नवृत्तित्वोभयसम्बन्धेन,:सम्बन्धावच्छिन्नवृत्तित्व,उभयसम्बन्धेन,
चाक्षुषत्वप्रकारकेच्छा,:चाक्षुषत्वप्रकारक,इच्छा,
चाक्षुषविषयकेच्छा,:चाक्षुषविषयक,इच्छा,
विशिष्टंचाक्षुषसामग्र्याsपि,:विशिष्टंचाक्षुषसामग्र्या,अपि,
चाक्षुषविषयकेच्छा,:चाक्षुषविषयक,इच्छा,
स्पार्शनापत्तिः,:स्पार्शन,आपत्तिः,
स्वभावत्समवेतत्व,:स्वभावत्,समवेतत्व,
समवायिनिरूपितोपदर्शित,:समवायिनिरूपित,उपदर्शित,
वृत्तित्त्वोभय,:वृत्तित्त्व,उभय,
नातः,:न,अतः,
जायतामितीच्छासत्वे,:जायताम्,इति,इच्छासत्वे,
स्पार्शनानुपपत्तिः,:स्पार्शन,अनुपपत्तिः,
नचैक,:नच,एक,
चाक्षुषेच्छा,:चाक्षुष,इच्छा,
पुरूषान्तरस्य,:पुरूष,अन्तरस्य,
स्पार्शनेच्छाविशिष्टस्पार्शन,:स्पार्शन,इच्छाविशिष्टस्पार्शन,
स्पार्शनानुपपत्तिः,:स्पार्शन,अनुपपत्तिः,
अत्रापि,:अत्र,अपि,
प्रतिबध्यताsवच्छेदक,:प्रतिबध्यता,अवच्छेदक,
नातोपि,:न,अत,अपि,
प्रतिबध्यप्रतिबन्धकभाववृद्धिरिति,:प्रतिबध्यप्रतिबन्धकभाववृद्धिः,इति,
घटादिस्पार्शनेच्छा,:घटादिस्पार्शन,इच्छा,
घटादिचाक्षुषेच्छा,:घटादिचाक्षुष,इच्छा,
घटादिचाक्षुषेच्छा,:घटादिचाक्षुष,इच्छा,
विरहविशिष्टस्पार्शनेच्छा,:विरहविशिष्टस्पार्शन,इच्छा,
विशिष्टस्पार्शनसामग्र्याsपि,:विशिष्टस्पार्शनसामग्र्या,अपि,
अत्रापि,:अत्र,अपि,
विषयमनिवेश्य,:विषयम्,अनिवेश्य,
सूक्ष्ममतिभिर्विभाव्य,:सूक्ष्ममतिभिः,विभाव्य,
कल्पनीयमिति,:कल्पनीयम्,इति,
स्पार्शनमेवोप्तद्यते,:स्पार्शनम्,एव,उप्तद्यते,
सामग्रीमपेक्ष्य,:सामग्रीम्,अपेक्ष्य,
इत्याहुः,:इति,आहुः,
चाक्षुषेच्छा,:चाक्षुष,इच्छा,
स्पार्शनापत्ति,:स्पार्शन,आपत्ति,
स्पार्शनेच्छा,:स्पार्शन,इच्छा,
विरहविशिष्टचाक्षुषेच्छा,:विरहविशिष्टचाक्षुष,इच्छा,
स्पार्शनेच्छाभावचाक्षुषेच्छयो,:स्पार्शन,इच्छाभावचाक्षुष,इच्छयो,
दुष्परिहरमेव,:दुष्परिहरम्,एव,
स्पार्शनेच्छा,:स्पार्शन,इच्छा,
निवेशेनैकत्रानिवेशेन,:निवेशेन,एकत्र,अनिवेशेन,
सिद्धान्तिमतेsपि,:सिद्धान्तिमते,अपि,
स्पार्शनेच्छा,:स्पार्शन,इच्छा,
चाक्षुषेच्छाविरह,:चाक्षुष,इच्छाविरह,
विशिष्टस्पार्शनेच्छा,:विशिष्टस्पार्शन,इच्छा,
चाक्षुषेच्छाभावस्पार्शनेच्छयोरेकत्र,:चाक्षुष,इच्छाभावस्पार्शनेच्छयोः,एकत्र,
तन्ममतेsपि,:तन्ममते,अपि,
समानमेवेति,:समानम्,एव,इति,
लाघवावकाश,:लाघव,अवकाश,
स्पार्शनसामग्रीमपेक्ष्य,:स्पार्शनसामग्रीम्,अपेक्ष्य,
स्पार्शनेच्छाभावचाक्षुषेच्छोभय,:स्पार्शन,इच्छाभावचाक्षुष,इच्छा,उभय,
चाक्षुषेच्छाभाव,:चाक्षुष,इच्छाभाव,
स्पार्शनेच्छोभयविशिष्ट,:स्पार्शन,इच्छा,उभयविशिष्ट,
पूर्वपक्षिमतमेव,:पूर्वपक्षिमतम्,एव,
गौरवादित्यलमतिविस्तरेण,:गौरवात्,इति,अलम्,अतिविस्तरेण,
त्वक्संयोगस्यैन्द्रियसंयोगविद्यया,:त्वक्संयोगस्य,इन्द्रियसंयोगविद्यया,
त्वङ्मनयोगस्यैन्द्रिय,:त्वङ्मनयोगस्य,इन्द्रिय,
विषयेsवच्छेदकतासंम्बन्धेन,:विषये,अवच्छेदकतासंम्बन्धेन,
स्पार्शनाभावोपपत्तेः,:स्पार्शनाभाव,उपपत्तेः,
नियुक्तिकमेवेत्याहुः,:नियुक्तिकम्,एव,इति,आहुः,
अवच्छेदकतासम्बन्धेन्द्रियमनोयोगस्य,:अवच्छेदकतासम्बन्ध,इन्द्रियमनोयोगस्य,
विषयेsवच्छेदकतासम्बन्धेन,:विषये,अवच्छेदकतासम्बन्धेन,
कारणाभावाभ्युपगमनैव,:कारणाभाव,अभ्युपगमन,एव,
प्रत्यक्षापत्तिवारणसम्भव,:प्रत्यक्ष,आपत्तिवारणसम्भव,
क्लृप्तत्वादिति,:क्लृप्तत्वात्,इति,
क्लृप्तप्रकारकाभावेन,:क्लृप्तप्रकारक,अभावेन,
प्रतिबन्धकत्वकल्पनमावश्यकमेवेति,:प्रतिबन्धकत्वकल्पनमावश्यकम्,एव,इति,
इत्यपि,:इति,अपि,
