130-short-stories-extracted.txt.out.dict_300,यत्तु,यत्+तु,300,,1,1,1,
4.dutaghatotgajam-ext.txt.out.dict_549,स्यात्तु,स्यात्+तु,549,,1,1,1,
5.balacharitham-ext.txt.out.dict_663,प्रसूता इति,प्रसूता+इति,663,,,,,
7.charudattam-ext.txt.out.dict_1093,धिग्,धिक्,1093,,,,,
Aakhyanvallari_ext.txt.out.dict_1177,कर्कशजटिलान्‍त,करणा,1177,,,,,
Aakhyanvallari_ext.txt.out.dict_1391,तत्तदा,तत्+तदा,1391,,1,1,1,
Aakhyanvallari_ext.txt.out.dict_1502,सरित्तथैव,सरित्+तथैव,1502,,,,1,
Aakhyanvallari_ext.txt.out.dict_1585,यत्तत्र,यत्+तत्र,1585,,1,1,1,
Aakhyanvallari_ext.txt.out.dict_1626,सकृत्तु,सकृत्+तु,1626,,1,1,1,
Aakhyanvallari_ext.txt.out.dict_1651,सरणमपि,नि,1651,,,,,
Aakhyanvallari_ext.txt.out.dict_1677,यत्तत्र,यत्+तत्र,1677,,1,1,1,
Aakhyanvallari_ext.txt.out.dict_1699,यत्ते,यत्+ते,1699,,1,1,1,
Aakhyanvallari_ext.txt.out.dict_1738,यत्ते,यत्+ते,1738,,1,1,1,
Aakhyanvallari_ext.txt.out.dict_1760,यत्तत्र,यत्+तत्र,1760,,1,1,1,
Aakhyanvallari_ext.txt.out.dict_1767,यत्तदा,यत्+तदा,1767,,1,1,1,
Aakhyanvallari_ext.txt.out.dict_1881,यत्ते,यत्+ते,1881,,1,1,1,
Aakhyanvallari_ext.txt.out.dict_1912,यत्तेन,यत्+तेन,1912,,1,1,1,
Aakhyanvallari_ext.txt.out.dict_1933,यत्तत्र,यत्+तत्र,1933,,1,1,1,
Aakhyanvallari_ext.txt.out.dict_1946,यत्सः,यत्+सः,1946,,1,1,1,
Aakhyanvallari_ext.txt.out.dict_2049,एतावत्तु,एतावत्+तु,2049,,,,1,
Aakhyanvallari_ext.txt.out.dict_2104,तद्याचितम्,तद्+याचितम्,2104,,,,1,
agnipuran-1-111-sandhi_ext.txt.out.dict_2732,यत्तु,यत्+तु,2732,,1,1,1,
agnipuran-1-111-sandhi_ext.txt.out.dict_2736,यत्तत्,यत्+तत्,2736,,1,1,1,
agnipuran-1-111-sandhi_ext.txt.out.dict_2845,पूर्व्ववत्तेन,पूर्व्ववत्+तेन,2845,,,,,
agnipuran-1-111-sandhi_ext.txt.out.dict_2905,यत्तु,यत्+तु,2905,,1,1,1,
agnipuran-1-111-sandhi_ext.txt.out.dict_2907,यत्तु,यत्+तु,2907,,1,1,1,
agnipuran-1-111-sandhi_ext.txt.out.dict_2944,स्यात्तथा,स्यात्+तथा,2944,,1,1,1,
agnipuran-1-111-sandhi_ext.txt.out.dict_3154,यावत्तु,यावत्+तु,3154,,1,1,1,
agnipuran-1-111-sandhi_ext.txt.out.dict_3192,यस्मात्तस्मात्,यस्मात्+तस्मात्,3192,,1,1,1,
agnipuran-1-111-sandhi_ext.txt.out.dict_3266,यत्किञ्चित्,यत्+किञ्चित्,3266,,,,1,
agnipuran-1-111-sandhi_ext.txt.out.dict_3509,स्यात्ततः,स्यात्+ततः,3509,,1,1,1,
agnipuran-1-111-sandhi_ext.txt.out.dict_3529,पूर्ववत्तत्र,पूर्ववत्+तत्र,3529,,1,1,1,
agnipuran-1-111-sandhi_ext.txt.out.dict_3659,विधिवत्तत्र,विधिवत्+तत्र,3659,,1,1,1,
agnipuran-1-111-sandhi_ext.txt.out.dict_3661,यत्किञ्चित्,यत्+किञ्चित्,3661,,,,1,
agnipuran-1-111-sandhi_ext.txt.out.dict_3693,तत्तु,तत्+तु,3693,,1,1,1,
astanga-hridayam-sandhi-extract1-27.txt.out.dict_3869,आत्मवत्सततं,आत्मवत्+सततं,3869,,,,,
astanga-hridayam-sandhi-extract1-27.txt.out.dict_3983,युगपत्तेन,युगपत्+तेन,3983,,,,1,
astanga-hridayam-sandhi-extract1-27.txt.out.dict_4000,तत्तु,तत्+तु,4000,,1,1,1,
astanga-hridayam-sandhi-extract1-27.txt.out.dict_4142,किञ्चित्कालं,किञ्चित्+कालं,4142,,,,,
balaramayanam_ext.txt.out.dict_4271,तावत्तत्,तावत्+तत्,4271,,1,1,1,
balaramayanam_ext.txt.out.dict_4320,स्यात्त्वं,स्यात्+त्वं,4320,,,,,
aBi_ext.txt.out.dict_4432,अभवत्तदा,अभवत्+तदा,4432,,1,1,1,
BHUVA-11_ext.txt.out.dict_4518,तत्तु,तत्+तु,4518,,1,1,1,
BHUVA-14_ext.txt.out.dict_4594,तत्तु,तत्+तु,4594,,1,1,1,
BHUVA-15_ext.txt.out.dict_4623,कुतो न,कुत,4623,,,,,
BHUVA-15_ext.txt.out.dict_4627,कविताश्च,कविता,4627,,,,,
BHUVA-17_ext.txt.out.dict_4653,तत्तु,तत्+तु,4653,,1,1,1,
BHUVA-5_ext.txt.out.dict_4882,तत्तु,तत्+तु,4882,,1,1,1,
ESO-95_ext.txt.out.dict_5592,कदाचित्ते,कदाचित्+ते,5592,,,,1,
1_mukhivadaha-ext.txt.out.dict_5674,चेत्तर्हि,चेत्+तर्हि,5674,,1,1,1,
1_mukhivadaha-ext.txt.out.dict_5693,तत्तत्र,तत्+तत्र,5693,,1,1,1,
1_mukhivadaha-ext.txt.out.dict_5713,यत्तु,यत्+तु,5713,,1,1,1,
1_mukhivadaha-ext.txt.out.dict_5718,तत्कार्यता,तत्+कार्यता,5718,,1,1,1,
1_mukhivadaha-ext.txt.out.dict_5721,यत्तु,यत्+तु,5721,,1,1,1,
1_mukhivadaha-ext.txt.out.dict_5739,यत्तु,यत्+तु,5739,,1,1,1,
1_mukhivadaha-ext.txt.out.dict_5759,हेतुत्वासंभवेन,अ,5759,,,,,
1_mukhivadaha-ext.txt.out.dict_5760,यत्तु,यत्+तु,5760,,1,1,1,
2_Eeswaravadaha_ext.txt.out.dict_5785,यत्तु,यत्+तु,5785,,1,1,1,
2_Eeswaravadaha_ext.txt.out.dict_5791,यत्तु,यत्+तु,5791,,1,1,1,
2_Eeswaravadaha_ext.txt.out.dict_5793,तत्साध्यता,तत्+साध्यता,5793,,1,1,1,
2_Eeswaravadaha_ext.txt.out.dict_5796,यत्तु,यत्+तु,5796,,1,1,1,
2_Eeswaravadaha_ext.txt.out.dict_5801,यत्तु,यत्+तु,5801,,1,1,1,
2_Eeswaravadaha_ext.txt.out.dict_5804,सत्प्रति,सत्+प्रति,5804,,1,1,1,
4-asaadarana-ext.txt.out.dict_5863,इति,इति,5863,,1,1,,
4-asaadarana-ext.txt.out.dict_5876,यत्तु,यत्+तु,5876,,1,1,1,
6_vishishtavyshishtyabodhavicharaha-full-chapter_ext.txt.out.dict_6023,कदाचित्तादृश,कदाचित्+तादृश,6023,,,,1,
6_vishishtavyshishtyabodhavicharaha-full-chapter_ext.txt.out.dict_6109,तत्प्रति,तत्+प्रति,6109,,1,1,1,
7_Akankshavadaha-chapter_ext.txt.out.dict_6203,तत्कालीन,तत्+कालीन,6203,,,,1,
7_Akankshavadaha-chapter_ext.txt.out.dict_6210,तत्पद,तत्+पद,6210,,1,1,1,
7_Akankshavadaha-chapter_ext.txt.out.dict_6271,प्राक्क्षणे,प्राक्+क्षणे,6271,,1,1,1,
8_samagrivadaha_ext.txt.out.dict_6302,तत्समानविषयक,तत्+समानविषयक,6302,,,,,
8_samagrivadaha_ext.txt.out.dict_6311,तत्संग्रहः,तत्+संग्रहः,6311,,,,,
8_samagrivadaha_ext.txt.out.dict_6334,sपि,अपि,6334,,,,,
8_samagrivadaha_ext.txt.out.dict_6368,तत्प्रत्यक्ष,तत्+प्रत्यक्ष,6368,,1,1,1,
jijivisha-1_ext.txt.out.dict_6423,तत्तु,तत्+तु,6423,,1,1,1,
kalayata-1_ext.txt.out.dict_6477,किञ्चित्कालं,किञ्चित्+कालं,6477,,,,,
kalayata-1_ext.txt.out.dict_6494,महत्स्थानं,महत्+स्थानं,6494,,,,,
kalayata-2_ext.txt.out.dict_6532,यत्सत्यं,यत्+सत्यं,6532,,,,,
kalayata-2_ext.txt.out.dict_6564,तत्सत्यं,तत्+सत्यं,6564,,,,,
kalayata-2_ext.txt.out.dict_6571,तत्कर्म,तत्+कर्म,6571,,1,1,1,
kalayata-2_ext.txt.out.dict_6572,भवत्कृते,भवत्+कृते,6572,,1,1,1,
kalayata-2_ext.txt.out.dict_6575,महत्कर्म,महत्+कर्म,6575,,1,1,1,
kalayata-6_ext.txt.out.dict_6703,अकस्मात्वार्ता,अकस्मात्+वार्ता,6703,,,,,
kalayata-6_ext.txt.out.dict_6706,किञ्चित्कालं,किञ्चित्+कालं,6706,,,,,
kalayata-6_ext.txt.out.dict_6711,किञ्चित्कालं,किञ्चित्+कालं,6711,,,,,
kalayata-6_ext.txt.out.dict_6730,किञ्चित्कालं,किञ्चित्+कालं,6730,,,,,
kalayata-6_ext.txt.out.dict_6742,किञ्चित्जलं,किञ्चित्+जलं,6742,,,,,
kalayata-6_ext.txt.out.dict_6749,किञ्चित्कालं,किञ्चित्+कालं,6749,,,,,
kalayata-7_ext.txt.out.dict_6772,तत्दृश्यं,तत्+दृश्यं,6772,,,,,
kalayata-7_ext.txt.out.dict_6808,किञ्चित्कालं,किञ्चित्+कालं,6808,,,,,
kalayata-7_ext.txt.out.dict_6821,अन्यत्काव्यं,अन्यत्+काव्यं,6821,,,,,
kalayata-7_ext.txt.out.dict_6823,तत्पठनं,तत्+पठनं,6823,,,,,
kalayata-7_ext.txt.out.dict_6825,किञ्चित्कालं,किञ्चित्+कालं,6825,,,,,
kalayata-7_ext.txt.out.dict_6832,किञ्चित्कालं,किञ्चित्+कालं,6832,,,,,
kalayata-7_ext.txt.out.dict_6834,तत्ताम्बूलं,तत्+ताम्बूलं,6834,,,,,
kalayata-8_ext.txt.out.dict_6866,तत्कथनं,तत्+कथनं,6866,,,,,
kalayata-8_ext.txt.out.dict_6884,किञ्चित्पानीयं,किञ्चित्+पानीयं,6884,,,,,
kalayata-8_ext.txt.out.dict_6897,यत्कृतं,यत्+कृतं,6897,,,,,
kalayata-9_ext.txt.out.dict_6937,किञ्चित्कालं,किञ्चित्+कालं,6937,,,,,
kalayata-9_ext.txt.out.dict_6953,तत्कर्म,तत्+कर्म,6953,,1,1,1,
kalayata-9_ext.txt.out.dict_6960,तत्पत्रं,तत्+पत्रं,6960,,,,,
Kvallari-24_ext.txt.out.dict_7403,तत्तु,तत्+तु,7403,,1,1,1,
Kvallari-6_ext.txt.out.dict_7491,कदाचित्तस्मात्,कदाचित्+तस्मात्,7491,,,,1,
kumaravi-1_ext.txt.out.dict_7583,चेत्तदा,चेत्+तदा,7583,,1,1,1,
kumaravi-1_ext.txt.out.dict_7584,विद्युत्तदा,विद्युत्+तदा,7584,,1,1,1,
kumaravi-1_ext.txt.out.dict_7659,चेत्तदा,चेत्+तदा,7659,,1,1,1,
kumaravi-3_ext.txt.out.dict_7788,यत्किं,यत्+किं,7788,,,,,
kumaravi-4_ext.txt.out.dict_7926,यत्तत्र,यत्+तत्र,7926,,1,1,1,
kumaravi-5_ext.txt.out.dict_7969,पश्चात्तं,पश्चात्+तं,7969,,,,,
kumaravi-5_ext.txt.out.dict_7990,तत्तु,तत्+तु,7990,,1,1,1,
kumaravi-6_ext.txt.out.dict_8107,क्वचित्ताडनं,क्वचित्+ताडनं,8107,,,,,
kumaravi-6_ext.txt.out.dict_8176,तत्तु,तत्+तु,8176,,1,1,1,
kumaravi-6_ext.txt.out.dict_8182,यत्कर्म,यत्+कर्म,8182,,1,1,1,
madhavi-ext.txt.out.dict_8198,केचित्तु,केचित्+तु,8198,,,,1,
madhavi-ext.txt.out.dict_8200,केचित्तु,केचित्+तु,8200,,,,1,
madhavi-ext.txt.out.dict_8297,क्वचित्पाठः,क्वचित्+पाठः,8297,,,,1,
madhavi-ext.txt.out.dict_8312,केचित्तु,केचित्+तु,8312,,,,1,
madhavi-ext.txt.out.dict_8335,केचित्तु,केचित्+तु,8335,,,,1,
madhavi-ext.txt.out.dict_8439,क्वचित्तथैव,क्वचित्+तथैव,8439,,,,1,
manjusa-ext.txt.out.dict_8565,यत्तु,यत्+तु,8565,,1,1,1,
manjusa-ext.txt.out.dict_8576,यत्तु,यत्+तु,8576,,1,1,1,
manjusa-ext.txt.out.dict_8597,केचित्तु,केचित्+तु,8597,,,,1,
manjusa-ext.txt.out.dict_8628,क्वचित्तथैव,क्वचित्+तथैव,8628,,,,1,
manjusa-ext.txt.out.dict_8662,यत्तु,यत्+तु,8662,,1,1,1,
manjusa-ext.txt.out.dict_8672,यत्तु,यत्+तु,8672,,1,1,1,
manjusa-ext.txt.out.dict_8680,क्वचित्तथैव,क्वचित्+तथैव,8680,,,,1,
manjusa-ext.txt.out.dict_8686,क्वचित्पाठः,क्वचित्+पाठः,8686,,,,1,
manjusa-ext.txt.out.dict_8696,यत्तु,यत्+तु,8696,,1,1,1,
manjusa-ext.txt.out.dict_8709,यत्तु,यत्+तु,8709,,1,1,1,
manjusa-ext.txt.out.dict_8725,केचित्तु,केचित्+तु,8725,,,,1,
manjusa-ext.txt.out.dict_8753,केचित्तु,केचित्+तु,8753,,,,1,
manjusa-ext.txt.out.dict_8787,क्वचित्तथैव,क्वचित्+तथैव,8787,,,,1,
manjusa-ext.txt.out.dict_8795,यत्तु,यत्+तु,8795,,1,1,1,
manjusa-ext.txt.out.dict_8812,यत्तु,यत्+तु,8812,,1,1,1,
nala-25_ext.txt.out.dict_8955,यत्त्वं,यत्+त्वं,8955,,,,,
nala-2_ext.txt.out.dict_8972,यथावत्परिपाल्य,यथावत्+परिपाल्य,8972,,1,1,1,
nala-3_ext.txt.out.dict_8989,नो चेत्,नो+चेत्,8989,,1,1,,
nala-7_ext.txt.out.dict_9050,किञ्चित्कठिना,किञ्चित्+कठिना,9050,,,,1,
nyayasara-ext.txt.out.dict_9558,वाच्यं,वाच्यम्,9558,,,,,
nyayasara-ext.txt.out.dict_9571,यत्तु,यत्+तु,9571,,1,1,1,
nyayasara-ext.txt.out.dict_9582,योजनं,योजनम्,9582,,,,,
nyayasara-ext.txt.out.dict_9675,वाक्यं,वाक्यम्,9675,,,,,
nyayasara-ext.txt.out.dict_9678,स्यात्तदा,स्यात्+तदा,9678,,1,1,1,
nyayasara-ext.txt.out.dict_9700,सादृश्यं,सादृश्यम्,9700,,,,,
nyayasara-ext.txt.out.dict_9790,वाच्यं,वाच्यम्,9790,,,,,
nyayasara-ext.txt.out.dict_9834,कथं,कथम्,9834,,,,,
pratap_ext.txt.out.dict_9921,तत्सैन्यं,तत्+सैन्यं,9921,,,,,
pratap_ext.txt.out.dict_9929,तत्तु,तत्+तु,9929,,1,1,1,
Sanskritkathakunj_ext.txt.out.dict_10158,यस्त्वां क्लिश्नाति,य,10158,,,,,
Sanskritkathakunj_ext.txt.out.dict_10160,समाविष्टस्त्वं सुखसाधनानि,समाविष्ट,10160,,,,,
Sanskritkathakunj_ext.txt.out.dict_10163,मनोमोषणमेव,मन,10163,,,,,
Sanskritkathakunj_ext.txt.out.dict_10166,सुत एवं एवं प्रभुः,सुत,10166,,,,,
Sanskritkathakunj_ext.txt.out.dict_10168,मातर्मा,मात,10168,,,,,
Sanskritkathakunj_ext.txt.out.dict_10175,कर्णो नरपतिः,कर्ण,10175,,,,,
Sanskritkathakunj_ext.txt.out.dict_10178,गजारूढो राजापि,गजारूढ,10178,,,,,
Sanskritkathakunj_ext.txt.out.dict_10211,राजसः सङ्घः,राजसः+सङ्घः,10211,,1,1,,
Sanskritkathakunj_ext.txt.out.dict_10231,प्रविष्ट एव।,प्रविष्ट,10231,1,,,,
Sanskritkathakunj_ext.txt.out.dict_10238,तमोबाहुल्येन,तम,10238,,,,,
Sanskritkathakunj_ext.txt.out.dict_10256,पृष्टो मन्त्रिप्रभृतिभिस्तद्विषये,पृष्ट,10256,,,,,
Sanskritkathakunj_ext.txt.out.dict_10258,तत्पुनरपि,तत्+पुनरपि,10258,,,,1,
Sanskritkathakunj_ext.txt.out.dict_10275,स तुरङ्गमस्तस्मिन्नेव,स,10275,1,,,,
Sanskritkathakunj_ext.txt.out.dict_10280,पुरस्समुपागतास्तेऽपि,पुर,10280,,,,,
Sanskritkathakunj_ext.txt.out.dict_10291,भूयो भूयः,भूय,10291,,,,,
Sanskritkathakunj_ext.txt.out.dict_10305,सत्कृतो यथावत्,सत्कृत,10305,,,,,
Sanskritkathakunj_ext.txt.out.dict_10310,एष एव,एष,10310,,,,,
Sanskritkathakunj_ext.txt.out.dict_10351,स्यात्तदा,स्यात्+तदा,10351,,1,1,1,
Sanskritkathakunj_ext.txt.out.dict_10375,स्यात्तर्हि,स्यात्+तर्हि,10375,,1,1,1,
Sanskritkathakunj_ext.txt.out.dict_10380,तत्तु,तत्+तु,10380,,1,1,1,
Sanskritkathakunj_ext.txt.out.dict_10402,स्यात्तर्हि,स्यात्+तर्हि,10402,,1,1,1,
Sanskritkathakunj_ext.txt.out.dict_10413,बलात्संस्थाप्य,बलात्+संस्थाप्य,10413,,1,1,,
Sanskritkathakunj_ext.txt.out.dict_10490,पुनरेत्‍य,पुन,10490,,,,,
Sanskritkathakunj_ext.txt.out.dict_10503,पादाहतो भुजग भुजग एव,पादाहत,10503,,,,,
Sanskritkathakunj_ext.txt.out.dict_10552,शिरोबलिना,शिर,10552,,,,,
Sanskritkathakunj_ext.txt.out.dict_10598,लोकाविषादाश्रूणि,लोका,10598,,,,,
Sanskritkathakunj_ext.txt.out.dict_10661,पुरश्चचाल।,पुर,10661,,,,,
Sanskritkathakunj_ext.txt.out.dict_10672,पितामहोऽसकृदभाषतेति,पितामह,10672,,,,,
Sanskritkathakunj_ext.txt.out.dict_10697,पुरोऽवलम्‍बमानो,पुर,10697,,,,,
Sanskritkathakunj_ext.txt.out.dict_10698,वचोऽशृणोत्।,वच,10698,,,,,
Sanskritkathakunj_ext.txt.out.dict_10760,स रागमत्तस्तिष्ठति-,स,10760,1,,,,
Sanskritkathakunj_ext.txt.out.dict_10783,बालाश्च,बाला,10783,,,,,
Sanskritkathakunj_ext.txt.out.dict_10804,अपरत्र,अपर,10804,,,,,
Sanskritkathakunj_ext.txt.out.dict_10811,महाभागो मामवलोक्‍य,महाभाग,10811,,,,,
Sanskritkathakunj_ext.txt.out.dict_10825,भूयस्‍त्‍वं,भूय,10825,,,,,
Sanskritkathakunj_ext.txt.out.dict_10841,सोऽप्‍येवमेवैनम्।,स,10841,,,,,
Sanskritkathakunj_ext.txt.out.dict_10880,चक्षुषोर्मौक्तिकानि,चक्षुष,10880,,,,,
Sanskritkathakunj_ext.txt.out.dict_10905,पुनर्नवतां विधत्ते।,पुन,10905,,,,,
Sanskritkathakunj_ext.txt.out.dict_10992,विचलिताऽहमभूवम्।,विचलित,10992,,,,,
Sanskritkathakunj_ext.txt.out.dict_11006,नभोमण्डले,नभ,11006,,,,,
Sanskritkathakunj_ext.txt.out.dict_11043,कोयमद्यत्‍वे,क,11043,,,,,
Sanskritkathakunj_ext.txt.out.dict_11046,शिरोऽप्‍युन्‍नमयितुं न,शिर,11046,,,,,
Sanskritkathakunj_ext.txt.out.dict_11047,कोऽप्‍यत्र,क,11047,,,,,
Sanskritkathakunj_ext.txt.out.dict_11049,लेशोऽपि,लेश,11049,,,,,
Sanskritkathakunj_ext.txt.out.dict_11072,योऽद्य,य,11072,,,,,
Sanskritkathakunj_ext.txt.out.dict_11086,समुपेतोऽस्मि,समुपेत,11086,,,,,
Sanskritkathakunj_ext.txt.out.dict_11087,कुतोऽहं सुखी!!,कुत,11087,,,,,
Sanskritkathakunj_ext.txt.out.dict_11091,कुतो मे,कुत,11091,,,,,
Sanskritkathakunj_ext.txt.out.dict_11095,कृतार्थोऽहम्’,कृतार्थ,11095,,,,,
Sanskritkathakunj_ext.txt.out.dict_11101,यश्च,य,11101,,,,,
Sanskritkathakunj_ext.txt.out.dict_11103,सोऽस्ति,स,11103,,,,,
Sanskritkathakunj_ext.txt.out.dict_11109,भीषणोऽपराधः!!,भीषण,11109,,,,,
Sanskritkathakunj_ext.txt.out.dict_11114,पृष्टोऽभूत्,पृष्ट,11114,,,,,
Sanskritkathakunj_ext.txt.out.dict_11119,भूयस्‍तरम्?,भूय,11119,,,,,
Sanskritkathakunj_ext.txt.out.dict_11120,कीदृशोऽयं मर्माघातोऽभूत्!,कीदृश,11120,,,,,
Sanskritkathakunj_ext.txt.out.dict_11124,सोऽयमध्‍यापयिष्‍यति,स,11124,,,,,
Sanskritkathakunj_ext.txt.out.dict_11125,श्रमोऽद्य।,श्रम,11125,,,,,
Sanskritkathakunj_ext.txt.out.dict_11135,शयानोऽभूत्।,शयान,11135,,,,,
Sanskritkathakunj_ext.txt.out.dict_11142,रवोऽपि,रव,11142,,,,,
Sanskritkathakunj_ext.txt.out.dict_11143,श्रूयमाणोऽभूत्।,श्रूयमाण,11143,,,,,
Sanskritkathakunj_ext.txt.out.dict_11145,सोऽयमद्भुतस्‍यास्‍यानुभवस्‍य,स,11145,,,,,
Sanskritkathakunj_ext.txt.out.dict_11149,स्थितोऽभूत्।,स्थित,11149,,,,,
Sanskritkathakunj_ext.txt.out.dict_11150,प्रभावोऽभूत्।,प्रभाव,11150,,,,,
Sanskritkathakunj_ext.txt.out.dict_11151,वीक्षमाणोऽभूत्।,वीक्षमाण,11151,,,,,
Sanskritkathakunj_ext.txt.out.dict_11157,सोऽयमन्‍वभवद्यन्‍नाधुनाऽहं स्‍थातुं स्‍थातुं शक्‍नुयाम्।,स,11157,,,,,
Sanskritkathakunj_ext.txt.out.dict_11160,सोऽनुबभूव,स,11160,,,,,
Sanskritkathakunj_ext.txt.out.dict_11166,स्थितोऽभूत,स्थित,11166,,,,,
Sanskritkathakunj_ext.txt.out.dict_11168,चक्षुषोरनृत्‍यत्।,चक्षुष,11168,,,,,
Sanskritkathakunj_ext.txt.out.dict_11169,पुनरस्‍मदयम्।,पुन,11169,,,,,
Sanskritkathakunj_ext.txt.out.dict_11173,शनैरुपसृत्य,शनै,11173,,,,,
Sanskritkathakunj_ext.txt.out.dict_11180,धूर्त्तोऽवलिप्‍तश्चाऽभूत।,धूर्त्त,11180,,,,,
Sanskritkathakunj_ext.txt.out.dict_11190,सरित्तथैव,सरित्+तथैव,11190,,,,1,
Sanskritkathakunj_ext.txt.out.dict_11192,भूयोऽपि,भूय,11192,,,,,
Sanskritkathakunj_ext.txt.out.dict_11196,चिकीर्षुरसति,चिकीर्षु,11196,,,,,
Sanskritkathakunj_ext.txt.out.dict_11200,विरक्तोऽस्मि,विरक्त,11200,,,,,
Sanskritkathakunj_ext.txt.out.dict_11219,सुचितोऽस्मिन्,सुचित,11219,,,,,
Sanskritkathakunj_ext.txt.out.dict_11238,लेख एको एको मयैव,लेख,11238,,,,,
Sanskritkathakunj_ext.txt.out.dict_11251,जन इत्‍यादिवचोवितानप्रतानसन्‍तानिनीं इत्‍यादिवचोवितानप्रतानसन्‍तानिनीं गिरं गिरं निजगाद।,जन,11251,,,,,
Sanskritkathakunj_ext.txt.out.dict_11288,अतो न,अत,11288,,,,,
Sanskritkathakunj_ext.txt.out.dict_11326,सोऽवश्‍यं ग्रन्‍थं ग्रन्‍थं प्रकाशयिष्‍यति।,स,11326,,,,,
Sanskritkathakunj_ext.txt.out.dict_11352,यत्ते,यत्+ते,11352,,1,1,1,
Sanskritkathakunj_ext.txt.out.dict_11365,एकतोऽस्मिन्,एकत,11365,,,,,
Sanskritkathakunj_ext.txt.out.dict_11368,वृद्धो वराकोऽप्रत्‍याशितं वराकोऽप्रत्‍याशितं परुषवचनं परुषवचनं वज्राघातनिभमुत्तरं वज्राघातनिभमुत्तरं निशम्‍य,वृद्ध,11368,,,,,
Sanskritkathakunj_ext.txt.out.dict_11369,समाजोऽचिरमेव,समाज,11369,,,,,
Sanskritkathakunj_ext.txt.out.dict_11386,संवादास्‍तु,संवाद,11386,,,,,
Sanskritkathakunj_ext.txt.out.dict_11391,मनोयोगे,मन,11391,,,,,
Sanskritkathakunj_ext.txt.out.dict_11401,मनोभावमनुभवमहिम्‍ना,मन,11401,,,,,
Sanskritkathakunj_ext.txt.out.dict_11405,तत्करोति,तत्+करोति,11405,,1,1,1,
Sanskritkathakunj_ext.txt.out.dict_11417,समयो वर्त्तते।,समय,11417,,,,,
Sanskritkathakunj_ext.txt.out.dict_11543,सहायकोऽभवत्।,सहायक,11543,,,,,
Sanskritkathakunj_ext.txt.out.dict_11582,ततोऽसौ,तत,11582,,,,,
Sanskritkathakunj_ext.txt.out.dict_11585,सर्वतोऽपि,सर्वत,11585,,,,,
Sanskritkathakunj_ext.txt.out.dict_11653,कस्‍ते,क,11653,,,,,
Sanskritkathakunj_ext.txt.out.dict_11807,सोरस्‍ताडं तत्रासौ,सोर,11807,,,,,
tarkabhasha-ext.txt.out.dict_11882,यत्करणं,यत्+करणं,11882,,,,,
tarkabhasha-ext.txt.out.dict_11883,तत्प्रमाणम्,तत्+प्रमाणम्,11883,,1,1,1,
tarkabhasha-ext.txt.out.dict_11898,केचित्तु,केचित्+तु,11898,,,,1,
tarkabhasha-ext.txt.out.dict_11917,चेत्तर्हि,चेत्+तर्हि,11917,,1,1,1,
tarkabhasha-ext.txt.out.dict_11940,यत्तु,यत्+तु,11940,,1,1,1,
tarkabhasha-ext.txt.out.dict_11979,तत्तस्मात्,तत्+तस्मात्,11979,,1,1,1,
tarkabhasha-ext.txt.out.dict_12034,चेत्तर्हि,चेत्+तर्हि,12034,,1,1,1,
tarkabhasha-ext.txt.out.dict_12040,तत्तु,तत्+तु,12040,,1,1,1,
tarkabhasha-ext.txt.out.dict_12353,तत्तु,तत्+तु,12353,,1,1,1,
tarkabhasha-ext.txt.out.dict_12432,चेत्तर्हि,चेत्+तर्हि,12432,,1,1,1,
tarkabhasha-ext.txt.out.dict_12575,तत्तु,तत्+तु,12575,,1,1,1,
tarkabhasha-ext.txt.out.dict_12594,कालातीत इति,कालातीत+इति,12594,,,,,
tarkabhasha-ext.txt.out.dict_12695,तत्तु,तत्+तु,12695,,1,1,1,
tarkabhasha-ext.txt.out.dict_12817,चेत्तदा,चेत्+तदा,12817,,1,1,1,
tarkabhasha-ext.txt.out.dict_12869,यत्स्वरूपं,यत्+स्वरूपं,12869,,,,,
tarkchudamani-ext.txt.out.dict_13097,तत्सम्बन्धः,तत्+सम्बन्धः,13097,,1,1,1,
tarkchudamani-ext.txt.out.dict_13761,तावत्सु,तावत्+सु,13761,,,,1,
tarkchudamani-ext.txt.out.dict_13868,क्षिति,क्षितिः,13868,,,,,
tarkchudamani-ext.txt.out.dict_14312,कथं,कथम्,14312,,,,,
4-asaadarana-ext.txt.out.dict_14409,इति,इति,14409,,1,1,,
4-asaadarana-ext.txt.out.dict_14422,यत्तु,यत्+तु,14422,,1,1,1,
TENA-11_ext.txt.out.dict_14545,चेत्ततः,चेत्+ततः,14545,,1,1,1,
TENA-15_ext.txt.out.dict_14637,त्वत्समः,त्वत्+समः,14637,,1,1,1,
TENA-40_ext.txt.out.dict_15031,किञ्चित्कालं,किञ्चित्+कालं,15031,,,,,
upamiti-1_ext.txt.out.dict_15859,सम्यक्त्वं,सम्यक्+त्वं,15859,,,,,
upamiti-1_ext.txt.out.dict_15872,तत्तु,तत्+तु,15872,,1,1,1,
upamiti-4_ext.txt.out.dict_16715,तद् राज्ञी,तद्+राज्ञी,16715,,,,,
vetalkatha_ext.txt.out.dict_16855,इति उक्त्वा,इति+उक्त्वा,16855,,1,1,,
vetalkatha_ext.txt.out.dict_16858,राक्षसी उत्थाय,राक्षसी+उत्थाय,16858,,1,1,,
vetalkatha_ext.txt.out.dict_16863,कालः एव,कालः+एव,16863,,1,1,,
vetalkatha_ext.txt.out.dict_16870,इति उक्त्वा,इति+उक्त्वा,16870,,1,1,,
vetalkatha_ext.txt.out.dict_16872,ज्ञातम् एव,ज्ञातम्+एव,16872,,1,1,,
vetalkatha_ext.txt.out.dict_16873,सः एव,सः+एव,16873,,1,1,,
vetalkatha_ext.txt.out.dict_16874,इति उक्त्वा,इति+उक्त्वा,16874,,1,1,,
vetalkatha_ext.txt.out.dict_16875,इति उक्त्वा,इति+उक्त्वा,16875,,1,1,,
vetalkatha_ext.txt.out.dict_16877,हस्ते अपि,हस्ते+अपि,16877,,1,1,,
vetalkatha_ext.txt.out.dict_16878,चेत् एव,चेत्+एव,16878,,1,1,,
vetalkatha_ext.txt.out.dict_16888,एषः एव,एषः+एव,16888,,1,1,,
vetalkatha_ext.txt.out.dict_16889,तत्र एका,तत्र+एका,16889,,,,,
vetalkatha_ext.txt.out.dict_16890,प्राप्तिः एव,प्राप्तिः+एव,16890,,1,1,,
vetalkatha_ext.txt.out.dict_16891,इति उक्त्वा,इति+उक्त्वा,16891,,1,1,,
vetalkatha_ext.txt.out.dict_16892,प्रलपनम् इव,प्रलपनम्+इव,16892,,1,1,,
vetalkatha_ext.txt.out.dict_16943,इच्छन् अपि,इच्छन्+अपि,16943,,1,1,,
vetalkatha_ext.txt.out.dict_16944,एषः एव,एषः+एव,16944,,1,1,,
vetalkatha_ext.txt.out.dict_16948,त्रयः अपि,त्रयः+अपि,16948,,1,1,,
vetalkatha_ext.txt.out.dict_16949,अहम् अपि,अहम्+अपि,16949,,1,1,,
vetalkatha_ext.txt.out.dict_16950,एषः एव,एषः+एव,16950,,1,1,,
vetalkatha_ext.txt.out.dict_16951,निमित्तम् एव,निमित्तम्+एव,16951,,1,1,,
vetalkatha_ext.txt.out.dict_16975,यत्किञ्चित्,यत्+किञ्चित्,16975,,,,1,
vetalkatha_ext.txt.out.dict_16984,एवम् उक्त्वा,एवम्+उक्त्वा,16984,,1,1,,
vetalkatha_ext.txt.out.dict_16996,एकम् अपि,एकम्+अपि,16996,,1,1,,
vetalkatha_ext.txt.out.dict_16997,व्यर्थम् एव,व्यर्थम्+एव,16997,,1,1,,
vetalkatha_ext.txt.out.dict_17001,अस्ति एव,अस्ति+एव,17001,,1,1,,
vetalkatha_ext.txt.out.dict_17002,सह एव,सह+एव,17002,,,,,
vetalkatha_ext.txt.out.dict_17003,निमित्तम् एव,निमित्तम्+एव,17003,,1,1,,
vetalkatha_ext.txt.out.dict_17005,निमित्तम् एव,निमित्तम्+एव,17005,,1,1,,
vetalkatha_ext.txt.out.dict_17006,अस्ति एव,अस्ति+एव,17006,,1,1,,
vetalkatha_ext.txt.out.dict_17007,तेन एव,तेन+एव,17007,,,,,
vetalkatha_ext.txt.out.dict_17008,अहम् एव,अहम्+एव,17008,,1,1,,
vetalkatha_ext.txt.out.dict_17009,एवम् अस्ति,एवम्+अस्ति,17009,,1,1,,
vetalkatha_ext.txt.out.dict_17014,सः एव,सः+एव,17014,,1,1,,
vetalkatha_ext.txt.out.dict_17015,सम्यक् एव,सम्यक्+एव,17015,,1,1,,
vinodini-ext.txt.out.dict_17105,यत्तु,यत्+तु,17105,,1,1,1,
vrubhangam_ext.txt.out.dict_17197,तत्तत्कृत्वा,तत्+तत्+कृत्वा,17197,,1,1,1,
vrubhangam_ext.txt.out.dict_17246,अपि,अपि,17246,,1,1,,
vyutpattivada-ext.txt.out.dict_17309,यत्तु,यत्+तु,17309,,1,1,1,
vyutpattivada-ext.txt.out.dict_17394,सं,सम्,17394,,,,,
vyutpattivada-ext.txt.out.dict_17397,तत्समानाधिकरण,तत्+समानाधिकरण,17397,,,,,
vyutpattivada-ext.txt.out.dict_17446,तत्सजातीयः,तत्+सजातीयः,17446,,1,1,1,
vyutpattivada-ext.txt.out.dict_17462,यत्तु,यत्+तु,17462,,1,1,1,
vyutpattivada-ext.txt.out.dict_17518,स्यात्तदा,स्यात्+तदा,17518,,1,1,1,
vyutpattivada-ext.txt.out.dict_17612,यत्तु,यत्+तु,17612,,1,1,1,
vyutpattivada-ext.txt.out.dict_17660,तत्समानाधिकरण,तत्+समानाधिकरण,17660,,,,,
vyutpattivada-ext.txt.out.dict_17749,तथात्वं,तथात्वम्,17749,,,,,
vyutpattivada-ext.txt.out.dict_17770,सत्प्रतिपक्ष,सत्+प्रतिपक्ष,17770,,1,1,,
vyutpattivada-ext.txt.out.dict_17780,स्यात्तदा,स्यात्+तदा,17780,,1,1,1,
vyutpattivada-ext.txt.out.dict_17822,एवं,एवम्,17822,,,,,
vyutpattivada-ext.txt.out.dict_17827,तत्संभवः,तत्+संभवः,17827,,,,,
vyutpattivada-ext.txt.out.dict_17883,स्यात्तदा,स्यात्+तदा,17883,,1,1,1,
vyutpattivada-ext.txt.out.dict_17914,यत्तु,यत्+तु,17914,,1,1,1,
vyutpattivada-ext.txt.out.dict_17958,सं,सम्,17958,,,,,
vyutpattivada-ext.txt.out.dict_18013,यत्तु,यत्+तु,18013,,1,1,1,
vyutpattivada-ext.txt.out.dict_18035,समं,समम्,18035,,,,,
vyutpattivada-ext.txt.out.dict_18065,प्रयोजनं,प्रयोजनम्,18065,,,,,
vyutpattivada-ext.txt.out.dict_18089,राजवान्पुरुष,राजवान्+पुरुष,18089,,1,1,1,
vyutpattivada-ext.txt.out.dict_18127,राजवान्पुरुष,राजवान्+पुरुष,18127,,1,1,1,
vyutpattivada-ext.txt.out.dict_18128,राजवान्पुरुष,राजवान्+पुरुष,18128,,1,1,1,
vyutpattivada-ext.txt.out.dict_18173,एवं,एवम्,18173,,,,,
vyutpattivada-ext.txt.out.dict_18287,स्यात्तदा,स्यात्+तदा,18287,,1,1,1,
vyutpattivada-ext.txt.out.dict_18297,एवं,एवम्,18297,,,,,
vyutpattivada-ext.txt.out.dict_18329,शक्यतावच्छेदकं,शक्यतावच्छेदकम्,18329,,,,,
vyutpattivada-ext.txt.out.dict_18344,एवं,एवम्,18344,,,,,
vyutpattivada-ext.txt.out.dict_18345,प्रत्येकं,प्रत्येकम्,18345,,,,,
vyutpattivada-ext.txt.out.dict_18360,एवं,एवम्,18360,,,,,
vyutpattivada-ext.txt.out.dict_18374,स्यात्तर्हि,स्यात्+तर्हि,18374,,1,1,1,
vyutpattivada-ext.txt.out.dict_18414,परं,परम्,18414,,,,,
vyutpattivada-ext.txt.out.dict_18429,एवं,एवम्,18429,,,,,
vyutpattivada-ext.txt.out.dict_18509,एवं,एवम्,18509,,,,,
vyutpattivada-ext.txt.out.dict_18597,एवं,एवम्,18597,,,,,
vyutpattivada-ext.txt.out.dict_18610,एवं,एवम्,18610,,,,,
vyutpattivada-ext.txt.out.dict_18617,एवं,एवम्,18617,,,,,
vyutpattivada-ext.txt.out.dict_18647,एवं,एवम्,18647,,,,,
vyutpattivada-ext.txt.out.dict_18663,स्वं,स्वम्,18663,,,,,
vyutpattivada-ext.txt.out.dict_18666,एवं,एवम्,18666,,,,,
vyutpattivada-ext.txt.out.dict_18668,एवं,एवम्,18668,,,,,
vyutpattivada-ext.txt.out.dict_18674,वाक्यं,वाक्यम्,18674,,,,,
