सुखेनैव,:सुखेन,एव,
प्रतिपच्चन्द्रः,:प्रतिपत्,चन्द्रः,
यतो,हि,:यतः,हि,
शिक्षणमपि,:शिक्षणम्,अपि,
शीघ्रमेव,:शीघ्रम्,एव,
बाल्यात्प्रभृति,:बाल्यात्,प्रभृति,
किमस्ति,:किम्,अस्ति,
भवानेव,:भवान्,एव,
भयमपि,:भयम्,अपि,
यतो,हि,:यतः,हि,
स,एव,:सः,एव,
यतो,हि,:यतः,हि,
तत्कार्यम्,:तत्,कार्यम्,
अपूर्णमेव,:अपूर्णम्,एव,
प्रतिपच्चन्द्रलेखेव,:प्रतिपत्,चन्द्रलेखा,इव,
वर्धिष्णुर्विश्ववन्दिता।,:वर्धिष्णुः,विश्ववन्दिता।,
शिवस्यैषा,:शिवस्य,एषा,
शीघ्रमेव,:शीघ्रम्,एव,
अनुक्षणमेव,:अनुक्षणम्,एव,
बहिरानीतानि।,:बहिः,आनीतानि।,
हतोSस्मि,:हतः,अस्मि,
वञ्चिSतोस्मि",:वञ्चितः,अस्मि",
यतो,हि,:यतः,हि,
शीघ्रमेव,:शीघ्रम्,एव,
"इदानीमपि,:"इदानीम्,अपि,
युद्धमपि,:युद्धम्,अपि,
आक्रमणमेव,:आक्रमणम्,एव,
स,असमर्थः,:सः,असमर्थः,
अन्ततो,गत्वा,:अन्ततः,गत्वा,
तावत्सुकरम्।,:तावत्,सुकरम्।,
धनमावश्यकम्।,:धनम्,आवश्यकम्।,
वणिक्केन्द्रम्,:वणिक्,केन्द्रम्,
स,दक्षिणप्रदेशं,:सः,दक्षिणप्रदेशं,
कुर्म,इति,:कुर्मः,इति,
अन्तिमायामेव,:अन्तिमायाम्,एव,
दातुमेव,:दातुम्,एव,
अन्ततो,गत्वा,:अन्ततः,गत्वा,
सुखेनैव,:सुखेन,एव,
