लघुराज्यानामेव,:लघुराज्यानाम्,एव,
दक्षिणभारतमपि,:दक्षिणभारतम्,अपि,
त्रयमेव,:त्रयम्,एव,
त्रयमपि,:त्रयम्,अपि,
सर्वेषामपि,:सर्वेषाम्,अपि,
राज्यमेतत्,:राज्यम्,एतत्,
विलसितमासीत्।,:विलसितम्,आसीत्।,
राज्यमपि,:राज्यम्,अपि,
अचिरादेव,:अचिरात्,एव,
सुगम्यमस्ति,:सुगम्यम्,अस्ति,
आदेशमेव,:आदेशम्,एव,
द्रष्टुमपि,:द्रष्टुम्,अपि,
राजधान्यामेव,:राजधान्याम्,एव,
एतत्कारणेन,:एतत्,कारणेन,
चेति,:च,इति,
पत्नीद्वयमासीत्।,:पत्नीद्वयम्,आसीत्।,
स्वतोऽपि,:स्वतः,अपि,
अचिरादेव,:अचिरात्,एव,
भवेदिति,:भवेत्,इति,
अपूर्णमेवासीत्।,:अपूर्णम्,एव,आसीत्।,
चिन्तयितुमपि,:चिन्तयितुम्,अपि,
सुकरमेव,:सुकरम्,एव,
उल्लेखमर्हति।,:उल्लेखम्,अर्हति।,
पोषकश्च।,:पोषकः,च।,
गाम्भीर्यमित्यादयः,:गाम्भीर्यम्,इत्यादयः,
नाटकमेकं,:नाटकम्,एकं,
प्रदर्शनमपि,:प्रदर्शनम्,अपि,
मुखमासीत्।,:मुखम्,आसीत्।,
विशालमासीत्।,:विशालम्,आसीत्।,
कस्यापि,:कस्य,अपि,
द्वयमपि,:द्वयम्,अपि,
अन्येषामपेक्षया,:अन्येषाम्,अपेक्षया,
दृढतरमासीत्।,:दृढतरम्,आसीत्।,
भवितुमर्हति,:भवितुम्,अर्हति,
राजमन्दिरमेकं,:राजमन्दिरम्,एकं,
पोषणमपि,:पोषणम्,अपि,
नाटकमेकं,:नाटकम्,एकं,
प्रयोगमपि,:प्रयोगम्,अपि,
पण्डितानामभिप्रायः।,:पण्डितानाम्,अभिप्रायः।,
विलसितमासीत्,:विलसितम्,आसीत्,
शिबिकायामुपावेश्य,:शिबिकायाम्,उपावेश्य,
चानुभूतवान्।,:च,अनुभूतवान्।,
विचारणमपि,:विचारणम्,अपि,
अनुचितमेव,:अनुचितम्,एव,
लेखनीयमेव,:लेखनीयम्,एव,
विंशतिवर्षाणामल्पावधौ,:विंशतिवर्षाणाम्,अल्पावधौ,
