भारतमिति,:भारतम्,इति,
कारणादेव,:कारणात्,एव,
भारतमिति,:भारतम्,इति,
वचनमनुसृत्य,:वचनम्,अनुसृत्य,
गतवानासीत्।,:गतवान्,आसीत्।,
आत्मानमपि,:आत्मानम्,अपि,
तत्रागतवान्।,:तत्र,आगतवान्।,
सम्मानमपि,:सम्मानम्,अपि,
एतादृशमपमानं,:एतादृशम्,अपमानं,
शकुन्तलामेवं,:शकुन्तलाम्,एवं,
स्मरिष्यतीति।,:स्मरिष्यति,इति।,
गन्तुमुद्युक्तः।,:गन्तुम्,उद्युक्तः।,
दुष्परिणाममपि,:दुष्परिणामम्,अपि,
तामुक्तवान्।,:ताम्,उक्तवान्।,
सौख्यमनुभूतवती।,:सौख्यम्,अनुभूतवती।,
सखीमनसूयामपि,:सखीम्,अनसूयाम्,अपि,
दत्तवानासीत्,:दत्तवान्,आसीत्,
शीघ्रमेव,:शीघ्रम्,एव,
पुनरागतवान्।,:पुनः,आगतवान्।,
केवलमनसूया,:केवलम्,अनसूया,
प्रत्यागतवान्।,:प्रति,आगतवान्।,
वरमेव,:वरम्,एव,
दुःखमपि,:दुःखम्,अपि,
गन्तुमुद्युक्ता।,:गन्तुम्,उद्युक्ता।,
सुखमनुभूतवती।,:सुखम्,अनुभूतवती।,
महदाश्चर्यमभवत्।,:महत्,आश्चर्यम्,अभवत्।,
बहुदुःखमनुभूतवती।,:बहुदुःखम्,अनुभूतवती।,
कारयितुमिच्छामि,:कारयितुम्,इच्छामि,
साहाय्यार्थमसमर्थाः।,:साहाय्यार्थम्,असमर्थाः।,
तामुन्नीय,:ताम्,उन्नीय,
रत्नभासुरमङ्गुलीयकं,:रत्नभासुरम्,अङ्गुलीयकं,
तत्कालमेव,:तत्कालम्,एव,
दत्तवानासीत्।,:दत्तवान्,आसीत्।,
स्मरणमभवत्।,:स्मरणम्,अभवत्।,
अन्वेषणमारब्धम्।,:अन्वेषणम्,आरब्धम्।,
दुःखमनुभूतवान्।,:दुःखम्,अनुभूतवान्।,
पृथ्वीमागता।,:पृथ्वीम्,आगता।,
बीजमिव,:बीजम्,इव,
साहाय्यार्थमाहूतवान्।,:साहाय्यार्थम्,आहूतवान्।,
भूमिमागच्छन्,:भूमिम्,आगच्छन्,
तापसीद्वयमपि,:तापसीद्वयम्,अपि,
तमवरोद्धुम्,:तम्,अवरोद्धुम्,
चक्रवर्तिलक्षणमपि,:चक्रवर्तिलक्षणम्,अपि,
एतद्,कथं,:एतत्,कथं,
यतो,हि,:यतः,हि,
खल्वयं,:खनग,अयं,
भयमनुभूतवती।,:भयम्,अनुभूतवती।,
तद्,दृष्ट्वा,:तत्,दृष्ट्वा,
परस्परमवलोकितवत्।,:परस्परम्,अवलोकितवत्।,
किमभवत्?,:किम्,अभवत्?,
पितरमात्मानं,:पितरम्,आत्मानं,
वर्जयित्वाऽपरो,न,:वर्जयित्वा,अपरः,न,
ततस्तं,:ततः,तं,
एतादृशमनुभवं,:एतादृशम्,अनुभवं,
अन्ततो,गत्वा,:अन्ततः,गत्वा,
मेलनमभवत्।,:मेलनम्,अभवत्।,
चात्मनः,:च,आत्मनः,
अभिजनवतो,भर्तुः,:अभिजनवतः,भर्तुः,
युक्तरूपमिदं,:युक्तरूपम्,इदं,
तपस्विजनानामुपसर्गः,:तपस्विजनानाम्,उपसर्गः,
गन्तुमुद्युक्तः।,:गन्तुम्,उद्युक्तः।,
तदनुसृत्य,:तत्,अनुसृत्य,
ध्येयमासीत्।,:ध्येयम्,आसीत्।,
केवलमाश्रमं,:केवलम्,आश्रमं,
परिश्रम,एव,:परिश्रमः,एव,
सार्थवाह,आसीत्।,:सार्थवाहः,आसीत्।,
प्रजावात्सल्यमस्ति।,:प्रजावात्सल्यम्,अस्ति।,
आद्यकर्तवयमिति,:आद्यकर्तवयम्,इति,
विरलमेव।,:विरलम्,एव।,
भूतो,न,:भूतः,न,
अवर्णनीयमासीत्।,:अवर्णनीयम्,आसीत्।,
परदारा,मातृसदृशाः,:परदाराः,मातृसदृशाः,
लावण्यमासीत्।,:लावण्यम्,आसीत्।,
परदारा,एव।,:परदाराः,एव।,
उचितमेव,:उचितम्,एव,
स्थापयितुमिच्छति,:स्थापयितुम्,इच्छति,
पुनरागता,:पुनः,आगता,
पश्चात्तापमनुभूतवान्।,:पश्चात्तापम्,अनुभूतवान्।,
प्रसिद्धमेव।,:प्रसिद्धम्,एव।,
आदर्शमस्ति।,:आदर्शम्,अस्ति।,
अनन्तरमपि,:अनन्तरम्,अपि,
जीवनपरीक्षायामुत्तीर्णौ,जातौ।,:जीवनपरीक्षायाम्,उत्तीर्णः,जातौ।,
सुखमयमासीत्।,:सुखमयम्,आसीत्।,
आद्यकर्तव्यमासीत्।,:आद्यकर्तव्यम्,आसीत्।,
प्राणिनामुपकारार्थं,:प्राणिनाम्,उपकारार्थं,
मृगयामपि,:मृगयाम्,अपि,
स्वर्गमाहूतवान्।,:स्वर्गम्,आहूतवान्।,
रञ्जनमेव,:रञ्जनम्,एव,
आद्यकर्तव्यमासीत्।,:आद्यकर्तव्यम्,आसीत्।,
निवारणार्थमाह्वयन्ति,:निवारणार्थम्,आह्वयन्ति,
ऋषिजनानामेतादृशी,:ऋषिजनानाम्,एतादृशी,
तस्योपरि,:तस्य,उपरि,
योगय,एव।,:योगयः,एव।,
दुःखमासीत्।,:दुःखम्,आसीत्।,
जागरितमभवत्।,:जागरितम्,अभवत्।,
वार्तालापमपि,:वार्तालापम्,अपि,
अन्ततो,गत्वा,:अन्ततः,गत्वा,
पुत्रमपि,:पुत्रम्,अपि,
आनन्दितमभवत्।,:आनन्दितम्,अभवत्।,
