चतुर्थोऽध्यायः,:चतुर्थः,अध्यायः,
चतुर्थोऽध्यायः,:चतुर्थः,अध्यायः,
बहिरायाति,:बहिः,आयाति,
गृहाद्बहिरागतजनान्,:गृहात्,बहिः,आगतजनान्,
सूर्पयन्निव,:सूर्पयन्,इव,
भवन्त्येव,:भवन्ति,एव,
नैकसरोवराः,:न,एकसरोवराः,
नालाश्च,:नालाः,च,
नारिकेलवृक्षाश्च,:नारिकेलवृक्षाः,च,
चिञ्चालवृक्षाश्च,:चिञ्चालवृक्षाः,च,
वल्मीकाम्बेति,:वल्मीकाम्बा,इति,
एकस्मिन्नेव,:एकस्मिन्,एव,
तस्मिन्नेव,:तस्मिन्,एव,
हनूमतश्च,:हनूमतः,च,
ब्राह्मणैस्साकं,:ब्राह्मणैः,साकं,
तृप्तोभवम्,:तृप्तः,अभवम्,
शिवशिवेति,:शिवशिव,इति,
अनिर्वचनीयतादात्म्यमनुभूय,:अनिर्वचनीयतादात्म्यम्,अनुभूय,
कैलासपुरमिव,:कैलासपुरम्,इव,
तदुत्सवं,:तत्,उत्सवं,
परमसुखमनुभवन्त्यः,:परमसुखम्,अनुभवन्त्यः,
विविधव्यापारसज्जितमकुर्वन्,:विविधव्यापारसज्जितम्,अकुर्वन्,
एवमेव,:एवम्,एव,
परग्रामीणाश्च,:परग्रामीणाः,च,
परमानन्दमनुभवन्तः,:परमानन्दम्,अनुभवन्तः,
तत्सर्वं,:तत्,सर्वं,
चलनचित्रमिव,:चलनचित्रम्,इव,
नास्ति,:न,अस्ति,
खेलितुमपि,:खेलितुम्,अपि,
नाहं,:न,अहं,
कुत्रापि,:कुत्र,अपि,
विचित्रोऽयं,:विचित्रः,अयं,
कर्तुमशक्नुमः,:कर्तुम्,अशक्नुमः,
हस्तावृद्यम्य,:हस्तौ,उद्यम्य,
तदाहं,:तदा,अहं,
सर्वमहं,:सर्वम्,अहं,
तेऽपि,:ते,अपि,
सर्वेऽपि,:सर्वे,अपि,
गावश्च,:गावः,च,
तालहिन्तालमद्यविक्रेतारः,:तालहिन्तालम्,अद्यविक्रेतारः,
कर्तव्यमकर्तव्यं,:कर्तव्यम्,अकर्तव्यं,
शिक्षितानपि,:शिक्षितान्,अपि,
वेदव्यासकथनमिति,:वेदव्यासकथनम्,इति,
तस्मिन्काले,:तस्मिन्,काले,
तस्यापत्येषु,:तस्य,अपत्येषु,
पौरोहित्यमपि,:पौरोहित्यम्,अपि,
तत्रापि,:तत्र,अपि,
कस्यापि,:कस्य,अपि,
नासन्,:न,आसन्,
कालरात्रिरिव,:कालरात्रिः,इव,
बहिर्गमनं,:बहिः,गमनं,
तस्यानुजः,:तस्य,अनुजः,
फलान्यानयत्,:फलानि,आनयत्,
देवापि,:देवा,अपि,
आङ्ग्लभाषापठनावकाशम्,:आङ्ग्लभाषापठन,अवकाशम्,
भारतीयसंस्कृतिबीजानवपत्,:भारतीयसंस्कृतिबीजान्,अवपत्,
सर्वबान्धवाश्च,:सर्वबान्धवाः,च,
मरिष्यतीति,:मरिष्यति,इति,
तस्योपरि,:तस्य,उपरि,
आच्छादितधवलांशुकमपि,:आच्छादितधवलांशुकम्,अपि,
पीतवर्णसिक्तमिव,:पीतवर्णसिक्तम्,इव,
मलमूत्रादिकमपि,:मलमूत्रादिकम्,अपि,
पीतवर्णमभूत्।,:पीतवर्णम्,अभूत्।,
केवलमीश्वरेच्छा,:केवलम्,ईश्वरेच्छा,
अच्युतोऽपि,:अच्युतः,अपि,
