सप्तमोऽध्यायः,:सप्तमः,अध्यायः,
सप्तमोऽध्यायः,:सप्तमः,अध्यायः,
बालिकाश्च,:बालिकाः,च,
तस्योपरि,:तस्य,उपरि,
कैषा,:का,एषा,
पानीयमानयति,:पानीयम्,आनयति,
द्वारसमीपमागत्य,:द्वारसमीपम्,आगत्य,
मस्तकादवतारय,:मस्तकात्,अवतारय,
तदाह्वानं,:तदा,आह्वानं,
बहिरागत्य,:बहिः,आगत्य,
कोऽसि,:कः,असि,
समागतोऽस्मि,:समागतः,अस्मि,
बुभुक्षितोऽस्मि,:बुभुक्षितः,अस्मि,
गृहमेतत्,:गृहम्,एतत्,
कर्णिकस्येति,:कर्णिकस्य,इति,
याचितुमागतोऽस्मि,:याचितुम्,आगतः,अस्मि,
भर्तारमाह्वयत्,:भर्तारम्,आह्वयत्,
तत्रैवोपविशेति,:तत्र,एव,उपविश,इति,
चोक्त्वा,:च,उक्त्वा,
तदेव,:तत्,एव,
पुनरुच्चार्य,:पुनः,उच्चार्य,
सर्वमिदं,:सर्वम्,इदं,
तत्सर्वं,:तत्,सर्वं,
तेनोक्तं,:तेन,उक्तं,
ग्रामेस्मिन्,:ग्रामे,अस्मिन्,
अस्मदीयगृहमेकमेव,:अस्मदीयगृहम्,एकम्,एव,
कथमहं,:कथम्,अहं,
कर्तुमादिश्य,:कर्तुम्,आदिश्य,
एतत्कर्म,:एतत्,कर्म,
अहरहः,:अहः,अहः,
अस्माभिरेव,:अस्माभिः,एव,
विश्रान्तिरेव,:विश्रान्तिः,एव,
यदस्ति,:यत्,अस्ति,
नाङ्गीकृत्य,:न,अङ्गीकृत्य,
धान्यमहं,:धान्यम्,अहं,
इत्युक्त्वा,:इति,उक्त्वा,
बालिकाश्च,:बालिकाः,च,
स्नात्वाऽऽयातु,:स्नात्वा,आयातु,
सत्वरमेव,:सत्वरम्,एव,
तत्दृश्यं,:तत्,दृश्यं,
मृगेष्वपि,:मृगेषु,अपि,
स्वात्मजानपि,:स्व,आत्मजान्,अपि,
गृहमाजगाम,:गृहम्,आजगाम,
नादृश्यत,:न,अदृश्यत,
द्वावपि,:द्वौ,अपि,
अद्यास्मत्गृहे,:अद्य,अस्मत्गृहे,
पुनीतमभूत्,:पुनीतम्,अभूत्,
भवितव्यमिति,:भवितव्यम्,इति,
विजयनगरादत्र,:विजयनगरात्,अत्र,
समागतोऽस्ति,:समागतः,अस्ति,
एतदागमनं,:एतत्,आगमनं,
तत्सर्वं,:तत्,सर्वं,
कालाधीनमेव,:कालाधीनम्,एव,
सोदर्यश्च,:सोदर्यः,च,
सर्वेऽपि,:सर्वे,अपि,
लोकान्तरमगात्,:लोकान्तरम्,अगात्,
वेदभागांश्चपाठयत्,:वेदभागान्,च,अपाठयत्,
जीवन्नपि,:जीवन्,अपि,
पुनर्विवाहः,:पुनः,विवाहः,
एनकेनापि,:एनकेन,अपि,
मास्तु,:मा,अस्तु,
प्रसन्नास्मः,:प्रसन्नः,स्मः,
प्रातिवेशिकाश्च,:प्रातिवेशिकाः,च,
इत्युक्त्वा,:इति,उक्त्वा,
सर्वेऽपि,:सर्वे,अपि,
पुनर्विवाहः,:पुनः,विवाहः,
पुनर्विवाहं,:पुनः,विवाहं,
पक्षपातयुतेयं,:पक्षपातयुता,इयं,
पुनर्विवाहोद्‌गातः,:पुनः,विवाहोद्‌गातः,
वेलायामागतम्,:वेलायाम्,आगतम्,
श्रावणमपृच्छत्,:श्रावणम्,अपृच्छत्,
तमब्रवीत्,:तम्,अब्रवीत्,
द्वारपार्श्वदण्डमवलम्ब्य,:द्वारपार्श्वदण्डम्,अवलम्ब्य,
अनुपदमेव,:अनुपदम्,एव,
आसनानामधोभागेषु,:आसनानाम्,अधोभागेषु,
उपधानमिव,:उपधानम्,इव,
जगत्सर्वं,:जगत्,सर्वं,
सर्वेऽपि,:सर्वे,अपि,
सोऽपि,:सः,अपि,
चिन्तयन्नास्ते,:चिन्तयन्,आस्ते,
पश्यन्नास्ते,:पश्यन्,आस्ते,
कुर्वन्नास्ते,:कुर्वन्,आस्ते,
सर्वेऽपि,:सर्वे,अपि,
कण्ठमाधुर्यमपि,:कण्ठमाधुर्यम्,अपि,
गायनमपि,:गायनम्,अपि,
कथमहं,:कथम्,अहं,
तद्वाक्यश्रवणेन,:तत्,वाक्यश्रवणेन,
तीव्रतमो,बभूव,:तीव्रतमः,बभूव,
हृदयस्पन्दनमधिकं,:हृदयस्पन्दनम्,अधिकं,
कथमत्राहं,:कथम्,अत्र,अहं,
कम्पितो,बभूव,:कम्पितः,बभूव,
सर्वेऽपि,:सर्वे,अपि,
शकटादवतीर्णाः,:शकटात्,अवतीर्णाः,
श्रावणोऽपि,:श्रावणः,अपि,
शकटादवतीर्णः,:शकटात्,अवतीर्णः,
बहिर्गन्तुं,:बहिः,गन्तुं,
कुत्रावकाशः,:कुत्र,अवकाशः,
श्रीकृष्णजन्मस्थानमेव,:श्रीकृष्णजन्मस्थानम्,एव,
तदपेक्षया,:तत्,अपेक्षया,
गन्तुमुचितं,:गन्तुम्,उचितं,
अयमिति,:अयम्,इति,
तत्क्षणमेव,:तत्क्षणम्,एव,
तिकेटुमपृच्छत्,:तिकेटुम्,अपृच्छत्,
ग्रीवामवलम्ब्य,:ग्रीवाम्,अवलम्ब्य,
मृत्युमखान्निर्गत,इव,:मृत्युमखात्,निर्गतः,इव,
बहिरागत्य,:बहिः,आगत्य,
मामद्य,:माम्,अद्य,
संस्कृतमेव,:संस्कृतम्,एव,
सप्तवादनमभूत्,:सप्तवादनम्,अभूत्,
शुचिर्भूत्वा,:शुचिः,भूत्वा,
बहिरागच्छति,:बहिः,आगच्छति,
शुल्कमपृच्छत्,:शुल्कम्,अपृच्छत्,
नास्तीति,:नास्ति,इति,
गच्छान्नास्ते,:गच्छान्,आस्ते,
श्रावणस्योपरि,:श्रावणस्य,उपरि,
बहुसिक्तोऽपि,:बहुसिक्तः,अपि,
अक्रोधनो,भूत्वा,:अक्रोधनः,भूत्वा,
बहिरागतः,:बहिः,आगतः,
समुत्सुकोऽभूत्,:समुत्सुकः,अभूत्,
कियन्मूल्यं,:कियत्,मूल्यं,
भवतीति,:भवति,इति,
आणकद्वयमिति,:आणकद्वयम्,इति,
बहिराकृष्य,:बहिः,आकृष्य,
तथैवात्र,:तथैव,अत्र,
कथमयं,:कथम्,अयं,
स्तम्भैर्विना,:स्तम्भैः,विना,
व्याप्तोऽस्तीति,:व्याप्तः,अस्ति,इति,
मृग्धोऽभूत्,:मृग्धः,अभूत्,
नद्यास्तीरे,:नद्याः,तीरे,
सोऽपि,:सः,अपि,
तेनैव,:तेन,एव,
बहिरागत्य,:बहिः,आगत्य,
समीपमागत्य,:समीपम्,आगत्य,
समागतोऽस्मि,:समागतः,अस्मि,
शीघ्रमेव,:शीघ्रम्,एव,
विशिष्यव्याकरणशास्त्रमपठम्,:विशिष्यव्याकरणशास्त्रम्,अपठम्,
अस्मत्सन्तानस्य,:अस्मत्,सन्तानस्य,
अत्रैव,:अत्र,एव,
एतन्मन्दिरं,:एतत्,मन्दिरं,
अत्रैव,:अत्र,एव,
सकलमाहत्य,:सकलम्,आहत्य,
एतत्सर्वं,:एतत्,सर्वं,
बहिरागतः,:बहिः,आगतः,
त्युक्त्वा,:इति,उक्त्वा,
तत्रैवोपविश्य,:तत्र,एव,उपविश्य,
कुर्वन्निव,:कुर्वन्,इव,
तत्रैव,:तत्र,एव,
पोलिकानपि,:पोलिकान्,अपि,
तद्भोजनं,:तत्,भोजनं,
नाभूत्,:न,अभूत्,
देवप्रसादमिव,:देवप्रसादम्,इव,
नद्यास्तीरे,:नद्याः,तीरे,
अन्नकणमपि,:अन्नकणम्,अपि,
देवालयस्याधिकारी,:देवालयस्य,अधिकारी,
तत्सर्वं,:तत्,सर्वं,
अश्रुत्यैव,:अश्रुत्य,एव,
नहीति,:नहि,इति,
महीसुरान्वय,",:महीसुरान्वय,",
इत्यपृच्छत्,:इति,अपृच्छत्,
तत्रैवाहिण्डमानः,:तत्र,एव,आहिण्डमानः,
तच्छृत्वा,:तत्,श्रुत्वा,
मदीयगेहमागच्छ,:मदीयगेहम्,आगच्छ,
श्रावणमपृच्छत्,:श्रावणम्,अपृच्छत्,
आगमिष्याम्यहम्,:आगमिष्यामि,अहम्,
किञ्चित्कालं,:किञ्चित्,कालं,
दिनपत्रिकांश्च,:दिनपत्रिकान्,च,
दुग्धमपिबत्,:दुग्धम्,अपिबत्,
चतुर्थप्रासादतलादवतीर्य,:चतुर्थप्रासादतलात्,अवतीर्य,
चलितुमशक्तः,:चलितुम्,अशक्तः,
तत्रैव,:तत्र,एव,
वस्त्रमाच्छाद्य,:वस्त्रम्,आच्छाद्य,
शाकानाहर्तुं,:शाकान्,आहर्तुं,
प्रातरेवोत्थाय,:प्रातः,एव,उत्थाय,
शुचिर्भूत्वा,:शुचिः,भूत्वा,
भक्त,इव,:भक्तः,इव,
यद्यहं,:यदि,अहं,
इत्युक्त्वा,:इति,उक्त्वा,
हिन्दीमपि,:हिन्दीम्,अपि,
द्रष्टुमागतोऽस्मि,:द्रष्टुम्,आगतः,अस्मि,
श्वोवा,:श्वः,वा,
परश्वोवा,:परश्वः,वा,
अहमस्मि,:अहम्,अस्मि,
इत्युक्त्वा,:इति,उक्त्वा,
इत्यपृच्छत्,:इति,अपृच्छत्,
इत्यवोचत्,:इति,अवोचत्,
तुलसीरामायणमन्तरा,:तुलसीरामायणम्,अन्तरा,
अन्यत्काव्यं,:अन्यत्,काव्यं,
अतिप्राचीनमादिकाव्यं,:अतिप्राचीनम्,आदिकाव्यं,
लिखितमिति,:लिखितम्,इति,
रागयुक्तमपठत्,:रागयुक्तम्,अपठत्,
तत्पठनं,:तत्,पठनं,
एवमेव,:एवम्,एव,
किञ्चित्कालं,:किञ्चित्,कालं,
बहूत्साहेन,:बहु,उत्साहेन,
उडुगणकेशवदास,अन्यकवि,अन्यकवि,खद्योतसमान्,:उडुगणकेशवदासः,अन्यकविः,अन्यकविः,खद्योतसमान्,
किमपेक्षते,:किम्,अपेक्षते,
अनुपदमेव,:अनुपदम्,एव,
नाखादम्,:न,अखादम्,
एतावत्पर्यन्तं,:एतावत्,पर्यन्तं,
धनमपि,:धनम्,अपि,
पाण्डेबन्धुमयाचत,:पाण्डेबन्धुम्,अयाचत,
शीघ्रमेव,:शीघ्रम्,एव,
इत्यवोचत्,:इति,अवोचत्,
चपलमेव,:चपलम्,एव,
श्रुण्वन्नहं,:श्रुण्वन्,अहं,
श्रावणस्तु,:श्रावणः,तु,
पठन्नास्ते,:पठन्,आस्ते,
इत्युक्त्त्वा,:इति,उक्त्त्वा,
बहुकालमभूत्,:बहुकालम्,अभूत्,
किञ्चित्कालं,:किञ्चित्,कालं,
विश्रान्तिमनुभव,:विश्रान्तिम्,अनुभव,
इत्युक्त्वा,:इति,उक्त्वा,
तत्ताम्बूलं,:तत्,ताम्बूलं,
खादन्नयं,:खादन्,अयं,
तुभ्यमहं,:तुभ्यम्,अहं,
श्रावणमपृच्छत्,:श्रावणम्,अपृच्छत्,
कर्यक्रमोऽपि,:कर्यक्रमः,अपि,
द्रष्टुमिच्छामि,:द्रष्टुम्,इच्छामि,
इत्युत्थाय,:इति,उत्थाय,
अनुपदमेव,:अनुपदम्,एव,
गृहाणेदं,:गृहाण,इदं,
इत्युक्त्वा,:इति,उक्त्वा,
तदर्धरूप्यकं,:तत्,अर्धरूप्यकं,
प्रातरत्तुं,:प्रातः,अत्तुं,
नास्तीति,:नास्ति,इति,
किमर्थमहमत्रागतोऽस्मि,:किमर्थम्,अहम्,अत्र,आगतः,अस्मि,
गच्छेयमिति,:गच्छेयम्,इति,
निशामनैषीत्,:निशाम्,अनैषीत्,
प्रातरुत्थाय,:प्रातः,उत्थाय,
शुचिर्भूत्वा,:शुचिः,भूत्वा,
इत्युक्त्वा,:इति,उक्त्वा,
दत्ततिलकमलङ्‌कृत्य,:दत्ततिलकम्,अलङ्‌कृत्य,
किञ्चिद्दूरं,:किञ्चित्,दूरं,
दृष्टिपथमागमिष्यति,:दृष्टिपथम्,आगमिष्यति,
इत्युक्त्वा,:इति,उक्त्वा,
तेनोक्तप्रकारेण,:तेन,उक्तप्रकारेण,
यानस्यान्तः,:यानस्य,अन्तः,
तत्रावतीर्य,:तत्र,अवतीर्य,
अष्टवादनमभूत्,:अष्टवादनम्,अभूत्,
बहिरागतः,:बहिः,आगतः,
बहिरागत्य,:बहिः,आगत्य,
पत्तनस्यान्तः,:पत्तनस्य,अन्तः,
भोजनमकरोत्,:भोजनम्,अकरोत्,
बहिरागत्य,:बहिः,आगत्य,
शकटमारुरोह,:शकटम्,आरुरोह,
अनुपदमेव,:अनुपदम्,एव,
अपिचान्यपत्राणि,:अपिच,अन्यपत्राणि,
समागतोऽस्मि,:समागतः,अस्मि,
धीरो,जातः,:धीरः,जातः,
वयमेव,:वयम्,एव,
इत्युक्त्वा,:इति,उक्त्वा,
काफीमानेतुं,:काफीम्,आनेतुं,
अनुपदमेव,:अनुपदम्,एव,
काफीचहयोर्मध्ये,:काफीचहयोः,मध्ये,
बह्वन्नं,:बहु,अन्नं,
सम्यगुक्तं,:सम्यक्,उक्तं,
वसुधैव,:वसुधा,एव,
इत्यस्य,:इति,अस्य,
ममाभिप्रायः,:मम,अभिप्रायः,
बहिरागत्य,:बहिः,आगत्य,
इत्युक्त्वा,:इति,उक्त्वा,
