अन्यविद्यार्थिभिस्साकं,:अन्यविद्यार्थिभिः,साकं,
शुचिर्भूत्वा,:शुचिः,भूत्वा,
सर्वमपि,:सर्वम्,अपि,
कक्ष्यायामुपविश्य,:कक्ष्यायाम्,उपविश्य,
ह्यस्तनपाठनिवेदनमित्यादिकं,:ह्यस्तनपाठनिवेदनम्,इत्यादिकं,
अनुपदमेव,:अनुपदम्,एव,
पाठसमाप्तिश्च,:पाठसमाप्तिः,च,
विषयाणामपि,:विषयाणाम्,अपि,
प्रचलत्येव,:प्रचलति,एव,
श्रावणायापि,:श्रावणाय,अपि,
प्रातरेव,:प्रातः,एव,
श्रावणस्तु,:श्रावणः,तु,
लज्जितो,बभूव,:लज्जितः,बभूव,
किञ्चिदेव,:किञ्चित्,एव,
तदपि,:तत्,अपि,
कलियुगभीम,एव,:कलियुगभीमः,एव,
विद्याविहीनो,भूत्वा,:विद्याविहीनः,भूत्वा,
विद्याविहीन,इव,:विद्याविहीनः,इव,
इत्यूचुः,:इति,ऊचुः,
सत्यमेव,:सत्यम्,एव,
तस्मादेव,:तस्मात्,एव,
प्रातरेवोत्थाय,:प्रातः,एव,उत्थाय,
शरीरमाच्छाद्य,:शरीरम्,आच्छाद्य,
कोणांचलभागानन्योन्यं,:कोणांचलभागानि,अन्योन्यं,
सत्वरमेव,:सत्वरम्,एव,
किञ्चिदपि,:किञ्चित्,अपि,
किञ्चित्कालं,:किञ्चित्,कालं,
भोक्तव्यमिति,:भोक्तव्यम्,इति,
चिन्तयन्नास्ते,:चिन्तयन्,आस्ते,
पत्राण्यानेतुं,:पत्राणि,आनेतुं,
पत्राण्यानीय,:पत्राणि,आनीय,
शाकांश्च,:शाकान्,च,
एवमेव,:एवम्,एव,
आम्रवृक्षमारुह्य,:आम्रवृक्षम्,आरुह्य,
चिञ्चालवृक्षमारुह्य,:चिञ्चालवृक्षम्,आरुह्य,
नारङ्गवृक्षमारुह्य,:नारङ्गवृक्षम्,आरुह्य,
मर्कट,इव,:मर्कटः,इव,
आनन्दो,ब्रह्मेति,:आनन्दः,ब्रह्म,इति,
ब्रह्मेति,:ब्रह्म,इति,
भीम,इव,:भीमः,इव,
अन्नमत्तुं,:अन्नम्,अत्तुं,
यत्किमपि,:यत्,किम्,अपि,
उपस्थितो,भवति,:उपस्थितः,भवति,
जिह्वाविनिसृतजलपानकेनैव,:जिह्वाविनिसृतजलपानकेन,एव,
नैकसमयाः,:न,एकसमयाः,
तदैव,:तदा,एव,
तस्मिन्नेव,:तस्मिन्,एव,
तत्रागतं,:तत्र,आगतं,
अनुपदमेव,:अनुपदम्,एव,
तथैवेति,:तथैव,इति,
गुटिकाद्वयेनैव,:गुटिकाद्वयेन,एव,
तद्दृष्ट्वा,:तत्,दृष्ट्वा,
अन्यदपेक्ष्यते,:अन्यत्,अपेक्ष्यते,
इड्लीद्वयमधिकमिति,:इड्लीद्वयम्,अधिकम्,इति,
अधिकमपेक्ष्यते,:अधिकम्,अपेक्ष्यते,
कियदधिकम्,:कियत्,अधिकम्,
इत्यपृच्छत्,:इति,अपृच्छत्,
श्रेष्ठिनमपृच्छत्,:श्रेष्ठिनम्,अपृच्छत्,
सर्वेषामिड्लीनां,:सर्वेषाम्,इड्लीनां,
मूल्यमहं,:मूल्यम्‌,अहं,
नात्स्यसि,:न,आत्स्यसि,
कियत्संख्यापर्यन्तं,:कियत्,संख्यापर्यन्तं,
तावत्पर्यन्तं,:तावत्,पर्यन्तं,
एकमणुप्रमाणमपि,:एकम्,अणुप्रमाणम्,अपि,
इत्युक्त्वा,:इति,उक्त्वा,
निर्गतोऽभूत्,:निर्गतः,अभूत्,
वृक्षेभ्यो,जलं,:वृक्षेभ्यः,जलं,
तत्कर्म,:तत्,कर्म,
श्रावणमादिशन्,:श्रावणम्,आदिशन्,
इत्यूचुः,:इति,ऊचुः,
नाहं,:न,अहं,
इत्यपृच्छत्,:इति,अपृच्छत्,
अल्पाहारो,नाम,:अल्पाहारः,नाम,
प्रश्नमकुर्वन्,:प्रश्नम्,अकुर्वन्,
यत्किमपि,:यत्,किमपि,
विक्रेतुमानयति,:विक्रेतुम्,आनयति,
पणनमङ्गीकुर्युः,:पणनम्,अङ्गीकुर्युः,
श्रावणायाल्पाहारव्यवस्था,:श्रावणाय,अल्पाहारव्यवस्था,
साधुनिर्णीताभूत्,:साधुनिर्णीता,अभूत्,
यत्किमपि,:यत्,किमपि,
तत्सर्वं,:तत्,सर्वं,
प्राप्नुयादिति,:प्राप्नुयात्,इति,
उपनिषद्वाक्यानुसारं,:उपनिषत्,वाक्यानुसारं,
भोजनमहं,:भोजनम्,अहं,
राष्ट्रियस्वयंसेवकसंघस्वयंसेवकाश्च,:राष्ट्रियस्वयंसेवकसंघस्वयंसेवकाः,च,
कारागाराद्विमुक्त,:कारागारात्,विमुक्त,
राहुग्रस्तचन्द्रबिम्बमिव,:राहुग्रस्तचन्द्रबिम्बम्,इव,
अतीवहृष्टो,बभूव,:अतीवहृष्टः,बभूव,
तत्रत्यानुपदमेव,:तत्रत्यानुपदम्,एव,
मद्रास्नगरमगच्छत्,:मद्रास्नगरम्,अगच्छत्,
तस्मिन्नेव,:तस्मिन्,एव,
तस्यानुजश्च,:तस्य,अनुजः,च,
कृतवानसि,:कृतवान्,असि,
पत्रमपि,:पत्रम्,अपि,
प्रेषितवानसि,:प्रेषितवान्,असि,
तपालाकार्यालयोऽपि,:तपालाकार्यालयः,अपि,
वैद्योऽपि,:वैद्यः,अपि,
दुर्लभमिति",:दुर्लभम्,इति",
एतत्सर्वं,:एतत्,सर्वं,
निष्कासनमेव,:निष्कासनम्,एव,
नैककारणैः,:न,एककारणैः,
यत्किमपि,:यत्,किमपि,
मर्कटो,बभूव,:मर्कटः,बभूव,
तत्कर्मदातापि,:तत्कर्मदाता,अपि,
नावर्तत,:न,अवर्तत,
कोव्वूरुमागत्य,:कोव्वूरुम्,आगत्य,
पठनमेव,:पठनम्,एव,
तेलुगुनाटकमभिनेयमिति,:तेलुगुनाटकमभिनेयम्,इति,
समुत्सुकास्मः,:समुत्सुकाः,स्मः,
विषयमेनमुद्दिश्य,:विषयम्,एनम्,उद्दिश्य,
वयमपि,:वयम्,अपि,
संस्कृतनाटकाभिनयमुद्दिश्य,:संस्कृतनाटकाभिनयम्,उद्दिश्य,
शताधिकरूप्यकाणामावश्यकता,:शताधिकरूप्यकाणाम्,आवश्यकता,
भविष्यतीति,:भविष्यति,इति,
तत्पत्रं,:तत्,पत्रं,
तेलुगुनाटकस्यावश्यकतां,:तेलुगुनाटकस्य,आवश्यकतां,
मास्तु,:मा,अस्तु,
तत्सर्वं,:तत्,सर्वं,
तच्छृत्वा,:तत्,श्रुत्वा,
संस्कृतस्यापि,:संस्कृतस्य,अपि,
सर्वैरपि,:सर्वैः,अपि,
नाङ्गीकुर्वन्,:न,अङ्गीकुर्वन्,
वयमेव,:वयम्,एव,
एतावत्पर्यन्तं,:एतावत्,पर्यन्तं,
पाठशालामागमिष्यन्ति,:पाठशालाम्,आगमिष्यन्ति,
तन्नाम,:तत्,नाम,
तृतीयोऽङ्‌कमभिनयामः,:तृतीयः,अङ्‌कम्,अभिनयामः,
अस्त्रज्वालावलीढप्रतिबलजलधेरन्तरौर्वायमाणे,:अस्त्रज्वालावलीढप्रतिबलजलधेः,अन्तरः,और्वायमाणे,
गद्यमपि,:गद्यम्,अपि,
एनमेव,:एनम्,एव,
सन्निवेशमभिनेतुं,:सन्निवेशम्,अभिनेतुं,
इत्युक्त्वा,:इति,उक्त्वा,
संस्कृतनाटकमेव,:संस्कृतनाटकम्,एव,
भवेदिति,:भवेत्,इति,
तमसान्त्वयत्,:तम्,असान्त्वयत्,
सर्वेऽपि,:सर्वे,अपि,
एकत्रैव,:एकत्र,एव,
सम्यगस्तीति,:सम्यक्,अस्ति,इति,
तृतीयोऽङ्‌कः,:तृतीयः,अङ्‌कः,
मित्रैश्च,:मित्रैः,च,
सर्वेऽपि,:सर्वे,अपि,
अनुपदमेव,:अनुपदम्,एव,
इत्येवमादि,:इत्येवम्,आदि,
सायमष्टवादनमभूत्,:सायम्,अष्टवादनम्,अभूत्,
नटन्नास्ते,:नटन्,आस्ते,
वार्तामानीय,:वार्ताम्,आनीय,
सन्निवेशस्तु,:सन्निवेशः,तु,
रोदनमिव,:रोदनम्,इव,
समाप्तमासीत्,:समाप्तम्,आसीत्,
सुन्दरमभूत्,:सुन्दरम्,अभूत्,
सर्वोऽपि,:सर्वः,अपि,
नाहं,:न,अहं,
दृग्गोचरमभूत्,:दृग्गोचरम्,अभूत्,
विलपन्नश्वत्थामा,:विलपन्,अश्वत्थामा,
दुःखमिवाबभासे,:दुःखम्,इव,आबभासे,
ममापि,:मम,अपि,
दुःखमिवाबभासे,:दुःखम्,इव,आबभासे,
रोदनमिवासीत्,:रोदनम्,इव,आसीत्,
अतीवनिपुणो,नटः।,:अतीवनिपुणः,नटः।,
श्रावणमालिलिङ्ग,:श्रावणम्,आलिलिङ्ग,
महानटस्याशीर्वादाः,:महानटस्य,आशीर्वादाः,
प्राञ्जलिरानतो,बभूव,:प्राञ्जलिः,आनतः,बभूव,
स्वभावमपि,:स्वभावम्,अपि,
आब्दिकमभूत्,:आब्दिकम्,अभूत्,
श्रावणमाह्वयामासुः,:श्रावणम्,आह्वयामासुः,
शुचिर्भूत्वा,:शुचिः,भूत्वा,
ब्राह्मणभोजनसमयमासीत्,:ब्राह्मणभोजनसमयम्,आसीत्,
तानपूपान्,:तान्,अपूपान्,
यद्रोचते,:यत्,रोचते,
तद्,ग्राह्यं,:तत्,ग्राह्यं,
यन्नरोचते,:यत्,न,रोचते,
तत्त्याज्यम्,:तत्,त्त्याज्यम्,
चौवानपेक्षितम्,:च,एव,अनपेक्षितम्,
माषापूपानपि,:माषापूपान्,अपि,
लज्जयावनतमुखी,:लज्जया,अवनतमुखी,
इत्युक्त्वा,:इति,उक्त्वा,
तीरमागच्छति,:तीरम्,आगच्छति,
किञ्चित्वेगे,:किञ्चित्,वेगे,
सर्वेऽपि,:सर्वे,अपि,
हस्तावुद्यम्य,:हस्तौ,उद्यम्य,
नापश्यत्,:न,अपश्यत्,
संरक्षणमुचितम्,:संरक्षणम्,उचितम्,
इत्युक्त्वा,:इति,उक्त्वा,
हस्तमवलम्ब्य,:हस्तम्,अवलम्ब्य,
तीरमानयत्,:तीरम्,आनयत्,
अनन्तरमुत्थाय,:अनन्तरम्,उत्थाय,
श्रावणमालिङ्ग्य,:श्रावणम्,आलिङ्ग्य,
करोष्यत्र,:करोषि,अत्र,
प्रश्नवर्षमवर्षयत्,:प्रश्नवर्षम्,अवर्षयत्,
अहमान्ध्रगीर्‌वाणविद्यापीठे,:अहम्,आन्ध्रगीर्‌वाणविद्यापीठे,
इत्यब्रवीत्,:इति,अब्रवीत्,
अस्मिन्नगरे,:अस्मिन्,नगरे,
इत्यपृच्छत्,:इति,अपृच्छत्,
इत्यब्रवीत्,:इति,अब्रवीत्,
इत्यपृच्छत्,:इति,अपृच्छत्,
इत्युक्त्वा,:इति,उक्त्वा,
तत्रैवं,:तत्र,एवं,
श्रावणस्यानुजः,:श्रावणस्य,अनुजः,
इत्यपृच्छत्,:इति,अपृच्छत्,
इत्यवोचत्,:इति,अवोचत्,
श्रावण,इव,:श्रावणः,इव,
श्रावणमुद्दिश्य,:श्रावणम्,उद्दिश्य,
