अष्टमोऽध्यायः,:अष्टमः,अध्यायः,
अष्टमोऽध्यायः,:अष्टमः,अध्यायः,
षष्टाष्टकमेव,:षष्टाष्टकम्,एव,
कुत्रापि,:कुत्र,अपि,
कर्तव्यमिति,:कर्तव्यम्,इति,
उपयोगो,नास्ति,:उपयोगः,नास्ति,
उत्तरो,न,:उत्तरः,न,
परेद्युरेव,:परेद्युः,एव,
त्यागेनैके,:त्यागेन,एके,
अमृतत्वमानशुः,:अमृतत्वम्,आनशुः,
योग्यमिति,:योग्यम्,इति,
सत्याग्रहमकुर्वन्,:सत्याग्रहम्,अकुर्वन्,
दण्डैश्च,:दण्डैः,च,
गन्तुमादिशन्,:गन्तुम्,आदिशन्,
अच्युतश्च,:अच्युतः,च,
श्रावणस्यानुजः,:श्रावणस्य,अनुजः,
त्वमपि,:त्वम्,अपि,
तच्छ्रुत्वा,:तत्,श्रुत्वा,
धनमपि,:धनम्,अपि,
यच्छेयमिति,:यच्छेयम्,इति,
उच्चाधिकारिणामादेशानुसारं,:उच्चाधिकारिणाम्,आदेशानुसारं,
कर्तुमुद्युक्ताः,:कर्तुम्,उद्युक्ताः,
तस्मिन्नेवावसरे,:तस्मिन्,एव,अवसरे,
सत्याग्रहमकुर्वन्,:सत्याग्रहम्,अकुर्वन्,
कोऽयं,:कः,अयं,
कोऽयं,:कः,अयं,
नागररक्षकाश्च,:नगररक्षकाः,च,
कथितवन्तोऽपि,:कथितवन्तः,अपि,
तत्कथनं,:तत्,कथनं,
बधिरशङ्खारावमभूत्,:बधिरशङ्खारावम्,अभूत्,
नाश्रुण्वन्,:न,अश्रुण्वन्,
तस्मिन्नेव,:तस्मिन्,एव,
विश्वविद्यालयप्राध्यापकाश्चासन्,:विश्वविद्यालयप्राध्यापकाः,च,आसन्,
एकस्मिन्नेव,:एकस्मिन्,एव,
तस्मिन्नेव,:तस्मिन्,एव,
प्रातरुत्थाय,:प्रातः,उत्थाय,
शुचयो,भूत्वा,:शुचयः,भूत्वा,
करणीयमासीत्,:करणीयम्,आसीत्,
कारागारेऽपि,:कारागारे,अपि,
श्रावणोऽपि,:श्रावणः,अपि,
कारागारेऽपि,:कारागारेः,अपि,
अन्येषामपि,:अन्येषाम्,अपि,
सिंहद्वारकवाटोद्घाटनवेलां,:सिंहद्वारकवाट,उद्घाटनवेलां,
सिंहद्वारकवाटमुद्घाटयन्,:सिंहद्वारकवाटम्,उद्घाटयन्,
बहिरागताः,:बहिः,आगताः,
बहिरागत्य,:बहिः,आगत्य,
श्रेण्यामागत्य,:श्रेण्याम्,आगत्य,
अनुपदमेव,:अनुपदम्,एव,
मिष्ठान्नमित्यादिकं,:मिष्ठान्नम्,इत्यादिकं,
शब्दस्योत्पत्तिमुद्दिश्य,:शब्दस्य,उत्पत्तिम्,उद्दिश्य,
चर्चाभूत्,:चर्चा,अभूत्,
शयद्वयपरिमाणविस्तृतापूपं,:शयद्वयपरिमाणविस्तृता,अपूपं,
इत्यमरः,:इति,अमरः,
इत्यूचुः,:इति,ऊचुः,
सर्वेऽपि,:सर्वे,अपि,
तक्रमापूर्य,:तक्रम्,आपूर्य,
तत्रैव,:तत्र,एव,
तस्याश्वत्थवृक्षस्य,:तस्य,अश्वत्थवृक्षस्य,
संलग्नमासीत्,:संलग्नम्,आसीत्,
वृक्षमेनमारुह्य,:वृक्षम्,एनम्,आरुह्य,
इत्युक्त्वा,:इति,उक्त्वा,
किञ्चिदालोच्य,:किञ्चित्,आलोच्य,
अहमपि,:अहम्,अपि,
ग्रहिष्यामीति,:ग्रहिष्यामि,इति,
वृक्षमूलपर्यन्तमागत्य,:वृक्षमूलपर्यन्तम्,आगत्य,
भवेदिति,:भवेत्,इति,
श्रावणस्योत्प्लवनार्थम्,:श्रावणस्य,उत्प्लवनार्थम्,
श्रावणमाहूय,:श्रावणम्,आहूय,
समाप्तमेष्यति,:समाप्तम्,एष्यति,
शिक्षापि,:शिक्षा,अपि,
नाकरोत्,:न,अकरोत्,
तस्मिन्नेव,:तस्मिन्,एव,
तीव्रतरो,बभूव,:तीव्रतरः,बभूव,
एकमादर्शं,:एकम्,आदर्शं,
अत्रास्मिन्,:अत्र,अस्मिन्,
कलहो,मास्तु,:कलहः,मा,अस्तु,
मास्तु,:मा,अस्तु,
सर्वमेतत्,:सर्वम्,एतत्,
बोधयन्नास्ते,:बोधयन्,आस्ते,
चिन्ताग्रस्तो,बभूव,:चिन्ताग्रस्तः,बभूव,
श्रावणोऽपि,:श्रावणः,अपि,
शनैश्शनैः,:शनैः,शनैः,
प्रातरुत्थाय,:प्रातः,उत्थाय,
शकटादवतीर्य,:शकटात्,अवतीर्य,
संस्कृतमेव,:संस्कृतम्,एव,
तेनादायेन,:तेन,आदायेन,
क्षयरोगो,:क्षयरोगः,भवति,इति,
समाकर्षणकर्म,:न,अकरोत्,
संस्कृतमान्ध्रं,:संस्कृतम्,आन्ध्रं,
धारणार्थमपि,:धारणार्थम्,अपि,
धर्तुमयोग्यानि,:धर्तुम्,अयोग्यानि,
ग्रहीतुमपि,:ग्रहीतुम्,अपि,
धौतमपि,:धौतम्,अपि,
धूसरवर्णात्तं,:धूसरवर्णात्,तं,
द्वितीयमपि,:द्वितीयम्,अपि,
शकटमारुह्य,:शकटम्,आरुह्य,
नक्तमष्टघण्टावादनसमये,:नक्तम्,अष्टघण्टावादनसमये,
शकटादवततार,:शकटात्,अवततार,
सिंहद्वारादेव,:सिंहद्वारात्,एव,
बहिरागतः,:बहिः,आगतः,
कोप्यासीत्,:कोपि,आसीत्,
सर्वेऽपि,:सर्वे,अपि,
विश्रान्तिमनुभवन्ति,:विश्रान्तिम्,अनुभवन्ति,
बालिकाश्च,:बालिकाः,च,
सर्वमहं,:सर्वम्,अहं,
किञ्चित्पानीयं,:किञ्चित्,पानीयं,
इत्यपृच्छत्,:इति,अपृच्छत्,
इत्यपृच्छत्,:इति,अपृच्छत्,
किञ्चिदपि,:किञ्चित्,अपि,
भोक्तुमिच्छामि,:भोक्तुम्,इच्छामि,
तदेवालमधुना,:तदेव,अलम्,अधुना,
अत्रावतीर्य,:अत्र,अवतीर्य,
समागतोऽस्मि,:समागतः,अस्मि,
इत्युक्त्वा,:इति,उक्त्वा,
कर्तुमादिदेश,:कर्तुम्,आदिदेश,
निरताभूत्,:निरता,अभूत्,
यत्किमपि,:यत्किम्,अपि,
एतावत्पर्यन्तमष्टवर्षाणि,:एतावत्पर्यन्तम्,अष्टवर्षाणि,
संस्कृतमधीतं,:संस्कृतम्,अधीतं,
अहमन्यविषयं,:अहम्,अन्यविषयं,
पठितुमशक्तो,भवामि,:पठितुम्,अशक्तः,भवामि,
इतोऽधिकं,:इतः,अधिकं,
संस्कृतमेव,:संस्कृतम्,एव,
विद्यमानान्ध्रगीर्वाणविद्यापीठे,:विद्यमाना,आन्ध्रगीर्वाणविद्यापीठे,
अत्रावतीर्य,:अत्र,अवतीर्य,
समागतोऽस्मि,:समागतः,अस्मि,
इत्यवोचत्,:इति,अवोचत्,
उत्तर्तुमिच्छामि,:उत्तर्तुम्,इच्छामि,
तस्यामुत्तीर्णः,:तस्याम्,उत्तीर्णः,
आन्ध्रपण्डितरूपेणाध्यापकवृत्तिं,:आन्ध्रपण्डितरूपेण,अध्यापकवृत्तिं,
तस्मादहं,:तस्मात्,अहं,
समागतोऽस्मि,:समागतः,अस्मि,
इत्यवोचताम्,:इति,अवोचताम्,
पठितुमस्माकं,:पठितुम्,अस्माकं,
किञ्चिद्दुर्बलो,भूत्वा,:किञ्चित्,दुर्बलः,भूत्वा,
उद्धरेदात्मानात्मानम्,:उद्धरेत्,आत्मानात्मानम्,
कष्टमेवाश्रयित्वा,:कष्टम्,एव,आश्रयित्वा,
साधयितुमिच्छामि,:साधयितुम्,इच्छामि,
इत्युवाच,:इति,उवाच,
असम्भवमेतत्,:असम्भवम्,एतत्,
अहमिति,:अहम्,इति,
बहिरेव,:बहिः,एव,
करणीयमिति,:करणीयम्,इति,
यत्कृतं,:यत्,कृतं,
उत्तरीयेणाच्छादितदेही,:उत्तरीयेण,आच्छादितदेही,
यद्दैवगत्या,:यत्,दैवगत्या,
तद्वसतिगृहं,:तत्,वसतिगृहं,
पठनीयमस्ति,:पठनीयम्,अस्ति,
गृहस्थानामपि,:गृहस्थानाम्,अपि,
कष्टभाराश्च,:कष्टभाराः,च,
शब्दस्यार्थः,:शब्दस्य,अर्थः,
दत्तमन्नम्,:दत्तम्,अन्नम्,
माधुकरीवृत्तिरिति,:माधुकरीवृत्तिः,इति,
समुत्तीर्णो,भवेयम्,:समुत्तीर्णः,भवेयम्,
भिक्षुको,भूत्वा,:भिक्षुकः,भूत्वा,
भवितुमिच्छसि,:भवितुम्,इच्छसि,
अवश्यमेव,:अवश्यम्,एव,
इत्यूचतुः,:इति,ऊचतुः,
पाककर्मसमाप्तमिति,:पाककर्मसमाप्तम्,इति,
अनुपदमेव,:अनुपदम्,एव,
द्वावपि,:द्वौ,अपि,
भवानिति,:भवान्,इति,
बहिरागत्य,:बहिः,आगत्य,
शरीरमुत्तरीयेणाच्छाद्य,:शरीरम्,उत्तरीयेण,आच्छाद्य,
भोक्तुमुपविष्टः,:भोक्तुम्,उपविष्टः,
तत्रैव,:तत्र,एव,
अधुनापि,:अधुना,अपि,
प्रातरेव,:प्रातः,एव,
इत्युक्त्वा,:इति,उक्त्वा,
रैल्वेस्थानकमागतवन्तौ,:रैल्वेस्थानकम्,आगतवन्तौ,
नमस्तेत्युक्त्वा,:नमस्ते,इत्युक्त्वा,
नमस्तेत्युक्त्वा,:नमस्ते,इति,उक्त्वा,
पुनर्दर्शनाय,:पुनः,दर्शनाय,
किमातिथ्यं,:किम्,आतिथ्यं,
श्रीमन्तोऽपि,:श्रीमन्तः,अपि,
तस्मिन्स्थानके,:तस्मिन्,स्थानके,
शकटादवततार,:शकटात्,अवततार,
बहिरागमनसमये,:बहिः,आगमनसमये,
शकटादवतीर्णजनानां,:शकटात्,अवतीर्णजनानां,
बहिरागत्य,:बहिः,आगत्य,
कियद्दूरं,:कियत्,दूरं,
समागतोऽस्ति,:समागतः,अस्ति,
ग्रामान्तरादागतविद्यार्थी,:ग्रामान्तरात्,आगतविद्यार्थी,
एकमाणकं,:एकम्,आणकं,
इत्युक्त्वा,:इति,उक्त्वा,
किञ्चिद्दूरं,:किञ्चित्,दूरं,
सुन्दराक्षरलसन्तमद्राक्षीत्,:सुन्दराक्षरलसन्तम्,अद्राक्षीत्,
श्रावणो,नामकः,:श्रावणः,नामकः,
पुत्रवात्सल्येनालिङ्गनं,:पुत्रवात्सल्येन,आलिङ्गनं,
तद्वरमिति,:तत्,वरम्,इति,
तदपि,:तत्,अपि,
भवत्पादारविन्दरजःप्रसादितोत्तमाङ्गो,भूत्वा,:भवत्पादारविन्दरजःप्रसादितः,उत्तमाङ्गः,भूत्वा,
पावितो,भवेत्,:पावितः,भवेत्,
पुत्रमारोप्य,:पुत्रम्,आरोप्य,
हस्तावुद्यम्य,:हस्तौ,उद्यम्य,
प्रणम्यान्तः,:प्रणम्य,अन्तः,
नरसंचारो,न,:नरसंचारः,न,
कश्चित्विद्यार्थी,:कश्चित्,विद्यार्थी,
इत्युद्‌गीर्य,:इति,उद्‌गीर्य,
इत्यपृच्छत्,:इति,अपृच्छत्,
सार्धसप्तघण्टावादनादारभ्य,:सार्धसप्तघण्टावादनात्,आरभ्य,
इत्युक्त्वा,:इति,उक्त्वा,
कोऽस्ति,:कः,अस्ति,
इत्यपृच्छत्,:इति,अपृच्छत्,
तच्छृत्वा,:तत्,श्रुत्वा,
इदमपि,:इदम्,अपि,
तच्छृत्वा,:तत्,श्रुत्वा,
तस्मादहं,:तस्मात्,अहं,
माधुकरीवृत्तिमवलम्ब्य,:माधुकरीवृत्तिम्,अवलम्ब्य,
त्वमपि,:त्वम्,अपि,
अहमेकैव,:अहम्,एक,एव,
इत्यपृच्छत्,:इति,अपृच्छत्,
त्वामद्यैव,:त्वाम्,अद्य,एव,
प्रधानाचार्यस्याप्परायस्य,:प्रधानाचार्यस्य,अप्परायस्य,
भोजनार्थमामन्त्रयामास,:भोजनार्थम्,आमन्त्रयामास,
तस्यामन्त्रणामङ्गीकृत्य,:तस्य,आमन्त्रणाम्,अङ्गीकृत्य,
परिचयो,बभूव,:परिचयः,बभूव,
संस्कृतपठनमेव,:संस्कृतपठनम्,एव,
किमर्थमागतोऽसि,:किमर्थम्,आगतः,असि,
कुत्रापि,:कुत्र,अपि,
कुत्रापि,:कुत्र,अपि,
त्वमेहि,:त्वम्,एहि,
कक्ष्यायामुपविश,:कक्ष्यायाम्,उपविश,
नियमावलिमनुसरतु,:नियमावलिम्,अनुसरतु,
इत्युक्त्वा,:इति,उक्त्वा,
