प्रथमोऽध्यायः,:प्रथमः,अध्यायः,
प्रथमोऽध्यायः,:प्रथमः,अध्यायः,
यौवनापगमेऽपि,:यौवनापगमे,अपि,
प्राणायामेनानवरतकृतव्यायामेन,:प्राणायामेन,अनवरतकृतव्यायामेन,
गङ्गाजलमालोड्य,:गङ्गाजलम्,आलोड्य,
किञ्चित्कालं,:किञ्चित्,कालं,
दक्षिणकरपुटेनाचम्य,:दक्षिणकरपुटेन,आचम्य,
शङ्खकृतिरिव,:शङ्खकृतिः,इव,
गोकर्ण,इव,:गोकर्णः,इव,
गङ्गाजलमापूर्य,:गङ्गाजलम्,आपूर्य,
पापेभ्यो,रक्षान्ताम्,:पापेभ्यः,रक्षान्ताम्,
अस्पष्टेनापि,:अस्पष्टेन,अपि,
चाव्यक्तेन,:च,अव्यक्तेन,
मन्त्रेणाभिमन्त्र्य,:मन्त्रेण,अभिमन्त्र्य,
तज्जलं,:तत्,जलं,
त्रयीतनुत्विषापावितमिव,:त्रयीतनुत्विषापावितम्,इव,
बहिरागत्य,:बहिः,आगत्य,
वामकराङ्गुलीभिरुन्नमय्य,:वामकराङ्गुलीभिः,उन्नमय्य,
डुण्ढिगणेशमथर्वशीर्षेणाभ्यर्च्य,:डुण्ढिगणेशम्,अथर्वशीर्षेण,अभ्यर्च्य,
कालकन्धरमभिषिच्य,:कालकन्धरम्,अभिषिच्य,
गृहमागत्य,:गृहम्,आगत्य,
चोक्त्वा,:च,उक्त्वा,
तच्चोद्घाट्य,:तत्,च,उद्घाट्य,
अथातो,ब्रह्मजिज्ञासा,:अथातः,ब्रह्मजिज्ञासा,
हस्तावुद्यम्य,:हस्तौ,उद्यम्य,
भास्करगुप्तोनाम,:भास्करगुप्तः,नाम,
नमो,वः,:नमः,वः,
निकटमागत्य,:निकटम्,आगत्य,
अनुपदमेव,:अनुपदम्,एव,
गुप्तमहोदय,को,को,विशेषः,:गुप्तमहोदयः,कः,कः,विशेषः,
मत्सकाशमद्य,:मत्सकाशम्,अद्य,
समुपविष्टोऽसि,:समुपविष्टः,असि,
किमद्य,:किम्,अद्य,
इत्यपृच्छत्,:इति,अपृच्छत्,
वर्ततेऽद्य,:वर्तते,अद्य,
मयाद्य,:मया,अद्य,
व्यापारमेनं,:व्यापारम्,एनं,
कुर्यामिति,:कुर्यामि,इति,
शान्तिर्नास्ति,:शान्तिः,न,अस्ति,
प्रयच्छन्त्यशान्तिम्,:प्रयच्छन्ति,अशान्तिम्,
तस्मादहं,:तस्मात्,अहं,
सर्वोऽपि,:सर्वः,अपि,
नागरकतालक्षणमिति,:नागरकतालक्षणम्,इति,
मातृभाषामपि,:मातृभाषाम्,अपि,
गृहेष्वपि,:गृहेषु,अपि,
भारतभाषाभिन्नभाषायामेव,:भारतभाषाभिन्नभाषायाम्,एव,
वक्तव्यमस्ति,:वक्तव्यम्,अस्ति,
प्राप्तवन्तोऽपि,:प्राप्तवन्तः,अपि,
केषामपि,:केषाम्,अपि,
कथमानन्दो,भवति,:कथम्,आनन्दः,भवति,
मानवानामिति,:मानवानाम्,इति,
प्रजाश्च,:प्रजाः,च,
नाकुर्वन्,:न,अकुर्वन्,
भारतीयभाषाऽभिवृद्धिः,:भारतीयभाषा,अभिवृद्धिः,
संरक्षणमिति,:संरक्षणम्,इति,
अयोग्यमनुसरन्ति,:अयोग्यम्,अनुसरन्ति,
तच्छ्रुत्वा,:तत्,श्रुत्वा,
राष्ट्रियभाषास्वेव,:राष्ट्रियभाषासु,एव,
एतादृशभाषाऽभ्यासेन,:एतादृशभाषा,अभ्यासेन,
तृप्तश्च,:तृप्तः,च,
संस्कृतभाषाऽभ्यासेन,:संस्कृतभाषा,अभ्यासेन,
नर्तकीव,:नर्तकी,इव,
तस्मादहं,:तस्मात्,अहं,
सर्वमपि,:सर्वम्,अपि,
महत्स्थानं,:महत्,स्थानं,
प्रदेयमिति,:प्रदेयम्,इति,
संस्कृतमेव,:संस्कृतम्,एव,
नोपयोगः,:न,उपयोगः,
निश्चित्याहं,:निश्चित्य,अहं,
तदहं,:तत्,अहं,
सुखान्यनुभूय,:सुखानि,अनुभूय,
सर्वमपि,:सर्वम्,अपि,
कस्यास्विद्धनम्,:कस्य,आस्वित्,धनम्,
कुर्वन्नेवेह,:कुर्वन्,एव,इह,
तेनोक्तं,:तेन,उक्तं,
इत्युक्त्वा,:इति,उक्त्वा,
किञ्चित्कालानन्तरं,:किञ्चित्,कालानन्तरं,
प्रवेशद्वारादन्तरागताः,:प्रवेशद्वारात्,अन्तः,आगताः,
ताश्च,:ताः,च,
तदुक्तिमनुसृत्य,:तदुक्तिम्,अनुसृत्य,
स,एवं,:सः,एवं,
अस्माल्लोकात्,:अस्मात्,लोकात्,
एतमन्नमयमात्मानमुपसंक्रम्य,:एतम्,अन्नमयम्,आत्मानम्,उपसंक्रम्य,
प्राणमयमात्मानमुपसंक्रम्य,:प्राणमयम्,आत्मानम्,उपसंक्रम्य,
मनोमियमात्मानमुपसंक्रम्य,:मनोमियम्,आत्मानम्,उपसंक्रम्य,
विज्ञानमयमात्मानमुपसंक्रम्य,:विज्ञानमयम्,आत्मानम्,उपसंक्रम्य,
आनन्दमयमात्मानमुपसंक्रम्य,:आनन्दमयम्,आत्मानम्,उपसंक्रम्य,
तस्मिन्नेव,:तस्मिन्,एव,
सिद्धमन्नं,:सिद्धम्,अन्नं,
चतुर्वेदिनमाजुहाव,:चतुर्वेदिनम्,आजुहाव,
अधुनैव,:अधुना,एव,
आनन्दानुभूतिमास्वादयन्,:आनन्दानुभूतिम्,आस्वादयन्,
निमीलितलोचनोऽभूत्,:निमीलितलोचनः,अभूत्,
रुद्राध्यायपठनमपि,:रुद्राध्यायपठनम्,अपि,
सुस्वरमुक्तं,:सुस्वरम्,उक्तं,
सर्वाभिश्च,:सर्वाभिः,च,
सर्वान्श्चान्तः,:सर्वान्,च,अन्तः,
शिवमतिविडम्बं,:शिवम्,अतिविडम्बं,
बहुसुन्दरोऽयं,:बहुसुन्दरः,अयं,
आनन्दमनुभवन्नास्ते,:आनन्दम्,अनुभवन्,आस्ते,
किञ्चित्कालानन्‌तरं,:किञ्चित्,कालानन्‌तरं,
नन्दलालो,नाम,:नन्दलालः,नाम,
नमो,गुरुभ्यः,:नमः,गुरुभ्यः,
इत्युद्‌गीर्य,:इति,उद्‌गीर्य,
विलम्ब्योपस्थितं,:विलम्ब्य,उपस्थितं,
नागतोऽसि,:न,आगतः,असि,
समुद्युक्तोऽस्मि,:समुद्युक्तः,अस्मि,
मामाहूय,:माम्,आहूय,
आक्रन्दनमश्रौषम्,:आक्रन्दनम्,अश्रौषम्,
तेनाक्रन्दनेन,:तेन,आक्रन्दनेन,
संवृत्तमिति,:संवृत्तम्,इति,
बहिरागत्य,:बहिः,आगत्य,
जनौघो,बभूव,:जनौघः,बभूव,
सत्वरमागन्तुं,:सत्वरम्,आगन्तुं,
एतदेव,:एतत्,एव,
स्तब्धो,बभूव,:स्तब्धः,बभूव,
ध्रुवो,मृत्युः,:ध्रुवः,मृत्युः,
भार्यामाह्वयत्,:भार्याम्,आह्वयत्,
आश्चर्यो,भवति,:आश्चर्यः,भवति,
धर्मात्मायं,:धर्मात्मा,अयं,
मासभृत्यमपि,:मासभृत्यम्,अपि,
कश्चिदपि,:कश्चित्,अपि,
श्वो,भविष्यति,:श्वः,भविष्यति,
पुण्यात्मायम्,:पुण्या,आत्मा,अयम्,
बहिरागताः,:बहिः,आगताः,
बहिरागतोऽस्मि,:बहिः,आगतोऽस्मि,
",:समागतः,अस्मि,
किमर्थमाहूतास्मि,:किमर्थम्,आहूता,अस्मि,
किमापन्नमत्रान्तरे,:किम्,आपन्नम्‌,अत्रान्तरे,
संतुष्टोऽपि,:संतुष्टः,अपि,
अकस्मान्मरणेन,:अकस्मात्,मरणेन,
तस्यान्त्येष्टि,:तस्य,अन्त्येष्टि,
गृहमागत्य,:गृहम्,आगत्य,
गृहमागत्य,:गृहम्,आगत्य,
कालस्यास्ति,:कालस्य,अस्ति,
नात्मनोवशः,:न,आत्मनः,वशः,
तरतमभेदो,नास्ति,:तरतम्,अभेदः,न,अस्ति,
नास्ति,:न,अस्ति,
चर्वितचर्वणमेव,:चर्वितचर्वणम्,एव,
अद्यावधि,:अद्य,अवधि,
इत्येतत्,:इति,एतत्,
भवत्यनूह्यं,:भवति,अनूह्यं,
कालपुरुष,एव,:कालपुरुषः,एव,
सत्यमेव,:सत्यम्,एव,
नियोगेष्विह,:नियोगेषु,इह,
निजशक्तिरूपमनिशं,:निजशक्तिरूपम्,अनिशं,
शास्तीह,:शास्ति,इह,
व्याप्यान्तर्बहुधा,:व्याप्य,अन्तः,बहुधा,
बहिश्च,:बहिः,च,
हस्ताबुद्धृत्य,:हस्तौ,उबुद्धृत्य,
खट्वायामुपविश्य,:खट्वायाम्,उपविश्य,
किञ्चित्कालमवनतमुखः,:किञ्चित्,कालम्,अवनतमुखः,
मौनमास्थाय,:मौनम्,आस्थाय,
प्रथमोऽध्यायः,:प्रथमः,अध्यायः,
