केचिद,धावन्ति,:केचित्,धावन्ति,
केचिच्च,:केचित्,च,
आनन्दमनुभवति,:आनन्दम्,अनुभवति,
अचिरादेव,:अचिरात्,एव,
तमुद्दालकाश्रमं,:तम्,उद्दालकाश्रमं,
सर्वेषामाचार्याणाम्,:सर्वेषाम्,आचार्याणाम्,
स्नेहच्छायायामेव,:स्नेहच्छायायाम्,एव,
पातुमपि,:पातुम्,अपि,
दुर्लभमभवत्।,:दुर्लभम्,अभवत्।,
भवेदिति,:भवेत्,इति,
चाभवत्।,:च,अभवत्।,
कहोडमुक्तवती,:कहोडम्,उक्तवती,
हताशञ्च,:हताशम्,च,
नाहं,:न,अहं,
स्वयमपि,:स्वयम्,अपि,
चासीत्।,:च,आसीत्।,
प्रसन्नो,भूत्वा,:प्रसन्नः,भूत्वा,
निश्चितमेव,:निश्चितम्,एव,
तूष्णीमेव,:तूष्णीम्,एव,
प्राप्यमपि,:प्राप्यम्,अपि।,
व्यतीतो,भविष्यति।,:व्यतीतः,भविष्यति।,
गर्भपूर्णायामवस्थायाम्,:गर्भपूर्णायाम्,अवस्थायाम्,
निश्चिन्तो,भूत्वा,:निश्चिन्तः,भूत्वा,
रोदितुमारभत।,:रोदितुम्,आरभत।,
शरीरमष्टसु,:शरीरम्,अष्टसु,
स,राज्ञा,:सः,राज्ञा,
प्रश्नानामुत्तराणि,:प्रश्नानाम्,उत्तराणि,
वशंवदो,भूत्वा,:वशंवदः,भूत्वा,
प्राप्तुमर्हति",:प्राप्तुम्,अर्हति",
परिपूर्णमपि,:परिपूर्णम्,अपि,
अन्ततोगत्वा,:अन्ततः,गत्वा,
कहोडमाज्ञापितवान्,:कहोडम्,आज्ञापितवान्,
गृहमागतः।,:गृहम्,आगतः।,
एतामप्रियां,:एताम्,अप्रियां,
कर्णपथमागता,:कर्णपथम्,आगता,
पूर्वमेव,:पूर्वम्,एव,
पुत्रमेकं,:पुत्रम्,एकं,
विद्याध्ययनमारब्धवन्तौ।,:विद्याध्ययनम्,आरब्धवन्तौ।,
मन्दमिव,:मन्दम्,इव,
केवलमेकवारं,:केवलम्,एकवारं,
विषयाणामाकलनं,:विषयाणाम्,आकलनं,
पठितानामंशानाम्,:पठितानाम्,अंशानाम्,
प्रयोगमपि,:प्रयोगम्,अपि,
केचिद्,बालकाः,:केचित्,बालकाः,
अवधानमेव,:अवधानम्,एव,
मज्जनमिति,:मज्जनम्,इति,
चत्वारो,वेदाः,:चत्वारः,वेदाः,
मातरमवदत्,:मातरम्,अवदत्,
तमपि,:तम्,अपि,
भावाकुलमभवत्।,:भावाकुलम्,अभवत्।,
कथमयं,:कथम्,अयं,
विस्मितोऽस्मि।,:विस्मितः,अस्मि।,
कर्तुमुपस्थितः,:कर्तुम्,उपस्थितः,
षण्णाभेर्द्वादशाक्षस्य,:षण्णाभेः,द्बादशाक्षस्य,
द्वादशमासा,एव,:द्वादशमासाः,एव,
स,एव,:सः,एव,
सम्पूर्णमास्थानं,:सम्पूर्णम्,आस्थानं,
कौतुहलमपि,:कौतुहलम्,अपि,
भागमपरेण,:भागम्,अपरेण,
एक,एव,:एकः,एव,
भीषादेति,:भीषात्,एति,
भीषास्मादग्निश्चन्द्रश्च।,:भीषास्मात्,अग्निः,चन्द्रः,च।,
मृत्युर्धावति,:मृत्युः,धावति,
यत्सर्वे,:यत्,सर्वे,
एकस्यैव,:एकस्य,एव,
एककर्तृकमेव,:एककर्तृकम्,एव,
एकमेव,:एकम्,एव,
सद्,विप्राः,:सत्,विप्राः,
मातरिश्वानमाहुः,:मातरिश्वानम्,आहुः,
कथमेकः,:कथम्,एकः,
करणीयमिति,:करणीयम्,इति,
एक,एव,:एकः,एव,
सर्वमिदं,:सर्वम्,इदं,
एको,वीरो,वीरो,देवराजो,देवराजो,निहन्ता,:एकः,वीरः,वीरः,देवराजः,देवराजः,निहन्ता,
पितॄणामीश्वरः,:पितॄणाम्,ईश्वरः,
चरतो,वै,:चरतः,वै,
सविनयमुक्तवान्,:सविनयम्,उक्तवान्,
ममापि,:मम,अपि,
यज्ञसत्रमारब्धवान्।,:यज्ञसत्रम्,आरब्धवान्।,
वशीकृत्याहं,:वशीकृत्य,अहं,
सत्यमिदम्?,:सत्यम्,इदम्?,
प्रयोजनमेव,:प्रयोजनम्,एव,
बन्दिपण्डितमहं,:बन्दिपण्डितम्,अहं,
उचितमेव,:उचितम्,एव,
भावानुकूलमभवत्।,:भावानुकूलम्,अभवत्।,
यद्,ईदृशः,:यत्,ईदृशः,
दिव्यौषधमेकमानीय,:दिव्यौषधम्,एकम्,आनीय,
देहसौन्दर्येणापि,:देहसौन्दर्येण,अपि,
पितृवियोगमपि,:पितृवियोगम्,अपि,
पङ्गुतामपि,:पङ्गुताम्,अपि,
"स,जातो,जातो,येन,:"सः,जातः,जातः,येन,
