विश्ववराया,एतत्,:विश्ववरायाः,एतत्,
तस्या,सान्त्वनं,:तस्याः,सान्त्वनं,
तद्,वदति,:तत्,वदति,
अन्यबालकानामपेक्षया,:अन्यबालकानाम्,अपेक्षया,
दुग्धमिति,:दुग्धम्,इति,
मातृपूजासममस्ति।,:मातृपूजासमम्,अस्ति।,
मातरमुक्तवान्,:मातरम्,उक्तवान्,
अस्माकमेकां,:अस्माकम्,एकां,
करणीयमि"ति।,:करणीयम्",इति।,
अहमनुक्षणम्,:अहम्,अनुक्षणम्,
करोमी"ति।,:करोमि",इति।,
आम्रमानीतवान्।,:आम्रम्,आनीतवान्।,
तत्समीपमुपविष्टवान्।,:तत्समीपम्,उपविष्टवान्।,
नचिकेता,उक्तवान्,:नचिकेताः,उक्तवान्,
समीपमुपविश्य,:समीपम्,उपविश्य,
वाजश्रवसमुक्तवान्,:वाजश्रवसम्,उक्तवान्,
विद्यामिष्टवान्।,:विद्याम्,इष्टवान्।,
आचार्यमुक्तवान्,:आचार्यम्,उक्तवान्,
निवेदनमस्ति।,:निवेदनम्,अस्ति।,
अहमिच्छामि।,:अहम्,इच्छामि।,
उपनयनादनन्तरमेव,:उपनयनात्,अनन्तरमेव,
गुरुकुलमित्युच्यते।,:गुरुकुलम्,इत्युच्यते।,
करणीयमिति,:करणीयम्,इति,
प्राप्तव्यमासीत्।,:प्राप्तव्यम्,आसीत्।,
चाभवत्।,:च,अभवत्।,
स,सर्वेषाम्,:सः,सर्वेषाम्,
तद्,गुरोः,:तत्,गुरोः,
यद्,भवान्,:यत्,भवान्,
एतद्,वचनं,:एतत,वचनं,
आनेतुमुक्तवान्।,:आनेतुम्,उक्तवान्।,
पातुमपि,:पातुम्,अपि,
चासन्।,:च,आसन्।,
दातुमसमर्थाः,:दातुम्,असमर्थाः,
किमर्थमेवं,:किमर्थम्,एवं,
एतादृशीनामयोग्यानां,:एतादृशीनाम्,अयोग्यानां,
मदर्थमेव,:मदर्थम्,एव,
दानमेव,:दानम्,एव,
पुत्रस्नेह,एव,:पुत्रस्नेहः,एव,
अहमेव।,:अहम्,एव।,
स,प्रत्युत्तरं,:सः,प्रत्युत्तरं,
श्रुतवानिति।,:श्रुतवान्,इति।,
एतामवस्थां,:एताम्,अवस्थां,
किमत्याहितम्।,:किम्,अत्याहितम्।,
पितुराज्ञापालनं,:पितुः,आज्ञापालनं,
कर्तव्यमेव।,:कर्तव्यम्,एव।,
पितरमुक्तवान्,:पितरम्,उक्तवान्,
कुलमस्माकम्।,:कुलम्,अस्माकम्।,
एतद्वचनं,:एतत्,वचनं,
महानपराधः,:महान्,अपराधः,
आज्ञामनुमत्य,:आज्ञाम्,अनुमत्य,
ध्यानमारब्धवान्।,:ध्यानम्,आरब्धवान्।,
कुत्राहमागतवान्?,:कुत्र,अहम्,आगतवान्?,
द्वारपालद्वयमासीत्।,:द्वारपालद्वयम्,आसीत्।,
कस्यास्ति?",:कस्य,अस्ति?",
यमराजस्यास्ति।,:यमराजस्य,अस्ति।,
आगमनमत्र,:आगमनम्,अत्र,
यमराजकार्यार्थमन्यत्र,:यमराजकार्यार्थम्,अन्यत्र,
दिनत्रयमावश्यकम्।,:दिनत्रयम्,आवश्यकम्।,
तद्,निवार्य,:तत्,निवार्य,
आज्ञानुसारमाचरणं,:आज्ञानुसारम्,आचरणं,
आगमनपर्यन्तमहम्,:आगमनपर्यन्तम्,अहम्,
तद्,एव,:तत्,एव,
ध्यानमारब्धवान्।,:ध्यानम्,आरब्धवान्।,
दिनत्रयमतीतम्।,:दिनत्रयम्,अतीतम्।,
चित्तमपि,:चित्तम्,अपि,
तमाह्वयतु",:तम्,आह्वयतु",
इतःपरमहं,:इतःपरम्,अहं,
तमुपावेश्य,:तम्,उपावेश्य,
गृहमागतः,:गृहम्,आगतः,
अतिथिरूपेणात्र,:अतिथिरूपेण,अत्र,
यदिच्छसि,:यत्,इच्छसि,
नान्यत्,:न,अन्यत्,
कर्तव्यमिति,:कर्तव्यम्,इति,
"स्वभावानुसारमेव,:"स्वभावानुसारम्,एव,
संयममपालयिष्यत्,:संयमम्,अपालयिष्यत्,
नाभविष्यत्।,:न,अभविष्यत्।,
भवानत्र,:भवान्,अत्र,
त्वामहमत्र,:त्वाम्,अहम्,अत्र,
यमधर्मराजेनोक्तम्।,:यमधर्मराजेन,उक्तम्।,
मामग्निविद्यां,:माम्,अग्निविद्यां,
पठितुमिच्छति।,:पठितुम्,इच्छति।,
त्वामग्निविद्यां,:त्वाम्,अग्निविद्यां,
नचिकेतसमग्निविद्यां,:नचिकेतसम्,अग्निविद्यां,
यद्,अहं,:यत्,अहं,
तद्,एकवारं,:तत्,एकवारं,
यथायोग्यमुक्तवान्।,:यथायोग्यम्,उक्तवान्।,
तमवरुध्य,:तम्,अवरुध्य,
विद्यामहं,:विद्याम्,अहं,
यमराजमुक्तवान्-,:यमराजम्,उक्तवान्-,
मरणमपि,:मरणम्,अपि,
परमस्ति।,:परम्,अस्ति।,
त्वमिच्छसि,:त्वम्,इच्छसि,
देवतानामपि,:देवतानाम्,अपि,
प्राप्तेरनन्तरमन्यस्य,:प्राप्तेः,अनन्तरम्,अन्यस्य,
यमराजमुक्तवान्-,:यमराजम्,उक्तवान्-,
मामात्मविद्यां,:माम्,आत्मविद्यां,
तमात्मविद्यां,:तम्,आत्मविद्यां,
योगविद्यामपि,:योगविद्याम्,अपि,
फलमस्ति।,:फलम्,अस्ति।,
दुर्जनसङ्गति,अपकारः,:दुर्जनसङ्गतिः,अपकारः,
दुःखञ्चानुभवति।,:दुःखं,च,अनुभवति।,
साधनमीश्वरभक्तिः।,:साधनम्,ईश्वरभक्तिः।,
इत्यनेकविधैः,:इति,अनेकविधैः,
कनिष्ठ",:कनिष्ठः,",
मनुष्येणापि,:मनुष्येण,अपि,
आचरणीयमिति।,:आचरणीयम्,इति।,
यज्ञमण्डपपर्यन्तमपि,:यज्ञमण्डपपर्यन्तम्,अपि,
वाजश्रवा,अपि,:वाजश्रवाः,अपि,
तमालिङ्गितवान्।,:तम्,आलिङ्गितवान्।,
अनुक्षणमेव,:अनुक्षणम्,एव,
पुत्रसमीपमागतवती।,:पुत्रसमीपम्,आगतवती।,
फलमस्ति।,:फलम्,अस्ति।,
देवत्वञ्च,:देवत्वं,च,
सर्वेषामुपकारं,:सर्वेषाम्,उपकारं,
कठोपनिषद्,इति,:कठोपनिषत्,इति,
यमुपदेशं,:यम्,उपदेशं,
पवित्रामेताम्,:पवित्राम्,एताम्,
उपनिषदमद्यापि,:उपनिषदम्,अद्यापि,
कठोपनिषद्,अनूदिता।,:कठोपनिषत्,अनूदिता।,
भूषणास्पदमेवास्ति।,:भूषणास्पदम्,एव,अस्ति।,
नाववतु।,:नौ,अववतु।,
नावधीतमस्तु।,:नौ,अवधीतम्,अस्तु।,
