mktextfm Mallige/OT
mktextfm Mallige/OT
mktextfm Mallige/OT
mktextfm Mallige/BI/OT
mktextfm Mallige/OT
mktextfm Mallige/B/OT
mktextfm Mallige/OT
mktextfm Mallige/I/OT
mktextfm Mallige/OT
mktextfm Mallige/OT
mktextfm Mallige/OT
mktextfm Mallige/OT
mktextfm Mallige/OT
mktextfm Mallige/BI/OT
mktextfm Mallige/OT
mktextfm Mallige/B/OT
mktextfm Mallige/OT
mktextfm Mallige/I/OT
mktextfm Mallige/OT
mktextfm Mallige/OT
mktextfm Mallige/OT
mktextfm Mallige/OT
mktextfm Mallige/OT
mktextfm Mallige/BI/OT
mktextfm Mallige/OT
mktextfm Mallige/B/OT
mktextfm Mallige/OT
mktextfm Mallige/I/OT
mktextfm Mallige/OT
mktextfm Mallige/OT
mktextfm Nakula/OT
mktextfm Nakula/OT
mktextfm Nakula/OT
mktextfm Nakula/BI/OT
mktextfm Nakula/OT
mktextfm Nakula/B/OT
mktextfm Nakula/OT
mktextfm Nakula/I/OT
mktextfm Nakula/OT
mktextfm Nakula/OT
mktextfm Nakula/OT
mktextfm Nakula/OT
mktextfm Nakula/OT
mktextfm Nakula/OT
mktextfm Nakula/BI/OT
mktextfm Nakula/OT
mktextfm Nakula/B/OT
mktextfm Nakula/OT
mktextfm Nakula/I/OT
mktextfm Nakula/OT
mktextfm Nakula/OT
mktextfm XITS/OT
mktextfm XITS/OT
mktextfm XITS/OT
mktextfm XITS/BI/OT
mktextfm XITS/OT
mktextfm XITS/B/OT
mktextfm XITS/OT
mktextfm XITS/I/OT
mktextfm XITS/OT
mktextfm XITS/OT
