सयोगादीति।,:संयोगात्,इति।,
१.संयोगादिविशेषसाध्यक,इत्यर्थः।,:१.संयोगादिविशेषसाध्यकः,इति,अर्थः।,
इत्यर्थः।,:इति,अर्थः।,
साध्यवैयधिकरण्यावच्छेदकावच्छिन्नसाभावव्याप्य,इत्यर्थः।,:साध्यवैयधिकरण्यावच्छेदकावच्छिन्नसाभावव्याप्यः,इति,अर्थः।,
इत्यर्थः।,:इति,अर्थः।,
अन्यथेति।,:अन्यथा,इति।,
तत्राधिकरणद्वैरूप्यात्तेनैवोपपत्तेरित्यर्थः।,:तत्र,अधिकरणद्वैरूप्यात्,तेन,एव,उपपत्तेः,इति,अर्थः।,
२.द्वैरूप्याभावायेनोपय,:२.द्वैरूप्याभावायेन,**उपय,
कस्यचिन्मतं,:कस्यचित्,मतं,
चेति।,:च,इति।,
रूपेणानुमित्यप्रतिबन्धकत्वात्।,:रूपेण,अनुमिति,अप्रतिबन्धकत्वात्।,
तद्भेदानुपपत्तितादवस्थयमित्यपि,:तद्भेदानुपपत्तितादवस्थ्यम्,इति,अपि,
तावदिति।,:तावत्,इति।,
वस्तुतोऽनैकान्तिकसामान्यज्ञानं,:वस्तुतः,अनैकान्तिकसामान्यज्ञानं,
प्रतिबन्धकमेव,:प्रतिबन्धकम्,एव,
विपक्षवृत्तित्वादिज्ञानमेव।,:विपक्षवृत्तित्वादिज्ञानम्,एव।,
तदन्तर्भाव,आवश्यक,आवश्यक,इति,:तदन्तर्भावः,आवश्यकः,आवश्यकः,इति,
तथानुपन्यासादिति।,:तथा,अनुपन्यासात्,इति।,
धूमवत्त्वानुपन्यासादित्यर्थः।,:धूमवत्त्वानुपन्यासात्,इति,अर्थः।,
अन्यथेति।,:अन्यथा,इति।,
तथैवोपन्यासे,:तथा,एव,उपन्यासे,
३.निराकाङ्क्षत्वादनन्वये,:३.निराकाङ्क्षत्वात्,अनन्वये,
अपार्थकत्वादित्यर्थः।,:अपार्थकत्वात्,इति,अर्थः।,
साध्यानवगतेति।,:साध्यानवगता,इति।,
साध्याप्रमितसहचार,इत्यर्थः।,:साध्याप्रमितसहचारः,इति,अर्थः।,
इत्यर्थः।,:इति,अर्थः।,
नाव्याप्तिः।,:न,अव्याप्तिः।,
विपक्षेति।,:विपक्षः,इति।,
साध्याभावसहचरितत्वमात्रविषयतयैव,:साध्याभावसहचरितत्वमात्रविषयतया,एव,
हेत्वाभासत्वमिति,:हेत्वाभासत्वम्,इति,
चेति।,:धूमे,अतिव्याप्तिः,इति,अनुशयेन,आह--तत्,प्रमापकत्वच,इति।,
साध्याभावेति।,:साध्याभावः,इति।,
तत्प्रमापकत्वग्रहस्यापि,:तत्प्रमापकत्वग्रहस्य,अपि,
अप्रतिबन्धकत्वापातादिति,:अप्रतिबन्धकत्वापातात्,इति,
साध्यवदन्योन्याभावव्याप्यत्वद्वितीयंलक्षणामनूद्य,:साध्यवदन्योन्याभावव्याप्यत्वद्वितीयलक्षणाम्,अनूद्य,
दूषयति----नापीति।,:दूषयति----न,अपि,इति।,
F.N.१.व्याप्यत्वेनैव--ख,:F.N.१.व्याप्यत्वेन,एव--ख,
नन्वेतस्य,:ननु,एतस्य,
कोऽप्यर्थः,:कः,अपि,अर्थः,
ज्ञानस्याप्रतिबन्धकत्वात्,:ज्ञानस्य,अप्रतिबन्धकत्वात्,
अन्यथातिप्रसङ्गादिति,:अन्यथातिप्रसङ्गात्,इति,
हेतुविरह,इति,:हेतुविरहः,इति,
साध्यसामानाधिकरण्यधीविरोध्येव।,:साध्यसामानाधिकरण्यधीविरोधि,एव।,
हेतोर्ग्राह्यतया,:हेतोः,ग्राह्यतया,
तेनायं,:तेन,अयं,
वृक्षो,द्रव्यम्।,:वृक्षः,द्रव्यम्।,
इत्यत्र,:इति,अत्र,
नातिव्यप्तिः।,:न,अतिव्यप्तिः।,
अयमाकाशवान्,:अयम्,आकाशवान्,
द्रव्यत्वादित्यत्र,:द्रव्यत्वात्,इत्यत्र,
इदमव्यापकम्।,:इदम्,अव्यापकम्।,
तदलक्ष्यमेवेति,:तदलक्ष्यम्,एव,इति,
तद्विषयस्यापि,:तद्विषयस्य,अपि,
हेतुसामानाधिकरण्याभाव,एव,:हेतुसामानाधिकरण्याभावः,एव,
[स]हेत्वाभासतोपाधिरस्त्विति,:[स]हेत्वाभासतोपाधिः,अस्तु,इति,
तत्रापि,:तत्र,अपि,
संभवादिति,:संभवात्,इति,
सर्वेषामेव,:सर्वेषाम्,एव,
विनिगमकाभावाच्च।,:विनिगमकाभात्,च।,
४.विरोध्येव-क,:४.विरोधइ,एव-क,
()सर्वोपाधीनेकीकृत्य--------,:()सर्वोपाधीन्,एकीकृत्य--------,
