अवतीर्णोऽहं,:अवतीर्णः,अहं,
प्रवर्धमानोऽभूवम्,:प्रवर्धमानः,अभूवम्,
ममोपमाता,:मम,उपमाता,
पुनस्तयाऽत्र,:पुनः,तया,अत्र,
भवेऽपि,:भवे,अपि,
शिरभिरलङ्‌कृतः,:शिरभिः,अलङ्‌कृतः,
प्रीतिर्जाता,:प्रीतिः,जाता,
मामाश्रितः,:माम्,आश्रितः,
प्रभृत्यहं,:प्रभृति,अहं,
नाऽनमम्,:न,आनमम्,
आकाशदृष्टिरेवाऽचलं,:आकाशदृष्टिः,एव,अचलं,
तृणवदगणयम्,:तृणवत्,अगणयम्,
माधनोऽयं,:माधनः,अयं,
तत्तदेवाऽङ्गीकरणीयं,:तत्तदेव,अङ्गीकरणीयं,
नाऽस्य,:न,अस्य,
भविद्भिरिति,:भविद्भिः,इति,
पितुरप्याधिकं,:पितुः,अपि,अधिकं,
शैलराजानुभावादेते,:शैलराजानुभावात्,एते,
महानुभावोऽयमिति,:महानुभावः,अयम्,इति,
मामित्थं,:माम्,इत्थं,
तदनुभावाच्चाऽहं,:तदनुभावात्,च,अहं,
अथैकदाहं,:अथ,एकदा,अहं,
दुष्टभावनृपस्तस्य,:दुष्टभावनृपः,तस्य,
दृष्टस्तेनाऽहम्,:दृष्टः,तेन,अहम्,
तत्प्रभृत्यहं,:तत्प्रभृति,अहं,
कृतानप्यपराधशतान्,:कृतानपि,अपराधशतान्,
सङ्गादनेकेऽनर्थाः,:सङ्गात्,अनेके,अनर्थाः,
उत्पद्यमानानेव,:उत्पद्यमानान्,एव,
पुण्योदयश्छिनत्ति,:पुण्योदयः,छिनत्ति,
पुण्योदयोपकारमहं,:पुण्योदयोपकारम्,अहं,
कलाग्रहणायाऽहं,:कलाग्रहणाय,अहं,
कलागुरोस्त्वया,:कलागुरोः,त्वया,
स्यादिति,:स्यात्,इति,
मयोक्तं,:मया,उक्तं,
किमेषोऽस्मत्तोऽप्यधिकं,:किम्,एषः,अस्मत्तः,अप्यधिकं,
गणयामीति,:गणयामि,इति,
मौनमाधाय,:मौनम्,आधाय,
विनयप्रणिपातादिकमकुर्वाणोऽपि,:विनयप्रणिपातादिकमकुर्वाणः,अपि,
गर्वाध्मातमपि,:गर्वाध्मातम्,अपि,
शिक्षार्थमुक्तोऽहं,:शिक्षार्थम्,उक्तः,अहं,
विनीयमानोऽपि,:विनीयमानः,अपि,
इत्याकर्ण्य,:इति,आकर्ण्य,
कलाचार्यस्तथा,:कलाचार्यः,तथा,
पुनरुत्तरमपि,:पुनः,उत्तरमपि,
शिक्षानुचितोऽयमिति,:शिक्षानुचितः,अयम्,इति,
नाऽस्य,:न,अस्य,
केनाऽपि,:केन,अपि,
वाच्यमिति,:वाच्यम्,इति,
विद्यार्थिनोऽपि,:विद्यार्थिनः,अपि,
निरंकुशोऽहं,:निरंकुशः,अहं,
गुरोरवर्णवादं,:गुरोः,अवर्णवादं,
दृष्टापराधमप्यपलपामि,:दृष्टापराधम्,अपि,अपलपामि,
नित्यापराधोद्विग्नेनोपाध्यायेनैकदा,:नित्यापराधोद्विग्नेन,उपाध्यायेन,एकदा,
कार्यमस्ति,:कार्यम्,अस्ति,
याहीति,:याहि,इति,
गृहमागतोऽहं,:गृहम,अगतः,अहं,
पृष्टश्च,:पृष्टः,च,
कियदधीतं,:कियत्,अधीतं,
साधिताश्च,:साधिताः,च,
द्वासप्ततिरपि,:द्वासप्ततिः,अपि,
मये"त्याकर्ण्य,:मया,"इत्याकर्ण्य,
पुनर्मां,:पुनः,मां,
तथेत्युक्त्वा,:तथा,इत्युक्त्वा,
निर्गतोऽहं,:निर्गतः,अहं,
चाऽतः,:च,अतः,
कुतस्त्वयेदृग्विधाऽचिन्त्यशक्तिर्लेभे,:कुतः,त्वया,ईदृक्,विधाऽचिन्त्यशक्तिः,लेभे,
तवानुभावात्,:तव,अनुभावात्,
प्रतिपन्नास्ति,:प्रतिपन्ना,अस्ति,
मयापीदृशी,:मयापि,ईदृशी,
शक्तिर्लब्धास्ति,:शक्तिः,लब्धा,अस्ति,
तवाऽपीदृग्शक्तिलाभे,:तव,अपि,ईदृक्,शक्तिलाभे,
वाञ्छाऽस्ति,:वाञ्छा,अस्ति,
सेवस्वाऽन्यान्यपि,:सेवस्व,अन्य,अन्यपि,
तत्राऽहं,:तत्र,अहं,
मायामपि,:मायाम्,अपि,
तद्वाक्यमङ्गीकृत्याऽहं,:तद्वाक्यम्,अङ्गीकृत्य,अहं,
कलापात्रमस्ति,:कलापात्रम्,अस्ति,
परीक्ष्याऽहं,:परीक्ष्या,अहं,
तद्वाक्यमङ्गीकृत्य,:तद्वाक्यम्,अङ्गीकृत्य,
नरसुन्दरीमादाय,:नरसुन्दरीम्,आदाय,
सिद्धार्थपुरमायातसत्द्वृत्तान्तश्रवणेन,:सिद्धार्थपुरम्,आयातसत्द्वृत्तान्तश्रवणेन,
सहाऽऽदाय,:सह,आदाय,
महामतिर्नाम,:महामतिः,नाम,
मत्कलाचार्योऽप्यागत्य,:मत्कलाचार्यः,अपि,आगत्य,
नृपान्तिकमुपविष्टः,:नृपान्तिकम्,उपविष्टः,
नरकेशरिनृपोऽपि,:नरकेशरिनृपः,अपि,
सपरिकरस्तत्राऽऽगतः,:सपरिकरः,तत्र,आगतः,
रम्भामुपहसन्ती,:रम्भाम्,उपहसन्ती,
सभायामागत्य,:सभायाम्,आगत्य,
ममाऽभिमुखमुपविष्टा,:मम,अभिमुखम्,उपविष्टा,
कटाक्षवीक्षणादेव,:कटाक्षवीक्षणात्,एव,
प्रमोदोत्पुलकोऽभूवम्,:प्रमोदोत्पुलकः,अभूवम्,
कश्चिच्छास्त्रवार्ताविनोदः,:कश्चित्,शास्त्रवार्ताविनोदः,
सभाजनोऽयं,:सभाजनः,अयं,
त्वद्वाक्पीयूषपानेनेति,:त्वत्,वाक्पीयूषपानेन,इति,
सर्वेऽप्यहो,:सर्वेऽपि,अहो,
किमभिधाष्यति,:किम्,अभिधाष्यति,
अधुनाऽत्र,:अधुना,अत्र,
किमुत्तरं,:किम्,उत्तरं,
शुष्यत्तालुगलकस्तत्कालमेव,:शुष्यत्तालुगलकः,तत्कालम्,एव,
मृतावस्थोऽभूवम्,:मृतावस्थः,अभूवम्,
किमेतत्,:किम्,एतत्,
कुमारस्तु,:कुमारः,तु,
मृषावादाऽभिमानयोर्विलसिते,:मृषावादाऽभिमानयोः,विलसिते,
विशारदोऽस्ति,:विशारदः,अस्ति,
विद्यायास्तु,:विद्यायाः,तु,
गन्धमात्रमपि,:गन्धमात्रम्,अपि,
सर्वमपि,:सर्वम्,अपि,
मच्चरितं,:मत्,चरितं,
तच्छ्रुत्वा,:तत्,श्रुत्वा,
इत्युक्त्वा,:इति,उक्त्वा,
सर्वोऽपि,:सर्वः,अपि,
मामुपहसन्,:माम्,उपहसन्,
गृहमायातः,:गृहम्,आयातः,
दिवसोऽतिक्रान्तः,:दिवसः,अतिक्रान्तः,
मदाश्रितस्याऽस्य,:मदाश्रितस्य,अस्य,
रिपुदारणस्यैव,:रिपुदारणस्य,एव,
विद्यमानेऽपि,:विद्यमाने,अपि,
चेदेनं,:चेत्,एनं,
किञ्चदन्यं,:किञ्चत्,अन्यं,
सहाय्येनेति,:सहाय्येन,इति,
हृदयमधिष्ठितस्तदनुभावाच्च,:हृदयम्,अधिष्ठितः,तदनुभावात्,च,
बुद्धिर्जाता,:बुद्धिः,जाता,
यदहं,:यत्,अहं,
विवाहार्थमत्रऽऽगतः,:विवाहार्थम्,अत्र,आगतः,
कन्यामदत्त्वैव,:कन्याम्,अदत्त्वा,एव,
एतेषामस्माकं,:एतेषाम्,अस्माकं,
स्यादिति,:स्यात्,इति,
नरकेशरिणोक्तं,:नरकेशरिणा,उक्तं,
उद्वाहितश्चाऽहम्,:उद्वाहितः,च,अहम्,
इत्याकर्णनाज्जातप्रमोदेन,:इति,आकर्णनात्,जातप्रमोदेन,
उद्वाहितश्चाऽहम्,:उद्वाहितः,च,अहम्,
एवमन्योन्यदृढप्रणयासक्तयोरावयोर्नानाभोगभङ्गिभिः,:एवम्,अन्योन्यदृढप्रणयासक्तयोः,आवयोः,नानाभोगभङ्गिभिः,
यदावयोः,:यदा,आवयोः,
रिपुदारणस्तु,:रिपुदारणः,तु,
नाऽस्माकं,:न,अस्माकं,
स्मरत्यपि,:स्मरति,अपि,
केनोपायेनाऽस्य,:केन,उपायेन,अस्य,
मृषावादेनोक्तम्,:मृषावादेन,उक्तम्,
त्वेतत्कार्यचिन्तयन्नेवाऽस्मि,:तु,एतत्,कार्यचिन्तयन्,एव,अस्मि,
अथैकदा,:अथ,एकदा,
मयोक्तं,:मया,उक्तं,
विद्यास्तु,:विद्याः,तु,
स्यादिति,:स्यात्,इति,
ध्यात्वाऽहं,:ध्यात्वा,अहं,
मौनमालम्बितः,:मौनम्,आलम्बितः,
मदभिप्रायं,:मत्,अभिप्रायं,
पुनर्लीलयोक्तं,:पुनः,लीलया,उक्तं,
मयाऽहङ्‌कारवशात्,:मया,अहङ्‌कारवशात्,
तमेवाऽङ्गीकुरु,:तम्,एव,अङ्गीकुरु,
मातुर्विमलमालत्याः,:मातुः,विमलमालत्याः,
माताऽपि,:माता,अपि,
तामाश्वास्य,:ताम्,आश्वास्य,
मदन्तिकमागत्य,:मदन्तिकम्,आगत्य,
मामुवाच,:माम्,उवाच,
त्वद्विरहाऽसहा,:त्वत्,विरहा,असहा,
तदिमामाश्वासय,:तत्,इमाम्,आश्वासय,
मानमित्यादि,:मानम्,इत्यादि,
माताऽपि,:माता,अपि,
कठोरवाक्यैरवगणिता,:कठोरवाक्यैः,अवगणिता,
पुनर्मातुरादेशात्,:पुनः,मातुः,आदेशात्,
तत्राऽऽगत्य,:तत्र,आगत्य,
मेऽपराधं,:मे,अपराधं,
इत्थमपराधं,:इत्थम्,अपराधं,
पादयोर्निपत्य,:पादयोः,निपत्य,
मामनुनेतुं,:माम्,अनुनेतुं,
पादेनऽऽहत्य,:पादेन,आहत्य,
कमप्युपायमलभमाना,:कमपि,उपायम्,अलभमाना,
शून्यचित्तेव,:शून्यचित्ता,इव,
क्वेयं,:क्व,इयं,
यातीति,:याति,इति,
विचिन्त्याऽहमपि,:विचिन्त्य,अहमपि,
तामन्वगमम्,:ताम्,अन्वगमम्,
सूर्योऽस्तं,:सूर्यः,अस्तं,
तत्रोर्ध्वदारुणि,:तत्र,ऊर्ध्वदारुणि,
पाशमासूत्र्य,:पाशम्,आसूत्र्य,
नोदपद्यत,:न,उदपद्यत,
तत्राऽऽयाता,:तत्र,आयाता,
तथाऽप्यहं,:तथापि,अहं,
मामेवं,:माम्,एवं,
दुष्टमयोग्यं,:दुष्टम्,अयोग्यं,
पुण्योदयोऽत्यन्तक्षीणाऽङ्गोऽभवत्,:पुण्योदयः,अत्यन्तक्षीणाऽङ्गः,अभवत्,
तत्राऽऽगता,:तत्र,आगता,
तयोर्मृतावस्थां,:तयोः,मृतावस्थां,
सर्वैर्ममाकार्यं,:सर्वैः,मम,अकार्यं,
दृष्टश्चाऽहं,:दृष्टः,च,अहं,
नानापवादभङ्गिभिस्तैः,:नानापवादभङ्गिभिः,तैः,
युज्यतेऽस्य,:युज्यते,अस्य,
राजाऽपि,:राजा,अपि,
सञ्जातव्यसनस्तत्रागत्य,:सञ्जातव्यसनः,तत्र,आगत्य,
तयोर्मृतकार्यं,:तयोः,मृतकार्यं,
चाऽयोग्यं,:च,अयोग्यं,
कियद्दिनातिक्रमे,:कियत्,दिनातिक्रमे,
तत्रोद्याने,:तत्र,उद्याने,
प्रणम्योपविष्टस्तदवसरेऽन्येऽपि,:प्रणम्य,उपविष्टः,तदवसरे,अन्ये,अपि,
पर्यटंस्तत्राऽऽगतः,:पर्यटन्,तत्र,आगतः,
कौतुकप्रेक्षार्थमुपविष्टः,:कौतुकप्रेक्षार्थम्,उपविष्टः,
केचिच्च,:केचित्,च,
संसारमसारं,:संसारम्,असारं,
व्रतमाददे,:व्रतम्,आददे,
सूरिराह,:सूरिः,आह,
अस्मच्चरितं,:अस्मत्,चरितं,
त्वदभिलाषपूर्त्तये,:त्वत्,अभिलाषपूर्त्तये,
अस्त्यनाद्यनन्तं,:अस्ति,अनादि,अनन्तं,
शुभोदयाऽशुभोदयनामानौ,:शुभोदय,अशुभोदयनामानौ,
विचक्षणश्च,:विचक्षणः,च,
विचक्षणस्तु,:विचक्षणः,तु,
स्वभावादेव,:स्वभावात्,एव,
इन्द्रियलोलुपोऽविनयी,:इन्द्रियलोलुपः,अविनयी,
गर्वाऽसूयाभिधाद्यङ्ख्यदोषाकीर्णः,:गर्व,असूयाभिधादि,असङ्ख्यदोषाकीर्णः,
द्वावपि,:द्वौ,अपि,
साऽन्यदा,:सा,अन्यदा,
अत्राऽवसरे,:अत्र,अवसरे,
विमर्शोऽपि,:विमर्शः,अपि,
जडश्च,:जडः,च,
द्वावपि,:द्वौ,अपि,
रक्तवर्णाऽतिचपला,:रक्तवर्णा,अतिचपला,
जडस्तु,:जडः,तु,
विचक्षणस्तु,:विचक्षणः,तु,
अतिचपलाऽसौ,:अतिचपला,असौ,
कुशीलेति,:कुशीला,इति,
हस्तेनाकृष्य,:हस्तेन,आकृष्य,
पार्श्वमेत्य,:पार्श्वम्,एत्य,
सत्स्वामिनीमवगण्य,:सत्स्वामिनीम्,अवगण्य,
तदाश्वासयतां,:तदा,आश्वासयतां,
तत्राऽऽगत्येति,:तत्रा,आगत्य,इति,
विचक्षणमाकृष्याऽऽगतस्तत्पार्श्वं,:विचक्षणम्,आकृष्य,आगतः,तत्पार्श्वं,
लोलतेति,:लोलता,इति,
बलादसंव्यवहारनगरान्निर्गत्यैकेन्द्रियपुरे,:बलात्,असंव्यवहारनगरात्,निर्गत्य,एकेन्द्रियपुरे,
परिणायिताऽस्ति,:परिणायिता,अस्ति,
एवाऽभूवम्,:एव,अभूवम्,
मूर्च्छितैषा,:मूर्च्छिता,एषा,
तद्वाक्यैर्लुब्धेन,:तद्वाक्यैः,लुब्धेन,
कर्मपरिणामसम्बन्धिनीयं,:कर्मपरिणामसम्बन्धिनी,इयं,
स्नेहकारणोचितेति,:स्नेहकारणोचिता,इति,
लोकरीत्याऽऽदृता,:लोकरीत्या,आदृता,
सर्वथाऽपि,:सर्वथा,अपि,
जडस्तु,:जडः,तु,
द्राक्षागुडशर्करादुग्धदधिघृतमधुमद्यमांसादिभिर्विविधाऽशनपानखादिमस्वादिमैर्नित्यं,:द्राक्षागुडशर्करादुग्धदधिघृतमधुमद्यमांसादिभिः,विविध,अशनपानखादिमस्वादिमैः,नित्यं,
प्रमोदमाप्नोति,:प्रमोदम्,आप्नोति,
विचक्षणस्तु,:विचक्षणः,तु,
प्रशंसाऽभूत्,:प्रशंसा,अभूत्,
जडस्तु,:जडः,तु,
मृगयाद्यकार्यं,:मृगयादि,अकार्यं,
लोकेऽपवादपदं,:लोके,अपवादपदं,
स्वमातुरयोग्यतायाः,:स्वमातुः,अयोग्यतायाः,
तयोक्तं,:तया,उक्तं,
लोलतादिशति,:लोलता,आदिशति,
भविष्यतीति,:भविष्यति,इति,
विशेषेणाऽभक्ष्याऽपेयादिदानेन,:विशेषेण,अभक्ष्य,अपेयादिदानेन,
जडस्तां,:जडः,तां,
विचक्षणेनापि,:विचक्षणेन,अपि,
स्वमातुश्चारुतायाः,:स्वमातुः,चारुतायाः,
स्वस्यानादारत्वं,:स्वस्य,अनादारत्वं,
अस्यामज्ञातकुलशीलायां,:अस्याम्,अज्ञातकुलशीलायां,
तेनोपायेन,:तेन,उपायेन,
द्वावपि,:द्वौ,अपि,
वर्षमवधीकृत्य,:वर्षम्,अवधीकृत्य,
बाह्यनगराण्यवलोकितानि,:बाह्यनगराणि,अवलोकितानि,
शुद्धिर्न,:शुद्धिः,न,
तदाऽन्तरङ्गनगराणि,:तदा,अन्तरङ्गनगराणि,
तन्नगरं,:तत्,नगरं,
जनरहितमपि,:जनरहितम्,अपि,
तदस्य,:तत्,अस्य,
भविष्यतीति,:भविष्यति,इति,
राजसचित्तमिदं,:राजसचित्तम्,इदं,
चाऽऽदाय,:च,आदाय,
सन्तोषमभिषेणयितुं,:सन्तोषम्,अभिषेणयितुं,
गतोऽस्ति,:गतः,अस्ति,
गतोऽनन्ताऽनन्तः,:गतः,अनन्ताऽनन्तः,
कालस्तथापि,:कालः,तथापि,
सैन्येऽभूवं,:सैन्ये,अभूवं,
नगररक्षार्थमिहाऽऽगत्य,:नगररक्षार्थम्,इह,आगत्य,
स्थितोऽस्मि,:स्थितः,अस्मि,
वैरकारणमिति,:वैरकारणम्,इति,
विषयाभिलाषनामाऽमात्योऽस्ति,:विषयाभिलाषनामा,अमात्यः,अस्ति,
स्वस्याऽपत्यानि,:स्वस्य,अपत्यानि,
जगद्विजयायाऽऽदिष्टानि,:जगत्,विजयाय,आदिष्टानि,
शक्रादयोऽपि,:शक्रादयः,अपि,
वशंवदाश्चक्रिरे,:वशंवदाः,चक्रिरे,
सन्तोषस्तु,:सन्तोषः,तु,
प्रस्थापयतीत्येतद्वैरकारणमिति,:प्रस्थापयति,इति,एतत्,वैरकारणम्,इति,
यदहो,:यत्,अहो,
मूलशुद्धिस्तु,:मूलशुद्धिः,तु,
विलोक्यतेऽस्याः,:विलोक्यते,अस्याः,
मोहादीनामैश्वर्याभोगमिति,:मोहादीनाम्,ऐश्वर्याभोगम्,इति,
पुनस्ताभ्यां,:पुनः,ताभ्यां,
क्वास्ति,:क्व,अस्ति,
मिथ्याभिमानेन,:मिथ्या,अभिमानेन,
माभूतां,:मा,अभूतां,
हेरिकावेतावित्याशङ्क्य,:हेरिकावेतौ,इति,आशङ्क्य,
कृतमनेन,:कृतम्,अनेन,
गम्यतामग्रे,:गम्यताम्,अग्रे,
तच्छुद्धिरिति,:तच्छुद्धिः,इति,
क्रमादायातौ,:क्रमात्,आयातौ,
तत्पुरमपि,:तत्पुरम,अपि,
शून्यमवलोक्येतस्ततः,:शून्यम्,अवलोक्य,इतस्ततः,
पश्यद्भ्यामेकः,:पश्यद्भ्याम्,एकः,
पुमानदर्शि,:पुमान्,अदर्शि,
तमनुसृत्य,:तम्,अनुसृत्य,
पुमानाह,:पुमान्,आह,
तामसचित्ताख्यमिदं,:तामसचित्ताख्यम्,इदं,
स्वपरिजनमादाय,:स्वपरिजनम्,आदाय,
गतोऽस्ति,:गतः,अस्ति,
साऽत्यन्तं,:सा,अत्यन्तं,
परमवल्लभाऽस्ति,:परमवल्लभा,अस्ति,
श्वश्र्वास्तथा,:श्वश्र्वाः,तथा,
सहाऽऽगन्तुकामामपि,:सह,आगन्तुकामाम्,अपि,
तामापन्नसत्त्वां,:ताम्,आपन्नसत्त्वां,
वैश्वानराभिधः,:वैश्वानर,अभिधः,
प्रसूतोऽभूत्,:प्रसूतः,अभूत्,
पुनरिदानीमप्यन्तरांतरायातद्वेषगजेन्द्रसंयोगादन्योऽपि,:पुनः,इदानीम्,अपि,अन्तरांतरायातद्वेषगजेन्द्रसंयोगात्,अन्यः,अपि,
शैलराजाभिधस्तया,:शैलराजाभिधः,तया,
जातोऽस्तीति,:जातः,अस्ति,इति,
प्रयोजनेनायाता,:प्रयोजनेन,आयाता,
इत्यूचे,:इति,ऊचे,
त्वेतदत्र,:तु,एतत्,अत्र,
अथाऽत्र,:अथ,अत्र,
विचक्षणसूरिमुखादविवेकितादिस्वरूपं,:विचक्षणसूरिमुखात्,अविवेकितादिस्वरूपं,
तदाऽज्ञानवशात्,:तदा,अज्ञानवशात्,
पुनरगृहीतसंकेतयाग्रेतन,:पुनः,अगृहीतसंकेतया,अग्रेतन,
यदहो,:यत्,अहो,
नृपेणाऽत्र,:नृपेण,अत्र,
नियुक्तोऽसि,:नियुक्तः,असि,
किमुताऽन्यस्मै,:किमुता,अन्यस्मै,
कार्यायेहागतोऽसीति,:कार्याय,इह,आगतः,असि,इति,
नियुक्तोऽस्ति,:नियुक्तः,अस्ति,
सख्यमस्ति,:सख्यम्,अस्ति,
ततस्तत्,:ततः,तत्,
मिलनायाऽधुना,:मिलनाय,अधुना,
चित्तवृत्त्यटव्यां,:चित्तवृत्ति,अटव्यां,
स्कन्धावारोऽस्ति,:स्कन्धावारः,अस्ति,
समायातोऽस्मि,:समायातः,अस्मि,
वारस्थितिनिर्णयमासाद्य,:वारस्थितिनिर्णयम्,आसाद्य,
चित्तवृत्त्यटव्यां,:चित्तवृत्ति,अटव्यां,
साऽटवी,:सा,अटवी,
राजसचित्ततामसचित्तपुरयोरन्तरालात्,:राजसचित्ततामसचित्तपुरयोः,अन्तरालात्,
विकथाश्रोतःपतितकषायपूरमज्जदनन्तसंसारिसत्त्वसन्दोहा,:विकथाश्रोतःपतितकषायपूरमज्जत्,अनन्तसंसारिसत्त्वसन्दोहा,
भावहायादियादोगणैर्दुरवगाहा,:भावहायादियादोगणैः,दुरवगाहा,
महाप्रतापभासुरोऽयं,:महाप्रतापभासुरः,अयं,
उपलक्षयैतस्य,:उपलक्षय,एतस्य,
स्थितोऽस्ति,:स्थितः,अस्ति,
अस्याऽऽज्ञावशंवदा,:अस्य,आज्ञावशंवदा,
रागादिभिर्यथेच्छं,:रागादिभिः,यथेच्छं,
विनाट्यन्ते,:विना,अट्यन्ते,
देवत्वबुद्धिस्तथाऽष्टादशदोषनिर्मुक्तेषु,:देवत्वबुद्धिस्तथा,अष्टादशदोषनिर्मुक्तेषु,
सर्वज्ञेष्वदेवबुद्धिर्या,:सर्वज्ञेषु,अदेवबुद्धिः,या,
चाऽगुरुत्वबुद्धिः,:च,अगुरुत्वबुद्धिः,
धर्मबुद्धिर्या,:धर्मबुद्धिः,या,
सम्यक्त्वदेशविरतिसर्वविरत्यादिष्वधर्मबुद्धिस्तथा,:सम्यक्त्वदेशविरतिसर्वविरत्यादिषु,अधर्मबुद्धिः,तथा,
सर्वज्ञोपदिष्टमार्गं,:सर्वज्ञः,उपदिष्टमार्गं,
विहायाऽन्येषु,:विहाय,अन्येषु,
यच्च,:यत्,च,
सर्वमप्यस्याऽचिन्त्यशक्तेर्विजृम्भितं,:सर्वमपि,अस्याः,अचिन्त्यशक्तेः,विजृम्भितं,
दक्षिणाङ्गेऽभ्यर्णं,:दक्षिणाङ्गे,अभ्यर्णं,
निविष्टोऽसौ,:निविष्टः,असौ,
महाबाहुर्महामोहस्य,:महाबाहुः,महामोहस्य,
एभिस्त्रिभिर्नृपैर्युतः,:एभिः,त्रिभिः,नृपैः,युतः,
चाऽस्य,:च,अस्य,
साऽस्य,:सा,अस्य,
एभिनृपैर्मूढतादेव्या,:एभिः,नृपैः,मूढतादेव्या,
सहितोऽसद्वस्तुष्वपि,:सहितः,असत्,वस्तुषु,अपि,
प्रीतिमुत्पादयति,:प्रीतिम्,उत्पादयति,
चाऽस्य,:च,अस्य,
स्वपितुर्महामोहस्य,:स्वपितुः,महामोहस्य,
यश्चिरकालीनमपि,:यः,चिरकालीनम्,अपि,
परमवल्लभोऽसौ,:परमवल्लभः,असौ,
दुष्टाभिसन्धिनृपगृहेऽस्तीति,:दुष्टाभिसन्धिनृपगृहे,अस्ति,इति,
शोकेनोक्तमभूत्,:शोकेन,उक्तम्,अभूत्,
पुनर्विमर्शः,:पुनः,विमर्शः,
महासुन्दराकृतिर्धनुष्मान्पञ्चकव्यग्रहस्तः,:महासुन्दराकृतिः,धनुष्मान्,पञ्चकवी,अग्रहस्तः,
प्रवर्धितोत्साहः,:प्रवर्धित,उत्साहः,
पार्वत्यग्रे,:पार्वती,अग्रे,
विष्णुश्च,:विष्णुः,च,
गोपवधूजनपादपतनादिभिर्बहुधा,:गोपवधूजनपादपतनादिभिः,बहुधा,
विनाटितः,:विना,अटितः,
निर्बीजीकृत्याऽनेन,:निर्बीजीकृत्य,अनेन,
यच्च,:यत्,च,
कुलवध्वोऽपि,:कुलवध्वः,अपि,
यच्च,:यत्,च,
विधवामधमजातिप्रायां,:विधवाम्,अधमजातिप्रायां,
यच्च,:यत्,च,
कामसेवामभिलषन्ति,:कामसेवाम्,अभिलषन्ति,
तदेतस्य,:तदा,एतस्य,
कामदेवस्याऽचिन्त्यशक्तिविलसितं,:कामदेवस्य,अचिन्त्यशक्तिविलसितं,
पुनर्मोहनृपस्य,:पुनः,मोहनृपस्य,
हासाभिधोऽयं,:हासाभिधः,अयं,
चाऽस्य,:च,अस्य,
चाऽरतिर्नाम,:च,आरतिः,नाम,
जनस्योद्वेगं,:जनस्य,उद्वेगं,
चाऽस्य,:च,अस्य,
आवयोर्दृष्टपूर्वस्तामसचित्तपुरात्,:आवयोः,दृष्टपूर्वः,ताम्,असचित्तपुरात्,
पार्श्वेऽस्य,:पार्श्वे,अस्य,
शिरःस्फोटाऽऽक्रन्दहृदयघातादिकं,:शिरःस्फोटा,आक्रन्दहृदयघातादिकं,
त्वेषा,:तु,एषा,
पञ्चाऽपि,:पञ्च,अपि,
पुनर्विलोकय,:पुनः,विलोकय,
चाऽमूनि,:च,अमूनि,
अनन्तानुबन्धीति,:अनन्तानुबन्धी,इति,
सामान्याऽपरनामकानि,:सामान्य,अपरनामकानि,
एतदाश्रिताः,:एतत्,आश्रिताः,
सम्यक्त्वसङ्गं,:सम्यक्तु,असङ्गं,
नाऽऽसादयन्ति,:न,आसादयन्ति,
इतोऽन्यानि,:इतः,अन्यानि,
अथाऽप्रत्याख्यानिकेति,:अथ,अप्रत्याख्यानिकेति,
सर्वविरत्याख्यपुरप्रस्थाने,:सर्वविरति,आख्यपुरप्रस्थाने,
सञ्ज्वलनेति,:सञ्ज्वलना,इति,
अतीचाराद्युपप्लवकराणि,:अतीचारादि,उपप्लवकराणि,
एवमेषु,:एवम्,एषु,
एवमष्टावपि,:एवम्,अष्टौ,अपि,
द्वेषगजेन्द्रापत्यानि,:द्वेषगजेन्द्र,अपत्यानि,
तान्यष्टावपि,:तानि,अष्टौ,अपि,
रागकेशरिराजस्यापत्यानि,:रागकेशरिराजस्य,अपत्यानि,
षोडशाऽपि,:षोडशा,अपि,
सामान्येनेदं,:सामान्येन,इदं,
विशेषतस्तेषामेकैकस्याऽचिन्त्यशक्तिकं,:विशेषतः,तेषाम्,एकैकस्य,अचिन्त्यशक्तिकं,
पुरतस्ताम्बूलमण्डितमुखः,:पुरतः,तम्बूलमण्डितमुखः,
पञ्चाऽपीन्द्रियविषयान्,:पञ्च,अपि,इन्द्रियविषयान्,
चाऽर्धाङ्गनीयं,:च,अर्धाङ्गनी,इयं,
भक्ष्याऽभक्ष्यपेयाऽपेयहिताऽहितकृत्याऽकृत्यविवेकविकलीकृतं,:भक्ष्य,अभक्ष्यपेय,अपेयहित,अहितकृत्य,अकृत्यविवेकविकलीकृतं,
जगदन्धवच्चेष्टते,:जगत्,अन्धवत्,चेष्टते,
चाऽचिन्त्यशक्तिकं,:च,अचिन्त्यशक्तिकं,
पञ्चाऽप्यस्याऽपत्यानि,:पञ्चापि,अस्य,अपत्यानि,
पण्डितानपि,:पण्डितान्,अपि,
धीरानपि,:धीरान्,अपि,
संयमिनोऽपि,:संयमिनः,अपि,
त्वदनुक्तमप्यस्य,:त्वत्,अनुक्तम्,अपि,अस्य,
स्वरूपदर्शनेनैवाहं,:स्वरूपदर्शनेन,एव,अहं,
आकृतिरेव,:आकृतिः,एव,
तथाप्याकर्णयावशिष्टानामेषां,:तथापि,आकर्णय,अवशिष्टानाम्,एषां,
स्वरूपमिति,:स्वरूपम्,इति,
यद्यप्येते,:यद्यपि,एते,
सगोत्रीयास्तथापि,:सगोत्रीयाः,तथापि,
सप्तनृपानवेहि,:सप्तनृपान्,अवेहि,
प्रथमोऽयं,:प्रथमः,अयं,
स्वाङ्गीभूतमतिश्रुताऽविधिमनःपर्ययकेवलज्ञानावरणाख्यमनुष्यपञ्चकवृतः,:स्वाङ्गीभूतमतिश्रुता,अविधिमनःपर्ययकेवलज्ञान,आवरणाख्यमनुष्यपञ्चकवृतः,
पञ्चाऽपि,:पञ्च,अपि,
ज्ञानान्यावृणोति,:ज्ञानानि,आवृणोति,
प्राणिनोऽज्ञानाऽन्धान्,:प्राणिनः,अज्ञान,अन्धान्,
द्वितीयोऽयं,:द्वितीयः,अयं,
निद्रानिद्रानिद्राप्रचलाप्रचलाप्रचलास्त्यानर्द्धिचक्षुर्दर्शनावरणाऽचक्षुर्दर्शनावरणाऽवधि,:निद्रानिद्रानिद्राप्रचलाप्रचलाप्रचलास्त्यानर्द्धिचक्षु,दर्शनावरण,अचक्षुर्दर्शनावरणाऽवधि,
दर्शनावरणकेवलदर्शनावरणाभिधैर्नवाभिर्मानुषैर्वृतः,:दर्शनावरणकेवलदर्शनावरणाभिधैः,नवाभिः,मानुषै,वृतः,
सामान्यज्ञानमावृणोति,:सामान्यज्ञानम्,आवृणोति,
सुखाऽसुखविपाकमुपदर्शयति,:सुखा,असुखविपाकम्,उपदर्शयति,
देवनरतिर्यक्नारकायुर्नामकमनुष्यचतुष्कयुतश्चतुर्थ,:देवनरतिर्यक्नारकायुः,नामकमनुष्यचतुष्कयुतः,चतुर्थ,
चतुर्ष्वपि,:चतुर्षु,अपि,
काष्ठकीलितपादानिव,:काष्ठकीलितपादान्,इव,
मनुष्यादिगतिचतुष्कैकेन्द्रियादिजातिपञ्चकौदारिकादिशरीरपञ्चकौदारिकादित्रिकाऽङ्गौपाङ्गौदारिकादि,:मनुष्यादिगतिचतुष्कैक,इन्द्रियादिजातिपञ्चक,औदारिकादिशरीरपञ्चक,औदारिकादित्रिक,अङ्गः,उपाङ्,औदारिकादि,
बन्धनपञ्चदशकौदारिकादिसङ्घातनपञ्चकवज्रर्षभादिसंहननषट्कसमचतुरस्रादि,:बन्धनपञ्चदशक,औदारिकादिसङ्घातनपञ्चकवज्रः,ऋषभादिसंहननषट्कसमचतुरस्रादि,
संस्थानषट्कवर्णपञ्चकगन्धद्वयरसपञ्चकस्पर्शाष्टकमनुष्याद्यानुपूर्वीचतुष्कखगतिद्वयत्रसदशकस्थावरदशकोद्योताऽगुरुलघूच्छ्वाऽसातपोपघातपराघातनिर्माणतीर्थकृन्नामकर्मलक्षणैस्त्र्युत्तरशतमितैर्मानुषैर्वृतोऽयं,:संस्थानषट्कवर्णपञ्चकगन्धद्वयरसपञ्चकस्पर्शाष्टकमनुष्यादि,अनुपूर्वीचतुष्कखगतिद्वयत्रसदशकस्थ,आवरदशकोद्योताॉ,अगुरुलघु,उच्छ्वाऽस,आतप,उपघातपराघातनिर्माणतीर्थकृत्,नामकर्मलक्षणैः,त्र्युत्तरशतम्,इतैः,मानुषैः,वृतः,अयं,
षष्ठोऽयं,:षष्ठः,अयं,
उच्चैर्गोत्रनीचैर्गोत्राख्यभटद्वययुतोऽनन्तकुलादिषु,:उच्चैः,गोत्रनीचैः,ग्रोत्राख्यभटद्वययुतः,अनन्तकुलादिषु,
दानभोगोपभोगलाभवीर्यान्तरायाभिधैः,:दानभोग,उपभोगलाभवीर्य,अन्तराय,अभिधैः,
पञ्चभिर्भटैर्युतः,:पञ्चभिः,भटैः,युतः,
सप्तमोऽन्तरायकर्मराट्,:सप्तमः,अन्तरायकर्मराट्,
कुटुम्बिनस्तथापि,:कुटुम्बिनः,तथापि,
तदात्वेतेसप्तैव,:तदातु,एतेसप्त,एव,
नावभासते,:न,अवभासते,
विशेषमपेक्ष्य,:विशेषम्,अपेक्ष्य,
चैते,:च,एते,
एवाऽनेकान्तमतं,:एव,अनेकान्तमतं,
जिनैरुपदिश्यते,:जिनैः,उपदिश्यते,
कथञ्चिद्भिन्नं,:कथञ्चित्,भिन्नं,
कथञ्चिदभिन्नं,:कथञ्चित्,अभिन्नं,
पृथगुपादाने,:पृथक्,उपादाने,
तन्तवोऽपि,:तन्तवः,अपि,
नोपलभ्यन्ते,:न,उपलभ्यन्ते,
वृक्षस्योपादाने,:वृक्षस्य,उपादाने,
नोपलभ्यन्ते,:न,उपलभ्यन्ते,
मूलप्रकृतेर्नोपलम्भः,:मूलप्रकृतेः,न,उपलम्भः,
सामान्यविशेषभेदद्वयोपादाने,:सामान्यविशेषभेदद्वय,उपादाने,
चत्वारस्तु,:चत्वारः,तु,
केषाञ्चिच्च,:केषाञ्चित्,च,
साधुजनश्च,:साधुजनः,च,
प्रथमद्वितीयसप्तमास्तु,:प्रथमद्वितीयसप्तमाः,तु,
यमुपद्रोतुं,:यम्,उपद्रोतुं,
समस्तमपीदं,:समस्तम्,अपि,इदं,
सम्भवत्येव,:सम्भवति,एव,
सुनिर्मलमनसोऽनादिनिधनभवसमुद्रस्वरूपमवगम्य,:सुनिर्मलमनसः,अनादिनिधनभवसमुद्रस्वरूपम्,अवगम्य,
जलबुद्बुदप्रायमायुः,:जलबुद्बुदप्रायम्,आयुः,
योऽनित्यत्वं,:यः,अनित्यत्वं,
महामूढतायाश्च,:महामूढतायाः,च,
मिथ्यात्वाऽमात्यस्य,:मिथ्यात्वा,अमात्यस्य,
कुदृष्टेश्च,:कुदृष्टेः,च,
यश्चाऽमेध्यमूत्रवशामांसादिबीभत्सं,:यः,च,अमेध्यमूत्रवशामांसादिबीभत्सं,
मत्वाऽशुचिभावनाभावितं,:मत्वा,अशुचिभावनाभावितं,
सपत्नीकोऽपि,:सपत्नीकः,अपि,
पुनर्निखिलाऽम्भोधिजलैरपि,:पुनः,निखिल,अम्भोधिजलैः,अपि,
स्वभावाऽशुचिदेहः,:स्वभाव,अशुचिदेहः,
शुद्ध्यतीत्यादि,:शुद्ध्यति,इत्यादि,
तदनुमोदनं,:तत्,अनुमोदनं,
यश्च,:यः,च,
वित्तमुप्त्वा,:वित्तम,उप्त्वा,
ज्ञानाचारादिषु,:ज्ञान,आचारादिषु,
सप्तमोऽन्तरायनृपस्तमुपद्रोतुं,:सप्तमः,अन्तरायनृपः,तम्,उपद्रोतुं,
सर्वेषामपि,:सर्वेषाम्,अपि,
जेतारश्च,:जेतारः,च,
प्रकर्षोऽभिदधे,:प्रकर्षः,अभिदधे,
अस्त्यनाद्यनन्तं,:अस्ति,अनादि,अनन्तं,
समस्ताश्चर्यमयं,:समस्त,आश्चर्यमयं,
समस्तबाह्यान्तरङ्गपुराणामाधारभूतमनन्तवास्तव्यजनाकीर्णं,:समस्तबाह्यान्तरङ्गपुराणाम्,आधारभूतम्,अनन्तवास्तव्यजनाकीर्णं,
तच्च,:तत्,च,
पुरमान्तरङ्गतया,:पुरम्,अन्तरङ्गतया,
बाह्यतयाऽपि,:बाह्यतया,अपि,
यतस्ते,:यतः,ते,
योगशक्तिमन्तोऽनेकानेकैः,:योगशक्तिमन्तः,अनेकानेकैः,
तदाऽऽवां,:तदा,आवां,
यावस्तत्र,:यावः,तत्र,
इत्याकर्ण्य,:इति,आकर्ण्य,
विमर्शेनोक्तं,:विमर्शेन,उक्तं,
रसनामूलशुद्धिमधिकृत्य,:रसनामूलशुद्धिम्,अधिकृत्य,
विषयाभिलाषस्य,:विषय,अभिलाषस्य,
रसनेयमिति,:रसनेयम्,इति,
किमधिककालक्षेपेनेति,:किम्,अधिककालक्षेपेन,इति,
स्वगृहमेव,:स्वगृहम्,एव,
वर्षमात्रावधिकालमध्येऽद्यापि,:वर्षमात्रावधिकालमध्ये,अद्यापि,
मासषट्कमवशिष्यते,:मासषट्कम्,अवशिष्यते,
कौतुकमिति,:कौतुकम्,इति,
महावीर्यस्तत्,:महावीर्यः,तत्,
किमसौ,:किम्,असौ,
कर्मपरिणामस्तु,:कर्मपरिणामः,तु,
मोहराजस्तु,:मोहराजः,तु,
ततश्चित्तवृत्त्यटव्यां,:ततः,चित्तवृत्ति,अटव्यां,
सुखमास्ते,:सुखम्,आस्ते,
कर्मपरिणामस्तु,:कर्मपरिणामः,तु,
मोहराजस्तु,:मोहराजः,तु,
चित्तवृत्त्यटव्याश्च,:चित्तवृत्त्यटव्याः,च,
भवजन्तुरेव,:भवजन्तुः,एव,
स्वायत्तीकृतमस्ति,:स्वायत्तीकृतम्,अस्ति,
पर्य्यायागतं,:पर्य्याय,आगतं,
चाऽधुनैवाभ्यां,:च,अधुनैव,आभ्यां,
गृहीतमस्ति,:गृहीतम्,अस्ति,
किञ्चाऽनन्ताऽनन्तः,:किञ्च,अनन्तानन्तः,
कालोऽतिक्रान्तः,:कालः,अतिक्रान्तः,
मोहराजस्तु,:मोहराजः,तु,
सेनामादाय,:सेनाम्,आदाय,
इत्यादिवार्त्ताविनोदेनाऽज्ञातमार्गलङ्घनश्रमौ,:इत्यादिवार्त्ताविनोदेन,अज्ञातमार्गलङ्घनश्रमौ,
इतश्च,:इतः,च,
तत्राऽऽगतः,:तत्र,आगतः,
तत्रोद्यानेषु,:तत्र,उद्यानेषु,
नवकिशलयप्रसूनपुञ्जसुषमातिसुन्दरास्तरवः,:नवकिशलयप्रसूनपुञ्जसुषमातिसुन्दराः,तरवः,
उन्मदपिकनिकरकुहूकारमुखरितोद्यानभूमयः,:उन्मदपिकनिकरकुहूकारमुखरित,उद्यानभूमयः,
अमन्दमकरन्दास्वादमोदमत्तालिमालाझङ्‌काररवाभिरामाश्चाऽऽरामा,:अमन्दमकरन्दास्वादमोदमत्तालिमालाझङ्‌काररवाभिरामाः,च,आरामा,
युगपद्वसन्तराजस्यैकातपत्रतामाचख्युः,:युगपद्वसन्तराजस्य,एकातपत्रतामाचख्युः,
इत्थमुद्यानशोभां,:इत्थम्,उद्यानशोभां,
पश्यावोऽत्र,:पश्यावः,अत्र,
वनशोभामिति,:वनशोभाम्,इति,
केचिच्च,:केचित्,च,
केचिच्च,:केचित्,च,
केचिच्च,:केचित्,च,
प्रियामाश्‌लिष्य,:प्रियाम्,आश्‌लिष्य,
पश्यैषां,:पश्य,एषां,
तदालोक्य,:तदा,आलोक्य,
कथमेते,:कथम्,एते,
कालपरिणतिर्देवी,:कालपरिणतिः,देवी,
मोहराजोऽपि,:मोहराजः,अपि,
तदद्याऽपि,:तत्,अद्यापि,
कामराजेनाऽऽगत्य,:कामराजेन,आगत्य,
सर्वोऽप्ययं,:सर्वोऽपि,अयं,
कृतोऽस्ति,:कृतः,अस्ति,
मोहराजादयोऽप्यन्तरान्तरा,:मोहराजादयः,अपि,अन्तरान्तरा,
सर्वानपि,:सर्वान्,अपि,
तवाऽपि,:तव,अपि,
गृहाणत्वमपि,:गृहाणत्वम्,अपि,
योगाञ्जनमित्युकत्‌वा,:योगाञ्जनम्,इत्युक्त्‌वा,
विमर्शेनाऽञ्जिते,:विमर्शेन,अञ्जिते,
तेनाञ्जनेन,:तेन,अञ्जनेन,
व्यलोकयदसौ,:व्यलोकयत्,असौ,
महत्कौतुकमिदं,:महत्कौतुकम्,इदं,
दर्शितमिति,:दर्शितम्,इति,
किमेतद्,:किम्,एतत्,
इतोऽप्यग्रे,:इतोऽपि,अग्रे,
मानवावासस्य,:मानव,आवासस्य,
मोहराजस्तु,:मोहराजः,तु,
रागकेशरिविषयाभिलाषभोगतृष्णादयोऽपि,:रागकेशरिविषयाभिलाषभोगतृष्णादयः,अपि,
द्वेषगजेन्द्रशोकादयस्तु,:द्वेषगजेन्द्रशोकादयः,तु,
कथमिति,:कथम्,इति,
विमर्शोऽवोचत्,:विमर्शः,अवोचत्,
द्वेषगजेन्द्रादयोऽप्यत्रैव,:द्वेषगजेन्द्रादयः,अपि,अत्रैव,
प्रकर्षेणोक्तं,:प्रकर्षेण,उक्तं,
किमेते,:किम्,एते,
मोहादयोऽत्राऽऽयाताः,:मोहादयः,अत्र,आयाताः,
मोहराजादयस्तु,:मोहराजादयः,तु,
तदेते,:तदा,एते,
यथाऽत्राऽपि,:यथा,अत्र,अपि,
तत्राऽपि,:तत्र,अपि,
अथाऽत्रान्तरे,:अथ,अत्रान्तरे,
हस्तिस्कन्धादवरुह्य,:हस्तिस्कन्धात्,अवरुह्य,
मद्यादिभिश्चण्डिकां,:मद्यादिभिः,चण्डिकां,
पानगोष्ठ्यामागत्य,:पानगोष्ठ्याम्,आगत्य,
निविष्टस्तत्र,:निविष्टः,तत्र,
मद्यमापूर्याऽऽपूर्य,:मद्यम्,आपूर्य,अपूर्य,
प्रवृत्तस्ततः,:प्रवृत्तः,ततः,
मददर्पविकलस्तत्रमण्डल्यां,:मददर्पविकलः,तत्रमण्डल्यां,
मदौद्धत्यात्,:मत्,उद्धत्यात्,
लज्जामवगण्य,:लज्जाम्,अवगण्य,
यावन्नरीनर्त्ति,:यावत्,नरीनर्त्ति,
अन्योऽपि,:अन्यः,अपि,
पतितोऽस्ति,:पतितः,अस्ति,
तदवसरे,:तत्,अवसरे,
स्रस्तोत्तरीयां,:स्रस्त,उत्तरीयां,
नृत्यन्तीमवलोक्य,:नृत्यन्तीम्,अवलोक्य,
विवशीभूतस्तां,:विवशीभूतः,तां,
ग्रहितुमुत्थितस्तावत्,:ग्रहितुम्,उत्थितः,तावत्,
पश्चादापतत्य,:पश्चात्,आपतत्य,
लोलाक्षस्याऽङ्गेऽवतीर्णः,:लोलाक्षस्य,अङ्गे,अवतीर्णः,
खड्गमाकृष्य,:खड्गम्,आकृष्य,
मूर्त्तिर्विपाटिता,:मूर्त्तिः,विपाटिता,
पुनस्ततोऽपि,:पुनः,ततः,अपि,
रिपुकम्पनान्तिकमागता,:रिपुकम्पनान्तिकम्,आगता,
लोलाक्षोऽप्याकृष्टाऽसिस्तामन्वागतः,:लोलाक्षः,अपि,आकृष्टा,असिः,ताम्,अन्वागतः,
जातश्च,:जातः,च,
समुत्थिताश्चाऽऽकृष्टपाणयः,:समुत्थिताः,च,आकृष्टपाणयः,
मददर्पवशादलब्धस्वपरिविभागाः,:मददर्पवशात्,अलब्धस्वपरिविभागाः,
निहताश्च,:निहताः,च,
आविर्भूतोऽयं,:आविर्भूतः,अयं,
पश्याऽधुनाऽस्य,:पश्य,अधुना,अस्य,
वीर्यमिति,:वीर्यम्,इति,
द्वावपि,:द्वौ,अपि,
जातश्च,:जातः,च,
तद्विलोक्य,:तत्,विलोक्य,
प्रकर्षमाह,:प्रकर्षम्,आह,
मद्यपरदाराभिलाषयोरनर्थकारित्वम्,:मद्यपरदाराभिलाषयोः,अनर्थकारित्वम्,
परदाराश्च,:परदाराः,च,
विमर्शप्रकर्षावपि,:विमर्शप्रकर्षौ,अपि,
तदवसरे,:तत्,अवसरे,
इतश्च,:इतः,च,
रिपुकम्पनस्याऽन्यया,:रिपुकम्पनस्य,अन्यया,
मुकुटकुण्डलग्रैवेयकाद्याभरणानि,:मुकुटकुण्डलग्रैवेयकादि,आभरणानि,
मिथ्याभिमानावेशात्,:मिथ्याभिमान,आवेशात्,
चाऽहो,:च,अहो,
भाग्यनिधिरहं,:भाग्यनिधिः,अहं,
जाताविति,:जातौ,इति,
राजकुलमस्ति,:राजकुलम्,अस्ति,
विमर्शेणोक्तं,:विमर्शेण,उक्तं,
आयातोऽस्ति,:आयातः,अस्ति,
एतयोर्विलसितमिति।",:एतयोः,विलसितम्,इति।",
नृपान्तिकमागत्योक्तं-,:नृपान्तिकम्,आगत्य,उक्तं-,
कुमारस्याऽङ्गेऽस्वास्थ्यमस्ति,:कुमारस्य,अङ्गे,अस्वास्थ्यम्,अस्ति,
इत्याकर्णनमात्रात्,:इति,आकर्णनमात्रात्,
पुत्राभ्यर्णमागत्य,:पुत्राभ्यर्णम्,आगत्य,
नृपस्तन्माता,:नृपः,तन्माता,
द्वावपि,:द्वौ,अपि,
मूर्च्छामाप्य,:मूर्च्छाम्,आप्य,
प्रकर्षोऽपि,:प्रकर्षः,अपि,
दुर्विलसितमित्यनेकवार्त्तापरौ,:दुर्विलसितम्,इति,अनेकवार्त्तापरौ,
ततोऽन्यत्र,:ततः,अन्यत्र,
निविष्टोऽस्ति,:निविष्टः,अस्ति,
नानामणिरत्नस्वर्णरूपाद्युच्चयाः,:नानामणिरत्नस्वर्णरूपादि,उच्चयाः,
किमयं,:किम्,अयं,
प्रणतिकारिणोऽपि,:प्रणतिकारिणः,अपि,
कटाक्षेणाऽपि,:कटाक्षेण,अपि,
नाऽवलोकते,:न,अवलोकते,
चिरेणाऽपि,:चिरेण,अपि,
शृणोत्यपि,:शृणोति,अपि,
नोर्ध्वं,:न,ऊर्ध्वं,
विलोकतेऽपि,:विलोकते,अपि,
एतस्याऽङ्गे,:एतस्य,अङ्गे,
प्रविष्टोऽस्ति,:प्रविष्टः,अस्ति,
तद्वशादस्येदृशी,:तत्,वशात्,अस्य,ईदृशी,
जाताऽस्ति,:जाता,अस्ति,
परमयं,:परम्,अयं,
क्षणक्षयीति,:क्षणक्षयी,इति,
कुरुतस्तावत्,:कुरुतः,तावत्,
रागकेशरिनृपसुतोऽनन्तानुबन्धिलोभः,:रागकेशरिनृपसुतः,अनन्तानुबन्धिलोभः,
तस्याऽङ्गे,:तस्य,अङ्गे,
श्रेष्ठिनमाकार्य,:श्रेष्ठिनम्,आकार्य,
रत्नखचितमुकुटमदर्शयत्,:रत्नखचितमुकुटम्,अदर्शयत्,
श्रेष्ठ्यपिस्तेनाऽऽहृतं,:श्रेष्ठी,अपिः,तेन,आहृतं,
तत्राऽऽगतं,:तत्र,आगतं,
विडम्बितश्चाऽसौ,:विडम्बितः,च,असौ,
समृद्धिस्थिरतोपायाः,:समृद्धिस्थिरत,उपायाः,
अथैतदवलोक्याऽऽश्चर्याकुलमनाः,:अथ,एतत्,अवलोक्या,आश्चर्य,आकुलमनाः,
किमेतदिन्द्रजालविलसितं,:किम्,एतत्,इन्द्रजालविलसितं,
स्वप्नोऽयं,:स्वप्नः,अयं,
क्षणमात्रादस्यैवंविधर्द्धिविस्तरः,:क्षणमात्रात्,अस्य,एवंविधर्द्धिविस्तरः,
गतिरेव,:गतिः,एव,
अकार्यशतैर्नीचजनसेवनैर्दुष्करोपायसहस्रैः,:अकार्यशतैः,नीचजनसेवनैः,दुष्करोपायसहस्रैः,
धनान्यर्जयन्ति,:धनानि,अर्जयन्ति,
शारदाभ्रपटलानीव,:शारदाभ्रपटलानि,इव,
पश्यतामेव,:पश्यताम्,एव,
कुतोऽपि,:कुतः,अपि,
धनस्थैर्योपायान्,:धनस्थैर्यः,उपायान्,
दीनानाथादिजनाननुकम्पते,:दीन,अनाथादिजनान्,अनुकम्पते,
चोपकुरुते,:च,उपकुरुते,
इत्याद्युपायपरस्य,:इत्यादि,उपायपरस्य,
वेश्याऽऽसक्तानां,:वेश्या,आसक्तानां,
तदवसरे,:तत्,अवसरे,
परिहितमलिम्लुचशटितप्रायांऽशुकः,:परिहितमलिम्लुचशटितप्रायान्,अशुकः,
तमालोक्य,:तम्,आलोक्य,
कोऽयं,:कः,अयं,
दुर्विधप्रायोऽपि,:दुर्विधप्रायः,अपि,
स्वाङ्गविभूषापूर्वकं,:स्वाङ्गविभूष,अपूर्वकं,
भविष्यतीति,:भविष्यति,इति,
दास्यकर्मभिर्लोकगृहेष्वाजीविकां,:दास्यकर्मभिः,लोकगृहेषु,आजीविकां,
द्रव्यलेशमवाप्य,:द्रव्यलेशम्,अवाप्य,
तद्व्ययेनाऽङ्गविभूषादिपूर्वकं,:तत्,व्ययेन,अङ्गविभूषादिपूर्वकं,
प्रागपि,:प्राक्,अपि,
तयैवाऽस्य,:तया,एव,अस्य,
पितृसत्कमसङ्ख्यं,:पितृसत्कम्,असङ्ख्यं,
गृहादेनं,:गृहात्,एनं,
तथाप्यद्याऽयं,:तथापि,अद्य,अयं,
पुनस्तत्र,:पुनः,तत्र,
आवामप्येतत्,:आवाम्,अपि,एतत्,
कौतुकमिति,:कौतुकम्,इति,
तमनुगतौ,:तम्,अनुगतौ,
विमर्शप्रकर्षावपि,:विमर्शप्रकर्षौ,अपि,
शरीरोत्थोऽयं,:शरीरोत्थः,अयं,
द्वादशरन्ध्रनिर्यन्मलमूत्राद्याविलाः,:द्वादशरन्ध्रनिर्यन्मलमूत्रादि,अविलाः,
कृमिवसामांसाऽस्थिश्लेष्माप्रभृत्यशुचिवस्तुव्याप्तान्तराः,:कृमिवसामांसास्थिश्लेष्माप्रभृति,अशुचिवस्तुव्याप्तान्तराः,
शोभामुत्पाद्य,:शोभाम्,उत्पाद्य,
इत्याकर्ण्य,:इति,आकर्ण्य,
बहिरिति,:बहिः,इति,
गृहान्तर्दृष्टा,:गृहान्तः,दृष्टा,
तमायान्तं,:तम्,आयान्तं,
किञ्चिच्च,:किञ्चित्,च,
त्वद्विरहेण,:त्वत्,विरहेण,
सफरीवाऽत्यन्तं,:सफरीवा,अत्यन्तं,
कपटरागमुपदर्श्य,:कपटरागम्,उपदर्श्य,
पुनराह,:पुनः,आह,
चण्डाभिधोऽत्राऽऽयास्यति,:चण्डाभिधः,अत्र,आयास्यति,
भवानिति,:भवान्,इति,
उपागतश्चण्डस्तद्दर्शनादेव,:उपागतः,चण्डः,तत्,दर्शनात्,एव,
रमणस्याऽङ्गे,:रमणस्य,अङ्गे,
पादप्रहारादिभिर्भृशमाहत्य,:पादप्रहारादिभिः,भृशम्,आहत्य,
रमणस्तत्राऽपि,:रमणः,तत्र,अपि,
भटैर्गाढं,:भटैः,गाढं,
जातिशीलधनलज्जादिरिरक्षिषयाऽनेकाऽनर्थपूरप्रवाहिन्यः,:जातिशीलधनलज्जादिरिरक्षिषया,अनेक,अनर्थपूरप्रवाहिन्यः,
चावयोरवधिदिनानि,:च,आवयोः,अवधिदिनानि,
तदेहि,:तत्,एहि,
तच्छिखरमारुह्य,:तत्,शिखरम्,आरुह्य,
दृष्टिगोचरीभवतीत्यारूढौ,:दृष्टिगोचरीभवति,इति,आरूढौ,
द्वावपि,:द्वौ,अपि,
कश्चिदेकः,:कश्चित्,एकः,
दृक्पथमागतः,:दृक्पथम्,आगतः,
कोऽसाविति,:कः,असौ,इति,
पुत्रोऽयं,:पुत्रः,अयं,
शतशश्चौर्याद्यपराधेऽपि,:शतशः,चौर्यादि,अपराधे,अपि,
रासभरोहणादिभिर्विडम्ब्य,:रासभरोहणादिभिः,विडम्ब्य,
जीवन्मुक्तोऽद्य,:जीवन्मुक्तः,अद्य,
द्यूतकारैरेभिः,:द्यूतकारैः,एभिः,
वेष्टितोऽस्ति,:वेष्टितः,अस्ति,
इत्याकर्ण्य,:इति,आकर्ण्य,
प्रकर्षोऽवोचत्,:प्रकर्षः,अवोचत्,
यदित्थं,:यत्,इत्थं,
प्राणापहाराद्यनर्थहेतुद्यूतं,:प्राणापहारादि,अनर्थहेतुद्यूतं,
तर्ह्येते,:तर्हि,एते,
कथमेतदाचरन्ति,:कथम्,एतत्,आचरन्ति,
स्वशक्त्याऽन्धीकृताः,:स्वशक्त्या,अन्धीकृताः,
पश्यन्तोऽपि,:पश्यन्तः,अपि,
मोहाद्यपराभूताः,:मोहादि,अपराभूताः,
कोऽयं,:कः,अयं,
कश्चिदश्वारूढोऽटव्यामाकृष्टाऽसिः,:कश्चित्,अश्वारूढः,अटव्याम्,आकृष्टासिः,
शृगालमनुधावति,:शृगालम्,अनुधावति,
किमर्थमसौ,:किमर्थम्,असौ,
क्षुत्तृषाऽऽकुलिताङ्गोऽटव्यां,:क्षुत्तृषा,आकुलिताङ्गः,अटव्यां,
ललननामाऽतिमृगायाऽऽसक्तोऽहर्निशं,:ललननामा,अतिमृगाय,आसक्तः,अहर्निशं,
निषिद्धोऽपि,:निषिद्धः,अपि,
मृगयाममुञ्चन्,:मृगयाम्,अमुञ्चन्,
राज्याऽनुचितोऽयमिति,:राज्याऽनुचितः,अयम्,इति,
स्थापितश्चैतत्,:स्थापितः,च,एतत्,
पदेऽस्य,:पदे,अस्य,
सोऽयं,:सः,अयं,
बाधितोऽपि,:बाधितः,अपि,
मांसलोलुपतयाऽनिशं,:मांसलोलुपतया,अनिशं,
पर्यटन्नास्ते,:पर्यटन्,आस्ते,
परत्राऽपि,:परत्र,अपि,
मातुलभागिनेयाविति,:मातुलभागिनेयौ,इति,
कुरुतस्तावदसौ,:कुरुतः,तावत्,असौ,
शृगालन्यस्तदृष्टिरश्ववेगादलक्षितभूमिवैषम्योऽगाधगर्त्तोदरे,:शृगालन्यस्तदृष्टिः,अश्ववेगात्,अलक्षितभूमिवैषम्योगाधगर्त्तोदरे,
मृतश्च,:मृतः,च,
अथैतदवसरे,:अथ,एतदवसरे,
राजपुरुषैर्जिह्वामुत्पाट्य,:राजपुरुषैः,जिह्वाम्,उत्पाट्य,
प्रकर्षोऽपृच्छत्,:प्रकर्षः,अपृच्छत्,
कोऽयं,:कः,अयं,
यदमी,:यत्,अमी,
एनमिति,:एनम्,इति,
विमर्शोऽवदत्,:विमर्शः,अवदत्,
बाल्यादेव,:बाल्यात्,एव,
चतसृष्वपि,:चतसृषु,अपि,
विकथास्वत्यासक्तिमान्,:विकथासु,अत्यासक्तिमान्,
रिपुभूपमभिषेणयितुं,:रिपुभूपम्,अभिषेणयितुं,
"अस्मान्नृपस्तु,:"अस्मान्नृपः,तु,
कुतोऽपि,:कुतः,अपि,
चाऽत्र,:च,अत्र,
पुरमोषार्थमायातीति,:पुरमोषार्थम्,आयाति,इति,
इत्यनेन,:इति,अनेन,
सर्वोऽपि,:सर्वः,अपि,
इतश्च,:इतः,च,
सत्वरमेव,:सत्वरम्,एव,
पुरमायाताः,:पुरम्,आयाताः,
त्रासोत्पादनमूलमेनं,:त्रासोत्पादनमूलम्,एनं,
दुर्मुखमवेत्य,:दुर्मुखम्,अवेत्य,
प्रत्यादिष्टं,:प्रति,आदिष्टं,
"यदुत,:"यत्,उत,
जिह्वयाऽनेन,:जिह्वया,अनेन,
समूलमुन्मूल्यताम्,:समूलम्,उन्मूल्यताम्,
यद्‌गलनालादियं,:यद्‌गलनालात्,इयं,
प्रवृत्तिर्निर्गता,:प्रवृत्तिः,निर्गता,
क्षिप्यतामिति,:क्षिप्यताम्,इति,
तदेते,:तदा,एते,
विरुद्धभाषणफलमेतदुपदर्शयन्ति,:विरुद्धभाषणफलम्,एतत्,उपदर्शयन्ति,
विकथासक्तानामविमृष्टभाषणपराणामियमेवावस्था,:विकथासक्तानाम्,अविमृष्टभाषणपराणाम्,इयमेव,अवस्था,
हितेच्छुभिर्विकथा,:हितेच्छुभिः,विकथा,
तदवसरे,:तत्,अवसरे,
कश्चिदुज्ज्वलः,:कश्चित्,उज्ज्वलः,
कोऽयं,:कः,अयं,
यातीति,:याति,इति,
चिरविप्रयुक्तधनदत्ताभिधवयस्यसमागमनुदितस्य,:चिरविप्रयुक्तधनदत्ताभिधवयस्यसमागम्,अनुदितस्य,
हर्षस्तत्र,:हर्षः,तत्र,
वासवश्चिरेणागतं,:वासवः,चिरेण,आगतं,
समालिङ्ग्याऽऽसनं,:समालिङ्ग्य,आसनं,
सर्वोऽपि,:सर्व,अपि,
वक्तुमुपचक्रमे,:वक्तुम्,उपचक्रमे,
तदैवेकं,:तदा,एव,एकं,
कोऽयमिति,:कः,अयम्,इति,
यतोऽस्य,:यतः,अस्य,
पुत्रोऽभूत्,:पुत्रः,अभूत्,
वार्यमाणोऽपि,:वार्यमाणः,अपि,
बहुधनमादाय,:बहुधनम्,आदाय,
गतस्तत्र,:गतः,तत्र,
धनान्यर्जयित्वा,:धनानि,अर्जयित्वा,
गृहमागच्छन्,:गृहम्,आगच्छन्,
सर्वोऽपि,:सर्वः,अपि,
गृहीतश्च,:गृहीतः,च,
महेभ्योऽयमिति,:महेभ्यः,अयम्,इति,
गृहागतोऽस्ति,:गृहागतः,अस्ति,
कथयत्यतः,:कथयति,अतः,
यातीति,:याति,इति,
प्रविष्टश्च,:प्रविष्टः,च,
विषादस्तद्वशात्,:विषादः,तद्वशात्,
वारितोऽपि,:वारितः,अपि,
विदेशेऽगाः,:विदेशे,अगाः,
कुर्वेऽहं,:कुर्वे,अहं,
केनोपायेन,:केन,उपायेन,
मोचयामीत्यादि,:मोचयामि,इत्यादि,
सर्वोऽपि,:सर्वः,अपि,
विषादवशादाचक्रन्द,:विषादवशात,आचक्रन्द,
क्षणाच्च,:क्षणात्,च,
मोहवशादेते,:मोहवशात्,एते,
विश्वमपि,:विश्वम्,अपि,
धनाद्यनित्यवस्तुनः,:धनादि,अनित्यवस्तुनः,
प्रत्येकमत्र,:प्रत्येकम्,अत्र,
संक्षेपादेव,:संक्षेपात्,एव,
वच्मीति,:वच्मि,इति,
भवचक्रेऽसङ्ख्यानि,:भवचक्रे,असङ्ख्यानि,
तथापीमानि,:तथापि,इमानि,
सर्वाण्याप्येतदन्तर्गतानि,:सर्वाणि,अपि,एतत्,अन्तः,गतानि,
तदेतेषु,:तदा,एतेषु,
प्रथममिदं,:प्रथमम्,इदं,
पश्याऽत्र,:पश्य,अत्र,
मोहादिभिर्भृशं,:मोहादिभिः,भृशं,
केचिद्रागासक्ताः,:केचित्,रागासक्ताः,
केचिच्च,:केचित्,च,
चिन्तासमकालोपस्थिताभीप्सितभोगादिभिश्च,:चिन्तासमकालोपस्थिताभीप्सितभोगादिभिः,च,
सातवेदनीयमनुभवतोऽपि,:सातवेदनीयम्,अनुभवतः,अपि,
तृतीयमिदं,:तृतीयम्,इदं,
कर्मपरिणामराजेनासातवेदनीयाख्याभटोऽत्र,:कर्मपरिणामराजेन,असातवेदनीयाख्याभटः,अत्र,
एवाऽस्ति,:एव,अस्ति,
चतुर्थमेतत्,:चतुर्थम्,एतत्,
अत्रत्यजनस्तु,:अत्रत्यजनः,तु,
एवाऽऽस्ते,:एव,आस्ते,
यतस्तप्तताम्रपानखड्गच्छेदन,:यतः,तप्तताम्रपानखड्गच्छेदन,
पीड्यमानोऽस्ति,:पीड्यमानः,अस्ति,
पापिपञ्जरेऽधोऽधः,:पापिपञ्जरे,अधः,अधः,
तत्राऽप्यधोऽधः,:तत्र,अपि,अध,अधः,
यथाक्रममधिकाधिकं,:यथाक्रमम्,अधिकाधिकं,
केवल्येव,:केवल्य,एव,
प्रभुस्तदेवं,:प्रभुः,तदा,एवं,
समस्तोऽपि,:समस्तः,अपि,
पीडितोऽस्ति,:पीडितः,अस्ति,
सप्तस्त्रीर्विलोक्य,:सप्तस्त्रीः,विलोक्य,
तारुण्यमदोद्धतानपि,:तारुण्यमदोद्धतान्,अपि,
प्रक्षीणसर्वेन्द्रियबलांश्च,:प्रक्षीणसर्वेन्द्रियबलान्,च,
तथाऽसातावेदनीयनिर्देशात्,:तथा,असातावेदनीयनिर्देशात्,
रुजाऽभिधा,:रुजा,अभिधा,
ज्वराऽतीसारकुष्टप्रमेहशूलच्छर्द्दिभ्रमश्वासकासकण्डूजलोदरादयोऽस्याः,:ज्वराऽतीसारकुष्टप्रमेहशूलच्छर्द्दिभ्रमश्वासकासकण्डूजलोदरादयः,अस्याः,
परिवारस्तेन,:परिवारः,तेन,
विषाऽग्निशस्त्रोदकपर्वतादिपाताऽऽकस्मिकभयादिभिः,:विषाऽग्निशस्त्रोदकपर्वतादिपाता,आकस्मिकभयादिभिः,
स्त्रीत्वेऽपि,:स्त्रीत्वे,अपि,
महोजसोऽपि,:महोजसः,अपि,
त्रिभुवनेऽप्यकुण्ठितविक्रमा,:त्रिभुवने,अपि,अकुण्ठितविक्रमा,
मत्सरेर्ष्याऽसूयामिथ्याकैतवविश्वस्तवञ्चनकृतघ्नताद्यपलक्षणानि,:मत्सर,इर्ष्या,असूयामिथ्याकैतवविश्वस्तवञ्चनकृतघ्नतादि,उपलक्षणानि,
दुष्टनामकर्मोदयनियुक्तैषा,:दुष्टनामकर्मोदयनियुक्ता,एषा,
प्राणिनोऽन्धकाणखलतिकुणिकुब्जवामनावनायदि,:प्राणिनः,अन्धकाणखलतिकुणिकुब्जवामनावनायदि,
अन्तरायनृपादिष्टैषा,:अन्तरायनृपादिष्टा,एषा,
द्यूतदिव्यसनजलाऽग्निचौरादिनिमित्तैर्धनक्षये,:द्यूतदिव्यसनजलाऽग्निचौरादिनिमित्तैः,धनक्षये,
इत्यादयोऽस्याः,:इत्यादयः,अस्याः,
परिवारस्तेन,:परिवारः,तेन,
पुण्योदयजनितमैश्वर्यं,:पुण्योदयजनितम्,ऐश्वर्यं,
सन्त्येव,:सन्ति,एव,
निश्चयनयापेक्षया,:निश्चयनय,अपेक्षया,
एतास्तथापि,:एताः,तथापि,
व्यवहारनयमाश्रित्य,:व्यवहारनयम्,आश्रित्य,
एतत्प्रतीकारास्तपःप्रभृतयः,:एतत्प्रतीकाराः,तपःप्रभृतयः,
सन्त्येव,:सन्ति,एव,
सर्वोऽपि,:सर्वः,अपि,
व्यवहारमवलम्ब्य,:व्यवहारम्,अवलम्ब्य,
सद्भिर्यथाकथञ्चिदेतासां,:सद्भिः,यथाकथञ्चित्,एतासां,
अस्त्यनन्तसुखास्पदं,:अस्ति,अनन्तसुखास्पदं,
कदाऽप्यस्ति,:कदापि,अस्ति,
ज्ञानदर्शनचारित्राणामेकान्तसेवया,:ज्ञानदर्शनचारित्राणाम्,एकान्तसेवया,
समस्तमपीदं,:समस्तम्,अपि,इदं,
मोहराजादिभिर्व्याप्तं,:मोहराजादिभिः,व्याप्तं,
मिथ्यात्वाऽमात्यस्य,:मिथ्यात्व,अमात्यस्य,
स्थानेऽधिकारशक्तिरिति,:स्थाने,अधिकारशक्तिः,इति,
मानवावासादिचतुर्ष्वपि,:मानवावासादिचतुर्षु,अपि,
स्थितिरस्ति,:स्थितिः,अस्ति,
परंत्वस्य,:परंतु,अस्य,
षट्पुराण्येतानि,:षट्पुराणि,एतानि,
एवाऽन्तर्भवति,:एव,अन्तः,भवति,
पञ्चैवोच्यन्ते,:पञ्च,एव,उच्यन्ते,
विवेकपर्वतस्याऽप्रमत्तताख्यशिखरवर्त्ति,:विवेकपर्वतस्य,अप्रमत्तताख्यशिखरवर्त्ति,
तदेतज्जैनपुरं,:तत्,एतत्,जैनपुरं,
एतद्वास्तव्यजनान्,:एतत्,वास्तव्यजनान्,
कथमेते,:कथम्,एते,
पुरपञ्चकवास्तव्यास्तु,:पुरपञ्चकवास्तव्याः,तु,
कञ्चिदुन्मार्गमवलम्ब्य,:कञ्चित्,उन्मार्गम्,अवलम्ब्य,
पश्चाच्च,:पश्चात्,च,
चिरेणाऽपि,:चिरेण,अपि,
जैनपुरवास्तव्यास्तु,:जैनपुरवास्तव्याः,तु,
सम्यग्दर्शनकृताधिपत्यास्तदुक्तमार्गमवलम्बमाना,:सम्यक्,दर्शनकृताधिपत्याः,तत्,उक्तमार्गम्,अवलम्बमाना,
अचिरेणैव,:अचिरेण,एव,
निर्वृत्तिपुरमासादयन्तीति,:निर्वृत्तिपुरमासादयन्ति,इति,
पुरपञ्चकवास्तव्यजनानामसमीक्षितप्रवृत्तिसंवादकं,:पुरपञ्चकवास्तव्यजनानाम्,असमीक्षितप्रवृत्तिसंवादकं,
भौतकथानकमाह,:भौतकथानकम्,आह,
बधिरोऽस्ति,:बधिरः,अस्ति,
धूर्त्तेणाऽऽगत्य,:धूर्त्तेण,आगत्य,
यदुत,:यत्,उत,
'रिपुवद्व्याधिरप्युपेक्षितोऽग्रे,:'रिपुवद्व्याधिः,अपि,उपेक्षितः,अग्रे,
भवद्भिरपि,:भवद्भिः,अपि,
नोपेक्षणीयोऽयं,:न,उपेक्षणीयः,अयं,
त्वरितमस्य,:त्वरितम्,अस्य,
सदाशिवस्तद्वचः,:सदाशिवः,तद्वचः,
वैद्यगृहमागत्य,:वैद्यगृहम्,आगत्य,
तदवसरे,:तत्,अवसरे,
रज्जुभिर्नियन्त्रय,:रज्जुभिः,नियन्त्रय,
तद्विलोक्य,:तत्,विलोक्य,
कथमसौ,:कथम्,असौ,
यदयं,:यत्,अयं,
बधिरोऽस्ति,:बधिरः,अस्ति,
तदेवं,:तदा,एवं,
स्वस्त्रियाऽपि,:स्वस्त्रिया,अपि,
वैद्यस्तथैवाह,:वैद्यः,तथैव,आह,
प्रातिवेश्मिकादिभिरपि,:प्रातिवेश्मिकादिभिः,अपि,
नाऽयं,:न,अयं,
शब्दशतैरपि,:शब्दशतैः,अपि,
शृणोतीत्यस्य,:शृणोति,इत्यस्य,
केनाऽपि,:केन,अपि,
इत्थमेवाऽस्य,:इत्थम्,एव,अस्य,
यास्यतीति,:यास्यति,इति,
परमार्थानभिज्ञस्तद्वैद्यौक्तमेवावधार्य,:परमार्थ,अनभिज्ञः,तत्,वैद्यौक्तम्,अवधार्य,
स्वाश्रममागत्य,:स्वाश्रमम्,आगत्य,
वंशादिकम्बाभिर्बाढं,:वंशादिकम्बाभिः,बाढं,
यथाऽसौ,:यथा,असौ,
तदराटि,:तत्,अराटि,
किमिदं,:किम्,इदं,
बाधिर्यप्रतीकारोऽयं,:बाधिर्यप्रतीकारः,अयं,
श्रुतोऽस्ति,:श्रुतः,अस्ति,
बाधिर्यमपनयामि,:बाधिर्यम्,अपनयामि,
कश्चिदन्तराले,:कश्चित्,अन्तराले,
तमपि,:तम्,अपि,
ताडयिष्याम्यहमि"त्युक्त्वा,:ताडयिष्यामि,अहम्,इ"ति,उक्त्वा,
पुनर्भृशं,:पुनः,भृशं,
लग्नस्ततस्तं,:लग्नः,ततः,तं,
लोकैर्वैद्यमाकार्य,:लोकैः,वैद्यम्,आकार्य,
वैद्यस्तमाह,:वैद्यः,तम्,आह,
मत्पुत्रस्तु,:मत्पुत्रः,तु,
पठनमनादृत्य,:पठनम्,अनादृत्य,
मद्वचोऽवगणयन्,:मद्वचः,अवगणयन्,
शृणोतीत्युक्तं,:शृणोति,इत्युक्तं,
मोचितश्च,:मोचितः,च,
पञ्चाऽपि,:पञ्च,अपि,
तदेवाऽङ्गीकृत्योन्मार्गे,:तदा,एव,अङ्गीकृत्य,उन्मार्गे,
साधयन्तीति,:साधयन्ति,इति,
येऽमी,:ये,अमी,
जैनास्ते,:जैनाः,ते,
तत्त्वज्ञानादेव,:तत्त्वज्ञानात्,एव,
कोऽस्ति,:कः,अस्ति,
षण्णामपि,:षण्णाम्,अपि,
नैयायिकास्तु,:नैयायिकाः,तु,
प्रमाणप्रमेयसंशयप्रयोजनदृष्टान्तसिद्धान्ताऽवयवतर्कनिर्णयवादजल्पवितण्डाहेत्वाभासच्छलजातिनिग्रहस्थानानां,:प्रमाणप्रमेयसंशयप्रयोजनदृष्टान्तसिद्धान्त,अवयवतर्कनिर्णयवादजल्पवितण्डाहेत्वाभासच्छलजातिनिग्रहस्थानानां,
प्रत्यक्षाऽनुमानोपमानशाब्दभेदाच्चत्वारि,:प्रत्यक्षाऽनुमानोपमानशाब्दभेदात्,चत्वारि,
तत्त्वानुगमाच्च,:तत्त्वानुगमात्,च,
एवाऽन्तर्भवन्ति,:एव,अन्तः,भवन्ति,
उभयेऽपि,:उभये,अपि,
साङ्ख्यस्तु,:साङ्ख्यः,तु,
प्रकृतिमहदहङ्‌कारस्पर्शनरसनघ्राणचक्षुःश्रोत्रपायूपस्थवाक्पाणिपादमनःशब्दरूपरसगन्धस्पर्शपृथिव्यप्तेजोवाय्वाऽऽकाशलक्षणानि,:प्रकृतिमहत्,अहङ्‌कारस्पर्शनरसनघ्राणचक्षुःश्रोत्रपायूपस्थवाक्पाणिपादमनःशब्दरूपरसगन्धस्पर्शपृथिव्यप्तेजोवाय्वाऽऽकाशलक्षणानि,
केचिदीश्वरदैवताः,:केचित्,ईश्वरदैवताः,
केचिच्च,:केचित्,च,
बौद्धास्तु,:बौद्धाः,तु,
चतुर्णामपि,:चतुर्णाम्,अपि,
प्रत्यक्षमनुमानं,:प्रत्यक्षम्,अनुमानं,
चेति,:च,इति,
मुक्तिरिति,:मुक्तिः,इति,
मीमांसकास्तु,:मीमांसकाः,तु,
एवार्थविनश्चयः,:एव,अर्थविनश्चयः,
कार्येत्येवं,:कार्य,इत्येवं,
धर्मस्तत्,:धर्मः,तत्,
स्वःकामोऽग्निं,:स्वःकामः,अग्निं,
यजेदि'त्यादि,:यजेत्,'इत्यादि,
मुक्तिरिति,:मुक्तिः,इति,
नास्तिकास्तु,:नास्तिकाः,तु,
पुण्यपापपरलोकधर्माऽधर्मजीवस्वर्गमोक्षादिसर्वमप्यपलपन्ति,:पुण्यपापपरलोकधर्माऽधर्मजीवस्वर्गमोक्षादिसर्वम्,अपि,अपलपन्ति,
एतावानेवाऽयं,:एतावान्,एव,अयं,
पञ्चभूतात्मकोऽयं,:पञ्चभूतात्मकः,अयं,
मद्याङ्गोत्थामदशक्तिरिव,:मद्याङ्गोत्थामदशक्तिः,इव,
भूतसमुदायोत्थमिदं,:भूतसमुदायोत्थम्,इदं,
इदमपि,:इदम्,अपि,
कुतस्तर्हि,:कुतः,तर्हि,
दृष्टसुखपरित्यागेनाऽदृष्टे,:दृष्टसुखपरित्यागेन,अदृष्टे,
प्रयत्नस्तु,:प्रयत्नः,तु,
मरीचिकाधावनकल्प',:मरीचिकाधावनकल्पः,',
प्रत्यक्षमेव,:प्रत्यक्षम्,एव,
पञ्चापि,:पञ्च,अपि,
रणाङ्गगणमिव,:रणाङ्गगणम्,इव,
नाऽऽक्रमन्ते,:न,आक्रमन्ते,
नवाऽपि,:नव,अपि,
जीवस्तद्विपरीतोऽजीवः,:जीवस्तद्विपरीतः,अजीवः,
मिथ्यात्वाऽविरतिकषाययोगैर्हेतुभिर्यद्बन्धहेतुककर्मपुद्‌गलादानं,:मिथ्यात्वाऽविरतिकषाययोगैः,हेतुभिः,यत्,बन्धहेतुककर्मपुद्‌गलादानं,
ज्ञानक्रियासंयोगाच्च,:ज्ञानक्रियासंयोगात्,च,
मुक्तिरिति,:मुक्तिः,इति,
शाणोल्लिखितजात्यमणिरिव,:शाणोल्लिखितजात्यमणिः,इव,
सर्वज्ञोपदिष्टत्वात्,:सर्वज्ञ,उपदिष्टत्वात्,
विच्छायतामासादयति,:विच्छायताम्,आसादयति,
नैयायिकाद्यास्तु,:नैयायिकाद्याः,तु,
दधन्तोऽपि,:दधन्तः,अपि,
नाऽऽप्नुवन्ति,:न,आप्नुवन्ति,
एवमन्येऽपि,:एवम्,अन्ये,अपि,
विरुद्धमार्गचारिणस्ते,:विरुद्धमार्गचारिणः,ते,
कुर्वन्तोऽपि,:कुर्वन्तः,अपि,
मिथ्यात्वाऽमात्यपराभूताः,:मिथ्यात्व,अमात्यपराभूताः,
तज्जैनपुरं,:तत्,जैनपुरं,
द्वावपि,:द्वौ,अपि,
दृष्टास्तत्र,:दृष्टाः,तत्र,
विलोकयैते,:विलोकय,एते,
चतुर्विधाऽदत्तपरिहारकाः,:चतुर्विधा,अदत्तपरिहारकाः,
स्वदेहेऽपि,:स्वदेहे,अपि,
द्वाचत्वारिंशद्दोषवर्जिताहारग्राहकाः,:द्वाचत्वारिंशत्,दोषवर्जिताहारग्राहकाः,
प्रमत्ततासरिदपि,:प्रमत्ततासरित्,अपि,
तिष्ठन्त्यत्रैते,:तिष्ठन्ति,अत्र,एते,
चित्तवृत्त्यटव्यामेवाऽयं,:चित्तवृत्त्यटव्याम्,एव,अयं,
अस्योपत्यकायां,:अस्य,उपत्यकायां,
नगराण्यात्राऽन्तर्भवन्ति,:नगराणि,अत्र,अन्तर्भवन्ति,
सम्यग्दर्शनसदागमोपेक्षिता,:सम्यक्,दर्शनसदागम,उपेक्षिता,
मोहादिवशवर्त्तिनस्ते,:मोहादिवशवर्त्तिनः,ते,
कदाऽपि,:कदा,अपि,
द्रष्टुमपि,:द्रष्टुम्,अपि,
चेदं,:च,इदं,
एवाऽत्र,:एव,अत्र,
कर्मपरिणामराजोऽप्येषां,:कर्मपरिणामराजः,अपि,एषां,
सात्त्विकपुरवास्तव्यास्तु,:सात्त्विकपुरवास्तव्याः,तु,
इत्युच्यन्ते,:इति,उच्यन्ते,
जैनपुरवास्तव्यास्ते,:जैनपुरवास्तव्याः,ते,
विवेकपर्वतोपरिस्थाः,:विवेकपर्वत,उपरिस्थाः,
समस्तमपि,:समस्तम्,अपि,
मोहादयोऽपि,:मोहादयः,अपि,
जैनानुपद्रोतुमायान्ति,:जैनानुपद्रोतुम्,आयान्ति,
चतुर्ष्वपि,:चतुर्षु,अपि,
तत्त्वतस्ते,:तत्त्वतः,ते,
किलैतेषु,:किल,एतेषु,
जैनेष्वपि,:जैनेषु,अपि,
मिथ्यात्वाधीनजनवत्,:मिथ्यात्व,अधीनजनवत्,
यदेतेऽपि,:यदा,एते,अपि,
गुरुदर्शनात्,:गुरुः,दर्शनात्,
निर्वाहेऽहङ्‌कुर्वते,:निर्वाहे,अहङ्कुर्वते,
कृत्वाऽपि,:कृत्वा,अपि,
दुष्टाचरिते,:दुष्ट,आचरिते,
चेष्टितैर्मोहादिसद्भावः,:चेष्टितैः,मोहादिसद्भावः,
तत्कथमेते,:तत्कथम्,एते,
इत्युच्यन्ते,:इति,उच्यन्ते,
तदेतत्,:तदा,एतत्,
मोहादयस्तु,:मोहादयः,तु,
तत्राऽप्रशस्ताः,:तत्र,अप्रशस्ताः,
कर्मपरिणामपक्षपातिनस्ते,:कर्मपरिणामपक्षपातिनः,ते,
प्रशस्तास्ते,:प्रशस्ताः,ते,
पुरतश्चित्तसमाधानमण्डपे,:पुरतः,चित्तसमाधानमण्डपे,
दानशीलतपोभावरूपमुखचतुष्टयकलितश्चारित्रधर्मनृपः,:दानशीलतपोभावरूपमुखचतुष्टयकलितः,चारित्रधर्मनृपः,
धर्ममार्गमुपदिशति,:धर्ममार्गम्,उपदिशति,
दानमपि,:दानम्,अपि,
चाऽष्टादशसहस्रशीलाङ्गभेदकलितं,:च,अष्टादशसहस्रशीलाङ्गभेदकलितं,
शीलपालनमादिशति,:शीलपालनम्,आदिशति,
दुष्टतपस्तु,:दुष्टतपः,तु,
चतुर्थमुखेनाऽनित्यादिद्वादशभावनाः,:चतुर्थमुखेन,अनित्यादिद्वादशभावनाः,
यत्किञ्चिदेकैकमपि,:यत्किञ्चित्,एकैकम्,अपि,
यदनुभावात्,:यत्,अनुभावात्,
स्थिताऽतिसुन्दराऽङ्गी,:स्थिता,अतिसुन्दराऽङ्गी,
पञ्चपुरुषास्ते,:पञ्चपुरुषाः,ते,
पुनर्द्वादशमानुषाणि,:पुनः,द्वादशमानुषाणि,
तत्राऽनशनोनोदरितावृत्तिसङ्क्षेपरसत्त्यागकायक्लेशसंलीनताख्यानि,:तत्र,अनशनोनोदरितावृत्तिसङ्क्षेपरसत्त्यागकायक्लेशसंलीनताख्यानि,
एभिर्वृतस्य,:एभिः,वृतस्य,
तच्च,:तत्,च,
चाऽकिञ्चन्यं,:च,अकिञ्चन्यं,
चेति,:च,इति,
एभिर्दशभिर्वृतोऽयं,:एभिः,दशभिः,वृतः,अयं,
चाऽस्य,:च,अस्य,
द्वितीयोयं,:द्वितीयः,अयं,
व्रताऽनर्थदण्डविरतिसामायिकदेशावकाशिकपौषधोपवासाऽतिथिसंविभागनामकद्वादशमानुषवृतोऽस्य,:व्रताऽनर्थदण्डविरतिसामायिकदेशावकाशिकपौषधोपवासाऽतिथिसंविभागनामकद्वादशमानुषवृतः,अस्य,
राजकुमारयोश्च,:राजकुमारयोः,च,
चोपशमसंवेगनिर्वेदाऽनुकम्पाऽऽस्तिक्यनामानोऽस्य,:च,उपशमसंवेगनिर्वेदाऽनुकम्पाऽऽस्तिक्यनामानः,अस्य,
मैत्रीमुदिताकरुणोपेक्षाख्याश्चतस्रः,:मैत्रीमुदिताकरुणोपेक्षाख्याः,चतस्रः,
स्त्रियोऽस्य,:स्त्रियः,अस्य,
सपरिकरोऽप्ययं,:सपरिकरः,अपि,अयं,
मिथ्यात्वोन्मूलनक्षमः,:मिथ्यात्व,उन्मूलनक्षमः,
दर्शनमोहनीयस्योपशमे,:दर्शनमोहनीयस्य,उपशमे,
सदागमोयं,:सदागमः,अयं,
मत्यवधिमनःपर्यवकेवलाख्यश्चत्वारोऽपि,:मत्यवधिमनःपर्यवकेवलाख्यः,चत्वारः,अपि,
सर्वोऽपि,:सर्व,अपि,
सदागमाज्ञयैव,:सदागमाज्ञया,एव,
च।,:यः,च,अक्षरमात्रामात्रमपि,
सम्यग्सदागमाज्ञयैव,:सम्यग्सदागमाज्ञया,एव,
केवलाज्ञानाख्यपञ्चमवयस्यबलेनेति,:केवलाज्ञानाख्यपञ्चमवयस्यबलेन,इति,
महाभटमुद्दिश्य,:महाभटम्,उद्दिश्य,
वयमत्रागताः,:वयम्,अत्र,आगताः,
दृष्टस्तत्,:दृष्टः,तत्,
भविष्यत्यसौ,:भविष्यति,असौ,
पञ्चाऽपि,:पञ्च,अपि,
विहितश्च,:विहितः,च,
स्थापितोऽस्ति,:स्थापितः,अस्ति,
युद्ध्यतोऽनन्तः,:युद्ध्यतः,अनन्तः,
कालोऽतिक्रान्तः,:कालः,अतिक्रान्तः,
कदाप्येतत्सैन्यमपसरति,:कदापि,एतत्,सैन्यम्,अपसरति,
कदाचिच्च,:कदाचित्,च,
भविष्यतीति,:भविष्यति,इति,
चाऽस्याङ्गसङ्गिनी,:च,अस्याङ्गसङ्गिनी,
सुखदुःखयोर्मानाऽपमानयोः,:सुखदुःखयोः,मानाऽपमानयोः,
शुभाऽशुभाहारयोर्वा,:शुभाऽशुभाहारयोः,वा,
सम्यग्दर्शनसद्बोधाख्यौ,:सम्यक्,दर्शनसद्बोधाख्यौ,
सुभटाश्चारित्रधर्मं,:सुभटाः,चारित्रधर्मं,
चाऽस्य,:च,अस्य,
स्यादित्यलं,:स्यात्,इति,अलं,
याव",:यावः,",
इत्युदित्वा,:इति,उदित्वा,
सौजन्यदाक्षिण्याद्यनेकमातङ्गान्,:सौजन्यदाक्षिण्यादि,अनेकमातङ्गान्,
विनीतत्वस्थैर्यादिपदातिकांश्च,:विनीतत्वस्थैर्यादिपदातिकान्,च,
द्वावपि,:द्वौ,अपि,
त्वदनुभावात्,:त्वत्,अनुभावात्,
जातश्चाऽहं,:जातः,च,अहं,
कृतकृत्यस्तथाऽप्यत्र,:कृतकृत्यः,तथापि,अत्र,
मनस्तदत्र,:मनः,तत्,अत्र,
तद्वचः,:तत्,वचः,
तत्राऽनेक,:तत्र,अनेक,
अथाऽन्यदा,:अथ,अन्यदा,
बुद्धिर्भ्रातृसुतयोर्दर्शनेन,:बुद्धिः,भ्रातृसुतयोः,दर्शनेन,
विषयाभिलाषमन्त्रिसुतेति,:विषयाभिलाषमन्त्रिसुता,इति,
वर्णितश्च,:वर्णितः,च,
तदाकर्ण्य,:तत्,आकर्ण्य,
जडस्तु,:जडः,तु,
मद्यमांसादिभिर्बहुधा,:मद्यमांसादिभिः,बहुधा,
पोषयन्नास्ते,:पोषयन्,आस्ते,
अथाऽन्यदा,:अथ,अन्यदा,
समीपमागतः,:समीपम्,आगतः,
यदहो,:यत्,अहो,
तदद्य,:तत्,अद्य,
तद्वशात्,:तत्,वशात्,
महामांसभक्षणलोलुपोऽसौ,:महामांसभक्षणलोलुपः,असौ,
शिशून्यपहृत्याऽपहृत्य,:शिशूनि,अपहृत्य,अपहृत्य,
पुत्रमादाय,:पुत्रम्,आदाय,
तावज्जागरितेन,:तावत्,जागरितेन,
विडम्बनाशतैर्भृशं,:विडम्बनाशतैः,भृशं,
सर्वलोकैर्ज्ञातं,:सर्वलोकैः,ज्ञातं,
विचक्षणस्तां,:विचक्षणः,तां,
भ्रातुरपभ्राजनां,:भ्रातुः,अपभ्राजनां,
लज्जितोऽचिन्तयत्,:लज्जितः,अऽचिन्तयत्,
वरमिति,:वरम्,इति,
चाऽऽपृच्छ्य,:च,आपृच्छ्य,
सहाऽऽदाय,:सह,आदाय,
विवेकशैलस्याऽप्रमत्ततासानुस्थं,:विवेकशैलस्य,अप्रमत्ततासानुस्थं,
जैनपुरमागत्य,:जैनपुरम्,आगत्य,
श्रीगुणधरसूरेरुपान्ते,:श्रीगुणधरसूरेः,उपान्ते,
मातापितरावपि,:मातापितरौ,अपि,
सहागतौ,:सह,आगतौ,
सोऽहं,:सः,अहं,
रसनाऽकिञ्चित्करी,:रसना,अकिञ्चित्करी,
कृतश्च,:कृतः,च,
विहरन्निहागममित्युक्तं,:विहरन्निहागमम्,इत्युक्तं,
अथैवं,:अथ,एवं,
विचिक्षणसूरिचरितमाकर्ण्य,:विचिक्षणसूरिचरितम्,आकर्ण्य,
प्रत्याह,:प्रति,आह,
प्रबोधितोऽहं,:प्रबोधितः,अहं,
प्रमदविषविलुप्तचेतनस्त्वया,:प्रमदविषविलुप्तचेतनः,त्वया,
भगवद्दीक्षाप्रदानेनेति,:भगवद्दीक्षाप्रदानेन,इति,
गुरुभिस्तस्य,:गुरुभिः,तस्य,
यथासुखमिति,:यथासुखम्,इति,
तद्वचः,:तत्,वचः,
अथाऽगृहीतसङ्‌केते,:अथ,अगृहीतसङ्‌केते,
तदवसरे,:तत्,अवसरे,
निर्गुणोऽप्यहं,:निर्गुणः,अपि,अहं,
तदैव,:तदा,एव,
तत्रोपविष्टं,:तत्र,उपविष्टं,
रिपुदारणोऽयं,:रिपुदारणः,अयं,
आबाल्यादेव,:आबाल्यात्,एव,
स्वदोषादेव,:स्वदोषात्,एव,
स्वजननीभार्येऽनेन,:स्वजननीभार्ये,अनेन,
दृष्ट्वाऽप्युपेक्षिते,:दृष्ट्वा,अपि,उपेक्षिते,
कथमस्मिन्नीदृशी,:कथम्,अस्मिन्,ईदृशी,
निर्घृणतेति,:निर्घृणता,इति,
गुरुराह,:गुरुः,आह,
यद्यप्ययं,:यद्यपि,अयं,
प्रकृतिसुन्दरस्तथापि,:प्रकृतिसुन्दरः,तथापि,
स्तस्तद्वशादयमपि,:स्तः,तद्वशात्,अयमपि,
पुनस्तत्पापमित्रत्यागोपाये,:पुनः,तत्पापमित्रत्यागोपाये,
चेति,:च,इति,
यद्ययं,:यत्,अयं,
रिपुदारणस्ते,:रिपुदारणः,ते,
त्यक्ष्यतीति,:त्यक्ष्यति,इति,
त्वलं,:तु,अलं,
तच्चिन्तया,:तत्,चिन्तया,
इत्याकर्ण्य,:इति,आकर्ण्य,
मामयोग्यं,:माम्,अयोग्यं,
मत्वाऽपि,:मत्वा,अपि,
व्रतमाददे,:व्रतम्,आददे,
सहाऽन्यत्र,:सह,अन्यत्र,
अथाऽहं,:अथ,अहं,
सिद्धार्थपुराभ्यर्णमायातस्तदा,:सिद्धार्थपुराभ्यर्णमायातः,तदा,
प्रधानाद्यैर्विज्ञप्तोऽहं,:प्रधानाद्यैः,विज्ञप्तः,अहं,
चक्रवर्त्त्यसौ,:चक्रवर्त्ती,असौ,
भवद्भिर्यथा,:भवद्भिः,यथा,
स्यादिति,:स्यात्,इति,
यावदहं,:यावत्,अहं,
तदभिमुखं,:तत्,अभिमुखं,
गन्तुमिच्छामि,:गन्तुम्,इच्छामि,
मयोक्तं,:मया,उक्तं,
कियन्मात्रोऽयं,:कियन्मात्रः,अयं,
तपनश्चक्री,:तपनः,चक्री,
वयमेतत्,:वयम्,एतत्,
पुनस्तैरतिनिर्बन्धकृते,:पुनः,तैः,अतिनिर्बन्धकृते,
मयोक्तं,:मया,उक्तं,
वयमप्यागमिष्याम",:वयमपि,आगमिष्यामः,",
ततस्ते,:ततः,ते,
भटसमुदायमादाय,:भटसमुदायम्,आदाय,
बहुद्रव्याद्युपदीकृत्य,:बहुद्रव्यादि,उपदीकृत्य,
तैरुक्तं,:तैः,उक्तं,
देवपादसपर्यासमुत्सुकोऽस्मदनुपदमेवाऽऽयाति,:देवपादसपर्यासमुत्सुकः,अस्मत्,अनुपदम्,एव,आयाति,
पुनर्ममाकारणार्थं,:पुनः,मम,आकारणार्थं,
मयोक्तं,:मया,उक्तं,
ममोपरि,:मम,उपरि,
कस्यादेशात्,:कस्य,आदेशात्,
करिष्यत्यस्मान्,:करिष्यति,अस्मान्,
प्रत्युक्तं,:प्रति,उक्त,
तच्छ्रुत्वा,:तत्,शृत्वा,
अथैतत्,:अथ,एतत्,
तदवसरे,:तत्,अवसरे,
विकलीकृतोऽहं,:विकलीकृतः,अहं,
नीतश्चक्रिस्कन्धावारे।,:नीतः,चक्रिस्कन्धावारे।,
तस्येयं,:तस्य,इयं,
गतिर्भवित्रीत्युद्घोषणापूर्वकं,:गतिः,भवित्रि,इति,उद्घोषणापूर्वकं,
राजपुरुषैर्मुद्‌गरप्रहारादि,:राजपुरुषैः,मुद्‌गरप्रहारादि,
यातनाशतैर्विडम्ब्य,:यातनाशतैः,विडम्ब्य,
नारकत्वेनोत्पन्नः,:नारकत्वेन,उत्पन्नः,
अद्याऽप्युत्कम्पं,:अद्याऽपि,उत्कम्पं,
भगवानयं,:भगवान्,अयं,
प्रायोऽसंव्यवहारपुरवर्जं,:प्रायः,असंव्यवहारपुरवर्जं,
भ्रामितोऽहम्,:भ्रामितः,अहम्,
कुत्रचिच्च,:कुत्रचित्,च,
विधायाऽन्यदा,:विधाय,अन्यदा,
मामुवाच,:माम्,उवाच,
दुःखान्यनुभूतानि,:दुःखानि,अनुभूतानि,
तदेनं,:तदा,एनं,
गृहीत्वेदानीं,:गृहीत्वा,इदानीं,
मानवावासपुरमिति,:मानवावासपुरम्,इति,
तद्वचः,:तत्,वचः,
मानाऽनृतरसनामदचौर्यदुरोदरादिसङ्गोत्थं,:मान,अनृतरसनामदचौर्यदुरोदरादिसङ्गोत्थं,
सक्तिस्तेषु,:सक्तिः,तेषु,
इत्युपमितिकथोद्धारे,:इति,उपमितिकथोद्धारे,
