अथाऽऽकर्णयाऽगृहीतसङ्‌केते!,:अथ,आकर्णय,अगृहीतसङ्‌केते!,
केशरीव,:केशरी,इव,
भवितव्यतयावतारितोऽहम्,:भवितव्यतया,अवतारितः,अहम्,
दत्तस्तदाऽन्योऽपि,:दत्तः,तदा,अन्य,अपि,
दत्तोऽभूत्,:दत्तः,अभूत्,
प्रसूतोऽहम्,:प्रसूतः,अहम्,
ममाऽभिधा,:मम,अभिधा,
मनस्येवं,:मनसि,एवं,
धनमेव,:धनम्,एव,
तेनोपायेन,:तेन,उपायेन,
धनमेव,:धनम्,एव,
सञ्चितव्यमित्यादि,:सञ्चितव्यम्,इत्यादि,
प्रत्युक्तं,:प्रति,उक्तं,
तदाऽहं,:तदा,अहं,
तच्छ्रुत्वा,:तत्,शृत्वा,
एवाऽस्माकं,:एव,अस्माकं,
त्वपायशतहेतुभूतं,:तु,अपायशतहेतुभूतं,
विद्यतेऽस्मद्‌गृहे,:विद्यते,अस्मद्‌गृहे,
तद्व्ययेनेति,:तद्व्ययेन,इति,
पुनर्मयोक्तं,:पुनः,मया,उक्तं,
अन्यच्च,:अन्यत्,च,
प्राप्ततारुण्योऽपि,:प्राप्ततारुण्य,अपि,
स्वजननीमेव,:स्वजननीम्,एव,
नानोपायैर्धनमर्जयित्वा,:नानोपायैः,धनम्,अर्जयित्वा,
स्वल्पकालेनैव,:स्वल्पकालेन,एव,
गृहमागमिष्याम्यहमि"त्यादि,:गृहम्,आगमिष्यामि,अहम्,"इत्यादि,
कथञ्चिदनुज्ञाप्यऽथ,:कथञ्चित्,अनुज्ञाप्य,अथ,
चलितोऽहं,:चलितः,अहं,
प्राप्तश्च,:प्राप्तः,च,
प्रवहणमारुह्य,:प्रवहणम्,आरुह्य,
धनमर्थये,:धनम्,अर्थये,
केनचिच्छलेन,:केनचित्,छलेन,
रसकुम्पिकामानयामि,:रसकुम्पिकाम्,आनयामि,
किमथवा,:किम्,अथवा,
खनामीत्यादि,:खनामि,इत्यादि,
तावदेकं,:तावत्,एकं,
नूनमत्र,:नूनम्,अत्र,
भविष्यतीति,:भविष्यति,इति,
दीनारसहस्रभृतमेकं,:दीनारसहस्रभृतम्,एकं,
प्रहृष्टोहं,:प्रहृष्टः,अहं,
जातश्च,:जातः,च,
प्रविष्टोऽहं,:प्रविष्टः,अहं,
किमहो,:किम्,अहो,
द्रव्यार्जनमन्तरा,:द्रव्यार्जनम्,अन्तरा,
भोगोऽयं,:भोगः,अयं,
विडम्बनाप्रायस्तदेते,:विडम्बनाप्रायः,तदा,एते,
वृथैव,:वृथा,एव,
बहुलेनोक्तं,:बहुलेन,उक्तं,
तवैवाऽस्ति,:तव,एव,अस्ति,
ततस्तिष्ठ,:ततः,तिष्ठ,
धनार्जनचिन्तयेति,:धनार्जनचिन्तया,इति,
मयोक्तं,:मया,उक्तं,
यद्यप्येवमस्ति,:यद्यपि,एवम्,अस्ति,
तथाप्यहं,:तथापि,अहं,
प्रारब्धस्तत्र,:प्रारब्धः,तत्र,
नानापापव्यापारैरर्जितं,:नानापापव्यापारैः,अर्जितं,
वाहिताश्चारघट्टादयः,:वाहिताः,चारघट्टादयः,
कृतश्चाऽन्यजातिषु,:कृतः,च,अन्यजातिषु,
वस्त्रमाल्यालङ्‌काराद्युपभोगं,:वस्त्रमाल्यालङ्‌कारादि,उपभोगं,
कियद्भिर्दिनैः,:कियद्भिः,दिनैः,
ग्रहीताश्च,:ग्रहीताः,च,
दीनारकोटिरपि,:दीनारकोटिः,अपि,
सागरेणोक्तं,:सागरेण,उक्तं,
नोपार्जिता,:न,उपार्जिता,
किमर्जितं,:किम्,अर्जितं,
प्रत्युक्तं,:प्रति,उक्तं,
गच्छाम्यहम्,:गच्छामि,अहम्,
तच्छ्रुत्वा,:तत्,शृत्वा,
बहुलेनोक्तं,:बहुलेन,उक्तं,
न्यूनमस्ति,:न्यूनम्,अस्ति,
यद्रत्नद्वीपं,:यत्,रत्नद्वीपं,
जिगमिषुरसि,:जिगमिषुः,असि,
मयोक्तं,:मया,उक्तं,
कोटिश्वरत्वेऽपि,:कोटिश्वरत्वे,अपि,
लक्ष्मीलाभार्थमुद्यमः,:लक्ष्मीलाभार्थम,उद्यमः,
यदुक्तं,:यत्,उक्तं,
गुणाढ्यमपि,:गुणाढ्यम्,अपि,
इत्यादिवाक्यैस्तं,:इत्यादिवाक्यैः,तं,
प्रियामनुज्ञाप्य,:प्रियाम्,अनुज्ञाप्य,
प्रवहणान्यापूर्य,:प्रवहणानि,आपूर्य,
सम्प्राप्तश्च,:सम्प्राप्तः,च,
चाऽनेकधा,:च,अनेकधा,
अथैकदा,:अथ,एकदा,
काचिदर्धजरती,:काचित्,अर्धजरती,
मद्‌गृहमागत्य,:मद्‌गृहम्,आगत्य,
राज्यलोलुपोऽसौ,:राज्यलोलुपः,असौ,
ग्रहीन्मे,:अग्रहीत्,मे,
राज्यमिति,:राज्यम्,इति,
जातमात्रानेव,:जातमात्रान्,एव,
एकदाऽऽपन्नसत्त्वा,:एकदा,आपन्नसत्त्वा,
सहादाय,:सह,आदाय,
प्रसूतस्तदैव,:प्रसूतः,तदा,एव,
पुत्रप्रसवानन्तरमेव,:पुत्रप्रसवानन्तरम्,एव,
दुःखिताऽहं,:दुःखिता,अहं,
रत्नकरण्डमिव,:रत्नकरण्डम्,इव,
सुतमादाय,:सुतम्,आदाय,
क्रमेणाऽत्राऽऽगत्य,:क्रमेण,अत्र,आगत्य,
भ्रातुर्नीलकण्ठनृपस्य,:भ्रातुः,नीलकण्ठनृपस्य,
अर्पितश्च,:अर्पितः,च,
हरिरिति,:हरिः,इति,
प्राणाधिकयत्नेनाऽवर्द्धयत्,:प्राणाधिकयत्नेन,अवर्द्धयत्,
तारुण्यप्राप्तोऽसौ,:तारुण्यप्राप्तः,असौ,
हरिकुमारस्त्वामानन्दपुरादागतं,:हरिकुमारः,त्वाम्,आनन्दपुरात्,आगतं,
मत्वाऽतिप्रणयेन,:मत्वा,अतिप्रणयेन,
त्वदाकारणाय,:त्वत्,आकारणाय,
तदेहि,:तत्,एहि,
त्वरितमिति,:त्वरितम्,इति,
तदाकर्ण्य,:तत्,आकर्ण्य,
गतोऽहं,:गतः,अहं,
कथितश्च,:कथितः,च,
नित्यपरिचयाज्जाता,:नित्यपरिचयात्,जाता,
अथाऽन्यदा,:अथ,अन्यदा,
क्रीडार्थमुद्यानं,:क्रीडार्थम्,उद्यानं,
स्मस्तावदेका,:स्मः,तावत्,एका,
तत्राऽऽयाता,:तत्र,आयाता,
साऽऽशीर्दानपूर्वकं,:सा,आशीर्दानपूर्वकं,
कुमारोऽपि,:कुमारः,अपि,
मन्मथमित्रेणोक्तं,:मन्मथमित्रेण,उक्तं,
किमेवमेकतानेन,:किम्,एवम्,एकता,अनेन,
कुमारस्त्वाकारगोपनं,:कुमारः,तु,आकारगोपनं,
तदाक्षिप्तचित्तोऽप्याकूतमनाविष्कुर्वन्,:तदाक्षिप्तचित्त,अपि,आकूतमना,आविष्कुर्वन्,
चातुर्यमित्यादि,:चातुर्यम्,इत्यादि,
मन्मथपद्मकेशरविभ्रमकपोलादिमित्रैर्नानाप्रहेलिकासमस्यादिवार्त्तारसैर्यथाकथञ्चित्,:मन्मथपद्मकेशरविभ्रमकपोलादिमित्रैः,नानाप्रहेलिकासमस्यादिवार्त्तारसैः,यथाकथञ्चित्,
नीतोऽसौ,:नीतः,असौ,
पुनर्मुहूर्त्तान्तरे,:पुनः,मुहूर्त्तान्तरे,
रतिमनाप्नुवन्,:रतिम्,अनाप्नुवन्,
तत्राऽपि,:तत्र,अपि,
मत्कृतशीतोपचारैरपि,:मत्कृतशीतोपचारैः,अपि,
मन्मथादयोऽपि,:मन्मथादयः,अपि,
तैरपि,:तैः,अपि,
दृष्टतद्व्यतिकरैस्तत्रागत्य,:दृष्टतद्व्यतिकरैः,तत्र,आगत्य,
शाम्यतीत्यादि,:शाम्यति,इत्यादि,
चिकित्सोपदेशाऽपदेशेन,:चिकित्सोपदेश,अपदेशेन,
विनोदश्चक्रे,:विनोदः,चक्रे,
स्वाभिप्रायमाविष्कृत्य,:स्वाभिप्रायम्,आविष्कृत्य,
यावदहं,:यावत्,अहं,
अद्याऽहं,:अद्य,अहं,
गताऽभूवम्,:गता,अभूवम्,
तयोक्तं,:तया,उक्तं,
सुताऽद्य,:सुता,अद्य,
ग्रहग्रस्तेव,:ग्रहग्रस्ता,इव,
हस्तन्यस्तमुखाऽन्यग्दृष्टिर्निःश्वासान्,:हस्तन्स्तमुखान्यग्दृष्टिः,निश्वासान्,
स्थिताऽस्तीति,:स्थिता,अस्ति,इति,
चिन्तार्त्तास्मि,:चिन्तार्त्ता,अस्मि,
पुरुषचिन्ताऽस्तीत्याकर्ण्य,:पुरुषचिन्ता,अस्ति,इति,आकर्ण्य,
राज्ञ्यूचे,:राज्ञी,ऊचे,
सत्यमेतद्,:सत्यम्,एतद्,
उक्तमभूत्,:उक्तम्,अभूत्,
हरिकुमारोऽनया,:हरिकुमारः,अनया,
दृष्टोऽस्ति,:दृष्टः,अस्ति,
तत्प्रभृत्येवं,:तत्प्रभृति,एवं,
स्थिताऽस्ति,:स्थिता,अस्ति,
राज्ञ्याऽभ्यर्थिताऽहं,:राज्ञ्या,अभ्यर्थिता,अहं,
दत्त्वाऽगाम्,:दत्त्वा,अगाम्,
अथाऽगृहीतसङ्गेते!,:अथ,अगृहीतसङ्गेते!,
प्रहृष्टोऽहं,:प्रहृष्टः,अहं,
कुमारान्तिकमागत्योचिवान्,:कुमारान्तिकम्,आगत्य,ऊचिवान्,
तदश्रद्दधानोऽपि,:तद्,अश्रद्दधानः,अपि,
शपथादिभिर्मया,:शपथादिभिः,मया,
नृपेणाऽपि,:नृपेण,अपि,
महामहैर्मयूरमञ्जरी,:महामहैः,मयूरमञ्जरी,
हरिकुमारेणोद्वाहिता,:हरिकुमारेण,उद्वाहिता,
विलसन्नपि,:विलसन्,अपि,
अहोऽत्राऽपि,:अहः,अत्राऽपि,
कुमारोऽयं,:कुमारः,अयं,
कुतोऽप्युपस्थितः,:कुतोऽपि,उपस्थितः,
प्रभवामीत्येवं,:प्रभवामि,इत्येवं,
स्वकार्यासक्तोऽभवम्,:स्वकार्यासक्तः,अभवम्,
अथाऽहं,:अथ,अहं,
रत्नान्युपार्ज्योपार्ज्य,:रत्नानि,उपार्ज्योपार्ज्य,
निश्यपि,:निशि,अपि,
कालपरिणत्याऽऽदिष्टौ,:कालपरिणत्या,आदिष्टौ,
मदन्तिकमागतौ,:मदन्तिकम्,आगतौ,
निवासितोऽन्यश्च,:निवासितः,अन्यः,च,
यौवनमित्रानुभावादहं,:यौवनमित्रानुभावात्,अहं,
मैथुनवशाच्च,:मैथुनवशात्,च,
स्त्रीशतरतेनाऽपि,:स्त्रीशतरतेन,अपि,
तत्स्नेहपरवशोऽहं,:तत्स्नेहपरवशः,अहं,
स्त्रीर्भजामि।,:स्त्रीः,भजामि।,
इत्थमकार्यं,:इत्थम्,अकार्यं,
जातस्तथापि,:जातः,तथापि,
विलोक्याऽन्यदा,:विलोक्य,अन्यदा,
नीलकण्ठनृपश्चिन्तयाञ्चकार-,:नीलकण्ठनृपः,चिन्तयाञ्चकार-,
यदहो,:यत्,अहो,
प्रवृद्धप्रतापोऽयं,:प्रवृद्धप्रतापः,अयं,
राज्यमिति,:राज्यम्,इति,
रहस्याकार्य,:रहस्य,आकार्य,
स्वभावमावेद्य,:स्वभावम्,आवेद्य,
मारितव्योऽयमित्यादिदेश,:मारितव्यः,अयम्,इत्यादिदेश,
तन्नृपवचस्तथाऽस्त्विति,:तन्नृपवचः,तथा,अस्तु,इति,
गृहमभ्येत्य,:गृहम्,अभ्येत्य,
धिगस्तु,:धिक्,अस्तु,
यदयं,:यत्,अयं,
हरिकुमारमपि,:हरिकुमारम्,अपि,
महदसमञ्जसमेतत्,:महत्,असमञ्जसम्,एतत्,
नृपोऽनर्थं,:नृपः,अनर्थं,
रक्षणीयोऽयं,:रक्षणीयः,अयं,
प्रवहणान्यापूर्य,:प्रवहणानि,आपूर्य,
पोतमारुह्य,:पोतम्,आरुह्य,
तदवसरे,:तत्,अवसरे,
गन्तुमनिच्छन्नपि,:गन्तुम्,अनिच्छन्,अपि,
रत्नभृतप्रवहणमादाय,:रत्नभृतप्रवहणम्,आदाय,
वयमर्द्धपथमागतास्तावत्,:वयम्,अर्द्धपथम्,आगताः,तावत्,
हरिकुमारस्यैषाऽपरिमिता,:हरिकुमारस्य,एषा,अपरिमिता,
पौलोमीव,:पौलोमी,इव,
मारयामि,:एनं,
मदायत्तं,:सर्वमपि,एतत्,
कुधिया,:भवति,इति,
महासमुद्रे,:केनचित्,छलेन,
च,:तदा,एव,
मत्वा,:मा,अनर्थकारिणं,
स्वपुण्योदयमाहात्म्यात्,:हरिकुमारः,तु,
भृशं,:क्षीणपुण्योदयः,तया,एव,अतिकोपेन,
क्षमस्वापराधमिति,:क्षमस्व,अपराधं,
हरिकुमारे,:क्षमस्व,अपराधम्,इति,
क्षिप्तोऽहं,:वदति,एव,
समुद्रे।,:क्षिप्तः,अहं,
कुशलेन,:हरिकुमारः,अथ,
लोकवार्त्तया,:प्राप्तः,तत्र,
।,:राज्यम्,अलञ्चकार,
,:मत्पितुः,दत्तम्,
यातनाशतान्यनुभवन्,:यादोभिः,भक्ष्यमाणः,यातनाशतानि,अनुभवन्,
सप्तमेऽहनि,:सप्तमे,अहनि,
शनैर्भ्रमन्,:शनैः,भ्रमन्,
मिथ्याऽभिमानेन,:मिथ्या,अभिमानेन,
कथमेवं,:कथम्,एवं,
तदत्रैव,:तत्,अत्रैव,
पुनर्धनमार्जयित्वा,:पुनः,धनम्,अर्जयित्वा,
यास्यामीति,:यास्यामि,इति,
नानाऽर्जनोपायेषु,:नाना,अर्जनोपायेषु,
यमुपायमालम्ब्य,:यम्,उपायम्,आलम्ब्य,
सोऽनर्थायैव,:सः,अनर्थाय,एव,
दैवमवलम्ब्य,:दैवम्,अवलम्ब्य,
सागरेणोक्तम्,:सागरेण,उक्तम्,
किमेवं,:किम्,एवं,
निश्चिन्तस्तिष्ठसि,:निश्चिन्तः,तिष्ठसि,
धनार्थिनस्तु,:धनार्थिनः,तु,
मातृपित्रादीनपि,:मातृपित्रादीन्,अपि,
कुर्वन्त्यकार्यशतानि,:कुर्वन्ति,अकार्यशतानि,
गलपाशादिभिर्व्यापारिताः,:गलपाशादिभिः,व्यापारिताः,
कृतान्येवं,:कृतानि,एवं,
प्राप्तस्तथापि,:प्राप्तः,तथापि,
प्राप्तश्च,:प्राप्तः,च,
दुःखस्थोऽप्यन्तरान्तरा,:दुःखस्थः,अपि,अन्तरान्तरा,
मैथुनप्रेरितोऽन्त्यजादि,:मैथुनप्रेरितः,अन्त्यजादि,
मामभिलषति,:माम्,अभिलषति,
अथैकदाऽऽनन्दपुरोद्याने,:अथ,एकदा,आनन्दपुरोद्याने,
देशनाऽन्ते,:देशना,अन्ते,
धनशेखरेऽतिप्रेमासक्तोभूवं,:धनशेखरे,अतिप्रेमासक्तः,अभूवं,
तेनाऽहं,:तेन,अहं,
सूरिराह,:सूरिः,आह,
धनशेखरस्तु,:धनशेखरः,तु,
चारुरेवाऽस्ति,:चारुः,एव,अस्ति,
तेनैवमकार्यमनुष्ठितं,:तेन,एवम्,अकार्यम्,अनुष्ठितं,
सागरमैथुनाभ्यासमसौ,:सागरमैथुनाभ्यासम्,असौ,
पुनर्नृपेण,:पुनः,नृपेण,
भवन्तीति,:भवन्ति,इति,
गुरुराह,:गुरुः,आह,
कालपरिणतिश्च,:कालपरिणतिः,च,
समस्तमपि,:समस्तम्,अपि,
तयोरेव,:तयोः,एव,
परमविवेकादिप्रधानैर्दृष्टिदोषभिया,:परम्,अविवेकादिप्रधानैः,दृष्टिदोषभिया,
तयोर्दम्पत्योर्वन्ध्यानिर्बीजत्वप्रवादः,:तयोः,दम्पत्योः,वन्ध्यानिर्बीजत्वप्रवादः,
प्रवर्त्तितोऽस्ति,:प्रवर्त्तितः,अस्ति,
सिद्धान्तनामाचार्योऽप्रबुद्धाभिधशिष्येण,:सिद्धान्तनामाचार्यः,अप्रबुद्धाभिधशिष्येण,
पृष्टोऽवोचत्,:पृष्टः,अवोचत्,
जीवोऽयं,:जीवः,अयं,
ज्ञानादिशक्तिकवलितश्चित्तवृत्त्यटव्यां,:ज्ञानादिशक्तिकवलितः,चित्तवृत्त्यटव्यां,
हितकृदस्ति,:हितकृत्,अस्ति,
तदायत्तानि,:तत्,आयत्तानि,
चाऽमात्यौ,:च,अमात्यौ,
भटाश्चैवं,:भटाः,च,एवं,
सर्वोऽपि,:सर्वः,अपि,
स्तस्ताभ्यां,:स्तः,ताभ्यां,
विमृष्टमेकदा,:विमृष्टम्,एकदा,
यदावयोः,:यदा,आवयोः,
कोऽसौ,:कः,असौ,
कश्च,:कः,च,
चारित्रधर्म?,:चारित्रधर्मः,?,
कर्मपरिणामस्तु,:कर्मपरिणामः,तु,
भवजन्तुकृतनृत्यावलोकनपरस्तस्थौ,:भवजन्तुकृतनृत्यावलोकनपरः,तस्थौ,
ह्येते,:हि,एते,
इत्याशङ्‌क्य,:इति,आशङ्‌क्य,
चाऽनुकूलतया,:च,अनुकूलतया,
प्रवर्त्ततेऽपि,:प्रवर्त्तते,अपि,
विश्वमपि,:विश्वम्,अपि,
आत्मानमेव,:आत्मानम्,एव,
चारित्रधर्माद्याँश्च,:चारित्रधर्माद्याँन्,च,
अत्राऽन्तरेऽप्रबुद्धने,:अत्रान्तरे,अप्रबुद्धने,
किंविधोऽस्तीति,:किंविधः,अस्ति,इति,
त्वसौ,:तु,असौ,
परमवैरिणोऽपि,:परमवैरिणः,अपि,
हिताश्चारित्रधर्मादयस्तान्,:हिताः,चारित्रधर्मादयः,तान्,
सुताः,:अनन्ताः,
शुभाध्यवसायवर्जितोऽविदितशुभवलेश्योऽविज्ञातपञ्चविषयसुखः,:सर्वथा,एव,
,:शुभाध्यवसायवर्जितः,अविदितशुभवलेश्यः,अविज्ञातपञ्चविषयसुखः,
पोषकोऽयमिति,:मोहादयः,अस्माकं,
।,:पोषकः,अयम्,इति,
प्रणष्टाश्चारित्रधर्मादयः,:विपक्षवशः,अयम्,इति,
,:प्रणष्टाः,चारित्रधर्मादयः,
मोहादिभिर्विकलीकृत्य,:ततः,असौ,
विडम्ब्यमानो,:मोहादिभिः,विकलीकृत्य,
रुष्टेन,:प्रवेशम्,अपि,अनाप्नुवन्,
सर्वाधर्मकर्मकरणात्,:सर्व,अधर्मकर्मकरणात्,
नरकगामिनस्तेऽस्य,:नरकगामिनः,ते,अस्य,
द्वितीयोऽधमनामा,:द्वितीयः,अधमनामा,
किञ्चिदर्थकामभोगोपेतः,:किञ्चित्,अर्थकामभोगोपेतः,
पञ्चेन्द्रियपारवश्याद्रमते,:पञ्चेन्द्रियपारवश्यात्,रमते,
चाऽभक्ष्याऽपेयाऽगम्यादीनि,:च,अभक्ष्य,अपेय,अगम्यादीनि,
चारित्रधर्मादींश्च,:चारित्रधर्मादीन्,च,
स्वराज्यसुखगन्धमप्यनवाप्य,:स्वराज्यसुखगन्धम्,अपि,अनवाप्य,
प्रायोऽस्य,:प्रायः,अस्य,
नित्यासक्तोऽपि,:नित्यासक्तः,अपि,
चारित्रधर्मादीनपि,:चारित्रधर्मादीन्,अपि,
मिथ्यादर्शनमन्त्र्यादिविप्ररतारितोऽसौ,:मिथ्यादर्शनमन्त्र्यादिविप्ररतारितः,असौ,
नाऽशक्त,:न,अशक्त,
तमालोक्य,:तम्,आलोक्य,
लोकेऽपि,:लोके,अपि,
केचनाऽन्येऽपि,:केचन,अन्येऽपि,
धर्मार्थिनोप्यप्राप्तसद्‌गुरुसंयोगाः,:धर्मार्थिनः,अपि,अप्राप्तसद्‌गुरुसंयोगाः,
सद्‌गुरुयोगेऽपि,:सद्‌गुरुयोगे,अपि,
यथास्थितधर्मादितत्त्वमश्रद्दधानाः,:यथास्थितधर्मादितत्त्वम्,अश्रद्दधानाः,
धर्मबुद्ध्याऽऽद्रियन्ते,:धर्मबुद्ध्या,आद्रियन्ते,
प्रायोऽस्य,:प्रायः,अस्य,
हिताहितविवेकज्ञाश्चारित्रधर्मादीन्,:हिताहितविवेकज्ञाः,चारित्रधर्मादीन्,
किञ्चिदुल्लसिताश्चारित्रधर्मादयः,:किञ्चित्,उल्लसिताः,चारित्रधर्मादयः,
सेवतेऽसौ,:सेवते,असौ,
धर्ममेव,:धर्मम्,एव,
मोक्षमेव,:मोक्षम्,एव,
तथाविधशक्त्यभावेऽपि,:तथाविधशक्त्यभावे,अपि,
शनैर्दमयतीन्द्रययगणं,:शनैः,दमयति,इन्द्रियगणं,
अथाऽस्त्येकस्तत्र,:अथ,अस्ति,एकः,तत्र,
तमापृच्छ्याऽवधीरिता,:तम्,आपृच्छ्य,अवधीरिता,
प्रवृत्तश्च,:प्रवृत्तः,च,
तदनुसारेण,:तत्,अनुसारेण,
वशीकृताऽनेन,:वशीकृता,अनेन,
साधवस्तेऽस्य,:साधवः,ते,अस्य,
पञ्चमसुतस्योत्तमाभिधानस्य,:पञ्चमसुतस्य,उत्तमाभिधानस्य,
सदोद्युक्तः,:सदा,उद्युक्तः,
क्षुब्धश्च,:क्षुब्धः,च,
प्रमोदमेदुराश्चारित्रधर्मादयः,:प्रमोदमेदुराः,चारित्रधर्मादयः,
अथाऽनेनाऽन्यदा,:अथ,अनेन,अन्यदा,
मोक्षैकतानस्य,:मोक्षैकतान्,अस्य,
राज्यावाप्त्युपायापृच्छा,:राज्यावाप्ति,उपाय,अपृच्छा,
तदाकर्णय,:तत्,आकर्णय,
तदुपायं,:तत्,उपायं,
पञ्चापि,:पञ्च,अपि,
प्रभृतिषूद्योगः,:प्रभृतिषु,उद्योगः,
कुर्वतस्ते,:कुर्वतः,ते,
गृहीतव्यस्त्वयाऽभ्यासनामाऽन्तरङ्गस्वाङ्गिकसहायस्तथा,:गृहीतव्यः,त्वया,अभ्यासनामा,अन्तरङ्गस्वाङ्गिकसहायः,तथा,
अन्योऽपि,:अन्य,अपि,
ततस्ताभ्यां,:ततः,ताभ्यां,
चित्तवृत्यटव्येव,:चित्तवृत्यटवी,एव,
ततस्त्वयाऽनवरत्,:ततः,त्वया,अनवरत्,
प्रयाणैश्चरित्रधर्मसैन्यातिवल्लभेन,:प्रयाणैः,चारित्रधर्मसैन्यातिवल्लभेन,
महामोहसैन्याऽसंस्पृष्टेनौदासीन्यनाम्ना,:महामोहसैन्या,असंस्पृष्टेन,औदासीन्यनाम्ना,
तत्राऽन्तराले,:तत्र,अन्तराले,
आयास्यत्येकोऽध्यवसायनामा,:आयास्यति,एकः,अध्यवसायनामा,
प्रकृत्यैव,:प्रकृत्या,एव,
मोहसैन्यपीडनायेत्यतस्तद्वैशद्यार्थं,:मोहसैन्यपीडनाय,इत्यतः,तद्वैशद्यार्थं,
नियोज्यास्तया,:नियोज्याः,तया,
स्थिरसुखयानाऽऽसनोपविष्टेनोल्लङ्घनीयाऽतिवेगगत्या,:स्थिरसुखयान,आसन,उपविष्टेन,उल्लङ्घनीया,अतिवेगगत्या,
धर्मध्याननामकमेकमतिसरलं,:धर्मध्याननामकम्,एकम्,अतिसरलं,
व्रजतस्ते,:व्रजतः,ते,
चाऽग्रे,:च,अग्रे,
व्रजतस्ते,:व्रजतः,ते,
विमलकेवलालोकस्ततोऽग्रे,:विमलकेवलालोकः,ततः,अग्रे,
कर्त्तव्यस्त्वया,:कर्त्तव्यः,त्वया,
दुष्टवेतालास्ततः,:दुष्टवेतालाः,ततः,
वर्त्तनीमनुसृत्य,:वर्त्तनीम्,अनुसृत्य,
राजपथममुञ्चत,:राजपथम्,अमुञ्चत,
कृत्यमित्यादिकां,:कृत्यम्,इत्यादिकां,
सिद्धान्तोक्तहितशिक्षामवधार्योत्तमस्तथैव,:सिद्धान्त,उक्तहितशिक्षाम्,अवधार्य,उत्तमः,तथैव,
पितरमपि,:पितरम्,अपि,
गतोऽसौ,:गतः,असौ,
गणधरादयस्तेऽस्य,:गणधरादयः,ते,अस्य,
जातस्तदागमे,:जातः,तदागमे,
वृत्तान्तस्तथाऽप्ययं,:वृत्तान्तः,तथापि,अयं,
यदस्य,:यत्,अस्य,
तदसौ,:तत्,असौ,
सिद्धान्तमपृष्ट्वैव,:सिद्धान्तम्,अपृष्ट्वा,एव,
राज्यस्थितिमसाधयत्,:राज्यस्थितिम्,असाधयत्,
अन्यच्चैतस्य,:अन्यत्,च,एतस्य,
गुणैराकृष्टा,:गुणैः,आकृष्टा,
तेभ्योऽयमुपकारीति,:तेभ्यः,अयम्,उपकारी,इति,
निरूपयत्यसौ,:निरूपयति,असौ,
सिद्धान्तमुपलभ्य,:सिद्धान्तम्,उपलभ्य,
तदङ्गोपाङ्गानि,:तत्,अङ्गोपाङ्गानि,
इत्थमसौ,:इत्थम्,असौ,
वस्तुतोऽजरामरोऽपि,:वस्तुतः,अजरामः,अपि,
तदुपदिष्टतया,:तत्,उपदिष्टतया,
कृतोऽयमिति,:कृतः,अयम्,इति,
किंवाऽयं,:किंवा,अयं,
कर्मक्षयोत्थैरेकादशातिशयैः,:कर्मक्षयोत्थैः,एकादशातिशयैः,
सुरकृतेश्चैकोनविंशत्यतिशयैः,:सुरकृतेः,च,एकोनविंशत्यतिशयैः,
धर्ममुपदिशन्,:धर्मम्,उपदिशन्,
ततोऽसौ,:ततः,असौ,
शाश्वतानन्तस्वसाम्राज्यसुखमिति,:शाश्वतानन्तस्वसाम्राज्यसुखम्,इति,
एतन्निदर्शनं,:एतत्,निदर्शनं,
एवेति,:एव,इति,
अथेत्थं,:अथ,इत्थं,
पुरुषदृषअटान्तश्रवणादप्यलब्धपरमार्थोऽप्रबुद्धः,:पुरुषदृष्टान्तश्रवणात्,अपि,अलब्धपरमार्थः,अप्रबुद्धः,
दत्त्वाऽन्तरङ्गपुरेषु,:दत्त्वा,अन्तरङ्गपुरेषु,
षण्णामपि,:षण्णाम्,अपि,
प्रबोधितस्तदेवं,:प्रबोधितः,तदा,एवं,
निकृष्टाऽधमविमध्यमानां,:निकृष्टा,अधमविमध्यमानां,
उत्तमवरिष्ठयोस्तु,:उत्तमवरिष्ठयोः,तु,
सदनन्तसुखायैवाऽभवत्,:सत्,अनन्तसुखाय,एव,अभवत्,
सर्वेषामपि,:सर्वेषाम्,अपि,
स्वराज्यमेव,:स्वराज्यम्,एव,
स्यादिदमेव,:स्यात्,इदमेव,
नानात्वकारणमित्यादिदेशनामाकर्ण्य,:नानात्वकारणम्,इत्यादिदेशनाम्,आकर्ण्य,
भ्रमन्नन्यदा,:भ्रमन्,अन्यदा,
गतस्तत्र,:गतः,तत्र,
बिल्वतरुमालोक्य,:बिल्वतरुम्,आलोक्य,
लग्नस्तावत्,:लग्नः,तावत्,
दष्टस्ततस्तद्भववेद्यगुटिकाक्षये,:दष्टः,ततः,तद्भववेद्यगुटिकाक्षये,
महादुःखान्यनुभूय,:महादुःखानि,अनुभूय,
पुनरनन्तं,:पुनः,अनन्तं,
यावदेकेन्द्रियादि,:यावत्,एकेन्द्रियादि,
तथेति,:तथा,इति,
चलितोऽहमपि,:चलितः,अहम्,अपि,
मैथुननेत्रेन्द्रियादिसक्तेश्च,:मैथुननेत्रेन्द्रियादिसक्तेः,च,
तज्जयाय,:तत्,जयाय,
इत्युपमितिकथोद्धारे,:इति,उपमितिकथोद्धारे,
लोभमैथुनचक्षुरिन्द्रियविपाकवर्णनाख्यस्तूर्योऽधिकारः,:लोभमैथुनचक्षुः,इन्द्रियविपाकवर्णनाख्यस्तूर्यः,अधिकारः,
