नरवाहनो,राजा,:नरवाहनः,राजा,
अवतीर्णोऽहं,:अवतीर्णः,अहं,
रिपुदारण,इति,:रिपुदारणः,इति,
प्रवर्धमानोऽभूवम्,:प्रवर्धमानः,अभूवम्,
ममोपमाता,:मम,उपमाता,
पुनस्तयाऽत्र,:पुनः,तया,अत्र,
भवेऽपि,:भवे,अपि,
शैलराज,इति,:शैलराजः,इति,
स,च,:सः,च,
शिरभिरलङ्‌कृतः,:शिरभिः,अलङ्‌कृतः,
प्रीतिर्जाता,:प्रीतिः,जाता,
मामाश्रितः,:माम्,आश्रितः,
प्रभृत्यहं,:प्रभृति,अहं,
नाऽनमम्,:न,आनमम्,
आकाशदृष्टिरेवाऽचलं,:आकाशदृष्टिः,एव,अचलं,
तृणवदगणयम्,:तृणवत्,अगणयम्,
माधनोऽयं,:माधनः,अयं,
कुमारस्ततो,यद्,यद्,यद्,आदिशति,:कुमारः,ततः,यत्,यत्,यत्,आदिशति,
तत्तदेवाऽङ्गीकरणीयं,:तत्तदेव,अङ्गीकरणीयं,
नाऽस्य,:न,अस्य,
वचो,विलङ्घनेन,:वचः,विलङ्घनेन,
कार्यो,भविद्भिरिति,:कार्यः,भविद्भिः,इति,
भविद्भिरिति,:भविद्भिः,इति,
पितुरप्याधिकं,:पितुः,अपि,अधिकं,
शैलराजानुभावादेते,:शैलराजानुभावात्,एते,
वशंवदा,जज्ञिरे,:वशंवदाः,जज्ञिरे,
महानुभावोऽयमिति,:महानुभावः,अयम्,इति,
मामित्थं,:माम्,इत्थं,
तदनुभावाच्चाऽहं,:तदनुभावात्,च,अहं,
काष्टकील,इव,:काष्टकीलः,इव,
पाषाणस्तम्भ,इव,:पाषाणस्तम्भः,इव,
स्तब्धो,जातः,:स्तब्धः,जातः,
अथैकदाहं,:अथ,एकदा,अहं,
दुष्टभावनृपस्तस्य,:दुष्टभावनृपः,तस्य,
छद्मपैशुन्यद्रोहादिभयान्वितो,मया,:छद्मपैशुन्यद्रोहादिभयान्वितः,मया,
दृष्टस्तेनाऽहम्,:दृष्टः,तेन,अहम्,
भाषितो,मयाऽपि,:भाषितः,मया,अपि,
तत्प्रभृत्यहं,:तत्प्रभृति,अहं,
कृतानप्यपराधशतान्,:कृतानपि,अपराधशतान्,
सङ्गादनेकेऽनर्थाः,:सङ्गात्,अनेके,अनर्थाः,
उत्पद्यमानानेव,:उत्पद्यमानान्,एव,
पुण्योदयश्छिनत्ति,:पुण्योदयः,छिनत्ति,
पुण्योदयोपकारमहं,:पुण्योदयोपकारम्,अहं,
कलाग्रहणायाऽहं,:कलाग्रहणाय,अहं,
कलागुरोस्त्वया,:कलागुरोः,त्वया,
कार्यो,यथा,:कार्यः,यथा,
स्यादिति,:स्यात्,इति,
मयोक्तं,:मया,उक्तं,
किमेषोऽस्मत्तोऽप्यधिकं,:किम्,एषः,अस्मत्तः,अप्यधिकं,
गणयामीति,:गणयामि,इति,
मौनमाधाय,:मौनम्,आधाय,
रिपुदारणो,मानशीलस्ततो,मानशीलस्ततो,विनयप्रणिपातादिकमकुर्वाणोऽपि,:रिपुदारणः,मानशीलस्ततः,मानशीलस्ततः,विनयप्रणिपातादिकमकुर्वाणः,अपि,
विनयप्रणिपातादिकमकुर्वाणोऽपि,:विनयप्रणिपातादिकमकुर्वाणः,अपि,
नोपेक्षितव्यो,विभाव्य,:न,उपेक्षितव्यः,विभाव्य,
गर्वाध्मातमपि,:गर्वाध्मातम्,अपि,
सर्वा,अपि,:सर्वाः,अपि,
कला,मयि,:कलाः,मयि,
शिक्षार्थमुक्तोऽहं,:शिक्षार्थम्,उक्तः,अहं,
विनीयमानोऽपि,:विनीयमानः,अपि,
इत्याकर्ण्य,:इति,आकर्ण्य,
कलाचार्यस्तथा,:कलाचार्यः,तथा,
निर्भर्त्सितो,यथा,:निर्भर्त्सितः,यथा,
पुनरुत्तरमपि,:पुनः,उत्तरमपि,
शिक्षानुचितोऽयमिति,:शिक्षानुचितः,अयम्,इति,
नाऽस्य,:न,अस्य,
केनाऽपि,:केन,अपि,
वाच्यमिति,:वाच्यम्,इति,
विद्यार्थिनोऽपि,:विद्यार्थिनः,अपि,
निरंकुशोऽहं,:निरंकुशः,अहं,
कदाचिद्,गुरोरवर्णवादं,:कदाचित्,गुरोः,अवर्णवादं,
गुरोरवर्णवादं,:गुरोः,अवर्णवादं,
साक्षाद्,दृष्टापराधमप्यपलपामि,:साक्षात्,दृष्टापराधम्,अपि,अपलपामि,
दृष्टापराधमप्यपलपामि,:दृष्टापराधम्,अपि,अपलपामि,
नित्यापराधोद्विग्नेनोपाध्यायेनैकदा,:नित्यापराधोद्विग्नेन,उपाध्यायेन,एकदा,
कार्यमस्ति,:कार्यम्,अस्ति,
चेद्,गृहं,:चेत्,गृहं,
याहीति,:याहि,इति,
गृहमागतोऽहं,:गृहम,अगतः,अहं,
पृष्टश्च,:पृष्टः,च,
कियदधीतं,:कियत्,अधीतं,
साधिताश्च,:साधिताः,च,
द्वासप्ततिरपि,:द्वासप्ततिः,अपि,
मये"त्याकर्ण्य,:मया,"इत्याकर्ण्य,
पुनर्मां,:पुनः,मां,
तथेत्युक्त्वा,:तथा,इत्युक्त्वा,
निर्गतोऽहं,:निर्गतः,अहं,
पृष्टो,मया,:पृष्टः,मया,
मृषावादो,चाऽतः,:मृषावादः,च,अतः,
चाऽतः,:च,अतः,
कुतस्त्वयेदृग्विधाऽचिन्त्यशक्तिर्लेभे,:कुतः,त्वया,ईदृक्,विधाऽचिन्त्यशक्तिः,लेभे,
तवानुभावात्,:तव,अनुभावात्,
मूर्खा,अपि,:मूर्खाः,अपि,
निर्गुणा,अपि,:निर्गुणाः,अपि,
नृपो,मूढता,:नृपः,मूढता,
प्रतिपन्नास्ति,:प्रतिपन्ना,अस्ति,
मयापीदृशी,:मयापि,ईदृशी,
शक्तिर्लब्धास्ति,:शक्तिः,लब्धा,अस्ति,
तवाऽपीदृग्शक्तिलाभे,:तव,अपि,ईदृक्,शक्तिलाभे,
वाञ्छाऽस्ति,:वाञ्छा,अस्ति,
सेवस्वाऽन्यान्यपि,:सेवस्व,अन्य,अन्यपि,
तत्राऽहं,:तत्र,अहं,
मायामपि,:मायाम्,अपि,
तद्वाक्यमङ्गीकृत्याऽहं,:तद्वाक्यम्,अङ्गीकृत्य,अहं,
'नरवाहननृपाङ्गजो,रिपुदारणकुमारः,:'नरवाहननृपाङ्गजः,रिपुदारणकुमारः,
कलापात्रमस्ति,:कलापात्रम्,अस्ति,
परीक्ष्याऽहं,:परीक्ष्या,अहं,
तद्वाक्यमङ्गीकृत्य,:तद्वाक्यम्,अङ्गीकृत्य,
नरकेशरीनृपो,बहुपरिवारान्वितो,बहुपरिवारान्वितो,नरसुन्दरीमादाय,:नरकेशरीनृपः,बहुपरिवारान्वितः,बहुपरिवारान्वितः,नरसुन्दरीम्,आदाय,
नरसुन्दरीमादाय,:नरसुन्दरीम्,आदाय,
सिद्धार्थपुरमायातसत्द्वृत्तान्तश्रवणेन,:सिद्धार्थपुरम्,आयातसत्द्वृत्तान्तश्रवणेन,
प्रमुदितो,नरवाहनो,नरवाहनो,यथोचितप्रतिपत्त्या,:प्रमुदितः,नरवाहनः,नरवाहनः,यथोचितप्रतिपत्त्या,
नरवाहननृपो,मां,:नरवाहननृपः,मां,
सहाऽऽदाय,:सह,आदाय,
पित्राऽऽकारितो,महामतिर्नाम,:पित्रा,आकारितः,महामतिः,नाम,
महामतिर्नाम,:महामतिः,नाम,
मत्कलाचार्योऽप्यागत्य,:मत्कलाचार्यः,अपि,आगत्य,
नृपान्तिकमुपविष्टः,:नृपान्तिकम्,उपविष्टः,
नरकेशरिनृपोऽपि,:नरकेशरिनृपः,अपि,
सपरिकरस्तत्राऽऽगतः,:सपरिकरः,तत्र,आगतः,
रम्भामुपहसन्ती,:रम्भाम्,उपहसन्ती,
सभायामागत्य,:सभायाम्,आगत्य,
ममाऽभिमुखमुपविष्टा,:मम,अभिमुखम्,उपविष्टा,
कटाक्षवीक्षणादेव,:कटाक्षवीक्षणात्,एव,
प्रमोदोत्पुलकोऽभूवम्,:प्रमोदोत्पुलकः,अभूवम्,
कश्चिच्छास्त्रवार्ताविनोदः,:कश्चित्,शास्त्रवार्ताविनोदः,
सभाजनोऽयं,:सभाजनः,अयं,
त्वद्वाक्पीयूषपानेनेति,:त्वत्,वाक्पीयूषपानेन,इति,
सर्वेऽप्यहो,:सर्वेऽपि,अहो,
किमभिधाष्यति,:किम्,अभिधाष्यति,
श्रवणोत्सुका,जाताः,:श्रवणोत्सुकाः,जाताः,
सर्वा,विस्मारिताः,:सर्वाः,विस्मारिताः,
अधुनाऽत्र,:अधुना,अत्र,
किमुत्तरं,:किम्,उत्तरं,
शुष्यत्तालुगलकस्तत्कालमेव,:शुष्यत्तालुगलकः,तत्कालम्,एव,
मृतावस्थोऽभूवम्,:मृतावस्थः,अभूवम्,
नरसुन्दरीनरकेशरिप्रभृतयो,विलक्षा,विलक्षा,जाताः,:नरसुन्दरीनरकेशरिप्रभृतयः,विलक्षाः,विलक्षाः,जाताः,
किमेतत्,:किम्,एतत्,
कुमारस्तु,:कुमारः,तु,
मृषावादाऽभिमानयोर्विलसिते,:मृषावादाऽभिमानयोः,विलसिते,
विशारदोऽस्ति,:विशारदः,अस्ति,
विद्यायास्तु,:विद्यायाः,तु,
गन्धमात्रमपि,:गन्धमात्रम्,अपि,
सर्वमपि,:सर्वम्,अपि,
मच्चरितं,:मत्,चरितं,
तच्छ्रुत्वा,:तत्,श्रुत्वा,
लज्जावदनो,नृपः,:लज्जावदनः,नृपः,
इत्युक्त्वा,:इति,उक्त्वा,
सर्वोऽपि,:सर्वः,अपि,
मामुपहसन्,:माम्,उपहसन्,
सावधानो,भूत्वा,:सावधानः,भूत्वा,
गृहमायातः,:गृहम्,आयातः,
स,दिवसोऽतिक्रान्तः,:सः,दिवसः,अतिक्रान्तः,
दिवसोऽतिक्रान्तः,:दिवसः,अतिक्रान्तः,
मदाश्रितस्याऽस्य,:मदाश्रितस्य,अस्य,
रिपुदारणस्यैव,:रिपुदारणस्य,एव,
विद्यमानेऽपि,:विद्यमाने,अपि,
चेदेनं,:चेत्,एनं,
किञ्चदन्यं,:किञ्चत्,अन्यं,
सहाय्येनेति,:सहाय्येन,इति,
हृदयमधिष्ठितस्तदनुभावाच्च,:हृदयम्,अधिष्ठितः,तदनुभावात्,च,
नरकेशरिण,एवं,:नरकेशरिणः,एवं,
बुद्धिर्जाता,:बुद्धिः,जाता,
यदहं,:यत्,अहं,
विवाहार्थमत्रऽऽगतः,:विवाहार्थम्,अत्र,आगतः,
प्राप्तस्ततो,यदि,:प्राप्तः,ततः,यदि,
कन्यामदत्त्वैव,:कन्याम्,अदत्त्वा,एव,
एतेषामस्माकं,:एतेषाम्,अस्माकं,
चोभयेषामप्युपहासो,लघुता,:च,उभयेषाम्,अपि,उपहासः,लघुता,
स्यादिति,:स्यात्,इति,
नरकेशरिणोक्तं,:नरकेशरिणा,उक्तं,
उद्वाहितश्चाऽहम्,:उद्वाहितः,च,अहम्,
इत्याकर्णनाज्जातप्रमोदेन,:इति,आकर्णनात्,जातप्रमोदेन,
प्रारब्धो,महामहः,:प्रारब्धः,महामहः,
उद्वाहितश्चाऽहम्,:उद्वाहितः,च,अहम्,
प्राप्तो,नरकेशरी,:प्राप्तः,नरकेशरी,
मन्यमानो,नवनवभोगान्,:मन्यमानः,नवनवभोगान्,
एवमन्योन्यदृढप्रणयासक्तयोरावयोर्नानाभोगभङ्गिभिः,:एवम्,अन्योन्यदृढप्रणयासक्तयोः,आवयोः,नानाभोगभङ्गिभिः,
कानिचिद्,वर्षाणि,:कानिचित्,वर्षाणि,
यदावयोः,:यदा,आवयोः,
रिपुदारणस्तु,:रिपुदारणः,तु,
नरसुन्दरीस्नेहासक्तो,नाऽस्माकं,:नरसुन्दरीस्नेहासक्तः,न,अस्माकं,
नाऽस्माकं,:न,अस्माकं,
स्मरत्यपि,:स्मरति,अपि,
ततो,येन,:ततः,येन,
केनोपायेनाऽस्य,:केन,उपायेन,अस्य,
स,उपायः,:सः,उपायः,
मृषावादेनोक्तम्,:मृषावादेन,उक्तम्,
त्वेतत्कार्यचिन्तयन्नेवाऽस्मि,:तु,एतत्,कार्यचिन्तयन्,एव,अस्मि,
अथैकदा,:अथ,एकदा,
मयोक्तं,:मया,उक्तं,
विद्यास्तु,:विद्याः,तु,
सर्वा,अपि,:सर्वाः,अपि,
वदतो,मे,:वदतः,मे,
स्यादिति,:स्यात्,इति,
ध्यात्वाऽहं,:ध्यात्वा,अहं,
मौनमालम्बितः,:मौनम्,आलम्बितः,
मदभिप्रायं,:मत्,अभिप्रायं,
पुनर्लीलयोक्तं,:पुनः,लीलया,उक्तं,
ततो,मयाऽहङ्‌कारवशात्,:ततः,मया,अहङ्‌कारवशात्,
मयाऽहङ्‌कारवशात्,:मया,अहङ्‌कारवशात्,
तद्,याहि,:तत्,याहि,
पण्डितो,भवति,:पण्डितः,भवति,
तमेवाऽङ्गीकुरु,:तम्,एव,अङ्गीकुरु,
मातुर्विमलमालत्याः,:मातुः,विमलमालत्याः,
माताऽपि,:माता,अपि,
तामाश्वास्य,:ताम्,आश्वास्य,
मदन्तिकमागत्य,:मदन्तिकम्,आगत्य,
मामुवाच,:माम्,उवाच,
प्रियाया,निरपराधावगणनम्,:प्रियायाः,निरपराधागणनम्,
त्वद्विरहाऽसहा,:त्वत्,विरहा,असहा,
तदिमामाश्वासय,:तत्,इमाम्,आश्वासय,
मानमित्यादि,:मानम्,इत्यादि,
माताऽपि,:माता,अपि,
कठोरवाक्यैरवगणिता,:कठोरवाक्यैः,अवगणिता,
पुनर्मातुरादेशात्,:पुनः,मातुः,आदेशात्,
तत्राऽऽगत्य,:तत्र,आगत्य,
मेऽपराधं,:मे,अपराधं,
इत्थमपराधं,:इत्थम्,अपराधं,
पादयोर्निपत्य,:पादयोः,निपत्य,
मामनुनेतुं,:माम्,अनुनेतुं,
पादेनऽऽहत्य,:पादेन,आहत्य,
स्वगृहाद्,बहिः,:स्वगृहात्,बहिः,
कमप्युपायमलभमाना,:कमपि,उपायम्,अलभमाना,
यावद्,द्वारि,:यावत्,द्वारि,
शून्यचित्तेव,:शून्यचित्ता,इव,
क्वेयं,:क्व,इयं,
यातीति,:याति,इति,
विचिन्त्याऽहमपि,:विचिन्त्य,अहमपि,
तामन्वगमम्,:ताम्,अन्वगमम्,
सूर्योऽस्तं,:सूर्यः,अस्तं,
तत्रोर्ध्वदारुणि,:तत्र,ऊर्ध्वदारुणि,
पाशमासूत्र्य,:पाशम्,आसूत्र्य,
ममाऽनुशयलवो,नोदपद्यत,:मम,अनुशयलवः,न,उदपद्यत,
नोदपद्यत,:न,उदपद्यत,
तत्राऽऽयाता,:तत्र,आयाता,
तथाऽप्यहं,:तथापि,अहं,
काष्ठकील,इव,:काष्ठकीलः,इव,
स्तब्ध,एव,:स्तब्धः,एव,
मामेवं,:माम्,एवं,
दुष्टमयोग्यं,:दुष्टम्,अयोग्यं,
पुण्योदयोऽत्यन्तक्षीणाऽङ्गोऽभवत्,:पुण्योदयः,अत्यन्तक्षीणाऽङ्गः,अभवत्,
तत्राऽऽगता,:तत्र,आगता,
तयोर्मृतावस्थां,:तयोः,मृतावस्थां,
जना,समागताः,:जनाः,समागताः,
चन्द्रोदयो,जातो,:चन्द्रोदयः,जातो,
सर्वैर्ममाकार्यं,:सर्वैः,मम,अकार्यं,
दृष्टश्चाऽहं,:दृष्टः,च,अहं,
पिशाच,इव,:पिशाचः,इव,
भर्त्सितो,नानापवादभङ्गिभिस्तैः,:भर्त्सितः,नानापवादभङ्गिभिः,तैः,
नानापवादभङ्गिभिस्तैः,:नानापवादभङ्गिभिः,तैः,
युज्यतेऽस्य,:युज्यते,अस्य,
राजाऽपि,:राजा,अपि,
सञ्जातव्यसनस्तत्रागत्य,:सञ्जातव्यसनः,तत्र,आगत्य,
तयोर्मृतकार्यं,:तयोः,मृतकार्यं,
चाऽयोग्यं,:च,अयोग्यं,
कियद्दिनातिक्रमे,:कियत्,दिनातिक्रमे,
तत्रोद्याने,:तत्र,उद्याने,
संसारपारावारप्रवहणप्राया,अनेकसाधुगणसहिता,अनेकसाधुगणसहिता,विचक्षणनामाचार्या,विचक्षणनामाचार्या,दृष्टाः,:संसारपारावारप्रवहणप्रायाः,अनेकसाधुगणसहिताः,अनेकसाधुगणसहिताः,विचक्षणनामाचार्याः,विचक्षणनामाचार्याः,दृष्टाः,
तद्दर्शनाज्जातपरमानन्दो,नृपः,:तद्दर्शनात्,जातपरमानन्दः,नृपः,
प्रणम्योपविष्टस्तदवसरेऽन्येऽपि,:प्रणम्य,उपविष्टः,तदवसरे,अन्ये,अपि,
पुरजना,निविष्टाः,:पुरजनाः,निविष्टाः,
संसारिजीवो,वक्ति,:संसारिजीवः,वक्ति,
पर्यटंस्तत्राऽऽगतः,:पर्यटन्,तत्र,आगतः,
कौतुकप्रेक्षार्थमुपविष्टः,:कौतुकप्रेक्षार्थम्,उपविष्टः,
शरणीकुरुत,",:शरणीकुरुतः,",
केचिच्च,:केचित्,च,
तारुण्य,एव,:तारुण्ये,एव,
संसारमसारं,:संसारम्,असारं,
व्रतमाददे,:व्रतम्,आददे,
सूरिराह,:सूरिः,आह,
अस्मच्चरितं,:अस्मत्,चरितं,
त्वदभिलाषपूर्त्तये,:त्वत्,अभिलाषपूर्त्तये,
अस्त्यनाद्यनन्तं,:अस्ति,अनादि,अनन्तं,
मलसञ्चयो,राजा,:मलसञ्चयः,राजा,
शुभोदयाऽशुभोदयनामानौ,:शुभोदय,अशुभोदयनामानौ,
विचक्षणश्च,:विचक्षणः,च,
विचक्षणस्तु,:विचक्षणः,तु,
स्वभावादेव,:स्वभावात्,एव,
जितेन्द्रियो,जडस्तु,:जितेन्द्रियः,जडः,तु,
इन्द्रियलोलुपोऽविनयी,:इन्द्रियलोलुपः,अविनयी,
गर्वाऽसूयाभिधाद्यङ्ख्यदोषाकीर्णः,:गर्व,असूयाभिधादि,असङ्ख्यदोषाकीर्णः,
द्वावपि,:द्वौ,अपि,
मलक्षयो,राजा,:मलक्षयः,राजा,
साऽन्यदा,:सा,अन्यदा,
स्वपुत्रो,विमर्शनामा,:स्वपुत्रः,विमर्शनामा,
प्रहितो,बुद्धिसविधं,:प्रहितः,बुद्धिसविधं,
अत्राऽवसरे,:अत्र,अवसरे,
विमर्शोऽपि,:विमर्शः,अपि,
विचक्षणो,जडश्च,:विचक्षणः,जडः,च,
जडश्च,:जडः,च,
द्वावपि,:द्वौ,अपि,
रक्तवर्णाऽतिचपला,:रक्तवर्णा,अतिचपला,
जडस्तु,:जडः,तु,
विचक्षणस्तु,:विचक्षणः,तु,
अतिचपलाऽसौ,:अतिचपला,असौ,
कुशीलेति,:कुशीला,इति,
हस्तेनाकृष्य,:हस्तेन,आकृष्य,
तस्या,दासी,:तस्याः,दासी,
पार्श्वमेत्य,:पार्श्वम्,एत्य,
सत्स्वामिनीमवगण्य,:सत्स्वामिनीम्,अवगण्य,
तदाश्वासयतां,:तदा,आश्वासयतां,
तत्राऽऽगत्येति,:तत्रा,आगत्य,इति,
तद्वाक्याज्जडो,विचक्षणमाकृष्याऽऽगतस्तत्पार्श्वं,:तद्वाक्यात्,जडः,विचक्षणम्,आकृष्य,आगतः,तत्पार्श्वं,
विचक्षणमाकृष्याऽऽगतस्तत्पार्श्वं,:विचक्षणम्,आकृष्य,आगतः,तत्पार्श्वं,
लोलतेति,:लोलता,इति,
बलादसंव्यवहारनगरान्निर्गत्यैकेन्द्रियपुरे,:बलात्,असंव्यवहारनगरात्,निर्गत्य,एकेन्द्रियपुरे,
परिणायिताऽस्ति,:परिणायिता,अस्ति,
एवाऽभूवम्,:एव,अभूवम्,
मूर्च्छितैषा,:मूर्च्छिता,एषा,
तद्वाक्यैर्लुब्धेन,:तद्वाक्यैः,लुब्धेन,
कर्मपरिणामसम्बन्धिनीयं,:कर्मपरिणामसम्बन्धिनी,इयं,
ततो,न,:ततः,न,
स्नेहकारणोचितेति,:स्नेहकारणोचिता,इति,
लोकरीत्याऽऽदृता,:लोकरीत्या,आदृता,
सर्वथाऽपि,:सर्वथा,अपि,
जडस्तु,:जडः,तु,
लोलताप्रेरितो,द्राक्षागुडशर्करादुग्धदधिघृतमधुमद्यमांसादिभिर्विविधाऽशनपानखादिमस्वादिमैर्नित्यं,:लोलताप्रेरितः,द्राक्षागुडशर्करादुग्धदधिघृतमधुमद्यमांसादिभिः,विविध,अशनपानखादिमस्वादिमैः,नित्यं,
द्राक्षागुडशर्करादुग्धदधिघृतमधुमद्यमांसादिभिर्विविधाऽशनपानखादिमस्वादिमैर्नित्यं,:द्राक्षागुडशर्करादुग्धदधिघृतमधुमद्यमांसादिभिः,विविध,अशनपानखादिमस्वादिमैः,नित्यं,
प्रमोदमाप्नोति,:प्रमोदम्,आप्नोति,
विचक्षणस्तु,:विचक्षणः,तु,
रसनाया,आहारादिकं,:रसनायाः,आहारादिकं,
दूरत,एव,:दूरतः,एव,
प्रशंसाऽभूत्,:प्रशंसा,अभूत्,
जडस्तु,:जडः,तु,
रसनालोलताधीनो,मृगयाद्यकार्यं,:रसनालोलताधीनः,मृगयादि,अकार्यं,
मृगयाद्यकार्यं,:मृगयादि,अकार्यं,
लोकेऽपवादपदं,:लोके,अपवादपदं,
स्वमातुरयोग्यतायाः,:स्वमातुः,अयोग्यतायाः,
तयोक्तं,:तया,उक्तं,
सम्यग्,आश्वासितव्या,:सम्यक्,आश्वासितव्या,
लोलतादिशति,:लोलता,आदिशति,
भविष्यतीति,:भविष्यति,इति,
मातुरादेशाद्,विशेषेणाऽभक्ष्याऽपेयादिदानेन,:मातुः,आदेशात्,विशेषेण,अभक्ष्य,अपेयादिदानेन,
विशेषेणाऽभक्ष्याऽपेयादिदानेन,:विशेषेण,अभक्ष्य,अपेयादिदानेन,
लोलतावशो,जडस्तां,:लोलतावशः,जडः,तां,
जडस्तां,:जडः,तां,
विचक्षणेनापि,:विचक्षणेन,अपि,
स्वमातुश्चारुतायाः,:स्वमातुः,चारुतायाः,
पुरो,रसनागमनं,:पुरः,रसनागमनं,
स्वस्यानादारत्वं,:स्वस्य,अनादारत्वं,
अस्यामज्ञातकुलशीलायां,:अस्याम्,अज्ञातकुलशीलायां,
स्त्रियामनादर,एव,:स्त्रियाम्,अनादरः,एव,
परन्त्वेतस्या,येन,:परन्तु,एतस्याः,येन,
तेनोपायेन,:तेन,उपायेन,
रसनाया,मूलशुद्ध्यर्थं,:रसनायाः,मूलशुद्ध्यर्थं,
विमर्शाख्यो,बुद्धेर्भ्राता,:विमर्शाख्यः,बुद्धेर्भ्राता,
द्वावपि,:द्वौ,अपि,
वर्षमवधीकृत्य,:वर्षम्,अवधीकृत्य,
बाह्यनगराण्यवलोकितानि,:बाह्यनगराणि,अवलोकितानि,
शुद्धिर्न,:शुद्धिः,न,
तदाऽन्तरङ्गनगराणि,:तदा,अन्तरङ्गनगराणि,
तन्नगरं,:तत्,नगरं,
जनरहितमपि,:जनरहितम्,अपि,
तदस्य,:तत्,अस्य,
भविष्यतीति,:भविष्यति,इति,
स,प्राह,:सः,प्राह,
राजसचित्तमिदं,:राजसचित्तम्,इदं,
स,तु,:सः,तु,
चाऽऽदाय,:च,आदाय,
सन्तोषमभिषेणयितुं,:सन्तोषम्,अभिषेणयितुं,
गतोऽस्ति,:गतः,अस्ति,
गतोऽनन्ताऽनन्तः,:गतः,अनन्ताऽनन्तः,
कालस्तथापि,:कालः,तथापि,
मिथ्याभिमान,नामा,:मिथ्याभिमानः,नामा,
सैन्येऽभूवं,:सैन्ये,अभूवं,
नगररक्षार्थमिहाऽऽगत्य,:नगररक्षार्थम्,इह,आगत्य,
स्थितोऽस्मि,:स्थितः,अस्मि,
वैरकारणमिति,:वैरकारणम्,इति,
विषयाभिलाषनामाऽमात्योऽस्ति,:विषयाभिलाषनामा,अमात्यः,अस्ति,
स्वस्याऽपत्यानि,:स्वस्य,अपत्यानि,
जगद्विजयायाऽऽदिष्टानि,:जगत्,विजयाय,आदिष्टानि,
शक्रादयोऽपि,:शक्रादयः,अपि,
राज्ञो,वशंवदाश्चक्रिरे,:राज्ञः,वशंवदाः,चक्रिरे,
वशंवदाश्चक्रिरे,:वशंवदाः,चक्रिरे,
सन्तोषस्तु,:सन्तोषः,तु,
प्रस्थापयतीत्येतद्वैरकारणमिति,:प्रस्थापयति,इति,एतत्,वैरकारणम्,इति,
यदहो,:यत्,अहो,
रसनाया,मूलशुद्धिस्तु,:रसनायाः,मूलशुद्धिः,तु,
मूलशुद्धिस्तु,:मूलशुद्धिः,तु,
विलोक्यतेऽस्याः,:विलोक्यते,अस्याः,
मोहादीनामैश्वर्याभोगमिति,:मोहादीनाम्,ऐश्वर्याभोगम्,इति,
पुनस्ताभ्यां,:पुनः,ताभ्यां,
क्वास्ति,:क्व,अस्ति,
सेनानिवेश,इति,:सेनानिवेशः,इति,
मिथ्याभिमानेन,:मिथ्या,अभिमानेन,
माभूतां,:मा,अभूतां,
हेरिकावेतावित्याशङ्क्य,:हेरिकावेतौ,इति,आशङ्क्य,
किञ्चिद्,बभाषे,:किञ्चित्,बभाषे,
कृतमनेन,:कृतम्,अनेन,
गम्यतामग्रे,:गम्यताम्,अग्रे,
तच्छुद्धिरिति,:तच्छुद्धिः,इति,
क्रमादायातौ,:क्रमात्,आयातौ,
तत्पुरमपि,:तत्पुरम,अपि,
शून्यमवलोक्येतस्ततः,:शून्यम्,अवलोक्य,इतस्ततः,
पश्यद्भ्यामेकः,:पश्यद्भ्याम्,एकः,
पुमानदर्शि,:पुमान्,अदर्शि,
तमनुसृत्य,:तम्,अनुसृत्य,
स,पुमानाह,:सः,पुमान्,आह,
पुमानाह,:पुमान्,आह,
शोक,इति,:शोकः,इति,
तामसचित्ताख्यमिदं,:तामसचित्ताख्यम्,इदं,
स्वपरिजनमादाय,:स्वपरिजनम्,आदाय,
गतोऽस्ति,:गतः,अस्ति,
साऽत्यन्तं,:सा,अत्यन्तं,
परमवल्लभाऽस्ति,:परमवल्लभा,अस्ति,
श्वश्र्वास्तथा,:श्वश्र्वाः,तथा,
मूढताया,ज्येष्ठयातुः,:मूढतायाः,ज्येष्ठयातुः,
सहाऽऽगन्तुकामामपि,:सह,आगन्तुकामाम्,अपि,
तामापन्नसत्त्वां,:ताम्,आपन्नसत्त्वां,
द्वेषगजेन्द्रनृपो,निवर्त्त्य,:द्वेषगजेन्द्रनृपः,निवर्त्त्य,
वैश्वानराभिधः,:वैश्वानर,अभिधः,
प्रसूतोऽभूत्,:प्रसूतः,अभूत्,
पुनरिदानीमप्यन्तरांतरायातद्वेषगजेन्द्रसंयोगादन्योऽपि,:पुनः,इदानीम्,अपि,अन्तरांतरायातद्वेषगजेन्द्रसंयोगात्,अन्यः,अपि,
शैलराजाभिधस्तया,:शैलराजाभिधः,तया,
जातोऽस्तीति,:जातः,अस्ति,इति,
संसारिजीवो,वक्ति,:संसारिजीवः,वक्ति,
प्रयोजनेनायाता,:प्रयोजनेन,आयाता,
इत्यूचे,:इति,ऊचे,
त्वेतदत्र,:तु,एतत्,अत्र,
अथाऽत्र,:अथ,अत्र,
विचक्षणसूरिमुखादविवेकितादिस्वरूपं,:विचक्षणसूरिमुखात्,अविवेकितादिस्वरूपं,
स,प्राह,:सः,प्राह,
तदाऽज्ञानवशात्,:तदा,अज्ञानवशात्,
पुनरगृहीतसंकेतयाग्रेतन,:पुनः,अगृहीतसंकेतया,अग्रेतन,
यदहो,:यत्,अहो,
नृपेणाऽत्र,:नृपेण,अत्र,
नियुक्तोऽसि,:नियुक्तः,असि,
किमुताऽन्यस्मै,:किमुता,अन्यस्मै,
कार्यायेहागतोऽसीति,:कार्याय,इह,आगतः,असि,इति,
महाभटो,नियुक्तोऽस्ति,:महाभटः,नियुक्तः,अस्ति,
नियुक्तोऽस्ति,:नियुक्तः,अस्ति,
सख्यमस्ति,:सख्यम्,अस्ति,
ततस्तत्,:ततः,तत्,
मिलनायाऽधुना,:मिलनाय,अधुना,
चित्तवृत्त्यटव्यां,:चित्तवृत्ति,अटव्यां,
स्कन्धावारोऽस्ति,:स्कन्धावारः,अस्ति,
समायातोऽस्मि,:समायातः,अस्मि,
वारस्थितिनिर्णयमासाद्य,:वारस्थितिनिर्णयम्,आसाद्य,
चित्तवृत्त्यटव्यां,:चित्तवृत्ति,अटव्यां,
साऽटवी,:सा,अटवी,
राजसचित्ततामसचित्तपुरयोरन्तरालात्,:राजसचित्ततामसचित्तपुरयोः,अन्तरालात्,
विकथाश्रोतःपतितकषायपूरमज्जदनन्तसंसारिसत्त्वसन्दोहा,:विकथाश्रोतःपतितकषायपूरमज्जत्,अनन्तसंसारिसत्त्वसन्दोहा,
विविधविषयव्यापारवीचिमालामिलद्,भावहायादियादोगणैर्दुरवगाहा,:विविधविषयव्यापारवीचिमालामिलत्,भावहायादियादोगणैः,दुरवगाहा,
भावहायादियादोगणैर्दुरवगाहा,:भावहायादियादोगणैः,दुरवगाहा,
तस्या,अनवधानताभिधपुलिने,:तस्याः,अनवधानताभिधपुलिने,
तृष्णाख्याया,विशालवेदिकायाः,:तृष्णाख्यायाः,विशालवेदिकायाः,
महाप्रतापभासुरोऽयं,:महाप्रतापभासुरः,अयं,
महामोहराजो,दर्शनादेवोपलक्षितो,दर्शनादेवोपलक्षितो,मया,:महामोहराजः,दर्शनात्,एव,उपलक्षितः,दर्शनात्,एव,उपलक्षितः,मया,
उपलक्षयैतस्य,:उपलक्षय,एतस्य,
स्थितोऽस्ति,:स्थितः,अस्ति,
अस्याऽऽज्ञावशंवदा,:अस्य,आज्ञावशंवदा,
रागादिभिर्यथेच्छं,:रागादिभिः,यथेच्छं,
विनाट्यन्ते,:विना,अट्यन्ते,
देवत्वबुद्धिस्तथाऽष्टादशदोषनिर्मुक्तेषु,:देवत्वबुद्धिस्तथा,अष्टादशदोषनिर्मुक्तेषु,
सर्वज्ञेष्वदेवबुद्धिर्या,:सर्वज्ञेषु,अदेवबुद्धिः,या,
चाऽगुरुत्वबुद्धिः,:च,अगुरुत्वबुद्धिः,
धर्मबुद्धिर्या,:धर्मबुद्धिः,या,
सम्यक्त्वदेशविरतिसर्वविरत्यादिष्वधर्मबुद्धिस्तथा,:सम्यक्त्वदेशविरतिसर्वविरत्यादिषु,अधर्मबुद्धिः,तथा,
सर्वज्ञोपदिष्टमार्गं,:सर्वज्ञः,उपदिष्टमार्गं,
विहायाऽन्येषु,:विहाय,अन्येषु,
यच्च,:यत्,च,
सर्वमप्यस्याऽचिन्त्यशक्तेर्विजृम्भितं,:सर्वमपि,अस्याः,अचिन्त्यशक्तेः,विजृम्भितं,
दक्षिणाङ्गेऽभ्यर्णं,:दक्षिणाङ्गे,अभ्यर्णं,
निविष्टोऽसौ,:निविष्टः,असौ,
महाबाहुर्महामोहस्य,:महाबाहुः,महामोहस्य,
ज्येष्ठपुत्रो,रागकेशरी,:ज्येष्ठपुत्रः,रागकेशरी,
कामरागस्नेहरागकुदृष्टिरागाख्यै,एभिस्त्रिभिर्नृपैर्युतः,:कामरागस्नेहरागकुदृष्टिरागाख्यैः,एभिः,त्रिभिः,नृपैः,युतः,
एभिस्त्रिभिर्नृपैर्युतः,:एभिः,त्रिभिः,नृपैः,युतः,
चाऽस्य,:च,अस्य,
साऽस्य,:सा,अस्य,
एभिनृपैर्मूढतादेव्या,:एभिः,नृपैः,मूढतादेव्या,
सहितोऽसद्वस्तुष्वपि,:सहितः,असत्,वस्तुषु,अपि,
प्रीतिमुत्पादयति,:प्रीतिम्,उत्पादयति,
चाऽस्य,:च,अस्य,
स्वपितुर्महामोहस्य,:स्वपितुः,महामोहस्य,
निविष्टो,द्वेषगजेन्द्रराजः,:निविष्टः,द्वेषगजेन्द्रराजः,
यश्चिरकालीनमपि,:यः,चिरकालीनम्,अपि,
क्षणाद्,वित्रोटयितुं,:क्षणात्,वित्रोटयितुं,
परमवल्लभोऽसौ,:परमवल्लभः,असौ,
दुष्टाभिसन्धिनृपगृहेऽस्तीति,:दुष्टाभिसन्धिनृपगृहे,अस्ति,इति,
शोकेनोक्तमभूत्,:शोकेन,उक्तम्,अभूत्,
पुनर्विमर्शः,:पुनः,विमर्शः,
महासुन्दराकृतिर्धनुष्मान्पञ्चकव्यग्रहस्तः,:महासुन्दराकृतिः,धनुष्मान्,पञ्चकवी,अग्रहस्तः,
प्रवर्धितोत्साहः,:प्रवर्धित,उत्साहः,
पार्वत्यग्रे,:पार्वती,अग्रे,
विष्णुश्च,:विष्णुः,च,
गोपवधूजनपादपतनादिभिर्बहुधा,:गोपवधूजनपादपतनादिभिः,बहुधा,
विनाटितः,:विना,अटितः,
निर्बीजीकृत्याऽनेन,:निर्बीजीकृत्य,अनेन,
दास्यविधायिनो,विहिताः,:दास्यविधायिनः,विहिताः,
यच्च,:यत्,च,
कुलवध्वोऽपि,:कुलवध्वः,अपि,
यच्च,:यत्,च,
कुलीना,अपि,:कुलीनाः,अपि,
विधवामधमजातिप्रायां,:विधवाम्,अधमजातिप्रायां,
यच्च,:यत्,च,
कामसेवामभिलषन्ति,:कामसेवाम्,अभिलषन्ति,
तदेतस्य,:तदा,एतस्य,
कामदेवस्याऽचिन्त्यशक्तिविलसितं,:कामदेवस्य,अचिन्त्यशक्तिविलसितं,
पुनर्मोहनृपस्य,:पुनः,मोहनृपस्य,
हासाभिधोऽयं,:हासाभिधः,अयं,
चाऽस्य,:च,अस्य,
चाऽरतिर्नाम,:च,आरतिः,नाम,
जनस्योद्वेगं,:जनस्य,उद्वेगं,
चाऽस्य,:च,अस्य,
य,आवयोर्दृष्टपूर्वस्तामसचित्तपुरात्,:यः,आवयोः,दृष्टपूर्वः,ताम्,असचित्तपुरात्,
आवयोर्दृष्टपूर्वस्तामसचित्तपुरात्,:आवयोः,दृष्टपूर्वः,ताम्,असचित्तपुरात्,
आयातो,दृश्यते,:आयातः,दृश्यते,
पार्श्वेऽस्य,:पार्श्वे,अस्य,
शिरःस्फोटाऽऽक्रन्दहृदयघातादिकं,:शिरःस्फोटा,आक्रन्दहृदयघातादिकं,
त्वेषा,:तु,एषा,
पञ्चाऽपि,:पञ्च,अपि,
पुनर्विलोकय,:पुनः,विलोकय,
चाऽमूनि,:च,अमूनि,
अनन्तानुबन्धीति,:अनन्तानुबन्धी,इति,
सामान्याऽपरनामकानि,:सामान्य,अपरनामकानि,
एतदाश्रिताः,:एतत्,आश्रिताः,
सम्यक्त्वसङ्गं,:सम्यक्तु,असङ्गं,
नाऽऽसादयन्ति,:न,आसादयन्ति,
इतोऽन्यानि,:इतः,अन्यानि,
अथाऽप्रत्याख्यानिकेति,:अथ,अप्रत्याख्यानिकेति,
एतद्,वशात्,:एतत्,वशात्,
प्राणिनो,देशविरतिरूपं,:प्राणिनः,देशविरतिरूपं,
सर्वविरत्याख्यपुरप्रस्थाने,:सर्वविरति,आख्यपुरप्रस्थाने,
सञ्ज्वलनेति,:सञ्ज्वलना,इति,
अतीचाराद्युपप्लवकराणि,:अतीचारादि,उपप्लवकराणि,
एवमेषु,:एवम्,एषु,
एवमष्टावपि,:एवम्,अष्टौ,अपि,
द्वेषगजेन्द्रापत्यानि,:द्वेषगजेन्द्र,अपत्यानि,
तान्यष्टावपि,:तानि,अष्टौ,अपि,
रागकेशरिराजस्यापत्यानि,:रागकेशरिराजस्य,अपत्यानि,
षोडशाऽपि,:षोडशा,अपि,
कषाया,महामोहराज्यपौत्राः,:कषायाः,महामोहराज्यपौत्राः,
सामान्येनेदं,:सामान्येन,इदं,
विशेषतस्तेषामेकैकस्याऽचिन्त्यशक्तिकं,:विशेषतः,तेषाम्,एकैकस्य,अचिन्त्यशक्तिकं,
को,निरूपयति?,:कः,निरूपयति?,
पुरतस्ताम्बूलमण्डितमुखः,:पुरतः,तम्बूलमण्डितमुखः,
पञ्चाऽपीन्द्रियविषयान्,:पञ्च,अपि,इन्द्रियविषयान्,
भुञ्जानो,विषयाभिलाषनामा,:भुञ्जानः,विषयाभिलाषनामा,
चाऽर्धाङ्गनीयं,:च,अर्धाङ्गनी,इयं,
भक्ष्याऽभक्ष्यपेयाऽपेयहिताऽहितकृत्याऽकृत्यविवेकविकलीकृतं,:भक्ष्य,अभक्ष्यपेय,अपेयहित,अहितकृत्य,अकृत्यविवेकविकलीकृतं,
जगदन्धवच्चेष्टते,:जगत्,अन्धवत्,चेष्टते,
चाऽचिन्त्यशक्तिकं,:च,अचिन्त्यशक्तिकं,
पञ्चाऽप्यस्याऽपत्यानि,:पञ्चापि,अस्य,अपत्यानि,
पण्डितानपि,:पण्डितान्,अपि,
धीरानपि,:धीरान्,अपि,
संयमिनोऽपि,:संयमिनः,अपि,
त्वदनुक्तमप्यस्य,:त्वत्,अनुक्तम्,अपि,अस्य,
स्वरूपदर्शनेनैवाहं,:स्वरूपदर्शनेन,एव,अहं,
आकृतिरेव,:आकृतिः,एव,
घटत,एव,:घटते,एव,
तवैतद्,ज्ञानसामर्थ्यं,:तव,एतत्,ज्ञानसामर्थ्यं,
तथाप्याकर्णयावशिष्टानामेषां,:तथापि,आकर्णय,अवशिष्टानाम्,एषां,
स्वरूपमिति,:स्वरूपम्,इति,
विमर्शो,वक्ति,:विमर्शः,वक्ति,
भटा,यद्यप्येते,:भटाः,यद्यपि,एते,
यद्यप्येते,:यद्यपि,एते,
सगोत्रीयास्तथापि,:सगोत्रीयाः,तथापि,
य,एते,:ये,एते,
मोहाग्रतो,निषण्णाः,:मोहाग्रतः,निषण्णाः,
सप्तपुरुषा,महौजसो,महौजसो,विलोक्यन्ते,:सप्तपुरुषाः,महौजसः,महौजसः,विलोक्यन्ते,
सप्तनृपानवेहि,:सप्तनृपान्,अवेहि,
प्रथमोऽयं,:प्रथमः,अयं,
स्वाङ्गीभूतमतिश्रुताऽविधिमनःपर्ययकेवलज्ञानावरणाख्यमनुष्यपञ्चकवृतः,:स्वाङ्गीभूतमतिश्रुता,अविधिमनःपर्ययकेवलज्ञान,आवरणाख्यमनुष्यपञ्चकवृतः,
पञ्चाऽपि,:पञ्च,अपि,
ज्ञानान्यावृणोति,:ज्ञानानि,आवृणोति,
प्राणिनोऽज्ञानाऽन्धान्,:प्राणिनः,अज्ञान,अन्धान्,
द्वितीयोऽयं,:द्वितीयः,अयं,
दर्शनावरणीयनृपो,निद्रानिद्रानिद्राप्रचलाप्रचलाप्रचलास्त्यानर्द्धिचक्षुर्दर्शनावरणाऽचक्षुर्दर्शनावरणाऽवधि,:दर्शनावरणीयनृपः,निद्रानिद्रानिद्राप्रचलाप्रचलाप्रचलास्त्यानर्द्धिचक्षु,दर्शनावरण,अचक्षुर्दर्शनावरणाऽवधि,
निद्रानिद्रानिद्राप्रचलाप्रचलाप्रचलास्त्यानर्द्धिचक्षुर्दर्शनावरणाऽचक्षुर्दर्शनावरणाऽवधि,:निद्रानिद्रानिद्राप्रचलाप्रचलाप्रचलास्त्यानर्द्धिचक्षु,दर्शनावरण,अचक्षुर्दर्शनावरणाऽवधि,
दर्शनावरणकेवलदर्शनावरणाभिधैर्नवाभिर्मानुषैर्वृतः,:दर्शनावरणकेवलदर्शनावरणाभिधैः,नवाभिः,मानुषै,वृतः,
सामान्यज्ञानमावृणोति,:सामान्यज्ञानम्,आवृणोति,
साताऽसाताख्यमानुषद्वययुतस्तृतीयो,वेदनीयराट्,:साता,असाताख्यमानुषद्वययुतः,तृतीयः,वेदनीयराट्,
सुखाऽसुखविपाकमुपदर्शयति,:सुखा,असुखविपाकम्,उपदर्शयति,
देवनरतिर्यक्नारकायुर्नामकमनुष्यचतुष्कयुतश्चतुर्थ,:देवनरतिर्यक्नारकायुः,नामकमनुष्यचतुष्कयुतः,चतुर्थ,
चतुर्ष्वपि,:चतुर्षु,अपि,
काष्ठकीलितपादानिव,:काष्ठकीलितपादान्,इव,
पञ्चमो,नामकर्मनृपः,:पञ्चमः,नामकर्मनृपः,
मनुष्यादिगतिचतुष्कैकेन्द्रियादिजातिपञ्चकौदारिकादिशरीरपञ्चकौदारिकादित्रिकाऽङ्गौपाङ्गौदारिकादि,:मनुष्यादिगतिचतुष्कैक,इन्द्रियादिजातिपञ्चक,औदारिकादिशरीरपञ्चक,औदारिकादित्रिक,अङ्गः,उपाङ्,औदारिकादि,
बन्धनपञ्चदशकौदारिकादिसङ्घातनपञ्चकवज्रर्षभादिसंहननषट्कसमचतुरस्रादि,:बन्धनपञ्चदशक,औदारिकादिसङ्घातनपञ्चकवज्रः,ऋषभादिसंहननषट्कसमचतुरस्रादि,
संस्थानषट्कवर्णपञ्चकगन्धद्वयरसपञ्चकस्पर्शाष्टकमनुष्याद्यानुपूर्वीचतुष्कखगतिद्वयत्रसदशकस्थावरदशकोद्योताऽगुरुलघूच्छ्वाऽसातपोपघातपराघातनिर्माणतीर्थकृन्नामकर्मलक्षणैस्त्र्युत्तरशतमितैर्मानुषैर्वृतोऽयं,:संस्थानषट्कवर्णपञ्चकगन्धद्वयरसपञ्चकस्पर्शाष्टकमनुष्यादि,अनुपूर्वीचतुष्कखगतिद्वयत्रसदशकस्थ,आवरदशकोद्योताॉ,अगुरुलघु,उच्छ्वाऽस,आतप,उपघातपराघातनिर्माणतीर्थकृत्,नामकर्मलक्षणैः,त्र्युत्तरशतम्,इतैः,मानुषैः,वृतः,अयं,
षष्ठोऽयं,:षष्ठः,अयं,
उच्चैर्गोत्रनीचैर्गोत्राख्यभटद्वययुतोऽनन्तकुलादिषु,:उच्चैः,गोत्रनीचैः,ग्रोत्राख्यभटद्वययुतः,अनन्तकुलादिषु,
प्राणिनो,नियोजयति,:प्राणिनः,नियोजयति,
दानभोगोपभोगलाभवीर्यान्तरायाभिधैः,:दानभोग,उपभोगलाभवीर्य,अन्तराय,अभिधैः,
पञ्चभिर्भटैर्युतः,:पञ्चभिः,भटैः,युतः,
सप्तमोऽन्तरायकर्मराट्,:सप्तमः,अन्तरायकर्मराट्,
राजानो,मोहराजस्य,:राजानः,मोहराजस्य,
कुटुम्बिनस्तथापि,:कुटुम्बिनः,तथापि,
तदात्वेतेसप्तैव,:तदातु,एतेसप्त,एव,
नावभासते,:न,अवभासते,
विशेषमपेक्ष्य,:विशेषम्,अपेक्ष्य,
भटा,एव,:भटाः,एव,
चैते,:च,एते,
अत,एवाऽनेकान्तमतं,:अतः,एव,अनेकान्तमतं,
एवाऽनेकान्तमतं,:एव,अनेकान्तमतं,
सिद्धान्त,इति,:सिद्धान्तः,इति,
जिनैरुपदिश्यते,:जिनैः,उपदिश्यते,
कथञ्चिद्भिन्नं,:कथञ्चित्,भिन्नं,
कथञ्चिदभिन्नं,:कथञ्चित्,अभिन्नं,
पृथगुपादाने,:पृथक्,उपादाने,
पटस्याभाव,एव,:पटस्य,अभावः,एव,
तन्तवोऽपि,:तन्तवः,अपि,
नोपलभ्यन्ते,:न,उपलभ्यन्ते,
वृक्षस्योपादाने,:वृक्षस्य,उपादाने,
पृथग्,वृक्षाभावः,:पृथक्,वृक्षाभावः,
उत्तरप्रकृतयो,भिन्ना,भिन्ना,नोपलभ्यन्ते,:उत्तरप्रकृतयः,भिन्नाः,भिन्नाः,न,उपलभ्यन्ते,
नोपलभ्यन्ते,:न,उपलभ्यन्ते,
मूलप्रकृतेर्नोपलम्भः,:मूलप्रकृतेः,न,उपलम्भः,
सामान्यविशेषभेदद्वयोपादाने,:सामान्यविशेषभेदद्वय,उपादाने,
पुनर्विमर्श,आह,:पुनः,विमर्शः,आह,
तृतीयचतुर्थपञ्चमषष्ठा,एते,:तृतीयचतुर्थपञ्चमषष्ठाः,एते,
चत्वारस्तु,:चत्वारः,तु,
केषाञ्चिद्,दुःखप्रदाः,:केषाञ्चित्,दुःखप्रदाः,
केषाञ्चिच्च,:केषाञ्चित्,च,
सुखप्रदा,अपि,:सुखप्रदाः,अपि,
शरीरादियोगाद्,व्याधादयो,व्याधादयो,हिंसां,:शरीरादियोगात्,व्याधादयः,व्याधादयः,हिंसां,
साधुजनश्च,:साधुजनः,च,
प्रथमद्वितीयसप्तमास्तु,:प्रथमद्वितीयसप्तमाः,तु,
सर्वजीवानामप्येकान्तदुःखप्रदा,एव,:सर्वजीवानामपि,एकान्तदुःखप्रदाः,एव,
भवजन्तुरीदृशो,यमुपद्रोतुं,:भवजन्तुः,ईदृशः,यम्,उपद्रोतुं,
यमुपद्रोतुं,:यम्,उपद्रोतुं,
समस्तमपीदं,:समस्तम्,अपि,इदं,
विमर्श,आह,:विमर्शः,आह,
सम्भवत्येव,:सम्भवति,एव,
केचिद्,भव्यसत्त्वाः,:केचित्,भव्यसत्त्वाः,
सुनिर्मलमनसोऽनादिनिधनभवसमुद्रस्वरूपमवगम्य,:सुनिर्मलमनसः,अनादिनिधनभवसमुद्रस्वरूपम्,अवगम्य,
सद्भूतभावनावशाद्,अप्रमत्ततया,:सद्भूतभावनावशात्,अप्रमत्ततया,
सपरिजनोऽप्यकिञ्चित्कर,एव,:सपरिजनः,अपि,अकिञ्चित्करः,एव,
जलबुद्बुदप्रायमायुः,:जलबुद्बुदप्रायम्,आयुः,
योऽनित्यत्वं,:यः,अनित्यत्वं,
महामूढतायाश्च,:महामूढतायाः,च,
मिथ्यात्वाऽमात्यस्य,:मिथ्यात्वा,अमात्यस्य,
कुदृष्टेश्च,:कुदृष्टेः,च,
यश्चाऽमेध्यमूत्रवशामांसादिबीभत्सं,:यः,च,अमेध्यमूत्रवशामांसादिबीभत्सं,
मत्वाऽशुचिभावनाभावितं,:मत्वा,अशुचिभावनाभावितं,
मनो,धत्ते,:मनः,धत्ते,
सपत्नीकोऽपि,:सपत्नीकः,अपि,
दूरत,एव,:दूरतः,एव,
पुनर्निखिलाऽम्भोधिजलैरपि,:पुनः,निखिल,अम्भोधिजलैः,अपि,
स्वभावाऽशुचिदेहः,:स्वभाव,अशुचिदेहः,
शुद्ध्यतीत्यादि,:शुद्ध्यति,इत्यादि,
स,जुगुप्सां,:सः,जुगुप्सां,
क्षणार्धाद्,दिगन्ते,:क्षणार्धात्,दिगन्ते,
तदनुमोदनं,:तत्,अनुमोदनं,
स,ज्ञानावरणदर्शनावरणाख्यौ,:सः,ज्ञानावरणदर्शनावरणाख्यौ,
यश्च,:यः,च,
वित्तमुप्त्वा,:वित्तम,उप्त्वा,
वितृष्णो,ज्ञानाचारादिषु,:वितृष्णः,ज्ञान,आचारादिषु,
ज्ञानाचारादिषु,:ज्ञान,आचारादिषु,
सप्तमोऽन्तरायनृपस्तमुपद्रोतुं,:सप्तमः,अन्तरायनृपः,तम्,उपद्रोतुं,
सर्वेषामपि,:सर्वेषाम्,अपि,
जयनोपाया,जेतारश्च,:जयनोपायाः,जेतारः,च,
जेतारश्च,:जेतारः,च,
मोहसैन्यविजेतारो,जगति,:मोहसैन्यविजेतारः,जगति,
स्तोकतरा,एव,:स्तोकतराः,एव,
इत्याद्यनेकनिर्णयमय्यो,विमर्शोक्ता,विमर्शोक्ता,वार्त्ताः,:इत्यादि,अनेकनिर्णयमय्यः,विमर्शोक्ताः,विमर्शोक्ताः,वार्त्ताः,
प्रकर्षोऽभिदधे,:प्रकर्षः,अभिदधे,
समासन्नसिद्धिका,भव्यजीवाः,:समासन्नसिद्धिकाः,भव्यजीवाः,
विमर्श,आह,:विमर्शः,आह,
अस्त्यनाद्यनन्तं,:अस्ति,अनादि,अनन्तं,
समस्ताश्चर्यमयं,:समस्त,आश्चर्यमयं,
समस्तबाह्यान्तरङ्गपुराणामाधारभूतमनन्तवास्तव्यजनाकीर्णं,:समस्तबाह्यान्तरङ्गपुराणाम्,आधारभूतम्,अनन्तवास्तव्यजनाकीर्णं,
तच्च,:तत्,च,
पुरमान्तरङ्गतया,:पुरम्,अन्तरङ्गतया,
बाह्यतयाऽपि,:बाह्यतया,अपि,
महाभटो,निवसति,:महाभटः,निवसति,
मोहादयो,भवन्ति,:मोहादयः,भवन्ति,
मोहादयो,यतस्ते,:मोहादयः,यतः,ते,
यतस्ते,:यतः,ते,
योगशक्तिमन्तोऽनेकानेकैः,:योगशक्तिमन्तः,अनेकानेकैः,
प्रकर्ष,आह,:प्रकर्षः,आह,
तदाऽऽवां,:तदा,आवां,
यावस्तत्र,:यावः,तत्र,
इत्याकर्ण्य,:इति,आकर्ण्य,
विमर्शेनोक्तं,:विमर्शेन,उक्तं,
रसनामूलशुद्धिमधिकृत्य,:रसनामूलशुद्धिम्,अधिकृत्य,
यद्,रागकेशरिराजस्य,:यत्,रागकेशरिराजस्य,
मन्त्रिणो,विषयाभिलाषस्य,:मन्त्रिणः,विषय,अभिलाषस्य,
विषयाभिलाषस्य,:विषय,अभिलाषस्य,
पुत्रो,स्पर्शनादीनां,:पुत्रः,स्पर्शनादीनां,
रसनेयमिति,:रसनेयम्,इति,
किमधिककालक्षेपेनेति,:किम्,अधिककालक्षेपेन,इति,
स्वगृहमेव,:स्वगृहम्,एव,
वर्षमात्रावधिकालमध्येऽद्यापि,:वर्षमात्रावधिकालमध्ये,अद्यापि,
मासषट्कमवशिष्यते,:मासषट्कम्,अवशिष्यते,
ततो,दर्शयावः,:ततः,दर्शयावः,
कौतुकमिति,:कौतुकम्,इति,
कर्मपरिणामाभिधो,राजा,:कर्मपरिणामाभिधः,राजा,
महावीर्यस्तत्,:महावीर्यः,तत्,
किमसौ,:किम्,असौ,
महामोह,एव,:महामोहः,एव,
कर्मपरिणामस्तु,:कर्मपरिणामः,तु,
स,तु,:सः,तु,
मोहराजस्तु,:मोहराजः,तु,
सङ्ग्रामरसिको,लुण्टाकः,:सङ्ग्रामरसिकः,लुण्टाकः,
ततश्चित्तवृत्त्यटव्यां,:ततः,चित्तवृत्ति,अटव्यां,
सपत्नीको,नानाभवजन्तुनाटकानि,:सपत्नीकः,नानाभवजन्तुनाटकानि,
सुखमास्ते,:सुखम्,आस्ते,
कर्मपरिणामस्तु,:कर्मपरिणामः,तु,
मोहराजस्तु,:मोहराजः,तु,
दुःखप्रद,एव,:दुःखप्रदः,एव,
चित्तवृत्त्यटव्याश्च,:चित्तवृत्त्यटव्याः,च,
भवजन्तुरेव,:भवजन्तुः,एव,
स्वराज्याद्,दूरे,:स्वराज्यात्,दूरे,
व्यपास्यैतद्,राज्यं,:व्यपास्य,एतत्,राज्यं,
स्वायत्तीकृतमस्ति,:स्वायत्तीकृतम्,अस्ति,
पर्य्यायागतं,:पर्य्याय,आगतं,
चाऽधुनैवाभ्यां,:च,अधुनैव,आभ्यां,
गृहीतमस्ति,:गृहीतम्,अस्ति,
किञ्चाऽनन्ताऽनन्तः,:किञ्च,अनन्तानन्तः,
कालोऽतिक्रान्तः,:कालः,अतिक्रान्तः,
मोहराजस्तु,:मोहराजः,तु,
सेनामादाय,:सेनाम्,आदाय,
इत्यादिवार्त्ताविनोदेनाऽज्ञातमार्गलङ्घनश्रमौ,:इत्यादिवार्त्ताविनोदेन,अज्ञातमार्गलङ्घनश्रमौ,
वेगाद्,भवचक्रपुरं,:वेगात्,भवचक्रपुरं,
इतश्च,:इतः,च,
वयस्यो,वसन्त,:वयस्यः,वसन्त,
तत्राऽऽगतः,:तत्र,आगतः,
तत्रोद्यानेषु,:तत्र,उद्यानेषु,
नवकिशलयप्रसूनपुञ्जसुषमातिसुन्दरास्तरवः,:नवकिशलयप्रसूनपुञ्जसुषमातिसुन्दराः,तरवः,
उन्मदपिकनिकरकुहूकारमुखरितोद्यानभूमयः,:उन्मदपिकनिकरकुहूकारमुखरित,उद्यानभूमयः,
अमन्दमकरन्दास्वादमोदमत्तालिमालाझङ्‌काररवाभिरामाश्चाऽऽरामा,:अमन्दमकरन्दास्वादमोदमत्तालिमालाझङ्‌काररवाभिरामाः,च,आरामा,
युगपद्वसन्तराजस्यैकातपत्रतामाचख्युः,:युगपद्वसन्तराजस्य,एकातपत्रतामाचख्युः,
इत्थमुद्यानशोभां,:इत्थम्,उद्यानशोभां,
पश्यावोऽत्र,:पश्यावः,अत्र,
वनशोभामिति,:वनशोभाम्,इति,
केचिच्च,:केचित्,च,
केचिच्च,:केचित्,च,
केचिच्च,:केचित्,च,
प्रियामाश्‌लिष्य,:प्रियाम्,आश्‌लिष्य,
गायन्त,पौरगणा,व्यलोक्यन्त,:गायन्ते,पौरगणाः,व्यलोक्यन्त,
वाद्यमानैर्नानाऽऽतोद्यनादैर्दिशो,मुखरयन्,:वाद्यमानैःनानातोद्यनादैः,दिशः,मुखरयन्,
चतुरङ्गसेनाभिवृत्तो,धृतातपत्रचामरादिराजचिह्नस्तत्रत्यो,धृतातपत्रचामरादिराजचिह्नस्तत्रत्यो,लोलाक्षनामा,:चतुरङ्गसेनाभिवृत्तः,धृतातपत्रचामरादिराजचिह्नस्तत्रत्यः,धृतातपत्रचामरादिराजचिह्नस्तत्रत्यः,लोलाक्षनामा,
विमर्श,आह-,:विमर्शः,आह-,
पश्यैषां,:पश्य,एषां,
तदालोक्य,:तदा,आलोक्य,
कथमेते,:कथम्,एते,
मोहादिवशंवदा,उन्मत्तीभूयविचेष्टन्ते,:मोहादिवशंवदाः,उन्मत्तीभूयविचेष्टन्ते,
विमर्शो,वक्ति,:विमर्शः,वक्ति,
कालपरिणतिर्देवी,:कालपरिणतिः,देवी,
तस्या,हिमशिशिरवसन्तग्रीष्मप्रावृट्शरन्नामानः,:तस्याः,हिमशिशिरवसन्तग्रीष्मप्रावृट्शरन्नामानः,
वारको,भवति,:वारकः,भवति,
मोहराजोऽपि,:मोहराजः,अपि,
तदद्याऽपि,:तत्,अद्यापि,
कामराजेनाऽऽगत्य,:कामराजेन,आगत्य,
सर्वोऽप्ययं,:सर्वोऽपि,अयं,
जनो,विजित्य,:जनः,विजित्य,
कृतोऽस्ति,:कृतः,अस्ति,
मोहराजादयोऽप्यन्तरान्तरा,:मोहराजादयः,अपि,अन्तरान्तरा,
ततो,न,:ततः,न,
साक्षाद्,दृश्यन्ते,:साक्षात्,दृश्यन्ते,
सर्वानपि,:सर्वान्,अपि,
तवाऽपि,:तव,अपि,
तद्,गृहाणत्वमपि,:तत्,गृहाणत्वम्,अपि,
गृहाणत्वमपि,:गृहाणत्वम्,अपि,
योगाञ्जनमित्युकत्‌वा,:योगाञ्जनम्,इत्युक्त्‌वा,
विमर्शेनाऽञ्जिते,:विमर्शेन,अञ्जिते,
तेनाञ्जनेन,:तेन,अञ्जनेन,
तदनुभावाद्,व्यलोकयदसौ,:तत्,अनुभावात्,व्यलोकयत्,असौ,
व्यलोकयदसौ,:व्यलोकयत्,असौ,
महत्कौतुकमिदं,:महत्कौतुकम्,इदं,
दर्शितमिति,:दर्शितम्,इति,
किमेतद्,:किम्,एतत्,
इतोऽप्यग्रे,:इतोऽपि,अग्रे,
मानवावासस्य,:मानव,आवासस्य,
मोहराजस्तु,:मोहराजः,तु,
रागकेशरिविषयाभिलाषभोगतृष्णादयोऽपि,:रागकेशरिविषयाभिलाषभोगतृष्णादयः,अपि,
स्वस्वव्यापारासक्ता,विलोक्यन्ते,:स्वस्वव्यापारासक्ताः,विलोक्यन्ते,
द्वेषगजेन्द्रशोकादयस्तु,:द्वेषगजेन्द्रशोकादयः,तु,
कथमिति,:कथम्,इति,
विमर्शोऽवोचत्,:विमर्शः,अवोचत्,
द्वेषगजेन्द्रादयोऽप्यत्रैव,:द्वेषगजेन्द्रादयः,अपि,अत्रैव,
प्रकर्षेणोक्तं,:प्रकर्षेण,उक्तं,
किमेते,:किम्,एते,
मोहादयोऽत्राऽऽयाताः,:मोहादयः,अत्र,आयाताः,
मोहराजादयस्तु,:मोहराजादयः,तु,
इच्छावशादनन्तरूपा,भवन्ति,:इच्छावशात्,अनन्तरूपाः,भवन्ति,
तदेते,:तदा,एते,
यथाऽत्राऽपि,:यथा,अत्र,अपि,
तत्राऽपि,:तत्र,अपि,
अथाऽत्रान्तरे,:अथ,अत्रान्तरे,
वसन्तोत्सवायातो,लोलाक्षनृपो,लोलाक्षनृपो,हस्तिस्कन्धादवरुह्य,:वसन्तोत्सव,आयातः,लोलाक्षनृपः,लोलाक्षनृपः,हस्तिस्कन्धात्,अवरुह्य,
हस्तिस्कन्धादवरुह्य,:हस्तिस्कन्धात्,अवरुह्य,
मद्यादिभिश्चण्डिकां,:मद्यादिभिः,चण्डिकां,
पानगोष्ठ्यामागत्य,:पानगोष्ठ्याम्,आगत्य,
सपरिजनो,निविष्टस्तत्र,:सपरिजनः,निविष्टः,तत्र,
निविष्टस्तत्र,:निविष्टः,तत्र,
मद्यमापूर्याऽऽपूर्य,:मद्यम्,आपूर्य,अपूर्य,
प्रवृत्तस्ततः,:प्रवृत्तः,ततः,
यावद्,विविधं,:यावत्,विविधं,
तावद्,लोलाक्षस्याऽनुजो,लोलाक्षस्याऽनुजो,रिपुकम्पनः,:तावत्,लोलाक्षस्य,अनुजः,लोलाक्षस्य,अनुजः,रिपुकम्पनः,
मददर्पविकलस्तत्रमण्डल्यां,:मददर्पविकलः,तत्रमण्डल्यां,
मदौद्धत्यात्,:मत्,उद्धत्यात्,
लज्जामवगण्य,:लज्जाम्,अवगण्य,
यावन्नरीनर्त्ति,:यावत्,नरीनर्त्ति,
तावद्,रिपुकम्पनस्त्वतिमहामोहावेशाद्,रिपुकम्पनस्त्वतिमहामोहावेशाद्,उद्वमन्,:तावत्,रिपुकम्पनः,तु,अतिमहामोहावेशात्,रिपुकम्पनः,तु,अतिमहामोहावेशात्,उद्वमन्,
अन्योऽपि,:अन्यः,अपि,
परिजनो,मदक्षीबतया,:परिजनः,मदक्षीबतया,
पतितोऽस्ति,:पतितः,अस्ति,
तदवसरे,:तत्,अवसरे,
स्रस्तोत्तरीयां,:स्रस्त,उत्तरीयां,
नृत्यन्तीमवलोक्य,:नृत्यन्तीम्,अवलोक्य,
विवशीभूतस्तां,:विवशीभूतः,तां,
ग्रहितुमुत्थितस्तावत्,:ग्रहितुम्,उत्थितः,तावत्,
पश्चादापतत्य,:पश्चात्,आपतत्य,
लोलाक्षस्याऽङ्गेऽवतीर्णः,:लोलाक्षस्य,अङ्गे,अवतीर्णः,
खड्गमाकृष्य,:खड्गम्,आकृष्य,
चण्डिकाया,मूर्त्तिर्विपाटिता,:चण्डिकायाः,मूर्त्तिः,विपाटिता,
मूर्त्तिर्विपाटिता,:मूर्त्तिः,विपाटिता,
पुनस्ततोऽपि,:पुनः,ततः,अपि,
रिपुकम्पनान्तिकमागता,:रिपुकम्पनान्तिकम्,आगता,
लोलाक्षोऽप्याकृष्टाऽसिस्तामन्वागतः,:लोलाक्षः,अपि,आकृष्टा,असिः,ताम्,अन्वागतः,
खड्गमाकृष्योत्थितो,जातश्च,:खड्गम्,आकृष्य,उत्थितः,जातः,च,
जातश्च,:जातः,च,
समुत्थिताश्चाऽऽकृष्टपाणयः,:समुत्थिताः,च,आकृष्टपाणयः,
मददर्पवशादलब्धस्वपरिविभागाः,:मददर्पवशात्,अलब्धस्वपरिविभागाः,
निहताश्च,:निहताः,च,
शतशो,भटाः,:शतशः,भटाः,
पलायिता,लोका,लोका,इतस्ततः,:पलायिताः,लोकाः,लोकाः,इतस्ततः,
आविर्भूतोऽयं,:आविर्भूतः,अयं,
पश्याऽधुनाऽस्य,:पश्य,अधुना,अस्य,
वीर्यमिति,:वीर्यम्,इति,
पश्यतो,द्वावपि,:पश्यतः,द्वौ,अपि,
द्वावपि,:द्वौ,अपि,
निपातितो,लोलाक्षो,लोलाक्षो,रिपुकम्पनेन,:निपातितः,लोलाक्षः,लोलाक्षः,रिपुकम्पनेन,
जातश्च,:जातः,च,
तद्विलोक्य,:तत्,विलोक्य,
प्रकर्षमाह,:प्रकर्षम्,आह,
मद्यपरदाराभिलाषयोरनर्थकारित्वम्,:मद्यपरदाराभिलाषयोः,अनर्थकारित्वम्,
अत,एव,:अतः,एव,
सुधियो,मद्यं,:सुधियः,मद्यं,
परदाराश्च,:परदाराः,च,
रिपुकम्पनो,भ्रातरं,:रिपुकम्पनः,भ्रातरं,
नृपो,जातः,:नृपः,जातः,
विमर्शप्रकर्षावपि,:विमर्शप्रकर्षौ,अपि,
तदवसरे,:तत्,अवसरे,
मिथ्याभिमानो,रिपुकम्पनाऽङ्गे,:मिथ्याभिमानः,रिपुकम्पनाङ्गे,
इतश्च,:इतः,च,
रिपुकम्पनस्याऽन्यया,:रिपुकम्पनस्य,अन्यया,
तदभिधायकाभ्यश्चेटीभ्यो,दत्तानि,:तत्,अभिधायकाभ्यः,चेटीभ्यः,दत्तानि,
मुकुटकुण्डलग्रैवेयकाद्याभरणानि,:मुकुटकुण्डलग्रैवेयकादि,आभरणानि,
मिथ्याभिमानावेशात्,:मिथ्याभिमान,आवेशात्,
चाऽहो,:च,अहो,
भाग्यनिधिरहं,:भाग्यनिधिः,अहं,
जाताविति,:जातौ,इति,
राजकुलमस्ति,:राजकुलम्,अस्ति,
विमर्शेणोक्तं,:विमर्शेण,उक्तं,
साम्प्रतमेतयोर्वारक,आयातोऽस्ति,:साम्प्रतम्,एतयोः,वारकः,आयातः,अस्ति,
आयातोऽस्ति,:आयातः,अस्ति,
ततो,विलोकय,:ततः,विलोकय,
एतयोर्विलसितमिति।",:एतयोः,विलसितम्,इति।",
नृपान्तिकमागत्योक्तं-,:नृपान्तिकम्,आगत्य,उक्तं-,
कुमारस्याऽङ्गेऽस्वास्थ्यमस्ति,:कुमारस्य,अङ्गे,अस्वास्थ्यम्,अस्ति,
इत्याकर्णनमात्रात्,:इति,आकर्णनमात्रात्,
मतिमोहशोकाभ्यामाक्रान्तो,नृपो,नृपो,दुःखपीडितमनाः,:मतिमोहशोकाभ्याम्,आक्रान्तः,नृपः,नृपः,दुःखपीडितमनाः,
पुत्राभ्यर्णमागत्य,:पुत्राभ्यर्णम्,आगत्य,
सर्वेऽप्युपाया,ऊषरे,:सर्वेऽपि,उपायाः,ऊषरे,
वृष्टय,इव,:वृष्टयः,इव,
विफला,आसन्,:विफलाः,आसन्,
स,बालस्तद्दुःखार्त्तो,बालस्तद्दुःखार्त्तो,नृपस्तन्माता,:सः,बालः,तद्दुःखार्त्तः,बालः,तद्दुःखार्त्तः,नृपः,तन्माता,
नृपस्तन्माता,:नृपः,तन्माता,
द्वावपि,:द्वौ,अपि,
मूर्च्छामाप्य,:मूर्च्छाम्,आप्य,
तद्,दृष्ट्वा,:तत्,दृष्ट्वा,
विमर्शोऽभ्यधाद्,-,:विमर्शः,अभ्यधात्,-,
प्रकर्षोऽपि,:प्रकर्षः,अपि,
दुर्विलसितमित्यनेकवार्त्तापरौ,:दुर्विलसितम्,इति,अनेकवार्त्तापरौ,
ततोऽन्यत्र,:ततः,अन्यत्र,
चैको,महेभ्यो,महेभ्यो,हट्टे,:च,एकः,महेभ्यः,महेभ्यः,हट्टे,
निविष्टोऽस्ति,:निविष्टः,अस्ति,
पुरतो,बहवो,बहवो,वणिक्पुत्रा,वणिक्पुत्रा,लेखनतोलनक्रयविक्रयादिवाणिज्यं,:पुरतः,बहवः,बहवः,वणिक्पुत्राः,वणिक्पुत्राः,लेखनतोलनक्रयविक्रयादिवाणिज्यं,
नानामणिरत्नस्वर्णरूपाद्युच्चयाः,:नानामणिरत्नस्वर्णरूपादि,उच्चयाः,
प्रकर्षो,विमर्शं,:प्रकर्षः,विमर्शं,
किमयं,:किम्,अयं,
प्रणतिकारिणोऽपि,:प्रणतिकारिणः,अपि,
कटाक्षेणाऽपि,:कटाक्षेण,अपि,
नाऽवलोकते,:न,अवलोकते,
चिरेणाऽपि,:चिरेण,अपि,
शृणोत्यपि,:शृणोति,अपि,
नोर्ध्वं,:न,ऊर्ध्वं,
विलोकतेऽपि,:विलोकते,अपि,
एतस्याऽङ्गे,:एतस्य,अङ्गे,
प्रविष्टोऽस्ति,:प्रविष्टः,अस्ति,
तद्वशादस्येदृशी,:तत्,वशात्,अस्य,ईदृशी,
जाताऽस्ति,:जाता,अस्ति,
परमयं,:परम्,अयं,
क्षणक्षयीति,:क्षणक्षयी,इति,
कुरुतस्तावत्,:कुरुतः,तावत्,
रागकेशरिनृपसुतोऽनन्तानुबन्धिलोभः,:रागकेशरिनृपसुतः,अनन्तानुबन्धिलोभः,
तस्याऽङ्गे,:तस्य,अङ्गे,
कश्चिद्,भुजङ्गो,भुजङ्गो,रहसि,:कश्चित्,भुजङ्गः,भुजङ्गः,रहसि,
श्रेष्ठिनमाकार्य,:श्रेष्ठिनम्,आकार्य,
रत्नखचितमुकुटमदर्शयत्,:रत्नखचितमुकुटम्,अदर्शयत्,
श्रेष्ठ्यपिस्तेनाऽऽहृतं,:श्रेष्ठी,अपिः,तेन,आहृतं,
गतो,भुजङ्गः,:गतः,भुजङ्गः,
क्षणाद्,विभीषणनृपस्य,:क्षणात्,विभीषणनृपस्य,
तत्राऽऽगतं,:तत्र,आगतं,
धृतो,भटैः,:धृतः,भटैः,
विडम्बितश्चाऽसौ,:विडम्बितः,च,असौ,
समृद्धिस्थिरतोपायाः,:समृद्धिस्थिरत,उपायाः,
अथैतदवलोक्याऽऽश्चर्याकुलमनाः,:अथ,एतत्,अवलोक्या,आश्चर्य,आकुलमनाः,
प्रकर्षो,बभाषे,:प्रकर्षः,बभाषे,
किमेतदिन्द्रजालविलसितं,:किम्,एतत्,इन्द्रजालविलसितं,
स्वप्नोऽयं,:स्वप्नः,अयं,
क्षणमात्रादस्यैवंविधर्द्धिविस्तरः,:क्षणमात्रात्,अस्य,एवंविधर्द्धिविस्तरः,
गतिरेव,:गतिः,एव,
अत,एव,:अतः,एव,
सत्पुरुषा,धनगर्वं,:सत्पुरुषाः,धनगर्वं,
अकार्यशतैर्नीचजनसेवनैर्दुष्करोपायसहस्रैः,:अकार्यशतैः,नीचजनसेवनैः,दुष्करोपायसहस्रैः,
धनान्यर्जयन्ति,:धनानि,अर्जयन्ति,
शारदाभ्रपटलानीव,:शारदाभ्रपटलानि,इव,
पश्यतामेव,:पश्यताम्,एव,
कुतोऽपि,:कुतः,अपि,
प्रकर्षो,जगाद,:प्रकर्षः,जगाद,
स्वभावचपलमेतद्,धनं,:स्वभावचपलम्,एतत्,धनं,
धनस्थैर्योपायान्,:धनस्थैर्यः,उपायान्,
दीनानाथादिजनाननुकम्पते,:दीन,अनाथादिजनान्,अनुकम्पते,
चोपकुरुते,:च,उपकुरुते,
इत्याद्युपायपरस्य,:इत्यादि,उपायपरस्य,
वेश्याऽऽसक्तानां,:वेश्या,आसक्तानां,
तदवसरे,:तत्,अवसरे,
कश्चिद्,युवा,:कश्चित्,युवा,
परिहितमलिम्लुचशटितप्रायांऽशुकः,:परिहितमलिम्लुचशटितप्रायान्,अशुकः,
किञ्चिद्,द्रव्यव्ययेन,:किञ्चित्,द्रव्यव्ययेन,
चतुष्पथमध्याद्,मोदकताम्बूलादि,:चतुष्पथमध्यात्,मोदकताम्बूलादि,
रजकगृहाद्,विशदवासांसि,:रजकगृहात्,विशदवासांसि,
तमालोक्य,:तम्,आलोक्य,
कोऽयं,:कः,अयं,
दुर्विधप्रायोऽपि,:दुर्विधप्रायः,अपि,
स्वाङ्गविभूषापूर्वकं,:स्वाङ्गविभूष,अपूर्वकं,
भविष्यतीति,:भविष्यति,इति,
समुद्रदत्तेभ्य,सुतो,सुतो,रमणनामा,:समुद्रदत्तेभ्यः,सुतः,सुतः,रमणनामा,
एतन्नगरवास्तव्यो,गणिकाव्यसनाधीनतया,:एतत्,नगरवास्तव्यः,गणिकाव्यसनाधीनतया,
निष्ठापितसकलपितृधनो,दास्यकर्मभिर्लोकगृहेष्वाजीविकां,:निष्ठापितसकलपितृधनः,दास्यकर्मभिः,लोकगृहेषु,आजीविकां,
दास्यकर्मभिर्लोकगृहेष्वाजीविकां,:दास्यकर्मभिः,लोकगृहेषु,आजीविकां,
किञ्चिद्,द्रव्यलेशमवाप्य,:किञ्चित्,द्रव्यलेशम्,अवाप्य,
द्रव्यलेशमवाप्य,:द्रव्यलेशम्,अवाप्य,
तद्व्ययेनाऽङ्गविभूषादिपूर्वकं,:तत्,व्ययेन,अङ्गविभूषादिपूर्वकं,
प्रागपि,:प्राक्,अपि,
तयैवाऽस्य,:तया,एव,अस्य,
पितृसत्कमसङ्ख्यं,:पितृसत्कम्,असङ्ख्यं,
गृहादेनं,:गृहात्,एनं,
तथाप्यद्याऽयं,:तथापि,अद्य,अयं,
पुनस्तत्र,:पुनः,तत्र,
पश्याव,आवामप्येतत्,:पश्यावः,आवाम्,अपि,एतत्,
आवामप्येतत्,:आवाम्,अपि,एतत्,
कौतुकमिति,:कौतुकम्,इति,
तमनुगतौ,:तम्,अनुगतौ,
विमर्शप्रकर्षावपि,:विमर्शप्रकर्षौ,अपि,
विष्टापिठर्या,एतस्या,एतस्या,गणिकायाः,:विष्टापिठर्याः,एतस्याः,एतस्याः,गणिकायाः,
शरीरोत्थोऽयं,:शरीरोत्थः,अयं,
यत,एता,एता,अमेध्यपूर्णभस्त्राप्राया,अमेध्यपूर्णभस्त्राप्राया,द्वादशरन्ध्रनिर्यन्मलमूत्राद्याविलाः,:यतः,एताः,एताः,अमेध्यपूर्णभस्त्राप्रायाः,अमेध्यपूर्णभस्त्राप्रायाः,द्वादशरन्ध्रनिर्यन्मलमूत्रादि,अविलाः,
द्वादशरन्ध्रनिर्यन्मलमूत्राद्याविलाः,:द्वादशरन्ध्रनिर्यन्मलमूत्रादि,अविलाः,
कृमिवसामांसाऽस्थिश्लेष्माप्रभृत्यशुचिवस्तुव्याप्तान्तराः,:कृमिवसामांसास्थिश्लेष्माप्रभृति,अशुचिवस्तुव्याप्तान्तराः,
शोभामुत्पाद्य,:शोभाम्,उत्पाद्य,
इत्याकर्ण्य,:इति,आकर्ण्य,
सोढुमशक्योऽस्या,दुर्गन्धः,:सोढुम्,अशक्यः,अस्याः,दुर्गन्धः,
यावो,बहिरिति,:यावः,बहिः,इति,
बहिरिति,:बहिः,इति,
रमणो,गतो,गतो,गृहान्तर्दृष्टा,:रमणः,गतः,गतः,गृहान्तः,दृष्टा,
गृहान्तर्दृष्टा,:गृहान्तः,दृष्टा,
तमायान्तं,:तम्,आयान्तं,
किञ्चिच्च,:किञ्चित्,च,
त्वद्,गमनदिनादारभ्य,:त्वत्,गमनदिनादारभ्य,
त्वद्विरहेण,:त्वत्,विरहेण,
जलाद्,दूरीकृता,:जलात्,दूरीकृता,
सफरीवाऽत्यन्तं,:सफरीवा,अत्यन्तं,
कपटरागमुपदर्श्य,:कपटरागम्,उपदर्श्य,
पुनराह,:पुनः,आह,
चण्डाभिधोऽत्राऽऽयास्यति,:चण्डाभिधः,अत्र,आयास्यति,
ततो,मुहूर्त्तमात्रं,:ततः,मुहूर्त्तमात्रं,
भवानिति,:भवान्,इति,
यावद्,वदति,:यावत्,वदति,
तावद्,उपागतश्चण्डस्तद्दर्शनादेव,:तावत्,उपागतः,चण्डः,तत्,दर्शनात्,एव,
उपागतश्चण्डस्तद्दर्शनादेव,:उपागतः,चण्डः,तत्,दर्शनात्,एव,
प्रविष्टो,रमणस्याऽङ्गे,:प्रविष्टः,रमणस्य,अङ्गे,
रमणस्याऽङ्गे,:रमणस्य,अङ्गे,
पादप्रहारादिभिर्भृशमाहत्य,:पादप्रहारादिभिः,भृशम्,आहत्य,
नानाविकत्थनपराभ्यामुपहस्यमानो,गृहात्,:नानाविकत्थनपराभ्याम्,उपहस्यमानः,गृहात्,
निष्कासितो,रमणस्तत्राऽपि,:निष्कासितः,रमणः,तत्र,अपि,
रमणस्तत्राऽपि,:रमणः,तत्र,अपि,
भटैर्गाढं,:भटैः,गाढं,
तद्,वृत्तान्तं,:तत्,वृत्तान्तं,
विमर्श,आह,:विमर्शः,आह,
अत,एव,:अतः,एव,
जातिशीलधनलज्जादिरिरक्षिषयाऽनेकाऽनर्थपूरप्रवाहिन्यः,:जातिशीलधनलज्जादिरिरक्षिषया,अनेक,अनर्थपूरप्रवाहिन्यः,
पण्ययोषितो,दूरत,दूरत,एव,:पण्ययोषितः,दूरतः,दूरतः,एव,
पुनर्विमर्शो,जगौ,:पुनः,विमर्शः,जगौ,
चावयोरवधिदिनानि,:च,आवयोः,अवधिदिनानि,
तदेहि,:तत्,एहि,
यावो,विवेकपर्वतं,:यावः,विवेकपर्वतं,
तच्छिखरमारुह्य,:तत्,शिखरम्,आरुह्य,
पश्यावो,युगपदेव,:पश्यावः,युगपदेव,
दृष्टिगोचरीभवतीत्यारूढौ,:दृष्टिगोचरीभवति,इति,आरूढौ,
द्वावपि,:द्वौ,अपि,
पश्यतो,भवचक्रस्वरूपम्,:पश्यतः,भवचक्रस्वरूपम्,
कश्चिदेकः,:कश्चित्,एकः,
भयवेपमानगात्रो,विवसनः,:भयवेपमानगात्रः,विवसनः,
पिशाच,इव,:पिशाचः,इव,
दीनवदनो,विकीर्णकेशस्तरलितदृशा,:दीनवदनः,विकीर्णकेशस्तरलितदृशा,
कैश्चिन्नरैर्वेष्टितो,दृक्पथमागतः,:कैश्चित्,नरैः,वेष्टितः,दृक्पथम्,आगतः,
दृक्पथमागतः,:दृक्पथम्,आगतः,
कोऽसाविति,:कः,असौ,इति,
पुत्रोऽयं,:पुत्रः,अयं,
द्यूताद्यासक्तो,लोकैः,:द्यूतादि,आसक्तः,लोकैः,
कपोत,इव,:कपोतः,इव,
यथार्थकृताभिधो,व्यसनापलक्षणात्,:यथार्थकृताभिधः,व्यसनापलक्षणात्,
शतशश्चौर्याद्यपराधेऽपि,:शतशः,चौर्यादि,अपराधे,अपि,
रासभरोहणादिभिर्विडम्ब्य,:रासभरोहणादिभिः,विडम्ब्य,
वणिक्पुत्र,इति,:वणिक्पुत्रः,इति,
जीवन्मुक्तोऽद्य,:जीवन्मुक्तः,अद्य,
पराजितो,द्यूतकारैरेभिः,:पराजितः,द्यूतकारैः,एभिः,
द्यूतकारैरेभिः,:द्यूतकारैः,एभिः,
वेष्टितोऽस्ति,:वेष्टितः,अस्ति,
इत्याकर्ण्य,:इति,आकर्ण्य,
प्रकर्षोऽवोचत्,:प्रकर्षः,अवोचत्,
यदित्थं,:यत्,इत्थं,
प्राणापहाराद्यनर्थहेतुद्यूतं,:प्राणापहारादि,अनर्थहेतुद्यूतं,
तर्ह्येते,:तर्हि,एते,
कथमेतदाचरन्ति,:कथम्,एतत्,आचरन्ति,
विमर्श,आह,:विमर्शः,आह,
स्वशक्त्याऽन्धीकृताः,:स्वशक्त्या,अन्धीकृताः,
पश्यन्तोऽपि,:पश्यन्तः,अपि,
मोहाद्यपराभूताः,:मोहादि,अपराभूताः,
दूरत,एव,:दूरतः,एव,
कोऽयं,:कः,अयं,
कश्चिदश्वारूढोऽटव्यामाकृष्टाऽसिः,:कश्चित्,अश्वारूढः,अटव्याम्,आकृष्टासिः,
शृगालमनुधावति,:शृगालम्,अनुधावति,
किमर्थमसौ,:किमर्थम्,असौ,
क्षुत्तृषाऽऽकुलिताङ्गोऽटव्यां,:क्षुत्तृषा,आकुलिताङ्गः,अटव्यां,
ललितपुराधिपो,ललननामाऽतिमृगायाऽऽसक्तोऽहर्निशं,:ललितपुराधिपः,ललननामा,अतिमृगाय,आसक्तः,अहर्निशं,
ललननामाऽतिमृगायाऽऽसक्तोऽहर्निशं,:ललननामा,अतिमृगाय,आसक्तः,अहर्निशं,
प्रधानादिभिर्बहुशो,निषिद्धोऽपि,:प्रधानादिभिः,बहुशः,निषिद्धः,अपि,
निषिद्धोऽपि,:निषिद्धः,अपि,
मृगयाममुञ्चन्,:मृगयाम्,अमुञ्चन्,
राज्याऽनुचितोऽयमिति,:राज्याऽनुचितः,अयम्,इति,
स्थापितश्चैतत्,:स्थापितः,च,एतत्,
पदेऽस्य,:पदे,अस्य,
सोऽयं,:सः,अयं,
ललनो,वने,:ललनः,वने,
बाधितोऽपि,:बाधितः,अपि,
मांसलोलुपतयाऽनिशं,:मांसलोलुपतया,अनिशं,
पर्यटन्नास्ते,:पर्यटन्,आस्ते,
परत्राऽपि,:परत्र,अपि,
मातुलभागिनेयाविति,:मातुलभागिनेयौ,इति,
कुरुतस्तावदसौ,:कुरुतः,तावत्,असौ,
शृगालन्यस्तदृष्टिरश्ववेगादलक्षितभूमिवैषम्योऽगाधगर्त्तोदरे,:शृगालन्यस्तदृष्टिः,अश्ववेगात्,अलक्षितभूमिवैषम्योगाधगर्त्तोदरे,
मृतश्च,:मृतः,च,
विमर्श,आह,:विमर्शः,आह,
साक्षाद्,दुष्टोदर्कं,:साक्षात्,दुष्टोदर्कं,
अथैतदवसरे,:अथ,एतदवसरे,
यमकिङ्‌करप्रायै,राजपुरुषैर्जिह्वामुत्पाट्य,:यमकिङ्‌करप्रायैः,राजपुरुषैः,जिह्वाम्,उत्पाट्य,
राजपुरुषैर्जिह्वामुत्पाट्य,:राजपुरुषैः,जिह्वाम्,उत्पाट्य,
प्रकर्षोऽपृच्छत्,:प्रकर्षः,अपृच्छत्,
कोऽयं,:कः,अयं,
कोवाऽस्याऽपराधो,भविष्यति,:कः,वा,अस्य,अपराधः,भविष्यति,
यदमी,:यत्,अमी,
एनमिति,:एनम्,इति,
विमर्शोऽवदत्,:विमर्शः,अवदत्,
महाधनो,स,स,बाल्यादेव,:महाधनः,सः,सः,बाल्यात्,एव,
बाल्यादेव,:बाल्यात्,एव,
चतसृष्वपि,:चतसृषु,अपि,
विकथास्वत्यासक्तिमान्,:विकथासु,अत्यासक्तिमान्,
वाचाटो,लोकैर्दुर्मुख,लोकैर्दुर्मुख,इति,:वाचाटः,लोकैः,दुर्मुखः,लोकैः,दुर्मुखः,इति,
धृतयथार्थनामाऽन्येद्यु,पुरनृपे,:धृतयथार्थनामा,अन्येद्युः,पुरनृपे,
कञ्चिद्,रिपुभूपमभिषेणयितुं,:कञ्चित्,रिपुभूपम्,अभिषेणयितुं,
रिपुभूपमभिषेणयितुं,:रिपुभूपम्,अभिषेणयितुं,
कतिचिद्,दिनेषु,:कतिचित्,दिनेषु,
"अस्मान्नृपस्तु,:"अस्मान्नृपः,तु,
कुतोऽपि,:कुतः,अपि,
चाऽत्र,:च,अत्र,
पुरमोषार्थमायातीति,:पुरमोषार्थम्,आयाति,इति,
इत्यनेन,:इति,अनेन,
सर्वोऽपि,:सर्वः,अपि,
इतश्च,:इतः,च,
सत्वरमेव,:सत्वरम्,एव,
पुरमागतो,लोका,अपि,:पुरम्,आगतः,लोकाः,अपि,
पुरमायाताः,:पुरम्,आयाताः,
त्रासोत्पादनमूलमेनं,:त्रासोत्पादनमूलम्,एनं,
दुर्मुखमवेत्य,:दुर्मुखम्,अवेत्य,
प्रत्यादिष्टं,:प्रति,आदिष्टं,
"यदुत,:"यत्,उत,
जिह्वयाऽनेन,:जिह्वया,अनेन,
समूलमुन्मूल्यताम्,:समूलम्,उन्मूल्यताम्,
यद्‌गलनालादियं,:यद्‌गलनालात्,इयं,
प्रवृत्तिर्निर्गता,:प्रवृत्तिः,निर्गता,
क्षिप्यतामिति,:क्षिप्यताम्,इति,
तदेते,:तदा,एते,
विरुद्धभाषणफलमेतदुपदर्शयन्ति,:विरुद्धभाषणफलम्,एतत्,उपदर्शयन्ति,
प्रकर्ष,ऊचे,:प्रकर्षः,ऊचे,
विकथासक्तानामविमृष्टभाषणपराणामियमेवावस्था,:विकथासक्तानाम्,अविमृष्टभाषणपराणाम्,इयमेव,अवस्था,
अत,एव,:अतः,एव,
सर्वजनहितपरिमिततथ्यभाषका,एव,:सर्वजनहितपरिमिततथ्यभाषकाः,एव,
गीयन्तेऽतो,हितेच्छुभिर्विकथा,:गीयन्ते,अतः,हितेच्छुभिः,विकथा,
हितेच्छुभिर्विकथा,:हितेच्छुभिः,विकथा,
तदवसरे,:तत्,अवसरे,
कश्चिदुज्ज्वलः,:कश्चित्,उज्ज्वलः,
कोऽयं,:कः,अयं,
यातीति,:याति,इति,
विमर्शो,जगौ,:विमर्शः,जगौ,
भटो,हर्षनामा,:भटः,हर्षनामा,
वासवनाम्नो,महेभ्यस्य,:वासवनाम्नः,महेभ्यस्य,
चिरविप्रयुक्तधनदत्ताभिधवयस्यसमागमनुदितस्य,:चिरविप्रयुक्तधनदत्ताभिधवयस्यसमागम्,अनुदितस्य,
गतो,हर्षस्तत्र,:गतः,हर्षः,तत्र,
हर्षस्तत्र,:हर्षः,तत्र,
वासवश्चिरेणागतं,:वासवः,चिरेण,आगतं,
समालिङ्ग्याऽऽसनं,:समालिङ्ग्य,आसनं,
सर्वोऽपि,:सर्व,अपि,
सपरिजनो,यावत्,:सपरिजनः,यावत्,
महाहर्षवशो,मित्रेण,:महाहर्षवशः,मित्रेण,
तावदेको,लम्बनकनामा,:तावत्,एकः,लम्बनकनामा,
गृहदासो,देशान्तरादेत्य,:गृहदासः,देशान्तरादेत्य,
किञ्चिद्,वक्तुमुपचक्रमे,:किञ्चित्,वक्तुम्,उपचक्रमे,
वक्तुमुपचक्रमे,:वक्तुम्,उपचक्रमे,
तदैवेकं,:तदा,एव,एकं,
कोऽयमिति,:कः,अयम्,इति,
मोहसैनिको,वासवगृहं,:मोहसैनिकः,वासवगृहं,
यतोऽस्य,:यतः,अस्य,
वासवस्योपयाचितशतैरेको,वर्द्धनमाना,:वासवस्य,उपयाचितशतैः,एकः,वर्द्धनमाना,
पुत्रोऽभूत्,:पुत्रः,अभूत्,
स,यौवनं,:सः,यौवनं,
प्राप्तो,वाणिज्यार्थं,:प्राप्तः,वाणिज्यार्थं,
वार्यमाणोऽपि,:वार्यमाणः,अपि,
बहुधनमादाय,:बहुधनम्,आदाय,
गतस्तत्र,:गतः,तत्र,
कोटिशो,धनान्यर्जयित्वा,:कोटिशः,धनानि,अर्जयित्वा,
धनान्यर्जयित्वा,:धनानि,अर्जयित्वा,
गृहमागच्छन्,:गृहम्,आगच्छन्,
मुषितो,लुण्टितश्च,:मुषितः,लुण्टितः,च,
सर्वोऽपि,:सर्वः,अपि,
गृहीतश्च,:गृहीतः,च,
महेभ्योऽयमिति,:महेभ्यः,अयम्,इति,
सपरिजनो,वर्द्धनश्चौरैस्तन्मध्यादेको,वर्द्धनश्चौरैस्तन्मध्यादेको,गृहदासो,गृहदासो,लम्बनकनामा,:सपरिजनः,वर्द्धनः,चौरैः,तन्मध्यात्,एकः,वर्द्धनः,चौरैः,तन्मध्यात्,एकः,गृहदासः,गृहदासः,लम्बनकनामा,
गृहागतोऽस्ति,:गृहागतः,अस्ति,
स,धनहरणादिवृत्तान्तं,:सः,धनहरणादिवृत्तान्तं,
कथयत्यतः,:कथयति,अतः,
विषादो,यातीति,:विषादः,याति,इति,
यातीति,:याति,इति,
लम्बनेनोक्तो,वृतान्तः,:लम्बनेन,उक्तः,वृतान्तः,
प्रविष्टश्च,:प्रविष्टः,च,
विषादस्तद्वशात्,:विषादः,तद्वशात्,
वारितोऽपि,:वारितः,अपि,
विदेशेऽगाः,:विदेशे,अगाः,
कुर्वेऽहं,:कुर्वे,अहं,
केनोपायेन,:केन,उपायेन,
मोचयामीत्यादि,:मोचयामि,इत्यादि,
सर्वोऽपि,:सर्वः,अपि,
विषादवशादाचक्रन्द,:विषादवशात,आचक्रन्द,
किमेतद्,भवचक्रवास्तव्यजनानां,:किम्,एतत्,भवचक्रवास्तव्यजनानां,
यद्,क्षणाद्,क्षणाद्,हृष्यन्ति,:यत्,क्षणात्,क्षणात्,हृष्यन्ति,
क्षणाच्च,:क्षणात्,च,
विमर्श,आह,:विमर्शः,आह,
मोहवशादेते,:मोहवशात्,एते,
बाह्यजना,धनपुत्रादि,:बाह्यजनाः,धनपुत्रादि,
विश्वमपि,:विश्वम्,अपि,
धनाद्यनित्यवस्तुनः,:धनादि,अनित्यवस्तुनः,
नानाश्चर्यमयमेतद्,भवचक्रपुरम्,:नानाश्चर्यम्,अयम्,एतत्,भवचक्रपुरम्,
प्रत्येकमत्र,:प्रत्येकम्,अत्र,
संक्षेपादेव,:संक्षेपात्,एव,
वच्मीति,:वच्मि,इति,
भवचक्रेऽसङ्ख्यानि,:भवचक्रे,असङ्ख्यानि,
तथापीमानि,:तथापि,इमानि,
सर्वाण्याप्येतदन्तर्गतानि,:सर्वाणि,अपि,एतत्,अन्तः,गतानि,
तदेतेषु,:तदा,एतेषु,
प्रथममिदं,:प्रथमम्,इदं,
पश्याऽत्र,:पश्य,अत्र,
मोहादिभिर्भृशं,:मोहादिभिः,भृशं,
विडम्बिता,जनाः,:विडम्बिताः,जनाः,
केचिद्,विषादवन्तः,:केचित्,विषादवन्तः,
केचिद्रागासक्ताः,:केचित्,रागासक्ताः,
केचिच्च,:केचित्,च,
दर्भागा,इत्यादि,:दुर्भागाः,इत्यादि,
विविधावस्था,दृश्यन्ते,:विविधावस्थाः,दृश्यन्ते,
अत्रत्या,जना,जना,अपि,:अत्रत्याः,जनाः,जनाः,अपि,
चिन्तासमकालोपस्थिताभीप्सितभोगादिभिश्च,:चिन्तासमकालोपस्थिताभीप्सितभोगादिभिः,च,
सातवेदनीयमनुभवतोऽपि,:सातवेदनीयम्,अनुभवतः,अपि,
ईर्ष्याभयशोकक्रोधविप्रयोगादिभिर्मोहसैनिकैर्विडम्ब्यमाना,एव,:ईर्ष्याभयशोकक्रोधविप्रयोगादिभिः,मोहसैनिकैः,विडम्ब्यमानाः,एव,
तृतीयमिदं,:तृतीयम्,इदं,
मोहराजो,विडम्बयति,:मोहराजः,विडम्बयति,
कर्मपरिणामराजेनासातवेदनीयाख्याभटोऽत्र,:कर्मपरिणामराजेन,असातवेदनीयाख्याभटः,अत्र,
नियुक्त,एवाऽस्ति,:नियुक्तः,एव,अस्ति,
एवाऽस्ति,:एव,अस्ति,
चतुर्थमेतत्,:चतुर्थम्,एतत्,
अत्रत्यजनस्तु,:अत्रत्यजनः,तु,
निबिडदुःखासक्तो,एवाऽऽस्ते,:निबिडदुःखासक्तः,एव,आस्ते,
एवाऽऽस्ते,:एव,आस्ते,
यतस्तप्तताम्रपानखड्गच्छेदन,:यतः,तप्तताम्रपानखड्गच्छेदन,
पीड्यमानोऽस्ति,:पीड्यमानः,अस्ति,
पापिपञ्जरेऽधोऽधः,:पापिपञ्जरे,अधः,अधः,
तत्राऽप्यधोऽधः,:तत्र,अपि,अध,अधः,
यथाक्रममधिकाधिकं,:यथाक्रमम्,अधिकाधिकं,
दुःखमित्येतद्,दुःखं,:दुःखम्,इति,एतत्,दुःखं,
केवल्येव,:केवल्य,एव,
प्रभुस्तदेवं,:प्रभुः,तदा,एवं,
समस्तोऽपि,:समस्तः,अपि,
भवचक्रवास्तव्यजनोऽकृतसन्तोषशरणो,मोहराजेन,:भवचक्रवास्तव्यजनः,आकृतसन्तोषशरणः,मोहराजेन,
पीडितोऽस्ति,:पीडितः,अस्ति,
सप्तस्त्रीर्विलोक्य,:सप्तस्त्रीः,विलोक्य,
पृष्टो,विमर्श,विमर्श,आह,:पृष्टः,विमर्शः,विमर्शः,आह,
स्त्रियो,यथासम्भवं,:स्त्रियः,यथासम्भवं,
तारुण्यमदोद्धतानपि,:तारुण्यमदोद्धतान्,अपि,
प्राणिनो,विजित्य,:प्राणिनः,विजित्य,
प्रक्षीणसर्वेन्द्रियबलांश्च,:प्रक्षीणसर्वेन्द्रियबलान्,च,
तथाऽसातावेदनीयनिर्देशात्,:तथा,असातावेदनीयनिर्देशात्,
रुजाऽभिधा,:रुजा,अभिधा,
ज्वराऽतीसारकुष्टप्रमेहशूलच्छर्द्दिभ्रमश्वासकासकण्डूजलोदरादयोऽस्याः,:ज्वराऽतीसारकुष्टप्रमेहशूलच्छर्द्दिभ्रमश्वासकासकण्डूजलोदरादयः,अस्याः,
परिवारस्तेन,:परिवारः,तेन,
विषाऽग्निशस्त्रोदकपर्वतादिपाताऽऽकस्मिकभयादिभिः,:विषाऽग्निशस्त्रोदकपर्वतादिपाता,आकस्मिकभयादिभिः,
स्त्रीत्वेऽपि,:स्त्रीत्वे,अपि,
महोजसोऽपि,:महोजसः,अपि,
त्रिभुवनेऽप्यकुण्ठितविक्रमा,:त्रिभुवने,अपि,अकुण्ठितविक्रमा,
मत्सरेर्ष्याऽसूयामिथ्याकैतवविश्वस्तवञ्चनकृतघ्नताद्यपलक्षणानि,:मत्सर,इर्ष्या,असूयामिथ्याकैतवविश्वस्तवञ्चनकृतघ्नतादि,उपलक्षणानि,
दुष्टनामकर्मोदयनियुक्तैषा,:दुष्टनामकर्मोदयनियुक्ता,एषा,
प्राणिनोऽन्धकाणखलतिकुणिकुब्जवामनावनायदि,:प्राणिनः,अन्धकाणखलतिकुणिकुब्जवामनावनायदि,
अन्तरायनृपादिष्टैषा,:अन्तरायनृपादिष्टा,एषा,
द्यूतदिव्यसनजलाऽग्निचौरादिनिमित्तैर्धनक्षये,:द्यूतदिव्यसनजलाऽग्निचौरादिनिमित्तैः,धनक्षये,
प्रायो,बह्वपत्यता,:प्रायः,बह्वपत्यता,
इत्यादयोऽस्याः,:इत्यादयः,अस्याः,
परिवारस्तेन,:परिवारः,तेन,
पुण्योदयजनितमैश्वर्यं,:पुण्योदयजनितम्,ऐश्वर्यं,
प्राणिनो,दुर्भगान्,:प्राणिनः,दुर्भगान्,
सप्तस्त्रियो,विश्वव्यापिन्यो,विश्वव्यापिन्यो,यथासम्भवं,:सप्तस्त्रियः,विश्वव्यापिन्यः,विश्वव्यापिन्यः,यथासम्भवं,
एता,अपि,:एताः,अपि,
सन्त्येव,:सन्ति,एव,
निश्चयनयापेक्षया,:निश्चयनय,अपेक्षया,
यद्यप्यप्रतीकारा,एतास्तथापि,:यद्यपि,अप्रतीकाराः,एताः,तथापि,
एतास्तथापि,:एताः,तथापि,
व्यवहारनयमाश्रित्य,:व्यवहारनयम्,आश्रित्य,
एतत्प्रतीकारास्तपःप्रभृतयः,:एतत्प्रतीकाराः,तपःप्रभृतयः,
सन्त्येव,:सन्ति,एव,
सर्वोऽपि,:सर्वः,अपि,
जनो,व्यवहारमवलम्ब्य,:जनः,व्यवहारम्,अवलम्ब्य,
व्यवहारमवलम्ब्य,:व्यवहारम्,अवलम्ब्य,
सद्भिर्यथाकथञ्चिदेतासां,:सद्भिः,यथाकथञ्चित्,एतासां,
प्रकर्षो,जगाद,:प्रकर्षः,जगाद,
यत्रैता,जरादयो,जरादयो,न,:यत्र,एताः,जरादयः,जरादयः,न,
विमर्श,आह,:विमर्शः,आह,
अस्त्यनन्तसुखास्पदं,:अस्ति,अनन्तसुखास्पदं,
प्रचार,एव,:प्रचारः,एव,
कदाऽप्यस्ति,:कदापि,अस्ति,
ज्ञानदर्शनचारित्राणामेकान्तसेवया,:ज्ञानदर्शनचारित्राणाम्,एकान्तसेवया,
समस्तमपीदं,:समस्तम्,अपि,इदं,
मोहराजादिभिर्व्याप्तं,:मोहराजादिभिः,व्याप्तं,
मिथ्यात्वाऽमात्यस्य,:मिथ्यात्व,अमात्यस्य,
स्थानेऽधिकारशक्तिरिति,:स्थाने,अधिकारशक्तिः,इति,
विमर्श,आह,:विमर्शः,आह,
मानवावासादिचतुर्ष्वपि,:मानवावासादिचतुर्षु,अपि,
स्थितिरस्ति,:स्थितिः,अस्ति,
परंत्वस्य,:परंतु,अस्य,
षट्पुराण्येतानि,:षट्पुराणि,एतानि,
पुर,एवाऽन्तर्भवति,:पुरे,एव,अन्तः,भवति,
एवाऽन्तर्भवति,:एव,अन्तः,भवति,
पञ्चैवोच्यन्ते,:पञ्च,एव,उच्यन्ते,
विवेकपर्वतस्याऽप्रमत्तताख्यशिखरवर्त्ति,:विवेकपर्वतस्य,अप्रमत्तताख्यशिखरवर्त्ति,
तदेतज्जैनपुरं,:तत्,एतत्,जैनपुरं,
एतद्वास्तव्यजनान्,:एतत्,वास्तव्यजनान्,
मिथ्यात्वाऽमात्यो,न,:मिथ्यात्व,अमात्यः,न,
प्रकर्ष,आह,:प्रकर्षः,आह,
कथमेते,:कथम्,एते,
जैनपुरवास्तव्या,जना,जना,अन्यपुरपञ्चकवास्तव्यवत्,:जैनपुरवास्तव्याः,जनाः,जनाः,अन्यपुरपञ्चकवास्तव्यवत्,
पुरपञ्चकवास्तव्यास्तु,:पुरपञ्चकवास्तव्याः,तु,
कञ्चिदुन्मार्गमवलम्ब्य,:कञ्चित्,उन्मार्गम्,अवलम्ब्य,
पश्चाच्च,:पश्चात्,च,
चिरेणाऽपि,:चिरेण,अपि,
जैनपुरवास्तव्यास्तु,:जैनपुरवास्तव्याः,तु,
सम्यग्दर्शनकृताधिपत्यास्तदुक्तमार्गमवलम्बमाना,:सम्यक्,दर्शनकृताधिपत्याः,तत्,उक्तमार्गम्,अवलम्बमाना,
अचिरेणैव,:अचिरेण,एव,
निर्वृत्तिपुरमासादयन्तीति,:निर्वृत्तिपुरमासादयन्ति,इति,
पृथग्,उपादानम्,:पृथक्,उपादानम्,
पुरपञ्चकवास्तव्यजनानामसमीक्षितप्रवृत्तिसंवादकं,:पुरपञ्चकवास्तव्यजनानाम्,असमीक्षितप्रवृत्तिसंवादकं,
भौतकथानकमाह,:भौतकथानकम्,आह,
भौताचार्यो,बधिरोऽस्ति,:भौताचार्यः,बधिरः,अस्ति,
बधिरोऽस्ति,:बधिरः,अस्ति,
केनचिद्,धूर्त्तेणाऽऽगत्य,:केनचित्,धूर्त्तेण,आगत्य,
धूर्त्तेणाऽऽगत्य,:धूर्त्तेण,आगत्य,
यदुत,:यत्,उत,
'रिपुवद्व्याधिरप्युपेक्षितोऽग्रे,:'रिपुवद्व्याधिः,अपि,उपेक्षितः,अग्रे,
नीतिवाक्याद्,भवद्भिरपि,:नीतिवाक्यात्,भवद्भिः,अपि,
भवद्भिरपि,:भवद्भिः,अपि,
नोपेक्षणीयोऽयं,:न,उपेक्षणीयः,अयं,
कर्त्तव्य,एव,:कर्त्तव्यः,एव,
त्वरितमस्य,:त्वरितम्,अस्य,
प्रतीकार,इत्युक्त्वा,:प्रतीकारः,इत्युक्त्वा,
सदाशिवस्तद्वचः,:सदाशिवः,तद्वचः,
शान्तिशिवो,यावद्,यावद्,वैद्यगृहमागत्य,:शान्तिशिवः,यावत्,यावत्,वैद्यगृहम्,आगत्य,
वैद्यगृहमागत्य,:वैद्यगृहम्,आगत्य,
तदवसरे,:तत्,अवसरे,
रज्जुभिर्नियन्त्रय,:रज्जुभिः,नियन्त्रय,
तद्विलोक्य,:तत्,विलोक्य,
कथमसौ,:कथम्,असौ,
वैद्य,आह,:वैद्यः,आह,
यदयं,:यत्,अयं,
बधिरोऽस्ति,:बधिरः,अस्ति,
तदेवं,:तदा,एवं,
स्वस्त्रियाऽपि,:स्वस्त्रिया,अपि,
निवार्यमाणो,वैद्यस्तथैवाह,:निवार्यमाणः,वैद्यः,तथैव,आह,
वैद्यस्तथैवाह,:वैद्यः,तथैव,आह,
प्रातिवेश्मिकादिभिरपि,:प्रातिवेश्मिकादिभिः,अपि,
नाऽयं,:न,अयं,
शब्दशतैरपि,:शब्दशतैः,अपि,
शृणोतीत्यस्य,:शृणोति,इत्यस्य,
ततो,न,:ततः,न,
केनाऽपि,:केन,अपि,
इत्थमेवाऽस्य,:इत्थम्,एव,अस्य,
यास्यतीति,:यास्यति,इति,
परमार्थानभिज्ञस्तद्वैद्यौक्तमेवावधार्य,:परमार्थ,अनभिज्ञः,तत्,वैद्यौक्तम्,अवधार्य,
स्वाश्रममागत्य,:स्वाश्रमम्,आगत्य,
वंशादिकम्बाभिर्बाढं,:वंशादिकम्बाभिः,बाढं,
यथाऽसौ,:यथा,असौ,
तदराटि,:तत्,अराटि,
किमिदं,:किम्,इदं,
वैद्यमुखाद्,बाधिर्यप्रतीकारोऽयं,:वैद्यमुखात्,बाधिर्यप्रतीकारः,अयं,
बाधिर्यप्रतीकारोऽयं,:बाधिर्यप्रतीकारः,अयं,
श्रुतोऽस्ति,:श्रुतः,अस्ति,
बाधिर्यमपनयामि,:बाधिर्यम्,अपनयामि,
दूरेऽपसरत,यूयं,:दूरे,अपसरतः,यूयं,
कश्चिदन्तराले,:कश्चित्,अन्तराले,
तमपि,:तम्,अपि,
ताडयिष्याम्यहमि"त्युक्त्वा,:ताडयिष्यामि,अहम्,इ"ति,उक्त्वा,
पुनर्भृशं,:पुनः,भृशं,
लग्नस्ततस्तं,:लग्नः,ततः,तं,
लोकैर्वैद्यमाकार्य,:लोकैः,वैद्यम्,आकार्य,
वैद्यस्तमाह,:वैद्यः,तम्,आह,
मत्पुत्रस्तु,:मत्पुत्रः,तु,
पठनमनादृत्य,:पठनम्,अनादृत्य,
मद्वचोऽवगणयन्,:मद्वचः,अवगणयन्,
ताडितो,लोकैः,:ताडितः,लोकैः,
शृणोतीत्युक्तं,:शृणोति,इत्युक्तं,
ताडनाद्,बाधिर्यं,:ताडनात्,बाधिर्यं,
स,बहुधा,:सः,बहुधा,
निर्भर्त्सितो,मोचितश्च,:निर्भर्त्सितः,मोचितः,च,
मोचितश्च,:मोचितः,च,
ततो,"हे,:ततः,"हे,
पञ्चाऽपि,:पञ्च,अपि,
यतस्ततो,यत्,:यतः,ततः,यत्,
किञ्चिद्,अपि,:किञ्चित्,अपि,
तदेवाऽङ्गीकृत्योन्मार्गे,:तदा,एव,अङ्गीकृत्य,उन्मार्गे,
साधयन्तीति,:साधयन्ति,इति,
प्रकर्ष,आह,:प्रकर्षः,आह,
येऽमी,:ये,अमी,
जैनास्ते,:जैनाः,ते,
तत्त्वज्ञानादेव,:तत्त्वज्ञानात्,एव,
कोऽस्ति,:कः,अस्ति,
षण्णामपि,:षण्णाम्,अपि,
नैयायिकास्तु,:नैयायिकाः,तु,
प्रमाणप्रमेयसंशयप्रयोजनदृष्टान्तसिद्धान्ताऽवयवतर्कनिर्णयवादजल्पवितण्डाहेत्वाभासच्छलजातिनिग्रहस्थानानां,:प्रमाणप्रमेयसंशयप्रयोजनदृष्टान्तसिद्धान्त,अवयवतर्कनिर्णयवादजल्पवितण्डाहेत्वाभासच्छलजातिनिग्रहस्थानानां,
प्रत्यक्षाऽनुमानोपमानशाब्दभेदाच्चत्वारि,:प्रत्यक्षाऽनुमानोपमानशाब्दभेदात्,चत्वारि,
वैशेषिका,द्रव्यगुणकर्मसामान्यविशेषसमवाया,द्रव्यगुणकर्मसामान्यविशेषसमवाया,इति,:वैशेषिकाः,द्रव्यगुणकर्मसामान्यविशेषसमवायाः,द्रव्यगुणकर्मसामान्यविशेषसमवायाः,इति,
उभयेषामपीश्वरो,देवस्तत,देवस्तत,एकदैवतत्वात्,:उभयेषाम्,अपि,ईश्वरः,देवः,ततः,देवः,ततः,एकदैवतत्वात्,
तत्त्वानुगमाच्च,:तत्त्वानुगमात्,च,
वैशेषिका,नैयायिकमत,नैयायिकमत,एवाऽन्तर्भवन्ति,:वैशेषिकाः,नैयायिकमते,नैयायिकमते,एव,अन्तः,भवन्ति,
एवाऽन्तर्भवन्ति,:एव,अन्तः,भवन्ति,
उभयेऽपि,:उभये,अपि,
शैवा,उच्यन्ते,:शैवाः,उच्यन्ते,
साङ्ख्यस्तु,:साङ्ख्यः,तु,
रजस्तम,इति,:रजस्तमः,इति,
प्रकृतिमहदहङ्‌कारस्पर्शनरसनघ्राणचक्षुःश्रोत्रपायूपस्थवाक्पाणिपादमनःशब्दरूपरसगन्धस्पर्शपृथिव्यप्तेजोवाय्वाऽऽकाशलक्षणानि,:प्रकृतिमहत्,अहङ्‌कारस्पर्शनरसनघ्राणचक्षुःश्रोत्रपायूपस्थवाक्पाणिपादमनःशब्दरूपरसगन्धस्पर्शपृथिव्यप्तेजोवाय्वाऽऽकाशलक्षणानि,
प्रकृतिवियोगो,मोक्ष,मोक्ष,इति,:प्रकृतिवियोगः,मोक्षः,मोक्षः,इति,
केचिदीश्वरदैवताः,:केचित्,ईश्वरदैवताः,
केचिच्च,:केचित्,च,
नारायणदैवता,इति,:नारायणदैवताः,इति,
बौद्धास्तु,:बौद्धाः,तु,
चत्वारस्तद्,भेदाः,:चत्वारः,तत्,भेदाः,
चतुर्णामपि,:चतुर्णाम्,अपि,
सुगतो,देवता,देवता,क्षणिकाः,:सुगतः,देवताः,देवताः,क्षणिकाः,
प्रत्यक्षमनुमानं,:प्रत्यक्षम्,अनुमानं,
चेति,:च,इति,
मुक्तिरिति,:मुक्तिः,इति,
मीमांसकास्तु,:मीमांसकाः,तु,
कश्चित्सर्वज्ञादिविशेषणविशिष्टो,जगति,:कश्चित्सर्वज्ञादिविशेषणविशिष्टः,जगति,
देवस्ततोऽपौरुषेयेभ्यो,नित्येभ्यो,नित्येभ्यो,वेदवाक्येभ्य,वेदवाक्येभ्य,एवार्थविनश्चयः,:देवः,ततः,अपौरुषेयेभ्यः,नित्येभ्यः,नित्येभ्यः,वेदवाक्येभ्यः,वेदवाक्येभ्यः,एव,अर्थविनश्चयः,
एवार्थविनश्चयः,:एव,अर्थविनश्चयः,
ततो,वेदपाठपूर्वकं,:ततः,वेदपाठपूर्वकं,
कार्येत्येवं,:कार्य,इत्येवं,
लक्षणो,धर्मस्तत्,:लक्षणः,धर्मः,तत्,
धर्मस्तत्,:धर्मः,तत्,
स्वःकामोऽग्निं,:स्वःकामः,अग्निं,
यजेदि'त्यादि,:यजेत्,'इत्यादि,
आत्मन्यवलयो,मुक्तिरिति,:आत्मन्यवलयः,मुक्तिः,इति,
मुक्तिरिति,:मुक्तिः,इति,
नास्तिकास्तु,:नास्तिकाः,तु,
पुण्यपापपरलोकधर्माऽधर्मजीवस्वर्गमोक्षादिसर्वमप्यपलपन्ति,:पुण्यपापपरलोकधर्माऽधर्मजीवस्वर्गमोक्षादिसर्वम्,अपि,अपलपन्ति,
एतावानेवाऽयं,:एतावान्,एव,अयं,
पञ्चभूतात्मकोऽयं,:पञ्चभूतात्मकः,अयं,
देहो,मद्याङ्गोत्थामदशक्तिरिव,:देहः,मद्याङ्गोत्थामदशक्तिः,इव,
मद्याङ्गोत्थामदशक्तिरिव,:मद्याङ्गोत्थामदशक्तिः,इव,
भूतसमुदायोत्थमिदं,:भूतसमुदायोत्थम्,इदं,
इदमपि,:इदम्,अपि,
कुतस्तर्हि,:कुतः,तर्हि,
ततो,दृष्टसुखपरित्यागेनाऽदृष्टे,:ततः,दृष्टसुखपरित्यागेन,अदृष्टे,
दृष्टसुखपरित्यागेनाऽदृष्टे,:दृष्टसुखपरित्यागेन,अदृष्टे,
प्रयत्नस्तु,:प्रयत्नः,तु,
मरीचिकाधावनकल्प',:मरीचिकाधावनकल्पः,',
प्रत्यक्षमेव,:प्रत्यक्षम्,एव,
पञ्चापि,:पञ्च,अपि,
रणाङ्गगणमिव,:रणाङ्गगणम्,इव,
नाऽऽक्रमन्ते,:न,आक्रमन्ते,
'जीवाऽजीवाऽऽश्रवसंवरनिर्जराबन्धमोक्ष,इति,:'जीवाऽजीवाऽऽश्रवसंवरनिर्जराबन्धमोक्षः,इति,
नवाऽपि,:नव,अपि,
चैतन्यलक्षणो,जीवस्तद्विपरीतोऽजीवः,:चैतन्यलक्षणः,जीवस्तद्विपरीतः,अजीवः,
जीवस्तद्विपरीतोऽजीवः,:जीवस्तद्विपरीतः,अजीवः,
मिथ्यात्वाऽविरतिकषाययोगैर्हेतुभिर्यद्बन्धहेतुककर्मपुद्‌गलादानं,:मिथ्यात्वाऽविरतिकषाययोगैः,हेतुभिः,यत्,बन्धहेतुककर्मपुद्‌गलादानं,
संश्‌लेषो,बन्धः,:संश्‌लेषः,बन्धः,
कर्मपरिशाटो,निर्जरा,:कर्मपरिशाटः,निर्जरा,
निर्जराया,फलं,:निर्जरायाः,फलं,
स,तु,:सः,तु,
तथाऽज्ञानाद्यष्टादशदोषरहितो,वीतरागो,वीतरागो,देवः,:तथा,अज्ञानादि,अष्टादशदोषरहितः,वीतरागः,वीतरागः,देवः,
सम्यक्त्वनिरूपको,गुरुः,:सम्यक्त्वनिरूपकः,गुरुः,
ज्ञानदर्शनचारित्ररूपरत्नत्रितयलक्षणो,धर्मः,:ज्ञानदर्शनचारित्ररूपरत्नत्रितयलक्षणः,धर्मः,
ज्ञानक्रियासंयोगाच्च,:ज्ञानक्रियासंयोगात्,च,
मुक्तिरिति,:मुक्तिः,इति,
ततो,विगलितसकलकलङ्‌ककश्मलः,:ततः,विगलितसकलकलङ्‌ककश्मलः,
शाणोल्लिखितजात्यमणिरिव,:शाणोल्लिखितजात्यमणिः,इव,
सर्वज्ञोपदिष्टत्वात्,:सर्वज्ञ,उपदिष्टत्वात्,
जैनमार्‌गो,विच्छायतामासादयति,:जैनमार्‌गः,विच्छायताम्,आसादयति,
विच्छायतामासादयति,:विच्छायताम्,आसादयति,
नैयायिकाद्यास्तु,:नैयायिकाद्याः,तु,
दधन्तोऽपि,:दधन्तः,अपि,
काचमणय,इव,:काचमणयः,इव,
अत,एव,:अतः,एव,
क्लिश्यमाना,अपि,:क्लिश्यमानाः,अपि,
नाऽऽप्नुवन्ति,:न,आप्नुवन्ति,
एवमन्येऽपि,:एवम्,अन्ये,अपि,
क्रियावादिप्रभृतयस्त्रिषष्ट्यधिकशतत्रयमितपाखण्डिनो,निह्नवाद्याश्चोत्सूत्रप्ररूपका,निह्नवाद्याश्चोत्सूत्रप्ररूपका,विरुद्धमार्गचारिणस्ते,:क्रियावादिप्रभृतयः,त्रिषष्ट्यधिकशतत्रयमितपाखण्डिनः,निह्नवाद्याः,च,उत्सूत्रप्ररूपकाः,निह्नवाद्याः,च,उत्सूत्रप्ररूपकाः,विरुद्धमार्गचारिणः,ते,
विरुद्धमार्गचारिणस्ते,:विरुद्धमार्गचारिणः,ते,
कुर्वन्तोऽपि,:कुर्वन्तः,अपि,
मिथ्यात्वाऽमात्यपराभूताः,:मिथ्यात्व,अमात्यपराभूताः,
संसारवृद्धिकारिणो,भवन्ति,:संसारवृद्धिकारिणः,भवन्ति,
तज्जैनपुरं,:तत्,जैनपुरं,
मिथ्यात्वमोहाद्यपराजिता,जैना,जैना,जनाः,:मिथ्यात्वमोहादि,अपराजिताः,जैनाः,जैनाः,जनाः,
द्वावपि,:द्वौ,अपि,
दृष्टास्तत्र,:दृष्टाः,तत्र,
साधवो,मोहादिबलध्वंसकाः,:साधवः,मोहादिबलध्वंसकाः,
विलोकयैते,:विलोकय,एते,
चतुर्विधाऽदत्तपरिहारकाः,:चतुर्विधा,अदत्तपरिहारकाः,
स्वदेहेऽपि,:स्वदेहे,अपि,
द्वाचत्वारिंशद्दोषवर्जिताहारग्राहकाः,:द्वाचत्वारिंशत्,दोषवर्जिताहारग्राहकाः,
प्रमत्ततासरिदपि,:प्रमत्ततासरित्,अपि,
तिष्ठन्त्यत्रैते,:तिष्ठन्ति,अत्र,एते,
विमर्श,आह,:विमर्शः,आह,
चित्तवृत्त्यटव्यामेवाऽयं,:चित्तवृत्त्यटव्याम्,एव,अयं,
अस्योपत्यकायां,:अस्य,उपत्यकायां,
नगराण्यात्राऽन्तर्भवन्ति,:नगराणि,अत्र,अन्तर्भवन्ति,
अत,ये,:अतः,ये,
सम्यग्दर्शनसदागमोपेक्षिता,:सम्यक्,दर्शनसदागम,उपेक्षिता,
मोहादिवशवर्त्तिनस्ते,:मोहादिवशवर्त्तिनः,ते,
कदाऽपि,:कदा,अपि,
द्रष्टुमपि,:द्रष्टुम्,अपि,
चेदं,:च,इदं,
धन्या,एवाऽत्र,:धन्याः,एव,अत्र,
एवाऽत्र,:एव,अत्र,
कर्मपरिणामराजोऽप्येषां,:कर्मपरिणामराजः,अपि,एषां,
सात्त्विकपुरवास्तव्यास्तु,:सात्त्विकपुरवास्तव्याः,तु,
मार्गानुसारिण,इत्युच्यन्ते,:मार्गानुसारिणः,इति,उच्यन्ते,
इत्युच्यन्ते,:इति,उच्यन्ते,
जैनपुरवास्तव्यास्ते,:जैनपुरवास्तव्याः,ते,
जैना,इति,:जैनाः,इति,
विवेकपर्वतोपरिस्थाः,:विवेकपर्वत,उपरिस्थाः,
समस्तमपि,:समस्तम्,अपि,
मोहादयोऽपि,:मोहादयः,अपि,
जैनानुपद्रोतुमायान्ति,:जैनानुपद्रोतुम्,आयान्ति,
विवेकदुर्गाश्रितत्वाद्,अकिञ्चित्करा,अकिञ्चित्करा,एव,:विवेकदुर्गाश्रितत्वात्,अकिञ्चित्कराः,अकिञ्चित्कराः,एव,
चतुर्ष्वपि,:चतुर्षु,अपि,
जैना,वसन्तो,वसन्तो,दृश्यन्ते,:जैनाः,वसन्तः,वसन्तः,दृश्यन्ते,
तत्त्वतस्ते,:तत्त्वतः,ते,
जैनपुर,एव,:जैनपुरः,एव,
प्रकर्ष,आह,:प्रकर्षः,आह,
किलैतेषु,:किल,एतेषु,
जैनेष्वपि,:जैनेषु,अपि,
मिथ्यात्वाधीनजनवत्,:मिथ्यात्व,अधीनजनवत्,
मोहादयो,दृश्यन्त,दृश्यन्त,एव,:मोहादयः,दृश्यन्ते,दृश्यन्ते,एव,
यदेतेऽपि,:यदा,एते,अपि,
गुरुदर्शनात्,:गुरुः,दर्शनात्,
प्रवचनप्रत्यनीकेभ्यो,रुष्यन्ति,:प्रवचनप्रति,अनीकेभ्यः,रुष्यन्ति,
निर्वाहेऽहङ्‌कुर्वते,:निर्वाहे,अहङ्कुर्वते,
कृत्वाऽपि,:कृत्वा,अपि,
भवभ्रमणाद्,बिभ्यन्ति,:भवभ्रमणात्,बिभ्यन्ति,
दुष्टाचरिते,:दुष्ट,आचरिते,
चेष्टितैर्मोहादिसद्भावः,:चेष्टितैः,मोहादिसद्भावः,
स्फुट,एव,:स्फुटः,एव,
तत्कथमेते,:तत्कथम्,एते,
मोहादिध्वंसका,इत्युच्यन्ते,:मोहादिध्वंसकाः,इति,उच्यन्ते,
इत्युच्यन्ते,:इति,उच्यन्ते,
तदेतत्,:तदा,एतत्,
मोहादयस्तु,:मोहादयः,तु,
प्रशस्ताऽप्रशस्तभेदाद्,द्विधाः,:प्रशस्ताऽप्रशस्तभेदात्,द्विधाः,
तत्राऽप्रशस्ताः,:तत्र,अप्रशस्ताः,
कर्मपरिणामपक्षपातिनस्ते,:कर्मपरिणामपक्षपातिनः,ते,
प्रशस्तास्ते,:प्रशस्ताः,ते,
चारित्रधर्मपक्षपातिनो,जैनेषु,:चारित्रधर्मपक्षपातिनः,जैनेषु,
पुरतश्चित्तसमाधानमण्डपे,:पुरतः,चित्तसमाधानमण्डपे,
विष्टरनिविष्टो,दानशीलतपोभावरूपमुखचतुष्टयकलितश्चारित्रधर्मनृपः,:विष्टः,अनिविष्टः,दानशीलतपोभावरूपमुखचतुष्टयकलितः,चारित्रधर्मनृपः,
दानशीलतपोभावरूपमुखचतुष्टयकलितश्चारित्रधर्मनृपः,:दानशीलतपोभावरूपमुखचतुष्टयकलितः,चारित्रधर्मनृपः,
पश्यैष,चारित्रधर्मनृपो,चारित्रधर्मनृपो,मुखचतुष्केण,:पश्य,एषः,चारित्रधर्मनृपः,चारित्रधर्मनृपः,मुखचतुष्केण,
धर्ममार्गमुपदिशति,:धर्ममार्गम्,उपदिशति,
दानमपि,:दानम्,अपि,
चाऽष्टादशसहस्रशीलाङ्गभेदकलितं,:च,अष्टादशसहस्रशीलाङ्गभेदकलितं,
शीलपालनमादिशति,:शीलपालनम्,आदिशति,
दुष्टतपस्तु,:दुष्टतपः,तु,
चतुर्थमुखेनाऽनित्यादिद्वादशभावनाः,:चतुर्थमुखेन,अनित्यादिद्वादशभावनाः,
यत्किञ्चिदेकैकमपि,:यत्किञ्चित्,एकैकम्,अपि,
यदनुभावात्,:यत्,अनुभावात्,
मोहादयो,हतप्रभावा,हतप्रभावा,दूरत,दूरत,एव,:मोहादयः,हतप्रभावाः,हतप्रभावाः,दूरतः,दूरतः,एव,
स्थिताऽतिसुन्दराऽङ्गी,:स्थिता,अतिसुन्दराऽङ्गी,
पञ्चपुरुषास्ते,:पञ्चपुरुषाः,ते,
सामायिकछेदोपस्थापनीयपरिहारविशुद्धिसूक्ष्मसम्पराययथाख्यातनामानो,राज्ञोऽङ्गभूता,राज्ञोऽङ्गभूता,वयस्याः,:सामायिकछेदोपस्थापनीयपरिहारविशुद्धिसूक्ष्मसम्पराययथाख्यातनामानः,राज्ञः,अङ्गभूताः,राज्ञः,अङ्गभूताः,वयस्याः,
पुनर्द्वादशमानुषाणि,:पुनः,द्वादशमानुषाणि,
तत्राऽनशनोनोदरितावृत्तिसङ्क्षेपरसत्त्यागकायक्लेशसंलीनताख्यानि,:तत्र,अनशनोनोदरितावृत्तिसङ्क्षेपरसत्त्यागकायक्लेशसंलीनताख्यानि,
एभिर्वृतस्य,:एभिः,वृतस्य,
तपसो,माहात्म्यात्,:तपसः,माहात्म्यात्,
तच्च,:तत्,च,
चाऽकिञ्चन्यं,:च,अकिञ्चन्यं,
चेति,:च,इति,
एभिर्दशभिर्वृतोऽयं,:एभिः,दशभिः,वृतः,अयं,
राज्ञो,ज्येष्ठपुत्रो,ज्येष्ठपुत्रो,यतिधर्मनामा,:राज्ञः,ज्येष्ठपुत्रः,ज्येष्ठपुत्रः,यतिधर्मनामा,
चाऽस्य,:च,अस्य,
द्वितीयोयं,:द्वितीयः,अयं,
राज्ञो,लघुपुत्रो,लघुपुत्रो,गृहस्थधर्माभिधः,:राज्ञः,लघुपुत्रः,लघुपुत्रः,गृहस्थधर्माभिधः,
व्रताऽनर्थदण्डविरतिसामायिकदेशावकाशिकपौषधोपवासाऽतिथिसंविभागनामकद्वादशमानुषवृतोऽस्य,:व्रताऽनर्थदण्डविरतिसामायिकदेशावकाशिकपौषधोपवासाऽतिथिसंविभागनामकद्वादशमानुषवृतः,अस्य,
सम्यग्दर्शनाभिधो,महामात्यः,:सम्यक्,दर्शनाभिधः,महामात्यः,
राज्ञो,राजकुमारयोश्च,:राज्ञः,राजकुमारयोः,च,
राजकुमारयोश्च,:राजकुमारयोः,च,
चोपशमसंवेगनिर्वेदाऽनुकम्पाऽऽस्तिक्यनामानोऽस्य,:च,उपशमसंवेगनिर्वेदाऽनुकम्पाऽऽस्तिक्यनामानः,अस्य,
मैत्रीमुदिताकरुणोपेक्षाख्याश्चतस्रः,:मैत्रीमुदिताकरुणोपेक्षाख्याः,चतस्रः,
स्त्रियोऽस्य,:स्त्रियः,अस्य,
परिचारिका,ह्येता,सम्यग्दर्शनाऽमात्यस्य,:परिचारिकाः,हि,एताः,सम्यक्,दर्शन,अमात्यस्य,
सपरिकरोऽप्ययं,:सपरिकरः,अपि,अयं,
सम्यग्दर्शनाऽमात्यो,मिथ्यात्वोन्मूलनक्षमः,:सम्यक्,दर्शन,अमात्यः,मिथ्यात्व,उन्मूलनक्षमः,
मिथ्यात्वोन्मूलनक्षमः,:मिथ्यात्व,उन्मूलनक्षमः,
दर्शनमोहनीयस्योपशमे,:दर्शनमोहनीयस्य,उपशमे,
क्रमाद्,औपशमिकक्षायोपशमिकक्षायिकलक्षणं,:क्रमात्,औपशमिकक्षायोपशमिकक्षायिकलक्षणं,
द्वितीयो,महामात्यो,महामात्यो,भूतभविष्यद्वर्त्तमानान्,:द्वितीयः,महामात्यः,महामात्यः,भूतभविष्यद्वर्त्तमानान्,
स,एव,:सः,एव,
सदागम,इत्युच्यते,:सदागमः,इत्युच्यते,
सदागमोयं,:सदागमः,अयं,
मत्यवधिमनःपर्यवकेवलाख्यश्चत्वारोऽपि,:मत्यवधिमनःपर्यवकेवलाख्यः,चत्वारः,अपि,
स्वकार्यसाधका,एव,:स्वकार्यसाधकाः,एव,
अत,एव,:अतः,एव,
सर्वोऽपि,:सर्व,अपि,
सदागमाज्ञयैव,:सदागमाज्ञया,एव,
च।,:यः,च,अक्षरमात्रामात्रमपि,
वा,स,:सः,जमालिवदनन्तं,
ततो,हितैषिभिः,:ततः,हितैषिभिः,
सम्यग्सदागमाज्ञयैव,:सम्यग्सदागमाज्ञया,एव,
केवलाज्ञानाख्यपञ्चमवयस्यबलेनेति,:केवलाज्ञानाख्यपञ्चमवयस्यबलेन,इति,
प्रकर्ष,उवाच,:प्रकर्षः,उवाच,
महाभटमुद्दिश्य,:महाभटम्,उद्दिश्य,
वयमत्रागताः,:वयम्,अत्र,आगताः,
स,तु,:सः,तु,
दृष्टस्तत्,:दृष्टः,तत्,
भविष्यत्यसौ,:भविष्यति,असौ,
पुरतो,निविष्टः,:पुरतः,निविष्टः,
पञ्चाऽपि,:पञ्च,अपि,
विहितश्च,:विहितः,च,
स्थापितोऽस्ति,:स्थापितः,अस्ति,
युद्ध्यतोऽनन्तः,:युद्ध्यतः,अनन्तः,
कालोऽतिक्रान्तः,:कालः,अतिक्रान्तः,
कदाप्येतत्सैन्यमपसरति,:कदापि,एतत्,सैन्यम्,अपसरति,
कदाचिच्च,:कदाचित्,च,
मोहसैन्यमपसरित,:मोहसैन्यम्,अपसरितः,
भविष्यतीति,:भविष्यति,इति,
चाऽस्याङ्गसङ्गिनी,:च,अस्याङ्गसङ्गिनी,
सुखदुःखयोर्मानाऽपमानयोः,:सुखदुःखयोः,मानाऽपमानयोः,
शुभाऽशुभाहारयोर्वा,:शुभाऽशुभाहारयोः,वा,
प्राणिनो,भवन्ति,:प्राणिनः,भवन्ति,
अतो,हे,:अतः,हे,
चारित्रधर्मनृपो,यतिधर्मगृहिधर्मौ,:चारित्रधर्मनृपः,यतिधर्मगृहिधर्मौ,
सम्यग्दर्शनसद्बोधाख्यौ,:सम्यक्,दर्शनसद्बोधाख्यौ,
सुभटाश्चारित्रधर्मं,:सुभटाः,चारित्रधर्मं,
चाऽस्य,:च,अस्य,
स्यादित्यलं,:स्यात्,इति,अलं,
याव",:यावः,",
इत्युदित्वा,:इति,उदित्वा,
सौजन्यदाक्षिण्याद्यनेकमातङ्गान्,:सौजन्यदाक्षिण्यादि,अनेकमातङ्गान्,
लक्षशो,रथान्,:लक्षशः,रथान्,
विनीतत्वस्थैर्यादिपदातिकांश्च,:विनीतत्वस्थैर्यादिपदातिकान्,च,
द्वावपि,:द्वौ,अपि,
प्रकर्षो,जगाद,:प्रकर्षः,जगाद,
त्वदनुभावात्,:त्वत्,अनुभावात्,
जातश्चाऽहं,:जातः,च,अहं,
कृतकृत्यस्तथाऽप्यत्र,:कृतकृत्यः,तथापि,अत्र,
मनस्तदत्र,:मनः,तत्,अत्र,
तद्वचः,:तत्,वचः,
तत्राऽनेक,:तत्र,अनेक,
चतुरो,मासान्,:चतुरः,मासान्,
अथाऽन्यदा,:अथ,अन्यदा,
बुद्धिर्भ्रातृसुतयोर्दर्शनेन,:बुद्धिः,भ्रातृसुतयोः,दर्शनेन,
निवेदितो,विमर्शप्रकर्षाभ्यां,:निवेदितः,विमर्शप्रकर्षाभ्यां,
सर्वो,व्यतिकरः,:सर्वः,व्यतिकरः,
विषयाभिलाषमन्त्रिसुतेति,:विषयाभिलाषमन्त्रिसुता,इति,
रसनाया,मूलशुद्धिः,:रसनायाः,मूलशुद्धिः,
वर्णितश्च,:वर्णितः,च,
तदाकर्ण्य,:तत्,आकर्ण्य,
विचक्षणो,विशेषात्,:विचक्षणः,विशेषात्,
जडस्तु,:जडः,तु,
लोलताप्रेरितो,मद्यमांसादिभिर्बहुधा,:लोलताप्रेरितः,मद्यमांसादिभिः,बहुधा,
मद्यमांसादिभिर्बहुधा,:मद्यमांसादिभिः,बहुधा,
पोषयन्नास्ते,:पोषयन्,आस्ते,
अथाऽन्यदा,:अथ,अन्यदा,
समीपमागतः,:समीपम्,आगतः,
यदहो,:यत्,अहो,
तदद्य,:तत्,अद्य,
तद्वशात्,:तत्,वशात्,
महामांसभक्षणलोलुपोऽसौ,:महामांसभक्षणलोलुपः,असौ,
शिशून्यपहृत्याऽपहृत्य,:शिशूनि,अपहृत्य,अपहृत्य,
पुत्रमादाय,:पुत्रम्,आदाय,
तावज्जागरितेन,:तावत्,जागरितेन,
विडम्बनाशतैर्भृशं,:विडम्बनाशतैः,भृशं,
सर्वलोकैर्ज्ञातं,:सर्वलोकैः,ज्ञातं,
तद्,दुश्चेष्टितम्,:तत्,दुश्चेष्टितम्,
विचक्षणस्तां,:विचक्षणः,तां,
भ्रातुरपभ्राजनां,:भ्रातुः,अपभ्राजनां,
लज्जितोऽचिन्तयत्,:लज्जितः,अऽचिन्तयत्,
तदधमकुलोद्भावाया,एतस्या,एतस्या,दुष्टस्त्रियास्त्याग,दुष्टस्त्रियास्त्याग,एव,:तत्,अधमकुलोद्भावायाः,एतस्याः,एतस्याः,दुष्टस्त्रियाः,त्यागः,दुष्टस्त्रियाः,त्यागः,एव,
वरमिति,:वरम्,इति,
चाऽऽपृच्छ्य,:च,आपृच्छ्य,
सहाऽऽदाय,:सह,आदाय,
विवेकशैलस्याऽप्रमत्ततासानुस्थं,:विवेकशैलस्य,अप्रमत्ततासानुस्थं,
जैनपुरमागत्य,:जैनपुरम्,आगत्य,
श्रीगुणधरसूरेरुपान्ते,:श्रीगुणधरसूरेः,उपान्ते,
मातापितरावपि,:मातापितरौ,अपि,
सहागतौ,:सह,आगतौ,
सोऽहं,:सः,अहं,
चाऽनेकतपोभी,रसनाऽकिञ्चित्करी,:च,अनेकतपोभिः,रसना,अकिञ्चित्करी,
रसनाऽकिञ्चित्करी,:रसना,अकिञ्चित्करी,
कृतश्च,:कृतः,च,
विहरन्निहागममित्युक्तं,:विहरन्निहागमम्,इत्युक्तं,
मद्,दीक्षाकारणम्,:मत्,दीक्षाकारणम्,
अथैवं,:अथ,एवं,
विचिक्षणसूरिचरितमाकर्ण्य,:विचिक्षणसूरिचरितम्,आकर्ण्य,
प्रत्याह,:प्रति,आह,
प्रबोधितोऽहं,:प्रबोधितः,अहं,
प्रमदविषविलुप्तचेतनस्त्वया,:प्रमदविषविलुप्तचेतनः,त्वया,
भगवद्दीक्षाप्रदानेनेति,:भगवद्दीक्षाप्रदानेन,इति,
गुरुभिस्तस्य,:गुरुभिः,तस्य,
यथासुखमिति,:यथासुखम्,इति,
तद्वचः,:तत्,वचः,
अथाऽगृहीतसङ्‌केते,:अथ,अगृहीतसङ्‌केते,
तदवसरे,:तत्,अवसरे,
पुण्योदयो,लज्जितः,:पुण्योदयः,लज्जितः,
किञ्चिद्,समासन्नः,:किञ्चित्,समासन्नः,
तदनुभावाद्,राज्ञा,:तत्,अनुभावात्,राज्ञा,
निर्गुणोऽप्यहं,:निर्गुणः,अपि,अहं,
तदैव,:तदा,एव,
तत्रोपविष्टं,:तत्र,उपविष्टं,
रिपुदारणोऽयं,:रिपुदारणः,अयं,
आबाल्यादेव,:आबाल्यात्,एव,
स्वदोषादेव,:स्वदोषात्,एव,
स्वजननीभार्येऽनेन,:स्वजननीभार्ये,अनेन,
दृष्ट्वाऽप्युपेक्षिते,:दृष्ट्वा,अपि,उपेक्षिते,
कथमस्मिन्नीदृशी,:कथम्,अस्मिन्,ईदृशी,
निर्घृणतेति,:निर्घृणता,इति,
गुरुराह,:गुरुः,आह,
यद्यप्ययं,:यद्यपि,अयं,
प्रकृतिसुन्दरस्तथापि,:प्रकृतिसुन्दरः,तथापि,
स्तस्तद्वशादयमपि,:स्तः,तद्वशात्,अयमपि,
निस्त्रिंशो,जातः,:निस्त्रिंशः,जातः,
पुनस्तत्पापमित्रत्यागोपाये,:पुनः,तत्पापमित्रत्यागोपाये,
चेति,:च,इति,
यद्ययं,:यत्,अयं,
रिपुदारणस्ते,:रिपुदारणः,ते,
त्यक्ष्यतीति,:त्यक्ष्यति,इति,
त्वलं,:तु,अलं,
तच्चिन्तया,:तत्,चिन्तया,
इत्याकर्ण्य,:इति,आकर्ण्य,
मामयोग्यं,:माम्,अयोग्यं,
मत्वाऽपि,:मत्वा,अपि,
पुत्रस्नेहाद्,राज्ये,:पुत्रस्नेहात्,राज्ये,
नरवाहननृपो,विचक्षणसूरिपार्श्वे,:नरवाहननृपः,विचक्षणसूरिपार्श्वे,
व्रतमाददे,:व्रतम्,आददे,
क्रमाद्,विजहार,:क्रमात्,विजहार,
सहाऽन्यत्र,:सह,अन्यत्र,
अथाऽहं,:अथ,अहं,
तृणवद्,गणयामि,:तृणवत्,गणयामि,
राज्यसुखमनुभवतो,मे,:राज्यसुखम्,अनुभवतः,मे,
सिद्धार्थपुराभ्यर्णमायातस्तदा,:सिद्धार्थपुराभ्यर्णमायातः,तदा,
प्रधानाद्यैर्विज्ञप्तोऽहं,:प्रधानाद्यैः,विज्ञप्तः,अहं,
चक्रवर्त्त्यसौ,:चक्रवर्त्ती,असौ,
पर्युपास्यो,भवद्भिर्यथा,:पर्युपास्यः,भवद्भिः,यथा,
भवद्भिर्यथा,:भवद्भिः,यथा,
स्यादिति,:स्यात्,इति,
यावदहं,:यावत्,अहं,
तदभिमुखं,:तत्,अभिमुखं,
गन्तुमिच्छामि,:गन्तुम्,इच्छामि,
तद्वशाद्,गर्वाध्मातेन,:तद्वशात्,गर्वाध्मातेन,
मयोक्तं,:मया,उक्तं,
कियन्मात्रोऽयं,:कियन्मात्रः,अयं,
तपनश्चक्री,:तपनः,चक्री,
यामो,वयमेतत्,:यामः,वयम्,एतत्,
वयमेतत्,:वयम्,एतत्,
पुनस्तैरतिनिर्बन्धकृते,:पुनः,तैः,अतिनिर्बन्धकृते,
मयोक्तं,:मया,उक्तं,
प्रथमतो,यात,यात,यूयं,:प्रथमतः,यातः,यातः,यूयं,
वयमप्यागमिष्याम",:वयमपि,आगमिष्यामः,",
ततस्ते,:ततः,ते,
कारणिका,भटसमुदायमादाय,:कारणिकाः,भटसमुदायम्,आदाय,
भटसमुदायमादाय,:भटसमुदायम्,आदाय,
बहुद्रव्याद्युपदीकृत्य,:बहुद्रव्यादि,उपदीकृत्य,
तैरुक्तं,:तैः,उक्तं,
अस्मन्नृपो,देवपादसपर्यासमुत्सुकोऽस्मदनुपदमेवाऽऽयाति,:अस्मन्नृपः,देवपादसपर्यासमुत्सुकः,अस्मत्,अनुपदम्,एव,आयाति,
देवपादसपर्यासमुत्सुकोऽस्मदनुपदमेवाऽऽयाति,:देवपादसपर्यासमुत्सुकः,अस्मत्,अनुपदम्,एव,आयाति,
अत,तैः,:अतः,तैः,
पुनर्ममाकारणार्थं,:पुनः,मम,आकारणार्थं,
मयोक्तं,:मया,उक्तं,
ममोपरि,:मम,उपरि,
कस्यादेशात्,:कस्य,आदेशात्,
करिष्यत्यस्मान्,:करिष्यति,अस्मान्,
नाऽऽगमिष्यामो,वयं,:न,आगमिष्यामः,वयं,
प्रत्युक्तं,:प्रति,उक्त,
तच्छ्रुत्वा,:तत्,शृत्वा,
भीषणचित्ता,बभूवुः,:भीषणचित्ताः,बभूवुः,
अथैतत्,:अथ,एतत्,
तदवसरे,:तत्,अवसरे,
विकलीकृतोऽहं,:विकलीकृतः,अहं,
विवसनो,विकीर्णकेशः,:विवसनः,विकीर्णकेशः,
षिड्गैर्हस्ततालाभिर्नीयमानो,नीतश्चक्रिस्कन्धावारे।,:षड्गैः,हस्ततालाभिर्नीयमानः,नीतः,चक्रिस्कन्धावारे।,
नीतश्चक्रिस्कन्धावारे।,:नीतः,चक्रिस्कन्धावारे।,
तस्येयं,:तस्य,इयं,
गतिर्भवित्रीत्युद्घोषणापूर्वकं,:गतिः,भवित्रि,इति,उद्घोषणापूर्वकं,
राजपुरुषैर्मुद्‌गरप्रहारादि,:राजपुरुषैः,मुद्‌गरप्रहारादि,
यातनाशतैर्विडम्ब्य,:यातनाशतैः,विडम्ब्य,
संसारिजीवो,रिपुदारणभवाच्च्युत्वा,:संसारिजीवः,रिपुदारणभवाच्च्युत्वा,
नारकत्वेनोत्पन्नः,:नारकत्वेन,उत्पन्नः,
अद्याऽप्युत्कम्पं,:अद्याऽपि,उत्कम्पं,
भगवानयं,:भगवान्,अयं,
तत,उद्धृत्य,:ततः,उद्धृत्य,
प्रायोऽसंव्यवहारपुरवर्जं,:प्रायः,असंव्यवहारपुरवर्जं,
भ्रामितोऽहम्,:भ्रामितः,अहम्,
कुत्रचिद्,यन्त्रपीलनाद्यैः,:कुत्रचित्,यन्त्रपीलनाद्यैः,
कुत्रचिच्च,:कुत्रचित्,च,
क्वचिद्,दारिद्र्येण,:क्वचित्,दारिद्र्येण,
विधायाऽन्यदा,:विधाय,अन्यदा,
मामुवाच,:माम्,उवाच,
दुःखान्यनुभूतानि,:दुःखानि,अनुभूतानि,
तदेनं,:तदा,एनं,
गृहीत्वेदानीं,:गृहीत्वा,इदानीं,
मानवावासपुरमिति,:मानवावासपुरम्,इति,
तद्वचः,:तत्,वचः,
मानाऽनृतरसनामदचौर्यदुरोदरादिसङ्गोत्थं,:मान,अनृतरसनामदचौर्यदुरोदरादिसङ्गोत्थं,
सक्तिस्तेषु,:सक्तिः,तेषु,
इत्युपमितिकथोद्धारे,:इति,उपमितिकथोद्धारे,
