अस्त्यशेषतीर्थङ्‌करचक्रवर्त्त्यादिसत्पुरुषरत्नसम्भवास्पदं,:अस्ति,अशेषतीर्थङ्‌करचक्रवर्त्त्यादिसत्पुरुषरत्नसम्भवास्पदं,
कर्मपरिणामाभिधो,राजा,:कर्मपरिणामाभिधः,राजा,
ततोऽनवरतं,:ततः,अनवरतं,
अथैकदा,:अथ,एकदा,
नृप,ऊचे,:नृपः,ऊचे,
प्रसादादहं,:प्रसादात्,अहं,
सम्पन्नसर्वमनोऽभीष्टार्थाऽपि,:सम्पन्नसर्वमनः,अभीष्टार्था,अपि,
पुत्रप्राप्तयेऽन्तमुत्कण्ठिताऽस्मि,:पुत्रप्राप्तये,अन्तम्,उत्कण्ठिता,अस्मि,
ततो,यद्येकोऽपि,:ततः,यदि,एकः,अपि,
यद्येकोऽपि,:यदि,एकः,अपि,
इत्याकर्ण्य,:इति,आकर्ण्य,
मच्चेतस्यपि,:मच्चेतसि,अपि,
प्रागयमभिलाष,आसीत्,:प्राक्,अयम्,अभिलाषः,आसीत्,
आवयोरेकचित्तत्वेन,:आवयोः,एकचित्तत्वेन,
कार्यनिष्पत्तिर्भवित्री,:कार्यनिष्पत्तिः,भवित्री,
तच्छ्रुत्वा,:तत्,श्रुत्वा,
तथाऽस्तु,:तथा,अस्तु,
इत्युक्त्त्वा,:इति,उक्त्त्वा,
अथैकदा,:अथ,एकदा,
स्वप्नमद्राक्षीत्,:स्वप्नम्,अद्राक्षीत्,
पृष्टो,नृपः,:पृष्टः,नृपः,
पुत्रो,भावी,:पुत्रः,भावी,
कस्यचिद्,धर्माचार्यस्य,:कस्यचित्,धर्माचार्यस्य,
पुत्रप्राप्त्यैव,:पुत्रप्राप्त्या,एव,
यद्,भवतु,:यत्,भवतु,
तद्,भवतु,:तत्,भवतु,
तस्या,देव्या,देव्या,गर्भोऽजनि,:तस्याः,देव्याः,देव्याः,गर्भः,अजनि,
गर्भोऽजनि,:गर्भः,अजनि,
तदनुभावाच्च,:तदनुभावात्,च,
नैके,:न,एके,
तांस्तांश्च,:तान्,तान्,च,
भव्यपुरुष,इति,:भव्यपुरुषः,इति,
सुमतिरिति,:सुमतिः,इति,
स,च,:सः,च,
अन्योऽन्यं,:अन्यः,अन्यं,
निर्बीजो,राज्ञी,:निर्बीजः,राज्ञी,
वन्ध्येति,:वन्ध्या,इति,
श्रुतोऽभूत्,:श्रुतः,अभूत्,
किमेतत्,:किम्,एतत्,
तच्छ्रुत्वा,:तत्,श्रुत्वा,
अगृहीतसङ्‌केतेति,:अगृहीतसङ्‌केता,इति,
यथार्थाभिधाऽसि,:यथार्थाभिधा,असि,
नाऽवधारयसि,:न,अवधारयसि,
यतोऽखिलस्यापि,:यतः,अखिलस्य,अपि,
एतावेव,:एतौ,एव,
विश्वमनयोरेव,:विश्वम्,अनयोः,एव,
राजराज्ञ्यौर्निबीजवन्ध्यात्वप्रवादस्तु,:राजराज्ञ्यौः,निबीजवन्ध्यात्वप्रवादः,तु,
अविवेकादिमन्त्रिभिर्दृष्टिदोषभिया,:अविवेकादिमन्त्रिभिः,दृष्टिदोषभिया,
कृत,आसीत्,:कृतः,आसीत्,
अृगृहीतसङ्‌केताऽऽह,:अृगृहीतसङ्‌केता,आह,
प्रीतिरस्ति,:प्रीतिः,अस्ति,
स,तु,:सः,तु,
सर्वा,अपि,:सर्वाः,अपि,
ततोऽहमपि,:ततः,अहमपि,
मन्मुखेनाऽऽकार्य,:मन्मुखेन,आकार्य,
स,सदागमः,:सः,सदागमः,
राज्ञोऽविवेकादि-मन्त्रिणां,:राज्ञः,अविवेकादिमन्त्रिणां,
ततो,महासत्त्वो,महासत्त्वो,महोपकारी,:ततः,महासत्त्वः,महासत्त्वः,महोपकारी,
चोऽसौ,:च,असौ,
अगृहीतसङ्‌केतोचे,:अगृहीतसङ्‌केता,ऊचे,
ततस्ते,:ततः,ते,
तानुपेक्षते,:तान्,उपेक्षते,
सन्तो,निराधारा,:सन्तः,निराधारा,
तद्भटैश्च,:तद्भटैः,च,
नानाविडम्बनाभिर्विडम्बयित्वा,:नानाविडम्बनाभिः,निडम्बयित्वा,
मत्यावधिमनःपर्यवकेवलज्ञानाभिधाश्चत्वारो,मनुष्यगतिपुर्यां,:मत्यावधिमनःपर्यवकेवलज्ञानाभिधाः,चत्वारः,मनुष्यगतिपुर्यां,
प्रधानपुरुषास्तेऽपि,:प्रधानपुरुषाः,तेऽपि,
वशंवदास्तिष्ठन्ति,:वशंवदाः,तिष्ठन्ति,
तत्रोपविष्टे,:तत्र,उपविष्टे,
भव्यपुरुषोऽपि,:भव्यपुरुषः,अपि,
सदागमोऽपि,:सदागमः,अपि,
तद्विलोक्याऽगृहीतसङ्‌केताप्रज्ञाविशाले,:तद्विलोक्य,अगृहीतसङ्‌केताप्रज्ञाविशाले,
राजपुरुषैर्विविधं,:राजपुरुषैः,विविधं,
विडम्ब्यमानस्तत्राऽग्रतो,निर्गतः,:विडम्ब्यमानः,तत्र,अग्रतः,निर्गतः,
प्रज्ञाविशालयोक्तं,:प्रज्ञाविशालया,उक्तं,
तदाकर्ण्य,:तत्,आकर्ण्य,
ज्ञानोदयोऽभूत्,:ज्ञानोदयः,अभूत्,
पादयोर्निपत्य,:पादयोः,निपत्य,
सदागमेनाऽपि,:सदागमेन,अपि,
दृष्टिमात्रादेव,:दृष्टिमात्रात्,एव,
विडम्बकनरा,दूरं,:विडम्बकनराः,दूरं,
स,नरोऽपि,:सः,नरः,अपि,
नरोऽपि,:नरः,अपि,
अथाऽगृहीतसङ्‌केता,:अथ,अगृहीतसङ्‌केता,
कस्त्वम्,:कः,त्वम्,
कस्तेऽपराधश्च,:कः,ते,अपराधः,च,
तवेदृशी,:तव,ईदृशी,
स,नरः,:सः,नरः,
संसारिजीवनामाऽहं,:संसारिजीवनामा,अहं,
ममाऽपराधानां,:मम,अपराधानां,
सर्वोऽपि,:सर्वः,अपि,
व्यतिकरोऽयं,:व्यतिकरः,अयं,
सदागमो,जानीते,:सदागमः,जानीते,
यद्येतस्यास्तव,:यदि,एतस्याः,तव,
कौतुकमस्ति,:कौतुकम्,अस्ति,
त्वमस्याः,:त्वम्,अस्याः,
इत्युक्त्वा,:इति,उक्त्वा,
सदागमो,भव्यपुरुषः,:सदागमः,भव्यपुरुषः,
संसारिजीवश्च,:संसारिजीवः,च,
सर्वेऽप्यते,:सर्वेऽपि,एते,
अथाऽगृहीतसङ्‌केतां,:अथ,अगृहीतसङ्‌केतां,
स्वव्यतिकरमाह,:स्वव्यतिकरम्,आह,
अस्त्यनाद्यनन्तं,:अस्ति,अनाद्यनन्तं,
अनादिवनस्पतिनामानोऽनन्ता,:अनादिवनस्पतिनामानः,अनन्ता,
सदैवाऽज्ञानाभिभूता,मूर्च्छिता,मूर्च्छिता,इव,:सदैव,अज्ञानाभिभूताः,मूर्च्छिताः,मूर्च्छिताः,इव,
तत्राऽवसम्,:तत्र,अवसम्,
अथाऽन्यदा,:अथ,अन्यदा,
प्रहितस्तन्नियोगनामा,:प्रहितः,तन्नियोगनामा,
तत्राऽऽगत्य,:तत्र,आगत्य,
राज्ञो,महाविपक्षः,:राज्ञः,महाविपक्षः,
स,मनुष्यगतिपुर्या,:सः,मनुष्यगतिपुर्या,
राजाऽऽज्ञां,:राजा,आज्ञां,
पुनर्नाऽऽयान्ति,:पुनः,न,आयान्ति,
ततो,नगर्यां,:ततः,नगर्यां,
ततो,यावन्तो,यावन्तो,मुक्तौ,:ततः,यावन्तः,यावन्तः,मुक्तौ,
तावन्तो,जना,जना,अनन्तवास्तव्यजनाकीर्णाद्,अनन्तवास्तव्यजनाकीर्णाद्,असंव्यवहारनगरादत्राऽऽनेया,:तावन्तः,जनाः,जनाः,अनन्तवास्तव्यजनाकीर्णात्,अनन्तवास्तव्यजनाकीर्णात्,असंव्यवहारनगरात्,अत्र,आनेया,
असंव्यवहारनगरादत्राऽऽनेया,:असंव्यवहारनगरात्,अत्र,आनेया,
वसतिर्विरला,:वसतिः,विरला,
इत्येष,नियोगोऽस्माकं,:इति,एषः,नियोगः,अस्माकं,
नियोगोऽस्माकं,:नियोगः,अस्माकं,
दत्तोऽस्ति,:दत्तः,अस्ति,
ततो,युवाभ्यां,:ततः,युवाभ्यां,
कियन्तो,जनाः,:कियन्तः,जनाः,
प्रेषणीया",:प्रेषणीयाः,",
इत्येतद्,दूतावाक्यं,:इत्येतत्,द्दूतवाक्यं,
स्वामिन्याज्ञां,:स्वामिनि,आज्ञां,
सकलकार्येष्वापृष्टव्या,:सकलकार्येषु,अपृष्टव्या,
संसारिजीवगृहिण्यस्ति,:संसारिजीवगृहिणी,अस्ति,
सहाऽऽकार्य,:सह,आकार्य,
गोलकनामानोऽसङ्ख्यप्रासादाः,:गोलकनामानः,असङ्ख्यप्रासादाः,
चाऽसङ्ख्याता,:च,असङ्ख्याता,
चाऽनन्ताः,:च,अनन्ताः,
तत्राऽऽयातौ,:तत्र,आयातौ,
सहाऽऽलोच्य,:सह,आलोच्य,
त्रयोऽपि,:त्रयः,अपि,
सहाऽऽगताः,:सह,आगताः,
अथाऽग्रत,एकेन्द्रियनामनगरमागतं,:अथ,अग्रतः,एकेन्द्रियनामनगरम्,आगतं,
एकेन्द्रियनामनगरमागतं,:एकेन्द्रियनामनगरम्,आगतं,
द्विविधोऽस्ति,:द्विविधः,अस्ति,
साधारणस्तु,:साधारणः,तु,
बादरनिगोद,इत्युच्यते,:बादरनिगोदः,इति,उच्यते,
इत्युच्यते,:इति,उच्यते,
व्यवहारराशिरिति,:व्यवहारराशिः,इति,
अथाऽहं,:अथ,अहं,
एकभववेद्यनामाऽचिन्त्यशक्तिगुटिकाप्रयोगेण,:एकभववेद्यनामा,अचिन्त्यशक्तिगुटिकाप्रयोगेण,
बादरनिगोदेष्वनन्तं,:बादरनिगोदेषु,अनन्तं,
ततश्च,:ततः,च,
प्रतिपाटकमसङ्ख्यातं,:प्रतिपाटकम्,असङ्ख्यातं,
छेदनभेदनादिविडम्बनाभिर्बहुधा,:छेदनभेदनादिविडम्बनाभिः,बहुधा,
ततो,भूयसा,:ततः,भूयसा,
तस्मान्नगरादग्रे,:तस्मात्,नगरात्,अग्रे,
आनीतश्च,:आनीतः,च,
द्वीन्द्रियत्रीन्द्रियचतुरिन्द्रियाख्यास्त्रयः,:द्वीन्द्रियत्रीन्द्रियचतुरिन्द्रियाख्याः,त्रयः,
तेष्वप्यहं,:तेषु,अपि,अहं,
एवमनेकेषु,:एवम्,अनेकेषु,
चाऽसङ्ख्यातं,:च,असङ्ख्यातं,
तयाऽहं,:तया,अहं,
नीतोऽहं,:नीतः,अहं,
क्वचिच्च,:क्वचित्,च,
असंव्यवहारनगरादारभ्याऽनन्तकालं,:असंव्यवहारनगरात्,आरभ्य,अनन्तकालं,
ममोपरि,:मम,उपरि,
इदमवोचत्,:इदम्,अवोचत्,
तवाऽध्यवसायः,:तव,अध्यवसायः,
सुन्दरोऽजनि,:सुन्दरः,अजनि,
तत,एनं,:ततः,एनं,
तदुक्तं,:तत्,उक्तं,
मयाऽङ्गीकृतम्,:मया,अङ्गीकृतम्,
संसारिजीवो,वक्ति,:संसारिजीवः,वक्ति,
सदागमभ्व्यजीवाऽगृहीतसङ्‌केताप्रज्ञाविशालाश्चत्वारोऽपि,:सदागमभव्यजीवा,अगृहीतसङ्‌केताप्रज्ञाविशालाः,चत्वारः,अपि,
पुरमस्ति,:पुरम्,अस्ति,
गुटिकाप्रदानेनाऽहं,:गुटिकाप्रदानेन,अहं,
भवितव्यतयाऽवतारितः,:भवितव्यतया,अवतारितः,
जातो,नन्दिवर्धन,इति,:जातः,नन्दिवर्धनः,इति,
तत्राऽहं,:तत्र,अहं,
पञ्चभिर्धात्रीभिर्लाल्यमानो,मातापित्रोर्मनोरथैः,:पञ्चभिःधात्रीभिः,लाल्यमानः,मातापित्रोः,मनोरथैः,
मातापित्रोर्मनोरथैः,:मातापित्रोः,मनोरथैः,
प्रवर्द्धमानस्त्रिवर्षदेशीयोऽभूवम्,:प्रवर्द्धमानः,त्रिवर्षदेशीयः,अभूवम्,
प्रस्थानादारभ्य,:प्रस्थानात्,आरभ्य,
बहिरङ्गमान्तरङ्गं,:बहिरङ्गम्,अन्तरङ्गं,
चेति,:च,इति,
तत्राऽऽन्तरङ्गकुटुम्बमध्ये,:तत्र,आन्तरङ्गकुटुम्बमध्ये,
ममोपमाता,:मम,उपमाता,
तयाऽपि,:तया,अपि,
पुत्रो,जातस्तस्य,:पुत्रः,जातः,तस्य,
जातस्तस्य,:जातः,तस्य,
वैस्तानर,इति,:वैस्तानरः,इति,
पश्चात्तापाऽनुपशमोरुद्वयः,:पश्चात्तापा,अनुपशमोरुद्वयः,
सोऽपि,:सः,अपि,
क्षीरनीरवद्,देहाभेदेन,:क्षीरनीरवत्,देहाभेदेन,
अथाऽऽवयोर्मैत्रीं,:अथ,आवयोः,मैत्रीं,
पुण्योदयोऽतिखेदं,:पुण्योदयः,अतिखेदं,
प्राप्तश्चिन्तयामास,:प्राप्तः,चिन्तयामास,
नन्दिवर्द्धनो,मद्विपक्षस्य,:नन्दिवर्द्धनः,मद्विपक्षस्य,
महाविडम्बनाऽऽस्पदं,:महाविडम्बना,आस्पदं,
चाऽस्य,:च,अस्य,
नाङ्गीकृतत्यागः,:न,अङ्गीकृतत्यागः,
पश्चादेनं,:पश्चात्,एनं,
परिहरिष्यामीत्यन्तर्द्धाय,:परिहरिष्याम,इत्यन्तर्द्धाय,
प्रीतिर्ववृद्धे,:प्रीतिः,ववृद्धे,
क्रमेणाऽहं,:क्रमेण,अहं,
अष्टवार्षिको,जातः,:अष्टवार्षिकः,जातः,
सकलकलाप्रवीणो,जातः,:सकलकलाप्रवीणः,जातः,
वैश्वानरोपदेशेनाऽहं,:वैश्वानरोपदेशेन,अहं,
तृणायाऽपि,:तृणाय,अपि,
कश्चिदन्योऽपि,:कश्चित्,अन्यः,अपि,
ज्वलन्नेत्रो,भूत्वा,:ज्वलन्,नेत्रः,भूत्वा,
प्रहर्त्तुमुद्यतो,भवामि,:प्रहर्त्तुम्,उद्यतः,भवामि,
तेनाऽपि,:तेन,अपि,
ज्वलद्वह्निरूपो,भूत्वाऽतिष्ठम्,:ज्वलद्वह्निरूपः,भूत्वा,अतिष्ठम्,
भूत्वाऽतिष्ठम्,:भूत्वा,अतिष्ठम्,
किञ्चिदपि,:किञ्चित्,अपि,
सर्वा,अपि,:सर्वाः,अपि,
परोक्षतस्तु,:परोक्षतः,तु,
हास्यजुगुप्साऽऽस्पदं,:हास्यजुगुप्सा,आस्पदं,
पितुश्चिन्ता,:पितुः,चिन्ता,
अथैकदा,:अथ,एकदा,
एको,विदुरनामा,:एकः,विदुरनामा,
मद्वयस्यो,विश्वासास्पदं,:मद्वयस्यः,विश्वासास्पदं,
भूताविष्टस्येव,:भूताविष्टस्य,इव,
पुरो,गत्वा,:पुरः,गत्वा,
तन्निशम्य,:तत्,निशम्य,
तेनाऽपि,:तेन,अपि,
तथैवोक्तं,:तथैव,उक्तं,
पृष्ट,उपाध्यायोऽवोचत्,:पृष्टः,उपाध्यायः,अवोचत्,
उपाध्यायोऽवोचत्,:उपाध्यायः,अवोचत्,
एको,जिनमताभिज्ञः,:एकः,जिनमताभिज्ञः,
तमाकार्य,:तम्,आकार्य,
स,चैतदुपायं,:सः,च,एतत्,उपायं,
चैतदुपायं,:च,एतत्,उपायं,
ततो,राज्ञा,:ततः,राज्ञा,
पृष्टश्च,:पृष्टः,च,
ततो,ज्ञानोपयोगं,:ततः,ज्ञानोपयोगं,
जिनमतज्ञ,उवाच,:जिनमतज्ञः,उवाच,
शुभपरिणामाख्यो,नृपः,:शुभपरिणामाख्यः,नृपः,
जिनमतज्ञेनोक्तं,:जिनमतज्ञेन,उक्तं,
नैतद्,बाह्यनगरं,:न,एतत्,बाह्यनगरं,
नाऽसौ,:न,असौ,
बाह्यो,राजा,:बाह्यः,राजा,
एतच्चित्तसुन्दराख्यं,:एतत्,चित्तसुन्दराख्यं,
स,यदि,:सः,यदि,
नन्दिवर्धनस्याऽनादिसम्बन्धिनीं,:नन्दिवर्धनस्य,अनादिसम्बन्धिनीं,
चाऽनुकूलयित्वा,:च,अनुकूलयित्वा,
नन्दिवर्धनो,वैश्वानरसङ्गं,:नन्दिवर्धनः,वैश्वानरसङ्गं,
जह्यादिति,:जह्यात्,इति,
पुनर्जिनमतज्ञ,आह,:पुनः,जिनमतज्ञः,आह,
माध्यस्थ्यमेव,:माध्यस्थ्यम्,एव,
प्रच्छन्नोऽपि,:प्रच्छन्नः,अपि,
पुण्योदयो,यावदस्य,:पुण्योदयः,यावत्,अस्य,
यावदस्य,:यावत्,अस्य,
तावद्,वैश्वानरकृतास्तास्ता,:तावत्,वैश्वानरकृताः,ताः,ताः,
वैश्वानरकृतास्तास्ता,:वैश्वानरकृताः,ताः,ताः,
विडम्बना,अपि,:विडम्बनाः,अपि,
तद्वाक्यमाकर्ण्य,:तद्वाक्यम्,आकर्ण्य,
माध्यस्थ्यमाधाय,:माध्यस्थ्यम्,आधाय,
नृपो,जिनमतज्ञं,:नृपः,जिनमतज्ञं,
मैत्रीव,:मैत्री,इव,
अथाऽन्यदा,:अथ,अन्यदा,
स,च,:सः,च,
पृष्टश्च,:पृष्टः,च,
गतेऽह्नि,:गते,अह्नि,
नाऽऽगतः,:न,आगतः,
सोप्युवाच,:सः,अपि,उवाच,
गतेऽह्नि,:गते,अह्नि,
जैनसतज्ञेनैका,:जैनसतज्ञेन,एका,
नाऽऽगतम्,:न,आगतम्,
इत्याकर्ण्य,:इति,आकर्ण्य,
ममापि,:मम,अपि,
विदुर,आह,:विदुरः,आह,
कर्मविलासो,राजा,:कर्मविलासः,राजा,
तिस्रो,राज्ञ्यः,:तिस्रः,राज्ञ्यः,
सामान्य,चेति,:सामान्यः,च,इति,
चेति,:च,इति,
मनीषिबालमध्यमबुद्धिनामानस्त्रयः,:मनीषिबालमध्यमबुद्धिनामानः,त्रयः,
अथैकदा,:अथ,एकदा,
क्रीडार्थमुद्यानं,:क्रीडार्थम्,उद्यानं,
तत्रैकं,:तत्र,एकं,
तत्पार्श्वमागत्य,:तत्पार्श्वम्,आगत्य,
स,पुमान्,:सः,पुमान्,
स्पर्शननामाऽहं,:स्पर्शननामा,अहं,
एको,भवजन्तुनामा,:एकः,भवजन्तुनामा,
वयस्योऽभूत्,:वयस्यः,अभूत्,
स,च,:सः,च,
मृदुशय्यासूक्ष्मांशुकशिशिरविलेपनप्रियाश्‌लेषाद्यैर्बहुधा,:मृदुशय्यासूक्ष्मांशुकशिशिरविलेपनप्रियाश्‌लेषाद्यैः,बहुधा,
अथाऽन्यदा,:अथ,अन्यदा,
सदागमोऽपि,:सदागमः,अपि,
स,भवजन्तुर्मयि,:सः,भवजन्तुः,मयि,
भवजन्तुर्मयि,:भवजन्तुः,मयि,
व्रतमादाय,:व्रतम्,आदाय,
यद्,यत्,:यत्,यत्,
तत्तदकरोत्,:तत्तत्,अकरोत्,
विमुच्येदानीं,:विमुच्य,इदानीं,
ततस्तन्मित्रविप्रयोगेण,:ततः,तन्मित्रविप्रयोगेण,
निराधारोऽहं,:निराधारः,अहं,
जीवितेनेति,:जीवितेन,इति,
स्पर्शनोक्तं,:स्पर्शना,उक्तं,
व्यतिकरमाकर्ण्य,:व्यतिकरम्,आकर्ण्य,
बाल,उवाच,:बालः,उवाच,
कस्तवाऽयं,:कः,तव,अयं,
व्यर्थप्रेमाऽऽबन्धा,:व्यर्थप्रेमा,आबन्धा,
स,भवजन्तुः,:सः,भवजन्तुः,
गतश्चेद्,यातु,:गतः,चेत्,यातु,
प्रभृत्यहमेव,:प्रभृति,अहमेव,
चेतस्याचिन्तयत्,:चेतस्य,अचिन्तयत्,
भवजन्तुर्मुक्तौ,:भवजन्तुः,मुक्तौ,
दुष्टो,भविष्यति,:दुष्टः,भविष्यति,
ततो,नाऽयं,:ततः,न,अयं,
नाऽयं,:न,अयं,
मैत्रीकरणयोग्य,इति,:मैत्रीकरणयोग्यः,इति,
किञ्चिदप्यवोचत्,:किञ्चित्,अपि,अवोचत्,
स्वसदनमागतः,:स्वसदनम्,आगतः,
स्पर्शनबालयोर्मैत्रीं,:स्पर्शनबालयोः,मैत्रीं,
अनेनाऽज्ञातकुलशीलेन,:अनेन,अज्ञातकुलशीलेन,
कार्षीरिति,:कार्षीः,इति,
यो,यः,:यः,यः,
स्पर्शनाऽऽसक्तचित्तं,:स्पर्शना,आसक्तचित्तं,
स्पर्शनमूलशुद्धिर्न,:स्पर्शनमूलशुद्धिः,न,
अथान्तरङ्गपुरेष्ववलोक्यमानेषु,:अथान्तरङ्गपुरेषु,अवलोक्यमानेषु,
किमिदं,:किम्,इदं,
कोऽत्र,:कः,अत्र,
स,प्राह,:सः,प्राह,
राजसचित्ताऽऽख्यमिदं,:राजसचित्ता,आख्यम्,इदं,
ज्येष्ठपुत्रो,रागकेशरी,:ज्येष्ठपुत्रः,रागकेशरी,
स्वराज्ञ,इन्द्रादिसेव्यत्वकरणार्थं,:स्वराज्ञः,इन्द्रादिसेव्यत्वकरणार्थं,
स्पर्शनरसनघ्राणचक्षुःकर्णाऽऽख्यानि,:स्पर्शनरसनघ्राणचक्षुःकर्णा,आख्यानि,
तैश्च,:तैः,च,
हरिहरशक्रादयो,निर्जित्य,:हरिहरशक्रादयः,निर्जित्य,
रागकेशरिराजस्याऽऽज्ञावशंवदाश्चक्रिरे,:रागकेशरिराजस्य,आज्ञावशंवदाः,चक्रिरे,
ततस्त्रिभुवनेऽपि,:ततः,त्रिभुवने,अपि,
रागकेशरिराजस्याऽऽज्ञाऽस्खलिताऽभूत्,:रागकेशरिराजस्य,आज्ञा,अस्खलिता,अभूत्,
चारित्रधर्मनृपस्यैकं,:चारित्रधर्मनृपस्य,एकं,
भटोऽस्ति,:भटः,अस्ति,
केचिज्जना,रागकेशरिनृपाज्ञातो,:केचित्,जनाः,रागकेशरिनृपाज्ञातो,
महामोहादीनामप्यगम्ये,:महामोहादीनाम्,अप्यगम्ये,
तच्छ्रुत्वा,:तत्,श्रुत्वा,
सहाऽऽकार्य,:सह,आकार्य,
सहितो,सन्तोषेण,:सहितः,सन्तोषेण,
गतोऽस्ति,:गतः,अस्ति,
दूतो,नगरसमाचारग्रहणार्थं,:दूतः,नगरसमाचारग्रहणार्थं,
प्रेषितोऽस्मि,:प्रेषितः,अस्मि,
बोधायाऽकथयत्,:बोधाय,अकथयत्,
बोधस्तु,:बोधः,तु,
वृत्तान्तमाचख्यौ,:वृत्तान्तम्,आचख्यौ,
बालस्तु,:बालः,तु,
गुणदोषानभिज्ञः,:गुणदोषान्,अभिज्ञः,
अकुशलमाल्याऽपि,:अकुशलमाल्या,अपि,
स्वपुत्रस्तथा,:स्वपुत्रः,तथा,
प्रेरितो,यथा,:प्रेरितः,यथा,
स्पर्शनस्याऽधीनो,जातः,:स्पर्शनस्य,आधीनः,जातः,
सुतो,मध्यमबुद्धिनामा,:सुतः,मध्यमबुद्धिनामा,
गृहमायातः,:गृहम्,आयातः,
स्पर्शनो,दृष्टः,:स्पर्शनः,दृष्टः,
बालेनोक्तम्,:बालेन,उक्तम्,
सत्पुरुषोऽस्ति,:सत्पुरुषः,अस्ति,
मध्यमबुद्धिस्तदुक्तं,:मध्यमबुद्धिः,तदुक्तं,
पुनर्मनीषिणं,:पुनः,मनीषिणं,
रहस्यपृच्छत्,:रहसि,अपृच्छत्,
कोऽयं,:कः,अयं,
प्रपन्नमस्ति,:प्रपन्नम्,अस्ति,
ततो,मनीषिणोक्तम्,:ततः,मनीषिणा,उक्तम्,
मनीषिणोक्तम्,:मनीषिणा,उक्तम्,
विपदो,न,:विपदः,न,
ततोऽस्य,:ततः,अस्य,
छायाऽपि,:छाया,अपि,
दूरतस्त्याज्या,:दूरतः,त्याज्या,
त्वमप्यस्य,:त्वमपि,अस्य,
सङ्गलेशमपि,:सङ्गलेशम्,अपि,
कार्षीरिति,:कार्षीः,इति,
तच्छ्रुत्वा,:तत्,श्रुत्वा,
बालस्तु,:बालः,तु,
नैकधा,:न,एकधा,
स्पर्शनोऽयं,:स्पर्शनः,अयं,
दुर्जनो,दूरत,दूरत,एव,:दुर्जनः,दूरतः,दूरतः,एव,
त्याज्य,इति,:त्याज्यः,इति,
किमहं,:किम्,अहं,
कुर्यामिति,:कुर्याम्,इति,
पक्षो,बलवान्,:पक्षः,बलवान्,
स,एव,:सः,एव,
त्वयाऽऽश्रितव्यः,:त्वया,आश्रितव्यः,
प्रायोऽनिश्चितकार्येषु,:प्रायः,अनिश्चितकार्येषु,
कालविलम्ब,एव,:कालविलम्बः,एव,
कस्तस्य,:कः,तस्य,
मनुष्यगतिप्रायमेकं,:मनुष्यगतिप्रायम्,एकं,
तयोर्मुग्धनामा,:तयोः,मुग्धनामा,
क्रीडार्थमुद्यानं,:क्रीडार्थम्,उद्यानम्,
तत्रोद्याने,:तत्र,उद्याने,
द्वावपि,:द्वौ,अपि,
गगनाऽध्वनि,:गगना,अध्वनि,
तावपि,:तौ,अपि,
विलोकनार्थमुत्तीर्णौ,:विलोकनार्थम्,उत्तीर्णौ,
तत्राऽकुटिलां,:तत्र,अकुटिलां,
कालज्ञो,भोगवाञ्छया,:कालज्ञः,भोगवाञ्छया,
कृत्वाऽकुटिलामाकार्य,:कृत्वा,अकुटिलाम्,आकार्य,
विचक्षणाऽपि,:विचक्षणा,अपि,
प्राप्ताऽकुटिलारूपं,:प्राप्ता,अकुटिलारूपं,
मुग्धमाकार्य,:मुग्धम्,आकार्य,
तयोर्मिथुनयोरन्योन्याऽऽलोकनात्,:तयोः,मिथुनयोः,अन्योन्या,आलोकनात्,
चत्वारोऽपि,:चत्वारः,अपि,
पुत्रस्नुषाव्यवहारेणाऽभिमताः,:पुत्रस्नुषाव्यवहारेण,अभिमताः,
अथैकदा,:अथ,एकदा,
द्वितीयाऽकुटिला,:द्वितीया,अकुटिला,
विचक्षणाऽप्यहमिव,:विचक्षणा,अपि,अहम्,इव,
मुग्धरूपाऽऽक्षिप्ता,:मुग्धरूपा,आक्षिप्ता,
विधायाऽऽगता,:विधाय,आगता,
कुर्वाणाऽऽयात्येवेति,:कुर्वाणा,अयात्य,इव,इति,
ततो,मत्कान्तास्वान्ताक्षेपकमेनं,:ततः,मत्कान्तास्वान्ताक्षेपकम्,एनं,
मत्कान्तास्वान्ताक्षेपकमेनं,:मत्कान्तास्वान्ताक्षेपकम्,एनं,
हन्मीति,:हन्मि,इति,
विचक्षणयाऽपि,:विचक्षणया,अपि,
एष,द्वितीयो,द्वितीयो,मुग्धस्तु,:एषः,द्वितीयः,द्वितीयः,मुग्धः,तु,
मुग्धस्तु,:मुग्धः,तु,
मत्पतिरेवाऽकुटिलामोहात्,:मत्पतिः,एव,अकुटिलामोहात्,
मुग्धीभूयाऽऽयात,इति,:मुग्धीभूय,आयातः,इति,
हन्मीति,:हन्मि,इति,
प्रतिबोधकाचार्यस्योपदेशः,:प्रतिबोधकाचार्यस्य,उपदेशः,
पश्चात्तापश्च,:पश्चात्तापः,च,
अथाऽन्यदा,:अथ,अन्यदा,
प्रतिबोधकनामाऽऽचार्याः,:प्रतिबोधकनामा,आचार्याः,
सपरिकरो,वन्दनार्थं,:सपरिकरः,वन्दनार्थं,
गुरुभिर्देशनाऽऽरब्धा,:गुरुभिः,देशना,आरब्धा,
विज्ञायाऽनन्तसुखास्पदमोक्षप्रापकं,:विज्ञाय,अनन्तसुखास्पदमोक्षप्रापकं,
सम्यक्त्वं,:सम्यक्,त्वं,
ततस्तयोर्देहमध्यात्,:ततः,तयोः,देहमध्यात्,
खेदाश्रुजलैश्चरणक्षालनं,:खेदाश्रुजलैः,चरणक्षालनं,
गुरुभिरूचे,:गुरुभिः,ऊचे,
कश्चिदत्र,:कश्चित्,अत्र,
भवतोर्दोषः,:भवतोः,दोषः,
देहान्तर्लीनाया,भोगतृष्णाभिधाया,भोगतृष्णाभिधाया,अस्या,अस्या,पुत्रिकायाः,:देहान्तर्लीनायाः,भोगतृष्णाभिधायाः,भोगतृष्णाभिधायाः,अस्याः,अस्याः,पुत्रिकायाः,
इत्याकर्ण्य,:इति,आकर्ण्य,
तावूचतुः,:तौ,ऊचतुः,
कथमेषा,:कथम्,एषा,
गुरुराह,:गुरुः,आह,
देहस्याऽनित्यताऽशुचितादिभावनया,:देहस्य,अनित्यता,अशुचितादिभावनया,
तदैषा,:तदा,एषा,
युवयोस्तु,:युवयोः,तु,
भावस्वभाव्यादेषा,:भावस्वभाव्यात्,एषा,
नाऽपयास्यति,:न,अपयास्यति,
भावनाभिरत्र,:भावनाभिः,अत्र,
ततोऽत्र,:ततः,अत्र,
यत्नो,विधेयः,:यत्नः,विधेयः,
अथैवं,:अथ,एवं,
ऋजुप्रगुणाभ्यामप्यचिन्ति,:ऋजुप्रगुणाभ्याम्,अपि,अचिन्ति,
मुग्धाऽकुटिलाभ्यामपि,:मुग्धा,अकुटिलाभ्याम्,अपि,
महानन्यायः,:महान्,अन्यायः,
कृतो,यच्छीलं,:कृतः,यच्छीलं,
इत्येवं,:इति,एवं,
चत्वारोऽपि,:चत्वारः,अपि,
पश्चात्तापपरास्तिष्ठन्ति,:पश्चात्तापपराः,तिष्ठन्ति,
देहमध्यादेकं,:देहमध्यात्,एकं,
क्षणेनैकं,:क्षणेन,एकं,
कृष्णवर्णबालकमध्यादन्यत्कृष्णबालकं,:कृष्णवर्णबालकमध्यात्,अन्यत्,कृष्णबालकं,
यावद्,वर्द्धितुं,:यावत्,वर्द्धितुं,
शिरस्याहत्य,:शिरसि,आहत्य,
तावदेव,:तावत्,एव,
अथैतदर्थावबोधाय,:अथ,एतत्,अर्थावबोधाय,
गुरुराह,:गुरुः,आह,
यदेतत्,:यत्,एतत्,
तत्तु,:तत्,तु,
यत्प्रथमं,:यत्,प्रथमं,
तदज्ञानं,:तत्,अज्ञानं,
यच्च,:यत्,च,
तन्मध्यान्निर्गतं,:तन्मध्यात्,निर्गतं,
ततोऽज्ञानवशाद्,भवतां,:ततः,अज्ञानवशात्,भवतां,
यदेतत्,:यत्,एतत्,
तावदेव,:तावत्,एव,
अतोऽतः,:अतः,अतः,
सर्वाऽशुभदोषादिध्वंसी,:सर्व,अशुभदोषादिध्वंसी,
धर्मो,भवद्भिः,:धर्मः,भवद्भिः,
यतस्तत्पापं,:यतः,तत्,पापं,
दूरतो,नश्यति,:दूरतः,नश्यति,
गुरुवाक्यश्रवणाज्जातसंवेगैस्तैश्चतुर्भिरपि,:गुरुवाक्यश्रवणात्,जातसंवेगैः,तैः,चतुर्भिः,अपि,
संयममाददे,:संयमम्,आददे,
सद्‌गतिभाजोऽभूवन्,:सद्‌गतिभाजः,अभूवन्,
षड्भिरपि,:षड्भिः,अपि,
कृतश्चेत्,:कृतः,चेत्,
कश्चिदनर्थो,न,:कश्चित्,अनर्थः,न,
कर्महानिश्चाभवत्,:कर्महानिः,च,अभवत्,
कालविलम्ब,एव,:कालविलम्बः,एव,
त्वयाऽपि,:त्वया,अपि,
विधेयेति,:विधेय,इति,
मातृवचोऽङ्गीकृत्य,:मातृवचः,अङ्गीकृत्य,
मध्यमबुद्धिस्तथा,:मध्यमबुद्धिः,तथा,
अथैकदा,:अथ,एकदा,
नैकपुष्पप्रकरपरागपिञ्जरितदिगन्ते,:न,एकपुष्पप्रकरपरागपिञ्जरितदिगन्ते,
कामदेवपूजार्थमुद्यानं,:कामदेवपूजार्थम्,उद्यानं,
बालोऽपि,:बालः,अपि,
स्पर्शनद्वितीयो,गन्तुं,:स्पर्शनद्वितीयः,गन्तुं,
मध्यमबुद्धिरपि,:मध्यमबुद्धिः,अपि,
द्वावपि,:द्वौ,अपि,
कौतुकलोलुपो,मन्दिरान्तर्गर्भगृहं,:कौतुकलोलुपः,मन्दिरान्तः,गर्भगृहं,
मन्दिरान्तर्गर्भगृहं,:मन्दिरान्तः,गर्भगृहं,
प्रविष्टस्तत्र,:प्रविष्टः,तत्र,
कामदेवयोग्यामत्यन्तसुकुमारशय्यां,:कामेदवयोग्याम्,अत्यन्तसुकुमारशय्यां,
विस्मृतदेवशय्यापरिभोगानर्थोदयस्तां,:विस्मृतदेवशय्यापरिभोगान्,अर्थोदयः,तां,
शय्यामारुह्य,:शय्याम्,आरुह्य,
मध्यबुद्धिस्तु,:मध्यबुद्धिः,तु,
बहिरेव,:बहिः,एव,
स्थितोऽस्ति,:स्थितः,अस्ति,
शत्रुमर्दनाभिधो,यो,यो,बहिरङ्गनृपोऽस्ति,:शत्रुमर्दनाभिधः,यः,यः,बहिरङ्गनृपः,अस्ति,
बहिरङ्गनृपोऽस्ति,:बहिरङ्गनृपः,अस्ति,
कामपूजार्थमागता,:कामपूजार्थम्,आगता,
साऽपि,:सा,अपि,
बालस्याऽङ्गे,:बालस्य,अङ्गे,
तस्या,हस्तो,हस्तो,लग्नः,:तस्याः,हस्तः,हस्तः,लग्नः,
तत्स्पर्शादहो,:तत्स्पर्शात्,अहो,
एतस्यास्तनुसुकुमारतेत्यादि,:एतस्याः,तनुसुकुमारता,इत्यादि,
बालोऽतिविकलो,जातः,:बालः,अतिविकलः,जातः,
राज्ञीस्पर्शवैकल्यादितस्ततो,विलुठन्,:राज्ञीस्पर्शवैकल्यादितः,ततः,विलुठन्,
कुतोऽप्यागतेन,:कुतोऽपि,आगतेन,
यमसदनाऽतिथिर्भव,:यमसदनाऽतिथिः,भव,
इत्युक्त्वा,:इति,उक्त्वा,
लोहशृङ्खलाभिर्दृढं,:लोहशृङ्खलाभिः,दृढं,
विडम्ब्यमानो,बहिर्नीत्वा,:विडम्ब्यमानः,बहिः,नीत्वा,
बहिर्नीत्वा,:बहिः,नीत्वा,
प्रहर्त्तुमारब्धस्तावता,:प्रहर्त्तुम्,आरब्धः,तावता,
दृष्टस्तेन,:दृष्टः,तेन,
मधुरवाक्यैश्च,:मधुरवाक्यैः,च,
मोचितो,बालः,:मोचितः,बालः,
गृहमानीतः,:गृहम्,आनीतः,
पृष्टश्च,:पृष्टः,च,
कुत्राऽङ्गे,:कुत्र,अङ्गे,
व्यथाऽस्ति,:व्यथा,अस्ति,
महाव्यथाऽस्ति,:महाव्यथा,अस्ति,
नाऽन्यत्र,:न,अन्यत्र,
व्यथाऽस्ति,:व्यथा,अस्ति,
मध्यमबुद्धिराह,:मध्यमबुद्धिः,आह,
अतोऽतः,:अतः,अतः,
नैतदभिलषणीयमिति,:न,एतत्,अभिलषणीयम्,इति,
रुष्टो,बालः,:रुष्टः,बालः,
शक्तिरस्ति,:शक्तिः,अस्ति,
तामवश्यां,:ताम्,अवश्यां,
रंस्येऽत्र,:रंस्ये,अत्र,
तेऽपराध्यतीति,:ते,अपराध्यति,इति,
मध्यमबुद्धिर्मौनमास्थितः,:मध्यमबुद्धिः,मौनम्,आस्थितः,
बालो,गृहाद्,गृहाद्,बहिर्निर्गतस्तं,:बालः,गृहात्,गृहात्,बहिः,निर्गतः,तं,
बहिर्निर्गतस्तं,:बहिः,निर्गतः,तं,
चाऽवलोक्य,:च,अवलोक्य,
मध्यमबुद्धिरपि,:मध्यमबुद्धिः,अपि,
तस्याऽनुपदं,:तस्य,अनुपदं,
कश्चिदेको,विद्याधरो,विद्याधरो,बालं,:कश्चित्,एकः,विद्याधरः,विद्याधरः,बालं,
बालस्याऽऽक्रन्दारवेण,:बालस्य,आक्रन्दारवेण,
दुःखितमना,मध्यबुद्धिः,:दुःखितमनाः,मध्यबुद्धिः,
खेचरेऽकिञ्चित्करोऽपि,:खेचरे,अकिञ्चित्करः,अपि,
विद्याधरस्तु,:विद्याधरः,तु,
क्षणाद्,दृष्टिपथमतीतः,:क्षणात्,दृष्टिपथम्,अतीतः,
दृष्टिपथमतीतः,:दृष्टिपथम्,अतीतः,
प्रचलतोऽस्य,:प्रचलतः,अस्य,
बालशुद्धिर्न,:बालशुद्धिः,न,
तेनैकः,:तेन,एकः,
कूपोऽदर्शि,:कूपः,अदर्शि,
यावद्,दुःखार्दितो,दुःखार्दितो,झम्पां,:यावत्,दुःखार्दितः,दुःखार्दितः,झम्पां,
प्रवृत्तस्तावत्,:प्रवृत्तः,तावत्,
तत्राऽऽयातेनैकैन,:तत्र,आयातेन,एकेन,
नरेणाऽऽगत्य,:नरेण,आगत्य,
नन्दनेनोक्तम्,:नन्दनेन,उक्तम्,
हरिश्चन्द्रो,राजाऽस्ति,:हरिश्चन्द्रः,राजा,अस्ति,
राजाऽस्ति,:राजा,अस्ति,
विद्याभृद्,वयस्योऽस्ति,:विद्याभृत्,वयस्यः,अस्ति,
वयस्योऽस्ति,:वयस्यः,अस्ति,
शत्रुविध्वंसिन्येका,:शत्रुविध्वंसिनी,एका,
दत्ताऽस्ति,:दत्ता,अस्ति,
पुमांसमानाय्य,:पुमांसम्,आनाय्य,
तन्मांसशोणितैर्नृपः,:तन्मांसशोणितैः,नृपः,
स्थितो,देव्यग्रे,:स्थितः,देव्यग्रे,
आहुतीर्दत्ते,:आहुतीः,दत्ते,
कुर्वतोऽस्य,:कुर्वतः,अस्य,
दिनमवशिष्यते,:दिनम्,अवशिष्यते,
स,पुमान्,:सः,पुमान्,
समर्पितोऽस्ति,:समर्पितः,अस्ति,
तवैव,:तव,एव,
इत्युक्त्वा,:इति,उक्त्वा,
नन्दनेनाऽग्रे,:नन्दनेन,अग्रे,
दृष्ट्वोपलक्षितो,बालोऽयमिति,:दृष्ट्वा,उपलक्षितः,बालः,अयम्,इति,
बालोऽयमिति,:बालः,अयम्,इति,
याचितश्च,:याचितः,च,
नन्दनस्तन्मुक्तिं,:नन्दनः,तन्मुक्तिं,
नन्दनेनोक्तम्,:नन्दनेन,उक्तम्,
अद्याऽप्येकदिनाऽवधि,अस्य,:अद्याऽपि,एकदिनाऽवधिः,अस्य,
दाक्षिण्याद्,दत्तोऽयं,:दाक्षिण्यात्,दत्तः,अयं,
दत्तोऽयं,:दत्तः,अयं,
ततो,गृहीत्वैनं,:ततः,गृहीत्वा,एनं,
गृहीत्वैनं,:गृहीत्वा,एनं,
नृपो,द्रक्ष्यति,:नृपः,द्रक्ष्यति,
चाऽनिष्टं,:च,अनिष्टं,
भविष्यतीति,:भविष्यति,इति,
वेगाद्,वलितो,वलितो,मध्यमबुद्धिः,:वेगात्,वलितः,वलितः,मध्यमबुद्धिः,
चाऽऽयातः,:च,आयातः,
भेषजाद्यनेकोपायान्,:भेषजादि,अनेक,उपायान्,
सज्जीकृतो,बालः,:सज्जीकृतः,बालः,
भाषितोऽनेन,:भाषितः,अनेन,
महाकष्टमनुभूतं,:महाकष्टम्,अनुभूतं,
ततोऽद्य,:ततः,अद्य,
महानर्थभूमिः,:महान्,अर्थभूमिः,
तच्छ्रुत्वा,:तत्,श्रुत्वा,
क्रोधाऽरुणो,भूत्वा,:क्रोधाऽरुणः,भूत्वा,
कस्त्वां,:कः,त्वां,
त्वमाकारितः,:त्वम्‌,अकारितः,
गणयामी"त्यादिवाक्यैर्भर्त्सितो,मध्यमबुद्धिर्दध्यौस्पर्शनकुमित्रप्रेरितोऽयं,:गणयामि",इत्यादिवाक्यैः,भर्त्सितः,मध्यमबुद्धिः,दध्यौस्पर्शनकुमित्रप्रेरितः,अयं,
मध्यमबुद्धिर्दध्यौस्पर्शनकुमित्रप्रेरितोऽयं,:मध्यमबुद्धिः,दध्यौस्पर्शनकुमित्रप्रेरितः,अयं,
बालो,दुरात्मा,:बालः,दुरात्मा,
जातोऽतो,न,:जातः,अतः,न,
सङ्गतिकरणार्ह,इति,:सङ्गतिकरणार्हः,इति,
वृत्तान्तस्तस्मै,:वृत्तान्तः,तस्मै,
मनीषिणोक्तं,:मनीषिणा,उक्तं,
सर्वमेतदहमपि,:सर्वम्,एतत्,अहमपि,
यतो,यदा,:यतः,यदा,
बालो,हृतो,कृतस्तदा,:बालः,हृतः,कृतः,तदा,
कथयामासुर्यदुत,:कथयामासुः,यदुत,
बालो,हृतस्तेन,:बालः,हृतः,तेन,
हृतस्तेन,:हृतः,तेन,
पुनरसौ,:पुनः,असौ,
केचिच्च,:केचित्,च,
मध्यमबुद्धिस्तु,:मध्यमबुद्धिः,तु,
निर्दोषोऽस्ति,:निर्दोषः,अस्ति,
सङ्गतो,वृथा,:सङ्गतः,वृथा,
इत्याहुः,:इति,आहुः,
सत्सङ्गतिर्विधेयेति,:सत्सङ्गतिः,विधेय,इति,
विदन्नपि,:विदन्,अपि,
इत्यूचुः,:इति,ऊचुः,
परस्परालापैर्मया,:परस्परालापैः,मया,
ज्ञातो,भवतोर्वृत्तान्तस्ततो,भवतोर्वृत्तान्तस्ततो,मया,:ज्ञातः,भवतोः,वृत्तान्तः,ततः,भवतोः,वृत्तान्तः,ततः,मया,
कथितश्च,:कथितः,च,
पित्राऽप्युक्तं,:पित्रा,अपि,उक्तं,
कियन्मात्रमेतद्,बालस्य,:कियन्मात्रम्,एतत्,बालस्य,
कष्टकोटिभिरहं,:कष्टकोटिभिः,अहं,
मनीषिवार्ताऽऽकर्णनात्,:मनीषिवार्ता,आकर्णनात्,
प्रबुद्धो,मध्यमबुद्धिः,:प्रबुद्धः,मध्यमबुद्धिः,
अथैवं,:अथ,एवं,
कियद्,दिनाऽतिक्रमे,:कियत्,दिनाऽतिक्रमे,
मदनकन्दलीवियोगाऽऽतुरो,बालः,:मदनकन्दलीवियोगाऽऽतुरः,बालः,
केनचिदप्यदृष्टप्रचारो,राजमन्दिरान्तः,:केनचित्,अपि,अदृष्टप्रचारः,राजमन्दिरान्तः,
प्रविष्टाऽस्ति,:प्रविष्टा,अस्ति,
तत्राऽऽयातः,:तत्र,आयातः,
स,च,:सः,च,
तथाविधाऽपराधिनं,:तथाविध,अपराधिनं,
लोहयन्त्रैर्बन्धयित्वा,:लोहयन्त्रैः,बन्धयित्वा,
खरपृष्ठमारोप्य,:खरपृष्ठम्,आरोप्य,
कुत्रचिद्,वृक्षशाखायां,:कुत्रचित्,वृक्षशाखायां,
दुरात्मनोऽस्य,:दुरात्मनः,अस्य,
बालस्येयमेवावस्था,:बालस्य,इयम्,एव,अवस्था,
समुचितेति,:समुचिता,इति,
पतितो,बालः,:पतितः,बालः,
गृहमायातो,राजभयाद्,राजभयाद्,गृहान्तर्निलीय,:गृहम्,आयातः,राजभयात्,राजभयात्,गृहान्तः,निलीय,
गृहान्तर्निलीय,:गृहान्तः,निलीय,
कियद्दिनातिक्रमे,:कियत्,दिनातिक्रमे,
प्रबोधरतिनामाऽऽचार्यः,:प्रबोधरतिनाम्,आचार्यः,
मनीषिमध्यमबुद्धि,अपि,:मनीषिमध्यमबुद्धिः,अपि,
तत्राऽऽगतौ,:तत्र,आगतौ,
बालोऽपि,:बालः,अपि,
नैकस्त्रीणां,:न,एकस्त्रीणां,
विलासादिप्रेक्षालालसस्तत्राऽऽयातः,:विलासादिप्रेक्षालालसः,तत्र,आयातः,
अथाऽऽचार्येण,:अथ,आचार्येण,
इन्द्रियजय,एव,:इन्द्रियजयः,एव,
परमो,धर्मः,:परमः,धर्मः,
दुर्जयेन्द्रियजेतारो,जगति,:दुर्जयेन्द्रियजेतारः,जगति,
गुरुरूचे,:गुरुः,उचे,
यतो,जगति,:यतः,जगति,
चतुर्विधा,मनुष्या,मनुष्या,जघन्यमध्यमोत्कृष्टोत्कृष्टतमभेदात्।,:चतुर्विधाः,मनुष्याः,मनुष्याः,जघन्यमध्यमोत्कृष्टोत्कृष्टतमभेदात्।,
उत्कृष्टतमास्ते,:उत्कृष्टतमाः,ते,
एतदाकर्ण्य,:एतत्,आकर्ण्य,
स,भवजन्तुरुत्कृष्टतमः,:सः,भवजन्तुः,उत्कृष्टतमः,
भवजन्तुरुत्कृष्टतमः,:भवजन्तुः,उत्कृष्टतमः,
स्वार्थसाधित,इति,:स्वार्थसाधितः,इति,
पुनर्गुरुभिरुक्तं,:पुनः,गुरुभिः,उक्तं,
चोत्तमाः,:च,उत्तमाः,
ईदृग्,विधस्त्वहं,:ईदृक्,विधः,तु,अहं,
विधस्त्वहं,:विधः,तु,अहं,
मूलशुद्धिरानायिता,:मूलशुद्धिः,अनायिता,
महोमोहसैनिको,मत्वा,:महोमोहसैनिकः,मत्वा,
परिहृतश्चेति,:परिहृतः,च,इति,
पुनर्गुरुराह,:पुनः,गुरुः,आह,
स्पर्शनादीन्यधमानि,:स्पर्शनादीनि,अधमानि,
श्रुत्वाऽपि,:श्रुत्वा,अपि,
सन्दिग्धमनसो,लोकेषु,:सन्दिग्धमनसः,लोकेषु,
तत्सङ्गत्यागेनेन्द्रियजयाय,:तत्सङ्गत्यागेन,इन्द्रियजयाय,
मनीषिविमर्श,',:मनीषिविमर्शः,',
एवंविधस्तु,:एवंविधः,तु,
मद्भ्राता,:मत्,भ्राता,
पश्चाद्,बालस्य,:पश्चात्,बालस्य,
चाऽनुभूय,:च,अनुभूय,
परिजहारेति,:परिजहार,इति,
पुनगुरुरूचे,:पुनगुरुः,ऊचे,
यस्तु,:यः,तु,
विलोकयन्ननुभवन्नपि,:विलोकयन्,अनुभवन्,अपि,
स,जघन्यः,:सः,जघन्यः,
यदेवंविधस्तु,:यदेवंविधः,तु,
मद्भ्राता,:मत्,भ्राता,
बालो,यदित्थं,:बालः,यत्,इत्थं,
यदित्थं,:यत्,इत्थं,
कदर्थनानुभवेऽपि,:कदर्थनानुभवे,अपि,
जायतेऽस्येति,:जायते,अस्य,इति,
कौतुकाऽऽयातो,बालो,बालो,मदनकन्दलीरूपाक्षिप्तो,मदनकन्दलीरूपाक्षिप्तो,नखशिखाऽवधितदङ्ग,नखशिखाऽवधितदङ्ग,समालोकनपरश्चिरं,:कौतुकाऽऽयातः,बालः,बालः,मदनकन्दलीरूपाक्षिप्तः,मदनकन्दलीरूपाक्षिप्तः,नखशिखावधितदङ्गः,नखशिखावधितदङ्गः,समालोकनपरः,चिरं,
समालोकनपरश्चिरं,:समालोकनपरः,चिरं,
देशनाया,अक्षरमात्रमपि,:देशनायाः,अक्षरमात्रम्,अपि,
अक्षरमात्रमपि,:अक्षरमात्रम्,अपि,
स,विवेद,:सः,विवेद,
सुबुद्धिर्नामाऽमात्योऽतिधर्मात्मा,:सुबुद्धिः,नाम,अमात्यः,अतिधर्मात्मा,
किमेषां,:किम्,एषां,
गुरुराह,:गुरुः,आह,
य,उत्कृष्टतमः,:यः,उत्कृष्टतमः,
स,तु,:सः,तु,
प्रवृत्तस्ततोऽयं,:प्रवृत्तः,ततः,अयं,
भिन्न,एव,:भिन्नः,एव,
त्रयाणामप्येषां,:त्रयाणाम्,अपि,एषां,
कर्मविलासो,राजा,:कर्मविलासः,राजा,
कर्मणश्च,:कर्मणः,च,
शुभसुन्दरीत्युच्यते,:शुभसुन्दरी,इति,उच्यते,
गुरुवाक्यमाकर्ण्य,:गुरुवाक्यम्,आकर्ण्य,
गुरुभिरेतदस्मच्चरितमेवोक्तमिति,:गुरुभिः,एतत्,अस्मत्,चरितम्,एव,उक्तम्,इति,
यावद्,विमृशति,:यावत्,विमृशति,
परवशो,बालो,बालो,राजभयमविमृश्य,:परवशः,बालः,बालः,राजभयम्,अविमृश्य,
राजभयमविमृश्य,:राजभयम्,अविमृश्य,
सर्वलोकलज्जामवगणय्य,:सर्वलोकलज्जाम्,अवगणय्य,
कामान्धो,मदनकन्दलीमभिधावितः,:कामान्धः,मदनकन्दलीम्,अभिधावितः,
मदनकन्दलीमभिधावितः,:मदनकन्दलीम्,अभिधावितः,
कोपकलुषदृशावलोकितः,:कोपकलुषदृशा,अवलोकितः,
समुपलक्षितश्च,:समुपलक्षितः,च,
दुरात्मेति,:दुरात्मा,इति,
प्रणष्टो,बालः,:प्रणष्टः,बालः,
गतिभङ्गवशाद्,गन्तुमक्षमो,गन्तुमक्षमो,भुवि,:गतिभङ्गवशात्,गन्तुम्,अक्षमः,गन्तुम्,अक्षमः,भुवि,
तस्याऽधमचरित्रं,:तस्य,अधमचरित्रं,
निःसृत्यैकः,:निःसृत्य,एकः,
किमनेनेत्थं,:किम्,अनेन,इत्थं,
गुरुराह,:गुरुः,आह,
बालस्तु,:बालः,तु,
निर्गतोऽयं,:निर्गतः,अयं,
स्पर्शननामातद्वशाद्,दुष्टो,दुष्टो,जातः,:स्पर्शननामातद्वशात्,दुष्टः,दुष्टः,जातः,
अकुशलमालाऽस्य,:अकुशलमाला,अस्य,
मूढोऽयं,:मूढः,अयं,
साक्षाद्,वैरिभूतं,:साक्षात्,वैरिभूतं,
स्पर्शनमेनं,:स्पर्शनम्,एनं,
भवद्,देशनयाऽपि,:भवत्,देशनया,अपि,
देशनयाऽपि,:देशनया,अपि,
नाऽयं,:न,अयं,
प्रबुद्धस्तत्कथम्,:प्रबुद्धः,तत्कथम्,
गुरुराह,:गुरुः,आह,
नित्यविरोधिजीवानामपि,:नित्यविरोधिजीवानाम्,अपि,
वैराण्युपशाम्यन्ति,:वैराणि,उपशाम्यन्ति,
निरुपक्रमनिबिडककर्माणो,ये,:निरुपक्रमनिबिडककर्माणः,ये,
जीवास्ते,:जीवाः,ते,
देशनाशतैरपि,:देशनाशतैः,अपि,
तदत्र,:तत्,अत्र,
सुबुद्धिमन्त्रिणोक्तं,:सुबुद्धिमन्त्रिणा,उक्तं,
सत्यमेतत्,:सत्यम्,एतत्,
स,तु,:सः,तु,
नाश्चर्यं,:न,आश्चर्यं,
भवदग्रे,:भवत्,अग्रे,
कथमेनं,:कथम्,एनं,
अतोऽधुना,:अतः,अधुना,
किमस्य,:किम्,अस्य,
भावीति,:भावि,इति,
गुरुर्बभाषे,:गुरुः,बभाषे,
प्रणष्टो,भ्रमन्,:प्रणष्टः,भ्रमन्,
वृक्षाद्यन्तरितस्तत्पतिः,:वृक्षादि,अन्तरितः,तत्पतिः,
तत्राऽऽगत्य,:तत्र,आगत्य,
चैनं,:च,एनं,
ततो,मृत्वा,:ततः,मृत्वा,
बालोऽयं,:बालः,अयं,
सहिष्यतीति,:सहिष्यति,इति,
पुनर्नृपो,जगौ,:पुनः,नृपः,जगौ,
गुरुराह,:गुरुः,आह,
पुनस्तथाविधसंसारिजीवानाश्रित्य,:पुनः,तथाविधसंसारिजीवान्,आश्रित्य,
स्थास्यत,इति,:स्थास्यते,इति,
राजोचे,:राजा,ऊचे,
कथमेतौ,:कथम्,एतौ,
गुरुभिरुक्तं,:गुरुभिः,उक्तं,
राजाऽऽह,:राजा,आह,
तदप्रमादयन्त्रं,:तत्,अप्रमादयन्त्रं,
गुरुराह,:गुरुः,आह,
धर्मोपकरणदेहादावपि,:धर्मोपकरणदेहादौ,अपि,
समितिपञ्चकगुप्तित्रयाऽवहितत्वं,:समितिपञ्चकगुप्तित्रया,अवहितत्वं,
सद्यश्चित्तविस्त्रोतसिकानिवृत्तिर्निःसङ्गता,:सद्यः,चित्तविस्त्रोतसिकानिवृत्तिः,निःसङ्गता,
देहात्मनोर्भेदविज्ञानं,:देहात्मनोः,भेदविज्ञानं,
इत्याद्यनेकावयवोपलक्षितम्,:इत्यादि,अनेक,अवयवोपलक्षितम्,
अप्रमादयन्त्रमभिधीयते,:अप्रमादयन्त्रम्,अभिधीयते,
अथैतदाकर्ण्य,:अथ,एतत्,आकर्ण्य,
इत्याकर्ण्य,:इति,आकर्ण्य,
नृपो,मनीषिमुखं,:नृपः,मनीषिमुखं,
कोऽसौ,:कः,असौ,
गुरुराह,:गुरुः,आह,
त्वत्र,:तु,अत्र,
बाह्यो,राजाऽसि,:बाह्यः,राजा,असि,
राजाऽसि,:राजा,असि,
त्वत्तोऽप्यधिकबलवत्तमः,:त्वत्तः,अपि,अधिककबलवत्तमः,
त्वद्राज्यमपहर्तुं,:त्वद्राज्यम्,अपहर्तुं,
कर्मविलासनामाऽन्तरङ्गनृपोऽस्ति,:कर्मविलासनामान्तरङ्गनृपः,अस्ति,
पुत्रोऽयं,:पुत्रः,अयं,
मध्यमबुद्धिर्जगाद,:मध्यमबुद्धिः,जगाद,
मद्विधैर्दुर्वहं,:मद्विधैः,दुर्वहं,
श्रावकधर्म,उपदिश्यतां,:श्रावकधर्मः,उपदिश्यतां,
पृष्ट,श्रावकधर्म,उक्तः,:पृष्टः,श्रावकधर्मः,उक्तः,
गुरुमुखेनाऽङ्गीकृतः,:गुरुमुखेन,अङ्गीकृतः,
अनुमोदनैव,:अनुमोदना,एव,
यावद्,गुरवो,गुरवो,मनीषिणे,:यावत्,गुरवः,गुरवः,मनीषिणे,
तावद्,राज्ञोक्तं,:तावत्,राज्ञा,उक्तं,
राज्ञोक्तं,:राज्ञा,उक्तं,
महात्मनो,दीक्षामहोत्सवकरणे,:महात्मनः,दीक्षामहोत्सवकरणे,
मनोरथो,महानस्ति,:मनोरथः,महान्,अस्ति,
महानस्ति,:महान्,अस्ति,
अतो,भवदाज्ञा,:अतः,भवदाज्ञा,
तदाऽहं,:तदा,अहं,
गुरवो,मौनमाधाय,:गुरवः,मौनम्,आधाय,
मौनमाधाय,:मौनम्,आधाय,
सुबुद्धिमन्त्रिणोक्तं,:सुबुद्धिमन्त्रिणा,उक्तं,
महोत्सवस्तु,:महोत्सवः,तु,
साधवस्तदादेशं,:साधवः,तदादेशं,
तदनुमोदनमेव,:तदनुमोदनम्,एव,
कुर्वन्त्यतो,नाऽत्र,:कुर्वन्ति,अतः,न,अत्र,
नाऽत्र,:न,अत्र,
एवाऽभ्यर्थनीयो,महोत्सवमनिच्छताऽपि,:एव,अभ्यर्थनीयः,महोत्सवम्,अनिच्छतापि,
महाभागस्येच्छाभङ्गो,:महाभागस्य,इच्छाभङ्गो,
भूदिति,:अभूत्,इति,
स्नापितो,धृतमहार्घ्यवस्त्रालङ्‌कारमाल्यो,धृतमहार्घ्यवस्त्रालङ्‌कारमाल्यो,विविधभोज्यताम्बूलादिभिः,:स्नापितः,धृतमहार्घ्यवस्त्रालङ्‌कारमाल्यः,धृतमहार्घ्यवस्त्रालङ्‌कारमाल्यः,विविधभोज्यताम्बूलादिभिः,
सत्कृतो,मनीषी,:सत्कृतः,मनीषी,
तत्राऽऽस्ते,:तत्र,आस्ते,
प्रत्याह,:प्रति,आह,
धन्योऽयं,:धन्यः,अयं,
यो,गुरुवचसा,:यः,गुरुवचसा,
चारित्रमाद्रियते,:चारित्रम्,आद्रियते,
सुबुद्धिराह,:सुबुद्धिः,आह,
तथाविधलघुकर्माणो,भवन्ति,:तथाविधलघुकर्माणः,भवन्ति,
तेषामियं,:तेषाम्,इयं,
नृपेणोक्तं,:नृपेण,उक्तं,
केनोपायेन,:केन,उपायेन,
तदाऽहमपि,:तदा,अहमपि,
विधायाऽनेन,:विधाय,अनेन,
पुनर्मन्त्री,:पुनः,मन्त्री,
कथमसौ,:कथम्,असौ,
त्वत्प्रार्थनाभङ्गभयादेवेयन्तं,:त्वत्प्रार्थनाभङ्गभयात्,एव,इयन्तं,
ततो,न,:ततः,न,
युक्तमस्य,:युक्तम्,अस्य,
महात्मनो,दीक्षान्तरायकरणम्,:महात्मनः,दीक्षान्तरायकरणम्,
मन्त्रिवचोऽङ्गीकृत्य,:मन्त्रिवचः,अङ्गीकृत्य,
नैमित्तिक,आकारितः,:नैमित्तिकः,आकारितः,
पृष्टश्च,:पृष्टः,च,
नैमित्तिक,आह,:नैमित्तिकः,आह,
इतो,दिनात्,:इतः,दिनात्,
मुहूर्त्तमस्ति,:मुहूर्त्तम्,अस्ति,
स,नैमित्तिकः,:सः,नैमित्तिकः,
द्वितीयेऽहनि,:द्वितीये,अहनि,
पुरान्तश्चैत्येषु,:पुरान्तः,चैत्येषु,
हस्तिस्कन्धाधिरूढो,राज्ञा,:हस्तिस्कन्धाधिरूढः,राज्ञा,
ध्रियमाणेनाऽऽतपत्रेण,:ध्रियमाणेन,आतपत्रेण,
वीज्यमानैश्च,:वीज्यमानैः,च,
वाद्यमानैर्नानाऽऽतोद्यैः,:वाद्यमानैः,नानाऽऽतोद्यैः,
समन्ततश्चतुरङ्गचमूचक्रैः,:समन्ततः,चतुरङ्गचमूचक्रैः,
चाऽनेकभद्रकमनःस्सु,:च,अनेकभद्रकमनःस्सु,
आनन्दाश्रुप्लुतलोचनैर्भव्यजनैरभिनन्द्यमानो,मनीषी,:आनन्दाश्रुप्लुतलोचनैः,भव्यजनैः,अभिनन्द्यमानः,मनीषी,
समागतो,गुर्वन्तिके,:समागतः,गुर्वन्तिके,
तत्रोन्मुच्य,:तत्र,उन्मुच्य,
अथोपविष्टे,:अथ,उपविष्टे,
गरुभिर्हितशिक्षा,:गरुभिः,हितशिक्षा,
किङ्‌करत्वमभिलषति?,:किङ्‌करत्वम्,अभिलषति?,
चारित्रधर्ममवाप्य,:चारित्रधर्मम्,अवाप्य,
दुर्लभसङ्गोऽयं,:दुर्लभसङ्गः,अयं,
प्रबोधरतिसदृशा,ज्ञानिधयो,ज्ञानिधयो,गुरवः,:प्रबोधरतिसदृशाः,ज्ञानिधयः,ज्ञानिधयः,गुरवः,
आवयोरपि,:आवयोः,अपि,
पुनर्नरत्वधर्मश्रुतिश्रद्धासामर्थ्यलक्षणं,:पुनः,नरत्वधर्मश्रुतिश्रद्धासामर्थ्यलक्षणं,
ततो,यदि,:ततः,यदि,
कुरुतस्तदा,:कुरुतः,तदा,
संयममार्गमाश्रयाव,इति,:संयममार्गम्,आश्रयावः,इति,
प्रवर्द्धितोत्साहो,नृपः,:प्रवर्द्धितोत्साहः,नृपः,
एतद्वृत्तान्तदर्शनात्प्रवृद्धसंवेगनिर्वेदो,मध्यमबुद्धिरपि,:एतद्वृत्तान्तदर्शनात्,प्रवृद्धसंवेगनिर्वेदः,मध्यमबुद्धिः,अपि,
मध्यमबुद्धिरपि,:मध्यमबुद्धिः,अपि,
व्रतमाददे,:व्रतम्,आददे,
चतुर्णामपि,:चतुर्णाम्,अपि,
शिक्षामाह,:शिक्षाम्,आह,
स,बालवद्,बालवद्,दुःखपरम्परां,:सः,बालवत्,बालवत्,दुःखपरम्परां,
यश्च,:यः,च,
स,मध्यमबुद्धिवत्,:सः,मध्यमबुद्धिवत्,
कालविलम्बेनाऽपि,:कालविलम्बेन,अपि,
स्वाभाविकस्वबुद्ध्यैवाऽनर्थकारणं,:स्वाभाविकस्वबुद्ध्या,एव,अनर्थकारणं,
ततो,हितैषिभिर्युष्माभिः,:ततः,हितैषिभिः,युष्माभिः,
हितैषिभिर्युष्माभिः,:हितैषिभिः,युष्माभिः,
येनेह,:येन,इह,
कल्याणभाजो,भवेत्,:कल्याणभाजः,भवेत्,
ततो,बहुकालं,:ततः,बहुकालं,
केवलमुपार्ज्य,:केवलम्,उपार्ज्य,
प्राप्तो,मनीषी,:प्राप्तः,मनीषी,
चत्वारोऽपि,:चत्वारः,अपि,
बालस्तु,:बालः,तु,
पापमित्रसङ्गाच्चिरं,:पापमित्रसङ्गात्,चिरं,
संसारिजीवो,वक्ति,:संसारिजीवः,वक्ति,
वार्तेयं,:वार्ता,इयं,
मयोक्तं,:मया,उक्तं,
मयोक्तं,:मया,उक्तं,
कुमित्रसङ्गो,मया,:कुमित्रसङ्गः,मया,
प्रहृष्टो,विदुरः,:प्रहृष्टः,विदुरः,
नन्दिवर्धनो,वैश्वानराख्यपापमित्रेण,:नन्दिवर्धनः,वैश्वानराख्यपापमित्रेण,
सहाऽनिशं,:सह,अनिशं,
ततस्तस्य,:ततः,तस्य,
सङ्गस्त्वया,:सङ्गः,त्वया,
हेय,इति,:हेयः,इति,
अथैवं,:अथ,एवं,
इत्युक्त्वा,:इति,उक्त्वा,
विदुरस्तु,:विदुरः,तु,
पद्मनृपान्तिकमागत्य,:पद्मनृपान्तिकम्,आगत्य,
विलक्ष्यचित्तस्तस्थौ,:विलक्ष्यचित्तः,तस्थौ,
गृहमायातोऽहं,:गृहम्,आयातः,अहं,
अथैकदा,:अथ,एकदा,
सकाशाद्,नष्ट्वा,:सकाशात्,नष्ट्वा,
अत्रायातीति,:अत्र,आयाति,इति,
लोकमुखाद्,विज्ञाय,:लोकमुखात्,विज्ञाय,
गतोऽहं,:गतः,अहं,
समानीतश्चाऽसौ,:समानीतः,च,असौ,
समालिङ्गितश्च,:समालिङ्गितः,च,
प्रमुदिश्च,:प्रमुदिः,च,
चाऽन्योऽन्यं,:च,अन्योन्यं,
त्वदागमनेनाऽतिसन्तुष्टा,:त्वदागमनेन,अतिसन्तुष्टा,
ततोऽत्र,:ततः,अत्र,
सुखेनेति,:सुखेन,इति,
पद्मराज्ञो,वचसा,:पद्मराज्ञः,वचसा,
स्थितस्तत्र,:स्थितः,तत्र,
अथैकदा,:अथ,एकदा,
रोषकारणमिति?,:रोषकारणम्,इति?,
एकदाऽहं,:एकदा,अहं,
क्रीडार्थमुद्यानं,:क्रीडार्थम्,उद्यानं,
गतस्तत्रैकस्य,:गतः,तत्र,एकस्य,
वीरासीनमेकं,:वीरासीनम्,एकं,
सवयस्यो,निविष्टस्तत्र,:सवयस्यः,निविष्टः,तत्र,
निविष्टस्तत्र,:निविष्टः,तत्र,
आशीर्वचो,दत्त्वा,:आशीर्वचः,दत्त्वा,
श्रावकधर्मश्च,:श्रावकधर्मः,च,
श्रावकधर्मस्तन्मुखेनाङ्गीकृतः,:श्रावकधर्मः,तन्मुखेन,अङ्गीकृतः,
मन्यमानो,गृहमायातः,:मन्यमानः,गृहम्,आयातः,
गृहमायातः,:गृहम्,आयातः,
स्वबन्धुवद्,गणयामि,:स्वबन्धुवत्,गणयामि,
मयाऽकरदाश्चक्रिरे,:मयाकरदाः,चक्रिरे,
एको,दुर्मुखनामा,:एकः,दुर्मुखनामा,
सचिवोऽस्ति,:सचिवः,अस्ति,
मद्वृत्तान्तादतिखिन्नेनाऽसहिष्णुना,:मद्वृत्तान्तात्,अतिखिन्नेन,असहिष्णुना,
निश्चिन्तस्तिष्ठसि,:निश्चिन्तः,तिष्ठसि,
सर्वोऽपि,:सर्वः,अपि,
राज्यस्थितिश्चलिष्यति,:राज्यस्थितिः,चलिष्यति,
इत्याद्याकर्ण्य,:इत्यादि,आकर्ण्य,
वाच्येति,:वाच्य,इति,
तेनागत्य,:तेन,आगत्य,
करनिवारणमित्यादि।,:करनिवारणम्,इत्यादि।,
मयोक्तं,:मया,उक्तं,
किमेवं,:किम्,एवं,
अन्यायिजनेभ्य,एव,:अन्यायिजनेभ्यः,एव,
पुनर्धर्मिन्यायिजनेभ्यः,:पुनः,धर्मिन्यायिजनेभ्यः,
मद्वाक्यैर्निरुत्तरीभूतो,दुर्मुखो,दुर्मुखो,विलक्षः,:मद्वाक्यैः,निरुत्तरीभूतः,दुर्मुखः,दुर्मुखः,विलक्षः,
धर्मस्थैर्यावलोकनार्थमित्थमुक्तं,:धर्मस्थैर्यावलोकनार्थम्,इत्थम्,उक्तं,
धैर्यमित्यादि,:धैर्यम्,इत्यादि,
स,दुर्मुखो,:सः,दुर्मुखो,
तद्वाक्याद्,भीतास्ते,:तद्वाक्यात्,भीताः,ते,
भीतास्ते,:भीताः,ते,
तुष्णीमेव,:तुष्णीम्,एव,
यदुताऽसौ,:यदुत,असौ,
दुर्मुखो,मदुपरि,:दुर्मुखः,मदुपरि,
सम्मानितानपि,:सम्मानितान्,अपि,
तन्नूनमसौ,:तन्नूनम्,असौ,
पित्राऽप्यस्य,:पित्रापि,अस्य,
कार्येऽनुमतो,दृश्यते,:कार्ये,अनुमतः,दृश्यते,
तदस्मै,:तत्,अस्मै,
मत्तोऽपि,:मत्तः,अपि,
तत्किमत्र,:तत्किम्,अत्र,
मेऽकिञ्चित्करस्येति,:मे,अकिञ्चित्,करस्य,इति,
मनस्याधाय,:मनसि,आधाय,
स्वरपिच्छदपरिवृत्तस्तातमनापृच्छ्य,:स्वरपिच्छदपरिवृत्तः,तम्,अनापृच्छ्य,
निर्गतोऽहं,:निर्गतः,अहं,
क्रमेणेहाऽऽगतं,:क्रमेण,इह,आगतं,
मयोक्तं-,:मया,उक्तं-,
कृतमेतत्,:कृतम्,एतत्,
यतो,मानिनां,:यतः,मानिनां,
सर्वतोऽपि,:सर्वतः,अपि,
मानरक्षणमेव,:मानरक्षणम्,एव,
अथाऽन्यदा,:अथ,अन्यदा,
सुमतिवराङ्गकेशरिनामानस्त्रयोऽमात्याः,:सुमतिवराङ्गकेशरिनामानः,त्रयः,अमात्याः,
सभायामागत्य,:सभायाम्,आगत्य,
दुर्विलसितमिति,:दुर्विलसितम्,इति,
मुखादवगत्य,:मुखात्,अवगत्य,
त्वामत्रागतं,:त्वाम्,अत्र,आगतं,
नियमो,गृहीतः,:नियमः,गृहीतः,
तयोर्मध्ये,:तयोः,मध्ये,
दत्ताऽभूत्,:दत्ता,अभूत्,
कदाचिद्,विमलाननया,:कदाचित्,विमलाननया,
श्रुतास्तेन,:श्रुताः,तेन,
तस्यास्तं,:तस्याः,तं,
पितृभ्यामपि,:पितृभ्याम्,अपि,
रत्नवत्यपि,:रत्नवती,अपि,
कनकशेखरस्याऽभीष्टमित्रं,:कनकशेखरस्य,अभीष्टमित्रं,
वृणोमीति,:वृणोमि,इति,
तयोरागमनवार्तां,:तयोः,आगमनवार्तां,
प्रेषितास्ततः,:प्रेषिताः,ततः,
तत्राऽऽगन्तव्यं,:तत्र,आगन्तव्यं,
युज्यतेऽधुना,:युज्यते,अधुना,
क्षणमपि,:क्षणम्,अपि,
विलम्बितुमिति,:विलम्बितुम्,इति,
पद्मनृपमापृच्छ्य,:पद्मनृपम्,आपृच्छ्य,
मामपि,:माम्,अपि,
सहाऽऽकार्य,:सह,आकार्य,
प्रयाणान्यतिक्रान्तानि।,:प्रयाणानि,अतिक्रान्तानि।,
संसारिजीवो,वक्ति,:संसारिजीवः,वक्ति,
ममाऽभूत्तदाकर्णय,:मम,अभूत्,तदाकर्णय,
अस्त्यान्तरङ्गं,:अस्ति,अन्तरङ्गं,
नृपस्तस्य,:नृपः,तस्य,
रौद्रचित्तपुरमायाता,:रौद्रचित्तपुरम्,आयाता,
स,वैश्वानरस्तद्‌गृह,वैश्वानरस्तद्‌गृह,एव,:सः,वैश्वानरः,तद्‌गृहे,वैश्वानरः,तद्‌गृहे,एव,
क्रमेणाऽविवेकिताप्रेरणादागत्य,:क्रमेण,अविवेकिताप्रेरणात्,आगत्य,
मिलित,इति,:मिलितः,इति,
परिचयाद्,वैश्वानरेण,:परिचयात्,वैश्वानरेण,
अथैकदा,:अथ,एकदा,
चाऽस्याः,:च,अस्याः,
त्वयाऽऽखेटकोऽनिशं,:त्वया,आखेटकः,अनिशं,
सेवनीय',:सेवनीयः,',
प्रमुदितोऽहं,:प्रमुदितः,अहं,
पापर्द्धिरसिको,जातः।,:पापर्द्धिरसिकः,जातः।,
अथैवं,:अथ,एवं,
पर्वतेऽम्बरीषनामानो,लुण्टाका,लुण्टाका,वसन्ति,:पर्वते,अम्बरीषनामानः,लुण्टाकाः,लुण्टाकाः,वसन्ति,
कनकशेखरमायान्तं,:कनकशेखरम्,आयान्तं,
सम्भूयाऽग्रे,:सम्भूय,अग्रे,
तै,सह,:तैः,सह,
चोत्कर्षमारोपितोऽहं,:चोत्कर्षमारोपितः,अहं,
तत्मुक्तान्यनेकप्रहरणानि,:तत्मुक्तानि,अनेकप्रहरणानि,
निपातितो,मया,:निपातितः,मया,
स,लुण्टाकनायकः,:सः,लुण्टाकनायकः,
मामेव,:माम्,एव,
जातश्च,:जातः,च,
पुनर्मिलितं,:पुनः,मिलितं,
अथाऽविच्छिन्नप्रयाणैः,:अथ,अविच्छिन्नप्रयाणैः,
कतिचिद्,दिनान्ते,:कतिचित्,दिनान्ते,
ज्ञाताऽस्मदागमनवृत्तान्तप्रमुदितः,:ज्ञातः,अस्मत्,आगमनवृत्तान्तप्रमुदितः,
सपरिजनोऽभिमुखमागतः,:सपरिजनः,अभिमुखम्,आगतः,
कृतश्च,:कृतः,च,
कनकशेखरस्याऽभीष्टमित्रं,:कनकशेखरस्य,अभीष्टमित्रं,
पुराद्,बहिः,:पुरात्,बहिः,
यातीति,:याति,इति,
कोलाहलोऽजनि,:कोलाहलः,अजनि,
तच्छ्रुत्वा,:तत्,श्रुत्वा,
तमनुधाविताः,:तम्,अनुधाविताः,
दत्ताऽभूत्,:दत्ता,अभूत्,
स,विभाकरनृपोऽतुलबलमानीय,:सः,विभाकरनृपः,अतुलबलम्,आनीय,
विभाकरनृपोऽतुलबलमानीय,:विभाकरनृपः,अतुलबलम्,आनीय,
यातीति,:याति,इति,
अथोभयसैन्ययोः,:अथ,उभयसैन्ययोः,
ममाभिमुखं,:मम,अभिमुखं,
योद्धुमागतः,:योद्धुम्,आगतः,
स,च,:सः,च,
मातुलो,बङ्गाधिपतिर्द्रुमराट्,:मातुलः,बङ्गाधिपतिः,द्रुमराट्,
बङ्गाधिपतिर्द्रुमराट्,:बङ्गाधिपतिः,द्रुमराट्,
मयाऽन्तराले,:मया,अन्तराले,
कनकशेखरकृतप्रहारार्द्दितो,मूर्च्छामवाप्य,:कनकशेखरकृतप्रहारार्द्दितः,मूर्च्छाम्,अवाप्य,
मूर्च्छामवाप्य,:मूर्च्छाम्,अवाप्य,
कान्दिशीकमितस्ततः,:कान्दिशीकम्,इतस्ततः,
पुनर्युद्धाय,:पुनः,युद्धाय,
सम्यगद्य,:सम्यक्,अद्य,
दोर्दण्डकण्डूमपनयाव,इत्यादि,:दोर्दण्डकण्डूम्,अपनयावः,इत्यादि,
पादयोर्निपत्य,:पादयोः,निपत्य,
त्वयाऽहं,:त्वया,अहं,
मृतावस्थोऽपि,:मृतावस्थः,अपि,
सज्जीकृतस्ततस्त्वं,:सज्जीकृतः,ततः,त्वं,
त्वद्यप्रभृति,:तु,अद्यप्रभृति,
सेवकोऽस्मीति,:सेवकः,अस्मि,इति,
कनकचूडादयो,मङ्गलनिःस्वनानि,:कनकचूडादयः,मङ्गलनिःस्वनानि,
रत्नवतीयुतो,रथादिरूढः,:रत्नवतीयुतः,रथादिरूढः,
यावद्,वलितस्तावत्,:यावत्,वलितः,तावत्,
वलितस्तावत्,:वलितः,तावत्,
यावद्,वलितस्तावत्,:यावत्,वलितः,तावत्,
वलितस्तावत्,:वलितः,तावत्,
मलयमञ्जरीकुक्ष्युद्भवो,कनकमञ्जरीति,:मलयमञ्जरीकुक्ष्युद्भवः,कनकमञ्जरी,इति,
कनकमञ्जरीति,:कनकमञ्जरी,इति,
तयाऽप्यहं,:तया,अपि,अहं,
परस्परालोकनादावयोर्मिथो,मनसी,:परस्परालोकनात्,आवयोः,मिथः,मनसी,
तेतलिसारथिनाऽन्योक्तिभिः,:तेतलिसारथिना,अन्योक्तिभिः,
प्रबोधितोऽहं,:प्रबोधितः,अहं,
गृहमायातः,:गृहम्,आयातः,
नारकस्येव,:नारकस्य,इव,
प्रमुदितस्तेतली,:प्रमुदितः,तेतली,
मामित्युवाच,:माम्,इति,उवाच,
म्लानपद्मिनीमिवालोक्य,:म्लानपद्मिनीम्,इव,आलोक्य,
त्वय्यभिलाषिणीं,:त्वयि,अभिलाषिणीं,
पितृभ्यामपि,:पितृभ्याम्,अपि,
नन्दिवर्धनायेयं,:नन्दिवर्धनाय,इयं,
देयेति,:देया,इति,
निश्चितमस्तीति,:निश्चितम्,अस्ति,इति,
तदैव,:तदा,एव,
विमलनामाऽमात्यः,:विमलनामा,अमात्यः,
कनकचूडनृपो,मन्मुखेनेति,:कनकचूडनृपः,मन्मुखेन,इति,
मन्मुखेनेति,:मन्मुखेन,इति,
भवतो,मित्रेण,:भवतः,मित्रेण,
परिणीताऽस्ति,:परिणीता,अस्ति,
तस्या,भगिनी,:तस्याः,भगिनी,
तदङ्गीकरोतु,:तत्,अङ्गीकरोतु,
इत्युक्त्वा,:इति,उक्त्वा,
अथाऽहं,:अथ,अहं,
सहेप्सितभोगान्,:सह,ईप्सितभोगान्,
तत्रात्यवाहयम्,:तत्र,अति,अवाहयम्,
विभाकरोऽपि,:विभाकरः,अपि,
कनकचूडनृपेणोपचारार्थं,:कनकचूडनृपेण,उपचारार्थं,
रक्षितोऽस्ति,:रक्षितः,अस्ति,
तिष्ठताऽनेन,:तिष्ठता,अनेन,
कियद्दिनातिक्रमे,:कियत्,दिनातिक्रमे,
सज्जीभूतोऽसौ,:सज्जीभूतः,असौ,
कनकचूडनृपेणातिसन्मानितः,:कनकचूडनृपेण,अतिसन्मानितः,
अथैकदा,:अथ,एकदा,
मृगयासक्तं,:मृगया,आसक्तं,
कनकशेखरो,मदुपदेशाय,:कनकशेखरः,मत्,उपदेशाय,
मदुपदेशाय,:मत्,उपदेशाय,
हिंसावैश्वनरदोषानकथयत्,:हिंसावैश्वनरदोषान्,अकथयत्,
तदाकर्णनमात्रात्,:तत्,आकर्णनमात्रात्,
छुरीमाकृष्य,:छुरीम्,आकृष्य,
परमोपकारिणोर्हिंसावैश्वानरयोर्निन्दां,:परमोपकारिणः,हिंसावैश्वानरयोः,निन्दां,
नाऽभविष्यतां,:न,अभविष्यतां,
युवामपि,:युवाम्,अपि,
कुतोऽभविष्यतम्,:कुतः,अभविष्यतम्,
आगम्यतामद्याऽपि,:आगम्यताम्,अद्याऽपि,
बलावलेपश्चेद्,दर्शयामि,:बलावलेपः,चेत्,दर्शयामि,
सभाजनो,भीतः,:सभाजनः,भीतः,
प्रत्यकिञ्चित्करोऽहं,:प्रत्यकिञ्चित्करः,अहं,
स्वगृहमायातः,:स्वगृहम्,आयातः,
प्रभृत्ययोग्योऽयमिति,:प्रभृति,अयोग्यः,अयम्,इति,
नृपादिभिरुपेक्षितः,:नृपादिभिः,उपेक्षितः,
स्वगृह,एव,:स्वगृहे,एव,
जयस्थलपुरादायातो,दूतो,दूतो,मां,:जयस्थलपुरादायातः,दूतः,दूतः,मां,
वङ्गाधिपतिर्यवनो,नृपः,:वङ्गाधिपतिः,यवनः,नृपः,
प्रबलसैन्यमादायागतो,जयस्थलं,:प्रबलसैन्यम्,आदाय,आगतः,जयस्थलं,
स्थितोऽस्ति,:स्थितः,अस्ति,
लोकस्तु,:लोकः,तु,
दैवशरणो,भूत्वा,:दैवशरणः,भूत्वा,
सर्वोऽपि,:सर्वः,अपि,
स्थितोऽस्ति,:स्थितः,अस्ति,
ततो,मतिधनबुद्धिविलासमन्त्रिभ्यां,:ततः,मतिधनबुद्धिविलासमन्त्रिभ्यां,
पितरमनापृच्छ्यैवाऽहं,:पितरम्,अनापृच्छ्य,एव,अहं,
प्रहितोऽस्मि,:प्रहितः,अस्मि,
ततोऽतिसत्वरमेवाऽऽगन्तव्यं,:ततः,अतिसत्वरम्,एव,आगन्तव्यं,
क्षणार्धमपि,:क्षणार्धम्,अपि,
नोचितो,विलम्ब,विलम्ब,इति,:न,उचितः,विलम्बः,विलम्बः,इति,
वाक्याज्जातामर्षः,:वाक्यात्,जात,अमर्षः,
स्वपरिजनमादाय,:स्वपरिजनम्,आदाय,
कनकचूडनृपादीनापृच्छ्यैव,:कनकचूडनृपादीन्,आपृच्छ्य,एव,
पुरोपान्तमागत्य,:पुरोपान्तम्,आगत्य,
कृतपुरप्रवेशो,मातृपितृप्रभृतिस्वजनवर्गं,:कृतपुरप्रवेशः,मातृपितृप्रभृतिस्वजनवर्गं,
प्रवरधितश्च,:प्रवरधितः,च,
प्रसृतश्च,:प्रसृतः,च,
संसारिजीवो,वक्ति-,:संसारिजीवः,वक्ति,
प्रवरसेनसमरसेनद्रुमयवनप्रभृतयो,महाप्रत्यर्थिनो,महाप्रत्यर्थिनो,निहताः,:प्रवरसेनसमरसेनद्रुमयवनप्रभृतयः,महाप्रत्यर्थिनः,महाप्रत्यर्थिनः,निहताः,
यद्,दिगन्तप्रसर्पिविजयवादश्चाऽभवत्,:यत्,दिगन्तप्रसर्पिविजयवादः,च,अभवत्,
दिगन्तप्रसर्पिविजयवादश्चाऽभवत्,:दिगन्तप्रसर्पिविजयवादः,च,अभवत्,
सर्वमेतत्,:सर्वम्,एतत्,
मयाऽभूदिति,:मया,अभूत्,इति,
हिंसावैश्वानरयोरत्यासक्तोऽभूवम्,:हिंसावैश्वानरयोरत्यासक्तः,अभूवम्,
अथैकदाऽहं,:अथ,एकदा,अहं,
गतस्तदा,:गतः,तदा,
नाऽऽयातः,:न,आयातः,
नृपादेशाद्,विदुरेण,:नृपादेशात्,विदुरेण,
बहिर्गत्वा,:बहिः,गत्वा,
पुनरागत्य,:पुनः,आगत्य,
नन्दिवर्धनस्तु,:नन्दिवर्धनः,तु,
नित्यमाखेटकार्थं,:नित्यम्,आखेटकार्थं,
सभावसर,एव,:सभावसरे,एव,
गतोऽस्तीति,:गतः,अस्ति,इति,
नृपेणाऽन्येद्युर्बहुधा,:नृपेण,अन्येद्युः,बहुधा,
वारितोऽपि,:वारितः,अपि,
नाऽहं,:न,अहं,
मृगयामत्यजं,:मृगयाम्,अत्यजं,
जिनमतज्ञमाकार्य,:जिनमतज्ञम्,आकार्य,
नन्दिवर्धनो,हिंसां,:नन्दिवर्धनः,हिंसां,
तेनोक्तं,:तेन,उक्तं,
क्षमामिव,:क्षमाम्,इव,
कालादिसामग्रीमवाप्य,:कालादिसामग्रीम्,अवाप्य,
नाऽधुना,:न,अधुना,
इत्यलं,:इति,अलं,
इत्याकर्ण्य,:इति,आकर्ण्य,
पिताऽपि,:पिता,अपि,
मामुपक्षते,:माम्,उपक्षते,
अथैकदा,:अथ,एकदा,
महामहेनाऽहं,:महामहेन,अहं,
युवराजपदेऽभिषिक्तस्तदवसरे,:युवराजपदे,अभिषिक्तः,तदवसरे,
शार्दूलपुरेशस्याऽरिदमननृपस्य,:शार्दूलपुरेशस्य,अरिदमननृपस्य,
स्फुटवचननामाऽमात्यः,:स्फुटवचननाम,अमात्यः,
सभायामागत्य,:सभायाम्,आगत्य,
मदनमञ्जुषाया,नन्दिवर्धनेन,:मदनमञ्जुषायाः,नन्दिवर्धनेन,
कर्तुमहं,:कर्तुम्,अहं,
प्रेषितोस्मीत्याकर्ण्य,:प्रेषितः,अस्मि,इति,आकर्ण्य,
पित्रादयो,यावत्,:पित्रादयः,यावत्,
पृष्टोऽसौ,:पृष्टः,असौ,
स्फुटवचनो,यत्,:स्फुटवचनः,यत्,
तेनोक्तं,:तेन,उक्तं,
मयोक्तं,:मया,उक्तं,
पुनस्तेनोक्तं,:पुनः,तेन,उक्तं,
खड्गमाकृष्टं,:खड्गम्,आकृष्टं,
पुण्योदयस्तु,:पुण्योदयः,तु,
मामयोग्यं,:माम्,अयोग्यं,
हतस्तदा,:हतः,तदा,
तद्,दृष्ट्वा,:तत्,दृष्ट्वा,
सिंहासनादुत्थाय,:सिंहासनात्,उत्थाय,
मेति,:मा,इति,
मत्पार्श्वमागतस्ततो,मया,:मत्पार्श्वम्,आगतः,ततः,मया,
पिताऽपि,:पिता,अपि,
तदेनमपि,:तदा,एनम्,अपि,
हन्मीति,:हन्मि,इति,
मारितस्तातोऽपि,:मारितः,तातः,अपि,
हेति,:हा,इति,
साऽपि,:सा,अपि,
शीलवर्धनस्तत्पत्नी,:शीलवर्धनः,तत्पत्नी,
चाऽऽगताः,:च,आगताः,
त्रयोऽपि,:त्रयः,अपि,
वारयितुमागता,:वारयितुम्,आगता,
बान्धवप्रधानादयस्तत्राऽऽयातास्ते,:बान्धवप्रधानादयः,तत्र,आयाताः,ते,
चलितोऽहं,:चलितः,अहं,
श्च्युतपरीधानो,विगतवसनो,पिशाच,इव,:श्च्युतपरीधानः,पिशाचः,इव,
खड्गमुद्‌गम्य,:खड्गम्,उद्‌गम्य,
धावितोऽहम्,:धावितः,अहम्,
बहुभिर्योधैः,:बहुभिः,योधैः,
यष्ट्यादिभिर्निहत्य,:यष्ट्यादिभिः,निहत्य,
निबिडबन्धनैर्बद्ध्वा,:निबिडबन्धनैः,बद्ध्वा,
तत्रैकमासं,:तत्र,एकमासं,
क्षुधातृषाबाधितो,भृशं,:क्षुधातृषाबाधितः,भृशं,
शीर्षमास्फोटयन्नपि,:शीर्षम्,आस्फोटयन्,अपि,
एकदाऽतिश्रान्तस्य,:एकदा,अतिश्रान्तस्य,
निद्राऽऽयाता,:निद्रा,आयाता,
प्रबुद्धोऽहं,:प्रबुद्धः,अहं,
सहसोत्थाय,:सहसा,उत्थाय,
कपाटमुद्घाट्य,:कपाटम्,उद्घाट्य,
निर्गतो,बहिर्दृष्टा,:निर्गतः,बहिः,दृष्टा,
बहिर्दृष्टा,:बहिः,दृष्टा,
ततो,गतः,:ततः,गतः,
क्वाऽप्यटव्यां,:क्वापि,अटव्यां,
तैर्बद्ध्वा,:तैः,बद्ध्वा,
नीतोऽहं,:नीतः,अहं,
महाक्रूरोऽयं,:महाक्रूरः,अयं,
ततो,निबिडं,:ततः,निबिडं,
रक्षितस्तैः,:रक्षितः,तैः,
गृहीतश्च,:गृहीतः,च,
लुण्टाकैस्सहायमपि,:लुण्टाकैः,सहायम्,अपि,
स्वपुरमागत्य,:स्वपुरम्,आगत्य,
सर्वमपि,:सर्वम्,अपि,
सैनिकैर्विभाकरनृपाय।,:सैनिकैः,विभाकरनृपाय।,
दृष्टोऽहं,:दृष्टः,अहं,
चौरगणमध्यस्थो,विभाकरनृपेणोपलक्षितश्च,:चौरगणमध्यस्थः,विभाकरनृपेण,उपलक्षितः,च,
विभाकरनृपेणोपलक्षितश्च,:विभाकरनृपेण,उपलक्षितः,च,
नन्दिवर्धनोऽयमिति,:नन्दिवर्धनः,अयम्,इति,
केयं,:का,इयं,
तवाऽवस्था?,:तव,अवस्था?,
कुतस्त्वमीदृग्,:कुतः,त्वम्,ईदृग्,
इत्युक्त्वा,:इति,उक्त्वा,
बन्धनादुन्मोच्य,:बन्धनात्,उन्मोच्य,
पृष्टो,व्यतिकरं,:पृष्टः,व्यतिकरं,
मयाऽपि,:मया,अपि,
तच्छ्रुत्वा,:तत्,श्रुत्वा,
विभाकर,आह,:विभाकरः,आह,
महाननर्थोऽयं,:महान्,अनर्थः,अयं,
कृतस्त्वया,:कृतः,त्वया,
पुनर्मच्चेतसि,:पुनः,मच्चेतसि,
वैश्वानरो,दिदीपे,:वैश्वानरः,दिदीपे,
तद्वशाद्,विभाकरं,:तद्वशात्,विभाकरं,
हन्तुमिच्छन्नपि,:हन्तुम्,इच्छन्,अपि,
शस्त्राभावाद्,विलक्षीभूय,:शस्त्राभावात्,विलक्षीभूय,
विभाकरो,मद्वैलक्ष्यं,:विभाकरः,मद्वैलक्ष्यं,
चाऽर्द्धासने,:च,अर्द्धासने,
समागतो,पितृमरणदिनादारभ्याद्ययावदत्यन्तं,:समागतः,पितृमरणदिनादारभ्य,अद्ययावदत्यन्तं,
क्षणमात्रमपि,:क्षणमात्रम्,अपि,
भवदागमनादतिप्रहृष्टमना,:भवदागमनात्,अतिप्रहृष्टमना,
विभाकरोऽपि,:विभाकरः,अपि,
त्वमेवाऽधुना,:त्वमेव,अधुना,
पितृकल्पश्चित्तालम्बनस्थानं,:पितृकल्पः,चित्तालम्बनस्थानं,
ततोऽद्यप्रभृति,:ततः,अद्यप्रभृति,
त्वयाऽत्रैवस्थेयम्,:त्वया,अत्रैव,आस्थेयम्,
त्वदाज्ञाकरोऽस्मि,:त्वदाज्ञाकरः,अस्मि,
स्नेहसान्द्राण्यपि,:स्नेहसान्द्राणि,अपि,
पुनस्तद्‌गुणलवोऽपि,:पुनः,तद्‌गुणलवः,अपि,
दिवसोऽतिक्रान्तः,:दिवसः,अतिक्रान्तः,
लिसृज्यैकपल्ल्यङ्‌केऽहं,:विसृज्य,एकपल्ल्यङ्‌के,अहं,
विभाकरश्च,:विभाकरः,च,
द्वावपि,:द्वौ,अपि,
यावद्,विभाकरो,विभाकरो,निद्रामितस्तावता,:यावत्,विभाकरः,विभाकरः,निद्रामितः,तावता,
निद्रामितस्तावता,:निद्रामितः,तावता,
तच्छिरश्छित्त्वा,:तच्छिरः,छित्त्वा,
प्रणष्टोऽहं,:प्रणष्टः,अहं,
क्रमेणाऽटवीमुल्लङ्घ्य,:क्रमेण,अटवीम्,उल्लङ्घ्य,
तत्पुरलोकैर्दृष्ट्वा,:तत्पुरलोकैः,दृष्ट्वा,
उपलक्षितो,नन्दिवर्द्धनोऽयमिति,:उपलक्षितः,नन्दिवर्द्धनः,अयम्,इति,
नन्दिवर्द्धनोऽयमिति,:नन्दिवर्द्धनः,अयम्,इति,
तैर्नृपाय,:तैः,नृपाय,
तदाकर्ण्य,:तत्,आकर्ण्य,
मामनु,:माम्,अनु,
केयं,:का,इयं,
तवाऽवस्थेति,:तव,अवस्था,इति,
मयाऽपि,:मया,अपि,
तच्छ्रुत्वा,:तत्,श्रुत्वा,
कनकशेखरेणोक्तं,:कनकशेखरेण,उक्तं,
तस्यैवंविधैवावस्था,:तस्य,एवंविधा,एव,अवस्था,
स्यादिति,:स्यात्,इति,
छुरीमाकृष्य,:छुरीम्,आकृष्य,
स्तम्भयित्वाऽम्बरीषपल्ल्यां,:स्तम्भयित्वा,अम्बरीषपल्ल्यां,
मुक्तोऽहम्,:मुक्तः,अहम्,
तेऽम्बरीषभिल्लाः,:ते,अम्बरीषभिल्लाः,
कृताञ्जलय,एकाकित्वकारणं,:कृताञ्जलयः,एकाकित्वकारणं,
शिरो,धूनयित्वा,:शिरः,धूनयित्वा,
महदसमञ्जसजातमित्युक्तं,:महदसमञ्जसजातम्,इत्युक्तं,
ततो,जातकोपेन,:ततः,जातकोपेन,
खड्गमाकृष्य,:खड्गम्,आकृष्य,
निहतास्ते,:निहताः,ते,
अथैवंविधं,:अथ,एवंविधं,
तैर्बहुभिः,:तैः,बहुभिः,
नियन्त्र्याऽहं,:नियन्त्र्य,अहं,
मारयतीति,:मारयति,इति,
तैर्निशायाम्,:तैः,निशायाम्,
अटवीमुल्लङ्घ्य,:अटवीम्,उल्लङ्घ्य,
सुरसमूहसेवितो,नित्यवैरैरपि,:सुरसमूहसेवितः,नित्यवैरैरपि,
समुपास्यमानो,विवेकनामा,:समुपास्यमानः,विवेकनामा,
दृष्टस्तावता,:दृष्टः,तावता,
सपरिकरोऽरिमर्दननृपः,:सपरिकरः,अरिमर्दननृपः,
नत्वोपविष्टः,:नत्वा,उपविष्टः,
देशनाऽऽरब्धा,:देशना,आरब्धा,
जन्तोर्जैनधर्माप्तिर्दुरापा,:जन्तोः,जैनधर्माप्तिः,दुरापा,
ततस्तत्सम्पदं,:ततः,तत्सम्पदं,
प्रेषितोऽभूत्,:प्रेषितः,अभूत्,
कश्चिदपि,:कश्चित्,अपि,
समाचारो,मया,:समाचारः,मया,
तैरागत्योक्तं,:तैः,आगत्य,उक्तं,
यद्,जयस्थलं,:यत्,जयस्थलं,
परिसग्रामाण्यपि,:परिसग्रामाणि,अपि,
सर्वाण्युद्वसानि,:सर्वाणि,उद्वसानि,
गता,भविष्यन्ति,:गताः,भविष्यन्ति,
को,वा,:कः,वा,
दूरस्थितो,नियन्त्रितोऽहं,:दूरस्थितः,नियन्त्रितः,अहं,
नियन्त्रितोऽहं,:नियन्त्रितः,अहं,
दर्शित,उक्तं,:दर्शितः,उक्तं,
नन्दिवर्धनोऽयम्,:नन्दिवर्धनः,अयम्,
द्वेषगजेन्द्रपत्नीअविवेकिता,:द्वेषगजेन्द्रपत्नी,अविवेकिता,
सख्यमस्ति,:सख्यम्,अस्ति,
परिणीताऽस्ति,:परिणीता,अस्ति,
ततो,हिंसा,:ततः,हिंसा,
पारवश्यादनेनैतन्नगरदाहादिदुष्टमाचरितम्,:पारवश्यात्,अनेन,एतन्नगरदाहादिदुष्टम्,आचरितम्,
इत्युदित्वा,:इति,उदित्वा,
सम्बन्धोऽस्ति,:सम्बन्धः,अस्ति,
केवल्याह,:केवल्या,आह,
असंव्यवहारपुरादारभ्याऽनन्तकालीनः,:असंव्यवहारपुरात्,आरभ्य,अनन्तकालीनः,
सम्बन्धोऽस्ति,:सम्बन्धः,अस्ति,
त्वसौ,:तु,असौ,
जितकाशीत्यादिगुणवान्,:जितकाशी,इत्यादिगुणवान्,
श्रुतोऽभूत्,:श्रुतः,अभूत्,
केवल्याह,:केवल्या,आह,
त्वस्य,:तु,अस्य,
सहायोऽभूत्,:सहायः,अभूत्,
तदनुभावाद्,विरुद्धाचरितमपि,:तदनुभावात्,विरुद्धाचरितम्,अपि,
विरुद्धाचरितमपि,:विरुद्धाचरितम्,अपि,
गुणायाऽभवत्,:गुणाय,अभवत्,
इमामवस्थां,:इमाम्,अवस्थां,
पुनर्नृप,आह,:पुनः,नृपः,आह,
अन्यस्याऽपि,:अन्यस्य,अपि,
सम्बन्धो,भविष्यति,:सम्बन्धः,भविष्यति,
केवल्याह,:केवल्या,आह,
सर्वेषामपि,:सर्वेषाम्,अपि,
तारतम्येनेमौ,:तारतम्येन,इमौ,
यतो,जीवमात्रस्य,:यतः,जीवमात्रस्य,
क्षमामार्दवाऽऽर्जवाऽऽकिञ्चन्यज्ञानदर्शनचारित्रसत्यशौचतपःसन्तोषप्रभृतयः,:क्षमाम्,आर्दव,अर्जव,अकिञ्चन्यज्ञानदर्शनचारित्रसत्यशौचतपःसन्तोषप्रभृतयः,
क्रोधमानमायालोभरागद्वेषाऽज्ञानभयशोकप्रभृति,:क्रोधमानमायालोभरागद्वेष,अज्ञानभयशोकप्रभृति,
स्वाभाविकमान्तरङ्गं,:स्वाभाविकम्,आन्तरङ्गं,
तच्च,:तत्,च,
अभव्यानामनाद्यनन्तं,:अभव्यानाम्,अनादि,अनन्तं,
चाऽनादिसान्तं,:च,अनादिसान्तं,
मातृपितृस्त्रीपुत्रादयस्तृतीयं,:मातृपितृस्त्रीपुत्रादयः,तृतीयं,
संसारिजीवो,बाह्यकुटुम्बपोषणार्थं,:संसारिजीवः,बाह्यकुटुम्बपोषणार्थं,
प्रथणकुटुम्बमवगणयति,:प्रथमकुटुम्बम्,अवगणयति,
स,भवदुःतपरम्परामनुभवति,:सः,भवदुःखपरम्पराम्‌,अनुभवति,
भवदुःतपरम्परामनुभवति,:भवदुःखपरम्पराम्‌,अनुभवति,
यस्त्वासन्नभवसिद्धको,:यः,तु,आसन्नभवसिद्धकः,
स,तु,:सः,तु,
महानन्दपदभाग्,भवति,:महानन्दपदभाक्,भवति,
अथैतदाकर्ण्य,:अथ,एतत्,आकर्ण्य,
केवल्याह,:केवल्या,आह,
निर्दयीभूयाऽप्रमत्तः,:निर्दयीभूय,अप्रमत्तः,
खण्डशो,विधाय,:खण्डशः,विधाय,
हस्तावपि,:हस्तौ,अपि,
मत्कुणमिव,:मत्कुणम्,इव,
पञ्चापीन्द्रियाणि,:पञ्च,अपि,इन्द्रियाणि,
सन्तोषमुद्‌गरघातेन,:सन्तोषम्,उद्‌गरघातेन,
मूलतोऽपि,:मूलतः,अपि,
इत्याद्याकर्ण्य,:इत्यादि,आकर्ण्य,
पुनर्नृपेण,:पुनः,नृपेण,
एतदुपायं,:एतत्,उपायं,
केवल्याह,:केवल्या,आह,
प्रथमस्तृतीयमनित्यं,:प्रथमः,तृतीयम्,अनित्यं,
शनैर्दूरीकृत्य,:शनैः,दूरीकृत्य,
तदुपायं,:तत्,उपायं,
संसारस्वरूपमसारं,:संसारस्वरूपम्,असारं,
सुरेन्द्रादिपदेभ्योऽपि,:सुरेन्द्रादिपदेभ्यः,अपि,
राज्येऽभिषिच्य,:राज्ये,अभिषिच्य,
अरिदमननृपो,दीक्षामाददे,:अरिदमननृपः,दीक्षाम्,आददे,
दीक्षामाददे,:दीक्षाम्,आददे,
केचिद्,गुरुकर्माणोऽधमा,:केचित्,गुरुकर्माणः,अधमा,
गुरुकर्माणोऽधमा,:गुरुकर्माणः,अधमा,
हीनसत्त्वास्ते,:हीनसत्त्वाः,ते,
नृपो,बलात्कारेण,:नृपः,बलात्कारेण,
ग्राहयिष्यतीति,:ग्राहयिष्यति,इति,
केचिच्चाऽवाङ्मुखीभूय,:केचित्,च,अवाङ्मुखीभूय,
राजर्षिप्रमुखमुनिगणवृतो,विवेककेवली,:राजर्षिप्रमुखमुनिगणवृतः,विवेककेवली,
सभालोकाश्च,:सभालोकाः,च,
संसारिजीवो,वक्ति-,:संसारिजीवः,वक्ति-,
मयैवं,:मया,एवं,
जातमिति,:जातम्,इति,
ततोऽहं,:ततः,अहं,
यावद्,गतः,:यावत्,गतः,
तावद्विजयपरेशशिखरिनृपपुत्रो,धराधराभिधो,धराधराभिधो,मादृशो,मादृशो,हिंसावैश्वानरदोषात्,:तावद्विजयपरेशशिखरिनृपपुत्रः,धराधराभिधः,धराधराभिधः,मादृशः,मादृशः,हिंसावैश्वानरदोषात्,
बहिष्कृतो,मम,:बहिष्कृतः,मम,
पृष्टोऽप्यसौ,:पृष्टः,अपि,असौ,
किञ्चिदवोचद्,ततः,:किञ्चित्,अवोचत्,ततः,
ततस्तेनाऽपि,:ततः,तेन,अपि,
करालखड्गो,निष्कासितः,:करालखड्गः,निष्कासितः,
एवमन्योऽन्यप्रहाराभिहतौ,:एवम्,अन्यः,अन्यप्रहाराभिहतौ,
द्वावपि,:द्वौ,अपि,
ततश्चोद्वृत्तौ,:ततः,च,उद्वृत्तौ,
पुनर्नारको,इत्यं,:पुनः,नारकः,इत्थं,
चाऽनेकभवान्,:च,अनेकभवान्,
युध्यतोर्व्यतीतो,भूयान्,:युध्यतोः,व्यतीतः,भूयान्,
पुनर्मृत्वा,:पुनः,मृत्वा,
मुक्ताऽन्यत्र,:मुक्ता,अन्यत्र,
एकदाऽहं,:एकदा,अहं,
आभीरकुलेऽवतारितस्तत्र,:आभीरकुले,अवतारितः,तत्र,
भद्रकत्वादिभिर्मध्यमगुणानुपार्जयत्वा,:भद्रकत्वादिभिः,मध्यमगुणानुपार्जयित्वा,
ततोऽधुना,:ततः,अधुना,
यतो,लभध्वं,:यतः,लभध्वं,
प्रथमोऽधिकारः,:प्रथमः,अधिकारः,
