अथाऽगृहीतशङ्?केतां,:अथ,अगृहीतशङ्‌केतां,
संसारिजीवो,वक्ति,:संसारिजीवः,वक्ति,
सदागमो,भव्यपुरुषः,:सदागमः,भव्यपुरुषः,
त्रयोऽपि,:त्रयः,अपि,
सहायीकृत्याऽऽगतोऽहं,:सहायीकृत्य,आगतः,अहं,
अथाऽस्ति,:अथ,अस्ति,
स्वकीर्त्तिधवलितधरावलयो,धवलो,धवलो,नाम,:स्वकीर्त्तिधवलितधरावलयः,धवलः,धवलः,नाम,
सुतो,विमलकुमार,विमलकुमार,इति,:सुतः,विमलकुमारः,विमलकुमारः,इति,
यथार्थनामाऽस्ति,:यथार्थनामा,अस्ति,
तत्रैव,:तत्र,एव,
भवितव्यतयाऽवतारितोऽहं,:भवितव्यतया,अवतारितः,अहं,
जातश्च,:जातः,च,
मातृपित्रादिभिर्लाल्मानो,वर्द्धे,:मातृपित्रादिभिः,लाल्मानः,वर्द्धे,
त्रयोऽपि,:त्रयः,अपि,
भाषितोऽहं,:भाषितः,अहं,
मयोक्तं,:मया,उक्तं,
नाऽहं,:न,अहं,
तोनोक्तम्,:तेन,उक्तम्,
तत्राऽहमप्यलक्षित,इव,:तत्र,अहमपि,अलक्षितः,इव,
सहैवाऽभूवम्,:सहैव,अभूवम्,
प्रकट,एव,:प्रकटः,एव,
सखाऽभूवम्,:सखा,अभूवम्,
परमासक्तोऽभूः,:परमासक्तो,अभूः,
मच्छक्तिरञ्जितेन,:मत्,शक्तिरञ्जितेन,
शिक्षितोऽहं,:शिक्षितः,अहं,
त्वामपि,:त्वाम्,अपि,
यदुक्तमभूत्,:यदुक्तम्,अभूत्,
तत्सत्यापनायैनां,:तत्सत्यापनाय,एनां,
मल्लघुभ्रातरमादायाऽऽगतोऽस्मीति,:मल्लघुभ्रातरम्,आदाय,आगतः,अस्मि,इति,
मयोक्तम्,:मया,उक्तम्,
त्वदालोकनाम्ननो,मे,:त्वत्,आलोकनाम्ननः,मे,
हृष्यतीति,:हृष्यति,इति,
ततस्तिष्ठ,:ततः,तिष्ठ,
मदुपान्ते,:मत्,उपान्ते,
मृषावादेनोक्तं,:मृषावादेन,उक्तं,
त्वदन्तिके,:त्वत्,अन्तिके,
तयोस्त्वया,:तयोः,त्वया,
नानाशक्तीर्दास्यतः,:नानाशक्तीः,दास्यतः,
चाऽहमपि,:च,अहमपि,
त्वन्तर्हितः,:तु,अन्तर्हितः,
स्थास्यामी"त्यतुक्त्वाऽन्तर्दधे,:स्थास्यामि,इ"त्युक्त्वा,अन्तर्दधे,
हृष्टेऽहं,:हृष्टे,अहं,
चाऽहो,:च,अहो,
प्रणयो,यदनन्तेनाऽपि,:प्रणयः,यत्,अनन्तेन,अपि,
तादृगेवाऽसीत्,:तादृक्,एव,आसीत्,
कृतोऽनेन,:कृतः,अनेन,
महोपकारो,मित्रद्वयदानेनेत्यादि,:महोपकारः,मित्रद्वयदानेन,इत्यादि,
मित्रद्वयदानेनेत्यादि,:मित्रद्वयदानेन,इत्यादि,
ततोऽहं,:ततः,अहं,
मायानुभावाद्,विश्वस्तान्,:मायानुभावात्,विश्वस्तान्,
मातृपित्रादीनपि,:मातृपित्रादीन्,अपि,
स्तेनवशाच्च,:स्तेनवशात्,च,
स्वजनवर्गेऽवगणनास्पदं,:स्वजनवर्गे,अवगणनास्पदं,
सख्यमभूत्,:सख्यम्,अभूत्,
तत्स्नेहाद्,विमलकुमारेण,:तत्स्नेहात्,विमलकुमारेण,
यद्यप्यहं,:यद्यपि,अहं,
तथाऽप्यसौ,:तथापि,असौ,
क्रमेणावां,:क्रमेण,आवां,
सहाऽध्यायिनौ,:सह,अध्यायिनौ,
क्रीडानन्दनाभिधमुद्यानं,:क्रीडानन्दनाभिधम्,उद्यानं,
कश्चिदव्यक्तमधुरध्वनिः,:कश्चित्,अव्यक्तमधुरध्वनिः,
प्रत्युक्तं,:प्रति,उक्तं,
ध्वमिरयं,:ध्वनिः,अयं,
तन्नूनं,:तत्,नूनं,
कोऽपि,:कः,अपि,
किन्नरोऽमरो,वाऽत्र,:किन्नरः,अमरः,वा,अत्र,
वाऽत्र,:वा,अत्र,
क्वचिल्लताकुञ्जान्तरादौ,:क्वचित्,लताकुञ्जान्तरादौ,
विलोकयामस्तावदिति,:विलोकयामः,तावत्,इति,
यावदावां,:यावत्,आवां,
तावच्चक्राऽङ्‌कुशच्छत्रादिलक्षणोपेतानि,:तावत्,चक्राऽङ्‌कुशच्छत्रादिलक्षणोपेतानि,
विमलेनोक्तं,:विमलेन,उक्तं,
यदयं,:यत्,अयं,
कोऽप्युत्तमपुमान्,:कोऽपि,उत्तमपुमान्,
पदन्यासाऽभावात्,:पदन्यास,अभावात्,
यावदग्रे,:यावत्,अग्रे,
विलोकयावस्तावल्लतागहने,:विलोकयावः,तावत्,लतागहने,
मिथुनमेकं,:मिथुनम्,एकं,
सर्वाङ्गसुन्दरमालोक्य,:सर्वाङ्गसुन्दरम्,आलोक्य,
तनुमध्य,एवं,:तनुमध्यः,एवं,
साक्षाच्चक्रवर्त्तीव,:साक्षात्,चक्रवर्त्ति,इव,
इयमस्य,:इयम्,अस्य,
दयिताऽपि,:दयिता,अपि,
सल्लक्षणाङ्‌कितसर्वावयवा,दृश्यते,:सल्लक्षणाङ्‌कितसर्वावयवाः,दृश्यते,
साक्षाल्लक्ष्मीरिवेति,:साक्षात्,लक्ष्मीः,इव,इति,
यावदावां,:यावत्,आवां,
स्वस्तावद्,गगनाध्वना,:स्वस्तावत्,गगनाध्वना,
तयोरेकेन,:तयोः,एकेन,
तद्,युध्यस्व,:तत्,युध्यस्व,
सहेत्याकारितो,मिथुनपुरुषः,:सह,इति,आकारितः,मिथुनपुरुषः,
कोपकरालाक्षो,धावितस्तदभिमुखं,:कोपकरालाक्षः,धावितः,तदभिमुखं,
धावितस्तदभिमुखं,:धावितः,तदभिमुखं,
तावद्,द्वितीयपुरुषो,द्वितीयपुरुषो,लतागृहाऽन्तः,:तावत्,द्वितीयपुरुषः,द्वितीयपुरुषः,लतागृहान्तः,
स्तम्भितोऽसौ,:स्तम्भितः,असौ,
विनिर्जितोऽन्यः,:विनिर्जितः,अन्यः,
मिथुनपुरुषोऽपि,:मिथुनपुरुषः,अपि,
स,स्तम्भितोऽपि,:सः,स्तम्भितः,अपि,
स्तम्भितोऽपि,:स्तम्भितः,अपि,
तदनुयियासुर्मुक्तो,वनदेवतया,:तदनुयियासुर्मुक्तः,वनदेवतया,
त्रयोऽपि,:त्रयः,अपि,
दृष्टिपथमतीत्य,:दृष्टिपथम्,अतीत्य,
गगनाऽध्वना,:गगन,अध्वना,
चिरेणाऽपि,:चिरेण,अपि,
नाऽऽगतो,मे,:न,आगतः,मे,
पतिस्तत्,दुष्टाभ्यां,:पतिः,तत्,दुष्टाभ्यां,
पराभूतो,हतो,हतो,वा,:पराभूतः,हतः,हतः,वा,
स्म,भूदिति,:स्म,अभूत्,इति,
भूदिति,:अभूत्,इति,
द्वावपि,:द्वौ,अपि,
जिताहवोऽम्बरतलादवतीर्णः,:जिताहव,अम्बरतलात्,अवतीर्णः,
तद्,दयिता,:तत्,दयिता,
विमलस्योपकारः,:विमलस्य,उपकारः,
तेनापि,:तेन,अपि,
प्रत्युक्तम्,:प्रति,उक्तम्,
ततो,बहूपकृतं,:ततः,बहु,उपकृतं,
बहूपकृतं,:बहु,उपकृतं,
किञ्चिदहमप्यनृणः,:किञ्चित्,अहमपि,अनृणः,
स्यामिति,:स्याम्,इति,
तेनोक्ते,:तेन,उक्तं,
कोऽहमुपकर्त्ता,:कः,अहम्,उपकर्त्ता,
त्वद्,दर्शनादेव,:त्वत्,दर्शनात्,एव,
दर्शनादेव,:दर्शनात्,एव,
ततस्तोषय,:ततः,तोषय,
मामिति,:माम्,इति,
स,प्राह,:सः,प्राह,
अस्मन्मूलवार्त्तां,:अस्मत्,मूलवार्त्तां,
पुत्रो,पुत्रऽहं,:पुत्रः,पुत्रः,अहं,
चूतमञ्जरीयं,:चूतमञ्जरी,इयं,
अथैकश्चन्दननामा,:अथ,एकश्चन्दननामा,
सिद्धपुत्रोऽष्टाङ्गनिमित्तविद्,:सिद्धपुत्रः,अष्टाङ्गनिमित्तविद्,
जिनमताभिज्ञश्च,:जिनमताभिज्ञः,च,
बालमित्रमभूत्,:बालमित्रम्,अभूत्,
सङ्गाद्,रत्नशेखरोऽपि,:सङ्गात्,रत्नशेखरः,अपि,
रत्नशेखरोऽपि,:रत्नशेखरः,अपि,
रत्नशिखामेघादावपि,:रत्नशिखामेघादौ,अपि,
ततोऽहमपि,:ततः,अहमपि,
श्रावको,जातः,:श्रावकः,जातः,
अथैकदा,:अथ,एकदा,
मदभिमुखणालोक्य,:मत्,अभिमुखम्,आलोक्य,
मन्मातुलं,:मत्,मातुलं,
प्रत्युक्तम्,:प्रति,उक्तम्,
भागिनेयो,रत्नचूडः,:भागिनेयः,रत्नचूडः,
भावीति,:भावी,इति,
प्रत्युक्तं,:प्रति,उक्तं,
सुलक्षणोऽयं,:सुलक्षणः,अयं,
यदुक्तं,:यत्,उक्तं,
जातमिति,:जातम्,इति,
रत्नचूड,आह-,:रत्नचूडः,आह-,
ततो,रत्नशेखरेण,:ततः,रत्नशेखरेण,
चन्दनवचनाभ्युदयितं,:चन्दनवचनाभ्य,उदयितं,
चूतमञ्चरीयं,:चूतमञ्चरी,इयं,
तद्वयतिकरादचलचपलो,मम,:तत्,व्यतिकरात्,अचलचपलः,मम,
मातृष्वस्रीयावसहनौ,:मातृष्वस्रीयौ,असहनौ,
चूतमञ्जरीमपहर्त्तुं,:चूतमञ्जरीम्,अपहर्त्तुं,
मामुपद्रोतुं,:माम्,उपद्रोतुं,
वाऽशक्तौ,:वा,अशक्तौ,
योद्धुमागच्छतस्तावन्मुखराभिधदूतमुखेन,:योद्धुम्,आगच्छतः,तावत्,मुखराभिधदूतमुखेन,
तदागमनं,:तत्,आगमनं,
मयाऽचिन्तियदहो,:मया,अचिन्तियत्,अहो,
मा,भूत्,:मा,अभूत्,
मातृष्वस्त्रीयघातपातकमिति,:मातृषु,अस्त्रीयघातपातकम्,इति,
तदितोऽपसरामि,:तदितः,अपसरामि,
तावदिति,:तावत्,इति,
प्रियामादायाऽऽगतोऽहमतत्र,:प्रियाम्,आदाय,आगतः,अहम्,अत्र,
इतस्तावपि,:इतः,तौ,अपि,
मामत्राऽऽगतं,:माम्,अत्र,आगतं,
पश्चादायातौ,:पश्चात्,आयातौ,
पश्यतोरेवाऽचलेनाऽहं,:पश्यतोः,एव,अचलेन,अहं,
युद्धार्थमाकारितः,:युद्धार्थम्,अकारितः,
क्रमान्मया,:क्रमात्,मया,
पलायितोऽपि,:पलायितः,अपि,
पश्चाद्,गत्वा,:पश्चात्,गत्वा,
भूत्,:अभूत्,
ससाध्वसो,यावदहं,:ससाध्वसः,यावत्,अहं,
यावदहं,:यावत्,अहं,
प्रतिनिवृत्तस्तावच्चपलोऽप्यभिमुखो,मिलितस्तमपि,:प्रतिनिवृत्तः,तावत्,चपलोपि,अभिमुखः,मिलितः,तम्,अपि,
मिलितस्तमपि,:मिलितः,तम्,अपि,
सम्यग्,निरौजसं,:सम्यक्,निरौजसं,
शीघ्रमिहागतम्,:शीघ्रम्,इह,आगमत्,
इत्येषोऽस्मद्वृत्तान्तस्तत्,:इति,एषः,ऽस्मत्,वृत्तान्तः,तत्,
वर्धमानपुरेशधवलधरापालसूनुर्निखिलगुणनिवाससदनं,:वर्धमानपुरेशधवलधरापालसूनुः,निखिलगुणनिवाससदनं,
कुमारोऽयं,:कुमारः,अयं,
क्रीडानन्दनमायातोऽस्तीत्यादि,:क्रीडानन्दनम्,आयातः,अस्ति,इत्यादि,
तदाकर्ण्य,:तत्,आकर्ण्य,
हृष्टो,रत्नचूड,रत्नचूड,एकं,:हृष्टः,रत्नचूडः,रत्नचूडः,एकं,
वैराग्यश्च,:वैराग्यः,च,
रत्नचूडेनोक्तम्,:रत्नचूडेन,उक्तम्,
अत्रोद्याने,:अत्र,उद्याने,
श्रीऋषभजिनप्रासादोऽस्ति,:श्रीऋषभजिनप्रासादः,अस्ति,
तद्यामस्तत्र,:तत्,यामः,तत्र,
भगवद्दर्शनार्थमिति,:भगवद्दर्शनार्थम्,इति,
ततो,गताश्चत्वारोऽपि,:ततः,गताः,चत्वारः,अपि,
गताश्चत्वारोऽपि,:गताः,चत्वारः,अपि,
प्रविष्टाश्च,:प्रविष्टाः,च,
सदोद्योतं,:सदा,उद्योतं,
विमलोऽपि,:विमलः,अपि,
प्रोद्भूताऽनिर्वाच्यप्रेमरसोऽत्यर्थं,:प्रोद्भूत,अनिर्वाच्यप्रेमरसोत्यर्थं,
यावद्,बर्हिमण्डपे,:यावत्,बर्हिमण्डपे,
निविष्टास्तावन्मूर्च्छितो,विमलः,:निविष्टाः,तावत्,मूर्च्छितः,विमलः,
सावधानीकृतो,रत्नचूडपादयोर्निपत्य,:सावधानीकृतः,रत्नचूडपादयोः,निपत्य,
रत्नचूडपादयोर्निपत्य,:रत्नचूडपादयोः,निपत्य,
मेऽकारणबन्धुर्गुरुः,:मे,अकारणबन्धुः,गुरुः,
त्वदुपदेशाद्,भगवन्तं,:त्वत्,उपदेशात्,भगवन्तं,
जातिस्मृतिरभूत्,:जातिस्मृतिः,अभूत्,
बहुशो,जिनपूजाः,:बहुशः,जिनपूजाः,
कृता,अभूवन्,:कृताः,अभूवन्,
इहाऽप्यद्यप्रभृति,:इहापि,अद्यप्रभृति,
जातोत्पुलको,रत्नचूडः,:जात,उत्पुलकः,रत्नचूडः,
मेऽद्य,:मे,अद्य,
प्रतिपन्नस्त्वयाऽर्हद्धर्मः,:प्रतिपन्नः,त्वया,अर्हद्धर्मः,
पुण्यप्राग्भारमन्तरेण,:पुण्यप्राग्भारम्,अन्तरेण,
नाऽऽप्यते,:न,आप्यते,
अन्यच्च,:अन्यत्,च,
धन्योऽसि,:धन्यः,असि,
यच्चिन्तामणिलाभेऽप्यनुत्सिक्तमनाः,:यत्,चिन्तामणिलाभे,अपि,अनुत्सिक्तमनाः,
जिनधर्ममासाद्याऽप्रमेयां,:जिनधर्मम्,आसाद्य,अप्रमेयां,
मुदमावहसि,:मुदम्,आवहसि,
मूढास्तु,:मूढाः,तु,
धीरपुमांसस्ते,:धीरपुमांसः,ते,
धर्ममेव,:धर्मम्,एव,
तदद्यैव,:तत्,अद्यैव,
नाऽनुमन्येते,:न,अनुमन्येते,
ततो,यथाकथमपि,:ततः,यथाकथमपि,
रत्नचूडोऽवक्,:रत्नचूडः,अवक्,
कुतश्चिद्,बुधनामाचार्याः,:कुतश्चित्,बुधनामाचार्याः,
दृष्टपूर्वाऽस्ति,:दृष्टपूर्वा,अस्ति,
तेषामचिन्त्यशक्तिः,:तेषाम्,अचिन्त्यशक्तिः,
दृष्टास्ते,:दृष्टाः,ते,
गताऽष्टम्यामत्रैव,:गता,अष्टम्याम्,अत्रैव,
जिनवन्दनागतेन,:जिनवन्दन,आगतेन,
कृष्णाऽङ्गो,:कृष्ण,अङ्गः,
विरूपस्त्रिकोणशिरा,गलन्नेत्रो,गलन्नेत्रो,नतनासिकः,:विरूपः,त्रिकोणशिराः,गलन्नेत्रः,गलन्नेत्रः,नतनासिकः,
प्रलम्बग्रीवोदरो,बीभत्साकृतिः,:प्रलम्बग्रीवोदरः,बीभत्साकृतिः,
सूरिर्मेघगम्भीरस्वरेण,:सूरिः,मेघगम्भीरस्वरेण,
तन्वानो,वीक्षितस्तदा,:तन्वानः,वीक्षितः,तदा,
वीक्षितस्तदा,:वीक्षितः,तदा,
'यदहो,:'यत्,अहो,
गुरुर्वचनातिशयस्तु,:गुरुः,वचनातिशयः,तु,
युज्यतेऽस्यैवंविधकुरूपत्वमिति,:युज्यते,अस्य,एवंविधकुरूपत्वम्,इति,
प्रासादादन्तर्गत्वा,:प्रासादात्,अन्तः,गत्वा,
विधिनाऽष्टभिः,:विधिना,अष्टभिः,
प्रकारैर्जिनानभ्यर्च्य,:प्रकारैः,जिनान्,अभ्यर्च्य,
प्रासादाद्,बहिर्निर्गतोऽहं,:प्रासादात्,बहिः,निर्गतः,अहं,
बहिर्निर्गतोऽहं,:बहिः,निर्गतः,अहं,
तमाचार्यं,:तम्,आचार्यं,
मयाऽधुनैव,:मया,अधुना,एव,
कुरूपो,दृष्टोऽभूत्,:कुरूपः,दृष्टः,अभूत्,
दृष्टोऽभूत्,:दृष्टः,अभूत्,
क्षणमात्रादेव,:क्षणमात्रात्,एव,
जात्यकार्त्तस्वरकान्तिर्जातोऽयं,:जाति,अकार्त्तस्वरकान्तिः,जातः,अयं,
भवन्त्येव,:भवन्ति,एव,
तपस्विनोऽनेकलब्धिनिधयः।,:तपस्विनः,अनेकलब्धिनिधयः।,
चन्दनेनाऽप्युक्तमभूद्,यत्,:चन्दनेन,अपि,उक्तम्,अभूत्,यत्,
तपस्विनोऽणुवत्सूक्ष्मशरीरं,:तपस्विनः,अणुवत्सूक्ष्मशरीरं,
मेरोरपि,:मेरोः,अपि,
महच्छरीरं,:महत्,शरीरं,
वायोरपि,:वायोः,अपि,
वज्रादप्यतिगुरवो,भवन्ति,:वज्रात्,अपि,अतिगुरवः,भवन्ति,
भूमिस्था,अप्यङगुल्यग्रेण,:भूमिस्थाः,अपि,अङगुल्यग्रेण,
अप्यङगुल्यग्रेण,:अपि,अङगुल्यग्रेण,
अग्निजलादावपि,:अग्निजलादौ,अपि,
भूमाविव,:भूमौ,इव,
इन्द्रोपेन्द्रादीनपि,:इन्द्र,उपेन्द्रादीन्,अपि,
इत्थमनेकलब्धिकलिता,नानारूपा,नानारूपा,भवन्ति,:इत्थम्,अनेकलब्धिकलिताः,नानारूपाः,नानारूपाः,भवन्ति,
तन्महानुभावा,एते,:तत्,महानुभावाः,एते,
महर्षय',:महर्षयः,',
सर्वसाधवो,तैर्धमलाभेत्याशीः,:सर्वसाधवः,तैः,धर्मलाभ,इति,आशीः,
गुरुमुखाद्,धर्मदेशनां,:गुरुमुखात्,धर्मदेशनां,
कश्चिन्मुनिः,:कश्चित्,मुनिः,
सूरेर्नामादिकं,:सूरेः,नामादिकं,
स,त्वाह,:सः,तु,आह,
त्वाह,:तु,आह,
बुधाचार्योऽयं,:बुधाचार्यः,अयं,
निःशेषलब्धिपात्रमिति,:निःशेषलब्धिपात्रम्,इति,
गृहमायातः,:गृहम्,आयातः,
गरुवोऽपि,:गरुवः,अपि,
ततो,हे,:ततः,हे,
पुनरपि,:पुनः,अपि,
बुधाचार्या,मिलन्ति,:बुधाचार्याः,मिलन्ति,
भवत्येव,:भवति,एव,
भवदिष्टसिद्धिः,:भवत्,इष्टसिद्धिः,
गुरवस्त्वदृष्टिगोचरीभवन्ति,:गुरवः,तु,अदृष्टिगोचरीभवन्ति,
मदर्थमभ्यर्थनीया,:मदर्थम्,अभ्यर्थनीया,
यथाऽत्राऽऽयान्तीति,:यथा,अत्र,आयान्ति,इति,
प्रणयपेशलैर्धर्मदृढीकरणकारणैर्वार्त्तालापैः,:प्रणयपेशलैः,धर्मदृढीकरणकारणैः,वार्त्तालापैः,
भूमिमनुव्रज्य,:भूमिम्,अनुव्रज्य,
पुनर्दर्शनेन,:पुनः,दर्शनेन,
सम्भावनीयोऽहमित्यादि,:सम्भावनीयः,अहम्,इत्यादि,
प्रतिनिवृत्तो,विमलः,:प्रतिनिवृत्तः,विमलः,
विमलरत्नचूडोक्तानेकधर्मकथा,मया,:विमलरत्नचूडोक्त,अनेकधर्मकथाः,मया,
श्रुतास्तथाऽपि,:श्रुताः,तथाऽपि,
किञ्चिदप्यवधारिताः,:किञ्चित्,अपि,अवधारिताः,
मयोक्तं,:मया,उक्तं,
एतद्रत्नं,:एतत्,रत्नं,
मुच्यताऽत्रैव,:मुच्यता,अत्रैव,
विमलेनाऽपि,:विमलेन,अपि,
तथास्तु,:तथा,अस्तु,
तद्रत्नम्,:तत्,रत्नम्,
क्षणमात्रमपि,:क्षणमात्रम्,अपि,
नाऽऽयाता,:न,आयाता,
स्तेयकुमित्रप्रेरितो,रत्नहरणार्थं,:स्तेयकुमित्रप्रेरितः,रत्नहरणार्थं,
प्राप्तोऽहं,:प्राप्तः,अहं,
विमलोऽपि,:विमलः,अपि,
तद्वनं,:तत्,वनं,
जिगमिषुर्मद्‌गृहमायातस्तावत्,:जिगमिषुः,मद्‌गृहम्,आयातः,तावत्,
मामनुपदं,:माम्,अनुपदं,
यावदहं,:यावत्,अहं,
स्थितस्तावद्,दूराद्,दूराद्,विमलोऽप्यागच्छन्,:स्थितः,तावत्,दूरात्,दूरात्,विमलः,अपि,आगच्छन्,
विमलोऽप्यागच्छन्,:विमलः,अपि,आगच्छन्,
तदालोकनादत्याकुलेन,:तत्,आलोकनात्,अत्याकुलेन,
न्यस्तस्तत्र,:न्यस्तः,तत्र,
रत्नमपि,:रत्नम्,अपि,
विमलभीत्याऽन्यत्र,:विमलभीत्या,अन्यत्र,
तावदायातेन,:तावत्,आयातेन,
पृष्टोऽहं,:पृष्टः,अहं,
किमर्थमिहाऽऽयातोऽसि,:किमर्थम्,इह,आयातः,असि,
विलक्ष,इव,:विलक्षः,इव,
मयोक्तं,:मया,उक्तं,
त्वामत्राऽऽगतं,:त्वाम्,अत्र,आगतं,
श्रुत्वाऽहमप्यागतं,:श्रुत्वा,अहमपि,आगतं,
पुनस्त्वां,:पुनः,त्वां,
प्राप्त,इति,:प्राप्तः,इति,
ततो,वरमित्युक्त्वा,:ततः,वरम्,इत्युक्त्वा,
वरमित्युक्त्वा,:वरम्,इत्युक्त्वा,
विमलश्चैत्यमुपेयिवान्,:विमलः,चैत्यम्,उपेयिवान्,
पृष्टतो,मया,:पृष्टतः,मया,
यदहं,:यत्,अहं,
दृष्टो,भवेयम्,:दृष्टः,भवेयम्,
ततो,इतो,इतो,नश्यामि,:ततः,इतः,इतः,नश्यामि,
रत्नन्यासस्थलमागत्य,:रत्नन्यासस्थलम्,आगत्य,
व्याकुलत्वाद्,रत्नभ्रान्त्या,:व्याकुलत्वात्,रत्नभ्रान्त्या,
दृषत्खण्डमादाय,:दृषत्खण्डम्,आदाय,
पलायितो,वनमध्ये,:पलायितः,वनमध्ये,
अष्टाविंशतियोजनान्युल्लङ्घ्य,:अष्टाविंशतियोजनानि,उल्लङ्घ्य,
किञ्चिद्,विश्रम्य,:किञ्चित्,विश्रम्य,
ग्रन्थिमुद्‌ग्रथ्य,:ग्रन्थिम्,उद्‌ग्रथ्य,
यावद्,विलोकयामि,:यावत्,विलोकयामि,
तावदश्मखण्डं,:तावत्,अश्मखण्डं,
मूर्च्छितो,मुहूर्त्तान्तरे,:मूर्च्छितः,मुहूर्त्तान्तरे,
पुनर्लब्धचेतनो,रत्नग्रहणेच्छया,:पुनः,लुब्धचेतनः,रत्नग्रहणेच्छया,
इतश्च,:इतः,च,
मामदृष्ट्वा,:माम्,अदृष्ट्वा,
मद्विलोकनाय,:मत्,विलोकनाय,
सेवकास्तन्मध्यादेको,मामभ्यापतितस्तं,:सेवकाः,तन्मध्यात्,एकः,माम्,अभ्यापतितः,तं,
मामभ्यापतितस्तं,:माम्,अभ्यापतितः,तं,
यावद्,भयविह्वलाङ्गो,भयविह्वलाङ्गो,नश्यामि,:यावत्,भयविह्वलाङ्गः,भयविह्वलाङ्गः,नश्यामि,
तेनोक्तम्,:तेन,उक्तम्,
त्वामनालोक्य,:त्वाम्,अनालोक्य,
विमलकुमारस्तु,:विमलकुमारः,तु,
चिन्ताकुलितोऽस्ति,:चिन्ताकुलितः,अस्ति,
तदागम्यतां,:तदा,आगम्यतां,
शीघ्रमिति,:शीघ्रम्,इति,
ज्ञातो,मेऽपराध,मेऽपराध,इति,:ज्ञातः,मे,अपराधः,मे,अपराधः,इति,
समागतोऽहं,:समागतः,अहं,
विमलोऽपि,:विमलः,अपि,
साश्रुनेत्रो,मामाश्‌लिष्यार्द्धासने,:साश्रुनेत्रः,माम्,आश्‌लिष्य,अर्द्धासने,
मामाश्‌लिष्यार्द्धासने,:माम्,आश्‌लिष्य,अर्द्धासने,
मायानुभावतो,मिथ्याकल्पयित्वा,:माया,अनुभावतः,मिथ्याकल्पयित्वा,
मयोक्तं,:मया,उक्तं,
स्थितोऽहं,:स्थितः,अहं,
विद्याधर्याऽपहृतस्तिर्यग्गगनाऽध्वनि,:विद्याधर्या,अपहृतः,तिर्यक्,गगन,अध्वनि,
तद्वचो,न,:तद्वचः,न,
ततो,जातस्तयोः,:ततः,जातः,तयोः,
जातस्तयोः,:जातः,तयोः,
कलहस्तद्विग्रहव्यग्रयोस्तयोर्हस्ताभ्यां,:कलहस्तद्विग्रहव्यग्रयोः,तयोः,हस्ताभ्यां,
पतितोऽहं,:पतितः,अहं,
जातो,भृशं,:जातः,भृशं,
जर्जराङ्गस्तथापि,:जर्जराङ्गः,तथापि,
कथञ्चिच्छनैः,:कथञ्चित्,शनैः,
प्रचलन्निहागममित्येतन्मे,:प्रचलन्निहागमम्,इति,एतत्,मे,
स्वभावसरलत्वाद्,विमलेन,:स्वभावसरलत्वात्,विमलेन,
अथैतत्,:अथ,एतत्,
वृत्तान्तकथनान्तरमेव,:वृत्तान्तकथनान्तरम्,एव,
ममाङ्गे,:मम,अङ्गे,
पतितोऽहं,:पतितः,अहं,
जातो,निश्चेष्टः,:जातः,निश्चेष्टः,
कृतो,हाहारवः,:कृतः,हाहारवः,
मिलिताश्च,:मिलिताः,च,
कृताश्च,:कृताः,च,
मन्त्राद्यनेकशः,:मन्त्रादि,अनेकशः,
प्रतीकारास्तथापि,:प्रतीकाराः,तथापि,
नोपशान्ता,:न,उपशान्ता,
यदहो,:यत्,अहो,
शाम्यत्येषा,:शाम्यति,एषा,
वेदनेति,:वेदना,इति,
रत्नमदृष्ट्वा,:रत्नम्,अदृष्ट्वा,
केनाऽपि,:केन,अपि,
हृतमिति,:हृतम्,इति,
वामदेव,इति,:वामदेवः,इति,
महाचिन्तार्त्तो,विमलः,:महाचिन्तार्त्तः,विमलः,
मदन्तिकमागतस्तावदतिघोररूपेण,:मदन्तिकम्,आगतः,तावत्,अतिघोररूपेण,
अहोऽनेन,:अहो,अनेन,
पुनर्मिथ्याभाषणेन,:पुनः,मिथ्याभाषणेन,
विमलो,विप्रतारितस्ततोऽस्य,:विमलः,विप्रतारितः,ततः,अस्य,
विप्रतारितस्ततोऽस्य,:विप्रतारितः,ततः,अस्य,
कर्मचाण्डालेनेत्थं,:कर्मचाण्डालेन,इत्थं,
कृताऽस्ति,:कृता,अस्ति,
परमप्येनं,:परम्,अपि,एनं,
विडम्बयिष्याम्यहम्,:विडम्बयिष्यामि,अहम्,
इत्याकर्ण्याऽपि,:इति,आकर्ण्य,अपि,
मधुरवचनैर्वनदेवतां,:मधुरवचनैः,वनदेवतां,
कारितोऽहम्,:कारितः,अहम्,
सर्वलोकैर्मम,:सर्वलोकैः,मम,
धिक्कृतश्च,:धिक्कृतः,च,
तैर्बहुधा,:तैः,बहुधा,
स्वजनादिभिर्गेहात्,:स्वजनादिभिः,देहात्,
किञ्चिदपि,:किञ्चित्,अपि,
चैषां,:च,एषां,
वचनैस्त्वया,:वचनैः,त्वया,
काऽप्यधृतिर्विधेयेति,:काऽपि,अधृतिः,विधेया,इति,
अथाऽन्यदा,:अथ,अन्यदा,
विमलकुमारो,मदन्वितः,:विमलकुमारः,मदन्वितः,
नव्यकाव्यप्रबन्धैर्यावद्,युगादिदेवं,:नव्यकाव्यप्रबन्धैः,यावत्,युगादिदेवं,
प्रवृत्तस्तावद्,रत्नचूडोऽपि,:प्रवृत्तः,तावत्,रत्नचूडः,अपि,
रत्नचूडोऽपि,:रत्नचूडः,अपि,
सहितस्तत्रायातः,:सहितः,तत्र,आयातः,
स्वयमपि,:स्वयम्,अपि,
बहिर्मण्डपमागत्याऽन्योऽन्यं,:बहिः,मण्डपम्,आगत्य,अन्योन्यं,
सानन्दाश्रुलोचनमाश्‌लिष्य,:सानन्दाश्रुलोचनम्,आश्‌लिष्य,
कुशलप्रश्नश्चक्रे,:कुशलप्रश्नः,चक्रे,
क्षणमपि,:क्षणम्,अपि,
विस्मृतोऽसि,:विस्मृतः,असि,
कार्यव्यग्रत्वेनाऽद्य,:कार्यव्यग्रत्वेन,अद्य,
त्वन्मिलनायाऽपि,:त्वत्,मिलनाय,अपि,
नाऽऽगमम्,:न,आगमम्,
बुधाचार्यमपि,:बुधाचार्यम्,अपि,
यतो,यद्दिने,:यतः,यद्दिने,
गतोऽहं,:गतः,अहं,
मामुचुः,:माम्,ऊचुः,
सर्वा,अपि,:सर्वाः,अपि,
तवाऽङ्गे,:तव,अङ्गे,
अवतरिष्यामो,प्रातस्त्वामभिषेक्तुं,:अवतरिष्यामः,प्रातः,त्वाम्,अभिषेक्तुं,
तदाकर्ण्य,:तत्,आकर्ण्य,
यदहो,:यत्,अहो,
एता,विद्यादेव्यश्चक्रित्वं,:एताः,विद्यादेव्यः,चक्रित्वं,
विद्यादेव्यश्चक्रित्वं,:विद्यादेव्यः,चक्रित्वं,
चैतत्सर्वं,:च,एतत्,सर्वं,
राजविष्टिरिवाऽवश्यं,:राजविष्टिः,इव,अवश्यं,
भोक्तव्यमेवेति,:भोक्तव्यम्,एव,इति,
यावच्चिन्तयामि,:यावत्,चिन्तयामि,
प्रविष्टास्ता,:प्रविष्टाः,ताः,
सकलैर्विद्याधरैः,:सकलैः,विद्याधरैः,
कृतो,मे,:कृतः,मे,
तद्दिवसादारभ्य,:तद्दिवसात्,आरभ्य,
यदहो,:यत्,अहो,
मेऽनवधानत्वं,:मे,अनवधानत्वं,
राज्यार्त्तिपङ्‌कमग्नोऽनिशं,:राज्यार्त्तिपङ्‌कमग्नः,अनिशं,
ततो,बहुषु,:ततः,बहुषु,
दृष्टोऽन्यदैकत्र,:दृष्टः,अन्यत्,एकत्र,
कथितो,मया,:कथितः,मया,
प्रार्थितश्चासौ,:प्रार्थितः,च,असौ,
सूरिणोक्तं,:सूरिणा,उक्तं,
यास्यामो,वयं,:यास्यामः,वयं,
तत्प्रमाणीकृत्याऽहमत्राऽऽगत,इति,:तत्प्रमाणीकृत्य,अहम्,अत्र,आगतः,इति,
अथैतदाकर्ण्य,:अथ,एतत्,आकर्ण्य,
हृष्टो,विमलः,:हृष्टः,विमलः,
रत्नचूडमत्यादरेण,:रत्नचूडम्,अत्यादरेण,
नानाधर्मवार्त्ताभिर्गोष्ठीसुखमनुबभूवे,:नानाधर्मवार्त्ताभिः,गोष्ठीसुखम्,अनुबभूवे,
विमलमनुज्ञाप्य,:विमलम्,अनुज्ञाप्य,
विमलस्तु,:विमलः,तु,
प्रभृत्यनिशं,:प्रभृत्,अनिशं,
संसाराऽसारतां,:संसारा,आसारतां,
विभावयंस्तस्थौ,:विभावयन्,तस्थौ,
यदयं,:यत्,अयं,
प्रत्यग्रतारुण्योऽपि,:प्रत्यग्रतारुण्यः,अपि,
संवृतेन्द्रियग्रामो,न,:संवृता,इन्द्रियग्रामः,न,
किञ्चिदपि,:किञ्चित्,अपि,
विषयसुखमभिलषतीति,:विषयसुखम्,अभिलषति,इति,
विमलमाकार्य,:विमलम्,आकार्य,
कुलधौरेयस्त्वमेक,एव,:कुलधौरेयः,त्वम्,एकः,एव,
सूनुस्त्वदुपभोगफलश्चैताः,:सूनुः,त्वत्,उपभोगफलः,च,एताः,
समस्ता,राज्यसम्पदस्त्वमेव,:समस्ताः,राज्यसम्पदः,त्वम्,एव,
राज्यसम्पदस्त्वमेव,:राज्यसम्पदः,त्वम्,एव,
चेद्,विरक्त,विरक्त,एव,:चेत्,विरक्तः,विरक्तः,एव,
किमस्माकं,:किम्,अस्माकं,
ततो,वत्स,:ततः,वत्स,
प्रत्यग्रयौवना,राजकन्याः,:प्रत्यग्रयौवनाः,राजकन्याः,
मनोऽभीप्सितान्,:मनः,अभीप्सितान्,
पूरयाऽस्मन्मनोरथान्,:पूरय,अस्मत्,मनोरथान्,
राज्यसम्पदमनुभवनेनेति,:राज्यसम्पदम्,अनुभवनेन,इति,
ततो,विमलोऽवादीत्,:ततः,विमलः,अवादीत्,
विमलोऽवादीत्,:विमलः,अवादीत्,
क्षुत्पिपासाऽधमर्णस्वजनविप्रयोगादि,:क्षुत्पिपासा,अधमर्णस्वजनविप्रयोगादि,
कुक्षिम्भरिवद्,यो,यो,नृपः,:कुक्षिम्भरिवत्,यः,यः,नृपः,
धिगस्तु,:धिक्,अस्तु,
सर्वतो,दुःखितजनानाकार्य,:सर्वतः,दुःखितजनान्,आकार्य,
दुःखितजनानाकार्य,:दुःखितजनान्,आकार्य,
दुःखान्यपाकृत्य,:दुःखानि,अपाकृत्य,
पश्चाद्,यद्,यद्,यद्,यूयमादिक्ष्यथ,:पश्चात्,यत्,यत्,यत्,यूयम्,आदिक्ष्यथ,
यूयमादिक्ष्यथ,:यूयम्,आदिक्ष्यथ,
तदहं,:तत्,अहं,
तिष्ठामो,वयं,:तिष्ठामः,वयं,
उपकारिकालयनमा,सूत्र्योपवनशोभावलोकपराः,:उपकारिकालयनमाः,सूत्र्योपवनशोभावलोकपराः,
पुरोद्याने,:पुरः,उद्याने,
पटकुटिमासूत्र्य,:पटकुटिम्,आसूत्र्य,
सभामापूर्य,:सभाम्,आपूर्य,
नानातोद्यनादनाट्यादिप्रेक्षापरस्तस्थौ,:नानातोद्यनादनाट्यादिप्रेक्षापरः,तस्थौ,
जैनमहर्षि,आगमनम्,:जैनमहर्षिः,आगमनम्,
अथाऽनेकेषु,:अथ,अनेकेषु,
सेवकैर्नीयमानेषु,:सेवकैः,नीयमानेषु,
चाऽदुःखीक्रियमाणेषु,:च,अदुःखीक्रियमाणेषु,
तदवसरे,:तत्,अवसरे,
क्वाप्यटव्यां,:क्वापि,अटव्यां,
कुष्टाभिभूतो,वेपमानतनुर्जराजीर्णो,वेपमानतनुर्जराजीर्णो,गलन्नेत्रोऽवनतनासिकः,:कुष्टाभिभूतः,वेपमानतनुः,जराजीर्णः,वेपमानतनुः,जराजीर्णः,गलत्,नेत्रः,अवनतनासिकः,
गलन्नेत्रोऽवनतनासिकः,:गलत्,नेत्रः,अवनतनासिकः,
शटितकरचरणो,लुञ्चितमुर्द्धजोऽनुपानत्कः,:शटितकरचरणः,लुञ्चितम्,उर्द्धजः,अनुपानत्कः,
लुञ्चितमुर्द्धजोऽनुपानत्कः,:लुञ्चितम्,उर्द्धजः,अनुपानत्कः,
परिशटितवस्त्रखण्डावृताङ्गो,दण्डकम्बलधरोऽलाबूयुगलमूर्णारजोहरणं,:परिशटितवस्त्रखण्डावृताङ्गः,दण्डकम्बलधरः,अलाबूयुगलमूर्णारजोहरणं,
दण्डकम्बलधरोऽलाबूयुगलमूर्णारजोहरणं,:दण्डकम्बलधरः,अलाबूयुगलमूर्णारजोहरणं,
चोद्वहन्,:च,उद्वहन्,
दवदग्धकाष्टकीलनिभो,गलत्स्वेदमलाविलो,गलत्स्वेदमलाविलो,निदाघमध्याह्नार्कमरीचिप्रतप्तरजसि,:दवदग्धकाष्टकीलनिभः,गलत्स्वेदमलाविलः,गलत्स्वेदमलाविलः,निदाघमध्याह्न,अर्कमरीचिप्रतप्तरजसि,
निदाघमध्याह्नार्कमरीचिप्रतप्तरजसि,:निदाघमध्याह्न,अर्कमरीचिप्रतप्तरजसि,
दृष्टो,राजादिष्ट,राजादिष्ट,सेवकैस्ततो,सेवकैस्ततो,महादुःख्यसाविति,:दृष्टः,राजादिष्टः,राजादिष्टः,सेवकैः,ततः,सेवकैः,ततः,महादुःख्यसौ,इति,
महादुःख्यसाविति,:महादुःख्यसौ,इति,
पश्चाद्,गत्वा,:पश्चात्,गत्वा,
महानिदाघेऽनुपानत्कस्य,:महानिदाघे,अनुपानत्कस्य,
प्रस्थानप्रयोजनमिति,:प्रस्थानप्रयोजनम्,इति,
स,प्राह,:सः,प्राह,
तद्,ऋणमोक्षार्थमहं,:तत्,ऋणमोक्षार्थम्,अहं,
ऋणमोक्षार्थमहं,:ऋणमोक्षार्थम्,अहं,
गुर्वादेशादित्थं,:गुर्वादेशात्,इत्थं,
तद्ऋणमोक्ष",:तद्ऋणमोक्षः,",
पुनस्तथैव,:पुनः,तथैव,
पुनर्नृपसेवकैर्हस्ते,:पुनः,नृपसेवकैः,हस्ते,
धृतोऽवदत्,:धृतः,अवदत्,
कार्यहानिरि"त्युक्त्वा,:कार्यहानिः,इ"ति,उक्त्वा,
पुनश्चलितस्ततो,बलात्कारेण,:पुनः,चलितः,ततः,बलात्कारेण,
आनीतोऽसो,:आनीतः,असो,
राजसेवकै,राजसभायां,:राजसेवकैः,राजसभायां,
कुरूपकुष्ठाभिभूतत्वाज्जवनिकान्तरे,:कुरूपकुष्ठाभिभूतत्वात्,जवनिकान्तरे,
कथितस्तै,राज्ञोऽग्रे,:कथितः,तैः,राज्ञः,अग्रे,
राज्ञोऽग्रे,:राज्ञः,अग्रे,
सर्ववृत्तान्तस्तावद्,विमलेन,:सर्ववृत्तान्तः,तावत्,विमलेन,
पटमपसार्य,:पटम्,अपसार्य,
विलोकितो,राजचूडोक्तः,:विलोकितः,राजचूडोक्तः,
लक्षितश्चाऽसौ,:लक्षितः,च,असौ,
बुधसूरिरिति,:बुधसूरिः,इति,
ततो,विमलेन,:ततः,विमलेन,
निष्कारणोपकारित्वमिति,:निष्कारण,उपकारित्वम्,इति,
कृतो,मनसा,:कृतः,मनसा,
प्रणामस्तेनाऽपि,:प्रणामः,तेन,अपि,
धर्मलाभाशीर्दत्ता,:धर्मलाभाशीः,दत्ता,
पुनस्ततोऽप्यसौ,:पुनः,ततः,अपि,असौ,
प्रवृत्तस्दा,:प्रवृत्तः,तदा,
सभालोकस्तस्य,:सभालोकः,तस्य,
जुगुप्समाना,उच्चैर्जहसुर्यदहो,:जुगुप्समानाः,उच्चैः,जहसुः,यत्,अहो,
उच्चैर्जहसुर्यदहो,:उच्चैः,जहसुः,यत्,अहो,
ईदृग्,दुःखस्थोऽप्यसौ,:ईदृक्,दुःखस्थः,अपि,असौ,
दुःखस्थोऽप्यसौ,:दुःखस्थः,अपि,असौ,
ईदृग्विधं,:ईदृक्,विधं,
मूढो,गन्तुं,:मूढः,गन्तुं,
व्यवस्यतीति,:व्यवस्यति,इति,
अथैवं,:अथ,एवं,
सकोपमिवात्मानं,:सकोपम्,इव,आत्मानं,
समुत्तप्तकनकाभकनीनिको,भृकुटीभीषणाननोऽसौ,:समुत्तप्तकनकाभकनीनिकः,भृकुटीभीषणाननः,असौ,
भृकुटीभीषणाननोऽसौ,:भृकुटीभीषणाननः,असौ,
समस्तसंसदुत्रासकारिणा,:समस्तसंसत्,उत्रासकारिणा,
रेऽधम,:रे,अधम,
सकलदोषोपद्रुता,:सकलदोष,उपद्रुता,
युष्मत्तोऽपि,:युष्मत्तः,अपि,
अहमधिकदोषाश्रयः,:अहम्,अधिकदोषाश्रयः,
तमालोक्य,:तम्,आलोक्य,
नृपो,विमलं,:नृपः,विमलं,
प्रत्याह,:प्रति,आह,
स्रवल्लालाम्लानमुखोऽत्यन्तदीन,इवाऽभूत्,:स्रवल्लालाम्लानमुखः,अत्यन्तदीनः,इव,अभूत्,
इवाऽभूत्,:इव,अभूत्,
क्षणमात्रादस्मासु,:क्षणमात्रात्,अस्मासु,
पश्यत्स्वेव,:पश्यत्सु,एव,
जातश्चण्डांशुचण्डकान्तिर्दुष्प्रेक्ष्यो,दर्शनादेव,:जातः,चण्डांशुचण्डकान्तिः,दुष्प्रेक्ष्यः,दर्शनात्,एव,
दर्शनादेव,:दर्शनात्,एव,
कश्चिन्महर्षिरयं,:कश्चित्,महर्षिः,अयं,
कुपितो,मा,:कुपितः,मा,
भूत्,:अभूत्,
तदेनं,:तत्,एनं,
तावदनुनयाम",:तावत्,अनुनयामः,",
ततो,विमलेनाऽपि,:ततः,विमलेन,अपि,
विमलेनाऽपि,:विमलेन,अपि,
सत्यमेतदिति,:सत्यम्,एतत्,इति,
सर्वेऽप्युत्थाय,:सर्वेऽपि,उत्थाय,
अज्ञानिनो,वयं,:अज्ञानिनः,वयं,
महात्मानस्तत्क्षन्तव्यो,भगवद्भिः,:महात्मानः,तत्क्षन्तव्यः,भगवद्भिः,
अस्मदपराधः,:अस्मत्,अपराधः,
मूलस्वरूपदर्शनेनाऽनुग्राह्याश्च,:मूलस्वरूपदर्शनेन,अनुग्राह्याः,च,
वयमित्यादि,:वयम्,इत्यादि,
स,महर्षिर्महौजसं,:सः,महर्षिः,महौजसं,
महर्षिर्महौजसं,:महर्षिः,महौजसं,
कनककमलासीनमात्मानमदर्शयत्,:कनककमलासीनम्,अत्मानम्,अदर्शयत्,
प्रहृष्टास्तं,:प्रहृष्टाः,तं,
प्राक्कुरूपताऽवसरे,:प्राक्कुरूपता,अवसरे,
कुरूपकुष्ठित्वादयो,दोषाः,:कुरूपकुष्ठित्वादयः,दोषाः,
सर्वेऽप्यस्मासु,:सर्वेऽपि,अस्मासु,
यदारोपितास्ते,:यत्,आरोपिताः,ते,
प्रत्यक्षतस्त्वस्मासु,:प्रत्यक्षतः,तु,अस्मासु,
नोपलभ्यन्ते,:न,उपलभ्यन्ते,
यूयमप्यवितथवादिनस्तदेनं,:यूयम्,अपि,अवितथवादिनः,तत्,एनं,
संशयमपोहितुमर्हन्तु,:संशयम्,अपोहितुम्,अर्हन्तु,
कनककान्तयोऽपि,:कनककान्तयः,अपि,
पापपङ्‌कोपलिप्तत्वात्,:पापपङ्‌क,उपलिप्तत्वात्,
कृष्णङ्गा,एवोच्यन्ते,:कृष्णङ्गाः,एव,उच्यन्ते,
एवोच्यन्ते,:एव,उच्यन्ते,
साधवस्तु,:साधवः,तु,
कृष्णाङ्गा,अपि,:कृष्णाङ्गाः,अपि,
विशदपरिणामत्वाद्,गौराङ्गा,गौराङ्गा,एवोच्यन्ते,:विशदपरिणामत्वात्,गौराङ्गाः,गौराङ्गाः,एव,उच्यन्ते,
एवोच्यन्ते,:एव,उच्यन्ते,
संसारिणो,नीरोगा,नीरोगा,अपि,:संसारिणः,नीरोगाः,नीरोगाः,अपि,
साधवस्तु,:साधवः,तु,
बहिर्गलत्कुष्ठिनोऽपि,:बहिर्गलत्कुष्ठिनः,अपि,
नीरोगा,एव,:नीरोगाः,एव,
संसारिणो,नित्यमिष्टान्नभोजिनोऽपि,:संसारिणः,नित्यमिष्टान्नभोजिनः,अपि,
नित्यमिष्टान्नभोजिनोऽपि,:नित्यमिष्टान्नभोजिनः,अपि,
सदाऽतृप्तत्वात्,:सदा,अतृप्तत्वात्,
क्षुधिता,एव,:क्षुधिताः,एव,
साधवस्तु,:साधवः,तु,
क्षुत्क्षामा,अपि,:क्षुत्क्षामाः,अपि,
शमामृताऽऽस्वादमुदिता,नित्यं,:शमामृता,आस्वादमुदिताः,नित्यं,
तृप्ता,एव,:तृप्ताः,एव,
संसारिणस्तारुण्यमदोद्धता,अपि,:संसारिणः,तारुण्यमदोद्धताः,अपि,
पण्डितवीर्योल्लाससमयं,:पण्डितवीर्य,उल्लाससमयं,
स्वभावतारुण्यमनासादयन्तो,ज्ञानादिरत्नत्रयोपार्जनविकला,ज्ञानादिरत्नत्रयोपार्जनविकला,जीर्णाङ्गा,जीर्णाङ्गा,एव,:स्वभावतारुण्यमनासादयन्तः,ज्ञानादिरत्नत्रयोपार्जनविकलाः,ज्ञानादिरत्नत्रयोपार्जनविकलाः,जीर्णाङ्गाः,जीर्णाङ्गाः,एव,
साधवस्तु,:साधवः,तु,
बहिर्जराजीर्णा,अपि,:बहिः,जराजीर्णाः,अपि,
तरुणा,एव,:तरुणाः,एव,
सुलोचना,अप्यतत्त्वदर्शिनश्चिप्पटाक्षा,अप्यतत्त्वदर्शिनश्चिप्पटाक्षा,एव,:सुलोचनाः,अपि,अतत्त्वदर्शिनः,चिप्पटाक्षाः,अपि,अतत्त्वदर्शिनः,चिप्पटाक्षाः,एव,
साधवस्तु,:साधवः,तु,
गलन्नेत्रा,अपि,:गलत्,नेत्राः,अपि,
सुलोचना,एव,:सुलोचनाः,एव,
संसारिणो,गृहे,:संसारिणः,गृहे,
स्थिता,अपि,:स्थिताः,अपि,
दुस्तरभवकान्तारादनिवृत्ताः,:दुस्तरभवकान्तारात्,अनिवृत्ताः,
पर्यटनशीला,एवोच्यन्ते,:पर्यटनशीलाः,एव,उच्यन्ते,
एवोच्यन्ते,:एव,उच्यन्ते,
साधवस्तु,:साधवः,तु,
नित्यमुद्यतविहारिणोऽपि,:नित्यम्,उद्यतविहारिणः,अपि,
सुखशीला,एव,:सुखशीलाः,एव,
समस्तान्यन्यान्यपि,:समस्तानि,अन्यान्यपि,
सम्यग्,विभाव्यमानानि,:सम्यक्,विभाव्यमानानि,
संसारिजन्तुष्वेव,:संसारिजन्तुषु,एव,
पुनर्लोकोत्तरस्वभावसाम्राज्यसुखमुदितेषु,:पुनः,लोकोत्तरस्वभावसाम्राज्यसुखमुदितेषु,
सूरिमुखादाकर्ण्य,:सूरिमुखात्,आकर्ण्य,
सूरि,प्रोचुः,:सूरिः,प्रोचुः,
कुरूपत्वसुरूपत्वादिस्वरूपमिति,:कुरूपत्वसुरूपत्वादिस्वरूपम्,इति,
पुनर्नृपः,:पुनः,नृपः,
यद्येवं,:यदि,एवं,
संसारस्वरूपमतिदारुणं,:संसारस्वरूपम्,अतिदारुणं,
तदेवं,:तदा,एवं,
जानन्नपि,:जानन्,अपि,
तदासक्तिं,:तत्,आसक्तिं,
एको,नानाधनरत्नखाद्यपूर्णः,:एकः,नानाधनरत्नखाद्यपूर्णः,
शिवालयोऽस्ति,:शिवालयः,अस्ति,
तत्रैकः,:तत्र,एकः,
सारगुरुर्नाम,:सारगुरुः,नाम,
मठाधिपतिर्वसति,:मठाधिपतिः,वसति,
सोऽनिशं,:सः,अनिशं,
तद्ग्रामवास्तव्यैर्धूत्तैः,:तत्,ग्रामवास्तव्यैः,धूत्तैः,
चोपेक्षते,:च,उपेक्षते,
तैर्धूत्तैः,:तैः,धूत्तैः,
वशीकृतोऽसौ,:वशीकृतः,असौ,
सकलसमृद्धिभृतोऽपि,:सकलसमृद्धिभृतः,अपि,
तन्मठः,:तत्,मठः,
स्वायत्तीकृत्यैकं,:स्वायत्तीकृत्य,एकं,
स,सारगुरुस्तु,:सः,सारगुरुः,तु,
सारगुरुस्तु,:सारगुरुः,तु,
प्रवेशमपि,:प्रवेशम्,अपि,
अथैवं,:अथ,एवं,
तत्पुरवास्तव्या,व्यवहारिणः,:तत्पुरवास्तव्याः,व्यवहारिणः,
वैरिण्यस्त्वां,:वैरिण्यः,त्वां,
विडम्बयिष्यन्तीत्यादि,:विडम्बयिष्यन्ति,इत्यादि,
तथाऽप्यसौ,:तथा,अपि,असौ,
कार्मणनियन्त्रितो,न,:कार्मणनियन्त्रितः,न,
तैर्धनिभिः,:तैः,धनिभिः,
बठरगुरुरिति,:बठरगुरुः,इति,
धूर्त्तास्तं,:धूर्त्ताः,तं,
नानाप्रकारैर्नर्त्तयन्ति,:नानाप्रकारैः,नर्त्तयन्ति,
तथाऽसौ,:तथा,असौ,
तत्रत्या,लोकास्तेऽपि,:तत्रत्याः,लोकाः,तेऽपि,
लोकास्तेऽपि,:लोकाः,तेऽपि,
सम्बन्धिनस्ततो,यष्टिमुष्ट्यादिभिस्तं,:सम्बन्धिनः,ततः,यष्टिमुष्ट्यादिभिः,तं,
यष्टिमुष्ट्यादिभिस्तं,:यष्टिमुष्ट्यादिभिः,तं,
भैक्ष्यलवमपि,:भैक्ष्यलवम्,अपि,
पुनस्ते,:पुनः,ते,
तत्रत्या,अपि,:तत्रत्याः,अपि,
लोका,आक्रोशतर्जनताडनादिभिस्तं,:लोकाः,आक्रोशतर्जनताडनादिभिः,तं,
आक्रोशतर्जनताडनादिभिस्तं,:आक्रोशतर्जनताडनादिभिः,तं,
तत्राऽसौ,:तत्र,असौ,
किञ्चिद्,अधिकां,:किञ्चित्,अधिकां,
पुनस्तथैव,:पुनः,तथैव,
धूर्त्तास्तं,:धूर्त्ताः,तं,
प्रवेशमपि,:प्रवेशम्,अपि,
नाऽऽप्नोति,:न,आप्नोति,
स्वकुटुम्बमवसीदति,:स्वकुटुम्बम्,अवसीदति,
धूर्त्ताश्च,:धूर्त्ताः,च,
लोका,उपहसन्ति,:लोकाः,उपहसन्ति,
तथाप्यसौ,:तथापि,असौ,
कार्मणवशीकृतो,धूर्त्तानेव,:कार्मणवशीकृतः,धूर्त्तान्,एव,
धूर्त्तानेव,:धूर्त्तान्,एव,
सुखत्वेनाऽध्यवस्यति,:सुखत्वेन,अध्यवस्यति,
अत्राऽप्युपनयोऽयं,:अत्र,अपि,उपनयः,अयं,
संसारोऽयं,:संसारः,अयं,
आत्मस्वभावो,ज्ञानादिरत्नपूर्णः,:आत्मस्वभावः,ज्ञानादिरत्नपूर्णः,
शिवालयमठो,मोहोन्मादादिकार्मणैर्विकलीभूतः,:शिवालयमठः,मोहोन्मादादिकार्मणैः,विकलीभूतः,
स्वाभाविकगुणरूपस्वकुटुम्बमुपेक्षते,:स्वाभाविकगुणरूपस्वकुटुम्बम्,उपेक्षते,
मोहो,धूर्त्ताधिपः,:मोहः,धूर्त्ताधिपः,
सद्‌गुरुरूपव्यवहारिभिर्वोध्यमानोऽपि,:सद्‌गुरुरूपव्यवहारिभिः,बोध्यमानः,अपि,
बोधमनाप्नुवन्,:बोधम्,अनाप्नुवन्,
आत्मैव,:आत्मा,एव,
बठरगुरुरित्युच्यते,:बठरगुरुः,इति,उच्यते,
नारकतिर्यंङ्नराऽमरायूरूपाणि,:नारकतिर्यंङ्नरा,अमरायूरूपाणि,
यातनाशतान्यनुभवन्नपि,:यातनाशतानि,अनुभवन्,अपि,
कथञ्चिदप्युद्विजते,:कथञ्चित्,अपि,उद्विजते,
तदेवं,:तदा,एवं,
संसारिणो,मोहोन्मादादिकार्मणपरवशाः,:संसारिणः,मोह,उन्मादादिकार्मणपरवशाः,
मोहोन्मादादिकार्मणपरवशाः,:मोह,उन्मादादिकार्मणपरवशाः,
जानन्तोऽप्यज्ञा,:जानन्तः,अपि,अज्ञा,
तत्रैवाऽऽसज्जन्ति,:तत्रैव,असज्जन्ति,
केचनाऽपि,:केचन,अपि,
लघुकर्माणो,गुरूपदेशं,:लघुकर्माणः,गुरूपदेशं,
सम्यगवबुध्य,:सम्यक्,अवबुध्य,
मोहादिधूर्त्तांस्तिरस्कृत्य,:मोहादिधूर्त्तान्,तिरस्कृत्य,
सुखिनो,भवन्त्यपि,:सुखिनः,भवन्ति,अपि,
भवन्त्यपि,:भवन्ति,अपि,
पुनर्नृपः,:पुनः,नृपः,
कर्त्तारस्तत्र,:कर्त्तारः,तत्र,
बुध्यन्त्येव,:बुध्यन्ति,एव,
कस्योपदेशेन,:कस्य,उपदेशेन,
व्रतमाददे,:व्रतम्,आददे,
तत्कथनेनाऽस्मान्,:तत्कथनेन,अस्मान्,
भवन्त,इति,:भवन्तः,इति।,
शुभविपाको,राजा,:शुभविपाकः,राजा,
तयोर्बुधनामा,:तयोः,बुधनामा,
तस्याऽसाधुता,:तस्य,असाधुता,
तयोर्मन्दनामा,:तयोः,मन्दनामा,
सुतोऽशेषदोषास्पदम्,:सुतः,अशेषदोषास्पदम्,
द्वावपि,:द्वौ,अपि,
पितृव्याऽऽत्मजौ,:पितृव्या,आत्मजौ,
बुधस्तु,:बुधः,तु,
सुखमनुभवतस्तस्य,:सुखम्,अनुभवतः,तस्य,
पुत्रो,जज्ञे,:पुत्रः,जज्ञे,
अथैकदा,:अथ,एकदा,
तत्राऽपवरकद्वययुतां,:तत्र,अपवरकद्वययुतां,
तद्,गर्भे,:तत्,गर्भे,
कुरतस्तावद्,दृष्टैका,:कुरतः,तावत्,दृष्टा,एका,
दृष्टैका,:दृष्टा,एका,
निर्गत्यैकेन्द्रियपुरे,:निर्गत्य,एकेन्द्रियपुरे,
कालमुषित्वा,:कालम्,उषित्वा,
सहचरो,युवयोः,:सहचरः,युवयोः,
समर्पितो,बभूव,:समर्पितः,बभूव,
स,भवतोश्चिरन्तनसखाऽत्र,:सः,भवतोः,चिरन्तनसखा,अत्र,
भवतोश्चिरन्तनसखाऽत्र,:भवतोः,चिरन्तनसखा,अत्र,
भवदादेशादेवाऽत्र,:भवत्,आदेशात्,एव,अत्र,
ततश्चिरन्तनस्नेहं,:ततः,चिरन्तनस्नेहं,
चेति,:च,इति,
मुदितो,मन्दो,मन्दो,घ्राणं,:मुदितः,मन्दः,मन्दः,घ्राणं,
तयोरतिस्नेहं,:तयोः,अतिस्नेहं,
बुधस्तु,:बुधः,तु,
घ्राणमित्रमपालयन्,:घ्राणमित्रम्,अपालयन्,
अधमस्त्रीयं,:अधमस्त्री,इयं,
सङ्गतिकरणार्हेति,:सङ्गतिकरणार्हा,इति,
मन्दो,भुजङ्गताप्रेरितः,:मन्दः,भुजङ्गताप्रेरितः,
कर्पूरकेसरसुगन्धिपुष्पादिसुरभिद्रव्यैर्घ्राणं,:कर्पूरकेसरसुगन्धिपुष्पादिसुरभिद्रव्यैः,घ्राणं,
घ्राणमाच्छादयति,:घ्राणम्,आच्छादयति,
बुधस्तु,:बुधः,तु,
समचित,एव,:समुचितः,एव,
कतिचिद्,दिनानि,:कतिचित्,दिनानि,
पुत्रो,धिषणाङ्गजन्मा,:पुत्रः,धिषणाङ्गजन्मा,
गतोऽभूत्,:गतः,अभूत्,
स,कियद्भिर्दिनैः,:सः,कियद्भिः,दिनैः,
कियद्भिर्दिनैः,:कियद्भिः,दिनैः,
पुनरायातो,बुधसमीपे,:पुनः,आयातः,बुधसमीपे,
घ्राणमवलोक्य,:घ्राणम्,अवलोक्य,
घ्राणोऽयं,:घ्राणः,अयं,
एतस्योत्पत्तिं,:एतस्य,उत्पत्तिं,
सम्यगहं,:सम्यक्,अहं,
यतोऽहमितो,भ्रमन्,:यतः,अहम्,इतः,भ्रमन्,
प्राप्तो,भवचक्रपुरं,:प्राप्तः,भवचक्रपुरं,
यावदहं,:यावत्,अहं,
स्थितोऽस्मि,:स्थितः,अस्मि,
तावदेका,:तावत्,एका,
सहसैवाऽऽनन्दिता,:सहसा,एव,आनन्दिता,
मामाश्‌लिष्य,:माम्,आश्‌लिष्य,
बाष्पप्लुतनेत्राऽवोचत्,:बाष्पप्लुतनेत्रा,अवोचत्,
त्वन्मातुर्धिषणायाः,:त्वत्,मातुः,धिषणायाः,
लघुस्ततो,मां,:लघुः,ततः,मां,
भागिनेय,इत्यतस्तिष्ठ,:भागिनेयः,इत्यतः,तिष्ठ,
इत्यतस्तिष्ठ,:इत्यतः,तिष्ठ,
युक्तमेव,:युक्तम्,एव,
विविधदेशचरित्रावलोकचातुर्यमिति,:विविधदेशचरित्र,अवलोकचातुर्यम्,इति,
प्रमुदितोऽहं,:प्रमुदितः,अहं,
स्थितस्तदुपान्ते,:स्थितः,तत्,उपान्ते,
ततो,विवेकपर्वतं,:ततः,विवेकपर्वतं,
गच्छद्भ्यामावाभ्यां,:गच्छद्भ्याम्,आवाभ्यां,
तदुपत्यकायां,:तत्,उपत्यकायां,
कश्चिद्,भटो,भटो,गाढप्रहारजर्जराङ्गः,:कश्चित्,भटः,भटः,गाढप्रहारजर्जराङ्गः,
नीयमानो,बहुमनुष्यवेष्टितश्च,:नीयमानः,बहुमनुष्यवेष्टितः,च,
बहुमनुष्यवेष्टितश्च,:बहुमनुष्यवेष्टितः,च,
मार्गानुसारितयोक्तं,:मार्गानुसारितया,उक्तं,
भटोऽयं,:भटः,अयं,
बहिर्निर्गतो,मोहसैनिकैर्मिथ्यात्वाद्यैर्घातितो,मोहसैनिकैर्मिथ्यात्वाद्यैर्घातितो,निजभटैर्गृहं,:बहिः,निर्गतः,मोहसैनिकैः,मिथ्यात्वाद्यैः,घातितः,मोहसैनिकैः,मिथ्यात्वाद्यैः,घातितः,निजभटैः,गृहं,
निजभटैर्गृहं,:निजभटैः,गृहं,
वयमपि,:वयम्,अपि,
यामस्तत्र,:यामः,तत्र,
कौतुकमिति,:कौतुकम्,इति,
गतावावां,:गतौ,आवां,
विवेकशैलोपरिस्थमप्रमत्तपुरं,:विवेकशैलोपरिस्थम्,अप्रमत्तपुरं,
दृष्टस्तत्र,:दृष्टः,तत्र,
उपलक्षिताश्चेमे,:उपलक्षिताः,च,इमे,
सभासदो,मार्गानुसारितया,:सभासदः,मार्गानुसारितया,
संयमोऽपि,:संयम,अपि,
तदवस्थः,:तत्,अवस्थः,
दर्शितो,नृपाय,:दर्शितः,नृपाय,
तैर्मोहसैनिकानां,:तैः,मोहसैनिकानां,
तदाकर्ण्य,:तत्,आकर्ण्य,
सन्तोषदयाक्षमाब्रह्मचर्यादयो,भटाः,:सन्तोषदयाक्षमाब्रह्मचर्यादयः,भटाः,
मुञ्चन्तोऽब्रुवन्,:मुञ्चन्तः,अब्रुवन्,
देवोऽस्मान्,:देवः,अस्मान्,
मोहमभिषेणयितुं,:मोहम्,अभिषेणयितुं,
क्षिपामो,वयं,:क्षिपामः,वयं,
समस्तमपि,:समस्तम्,अपि,
ततो,न,:ततः,न,
युज्यतेऽत्र,:युज्यते,अत्र,
नोपेक्षितव्योऽयं,:न,उपेक्षितव्यः,अयं,
व्याधिरिव,:व्याधिः,इव,
विपक्ष",:विपक्षः,",
तेषामाकर्ण्य,:तेषाम्,आकर्ण्य,
सद्बोधाऽमात्याऽभिमुखं,:सद्बोधा,अमात्य,अभिमुखं,
मिथो,मन्त्रयित्वा,:मिथः,मन्त्रयित्वा,
स्वाम्यमात्यसुहृत्कोशराष्ट्रदुर्गबलानीति,:स्वामी,अमात्यसुहृत्कोशराष्ट्रदुर्गबलानि,इति,
प्रभुत्वोत्साहमन्त्रजास्तिस्रश्च,:प्रभुत्व,उत्साहमन्त्रजाः,तिस्रः,च,
बलाऽबलं,:बला,अबलं,
सामदानभेददण्डानामन्यतमेनोचितोपायेन,:सामदानभेददण्डानाम्,अन्यतमेन,उचित,उपायेन,
सन्धिविग्रहयानाऽऽसनद्वेधाऽऽश्रयरूपाणां,:सन्धिविग्रहयाना,आसनद्वेधा,आश्रयरूपाणां,
षण्णामन्यतमे,:षण्णाम्,अन्यतमे,
प्रवर्त्तितव्यमिति,:प्रवर्त्तितव्यम्,इति,
नीतिस्थितिस्ततो,न,:नीतिस्थितिः,ततः,न,
समयमन्तरा,:समयम्,अन्तरा,
सहसैवाभिषेणनं,:सहसा,एव,अभिषेणनं,
तावद्,दूत,दूत,इति,:तावत्,दूतः,दूतः,इति,
तथेति,:तथा,इति,
प्रहितो,मोहं,:प्रहितः,मोहं,
स,चित्तवृत्तयटव्यां,:सः,चित्तवृत्तयटव्यां,
स्वस्वाम्यादिष्टमवद्त,:स्वस्वामी,आदिष्टम्,अवदत्,
चित्तवृत्त्यटवीयं,:चित्तवृत्त्यटवी,इयं,
चाऽस्मदीया,:च,अस्मदीया,
अस्यास्तु,:अस्याः,तु,
भवजन्तुरेव,:भवजन्तुः,एव,
कर्मपरिणामादयश्च,:कर्मपरिणामादयः,च,
भवजन्तोरेव,:भवजन्तोः,एव,
युष्माभिस्तं,:युष्माभिः,तं,
भवजन्तुमकिञ्चित्करं,:भवजन्तुम्,अकिञ्चित्करं,
तद्राज्यं,:तत्,राज्यं,
तदुपर्यपि,:तत्,उपर्यपि,
यद्यूयमुदीर्योदीर्यविग्रहं,:यद्यूयम,उदीर्योदीर्यविग्रहं,
तन्न,:तत्,न,
इत्यादिसक्योक्तान्याकर्ण्य,:इत्यादिसक्योक्तानि,आकर्ण्य,
महामढताऽतिक्रुद्धा,:महामढता,अतिक्रुद्धा,
मोहराजादयोऽपि,:मोहराजादयः,अपि,
किमेवमसमञ्जसं,:किम्,एवम्,असमञ्जसं,
इत्याद्याक्रोशवाक्यानि,:इत्यादि,आक्रोशवाक्यानि,
मोहराजभटा,भ्रुवं,:मोहराजभटाः,भ्रुवं,
अथाऽसौ,:अथ,असौ,
वेगादागतश्चारित्रधर्मनृपसमीपम्,:वेगात्,आगतः,चारित्रधर्मनृपसमीपम्,
मदोद्रिक्तोऽसौ,:मत्,उद्रिक्तः,असौ,
महामोहमहीपालस्त्वां,:महामोहमहीपालः,त्वां,
तृणायाऽपीत्यादि,:तृणाय,अपि,इत्यादि,
तच्छ्रुत्वा,:तत्,श्रुत्वा,
क्रुद्धश्चारित्रधर्मो,रणभम्भां,:क्रुद्धः,चारित्रधर्मः,रणभम्भां,
स्वसैन्यमादाय,:स्वसैन्यम्,आदाय,
इतश्च,:इतः,च,
मोहराजोऽप्युत्कटकटकपरिवृतोऽभिमुखमागत्य,:मोहराजः,अपि,उत्कटकटकपरिवृतः,अभिमुखम्,आगत्य,
अथोभयोः,:अथ,उभयोः,
सैन्ययोश्चित्तवृत्त्यटव्यां,:सैन्ययोः,चित्तवृत्त्यटव्यां,
प्राहरंश्चाऽन्योऽन्यं,:प्राहरन्,च,अन्योऽन्यं,
नानाप्रहरणैर्भटाः,:नानाप्रहरणैः,भटाः,
महातुमुलो,जायमाने,:महातुमुलः,जायमाने,
दुष्टाभिप्रायादिकैर्मोहसैनिकैः,:दुष्टाभिप्रायादिकैः,मोहसैनिकैः,
शुभाभिप्रायाद्याश्चारित्रधर्मभटाः,:शुभाभिप्रायाद्याः,चारित्रधर्मभटाः,
प्राहरशिथिलाङ्गा,अक्रियन्त,:प्राहरशिथिलाङ्गाः,अक्रियन्त,
समस्तमपि,:समस्तम्,अपि,
ससैन्योऽपसृत्या,:ससैन्यः,अपसृत्या,
पुनर्जैनपुंरं,:पुनः,जैनपुरं,
मोहराजोऽपि,:मोहराजः,अपि,
समन्ततो,वेष्टयित्वा,:समन्ततः,वेष्टयित्वा,
स्थितोऽस्तीत्येवं,:स्थितः,अस्ति,इत्येवं,
समस्तमपि,:समस्तम्,अपि,
क्रमेणाऽत्राऽऽगतोऽहं,:क्रमेण,अत्र,आगतः,अहं,
मार्गानुसारिताऽपि,:मार्गानुसारिता,अपि,
समायातीति,:समायाति,इति,
घ्राणोऽयं,:घ्राणः,अयं,
विषयाभिलाषमन्त्रिसुत,इति,:विषयाभिलाषमन्त्रिसुतः,इति,
दर्शितोऽभूत्,:दर्शितः,अभूत्,
तद्,वर्ज्योऽयं,:तत्,वर्ज्यः,अयं,
वर्ज्योऽयं,:वर्ज्यः,अयं,
सर्वथेति,:सर्वथा,इति,
विचारवाक्याद्,यावद्,यावद्,बुधो,बुधो,घ्राणसङ्गत्यागोपायं,:विचारवाक्यात्,यावत्,यावत्,बुधः,बुधः,घ्राणसङ्गत्यागोपायं,
तावन्मार्गानुसारिताऽपि,:तावन्मार्गानुसारिता,अपि,
तत्राऽऽगता,:तत्र,आगता,
तन्मुखादिपि,:तन्मुखात्,अपि,
बुधोऽत्यन्तं,:बुधः,अत्यन्तं,
त्यागोत्सुकोऽभवत्,:त्यागोत्सुकः,अभवत्,
मन्दस्तु,:मन्दः,तु,
नुन्नो,यत्र,:नुन्नः,यत्र,
सुगन्धिलोलुपो,भ्रमन्नेकदा,:सुगन्धिलोलुपः,भ्रमन्,एकदा,
भ्रमन्नेकदा,:भ्रमन्,एकदा,
मुक्ताऽस्ति,:मुक्ता,अस्ति,
तत्राऽऽयातेन,:तत्र,आयातेन,
मृतोऽसौ,:मृतः,असौ,
विरक्तो,बुधो,बुधो,निजसाधुताशुभविपाकौ,:विरक्तः,बुधः,बुधः,निजसाधुताशुभविपाकौ,
समग्रमपि,:समग्रम्,अपि,
दीक्षामग्रहीत्,:दीक्षाम्,अग्रहीत्,
जातोऽल्पकालेन,:जातः,अल्पकालेन,
सोऽहं,:सः,अहं,
बुधसूरिरिदं,:बुधसूरिः,इदं,
अथैवं,:अथ,एवं,
देशनामाकर्ण्य,:देशनाम्,आकर्ण्य,
परमवैराग्यसंवेगाधिष्ठितो,नृपो,नृपो,विमलं,:परमवैराग्यसंवेगाधिष्ठितः,नृपः,नृपः,विमलं,
प्रत्याह,:प्रति,आह,
इत्याकर्ण्य,:इति,आकर्ण्य,
विमल,प्राह,:विमलः,प्राह,
चैवं,:च,एवं,
भवतोऽपि,:भवतः,अपि,
प्रागेव,:प्राक्,एव,
व्रतायोत्काण्ठितोऽस्मि,:व्रताय,उत्काण्ठितः,अस्मि,
पुरान्तश्चैत्येऽष्वष्टाहिका,:पुरान्त,चैत्येषु,अष्टाहिका,
अन्यैरपि,:अन्यैः,अपि,
पौरैर्दीक्षा,:पौरैः,दीक्षा,
बुधसूरिदेशनामेवं,:बुधसूरिदेशनाम्,एवं,
श्रुत्वाऽपि,:श्रुत्वा,अपि,
किञ्चिदपि,:किञ्चित्,अपि,
प्रबुद्धोऽहम्,:प्रबुद्धः,अहम्,
विमलो,मां,:विमलः,मां,
ग्राहयिष्यतीति,:ग्राहयिष्यति,इति,
पलायितस्तदनु,:पलायितः,तदनु,
सेवकैर्गवेषितोऽपि,:सेवकैः,गवेषितः,अपि,
यदाऽहं,:यदा,अहं,
लब्धस्तदा,:लब्धः,तदा,
सर्वेऽप्येते,:सर्वेऽपि,एते,
जना,यथाशक्ति,:जनाः,यथाशक्ति,
धर्मोद्यममकार्षुः,:धर्मोद्यमम्,अकार्षुः,
वामदेवस्तु,:वामदेवः,तु,
श्रुत्वाऽपि,:श्रुत्वा,अपि,
गतो,दृश्यते,:गतः,दृश्यते,
कारणमिति,:कारणम्,इति,
यावदस्य,:यावत्,अस्य,
प्राप्नोत्ययं,:प्राप्नोति,अयं,
साम्प्रतमपि,:साम्प्रतम्,अपि,
संयमनमिति,:संयमनम्,इति,
पलायितोऽस्तीति,:पलायितः,अस्ति,इति,
पुनर्विमलेन,:पुनः,विमलेन,
सूरिरवदत्,:सूरिः,अवदत्,
सरलताऽस्तेयताऽभिधे,:सरलता,अस्तेयता,अभिधे,
यदाऽयं,:यदा,अयं,
मामयोग्यं,:माम्,अयोग्यं,
विमल,उपेक्षते,:विमलः,उपेक्षते,
सार्द्धमन्यत्र,:सार्द्धम्,अन्यत्र,
पुरमागतोऽहं,:पुरम्,आगतः,अहं,
पूर्वकृतस्तेयाद्यपराधात्,:पूर्वकृतस्तेयादि,अपराधात्,
पुरजनैरूपद्रूयमाणो,निःस्वामिकतया,:पुरजनैरूपद्रूयमाणः,निःस्वामिकतया,
स्थातुमक्षमो,देशान्तरं,:स्थातुम्,अक्षमः,देशान्तरं,
सरलनाम्नो,वणिजो,वणिजो,हट्टे,:सरलनाम्नः,वणिजः,वणिजः,हट्टे,
नामाऽन्वयादिकम्,:नाम,अन्वयादिकम्,
मयाऽपि,:मया,अपि,
तेनाऽपि,:तेन,अपि,
तिष्ठे"त्यादिरादरः,:तिष्ठ,इ"त्यादिः,आदरः,
मयाऽपि,:मया,अपि,
मायाप्रणयमुद्भाव्याऽद्य,:मायाप्रणयम्,उद्भाव्य,अद्य,
जातमित्यादिकपटवाक्यैर्वशीकृतोऽसौ,:जातम्,इत्यादिकपटवाक्यैः,वशीकृतः,असौ,
बन्धुमतीमित्युवाच,:बन्धुमतीम्,इति,उवाच,
आवयोरपुत्रयोर्भाग्येनाऽऽनीतोऽयं,:आवयोः,अपुत्रयोः,भाग्येन,आनीतः,अयं,
वामेदवस्तत्,:वामेदवः,तत्,
पुत्र,एव,:पुत्रः,एव,
मन्तव्य",:मन्तव्यः,",
स्थितोऽहं,:स्थितः,अहं,
कतिचिद्,दिनानि,:कतिचित्,दिनानि,
सरलमाकारयितुमागतस्तदा,:सरलम्,आकारयितुम्,आगतः,तदा,
प्रत्युक्तं,:प्रति,उक्तं,
मयोक्तं,:मया,उक्तं,
तत्राऽहमेकाकी,:तत्र,अहम्,एकाकी,
ततो,गृह,गृह,एव,:ततः,गृहे,गृहे,एव,
स्थितोऽहं,:स्थितः,अहं,
सरलो,मित्रगृहे,:सरलः,मित्रगृहे,
प्रेरितोऽहं,:प्रेरितः,अहं,
शनैर्गृहादुत्थाय,:शनैः,गृहात्,उत्थाय,
गतो,हट्टे,:गतः,हट्टे,
ततो,धनं,:ततः,धनं,
क्वाऽप्यन्यत्र,:क्वाऽपि,अन्यत्र,
तावद्,दृष्टो,दृष्टो,यामिकैः,:तावत्,दृष्टः,दृष्टः,यामिकैः,
गृहीतश्च,:गृहीतः,च,
श्चौर,इति,:चौरः,इति,
जातो,भूयान्,:जातः,भूयान्,
तदाकर्ण्याऽऽयातस्तत्र,:तत्,आकर्ण्य,आयातः,तत्र,
सरलोऽपि,:सरलः,अपि,
किमेतत्,:किम्,एतत्,
मयोक्तं,:मया,उक्तं,
नाऽऽयाता,:न,आयाता,
निद्राऽऽयाति,:निद्रा,आयाति,
यावदत्राऽऽगतस्तावद्,विवृतद्वारं,:यावत्,अत्र,आगतः,तावत्,विवृतद्वारं,
विलक्ष,इव,:विलक्षः,इव,
तदैवाऽऽयातैर्यामिकैरहमेव,:तदा,एव,आयातैः,यामिकैः,अहमेव,
धृत",:धृतः,",
यामिकास्तेऽपि,:यामिकाः,तेऽपि,
ज्ञातोऽस्ति,:ज्ञातः,अस्ति,
मदभिमुखं,:मत्,अभिमुखं,
यदेते,:यदा,एते,
ततो,नश्याम्यधुनैवेति,:ततः,नश्यामि,अधुना,एव,इति,
नश्याम्यधुनैवेति,:नश्यामि,अधुना,एव,इति,
तस्यामेव,:तस्याम्,एव,
तद्धनमादाय,:तत्,धनम्,आदाय,
नष्टो,तैरेव,:नष्टः,तैः,एव,
यामिकैर्दृष्ट्वा,:यामिकैः,दृष्ट्वा,
सलोप्त्रो,यष्टिमुष्ट्यादिभिर्जर्‌जरीकृत्य,:सलोप्त्रः,यष्टिमुष्ट्यादिभिः,जर्‌जरीकृत्य,
चाऽऽनीतो,नृपान्तिकं,:च,आनीतः,नृपान्तिकं,
यावद्,राजा,:यावत्,राजा,
मारणायाऽऽदिशति,:मारणाय,आदिशति,
तत्राऽऽयातेन,:तत्र,आयातेन,
पुत्रोऽयमित्यादि,:पुत्रः,अयम्,इत्यादि,
मोचितस्तदा,:मोचितः,तदा,
नृपेणोक्तं,:नृपेण,उक्तं,
दुष्टोऽयं,:दुष्टः,अयं,
त्वद्‌,गृहे,:त्वत्,गृहे,
रक्षणोचितस्ततो,वयमेनं,:रक्षणोचितः,ततः,वयम्,एनं,
वयमेनं,:वयम्,एनं,
रक्षिष्याम,इति,:रक्षिष्यामः,इति,
रक्षितोऽहं,:रक्षितः,अहं,
केनचिद्,विद्याबलेन,:केनचित्,विद्याबलेन,
राजकोशाद्,धने,:राजकोशात्,धने,
कथञ्चिदपि,:कथञ्चित्,अपि,
चौरमप्राप्य,:चौरम्,अप्राप्य,
नृपो,मामेव,:नृपः,माम्,एव,
मामेव,:माम्,एव,
पुनरन्यां,:पुनः,अन्यां,
प्रेषितोऽहं,:प्रेषितः,अहं,
बहुदुःखशतान्यनुभूय,:बहुदुःखशतानि,अनुभूय,
पुनस्ततो,निर्गत्य,:पुनः,ततः,निर्गत्य,
नानाजातियोनिकुलादिष्वनन्तं,:नानाजातियोनिकुलादिषु,अनन्तं,
यावद्,विडम्बितोऽहं,:यावत्,विडम्बितः,अहं,
विडम्बितोऽहं,:विडम्बितः,अहं,
साऽन्यदा,:सा,अन्यदा,
मामुवाच,:माम्,उवाच,
काष्टान्यनुभूतानि,:काष्टानि,अनुभूतानि,
ततोऽधुना,:ततः,अधुना,
मदादिष्टं,:मत्,आदिष्टं,
पुण्योदयसहायमादाय,:पुण्योदयसहायम्,आदाय,
मनुष्यगतिनगरमिति,:मनुष्यगतिनगरम्,इति,
प्रस्थितोऽहम्,:प्रस्थितः,अहम्,
भविनस्तेषामासिक्तं,:भविनः,तेषाम्,आसिक्तं,
इत्युपमितिकथोद्धारे,:इति,उपमितिकथोद्धारे,
मायास्तेयघ्राणेन्द्रियादिविपाकदर्शनाख्यस्तृतीयोऽधिकारः,:मायास्तेयघ्राणेन्द्रियादिविपाकदर्शनाख्यः,तृतीयः,अधिकारः,
