अस्त्यशेषतीर्थङ्‌करचक्रवर्त्त्यादिसत्पुरुषरत्नसम्भवास्पदं,:अस्ति,अशेषतीर्थङ्‌करचक्रवर्त्त्यादिसत्पुरुषरत्नसम्भवास्पदं,
ततोऽनवरतं,:ततः,अनवरतं,
अथैकदा,:अथ,एकदा,
प्रसादादहं,:प्रसादात्,अहं,
सम्पन्नसर्वमनोऽभीष्टार्थाऽपि,:सम्पन्नसर्वमनः,अभीष्टार्था,अपि,
पुत्रप्राप्तयेऽन्तमुत्कण्ठिताऽस्मि,:पुत्रप्राप्तये,अन्तम्,उत्कण्ठिता,अस्मि,
यद्येकोऽपि,:यदि,एकः,अपि,
इत्याकर्ण्य,:इति,आकर्ण्य,
मच्चेतस्यपि,:मच्चेतसि,अपि,
आवयोरेकचित्तत्वेन,:आवयोः,एकचित्तत्वेन,
कार्यनिष्पत्तिर्भवित्री,:कार्यनिष्पत्तिः,भवित्री,
तच्छ्रुत्वा,:तत्,श्रुत्वा,
तथाऽस्तु,:तथा,अस्तु,
इत्युक्त्त्वा,:इति,उक्त्त्वा,
अथैकदा,:अथ,एकदा,
स्वप्नमद्राक्षीत्,:स्वप्नम्,अद्राक्षीत्,
पुत्रप्राप्त्यैव,:पुत्रप्राप्त्या,एव,
गर्भोऽजनि,:गर्भः,अजनि,
तदनुभावाच्च,:तदनुभावात्,च,
नैके,:न,एके,
तांस्तांश्च,:तान्,तान्,च,
सुमतिरिति,:सुमतिः,इति,
अन्योऽन्यं,:अन्यः,अन्यं,
वन्ध्येति,:वन्ध्या,इति,
श्रुतोऽभूत्,:श्रुतः,अभूत्,
किमेतत्,:किम्,एतत्,
तच्छ्रुत्वा,:तत्,श्रुत्वा,
अगृहीतसङ्‌केतेति,:अगृहीतसङ्‌केता,इति,
यथार्थाभिधाऽसि,:यथार्थाभिधा,असि,
नाऽवधारयसि,:न,अवधारयसि,
यतोऽखिलस्यापि,:यतः,अखिलस्य,अपि,
एतावेव,:एतौ,एव,
विश्वमनयोरेव,:विश्वम्,अनयोः,एव,
राजराज्ञ्यौर्निबीजवन्ध्यात्वप्रवादस्तु,:राजराज्ञ्यौः,निबीजवन्ध्यात्वप्रवादः,तु,
अविवेकादिमन्त्रिभिर्दृष्टिदोषभिया,:अविवेकादिमन्त्रिभिः,दृष्टिदोषभिया,
अृगृहीतसङ्‌केताऽऽह,:अृगृहीतसङ्‌केता,आह,
प्रीतिरस्ति,:प्रीतिः,अस्ति,
ततोऽहमपि,:ततः,अहमपि,
मन्मुखेनाऽऽकार्य,:मन्मुखेन,आकार्य,
राज्ञोऽविवेकादि-मन्त्रिणां,:राज्ञः,अविवेकादिमन्त्रिणां,
चोऽसौ,:च,असौ,
अगृहीतसङ्‌केतोचे,:अगृहीतसङ्‌केता,ऊचे,
ततस्ते,:ततः,ते,
तानुपेक्षते,:तान्,उपेक्षते,
तद्भटैश्च,:तद्भटैः,च,
नानाविडम्बनाभिर्विडम्बयित्वा,:नानाविडम्बनाभिः,निडम्बयित्वा,
प्रधानपुरुषास्तेऽपि,:प्रधानपुरुषाः,तेऽपि,
वशंवदास्तिष्ठन्ति,:वशंवदाः,तिष्ठन्ति,
तत्रोपविष्टे,:तत्र,उपविष्टे,
भव्यपुरुषोऽपि,:भव्यपुरुषः,अपि,
सदागमोऽपि,:सदागमः,अपि,
तद्विलोक्याऽगृहीतसङ्‌केताप्रज्ञाविशाले,:तद्विलोक्य,अगृहीतसङ्‌केताप्रज्ञाविशाले,
राजपुरुषैर्विविधं,:राजपुरुषैः,विविधं,
प्रज्ञाविशालयोक्तं,:प्रज्ञाविशालया,उक्तं,
तदाकर्ण्य,:तत्,आकर्ण्य,
ज्ञानोदयोऽभूत्,:ज्ञानोदयः,अभूत्,
पादयोर्निपत्य,:पादयोः,निपत्य,
सदागमेनाऽपि,:सदागमेन,अपि,
दृष्टिमात्रादेव,:दृष्टिमात्रात्,एव,
नरोऽपि,:नरः,अपि,
अथाऽगृहीतसङ्‌केता,:अथ,अगृहीतसङ्‌केता,
कस्त्वम्,:कः,त्वम्,
कस्तेऽपराधश्च,:कः,ते,अपराधः,च,
तवेदृशी,:तव,ईदृशी,
संसारिजीवनामाऽहं,:संसारिजीवनामा,अहं,
ममाऽपराधानां,:मम,अपराधानां,
सर्वोऽपि,:सर्वः,अपि,
व्यतिकरोऽयं,:व्यतिकरः,अयं,
यद्येतस्यास्तव,:यदि,एतस्याः,तव,
कौतुकमस्ति,:कौतुकम्,अस्ति,
त्वमस्याः,:त्वम्,अस्याः,
इत्युक्त्वा,:इति,उक्त्वा,
संसारिजीवश्च,:संसारिजीवः,च,
सर्वेऽप्यते,:सर्वेऽपि,एते,
अथाऽगृहीतसङ्‌केतां,:अथ,अगृहीतसङ्‌केतां,
स्वव्यतिकरमाह,:स्वव्यतिकरम्,आह,
अस्त्यनाद्यनन्तं,:अस्ति,अनाद्यनन्तं,
अनादिवनस्पतिनामानोऽनन्ता,:अनादिवनस्पतिनामानः,अनन्ता,
तत्राऽवसम्,:तत्र,अवसम्,
अथाऽन्यदा,:अथ,अन्यदा,
प्रहितस्तन्नियोगनामा,:प्रहितः,तन्नियोगनामा,
तत्राऽऽगत्य,:तत्र,आगत्य,
राजाऽऽज्ञां,:राजा,आज्ञां,
पुनर्नाऽऽयान्ति,:पुनः,न,आयान्ति,
असंव्यवहारनगरादत्राऽऽनेया,:असंव्यवहारनगरात्,अत्र,आनेया,
वसतिर्विरला,:वसतिः,विरला,
नियोगोऽस्माकं,:नियोगः,अस्माकं,
दत्तोऽस्ति,:दत्तः,अस्ति,
प्रेषणीया",:प्रेषणीयाः,",
स्वामिन्याज्ञां,:स्वामिनि,आज्ञां,
सकलकार्येष्वापृष्टव्या,:सकलकार्येषु,अपृष्टव्या,
संसारिजीवगृहिण्यस्ति,:संसारिजीवगृहिणी,अस्ति,
सहाऽऽकार्य,:सह,आकार्य,
गोलकनामानोऽसङ्ख्यप्रासादाः,:गोलकनामानः,असङ्ख्यप्रासादाः,
चाऽसङ्ख्याता,:च,असङ्ख्याता,
चाऽनन्ताः,:च,अनन्ताः,
तत्राऽऽयातौ,:तत्र,आयातौ,
सहाऽऽलोच्य,:सह,आलोच्य,
त्रयोऽपि,:त्रयः,अपि,
सहाऽऽगताः,:सह,आगताः,
एकेन्द्रियनामनगरमागतं,:एकेन्द्रियनामनगरम्,आगतं,
द्विविधोऽस्ति,:द्विविधः,अस्ति,
साधारणस्तु,:साधारणः,तु,
इत्युच्यते,:इति,उच्यते,
व्यवहारराशिरिति,:व्यवहारराशिः,इति,
अथाऽहं,:अथ,अहं,
एकभववेद्यनामाऽचिन्त्यशक्तिगुटिकाप्रयोगेण,:एकभववेद्यनामा,अचिन्त्यशक्तिगुटिकाप्रयोगेण,
बादरनिगोदेष्वनन्तं,:बादरनिगोदेषु,अनन्तं,
ततश्च,:ततः,च,
प्रतिपाटकमसङ्ख्यातं,:प्रतिपाटकम्,असङ्ख्यातं,
छेदनभेदनादिविडम्बनाभिर्बहुधा,:छेदनभेदनादिविडम्बनाभिः,बहुधा,
तस्मान्नगरादग्रे,:तस्मात्,नगरात्,अग्रे,
आनीतश्च,:आनीतः,च,
द्वीन्द्रियत्रीन्द्रियचतुरिन्द्रियाख्यास्त्रयः,:द्वीन्द्रियत्रीन्द्रियचतुरिन्द्रियाख्याः,त्रयः,
तेष्वप्यहं,:तेषु,अपि,अहं,
एवमनेकेषु,:एवम्,अनेकेषु,
चाऽसङ्ख्यातं,:च,असङ्ख्यातं,
तयाऽहं,:तया,अहं,
नीतोऽहं,:नीतः,अहं,
क्वचिच्च,:क्वचित्,च,
असंव्यवहारनगरादारभ्याऽनन्तकालं,:असंव्यवहारनगरात्,आरभ्य,अनन्तकालं,
ममोपरि,:मम,उपरि,
इदमवोचत्,:इदम्,अवोचत्,
तवाऽध्यवसायः,:तव,अध्यवसायः,
सुन्दरोऽजनि,:सुन्दरः,अजनि,
तदुक्तं,:तत्,उक्तं,
मयाऽङ्गीकृतम्,:मया,अङ्गीकृतम्,
सदागमभ्व्यजीवाऽगृहीतसङ्‌केताप्रज्ञाविशालाश्चत्वारोऽपि,:सदागमभव्यजीवा,अगृहीतसङ्‌केताप्रज्ञाविशालाः,चत्वारः,अपि,
पुरमस्ति,:पुरम्,अस्ति,
गुटिकाप्रदानेनाऽहं,:गुटिकाप्रदानेन,अहं,
भवितव्यतयाऽवतारितः,:भवितव्यतया,अवतारितः,
तत्राऽहं,:तत्र,अहं,
मातापित्रोर्मनोरथैः,:मातापित्रोः,मनोरथैः,
प्रवर्द्धमानस्त्रिवर्षदेशीयोऽभूवम्,:प्रवर्द्धमानः,त्रिवर्षदेशीयः,अभूवम्,
प्रस्थानादारभ्य,:प्रस्थानात्,आरभ्य,
बहिरङ्गमान्तरङ्गं,:बहिरङ्गम्,अन्तरङ्गं,
चेति,:च,इति,
तत्राऽऽन्तरङ्गकुटुम्बमध्ये,:तत्र,आन्तरङ्गकुटुम्बमध्ये,
ममोपमाता,:मम,उपमाता,
तयाऽपि,:तया,अपि,
जातस्तस्य,:जातः,तस्य,
पश्चात्तापाऽनुपशमोरुद्वयः,:पश्चात्तापा,अनुपशमोरुद्वयः,
सोऽपि,:सः,अपि,
अथाऽऽवयोर्मैत्रीं,:अथ,आवयोः,मैत्रीं,
पुण्योदयोऽतिखेदं,:पुण्योदयः,अतिखेदं,
प्राप्तश्चिन्तयामास,:प्राप्तः,चिन्तयामास,
महाविडम्बनाऽऽस्पदं,:महाविडम्बना,आस्पदं,
चाऽस्य,:च,अस्य,
नाङ्गीकृतत्यागः,:न,अङ्गीकृतत्यागः,
पश्चादेनं,:पश्चात्,एनं,
परिहरिष्यामीत्यन्तर्द्धाय,:परिहरिष्याम,इत्यन्तर्द्धाय,
प्रीतिर्ववृद्धे,:प्रीतिः,ववृद्धे,
क्रमेणाऽहं,:क्रमेण,अहं,
वैश्वानरोपदेशेनाऽहं,:वैश्वानरोपदेशेन,अहं,
तृणायाऽपि,:तृणाय,अपि,
कश्चिदन्योऽपि,:कश्चित्,अन्यः,अपि,
तेनाऽपि,:तेन,अपि,
भूत्वाऽतिष्ठम्,:भूत्वा,अतिष्ठम्,
किञ्चिदपि,:किञ्चित्,अपि,
परोक्षतस्तु,:परोक्षतः,तु,
हास्यजुगुप्साऽऽस्पदं,:हास्यजुगुप्सा,आस्पदं,
पितुश्चिन्ता,:पितुः,चिन्ता,
अथैकदा,:अथ,एकदा,
भूताविष्टस्येव,:भूताविष्टस्य,इव,
तन्निशम्य,:तत्,निशम्य,
तेनाऽपि,:तेन,अपि,
तथैवोक्तं,:तथैव,उक्तं,
उपाध्यायोऽवोचत्,:उपाध्यायः,अवोचत्,
तमाकार्य,:तम्,आकार्य,
चैतदुपायं,:च,एतत्,उपायं,
पृष्टश्च,:पृष्टः,च,
जिनमतज्ञेनोक्तं,:जिनमतज्ञेन,उक्तं,
नाऽसौ,:न,असौ,
एतच्चित्तसुन्दराख्यं,:एतत्,चित्तसुन्दराख्यं,
नन्दिवर्धनस्याऽनादिसम्बन्धिनीं,:नन्दिवर्धनस्य,अनादिसम्बन्धिनीं,
चाऽनुकूलयित्वा,:च,अनुकूलयित्वा,
जह्यादिति,:जह्यात्,इति,
माध्यस्थ्यमेव,:माध्यस्थ्यम्,एव,
प्रच्छन्नोऽपि,:प्रच्छन्नः,अपि,
यावदस्य,:यावत्,अस्य,
वैश्वानरकृतास्तास्ता,:वैश्वानरकृताः,ताः,ताः,
तद्वाक्यमाकर्ण्य,:तद्वाक्यम्,आकर्ण्य,
माध्यस्थ्यमाधाय,:माध्यस्थ्यम्,आधाय,
मैत्रीव,:मैत्री,इव,
अथाऽन्यदा,:अथ,अन्यदा,
पृष्टश्च,:पृष्टः,च,
गतेऽह्नि,:गते,अह्नि,
नाऽऽगतः,:न,आगतः,
सोप्युवाच,:सः,अपि,उवाच,
गतेऽह्नि,:गते,अह्नि,
जैनसतज्ञेनैका,:जैनसतज्ञेन,एका,
नाऽऽगतम्,:न,आगतम्,
इत्याकर्ण्य,:इति,आकर्ण्य,
ममापि,:मम,अपि,
चेति,:च,इति,
मनीषिबालमध्यमबुद्धिनामानस्त्रयः,:मनीषिबालमध्यमबुद्धिनामानः,त्रयः,
अथैकदा,:अथ,एकदा,
क्रीडार्थमुद्यानं,:क्रीडार्थम्,उद्यानं,
तत्रैकं,:तत्र,एकं,
तत्पार्श्वमागत्य,:तत्पार्श्वम्,आगत्य,
स्पर्शननामाऽहं,:स्पर्शननामा,अहं,
वयस्योऽभूत्,:वयस्यः,अभूत्,
मृदुशय्यासूक्ष्मांशुकशिशिरविलेपनप्रियाश्‌लेषाद्यैर्बहुधा,:मृदुशय्यासूक्ष्मांशुकशिशिरविलेपनप्रियाश्‌लेषाद्यैः,बहुधा,
अथाऽन्यदा,:अथ,अन्यदा,
सदागमोऽपि,:सदागमः,अपि,
भवजन्तुर्मयि,:भवजन्तुः,मयि,
व्रतमादाय,:व्रतम्,आदाय,
तत्तदकरोत्,:तत्तत्,अकरोत्,
विमुच्येदानीं,:विमुच्य,इदानीं,
ततस्तन्मित्रविप्रयोगेण,:ततः,तन्मित्रविप्रयोगेण,
निराधारोऽहं,:निराधारः,अहं,
जीवितेनेति,:जीवितेन,इति,
स्पर्शनोक्तं,:स्पर्शना,उक्तं,
व्यतिकरमाकर्ण्य,:व्यतिकरम्,आकर्ण्य,
कस्तवाऽयं,:कः,तव,अयं,
व्यर्थप्रेमाऽऽबन्धा,:व्यर्थप्रेमा,आबन्धा,
प्रभृत्यहमेव,:प्रभृति,अहमेव,
चेतस्याचिन्तयत्,:चेतस्य,अचिन्तयत्,
भवजन्तुर्मुक्तौ,:भवजन्तुः,मुक्तौ,
नाऽयं,:न,अयं,
किञ्चिदप्यवोचत्,:किञ्चित्,अपि,अवोचत्,
स्वसदनमागतः,:स्वसदनम्,आगतः,
स्पर्शनबालयोर्मैत्रीं,:स्पर्शनबालयोः,मैत्रीं,
अनेनाऽज्ञातकुलशीलेन,:अनेन,अज्ञातकुलशीलेन,
कार्षीरिति,:कार्षीः,इति,
स्पर्शनाऽऽसक्तचित्तं,:स्पर्शना,आसक्तचित्तं,
स्पर्शनमूलशुद्धिर्न,:स्पर्शनमूलशुद्धिः,न,
अथान्तरङ्गपुरेष्ववलोक्यमानेषु,:अथान्तरङ्गपुरेषु,अवलोक्यमानेषु,
किमिदं,:किम्,इदं,
कोऽत्र,:कः,अत्र,
राजसचित्ताऽऽख्यमिदं,:राजसचित्ता,आख्यम्,इदं,
स्पर्शनरसनघ्राणचक्षुःकर्णाऽऽख्यानि,:स्पर्शनरसनघ्राणचक्षुःकर्णा,आख्यानि,
तैश्च,:तैः,च,
रागकेशरिराजस्याऽऽज्ञावशंवदाश्चक्रिरे,:रागकेशरिराजस्य,आज्ञावशंवदाः,चक्रिरे,
ततस्त्रिभुवनेऽपि,:ततः,त्रिभुवने,अपि,
रागकेशरिराजस्याऽऽज्ञाऽस्खलिताऽभूत्,:रागकेशरिराजस्य,आज्ञा,अस्खलिता,अभूत्,
चारित्रधर्मनृपस्यैकं,:चारित्रधर्मनृपस्य,एकं,
भटोऽस्ति,:भटः,अस्ति,
महामोहादीनामप्यगम्ये,:महामोहादीनाम्,अप्यगम्ये,
तच्छ्रुत्वा,:तत्,श्रुत्वा,
सहाऽऽकार्य,:सह,आकार्य,
गतोऽस्ति,:गतः,अस्ति,
प्रेषितोऽस्मि,:प्रेषितः,अस्मि,
बोधायाऽकथयत्,:बोधाय,अकथयत्,
बोधस्तु,:बोधः,तु,
वृत्तान्तमाचख्यौ,:वृत्तान्तम्,आचख्यौ,
बालस्तु,:बालः,तु,
गुणदोषानभिज्ञः,:गुणदोषान्,अभिज्ञः,
अकुशलमाल्याऽपि,:अकुशलमाल्या,अपि,
स्वपुत्रस्तथा,:स्वपुत्रः,तथा,
गृहमायातः,:गृहम्,आयातः,
बालेनोक्तम्,:बालेन,उक्तम्,
सत्पुरुषोऽस्ति,:सत्पुरुषः,अस्ति,
मध्यमबुद्धिस्तदुक्तं,:मध्यमबुद्धिः,तदुक्तं,
पुनर्मनीषिणं,:पुनः,मनीषिणं,
रहस्यपृच्छत्,:रहसि,अपृच्छत्,
कोऽयं,:कः,अयं,
प्रपन्नमस्ति,:प्रपन्नम्,अस्ति,
मनीषिणोक्तम्,:मनीषिणा,उक्तम्,
ततोऽस्य,:ततः,अस्य,
छायाऽपि,:छाया,अपि,
दूरतस्त्याज्या,:दूरतः,त्याज्या,
त्वमप्यस्य,:त्वमपि,अस्य,
सङ्गलेशमपि,:सङ्गलेशम्,अपि,
कार्षीरिति,:कार्षीः,इति,
तच्छ्रुत्वा,:तत्,श्रुत्वा,
बालस्तु,:बालः,तु,
नैकधा,:न,एकधा,
स्पर्शनोऽयं,:स्पर्शनः,अयं,
किमहं,:किम्,अहं,
कुर्यामिति,:कुर्याम्,इति,
त्वयाऽऽश्रितव्यः,:त्वया,आश्रितव्यः,
प्रायोऽनिश्चितकार्येषु,:प्रायः,अनिश्चितकार्येषु,
कस्तस्य,:कः,तस्य,
मनुष्यगतिप्रायमेकं,:मनुष्यगतिप्रायम्,एकं,
तयोर्मुग्धनामा,:तयोः,मुग्धनामा,
क्रीडार्थमुद्यानं,:क्रीडार्थम्,उद्यानम्,
तत्रोद्याने,:तत्र,उद्याने,
द्वावपि,:द्वौ,अपि,
गगनाऽध्वनि,:गगना,अध्वनि,
तावपि,:तौ,अपि,
विलोकनार्थमुत्तीर्णौ,:विलोकनार्थम्,उत्तीर्णौ,
तत्राऽकुटिलां,:तत्र,अकुटिलां,
कृत्वाऽकुटिलामाकार्य,:कृत्वा,अकुटिलाम्,आकार्य,
विचक्षणाऽपि,:विचक्षणा,अपि,
प्राप्ताऽकुटिलारूपं,:प्राप्ता,अकुटिलारूपं,
मुग्धमाकार्य,:मुग्धम्,आकार्य,
तयोर्मिथुनयोरन्योन्याऽऽलोकनात्,:तयोः,मिथुनयोः,अन्योन्या,आलोकनात्,
चत्वारोऽपि,:चत्वारः,अपि,
पुत्रस्नुषाव्यवहारेणाऽभिमताः,:पुत्रस्नुषाव्यवहारेण,अभिमताः,
अथैकदा,:अथ,एकदा,
द्वितीयाऽकुटिला,:द्वितीया,अकुटिला,
विचक्षणाऽप्यहमिव,:विचक्षणा,अपि,अहम्,इव,
मुग्धरूपाऽऽक्षिप्ता,:मुग्धरूपा,आक्षिप्ता,
विधायाऽऽगता,:विधाय,आगता,
कुर्वाणाऽऽयात्येवेति,:कुर्वाणा,अयात्य,इव,इति,
मत्कान्तास्वान्ताक्षेपकमेनं,:मत्कान्तास्वान्ताक्षेपकम्,एनं,
हन्मीति,:हन्मि,इति,
विचक्षणयाऽपि,:विचक्षणया,अपि,
मुग्धस्तु,:मुग्धः,तु,
मत्पतिरेवाऽकुटिलामोहात्,:मत्पतिः,एव,अकुटिलामोहात्,
हन्मीति,:हन्मि,इति,
प्रतिबोधकाचार्यस्योपदेशः,:प्रतिबोधकाचार्यस्य,उपदेशः,
पश्चात्तापश्च,:पश्चात्तापः,च,
अथाऽन्यदा,:अथ,अन्यदा,
प्रतिबोधकनामाऽऽचार्याः,:प्रतिबोधकनामा,आचार्याः,
गुरुभिर्देशनाऽऽरब्धा,:गुरुभिः,देशना,आरब्धा,
विज्ञायाऽनन्तसुखास्पदमोक्षप्रापकं,:विज्ञाय,अनन्तसुखास्पदमोक्षप्रापकं,
सम्यक्त्वं,:सम्यक्,त्वं,
ततस्तयोर्देहमध्यात्,:ततः,तयोः,देहमध्यात्,
खेदाश्रुजलैश्चरणक्षालनं,:खेदाश्रुजलैः,चरणक्षालनं,
गुरुभिरूचे,:गुरुभिः,ऊचे,
कश्चिदत्र,:कश्चित्,अत्र,
भवतोर्दोषः,:भवतोः,दोषः,
इत्याकर्ण्य,:इति,आकर्ण्य,
तावूचतुः,:तौ,ऊचतुः,
कथमेषा,:कथम्,एषा,
गुरुराह,:गुरुः,आह,
देहस्याऽनित्यताऽशुचितादिभावनया,:देहस्य,अनित्यता,अशुचितादिभावनया,
तदैषा,:तदा,एषा,
युवयोस्तु,:युवयोः,तु,
भावस्वभाव्यादेषा,:भावस्वभाव्यात्,एषा,
नाऽपयास्यति,:न,अपयास्यति,
भावनाभिरत्र,:भावनाभिः,अत्र,
ततोऽत्र,:ततः,अत्र,
अथैवं,:अथ,एवं,
ऋजुप्रगुणाभ्यामप्यचिन्ति,:ऋजुप्रगुणाभ्याम्,अपि,अचिन्ति,
मुग्धाऽकुटिलाभ्यामपि,:मुग्धा,अकुटिलाभ्याम्,अपि,
महानन्यायः,:महान्,अन्यायः,
इत्येवं,:इति,एवं,
चत्वारोऽपि,:चत्वारः,अपि,
पश्चात्तापपरास्तिष्ठन्ति,:पश्चात्तापपराः,तिष्ठन्ति,
देहमध्यादेकं,:देहमध्यात्,एकं,
क्षणेनैकं,:क्षणेन,एकं,
कृष्णवर्णबालकमध्यादन्यत्कृष्णबालकं,:कृष्णवर्णबालकमध्यात्,अन्यत्,कृष्णबालकं,
शिरस्याहत्य,:शिरसि,आहत्य,
तावदेव,:तावत्,एव,
अथैतदर्थावबोधाय,:अथ,एतत्,अर्थावबोधाय,
गुरुराह,:गुरुः,आह,
यदेतत्,:यत्,एतत्,
तत्तु,:तत्,तु,
यत्प्रथमं,:यत्,प्रथमं,
तदज्ञानं,:तत्,अज्ञानं,
यच्च,:यत्,च,
तन्मध्यान्निर्गतं,:तन्मध्यात्,निर्गतं,
यदेतत्,:यत्,एतत्,
तावदेव,:तावत्,एव,
अतोऽतः,:अतः,अतः,
सर्वाऽशुभदोषादिध्वंसी,:सर्व,अशुभदोषादिध्वंसी,
यतस्तत्पापं,:यतः,तत्,पापं,
गुरुवाक्यश्रवणाज्जातसंवेगैस्तैश्चतुर्भिरपि,:गुरुवाक्यश्रवणात्,जातसंवेगैः,तैः,चतुर्भिः,अपि,
संयममाददे,:संयमम्,आददे,
सद्‌गतिभाजोऽभूवन्,:सद्‌गतिभाजः,अभूवन्,
षड्भिरपि,:षड्भिः,अपि,
कृतश्चेत्,:कृतः,चेत्,
कर्महानिश्चाभवत्,:कर्महानिः,च,अभवत्,
त्वयाऽपि,:त्वया,अपि,
विधेयेति,:विधेय,इति,
मातृवचोऽङ्गीकृत्य,:मातृवचः,अङ्गीकृत्य,
मध्यमबुद्धिस्तथा,:मध्यमबुद्धिः,तथा,
अथैकदा,:अथ,एकदा,
नैकपुष्पप्रकरपरागपिञ्जरितदिगन्ते,:न,एकपुष्पप्रकरपरागपिञ्जरितदिगन्ते,
कामदेवपूजार्थमुद्यानं,:कामदेवपूजार्थम्,उद्यानं,
बालोऽपि,:बालः,अपि,
मध्यमबुद्धिरपि,:मध्यमबुद्धिः,अपि,
द्वावपि,:द्वौ,अपि,
मन्दिरान्तर्गर्भगृहं,:मन्दिरान्तः,गर्भगृहं,
प्रविष्टस्तत्र,:प्रविष्टः,तत्र,
कामदेवयोग्यामत्यन्तसुकुमारशय्यां,:कामेदवयोग्याम्,अत्यन्तसुकुमारशय्यां,
विस्मृतदेवशय्यापरिभोगानर्थोदयस्तां,:विस्मृतदेवशय्यापरिभोगान्,अर्थोदयः,तां,
शय्यामारुह्य,:शय्याम्,आरुह्य,
मध्यबुद्धिस्तु,:मध्यबुद्धिः,तु,
बहिरेव,:बहिः,एव,
स्थितोऽस्ति,:स्थितः,अस्ति,
बहिरङ्गनृपोऽस्ति,:बहिरङ्गनृपः,अस्ति,
कामपूजार्थमागता,:कामपूजार्थम्,आगता,
साऽपि,:सा,अपि,
बालस्याऽङ्गे,:बालस्य,अङ्गे,
तत्स्पर्शादहो,:तत्स्पर्शात्,अहो,
एतस्यास्तनुसुकुमारतेत्यादि,:एतस्याः,तनुसुकुमारता,इत्यादि,
कुतोऽप्यागतेन,:कुतोऽपि,आगतेन,
यमसदनाऽतिथिर्भव,:यमसदनाऽतिथिः,भव,
इत्युक्त्वा,:इति,उक्त्वा,
लोहशृङ्खलाभिर्दृढं,:लोहशृङ्खलाभिः,दृढं,
बहिर्नीत्वा,:बहिः,नीत्वा,
प्रहर्त्तुमारब्धस्तावता,:प्रहर्त्तुम्,आरब्धः,तावता,
दृष्टस्तेन,:दृष्टः,तेन,
मधुरवाक्यैश्च,:मधुरवाक्यैः,च,
गृहमानीतः,:गृहम्,आनीतः,
पृष्टश्च,:पृष्टः,च,
कुत्राऽङ्गे,:कुत्र,अङ्गे,
व्यथाऽस्ति,:व्यथा,अस्ति,
महाव्यथाऽस्ति,:महाव्यथा,अस्ति,
नाऽन्यत्र,:न,अन्यत्र,
व्यथाऽस्ति,:व्यथा,अस्ति,
मध्यमबुद्धिराह,:मध्यमबुद्धिः,आह,
अतोऽतः,:अतः,अतः,
नैतदभिलषणीयमिति,:न,एतत्,अभिलषणीयम्,इति,
शक्तिरस्ति,:शक्तिः,अस्ति,
तामवश्यां,:ताम्,अवश्यां,
रंस्येऽत्र,:रंस्ये,अत्र,
तेऽपराध्यतीति,:ते,अपराध्यति,इति,
मध्यमबुद्धिर्मौनमास्थितः,:मध्यमबुद्धिः,मौनम्,आस्थितः,
बहिर्निर्गतस्तं,:बहिः,निर्गतः,तं,
चाऽवलोक्य,:च,अवलोक्य,
मध्यमबुद्धिरपि,:मध्यमबुद्धिः,अपि,
तस्याऽनुपदं,:तस्य,अनुपदं,
बालस्याऽऽक्रन्दारवेण,:बालस्य,आक्रन्दारवेण,
खेचरेऽकिञ्चित्करोऽपि,:खेचरे,अकिञ्चित्करः,अपि,
विद्याधरस्तु,:विद्याधरः,तु,
दृष्टिपथमतीतः,:दृष्टिपथम्,अतीतः,
प्रचलतोऽस्य,:प्रचलतः,अस्य,
बालशुद्धिर्न,:बालशुद्धिः,न,
तेनैकः,:तेन,एकः,
कूपोऽदर्शि,:कूपः,अदर्शि,
प्रवृत्तस्तावत्,:प्रवृत्तः,तावत्,
तत्राऽऽयातेनैकैन,:तत्र,आयातेन,एकेन,
नरेणाऽऽगत्य,:नरेण,आगत्य,
नन्दनेनोक्तम्,:नन्दनेन,उक्तम्,
राजाऽस्ति,:राजा,अस्ति,
वयस्योऽस्ति,:वयस्यः,अस्ति,
शत्रुविध्वंसिन्येका,:शत्रुविध्वंसिनी,एका,
दत्ताऽस्ति,:दत्ता,अस्ति,
पुमांसमानाय्य,:पुमांसम्,आनाय्य,
तन्मांसशोणितैर्नृपः,:तन्मांसशोणितैः,नृपः,
आहुतीर्दत्ते,:आहुतीः,दत्ते,
कुर्वतोऽस्य,:कुर्वतः,अस्य,
दिनमवशिष्यते,:दिनम्,अवशिष्यते,
समर्पितोऽस्ति,:समर्पितः,अस्ति,
तवैव,:तव,एव,
इत्युक्त्वा,:इति,उक्त्वा,
नन्दनेनाऽग्रे,:नन्दनेन,अग्रे,
बालोऽयमिति,:बालः,अयम्,इति,
याचितश्च,:याचितः,च,
नन्दनस्तन्मुक्तिं,:नन्दनः,तन्मुक्तिं,
नन्दनेनोक्तम्,:नन्दनेन,उक्तम्,
दत्तोऽयं,:दत्तः,अयं,
गृहीत्वैनं,:गृहीत्वा,एनं,
चाऽनिष्टं,:च,अनिष्टं,
भविष्यतीति,:भविष्यति,इति,
चाऽऽयातः,:च,आयातः,
भेषजाद्यनेकोपायान्,:भेषजादि,अनेक,उपायान्,
भाषितोऽनेन,:भाषितः,अनेन,
महाकष्टमनुभूतं,:महाकष्टम्,अनुभूतं,
ततोऽद्य,:ततः,अद्य,
महानर्थभूमिः,:महान्,अर्थभूमिः,
तच्छ्रुत्वा,:तत्,श्रुत्वा,
कस्त्वां,:कः,त्वां,
त्वमाकारितः,:त्वम्‌,अकारितः,
मध्यमबुद्धिर्दध्यौस्पर्शनकुमित्रप्रेरितोऽयं,:मध्यमबुद्धिः,दध्यौस्पर्शनकुमित्रप्रेरितः,अयं,
वृत्तान्तस्तस्मै,:वृत्तान्तः,तस्मै,
मनीषिणोक्तं,:मनीषिणा,उक्तं,
सर्वमेतदहमपि,:सर्वम्,एतत्,अहमपि,
कथयामासुर्यदुत,:कथयामासुः,यदुत,
हृतस्तेन,:हृतः,तेन,
पुनरसौ,:पुनः,असौ,
केचिच्च,:केचित्,च,
मध्यमबुद्धिस्तु,:मध्यमबुद्धिः,तु,
निर्दोषोऽस्ति,:निर्दोषः,अस्ति,
इत्याहुः,:इति,आहुः,
सत्सङ्गतिर्विधेयेति,:सत्सङ्गतिः,विधेय,इति,
विदन्नपि,:विदन्,अपि,
इत्यूचुः,:इति,ऊचुः,
परस्परालापैर्मया,:परस्परालापैः,मया,
कथितश्च,:कथितः,च,
पित्राऽप्युक्तं,:पित्रा,अपि,उक्तं,
कष्टकोटिभिरहं,:कष्टकोटिभिः,अहं,
मनीषिवार्ताऽऽकर्णनात्,:मनीषिवार्ता,आकर्णनात्,
अथैवं,:अथ,एवं,
प्रविष्टाऽस्ति,:प्रविष्टा,अस्ति,
तत्राऽऽयातः,:तत्र,आयातः,
तथाविधाऽपराधिनं,:तथाविध,अपराधिनं,
लोहयन्त्रैर्बन्धयित्वा,:लोहयन्त्रैः,बन्धयित्वा,
खरपृष्ठमारोप्य,:खरपृष्ठम्,आरोप्य,
दुरात्मनोऽस्य,:दुरात्मनः,अस्य,
बालस्येयमेवावस्था,:बालस्य,इयम्,एव,अवस्था,
समुचितेति,:समुचिता,इति,
गृहान्तर्निलीय,:गृहान्तः,निलीय,
कियद्दिनातिक्रमे,:कियत्,दिनातिक्रमे,
प्रबोधरतिनामाऽऽचार्यः,:प्रबोधरतिनाम्,आचार्यः,
तत्राऽऽगतौ,:तत्र,आगतौ,
बालोऽपि,:बालः,अपि,
नैकस्त्रीणां,:न,एकस्त्रीणां,
विलासादिप्रेक्षालालसस्तत्राऽऽयातः,:विलासादिप्रेक्षालालसः,तत्र,आयातः,
अथाऽऽचार्येण,:अथ,आचार्येण,
गुरुरूचे,:गुरुः,उचे,
उत्कृष्टतमास्ते,:उत्कृष्टतमाः,ते,
एतदाकर्ण्य,:एतत्,आकर्ण्य,
भवजन्तुरुत्कृष्टतमः,:भवजन्तुः,उत्कृष्टतमः,
पुनर्गुरुभिरुक्तं,:पुनः,गुरुभिः,उक्तं,
चोत्तमाः,:च,उत्तमाः,
विधस्त्वहं,:विधः,तु,अहं,
मूलशुद्धिरानायिता,:मूलशुद्धिः,अनायिता,
परिहृतश्चेति,:परिहृतः,च,इति,
पुनर्गुरुराह,:पुनः,गुरुः,आह,
स्पर्शनादीन्यधमानि,:स्पर्शनादीनि,अधमानि,
श्रुत्वाऽपि,:श्रुत्वा,अपि,
तत्सङ्गत्यागेनेन्द्रियजयाय,:तत्सङ्गत्यागेन,इन्द्रियजयाय,
एवंविधस्तु,:एवंविधः,तु,
मद्भ्राता,:मत्,भ्राता,
चाऽनुभूय,:च,अनुभूय,
परिजहारेति,:परिजहार,इति,
पुनगुरुरूचे,:पुनगुरुः,ऊचे,
यस्तु,:यः,तु,
विलोकयन्ननुभवन्नपि,:विलोकयन्,अनुभवन्,अपि,
यदेवंविधस्तु,:यदेवंविधः,तु,
मद्भ्राता,:मत्,भ्राता,
यदित्थं,:यत्,इत्थं,
कदर्थनानुभवेऽपि,:कदर्थनानुभवे,अपि,
जायतेऽस्येति,:जायते,अस्य,इति,
समालोकनपरश्चिरं,:समालोकनपरः,चिरं,
अक्षरमात्रमपि,:अक्षरमात्रम्,अपि,
सुबुद्धिर्नामाऽमात्योऽतिधर्मात्मा,:सुबुद्धिः,नाम,अमात्यः,अतिधर्मात्मा,
किमेषां,:किम्,एषां,
गुरुराह,:गुरुः,आह,
प्रवृत्तस्ततोऽयं,:प्रवृत्तः,ततः,अयं,
त्रयाणामप्येषां,:त्रयाणाम्,अपि,एषां,
कर्मणश्च,:कर्मणः,च,
शुभसुन्दरीत्युच्यते,:शुभसुन्दरी,इति,उच्यते,
गुरुवाक्यमाकर्ण्य,:गुरुवाक्यम्,आकर्ण्य,
गुरुभिरेतदस्मच्चरितमेवोक्तमिति,:गुरुभिः,एतत्,अस्मत्,चरितम्,एव,उक्तम्,इति,
राजभयमविमृश्य,:राजभयम्,अविमृश्य,
सर्वलोकलज्जामवगणय्य,:सर्वलोकलज्जाम्,अवगणय्य,
मदनकन्दलीमभिधावितः,:मदनकन्दलीम्,अभिधावितः,
कोपकलुषदृशावलोकितः,:कोपकलुषदृशा,अवलोकितः,
समुपलक्षितश्च,:समुपलक्षितः,च,
दुरात्मेति,:दुरात्मा,इति,
तस्याऽधमचरित्रं,:तस्य,अधमचरित्रं,
निःसृत्यैकः,:निःसृत्य,एकः,
किमनेनेत्थं,:किम्,अनेन,इत्थं,
गुरुराह,:गुरुः,आह,
बालस्तु,:बालः,तु,
निर्गतोऽयं,:निर्गतः,अयं,
अकुशलमालाऽस्य,:अकुशलमाला,अस्य,
मूढोऽयं,:मूढः,अयं,
स्पर्शनमेनं,:स्पर्शनम्,एनं,
देशनयाऽपि,:देशनया,अपि,
नाऽयं,:न,अयं,
प्रबुद्धस्तत्कथम्,:प्रबुद्धः,तत्कथम्,
गुरुराह,:गुरुः,आह,
नित्यविरोधिजीवानामपि,:नित्यविरोधिजीवानाम्,अपि,
वैराण्युपशाम्यन्ति,:वैराणि,उपशाम्यन्ति,
जीवास्ते,:जीवाः,ते,
देशनाशतैरपि,:देशनाशतैः,अपि,
तदत्र,:तत्,अत्र,
सुबुद्धिमन्त्रिणोक्तं,:सुबुद्धिमन्त्रिणा,उक्तं,
सत्यमेतत्,:सत्यम्,एतत्,
नाश्चर्यं,:न,आश्चर्यं,
भवदग्रे,:भवत्,अग्रे,
कथमेनं,:कथम्,एनं,
अतोऽधुना,:अतः,अधुना,
किमस्य,:किम्,अस्य,
भावीति,:भावि,इति,
गुरुर्बभाषे,:गुरुः,बभाषे,
वृक्षाद्यन्तरितस्तत्पतिः,:वृक्षादि,अन्तरितः,तत्पतिः,
तत्राऽऽगत्य,:तत्र,आगत्य,
चैनं,:च,एनं,
बालोऽयं,:बालः,अयं,
सहिष्यतीति,:सहिष्यति,इति,
गुरुराह,:गुरुः,आह,
पुनस्तथाविधसंसारिजीवानाश्रित्य,:पुनः,तथाविधसंसारिजीवान्,आश्रित्य,
राजोचे,:राजा,ऊचे,
कथमेतौ,:कथम्,एतौ,
गुरुभिरुक्तं,:गुरुभिः,उक्तं,
राजाऽऽह,:राजा,आह,
तदप्रमादयन्त्रं,:तत्,अप्रमादयन्त्रं,
गुरुराह,:गुरुः,आह,
धर्मोपकरणदेहादावपि,:धर्मोपकरणदेहादौ,अपि,
समितिपञ्चकगुप्तित्रयाऽवहितत्वं,:समितिपञ्चकगुप्तित्रया,अवहितत्वं,
सद्यश्चित्तविस्त्रोतसिकानिवृत्तिर्निःसङ्गता,:सद्यः,चित्तविस्त्रोतसिकानिवृत्तिः,निःसङ्गता,
देहात्मनोर्भेदविज्ञानं,:देहात्मनोः,भेदविज्ञानं,
इत्याद्यनेकावयवोपलक्षितम्,:इत्यादि,अनेक,अवयवोपलक्षितम्,
अप्रमादयन्त्रमभिधीयते,:अप्रमादयन्त्रम्,अभिधीयते,
अथैतदाकर्ण्य,:अथ,एतत्,आकर्ण्य,
इत्याकर्ण्य,:इति,आकर्ण्य,
कोऽसौ,:कः,असौ,
गुरुराह,:गुरुः,आह,
त्वत्र,:तु,अत्र,
राजाऽसि,:राजा,असि,
त्वत्तोऽप्यधिकबलवत्तमः,:त्वत्तः,अपि,अधिककबलवत्तमः,
त्वद्राज्यमपहर्तुं,:त्वद्राज्यम्,अपहर्तुं,
कर्मविलासनामाऽन्तरङ्गनृपोऽस्ति,:कर्मविलासनामान्तरङ्गनृपः,अस्ति,
पुत्रोऽयं,:पुत्रः,अयं,
मध्यमबुद्धिर्जगाद,:मध्यमबुद्धिः,जगाद,
मद्विधैर्दुर्वहं,:मद्विधैः,दुर्वहं,
गुरुमुखेनाऽङ्गीकृतः,:गुरुमुखेन,अङ्गीकृतः,
अनुमोदनैव,:अनुमोदना,एव,
राज्ञोक्तं,:राज्ञा,उक्तं,
महानस्ति,:महान्,अस्ति,
तदाऽहं,:तदा,अहं,
मौनमाधाय,:मौनम्,आधाय,
सुबुद्धिमन्त्रिणोक्तं,:सुबुद्धिमन्त्रिणा,उक्तं,
महोत्सवस्तु,:महोत्सवः,तु,
साधवस्तदादेशं,:साधवः,तदादेशं,
तदनुमोदनमेव,:तदनुमोदनम्,एव,
नाऽत्र,:न,अत्र,
महाभागस्येच्छाभङ्गो,:महाभागस्य,इच्छाभङ्गो,
भूदिति,:अभूत्,इति,
तत्राऽऽस्ते,:तत्र,आस्ते,
प्रत्याह,:प्रति,आह,
धन्योऽयं,:धन्यः,अयं,
चारित्रमाद्रियते,:चारित्रम्,आद्रियते,
सुबुद्धिराह,:सुबुद्धिः,आह,
तेषामियं,:तेषाम्,इयं,
नृपेणोक्तं,:नृपेण,उक्तं,
केनोपायेन,:केन,उपायेन,
तदाऽहमपि,:तदा,अहमपि,
विधायाऽनेन,:विधाय,अनेन,
पुनर्मन्त्री,:पुनः,मन्त्री,
कथमसौ,:कथम्,असौ,
त्वत्प्रार्थनाभङ्गभयादेवेयन्तं,:त्वत्प्रार्थनाभङ्गभयात्,एव,इयन्तं,
युक्तमस्य,:युक्तम्,अस्य,
मन्त्रिवचोऽङ्गीकृत्य,:मन्त्रिवचः,अङ्गीकृत्य,
पृष्टश्च,:पृष्टः,च,
मुहूर्त्तमस्ति,:मुहूर्त्तम्,अस्ति,
द्वितीयेऽहनि,:द्वितीये,अहनि,
पुरान्तश्चैत्येषु,:पुरान्तः,चैत्येषु,
ध्रियमाणेनाऽऽतपत्रेण,:ध्रियमाणेन,आतपत्रेण,
वीज्यमानैश्च,:वीज्यमानैः,च,
वाद्यमानैर्नानाऽऽतोद्यैः,:वाद्यमानैः,नानाऽऽतोद्यैः,
समन्ततश्चतुरङ्गचमूचक्रैः,:समन्ततः,चतुरङ्गचमूचक्रैः,
चाऽनेकभद्रकमनःस्सु,:च,अनेकभद्रकमनःस्सु,
तत्रोन्मुच्य,:तत्र,उन्मुच्य,
अथोपविष्टे,:अथ,उपविष्टे,
गरुभिर्हितशिक्षा,:गरुभिः,हितशिक्षा,
किङ्‌करत्वमभिलषति?,:किङ्‌करत्वम्,अभिलषति?,
चारित्रधर्ममवाप्य,:चारित्रधर्मम्,अवाप्य,
दुर्लभसङ्गोऽयं,:दुर्लभसङ्गः,अयं,
आवयोरपि,:आवयोः,अपि,
पुनर्नरत्वधर्मश्रुतिश्रद्धासामर्थ्यलक्षणं,:पुनः,नरत्वधर्मश्रुतिश्रद्धासामर्थ्यलक्षणं,
कुरुतस्तदा,:कुरुतः,तदा,
मध्यमबुद्धिरपि,:मध्यमबुद्धिः,अपि,
व्रतमाददे,:व्रतम्,आददे,
चतुर्णामपि,:चतुर्णाम्,अपि,
शिक्षामाह,:शिक्षाम्,आह,
यश्च,:यः,च,
कालविलम्बेनाऽपि,:कालविलम्बेन,अपि,
स्वाभाविकस्वबुद्ध्यैवाऽनर्थकारणं,:स्वाभाविकस्वबुद्ध्या,एव,अनर्थकारणं,
हितैषिभिर्युष्माभिः,:हितैषिभिः,युष्माभिः,
येनेह,:येन,इह,
केवलमुपार्ज्य,:केवलम्,उपार्ज्य,
चत्वारोऽपि,:चत्वारः,अपि,
बालस्तु,:बालः,तु,
पापमित्रसङ्गाच्चिरं,:पापमित्रसङ्गात्,चिरं,
वार्तेयं,:वार्ता,इयं,
मयोक्तं,:मया,उक्तं,
मयोक्तं,:मया,उक्तं,
सहाऽनिशं,:सह,अनिशं,
ततस्तस्य,:ततः,तस्य,
सङ्गस्त्वया,:सङ्गः,त्वया,
अथैवं,:अथ,एवं,
इत्युक्त्वा,:इति,उक्त्वा,
विदुरस्तु,:विदुरः,तु,
पद्मनृपान्तिकमागत्य,:पद्मनृपान्तिकम्,आगत्य,
विलक्ष्यचित्तस्तस्थौ,:विलक्ष्यचित्तः,तस्थौ,
गृहमायातोऽहं,:गृहम्,आयातः,अहं,
अथैकदा,:अथ,एकदा,
अत्रायातीति,:अत्र,आयाति,इति,
गतोऽहं,:गतः,अहं,
समानीतश्चाऽसौ,:समानीतः,च,असौ,
समालिङ्गितश्च,:समालिङ्गितः,च,
प्रमुदिश्च,:प्रमुदिः,च,
चाऽन्योऽन्यं,:च,अन्योन्यं,
त्वदागमनेनाऽतिसन्तुष्टा,:त्वदागमनेन,अतिसन्तुष्टा,
ततोऽत्र,:ततः,अत्र,
सुखेनेति,:सुखेन,इति,
स्थितस्तत्र,:स्थितः,तत्र,
अथैकदा,:अथ,एकदा,
रोषकारणमिति?,:रोषकारणम्,इति?,
एकदाऽहं,:एकदा,अहं,
क्रीडार्थमुद्यानं,:क्रीडार्थम्,उद्यानं,
गतस्तत्रैकस्य,:गतः,तत्र,एकस्य,
वीरासीनमेकं,:वीरासीनम्,एकं,
निविष्टस्तत्र,:निविष्टः,तत्र,
श्रावकधर्मश्च,:श्रावकधर्मः,च,
श्रावकधर्मस्तन्मुखेनाङ्गीकृतः,:श्रावकधर्मः,तन्मुखेन,अङ्गीकृतः,
गृहमायातः,:गृहम्,आयातः,
मयाऽकरदाश्चक्रिरे,:मयाकरदाः,चक्रिरे,
सचिवोऽस्ति,:सचिवः,अस्ति,
मद्वृत्तान्तादतिखिन्नेनाऽसहिष्णुना,:मद्वृत्तान्तात्,अतिखिन्नेन,असहिष्णुना,
निश्चिन्तस्तिष्ठसि,:निश्चिन्तः,तिष्ठसि,
सर्वोऽपि,:सर्वः,अपि,
राज्यस्थितिश्चलिष्यति,:राज्यस्थितिः,चलिष्यति,
इत्याद्याकर्ण्य,:इत्यादि,आकर्ण्य,
वाच्येति,:वाच्य,इति,
तेनागत्य,:तेन,आगत्य,
करनिवारणमित्यादि।,:करनिवारणम्,इत्यादि।,
मयोक्तं,:मया,उक्तं,
किमेवं,:किम्,एवं,
पुनर्धर्मिन्यायिजनेभ्यः,:पुनः,धर्मिन्यायिजनेभ्यः,
धर्मस्थैर्यावलोकनार्थमित्थमुक्तं,:धर्मस्थैर्यावलोकनार्थम्,इत्थम्,उक्तं,
धैर्यमित्यादि,:धैर्यम्,इत्यादि,
भीतास्ते,:भीताः,ते,
तुष्णीमेव,:तुष्णीम्,एव,
यदुताऽसौ,:यदुत,असौ,
सम्मानितानपि,:सम्मानितान्,अपि,
तन्नूनमसौ,:तन्नूनम्,असौ,
पित्राऽप्यस्य,:पित्रापि,अस्य,
तदस्मै,:तत्,अस्मै,
मत्तोऽपि,:मत्तः,अपि,
तत्किमत्र,:तत्किम्,अत्र,
मेऽकिञ्चित्करस्येति,:मे,अकिञ्चित्,करस्य,इति,
मनस्याधाय,:मनसि,आधाय,
स्वरपिच्छदपरिवृत्तस्तातमनापृच्छ्य,:स्वरपिच्छदपरिवृत्तः,तम्,अनापृच्छ्य,
निर्गतोऽहं,:निर्गतः,अहं,
क्रमेणेहाऽऽगतं,:क्रमेण,इह,आगतं,
मयोक्तं-,:मया,उक्तं-,
कृतमेतत्,:कृतम्,एतत्,
सर्वतोऽपि,:सर्वतः,अपि,
मानरक्षणमेव,:मानरक्षणम्,एव,
अथाऽन्यदा,:अथ,अन्यदा,
सुमतिवराङ्गकेशरिनामानस्त्रयोऽमात्याः,:सुमतिवराङ्गकेशरिनामानः,त्रयः,अमात्याः,
सभायामागत्य,:सभायाम्,आगत्य,
दुर्विलसितमिति,:दुर्विलसितम्,इति,
मुखादवगत्य,:मुखात्,अवगत्य,
त्वामत्रागतं,:त्वाम्,अत्र,आगतं,
तयोर्मध्ये,:तयोः,मध्ये,
दत्ताऽभूत्,:दत्ता,अभूत्,
श्रुतास्तेन,:श्रुताः,तेन,
तस्यास्तं,:तस्याः,तं,
पितृभ्यामपि,:पितृभ्याम्,अपि,
रत्नवत्यपि,:रत्नवती,अपि,
कनकशेखरस्याऽभीष्टमित्रं,:कनकशेखरस्य,अभीष्टमित्रं,
वृणोमीति,:वृणोमि,इति,
तयोरागमनवार्तां,:तयोः,आगमनवार्तां,
प्रेषितास्ततः,:प्रेषिताः,ततः,
तत्राऽऽगन्तव्यं,:तत्र,आगन्तव्यं,
युज्यतेऽधुना,:युज्यते,अधुना,
क्षणमपि,:क्षणम्,अपि,
विलम्बितुमिति,:विलम्बितुम्,इति,
पद्मनृपमापृच्छ्य,:पद्मनृपम्,आपृच्छ्य,
मामपि,:माम्,अपि,
सहाऽऽकार्य,:सह,आकार्य,
प्रयाणान्यतिक्रान्तानि।,:प्रयाणानि,अतिक्रान्तानि।,
ममाऽभूत्तदाकर्णय,:मम,अभूत्,तदाकर्णय,
अस्त्यान्तरङ्गं,:अस्ति,अन्तरङ्गं,
नृपस्तस्य,:नृपः,तस्य,
रौद्रचित्तपुरमायाता,:रौद्रचित्तपुरम्,आयाता,
क्रमेणाऽविवेकिताप्रेरणादागत्य,:क्रमेण,अविवेकिताप्रेरणात्,आगत्य,
अथैकदा,:अथ,एकदा,
चाऽस्याः,:च,अस्याः,
त्वयाऽऽखेटकोऽनिशं,:त्वया,आखेटकः,अनिशं,
सेवनीय',:सेवनीयः,',
प्रमुदितोऽहं,:प्रमुदितः,अहं,
अथैवं,:अथ,एवं,
कनकशेखरमायान्तं,:कनकशेखरम्,आयान्तं,
सम्भूयाऽग्रे,:सम्भूय,अग्रे,
चोत्कर्षमारोपितोऽहं,:चोत्कर्षमारोपितः,अहं,
तत्मुक्तान्यनेकप्रहरणानि,:तत्मुक्तानि,अनेकप्रहरणानि,
मामेव,:माम्,एव,
जातश्च,:जातः,च,
पुनर्मिलितं,:पुनः,मिलितं,
अथाऽविच्छिन्नप्रयाणैः,:अथ,अविच्छिन्नप्रयाणैः,
ज्ञाताऽस्मदागमनवृत्तान्तप्रमुदितः,:ज्ञातः,अस्मत्,आगमनवृत्तान्तप्रमुदितः,
सपरिजनोऽभिमुखमागतः,:सपरिजनः,अभिमुखम्,आगतः,
कृतश्च,:कृतः,च,
कनकशेखरस्याऽभीष्टमित्रं,:कनकशेखरस्य,अभीष्टमित्रं,
यातीति,:याति,इति,
कोलाहलोऽजनि,:कोलाहलः,अजनि,
तच्छ्रुत्वा,:तत्,श्रुत्वा,
तमनुधाविताः,:तम्,अनुधाविताः,
दत्ताऽभूत्,:दत्ता,अभूत्,
विभाकरनृपोऽतुलबलमानीय,:विभाकरनृपः,अतुलबलम्,आनीय,
यातीति,:याति,इति,
अथोभयसैन्ययोः,:अथ,उभयसैन्ययोः,
ममाभिमुखं,:मम,अभिमुखं,
योद्धुमागतः,:योद्धुम्,आगतः,
बङ्गाधिपतिर्द्रुमराट्,:बङ्गाधिपतिः,द्रुमराट्,
मयाऽन्तराले,:मया,अन्तराले,
मूर्च्छामवाप्य,:मूर्च्छाम्,अवाप्य,
कान्दिशीकमितस्ततः,:कान्दिशीकम्,इतस्ततः,
पुनर्युद्धाय,:पुनः,युद्धाय,
सम्यगद्य,:सम्यक्,अद्य,
पादयोर्निपत्य,:पादयोः,निपत्य,
त्वयाऽहं,:त्वया,अहं,
मृतावस्थोऽपि,:मृतावस्थः,अपि,
सज्जीकृतस्ततस्त्वं,:सज्जीकृतः,ततः,त्वं,
त्वद्यप्रभृति,:तु,अद्यप्रभृति,
सेवकोऽस्मीति,:सेवकः,अस्मि,इति,
वलितस्तावत्,:वलितः,तावत्,
वलितस्तावत्,:वलितः,तावत्,
कनकमञ्जरीति,:कनकमञ्जरी,इति,
तयाऽप्यहं,:तया,अपि,अहं,
तेतलिसारथिनाऽन्योक्तिभिः,:तेतलिसारथिना,अन्योक्तिभिः,
प्रबोधितोऽहं,:प्रबोधितः,अहं,
गृहमायातः,:गृहम्,आयातः,
नारकस्येव,:नारकस्य,इव,
प्रमुदितस्तेतली,:प्रमुदितः,तेतली,
मामित्युवाच,:माम्,इति,उवाच,
म्लानपद्मिनीमिवालोक्य,:म्लानपद्मिनीम्,इव,आलोक्य,
त्वय्यभिलाषिणीं,:त्वयि,अभिलाषिणीं,
पितृभ्यामपि,:पितृभ्याम्,अपि,
नन्दिवर्धनायेयं,:नन्दिवर्धनाय,इयं,
देयेति,:देया,इति,
निश्चितमस्तीति,:निश्चितम्,अस्ति,इति,
तदैव,:तदा,एव,
विमलनामाऽमात्यः,:विमलनामा,अमात्यः,
मन्मुखेनेति,:मन्मुखेन,इति,
परिणीताऽस्ति,:परिणीता,अस्ति,
तदङ्गीकरोतु,:तत्,अङ्गीकरोतु,
इत्युक्त्वा,:इति,उक्त्वा,
अथाऽहं,:अथ,अहं,
सहेप्सितभोगान्,:सह,ईप्सितभोगान्,
तत्रात्यवाहयम्,:तत्र,अति,अवाहयम्,
विभाकरोऽपि,:विभाकरः,अपि,
कनकचूडनृपेणोपचारार्थं,:कनकचूडनृपेण,उपचारार्थं,
रक्षितोऽस्ति,:रक्षितः,अस्ति,
तिष्ठताऽनेन,:तिष्ठता,अनेन,
कियद्दिनातिक्रमे,:कियत्,दिनातिक्रमे,
सज्जीभूतोऽसौ,:सज्जीभूतः,असौ,
कनकचूडनृपेणातिसन्मानितः,:कनकचूडनृपेण,अतिसन्मानितः,
अथैकदा,:अथ,एकदा,
मृगयासक्तं,:मृगया,आसक्तं,
मदुपदेशाय,:मत्,उपदेशाय,
हिंसावैश्वनरदोषानकथयत्,:हिंसावैश्वनरदोषान्,अकथयत्,
तदाकर्णनमात्रात्,:तत्,आकर्णनमात्रात्,
छुरीमाकृष्य,:छुरीम्,आकृष्य,
परमोपकारिणोर्हिंसावैश्वानरयोर्निन्दां,:परमोपकारिणः,हिंसावैश्वानरयोः,निन्दां,
नाऽभविष्यतां,:न,अभविष्यतां,
युवामपि,:युवाम्,अपि,
कुतोऽभविष्यतम्,:कुतः,अभविष्यतम्,
आगम्यतामद्याऽपि,:आगम्यताम्,अद्याऽपि,
प्रत्यकिञ्चित्करोऽहं,:प्रत्यकिञ्चित्करः,अहं,
स्वगृहमायातः,:स्वगृहम्,आयातः,
प्रभृत्ययोग्योऽयमिति,:प्रभृति,अयोग्यः,अयम्,इति,
नृपादिभिरुपेक्षितः,:नृपादिभिः,उपेक्षितः,
स्थितोऽस्ति,:स्थितः,अस्ति,
लोकस्तु,:लोकः,तु,
सर्वोऽपि,:सर्वः,अपि,
स्थितोऽस्ति,:स्थितः,अस्ति,
पितरमनापृच्छ्यैवाऽहं,:पितरम्,अनापृच्छ्य,एव,अहं,
प्रहितोऽस्मि,:प्रहितः,अस्मि,
ततोऽतिसत्वरमेवाऽऽगन्तव्यं,:ततः,अतिसत्वरम्,एव,आगन्तव्यं,
क्षणार्धमपि,:क्षणार्धम्,अपि,
वाक्याज्जातामर्षः,:वाक्यात्,जात,अमर्षः,
स्वपरिजनमादाय,:स्वपरिजनम्,आदाय,
कनकचूडनृपादीनापृच्छ्यैव,:कनकचूडनृपादीन्,आपृच्छ्य,एव,
पुरोपान्तमागत्य,:पुरोपान्तम्,आगत्य,
प्रवरधितश्च,:प्रवरधितः,च,
प्रसृतश्च,:प्रसृतः,च,
दिगन्तप्रसर्पिविजयवादश्चाऽभवत्,:दिगन्तप्रसर्पिविजयवादः,च,अभवत्,
सर्वमेतत्,:सर्वम्,एतत्,
मयाऽभूदिति,:मया,अभूत्,इति,
हिंसावैश्वानरयोरत्यासक्तोऽभूवम्,:हिंसावैश्वानरयोरत्यासक्तः,अभूवम्,
अथैकदाऽहं,:अथ,एकदा,अहं,
गतस्तदा,:गतः,तदा,
नाऽऽयातः,:न,आयातः,
बहिर्गत्वा,:बहिः,गत्वा,
पुनरागत्य,:पुनः,आगत्य,
नन्दिवर्धनस्तु,:नन्दिवर्धनः,तु,
नित्यमाखेटकार्थं,:नित्यम्,आखेटकार्थं,
गतोऽस्तीति,:गतः,अस्ति,इति,
नृपेणाऽन्येद्युर्बहुधा,:नृपेण,अन्येद्युः,बहुधा,
वारितोऽपि,:वारितः,अपि,
नाऽहं,:न,अहं,
मृगयामत्यजं,:मृगयाम्,अत्यजं,
जिनमतज्ञमाकार्य,:जिनमतज्ञम्,आकार्य,
तेनोक्तं,:तेन,उक्तं,
क्षमामिव,:क्षमाम्,इव,
कालादिसामग्रीमवाप्य,:कालादिसामग्रीम्,अवाप्य,
नाऽधुना,:न,अधुना,
इत्यलं,:इति,अलं,
इत्याकर्ण्य,:इति,आकर्ण्य,
पिताऽपि,:पिता,अपि,
मामुपक्षते,:माम्,उपक्षते,
अथैकदा,:अथ,एकदा,
महामहेनाऽहं,:महामहेन,अहं,
युवराजपदेऽभिषिक्तस्तदवसरे,:युवराजपदे,अभिषिक्तः,तदवसरे,
शार्दूलपुरेशस्याऽरिदमननृपस्य,:शार्दूलपुरेशस्य,अरिदमननृपस्य,
स्फुटवचननामाऽमात्यः,:स्फुटवचननाम,अमात्यः,
सभायामागत्य,:सभायाम्,आगत्य,
कर्तुमहं,:कर्तुम्,अहं,
प्रेषितोस्मीत्याकर्ण्य,:प्रेषितः,अस्मि,इति,आकर्ण्य,
पृष्टोऽसौ,:पृष्टः,असौ,
तेनोक्तं,:तेन,उक्तं,
मयोक्तं,:मया,उक्तं,
पुनस्तेनोक्तं,:पुनः,तेन,उक्तं,
खड्गमाकृष्टं,:खड्गम्,आकृष्टं,
पुण्योदयस्तु,:पुण्योदयः,तु,
मामयोग्यं,:माम्,अयोग्यं,
हतस्तदा,:हतः,तदा,
सिंहासनादुत्थाय,:सिंहासनात्,उत्थाय,
मेति,:मा,इति,
पिताऽपि,:पिता,अपि,
तदेनमपि,:तदा,एनम्,अपि,
हन्मीति,:हन्मि,इति,
मारितस्तातोऽपि,:मारितः,तातः,अपि,
हेति,:हा,इति,
साऽपि,:सा,अपि,
शीलवर्धनस्तत्पत्नी,:शीलवर्धनः,तत्पत्नी,
चाऽऽगताः,:च,आगताः,
त्रयोऽपि,:त्रयः,अपि,
वारयितुमागता,:वारयितुम्,आगता,
बान्धवप्रधानादयस्तत्राऽऽयातास्ते,:बान्धवप्रधानादयः,तत्र,आयाताः,ते,
चलितोऽहं,:चलितः,अहं,
खड्गमुद्‌गम्य,:खड्गम्,उद्‌गम्य,
धावितोऽहम्,:धावितः,अहम्,
बहुभिर्योधैः,:बहुभिः,योधैः,
यष्ट्यादिभिर्निहत्य,:यष्ट्यादिभिः,निहत्य,
निबिडबन्धनैर्बद्ध्वा,:निबिडबन्धनैः,बद्ध्वा,
तत्रैकमासं,:तत्र,एकमासं,
शीर्षमास्फोटयन्नपि,:शीर्षम्,आस्फोटयन्,अपि,
एकदाऽतिश्रान्तस्य,:एकदा,अतिश्रान्तस्य,
निद्राऽऽयाता,:निद्रा,आयाता,
प्रबुद्धोऽहं,:प्रबुद्धः,अहं,
सहसोत्थाय,:सहसा,उत्थाय,
कपाटमुद्घाट्य,:कपाटम्,उद्घाट्य,
बहिर्दृष्टा,:बहिः,दृष्टा,
क्वाऽप्यटव्यां,:क्वापि,अटव्यां,
तैर्बद्ध्वा,:तैः,बद्ध्वा,
नीतोऽहं,:नीतः,अहं,
महाक्रूरोऽयं,:महाक्रूरः,अयं,
रक्षितस्तैः,:रक्षितः,तैः,
गृहीतश्च,:गृहीतः,च,
लुण्टाकैस्सहायमपि,:लुण्टाकैः,सहायम्,अपि,
स्वपुरमागत्य,:स्वपुरम्,आगत्य,
सर्वमपि,:सर्वम्,अपि,
सैनिकैर्विभाकरनृपाय।,:सैनिकैः,विभाकरनृपाय।,
दृष्टोऽहं,:दृष्टः,अहं,
विभाकरनृपेणोपलक्षितश्च,:विभाकरनृपेण,उपलक्षितः,च,
नन्दिवर्धनोऽयमिति,:नन्दिवर्धनः,अयम्,इति,
केयं,:का,इयं,
तवाऽवस्था?,:तव,अवस्था?,
कुतस्त्वमीदृग्,:कुतः,त्वम्,ईदृग्,
इत्युक्त्वा,:इति,उक्त्वा,
बन्धनादुन्मोच्य,:बन्धनात्,उन्मोच्य,
मयाऽपि,:मया,अपि,
तच्छ्रुत्वा,:तत्,श्रुत्वा,
महाननर्थोऽयं,:महान्,अनर्थः,अयं,
कृतस्त्वया,:कृतः,त्वया,
पुनर्मच्चेतसि,:पुनः,मच्चेतसि,
हन्तुमिच्छन्नपि,:हन्तुम्,इच्छन्,अपि,
चाऽर्द्धासने,:च,अर्द्धासने,
क्षणमात्रमपि,:क्षणमात्रम्,अपि,
भवदागमनादतिप्रहृष्टमना,:भवदागमनात्,अतिप्रहृष्टमना,
विभाकरोऽपि,:विभाकरः,अपि,
त्वमेवाऽधुना,:त्वमेव,अधुना,
पितृकल्पश्चित्तालम्बनस्थानं,:पितृकल्पः,चित्तालम्बनस्थानं,
ततोऽद्यप्रभृति,:ततः,अद्यप्रभृति,
त्वयाऽत्रैवस्थेयम्,:त्वया,अत्रैव,आस्थेयम्,
त्वदाज्ञाकरोऽस्मि,:त्वदाज्ञाकरः,अस्मि,
स्नेहसान्द्राण्यपि,:स्नेहसान्द्राणि,अपि,
पुनस्तद्‌गुणलवोऽपि,:पुनः,तद्‌गुणलवः,अपि,
दिवसोऽतिक्रान्तः,:दिवसः,अतिक्रान्तः,
लिसृज्यैकपल्ल्यङ्‌केऽहं,:विसृज्य,एकपल्ल्यङ्‌के,अहं,
विभाकरश्च,:विभाकरः,च,
द्वावपि,:द्वौ,अपि,
निद्रामितस्तावता,:निद्रामितः,तावता,
तच्छिरश्छित्त्वा,:तच्छिरः,छित्त्वा,
प्रणष्टोऽहं,:प्रणष्टः,अहं,
क्रमेणाऽटवीमुल्लङ्घ्य,:क्रमेण,अटवीम्,उल्लङ्घ्य,
तत्पुरलोकैर्दृष्ट्वा,:तत्पुरलोकैः,दृष्ट्वा,
नन्दिवर्द्धनोऽयमिति,:नन्दिवर्द्धनः,अयम्,इति,
तैर्नृपाय,:तैः,नृपाय,
तदाकर्ण्य,:तत्,आकर्ण्य,
मामनु,:माम्,अनु,
केयं,:का,इयं,
तवाऽवस्थेति,:तव,अवस्था,इति,
मयाऽपि,:मया,अपि,
तच्छ्रुत्वा,:तत्,श्रुत्वा,
कनकशेखरेणोक्तं,:कनकशेखरेण,उक्तं,
तस्यैवंविधैवावस्था,:तस्य,एवंविधा,एव,अवस्था,
स्यादिति,:स्यात्,इति,
छुरीमाकृष्य,:छुरीम्,आकृष्य,
स्तम्भयित्वाऽम्बरीषपल्ल्यां,:स्तम्भयित्वा,अम्बरीषपल्ल्यां,
मुक्तोऽहम्,:मुक्तः,अहम्,
तेऽम्बरीषभिल्लाः,:ते,अम्बरीषभिल्लाः,
महदसमञ्जसजातमित्युक्तं,:महदसमञ्जसजातम्,इत्युक्तं,
खड्गमाकृष्य,:खड्गम्,आकृष्य,
निहतास्ते,:निहताः,ते,
अथैवंविधं,:अथ,एवंविधं,
तैर्बहुभिः,:तैः,बहुभिः,
नियन्त्र्याऽहं,:नियन्त्र्य,अहं,
मारयतीति,:मारयति,इति,
तैर्निशायाम्,:तैः,निशायाम्,
अटवीमुल्लङ्घ्य,:अटवीम्,उल्लङ्घ्य,
दृष्टस्तावता,:दृष्टः,तावता,
सपरिकरोऽरिमर्दननृपः,:सपरिकरः,अरिमर्दननृपः,
नत्वोपविष्टः,:नत्वा,उपविष्टः,
देशनाऽऽरब्धा,:देशना,आरब्धा,
जन्तोर्जैनधर्माप्तिर्दुरापा,:जन्तोः,जैनधर्माप्तिः,दुरापा,
ततस्तत्सम्पदं,:ततः,तत्सम्पदं,
प्रेषितोऽभूत्,:प्रेषितः,अभूत्,
कश्चिदपि,:कश्चित्,अपि,
तैरागत्योक्तं,:तैः,आगत्य,उक्तं,
परिसग्रामाण्यपि,:परिसग्रामाणि,अपि,
सर्वाण्युद्वसानि,:सर्वाणि,उद्वसानि,
नियन्त्रितोऽहं,:नियन्त्रितः,अहं,
नन्दिवर्धनोऽयम्,:नन्दिवर्धनः,अयम्,
द्वेषगजेन्द्रपत्नीअविवेकिता,:द्वेषगजेन्द्रपत्नी,अविवेकिता,
सख्यमस्ति,:सख्यम्,अस्ति,
परिणीताऽस्ति,:परिणीता,अस्ति,
पारवश्यादनेनैतन्नगरदाहादिदुष्टमाचरितम्,:पारवश्यात्,अनेन,एतन्नगरदाहादिदुष्टम्,आचरितम्,
इत्युदित्वा,:इति,उदित्वा,
सम्बन्धोऽस्ति,:सम्बन्धः,अस्ति,
केवल्याह,:केवल्या,आह,
असंव्यवहारपुरादारभ्याऽनन्तकालीनः,:असंव्यवहारपुरात्,आरभ्य,अनन्तकालीनः,
सम्बन्धोऽस्ति,:सम्बन्धः,अस्ति,
त्वसौ,:तु,असौ,
जितकाशीत्यादिगुणवान्,:जितकाशी,इत्यादिगुणवान्,
श्रुतोऽभूत्,:श्रुतः,अभूत्,
केवल्याह,:केवल्या,आह,
त्वस्य,:तु,अस्य,
सहायोऽभूत्,:सहायः,अभूत्,
विरुद्धाचरितमपि,:विरुद्धाचरितम्,अपि,
गुणायाऽभवत्,:गुणाय,अभवत्,
इमामवस्थां,:इमाम्,अवस्थां,
अन्यस्याऽपि,:अन्यस्य,अपि,
केवल्याह,:केवल्या,आह,
सर्वेषामपि,:सर्वेषाम्,अपि,
तारतम्येनेमौ,:तारतम्येन,इमौ,
क्षमामार्दवाऽऽर्जवाऽऽकिञ्चन्यज्ञानदर्शनचारित्रसत्यशौचतपःसन्तोषप्रभृतयः,:क्षमाम्,आर्दव,अर्जव,अकिञ्चन्यज्ञानदर्शनचारित्रसत्यशौचतपःसन्तोषप्रभृतयः,
क्रोधमानमायालोभरागद्वेषाऽज्ञानभयशोकप्रभृति,:क्रोधमानमायालोभरागद्वेष,अज्ञानभयशोकप्रभृति,
स्वाभाविकमान्तरङ्गं,:स्वाभाविकम्,आन्तरङ्गं,
तच्च,:तत्,च,
अभव्यानामनाद्यनन्तं,:अभव्यानाम्,अनादि,अनन्तं,
चाऽनादिसान्तं,:च,अनादिसान्तं,
मातृपितृस्त्रीपुत्रादयस्तृतीयं,:मातृपितृस्त्रीपुत्रादयः,तृतीयं,
प्रथणकुटुम्बमवगणयति,:प्रथमकुटुम्बम्,अवगणयति,
भवदुःतपरम्परामनुभवति,:भवदुःखपरम्पराम्‌,अनुभवति,
यस्त्वासन्नभवसिद्धको,:यः,तु,आसन्नभवसिद्धकः,
अथैतदाकर्ण्य,:अथ,एतत्,आकर्ण्य,
केवल्याह,:केवल्या,आह,
निर्दयीभूयाऽप्रमत्तः,:निर्दयीभूय,अप्रमत्तः,
हस्तावपि,:हस्तौ,अपि,
मत्कुणमिव,:मत्कुणम्,इव,
पञ्चापीन्द्रियाणि,:पञ्च,अपि,इन्द्रियाणि,
सन्तोषमुद्‌गरघातेन,:सन्तोषम्,उद्‌गरघातेन,
मूलतोऽपि,:मूलतः,अपि,
इत्याद्याकर्ण्य,:इत्यादि,आकर्ण्य,
पुनर्नृपेण,:पुनः,नृपेण,
एतदुपायं,:एतत्,उपायं,
केवल्याह,:केवल्या,आह,
प्रथमस्तृतीयमनित्यं,:प्रथमः,तृतीयम्,अनित्यं,
शनैर्दूरीकृत्य,:शनैः,दूरीकृत्य,
तदुपायं,:तत्,उपायं,
संसारस्वरूपमसारं,:संसारस्वरूपम्,असारं,
सुरेन्द्रादिपदेभ्योऽपि,:सुरेन्द्रादिपदेभ्यः,अपि,
राज्येऽभिषिच्य,:राज्ये,अभिषिच्य,
दीक्षामाददे,:दीक्षाम्,आददे,
गुरुकर्माणोऽधमा,:गुरुकर्माणः,अधमा,
हीनसत्त्वास्ते,:हीनसत्त्वाः,ते,
ग्राहयिष्यतीति,:ग्राहयिष्यति,इति,
केचिच्चाऽवाङ्मुखीभूय,:केचित्,च,अवाङ्मुखीभूय,
सभालोकाश्च,:सभालोकाः,च,
मयैवं,:मया,एवं,
जातमिति,:जातम्,इति,
ततोऽहं,:ततः,अहं,
पृष्टोऽप्यसौ,:पृष्टः,अपि,असौ,
ततस्तेनाऽपि,:ततः,तेन,अपि,
एवमन्योऽन्यप्रहाराभिहतौ,:एवम्,अन्यः,अन्यप्रहाराभिहतौ,
द्वावपि,:द्वौ,अपि,
ततश्चोद्वृत्तौ,:ततः,च,उद्वृत्तौ,
चाऽनेकभवान्,:च,अनेकभवान्,
पुनर्मृत्वा,:पुनः,मृत्वा,
मुक्ताऽन्यत्र,:मुक्ता,अन्यत्र,
एकदाऽहं,:एकदा,अहं,
आभीरकुलेऽवतारितस्तत्र,:आभीरकुले,अवतारितः,तत्र,
भद्रकत्वादिभिर्मध्यमगुणानुपार्जयत्वा,:भद्रकत्वादिभिः,मध्यमगुणानुपार्जयित्वा,
ततोऽधुना,:ततः,अधुना,
प्रथमोऽधिकारः,:प्रथमः,अधिकारः,
