तेनालीराममधिकृत्य,:तेनालीरामम्,अधिकृत्य,
तेनालीराममधिकृत्य,:तेनालीरामम्,अधिकृत्य,
नालभत,:न,अलभत,
प्रवृत्तिमवलोक्य,:प्रवृत्तिम्,अवलोक्य,
शिक्षकास्तस्मै,:शिक्षकाः,तस्मै,
नाददुः,:न,अददुः,
चार्जयेत्,:च,अर्जयेत्,
सोऽन्वभवत्,:सः,अन्वभवत्,
विद्याऽऽभरणभूषितः,:विद्या,आभरणभूषितः,
प्रेरणयाऽसौ,:प्रेरणया,असौ,
बहिर्भागे,:बहिः,भागे,
श्रोतुमचेष्टत,:श्रोतुम्,अचेष्टत,
स्थातुमपि,:स्थातुम्,अपि,
निषिद्धोभवत्,:निषिद्धः,अभवत्,
चावेक्ष्य,:च,अवेक्ष्य,
बालकोऽसौ,:बालकः,असौ,
परिव्राजकस्तत्र,:परिव्राजकः,तत्र,
तत्रातिष्ठत्,:तत्र,अतिष्ठत्,
बालकोऽपि,:बालकः,अपि,
सार्धमालप्य,:सार्धम्,आलप्य,
तमुवाच,:तम्,उवाच,
कालीदेवीमाराधयेः,:कालीदेवीम्,आराधयेः,
तवाभीप्सितं,:तव,अभीप्सितं,
तथेति,:तथा,इति,
कालीमन्दिरेऽवस्थाय,:कालीमन्दिरे,अवस्थाय,
सभक्तिमन्त्रजपमकरोत्,:सभक्तिमन्त्रजपम्,अकरोत्,
प्रकटिताऽभवत्,:प्रकटिता,अभवत्,
रूपेणापि,:रूपेण,अपि,
हसितुमारेभे,:हसितुम्,आरेभे,
सविनयमुवाच,:सविनयम्,उवाच,
चपलश्च,:चपलः,च,
प्रसन्नाऽस्मि,:प्रसन्ना,अस्मि,
विभवमर्जयिष्यसि,:विभवम्,अर्जयिष्यसि,
प्रत्युत्पन्नमतिश्च,:प्रत्युत्पन्नमतिः,च,
तत्क्षणमेव,:तत्क्षणम्,एव,
तमपृच्छत्,:तम्,अपृच्छत्,
किमिदमाचरितं,:किम्,इदम्,आचरितं,
सहजभावेनोवाच,:सहजभावेन,उवाच,
मुर्खताऽपि,:मुर्खता,अपि,
युक्तियुक्तकमुत्तरमाकर्ण्य,:युक्तियुक्तकम्,उत्तरम्,आकर्ण्य,
स्थानमवाप्तम्,:स्थानम्,अवाप्तम्,
