सुपूरो,मूषकाञ्जलिः,:सुपूरः,मूषकाञ्जलिः,
सुपूरो,मूषकाञ्जलिः,:सुपूरः,मूषकाञ्जलिः,
वचनबद्धमकरोत्,:वचनबद्धम्,अकरोत्,
अतस्तेन,:अतः,तेन,
तस्यानुरोधः,:तस्य,अनुरोधः,
राज्ञोऽनभीष्टं,:राज्ञः,अनभीष्टं,
नृपेणोक्तं,:नृपेण,उक्तं,
त्वमस्या,उद्दण्डतायाः,:त्वम्,अस्याः,उद्दण्डतायाः,
फलमवश्यं,:फलम्,अवश्यं,
निर्णायकदलमानेतुं,:निर्णायकदलम्,आनेतुं,
तुभ्यमधिकारं,:तुभ्यम्,अधिकारं,
चकिता,अभवन्,:चकिताः,अभवन्,
उपवेशिता,अभूवन्,:उपवेशिताः,अभूवन्,
मुदिता,आसन्,:मुदिताः,आसन्,
तैस्तादृशं,:तैः,तादृशं,
चाधिगतमासीत्,:च,अधिगतम्,आसीत्,
तेष्वेकतमोऽवदत्,:तेषु,एकतमः,अवदत्,
अतो,न्यूनातिन्यूनं,:अतः,न्यूनातिन्यूनं,
दण्डितो,भवेत्,:दण्डितः,भवेत्,
द्वितीयोऽचिन्तयत्,:द्वितीयः,अचिन्तयत्,
दण्डोऽधिकः,:दण्डः,अधिकः,
कृतेऽयं,:कृते,अयं,
सोऽवदत्,:सः,अवदत्,
पर्याप्तो,दण्डः,:पर्याप्तः,दण्डः,
तृतीयोऽवदत्,:तृतीयः,अवदत्,
चतुर्थोऽवदत्,:चतुर्थः,अवदत्,
पञ्चमोऽवदत्,:पञ्चमः,अवदत्,
विस्मयान्विता,आसन्,:विस्मयान्विताः,आसन्,
यो,धत्ते,:यः,धत्ते,
कोऽसौ,:कः,असौ,
