परीक्षणीयश्च,:परीक्षणीयः,च,
चेत्ततः,:चेत्,ततः,
आज्ञापयन्नुवाच,:आज्ञापयन्,उवाच,
अनवाप्यैव,:अनवाप्य,एव,
सभासदश्च,:सभासदः,च,
हासयितुमचेष्टत,:हासयितुम्,अचेष्टत,
नाहसत्,:न,अहसत्,
ततोऽसौ,:ततः,असौ,
भृत्येनानुगतः,:भृत्येन,अनुगतः,
तमुपसृत्य,:तम्,उपसृत्य,
महीपतिरुवाच,:महीपतिः,उवाच,
किमिदं,:किम्,इदं,
वृद्धोऽवदत्,:वृद्धः,अवदत्,
न्यूनताऽस्ति,:न्यूनता,अस्ति,
बाबरोऽवदत्,:बाबरः,अवदत्,
रसमास्वादयितुं,:रसम्,आस्वादयितुं,
वृद्धोऽभाषत,:वृद्धः,अभाषत,
मयारोपितपादपानां,:मया,आरोपितपादपानां,
तन्मयाऽपि,:तन्मया,अपि,
वृद्धोऽवादीत्,:वृद्धः,अवादीत्,
जगद्रक्षक,:जगत्,रक्षक,
वृद्धिमुपेयुषि,:वृद्धिम्,उपेयुषि,
लोकास्तत्फलानि,:लोकाः,तत्फलानि,
प्रागेव,:प्राक्,एव,
फलमासादितम्,:फलम्,आसादितम्,
परहितचिन्तनस्यैव,:परहितचिन्तनस्य,एव,
बाबरेणोक्तम्,:बाबरेण,उक्तम्,
शोभनभवादीत्,:शोभनम,अवादीत्,
तद्वचनसमकालमेव,:तत्,वचनसमकालम्,एव,
एकमन्यं,:एकम्,अन्यं,
पुनरवोचत्,:पुनः,अवोचत्,
सकृदेव,:सकृत्,एव,
तद्वचनमभिनन्दितवति,:तद्वचनम्,अभिनन्दितवति,
स्यूतमपि,:स्यूतम्,अपि,
सेवकमुवाच,:सेवकम्,उवाच,
वृद्धोऽयम्,:वृद्धः,अयम्,
अस्मत्कोषं,:अस्मत्,कोषं,
पुनरवदत्,:पुनः,अवदत्,
प्रत्युत्पन्नमतेश्च,:प्रत्युत्पन्नमतेः,च,
भूपोऽपि,:भूपः,अपि,
वाक्पटुतामपि,:वाक्पटुताम्,अपि,
