सोऽचिन्तयत्,:सः,अचिन्तयत्,
किन्त्वहं,:किन्तु,अहं,
कथमात्मानं,:कथम्,आत्मानं,
त्राणोपायः,:त्राणः,उपायः,
केनाप्युपायेन,:केनापि,उपायेन,
भवेन्मम,:भवेत्,मम,
कष्टान्मुक्तिः,:कष्टात्,मुक्तिः,
कतिपयैरहोभिः,:कतिपयैः,अहोभिः,
प्रावीम्यमधिगत्य,:प्रावीम्यम्,अधिगत्य,
स्वकौशलप्रदर्शनदक्षोऽस्मि,:स्वकौशलप्रदर्शनदक्षः,अस्मि,
तेनोक्तम्,:तेन,उक्तम्,
प्राणघातोऽपि,:प्राणघातः,अपि,
क्षन्तव्योऽस्मि,:क्षन्तव्यः,अस्मि,
ततस्तेनोक्तम्,:ततः,तेन,उक्तम्,
एतदपि,:एतत्,अपि,
कश्चिद्रिपुः,:कश्चित्,रिपुः,
स्पर्धितुमप्यक्षमतां,:स्पर्धितुम्,अपि,अक्षमतां,
कुर्वन्त्यहितं,:कुर्वन्ति,अहितं,
तस्मिन्नाक्रमणं,:तस्मिन्,आक्रमणं,
महाराजोऽपि,:महाराजः,अपि,
तेनोक्तम्,:तेन,उक्तम्,
तदनुसारमेव,:तत्,अनुसारम्,एव,
प्रहारमकरोत्,:प्रहारम्,अकरोत्,
सर्वमिदं,:सर्वम्,इदं,
सशङ्‌कोऽहम्,:सशङ्‌कः,अहम्,
तच्छ्रुत्वा,:तत्,श्रुत्वा,
महाराजोऽवदत्,:महाराजः,अवदत्,
कृतचेष्टमिमं,:कृतचेष्टम्,इमं,
दण्डयितुमिच्छामि,:दण्डयितुम्,इच्छामि,
शूलारोपणदण्डमर्हति,:शूलारोपणदण्डम्,अर्हति,
तथेति,:तथा,इति,
वयमिच्छामः,:वयम्,इच्छामः,
कर्तुमादिष्टः,:कर्तुम्,आदिष्टः,
भोक्तव्यमेव,:भोक्तव्यम्,एव,
महतोऽग्निकुण्डस्य,:महतः,अग्निकुण्डस्य,
नारीमेव,:नारीम्,एव,
सोऽतिप्रचण्डवह्निशिखावलयिते,:सः,अतिप्रचण्डवह्निशिखावलयिते,
चाख्याय,:च,आख्याय,
सोऽपि,:सः,अपि,
तमवदत्,:तम्,अवदत्,
योऽयं,:यः,अयं,
ममोपकारः,:मम,उपकारः,
बहुरूपधारणेऽप्यथ,:बहुरूपधारणे,अपि,अथ,
नवनवभावाभिनये,:नवनवभाव,अभिनये,
