मिष्टान्नमनुत्तमम्,:मिष्टान्नम्,अनुत्तमम्,
मिष्टान्नमनुत्तमम्,:मिष्टान्नम्,अनुत्तमम्,
सेवमानास्ते,:सेवमानाः,ते,
नृपतिरभाषत,:नृपतिः,भाषत,
एषोऽनुपमः,:एषः,अनुपमः,
तेनोक्तं,:तेन,उक्तं,
नृपोऽपृच्छत्,:नृपः,अपृच्छत्,
सर्वमानीयत,:सर्वम्,आनीयत,
किमुत्तमम्,:किम्,उत्तमम्,
तेनालीरामोऽब्रवीत्,:तेनालीरामः,अब्रवीत्,
नोपलभ्यते,:न,उपलभ्यते,
भूत्वाऽपृच्छत्,:भूत्वा,अपृच्छत्,
तस्याभिधानम्,:तस्य,अभिधानम्,
आलपन्तस्ते,:आलपन्तः,ते,
त्रयोऽपि,:त्रयः,अपि,
उष्णमुष्णं,:उष्णम्,उष्णं,
गुडमानीतवान्,:गुडम्,आनीतवान्,
किञ्चिन्मात्रं,:किञ्चित्,मात्रं,
दत्त्वाऽवदत्,:दत्त्वा,अवदत्,
नैशान्धकारेऽवस्थितः,:नैशान्धकारे,अवस्थितः,
तमुष्णं,:तम्,उष्णं,
राजाऽपृच्छत्,:राजा,अपृच्छत्,
गुडोऽयम्,:गुडः,अयम्,
तेनालीरामोऽवदत्,:तेनालीरामः,अवदत्,
उष्णमन्नादिकं,:उष्णम्,अन्नादिकं,
उष्णतयाऽयं,:उष्णतया,अयं,
एतन्निशम्य,:एतत्,निशम्य,
पुरोहितश्च,:पुरोहितः,च,
विवाहेषूत्सवेषु,:विवाहेषु,उत्सवेषु,
