स्वयमसौ,:स्वयम्,असौ,
बहिर्नयेत्,:बहिः,नयेत्,
पणोऽपि,:पणः,अपि,
बहिर्नयेत्,:बहिः,नयेत्,
पणोऽपि,:पणः,अपि,
उष्णीषमवतार्य,:उष्णीषम्‌,अवतार्य,
चास्तीर्य,:च,आस्तीर्य,
तत्रोपेत्य,:तत्र,उपेत्य,
ताश्चिनोति,:ताः,चिनोति,
प्राप्यापि,:प्राप्य,अपि,
नावलोकितः,:न,अवलोकितः,
महीपालोऽपि,:महीपालः,अपि,
कथमतिमात्रं,:कथम्,अतिमात्रं,
लब्ध्वाऽपि,:लब्ध्वा,अपि,
इतस्ततोऽभिधावसि,:इतस्ततः,अभिधावसि,
लोभस्तु,:लोभः,तु,
सीमामतिक्रान्तः,:सीमाम्,अतिक्रान्तः,
नाहं,:न,अहं,
वशीकृतोऽस्मि,:वशीकृतः,अस्मि,
कश्चिदेतासु,:कश्चित्,एतासु,
अतोऽहमेताः,:अतः,अहम्,एताः,
विचित्यैव,:विचित्य,एव,
ततोऽसौ,:ततः,असौ,
यदेतस्मै,:यत्,एतस्मै,
अन्याऽप्येका,:अन्या,अपि,एका,
