स,तेनालीरामेण,:सः,तेनालीरामेण,
योऽधिकं,:यः,अधिकं,
प्रीतिर्भोज्येष्वपि,:प्रीतिः,भोज्येषु,अपि,
राज्ञो,मनसि,:राज्ञः,मनसि,
स,तेनानीरामं,:सः,तेनालीरामं,
नावदत्,:न,अवदत्,
यदहं,:यत्,अहं,
तेनालीरामोऽपि,:तेनालीरामः,अपि,
चेष्टितैर्गत्या,:चेष्टितैः,गत्या,
नेत्रवक्त्रविकारैश्च,:नेत्रवक्त्रविकारैः,च,
नायच्छ,:न,अयच्छत्,
सन्तुष्टा,आसन्,:सन्तुष्टाः,आसन्,
तूष्णीमेव,:तूष्णीम्,एव,
स,संगीतं,:सः,संगीतं,
अवसरमैच्छत्,:अवसरम्,ऐच्छत्,
तमकथयत्,:तम्,अकथयत्,
तेनालीरामोऽवदत्,:तेनालीरामः,अवदत्,
एतावद्,उत्कृष्टम्,:एतावत्,उत्कृष्टम्,
धनमेव,:धनम्,एव,
स,ततः,:सः,ततः,
संलग्नो,जातः,:संलग्नः,जातः,
तमुपगम्य,:तम्,उपगम्य,
इदमवलोक्य,:इदम्,अवलोक्य,
किमयं,:किम्,अयं,
अवमानो,नास्ति,:अवमानः,नास्ति,
स,सेवकान्,:सः,सेवकान्,
सेवका,यथादिष्टं,:सेवकाः,यथादिष्टं,
तत्रैकं,:तत्र,एकं,
ततो,महीपालः,:ततः,महीपालः,
सविनयमुवाच,:सविनयम्,उवाच,
अलब्ध्वाऽपि,:अलब्ध्वा,अपि,
शक्नुयाद्,इति,:शक्नुयात्,इति,
विगलितो,जातः,:विगलितः,जातः,
स,स्वनिश्चयं,:सः,स्वनिश्चयं,
तेनावगतः,:तेन,अवगतः,
