एष,आसीत्,:एषः,आसीत्,
सविनोदमुवाच,:सविनोदम्,उवाच,
चर्चाया,एष,एष,निष्कर्षः,:चर्चायाः,एषः,एषः,निष्कर्षः,
मानवप्रकृतेरपि,:मानवप्रकृतेः,अपि,
दुःशकमेव,:दुःशकम्,एव,
तेष्वेकतमः,:तेषु,एकतमः,
वक्रमपि,:वक्रम्,अपि,
नृपेणोक्तं,:नृपेण,उक्तं,
सरलीकरणप्रयासमारभन्ताम्,:सरलीकरणप्रयासम्,आरभन्ताम्,
तेनालीरामोऽप्यासीत्,:तेनालीरामः,अपि,आसीत्,
गृहमानीय,:गृहम्,आनीय,
भारो,निबद्धः,:भारः,निबद्धः,
वक्रताऽपगच्छेत्,:वक्रता,अपगच्छेत्,
औषधदानमारब्धम्,:औषधदानम्,आरब्धम्,
देवार्चनाया,मन्त्रपाठस्य,:देवार्चनायाः,मन्त्रपाठस्य,
स,विविधाभिः,:सः,विविधाभिः,
शल्यक्रियाऽकारि,:शल्यक्रिया,अकारि,
चाधातुं,:च,आधातुं,
निर्देशा,भवन्ति,:निर्देशाः,भवन्ति,
सक्तो,बभूव,:सक्तः,बभूव,
तावन्मात्रम्,:तावत्,मात्रम्,
स,प्राणान्,:सः,प्राणान्,
स,श्वा,:सः,श्वा,
निर्जीव,इवाभवत्,:निर्जीवः,इव,अभवत्,
इवाभवत्,:इव,अभवत्,
स,पुच्छस्य,:सः,पुच्छस्य,
चलनेऽपि,:चलने,अपि,
शक्तो,नासीत्,:शक्तः,नासीत्,
सरलमिव,:सरलम्,इव,
नियतेऽवधौ,:नियते,अवधौ,
सर्वेऽपि,:सर्वे,अपि,
उपस्थातुमादिष्टाः,:उपस्थातुम्,आदिष्टाः,
भारेऽपनीते,:भारे,अपनीते,
स,कुक्कुरः,:सः,कुक्कुरः,
पुच्छमपि,:पुच्छम्,अपि,
नलिकाऽपगतं,:नलिका,अपगतं,
कुक्कुरा,अपि,:कुक्कुराः,अपि,
नृपतेरादेशेन,:नृपतेः,आदेशेन,
तेनापि,:तेन,अपि,
राज्ञोक्तं,:राज्ञा,उक्तं,
मारितस्त्वयैष,वराकः,:मारितः,त्वया,एषः,वराकः,
पृच्छचालनेऽपि,:पृच्छचालने,अपि,
समर्थो,नास्ति,:समर्थः,नास्ति,
तेनालीरामोऽभाषत-,:तेनालीरामः,अभाषत-,
वक्रतामपनेतुमेव,:वक्रताम्,अपनेतुम्,एव,
अनाहारेणैव,:अनाहारेण,एव,
वक्रताऽपसारयितुं,:वक्रता,अपसारयितुं,
प्रकृतिरपि,:प्रकृतिः,अपि,
निश्चेतनेव,:निश्चेतना,इव,
तस्या,मौलिकं,:तस्याः,मौलिकं,
बहुरूपाकारविचित्रेऽस्मिन्,:बहुरूपाकारविचित्रे,अस्मिन्,
विहितेऽपि,:विहिते,अपि,
स,श्वा,:सः,श्वा,
उपरतोऽभूत्,:उपरतः,अभूत्,
तस्मिन्नेव,:तस्मिन्,एव,
पीडितोऽभवत्,:पीडितः,अभवत्,
यद्,यावत्,:यत्,यावत्,
नानुष्ठास्यति,:न,अनुष्ठास्यति,
तावदस्मात्,:तावत्,अस्मात्,
मुक्तो,न,:मुक्तः,न,
व्ययो,भविष्यति,:व्ययः,भविष्यति,
ब्राह्मणेनोक्तम्,:ब्राह्मणेन,उक्तम्,
ततस्तेनालीरामोऽभाषत,:ततः,तेनालीरामः,अभाषत,
पण्डितवर्यो,बभाषे,:पण्डितवर्यः,बभाषे,
योऽश्वो,वर्तते,:यः,अश्वः,वर्तते,
स,पण्डितवरः,:सः,पण्डितवरः,
कैश्चिद्,दिनैः,:कैश्चित्,दिनैः,
स्वस्थो,जातः,:स्वस्थः,जातः,
स,जानाति,:सः,जानाति,
यदहम्,:यत्,अहम्,
विप्रमादाय,:विप्रम्,आदाय,
यदहं,:यत्,अहम्,
विक्रेतुमिच्छामि,:विक्रेतुम्,इच्छामि,
क्रेतुमच्छुकः,:क्रेतुम्,इच्छुकः,
श्रुत्वैकेन,:श्रुत्वा,एकेन,
इदमेव,:इदम्,एव,
मूल्यमासीत्,:मूल्यम्,आसीत्,
पटुताऽधिगता,:पटुता,अधिगता,
चेद्,व्यवहारे,:चेत्,व्यवहारे,
अतिशेतेऽसौ,:अतिशेते,असौ,
