स्वेभ्यो,भयम्,:स्वेभ्यः,भयम्,
स्वेभ्यो,भयम्,:स्वेभ्यः,भयम्,
एतैश्चिन्तावशं,:एतैः,चिन्तावशं,
तत्रोपद्रवान्,:तत्र,उपद्रवान्,
सेनापतेर्मतमासीद्,यत्,:सेनापतेः,मतम्,आसीत्,यत्,
कृत्यमिदम्,:कृत्यम्,इदम्,
कठोरताऽवलम्बनीया,:कठोरता,अवलम्बनीया,
नृपस्तदा,:नृपः,तदा,
सोऽवदत्,:सः,अवदत्,
मन्त्रिणो,विरोधेऽपि,:मन्त्रिणः,विरोधे,अपि,
विरोधेऽपि,:विरोधे,अपि,
मतमभिनन्दितम्,:मतम्,अभिनन्दितम्,
कार्यभारोऽपि,:कार्यभारः,अपि,
प्रगतिर्नाभूत्,:प्रगतिः,न,अभूत्,
एतद्विज्ञाय,:एतत्,विज्ञाय,
पर्वतो,वर्तते,:पर्वतः,वर्तते,
यावदहं,:यावत्,अहं,
नापसारयामि,:न,अपसारयामि,
प्रगतिर्न,:प्रगतिः,न,
तद्वचनेन,:तत्,वचनेन,
विस्मितो,भूपोऽभाषत,:विस्मितः,भूपः,अभाषत,
भूपोऽभाषत,:भूपः,अभाषत,
पर्वतो,नास्ति,:पर्वतः,नास्ति,
अप्यवदत्,:अपि,अवदत्,
प्रमत्तो,जातः,:प्रमत्तः,जातः,
क्षुब्धो,तेनालीरामः,:क्षुब्धः,तेनालीरामः,
मौनमभजत,:मौनम्,अभजत,
तत्रोपस्थिता,अभवन्,:तत्र,उपस्थिताः,अभवन्,
सन्त्येते,:सन्ति,एते,
तेनालीराम,उवाच,:तेनालीरामः,उवाच,
पर्वतरूपा,अन्तरायाः,:पर्वतरूपाः,अन्तरायाः,
तद्,ध्वंसयन्ति,:तत्,ध्वंसयन्ति,
सकाशाद्,बहूनि,:सकाशात्,बहूनि,
शस्त्रास्त्राण्यपि,:शस्त्रास्त्राणि,अपि,
राजाऽपृच्छत्,:राजा,अपृच्छत्,
तेनालीरामोऽवदत्,:तेनालीरामः,अवदत्,
मन्त्रिणो,वदनं,:मन्त्रिणः,वदनं,
मन्त्रिहस्ताद्,आदाय,:मन्त्रिहस्तात्,आदाय,
परतो,रक्षेत्,:परतः,रक्षेत्,
स्वीयेभ्यस्तु,:स्वीयेभ्यः,तु,
ततोऽधिकम्,:ततः,अधिकम्,
