को,जानीयाद्,जानीयाद्,दुर्जनचरितम्,:कः,जानीयात्,जानीयात्,दुर्जनचरितम्,
को,जानीयाद्,जानीयाद्,दुर्जनचरितम्,:कः,जानीयात्,जानीयात्,दुर्जनचरितम्,
सहचरोऽभवत्,:सहचरः,अभवत्,
मिथो,वार्तां,:मिथः,वार्तां,
महत्त्वपूर्णा,निर्णयाः,:महत्त्वपूर्णाः,निर्णयाः,
भावियोजनानामपि,:भावियोजनानाम्,अपि,
तेनालीराम,एव,:तेनालीरामः,एव,
नान्ये,:न,अन्ये,
परिचिता,अभवन्,:परिचिताः,अभवन्,
सभासदो,व्यचारयन्,:सभासदः,व्यचारयन्,
अतस्तैः,:अतः,तैः,
सर्वमुद्यानं,:सर्वम्,उद्यानं,
रात्रावेव,:रात्रौ,एव,
प्रातरुद्यानं,:प्रातः,उद्यानं,
कोपाविष्टो,भूपः,:कोपाविष्टः,भूपः,
एतास्तु,:एताः,तु,
चकितो,जातः,:चकितः,जातः,
सभासदोऽपि,:सभासदः,अपि,
तेऽवदन्,:ते,अवदन्,
प्रातरेव,:प्रातः,एव,
तेनेदं,:तेन,इदं,
भवानपि,:भवान्,अपि,
तस्यापि,:तस्य,अपि,
अवसरेऽनवसरे,:अवसरे,अनवसरे,
अत्रागमनात्,:अत्र,आगमनात्,
मुक्तिर्भविष्यति,:मुक्तिः,भविष्यति,
एतन्निशम्य,:एतत्,निशम्य,
क्रोधविह्वलो,भूपः,:क्रोधविह्वलः,भूपः,
गावश्च,:गावः,च,
एष,समाचारः,:एषः,समाचारः,
तेनालीरामेणापि,:तेनालीरामेण,अपि,
स,त्रीन्,:सः,त्रीन्,
चतुर्थेऽहनि,:चतुर्थे,अहनि,
संकांश्चिद्,गोपानादाय,:संकांश्चित्,गोपान्,आदाय,
गोपानादाय,:गोपान्,आदाय,
यद्,योऽर्थदण्डः,:यत्,यः,अर्थदण्डः,
योऽर्थदण्डः,:यः,अर्थदण्डः,
वक्तुमिच्छन्ति,:वक्तुम्,इच्छन्ति,
तेऽवोचन्,:ते,अवोचन्,
दिवसेऽपि,:दिवसे,अपि,
यद्,अस्मभ्यं,:यत्,अस्मभ्यं,
ज्ञातमभवत्,:ज्ञातम्,अभवत्,
आसीद्,एषा,:आसीत्,एषा,
गोपेभ्यश्च,:गोपेभ्यः,च,
दण्डिता,अभवन्,:दण्डिताः,अभवन्,
अविलोक्याऽऽत्महानिं,:अविलोक्या,आत्महानिं,
