उपहारो,रमणीयः,:उपहारः,रमणीयः,
उपहारो,रमणीयः,:उपहारः,रमणीयः,
उपद्रवैस्तेनालीरामः,:उपद्रवैः,तेनालीरामः,
मूषका,गृहे,:मूषकाः,गृहे,
इतस्ततोऽपसारणेऽपि,:इतस्ततः,अपसारणे,अपि,
दुष्करमासीत्,:दुष्करम्,आसीत्,
तस्या,भयाद्,भयाद्,भीतानां,:तस्याः,भयात्,भयात्,भीतानां,
बिडाल्या,प्रतिवेशिनः,:बिडाल्याः,प्रतिवेशिनः,
स्वपतिमब्रवीत्-,:स्वपतिम्,अब्रवीत्-,
चैच्छत्,:च,ऐच्छत्,
मयैषा,:मया,एषा,
नेयं,:न,इयं,
इत्युदीर्य,:इति,उदीर्य,
केनचिद्,एका,:केनचित्,एका,
तस्या,आवरणं,:तस्याः,आवरणं,
आवरणेऽपसृते,:आवरणे,अपसृते,
निलीना,जाताः,:निलीनाः,जाताः,
केचिद्,दण्डप्रहारैः,:केचित्,दण्डप्रहारैः,
केचिदाहताः,:केचित्,आहताः,
कानिचिद्,बहुमूल्यानि,:कानिचित्,बहुमूल्यानि,
इतस्ततो,दण्डप्रक्षेपैः,:इतस्ततः,दण्डप्रक्षेपैः,
यदीदृशस्य,:यदि,ईदृशस्य,
कोऽस्ति,:कः,अस्ति,
माजूषायामेव,:माजूषायाम्,एव,
पत्रमासीत्,:पत्रम्,आसीत्,
यद्,बिडालीं,:यत्,बिडालीं,
तैरपि,:तैः,अपि,
स्याच्चेदुपहारो,रमणीयः,:स्यात्,चेत्,उपहारः,रमणीयः,
दत्तो,यद्युपहारः,:दत्तः,यदि,उपहारः,
यद्युपहारः,:यदि,उपहारः,
स्याद्यदि,:स्यात्,यदि,
तदप्यलम्,:तदपि,अलम्,
भवतामीहाऽप्युपहारे,:भवताम्,ईह,अपि,उपहारे,
नव्यतमैर्भव्यैरुपहारैः,:नव्यतमैः,भव्यैः,उपहारैः,
मन,एष्यति,:मनः,एष्यति,
