तस्यानुपस्थितौ,:तस्य,अनुपस्थितौ,
अधिकारिणश्च,:अधिकारिणः,च,
भूपालस्तद्वचनं,:भूपाल,तद्वचनं,
त्वरितमेका,:त्वरितम्,एका,
बान्धवाश्च,:बान्धवाः,च,
पुष्टिमभजन्,:पुष्टिम्,अभजन्,
योजनमन्तरेण,:योजनम्,अन्तरेण,
धनमाहृत्य,:धनम्,आहृत्य,
भृत्यवर्गेऽस्ति,:भृत्यवर्गे,अस्ति,
पदेऽन्यो,:पदे,अन्यो,
भूपोऽभाषत,:भूपो,अभाषत,
तवानुपस्थितौ,:तव,अनुपस्थितौ,
अतस्ते,:अतः,ते,
अन्यश्च,:अन्यः,च,
नाटकमारब्धं,:नाटकम्,आरब्धं,
शत्रुभ्योऽधिकं,:शत्रुभ्यः,अधिकं,
एतद्विलोक्य,:एतत्,विलोक्य,
क्षोभमापद्यन्त,:क्षोभम्,अपद्यन्त,
सोऽवदत्,:सः,अवदत्,
अनभिज्ञोऽस्मि,:अनभिज्ञः,अस्मि,
अर्थदण्डैर्दण्डिताः,:अर्थदण्डैः,दण्डिताः,
