किमपेक्षते,:किम्,अपेक्षते,
किमपेक्षते,:किम्,अपेक्षते,
एकदाऽसौ,:एकदा,असौ,
रथादवातरत्,:रथात्,अवातरत्,
सभासदश्च,:सभासदः,च,
तमवदत्,:तम्,अवदत्,
वाचमाकर्ण्य,:वाचम्,आकर्ण्य,
कृष्णदेवरायोऽपि,:कृष्णदेवरायः,अपि,
मौनमास्थितं,:मौनम्,आस्थितं,
नावदत्,:न,अवदत्,
कर्तुमीहन्ते,:कर्तुम्,ईहन्ते,
राजधर्ममवहेलयसे,:राजधर्मम्,अवहेलयसे,
किमर्थमासीः,:किमर्थम्,आसीः,
नावदत्,:न,अवदत्,
तवैतस्य,:तव,एतस्य,
निर्वासितोऽसि,:निर्वासितः,असि,
केवलमेकं,:केवलम्,एकं,
नेतुमर्हसि,:नेतुम्,अर्हसि,
इतस्ततोऽपश्यत्,:इतस्ततः,अपश्यत्,
चावदत्,:च,अवदत्,
दण्डोऽपि,:दण्डः,अपि,
सम्बद्धोऽस्ति,:सम्बद्धः,अस्ति,
याचकमन्विष्य,:याचकम्,अन्विष्य,
नृपोऽवादीत्,:नृपः,अवादीत्,
ततोऽप्यधिकमूल्यवत्,:ततोऽपि,अधिकमूल्यवत्,
तेनालीराममुवाच,:तेनालीरामम्,उवाच,
नाभिनन्दितम्,:न,अभिनन्दितम्,
सोऽवदत्,:सः,अवदत्,
प्राप्तमेव,:प्राप्तम्,एव,
मत्वाऽहं,:मत्वा,अहं,
मौनमधारयम्,:मौनम्,अधारयम्,
प्रसङ्गेऽपि,:प्रसङ्गे,अपि,
विपदामाघातैः,:विपदाम्,आघातैः,
