नर्तनेऽकुशला,नराः,:नर्तने,अकुशलाः,नराः,
नर्तनेऽकुशला,नराः,:नर्तने,अकुशलाः,नराः,
विजयदशम्या,अवसरे,:विजयदशम्याः,अवसरे,
विशिष्टसंगोष्ठ्या,आयोजनं,:विशिष्टसंगोष्ठ्याः,आयोजनं,
विद्वांसश्च,:विद्वांसः,च,
सम्मानिता,भवन्ति,:सम्मानिताः,भवन्ति,
शास्त्रार्थकार्यक्रमोऽपि,:शास्त्रार्थकार्यक्रमः,अपि,
अतोऽसौ,:अत,असौ,
विद्वांसश्च,:विद्वांसः,च,
पराजिता,भविष्यन्ति,:पराजिताः,भविष्यन्ति,
राजगुरुरवदत्,:राजगुरुः,अवदत्,
अनुपस्थितो,भवेयम्,:अनुपस्थितः,भवेयम्,
माभूः,:मा,अभूः,
निश्चिन्तो,भव,:निश्चिन्तः,भव,
त्वदनुपस्थितेः,:त्वत्,अनुपस्थितेः,
इदमप्यवधारय,:इदम्,अपि,अवधारय,
तेनालीरामोऽपि,:तेनालीरामः,अपि,
स,सर्वं,:सः,सर्वं,
स,आजीवनं,:सः,आजीवनं,
अनुपस्थितो,जातः,:अनुपस्थितः,जातः,
नागतः,:न,आगतः,
एष,रोगः,:एषः,रोगः,
नृपोऽवदत्,:नृपः,अवदत्,
अस्या,रुजो,रुजो,नाम,:अस्याः,रुजः,रुजः,नाम,
नेदं,:न,इदं,
नाहं,:न,अहं,
नृपतिर्जगाद,:नृपतिः,जगाद,
नृपोऽभाषत,:नृपः,अभाषत,
अतिविचित्रमिदम्,:अतिविचित्रम्,इदम्,
एष,रोगो,रोगो,नापीडयत्,:एषः,रोगः,रोगः,न,अपीडयत्,
नापीडयत्,:न,अपीडयत्,
सक्ता,आसन्,:सक्ताः,आसन्,
अध्ययनाद्,विरतस्य,:अध्ययनात्,विरतस्य,
नायं,:न,अयं,
उत्पत्तिर्न,:उत्पत्तिः,न,
स्वशक्तिसीमामतिक्रमति,:स्वशक्तिसीमाम्,अतिक्रमति,
सोऽनेन,:सः,अनेन,
स,विद्वान्,:सः,विद्वान्,
पुरुषोऽस्ति,:पुरुषः,अस्ति,
तेनालीरामो,जगाद,:तेनालीरामः,जगाद,
लोकास्तेषां,:लोकाः,तेषां,
परदोषज्ञानेऽतिपटीयान्,:परदोषज्ञाने,अतिपटीयान्,
स,आत्मदोषान्,:सः,आत्मदोषान्,
तमाद्रिये,:तम्,आद्रिये,
सत्यमुच्यते,:सत्यम्,उच्यते,
तस्यैव,:तस्य,एव,
स,महीयान्,:सः,महीयान्,
साधूक्तम्,:साधु,उक्तम्,
किमेतेन,:किम्,एतेन,
पूजामर्हति,:पूजाम्,अर्हति,
करोत्वसौ,:करोति,असौ,
