को,नेच्छति,:कः,न,इच्छति,
नेच्छति,:न,इच्छति,
को,नेच्छति,:कः,न,इच्छति,
नेच्छति,:न,इच्छति,
महाराजो,वाञ्छति,:महाराजः,वाञ्छति,
एतद्,विशिष्टमायोजनं,:एतत्,विशिष्टम्,आयोजनं,
विशिष्टमायोजनं,:विशिष्टम्,आयोजनं,
अतस्तेन,:अतः,तेन,
इदमन्तरेण,:इदम्,अन्तरेण,
सङ्गीतसभाया,विषये,:सङ्गीतसभायाः,विषये,
कथञ्चिद्,अवगत्य,:कथञ्चित्,अवगत्य,
आदेशमभिधाय,:आदेशम्,अभिधाय,
अभ्यन्तरगमनाद्,रुरोध,:अभ्यन्तरगमनात्,रुरोध,
तमुवाच,:तम्,उवाच,
कोऽप्यादेशो,नास्ति,:कोऽपि,आदेशः,नास्ति,
धारयन्नपि,:धारयन्,अपि,
सहसोत्थाय,:सहसा,उत्थाय,
क्रन्दितुमारभत,:क्रन्दितुम्,आरभत,
प्रहारा,न,:प्रहाराः,न,
श्रुत्वाऽपि,:श्रुत्वा,अपि,
एतत्सर्वं,:एतत्,सर्वं,
अहंभावो,वृद्धिमुपगतः,:अहंभावः,वृद्धिम्,उपगतः,
वृद्धिमुपगतः,:वृद्धिम्,उपगतः,
एष,पुरस्कारः,:एषः,पुरस्कारः,
ग्रहीतुमिच्छति,:ग्रहीतुम्,इच्छति,
स,उवाच,:सः,उवाच,
द्रष्टव्याऽस्माभिः,:द्रष्टव्या,अस्माभिः,
