व्याधिरनन्तकः,:व्याधिः,अनन्तकः,
व्याधिरनन्तकः,:व्याधिः,अनन्तकः,
समुदिताऽभवत्,:समुदिता,अभवत्,
राज्ञोऽनुमत्या,:राज्ञः,अनुमत्या,
अप्यासीत्,:अपि,आसीत्,
एतदाकर्ण्य,:एतत्,आकर्ण्य,
सभासदोऽपृच्छत्,:सभासदः,अपृच्छत्,
तदैव,:तदा,एव,
यदब्रवीत्,:यत्,अब्रवीत्,
समागतोऽस्मि,:समागतः,अस्मि,
सम्प्रेषिताऽस्ति,:सम्प्रेषिता,अस्ति,
तामानीय,:ताम्,आनीय,
इत्युक्त्वाऽसौ,:इत्युक्त्वा,असौ,
अवदंश्च,:अवदन्,च,
ज्ञातमस्माभिः,:ज्ञातम्,अस्माभिः,
त्वमेवासीः,:त्वम्,एव,असीः,
नृपोऽपि,:नृपः,अपि,
विष्णुमूर्तिरेषा,:विष्णुमूर्तिः,एषा,
सत्यमपि,:सत्यम्,अपि,
अधिकाधिकमीहते,:अधिकाधिकम्,ईहते,
व्याधिरनन्तकः,:व्याधिः,अनन्तकः,
