तस्याभिनन्दनं,:तस्य,अभिनन्दनं,
मिष्टान्नप्रियोऽस्ति,:मिष्टान्नप्रियः,अस्ति,
कृष्णदेवोऽजानात्,:कृष्णदेवः,अजानात्,
सेवारतोऽविद्यत,:सेवारतः,अविद्यत,
सेवकस्तु,:सेवकः,तु,
सोऽवदत्,:सः,अवदत्,
अतिथिवर्यस्तु,:अतिथिवर्यः,तु,
रसमपि,:रसम्,अपि,
नास्वादयत्,:न,आस्वादयत्,
केवलमिदमवदत्,:केवलम्,इदम्,अवदत्,
मूलमिच्छामि,:मूलम्,इच्छामि,
कोऽभिप्रायः,:कः,अभिप्रायः,
तस्याशयं,:तस्य,आशयं,
उक्तवांश्च,:उक्तवान्,च,
ततोऽसौ,:ततः,असौ,
मन्त्रिणमादिशत्,:मन्त्रिणम्,आदिशत्,
रसगुल्लामूलमानीयताम्,:रसगुल्लामूलम्,आनीयताम्,
पुरोहितोऽवदत्,:पुरोहितः,अवदत्,
तेनालीरामोऽवदत्,:तेनालीरामः,अवदत्,
भुञ्जानोऽपि,:भुञ्जानः,अपि,
मातैव,:माता,एव,
जानतेऽन्ये,:जानते,अन्ये,
सम्राडवादीत्,:सम्राट्,अवादीत्,
अतस्त्वं,:अतः,त्वं,
रसगुल्लामूलमानीय,:रसगुल्लामूलम्,आनीय,
अयमहमानयामि,:अयम्,अहम्,आनयामि,
चादाय,:च,आदाय,
रसगुल्लामूलमिति,:रसगुल्लामूलम्,इति,
राजानमुवाच,:राजानम्,उवाच,
अतिथिमुपनिन्ये,:अतिथिम्,उपनिन्ये,
किमिदम्,:किम्,इदम्,
सस्मितमुवाच,:सस्मितम्,उवाच,
वस्त्रमपनीय,:वस्त्रम्,अपनीय,
स्थालकस्तं,:स्थालकः,तं,
नेत्रैरपश्यन्।,:नेत्रैः,अपश्यन्,
कृष्णदेवश्च,:कृष्णदेवः,च,
