विश्वासघातकानामेष,पन्थाः,:विश्वासघातकानाम्,एषः,पन्थाः,
विश्वासघातकानामेष,पन्थाः,:विश्वासघातकानाम्,एषः,पन्थाः,
सन्नद्ध,आसीत्,:सन्नद्धः,आसीत्,
राज्यपाल,आदिष्टः,:राज्यपालः,आदिष्टः,
स,सैन्याय,:सः,सैन्याय,
पराभवो,निश्चितः,:पराभवः,निश्चितः,
विजित,आसीत्,:विजितः,आसीत्,
इदमभियानमासीत्,:इदम्,अभियानम्,आसीत्,
चिन्तामापेदे,:चिन्ताम्,आपेदे,
तत्प्रतिरोधक्षमताया,अभावात्,:तत्प्रतिरोधक्षमतायाः,अभावात्,
स,स्वपराजयम्,:सः,स्वपराजयम्,
अय्यर',:अय्यरः,',
स,महाराजस्य,:सः,महाराजस्य,
विश्वासमुत्पाद्य,:विश्वासम्,उत्पाद्य,
हन्यादिति,:हन्यात्,इति,
यद्,राज्ञि,:यत्,राज्ञि,
आक्रमितुमपि,:आक्रमितुम्,अपि,
तमिलब्राह्मणानामाचारविचाराणामभिज्ञः,:तमिलब्राह्मणानाम्,आचारविचाराणाम्,अभिज्ञः,
कृतनिवासश्चासीत्,:कृतनिवासः,च,आसीत्,
प्रापिता,आसन्,:प्रापिताः,आसन्,
तमिलब्राह्मणवद्,वेषधरोऽसौ,:तमिलब्राह्मणवत्,वेषधरः,असौ,
वेषधरोऽसौ,:वेषधरः,असौ,
संस्कृतमवदत्,:संस्कृतम्,अवदत्,
स्थानमर्जितम्,:स्थानम्,अर्जितम्,
स,आशङ्‌कितः,:सः,आशङ्‌कितः,
इवाचरत्,:इव,आचरत्,
अन्तःप्रकोष्ठेष्वपि,:अन्तःप्रकोष्ठेषु,अपि,
यत्रापि,:यत्र,अपि,
किञ्चिद्,विजनस्थानं,:किञ्चित्,विजनस्थानं,
तेनालीरामोऽपि,:तेनालीरामः,अपि,
आशङ्‌कित,आसीत्,:आशङ्‌कितः,आसीत्,
सक्तो,जातः,:सक्तः,जातः,
राजसमक्षमेव,:राजसमक्षम्,एव,
तमपृच्छत्,:तम्,अपृच्छत्,
गोत्रश्च,:गोत्रः,च,
स,सपदि,:सः,सपदि,
संस्कृतिगोत्रश्च,:संस्कृतिगोत्रः,च,
त्वयाऽयं,:त्वया,अयं,
सोऽवादीत्,:सः,अवादीत्,
कश्चिद्,गूढचरः,:कश्चित्,गूढचरः,
इत्याशङ्‌कयाऽकुलं,:इति,आशङ्‌कया,अकुलं,
राज्ञोक्तं,:राज्ञा,उक्तं,
देवार्चनाभिश्च,:देवार्चनाभिः,च,
सन्देहो,नापगतः,:सन्देहः,न,अपगतः,
नापगतः,:न,अपगतः,
तेनालीरामो,निजगाद-,:तेनालीरामः,निजगाद-,
प्रदर्शनार्थमपि,:प्रदर्शनार्थम्,अपि,
स,एतत्,:सः,एतत्,
स्वभावो,मूर्ध्नि,:स्वभावः,मूर्ध्नि,
नृपतिरवदत्,:नृपतिः,अवदत्,
गाम्भीर्यमस्ति,:गाम्भीर्यम्,अस्ति,
विश्वासो,न,:विश्वासः,न,
ममैकस्य,:मम,एकस्य,
मृतेऽपि,:मृते,अपि,
तेनालीराम,ऊचे,:तेनालीरामः,ऊचे,
सिंह,एकोऽपि,:सिंहः,एकः,अपि,
एकोऽपि,:एकः,अपि,
बलिष्ठो,भवति,:बलिष्ठः,भवति,
भेद,उत्पत्स्यते,:भेदः,उत्पत्स्यते,
नृपोऽपृच्छत्,:नृपः,अपृच्छत्,
तेनालीरामोऽवदत्,:तेनालीरामः,अवदत्,
सरलेनोपायेन,:सरलेन,उपायेन,
नृपोऽभणत्,:नृपः,अभणत्,
मत्समक्षमेव,:मत्समक्षम्,एव,
तस्यापराधो,न,:तस्य,अपराधः,न,
नासौ,:न,असौ,
तस्यामेव,:तस्याम्,एव,
प्रगाढनिद्रासुखमनुभवति,:प्रगाढनिद्रासुखम्,अनुभवति,
तेनालीरामश्च,:तेनालीरामः,च,
शब्दा,उच्चैः,:शब्दाः,उच्चैः,
उच्चारिता,अभवन्,:उच्चारिताः,अभवन्,
खड्गमाकृष्य,:खड्गम्,आकृष्य,
नृपेणापि,:नृपेण,अपि,
