राजगुरुमुपागताः,:राजगुरुम्,उपागताः,
तेनावमानितः,:तेन,अवमानितः,
कश्चिदुपायः,:कश्चित्,उपायः,
राजगुरुश्च,:राजगुरुः,च,
योजनामनुसृत्य,:योजनाम्,अनुसृत्य,
राजगुरुरवदत्,:राजगुरुः,अवदत्,
एवमदर्शयत्,:एवम्,अदर्शयत्,
सहमतोऽस्ति,:सहमतः,अस्ति,
राजगुरुणपृच्छत्,:राजगुरुम्,अपृच्छत्,
राजगुरुरवदत्,:राजगुरुः,अवदत्,
शुभदिनमस्ति,:शुभदिनम्,अस्ति,
इत्युदीर्य,:इति,उदीर्य,
मन्त्रितमासीत्,:मन्त्रितम्,असीत्,
पुनस्तेनोक्तम्,:पुनः,तेन,उक्तम्,
यदस्य,:यत्,अस्य,
सोऽवदत्,:सः,अवदत्,
येऽष्टाधिकशतं,:ये,अष्टाधिकशतं,
तेषामेका,:तेषाम्,एका,
राजगुरोर्निवासे,:राजगुरोः,निवासे,
तदेकेन,:तत्,एकेन,
अकिञ्चनोऽस्ति,:अकिञ्चनः,अस्ति,
राजगुरुरस्तीति,:राजगुरुः,अस्ति,इति,
अतर्कितमेव,:अतर्कितम्,एव,
आगम्नमभूत्,:आगमनम्,अभूत्,
धनसाहाय्यमिच्छति,:धनसाहाय्यम्,इच्छति,
राजगुरुस्तु,:राजगुरुः,तु,
तस्मादेकस्य,:तस्मात्,एकस्य,
पणकस्यापि,:पणकस्य,अपि,
प्राणानपि,:प्राणान्,अपि,
नाचरति,:न,आचरति,
तमवदत्,:तम्,अवदत्,
तच्छ्रुत्वा,:तत्,शृत्वा,
तेनालीरामेणोक्तं,:तेनालीरामेण,उक्तं,
कष्टदशामापन्नाऽस्ति,:कष्टदशाम्,आपन्ना,अस्ति,
ब्राह्मणोऽस्मि,:ब्राह्मणः,अस्मि,
एषाऽस्माकं,:एषा,अस्माकं,
यथोचितमाचर,:यथोचितम्,आचर,
हानिस्तु,:हानिः,तु,
विहस्यावदत्,:विहस्य,अवदत्,
त्वमस्य,:त्वम्,अस्य,
प्रातरुत्थाय,:प्रातः,उत्थाय,
राजगुरुमुपेतवान्,:राजगुरुम्,उपेतवान्,
राजगुरुस्तं,:राजगुरुः,तं,
प्रचण्डेऽग्नौ,:प्रचण्डे,अग्नौ,
राजगुरुश्च,:राजगुरुः,च,
तदैव,:तदा,एव,
राजगुरुश्च,:राजगुरुः,च,
एकत्रितोऽभवत्,:एकत्रितः,अभवत्,
राजानमुपगम्य,:राजानम्,उपगम्य,
यदहं,:यत्,अहं,
यतोऽहं,:यतः,अहं,
यत्तेनालीरामः,:यत्,तेनालीरामः,
अनर्होऽस्ति,:अनर्हः,अस्ति,
पुरस्कारमर्हति,:पुरस्कारम्,अर्हति,
इत्यभिधाय,:इति,अभिधाय,
तावन्मायाविनां,:तावत्,मायाविनां,
