मितमन्तो,मोदन्ते,:मितमन्तः,मोदन्ते,
मितमन्तो,मोदन्ते,:मितमन्तः,मोदन्ते,
स,प्रत्येकं,:सः,प्रत्येकं,
इदमुपायनं,:इदम्,उपायनं,
एतद्,द्रव्यं,:एतत्,द्रव्यं,
सप्ताहेनैकेन,:सप्ताहेन,एकेन,
यतो,राजमुखदर्शनं,:यतः,राजमुखदर्शनं,
कुतो,राजदर्शनम्,:कुतः,राजदर्शनम्,
अत-,राजादेशं,:अतः,राजादेशं,
अक्रीत्वैव,:अक्रीत्वा,एव,
सप्ताहोऽतिक्रान्तः,:सप्ताहः,अतिक्रान्तः,
गतेऽवधौ,:गते,अवधौ,
उपस्थिता,बभूवुः,:उपस्थिताः,बभूवुः,
ततो,वार्ताक्रमेण,:ततः,वार्ताक्रमेण,
भूपतिस्तान्,:भूपतिः,तान्,
मत्प्रदत्ताभिः,:मत्,प्रदत्ताभिः,
क्रीतवन्तो,भवन्तः,:क्रीतवन्तः,भवन्तः,
प्रश्नमाकर्ण्य,:प्रश्नम्,आकर्ण्य,
पुरोहितोऽवदत्,:पुरोहितः,अवदत्,
भवतो,दर्शनं,:भवतः,दर्शनं,
अशक्यमासीत्,:अशक्यम्,आसीत्,
भवतो,दर्शनं,:भवतः,दर्शनं,
सतीष्वपि,:सतीषु,अपि,
क्रीतमस्माभिः,:क्रीतम,अस्माभिः,
प्रतिशब्द,इव,:प्रतिशब्दः,इव,
तदेवोक्तम्,:तदेव,उक्तम्,
स,सविनयमूचे,:सः,सविनयम्,ऊचे,
सविनयमूचे,:सविनयम्,ऊचे,
वस्तुसम्भारश्च,:वस्तुसम्भारः,च,
भूपोऽभण्त्,:भूपः,अभणत्,
अयमाशयः,:अयम्,आशयः,
ममादेशोऽवहेलितः,:मम,आदेशः,अवहेलितः,
भवदाज्ञायाः,:भवत्,आज्ञायाः,
प्रणमंश्च,:प्रणमन्,च,
एतदाकर्ण्य,:एतत्,आकर्ण्य,
आनतवदना,अजायन्त,:आनतवदनाः,अजायन्त,
तेनालीरामो,भूपतिना,:तेनालीरामः,भूपतिना,
भूयो,भूरिविभवैः,:भूयः,भूरिविभवैः,
सत्कृतोऽभवत्,:सत्कृतः,अभवत्,
वैभवैरतुलैः,:वैभवैः,अतुलैः,
भवेऽस्मिन्,:भवे,अस्मिन्,
