तस्यानुपस्थितौ,:तस्य,अनुपस्थितौ,
प्रमुखा,अधिकारिणश्च,:प्रमुखाः,अधिकारिणः,च,
अधिकारिणश्च,:अधिकारिणः,च,
भूपालस्तद्वचनं,:भूपाल,तद्वचनं,
मूल्यवद्,अवधार्य,:मूल्यवत्,अवधार्य,
त्वरितमेका,:त्वरितम्,एका,
बान्धवाश्च,:बान्धवाः,च,
पुष्टिमभजन्,:पुष्टिम्,अभजन्,
योजनमन्तरेण,:योजनम्,अन्तरेण,
मन्त्रिवरो,ब्रूते,:मन्त्रिवरः,ब्रूते,
यद्,देशस्य,:यत्,देशस्य,
तेनालीरामो,यात्रायाः,:तेनालीरामः,यात्रायाः,
धनमाहृत्य,:धनम्,आहृत्य,
सर्वतो,दिशम्,:सर्वतः,दिशम्,
भृत्यवर्गेऽस्ति,:भृत्यवर्गे,अस्ति,
पदेऽन्यो,:पदे,अन्यो,
प्रबोधयेद्,राजानम्,:प्रबोधयेत्,राजानम्,
तेनैक,उपायो,उपायो,दृष्टः,:तेन,एकः,उपाय,उपाय,दृष्टः,
ततो,निर्गतः,:ततः,निर्गतः,
भूपोऽभाषत,:भूपो,अभाषत,
तवानुपस्थितौ,:तव,अनुपस्थितौ,
तेनालीरामो,निजगाद,:तेनालीरामः,निजगाद,
सीमान्तवासिनो,भवतो,भवतो,जयघोषं,:सीमान्तवासिनः,भवतः,भवतः,जयघोषं,
तद्वचो,निशम्य,:तद्वचः,निशम्य,
परमाह्लादितो,जातः,:परमाह्लादितः,जातः,
किञ्चिद्,विरम्य,:किञ्चित्,विरम्य,
यद्,रिपुभीतिविमुक्ताः,:यत्,रिपुभीतिविमुक्ताः,
तत्तद्‌,ग्रामवासिनः,:तत्तद्‌,ग्रामवासिनः,
अतस्ते,:अतः,ते,
तस्या,उद्घाटनं,:तस्याः,उद्घाटनं,
अन्यश्च,:अन्यः,च,
निमन्त्रिता,अभवन्,:निमन्त्रिताः,अभवन्,
नाटकमारब्धं,:नाटकम्,आरब्धं,
शत्रुभ्योऽधिकं,:शत्रुभ्यः,अधिकं,
एतद्विलोक्य,:एतत्,विलोक्य,
क्षोभमापद्यन्त,:क्षोभम्,अपद्यन्त,
रोषारुणनयनो,नृपः,:रोषारुणनयनः,नृपः,
सोऽवदत्,:सः,अवदत्,
अनभिज्ञोऽस्मि,:अनभिज्ञः,अस्मि,
केचिद्,अधिकारिणः,:केचित्,अधिकारिणः,
अर्थदण्डैर्दण्डिताः,:अर्थदण्डैः,दण्डिताः,
कुशलो,नास्ति,:कुशलः,नास्ति,
