बहवो,न,:बहवः,न,
बहवो,न,:बहवः,न,
लिखितमासीत्,:लिखितम्,आसीत्,
हीरको,निहितः,:हीरकः,निहितः,
अहमिमं,:अहम्,इमं,
मणिकारो,नास्ति,:मणिकारः,नास्ति,
योऽस्य,:यः,अस्य,
गुणागुणपरीक्षका,मणिकाराः,:गुणागुणपरीक्षकाः,मणिकाराः,
अहमिच्छामि,:अहम्,इच्छामि,
रुचिमानासीत्,:रुचिम्,अनासीत्,
स,विस्मितः,:सः,विस्मितः,
तेनेदृशः,:तेन,ईदृशः,
बृहदाकारो,हीरः,:बृहदाकारः,हीरः,
रत्नकारा,अपि,:रत्नकाराः,अपि,
यद्,अनर्घं,:यत्,अनर्घं,
रत्नमिदम्,:रत्नम्,इदम्,
न्यूना,:न्यूनाः,एव,
कृष्णदेवः,सन्तुष्टो,:सन्तुष्टः,न,अभूत्,
सन्तुष्टो,:न,अभूत्,
राजसभामेत्य,:राजसभाम्,एत्य,
स,रत्नचर्चां,:सः,रत्नचर्चां,
केचिद्,रत्नविशेष़ज्ञा,रत्नविशेष़ज्ञा,आसन्,:केचित्,रत्नविशेष़ज्ञाः,रत्नविशेष़ज्ञाः,आसन्,
हीरकमपश्यन्,:हीरकम्,अपश्यन्,
परीक्षणमकुर्वन्,:परीक्षणम्,अकुर्वन्,
चिरमचर्चयन्,:चिरम्,अचर्चयन्,
नाशक्नुवन्,:न,अशक्नुवन्,
चिन्तामापेदे,:चिन्ताम्,आपेदे,
स,मित्रं,:सः,मित्रं,
सर्वेऽक्षमतां,:सर्वे,अक्षमतां,
द्रष्टुमैच्छत्,:द्रष्टुम्,ऐच्छत्,
तेनालीरामो,धीरया,:तेनालीरामः,धीरया,
गिरोवाच,:गिरा,उवाच,
अहमस्य,:अहम्,अस्य,
दातुमादिशत्,:दातुम्,आदिशत्,
क्षणमालोकत,:क्षणम्,आलोकत,
राज्ञोक्तम्,:राज्ञा,उक्तम्,
किमिदं,:किम्,इदं,
कस्मात्त्वया,:कस्मात्,त्वया,
स,उवाच,:सः,उवाच,
वराटिकामात्रमपि,:वराटिकामात्रम्,अपि,
एतदाकर्ण्य,:एतत्,आकर्ण्य,
कुपिता,अभवन्,:कुपिताः,अभवन्,
चावदन्,:च,अवदन्,
कृताऽस्ति,:कृता,अस्ति,
स,नैजं,:सः,नैजं,
भूपोऽभषत,:भूपः,अभषत,
सभासदश्च,:सभासदः,च,
काष्ठपलेऽस्थापयत्,:काष्ठपले,अस्थापयत्,
सर्वानपृच्छत्,:सर्वान्,अपृच्छत्,
कश्चिदपि,:कश्चित्,अपि,
नापश्यत्,:न,अपश्यत्,
तेनालीरामोऽवदत्,:तेनालीरामः,अवदत्,
हीरस्तु,:हीरः,तु,
किमयं,:किम्,अयं,
भवितुमर्हति,:भवितुम्,अर्हति,
स,कृष्णदेवरायः,:सः,कृष्णदेवरायः,
स,पुनरुवाच,:सः,पुनः,उवाच,
पुनरुवाच,:पुनः,उवाच,
यो,हीरः,:यः,हीरः,
प्रकाशेऽत्यर्थं,:प्रकाशे,अत्यर्थं,
विलोकितुमेव,:विलोकितुम्,एव,
मयाऽयं,:मया,अयं,
त्वेष,:तु,एषः,
किमयं,:किम्,अयं,
नान्यत्,:न,अन्यत्,
राजसभामुपेत्य,:राजसभाम्,उपेत्य,
नवोद्भावनायाः,:नव,उद्भावनायाः,
काचखण्डोऽस्ति,:काचखण्डः,अस्ति,
कृतमस्ति,:कृतम्,अस्ति,
वस्तुतो,वस्तुमूल्यं,:वस्तुतः,वस्तुमूल्यं,
नेदं,:न,इदं,
विरला,लोके,:विरलाः,लोके,
गुणदोषविदो,जनाः,:गुणदोषविदः,जनाः,
