गतिरियम्,:गतिः,इयम्,
गतिरियम्,:गतिः,इयम्,
कञ्चिद्,'राजा',:कञ्चित्,'राजा',
स,गुप्तचरः,:सः,गुप्तचरः,
निगृहीतो,नहतश्च,:निगृहीतः,नहतः,च,
नहतश्च,:नहतः,च,
इदमपि,:इदम्,अपि,
चावगतं,:च,अवगतं,
एतद्,विज्ञाय,:एतत्,विज्ञाय,
सुल्तानो,भीत्या,:सुल्तानः,भीत्या,
स,सम्यग्,सम्यग्,वेत्ति,:सः,सम्यक्,सम्यक्,वेत्ति,
एक,उपायः,:एकः,उपायः,
योजनामनुसृत्य,:योजनाम्,अनुसृत्य,
स,ज्योतिर्विद्,ज्योतिर्विद्,इदं,:सः,ज्योतिर्वित्,ज्योतिर्वित्,इदं,
यद्,अस्मिन्,:यत्,अस्मिन्,
अवरोधश्च,:अवरोधः,च,
एतच्छ्रुत्वा,:एतत्,श्रुत्वा,
व्यग्रतामवापुः,:व्यग्रताम्,अवापुः,
निवारयन्तो,निवेदयामासुः,:निवारयन्तः,निवेदयामासुः,
शक्तिमतो,भवतो,भवतो,बीजापुरविजयः,:शक्तिमतः,भवतः,भवतः,बीजापुरविजयः,
बालक्रीडैव,:बालक्रीडा,एव,
प्रपन्नो,भूपः,:प्रपन्नः,भूपः,
विदधानोऽवदत्,:विदधानः,अवदत्,
यदहम्,:यत्,अहम्,
इदानीमेव,:इदानीम्,एव,
समुद्यतोऽस्मि,:समुद्यतः,अस्मि,
सभासदश्च,:सभासदः,च,
नाभिलषामि,:न,अभिलषामि,
विद्वानपेक्षते,:विद्वान्,अपेक्षते,
तेनालीरामोऽपि,:तेनालीरामः,अपि,
तेनोक्तं,:तेन,उक्तं,
विश्वासो,नोचितः,:विश्वासः,न,उचितः,
नोचितः,:न,उचितः,
तद्वचनमाकर्ण्य,:तद्वचनम्,आकर्ण्य,
भूपोऽभाषत,:भूपः,अभाषत,
कश्चिद्,अस्य,:कश्चित्,अस्य,
ग्रहीतुमैच्छत्,:ग्रहीतुम्,ऐच्छत्,
अवदच्च,:अवदत्,च,
तीक्ष्णो,दण्डोऽपि,:तीक्ष्णः,दण्डः,अपि,
दण्डोऽपि,:दण्डः,अपि,
मर्षयितुमर्हति,:मर्षयितुम्,अर्हति,
यद्येष,ज्योतिर्विदसत्यं,:यदि,एषः,ज्योतिर्विदसत्यं,
तदाऽहं,:तदा,अहं,
मृत्युदण्डाधिकारमपि,:मृत्युदण्डाधिकारम्,अपि,
राजसमक्षमेव,:राजसमक्षम्,एव,
ज्योतिर्विद्!,:ज्योतिर्वित्,!,
कोऽत्र,:कः,अत्र,
ज्योतिर्विद्,उदतरत्,:ज्योतिर्वित्,उदतरत्,
ममैकामपि,:मम,एकाम्,अपि,
समुद्यतोऽस्मि,:समुद्यतः,अस्मि,
धन्योऽस्ति,:धन्यः,अस्ति,
ज्ञातुमर्हामि,:ज्ञातुम्,अर्हामि,
तेनालीरामोऽपृच्छत्,:तेनालीरामः,अपृच्छत्,
सम्प्रत्यहं,:सम्प्रति,अहं,
चतुश्चत्वारिंशद्वर्षोऽस्मि,:चतुश्चत्वारिंशद्वर्षः,अस्मि,
पलस्यापि,:पलस्य,अपि,
तदैव,:तदा,एव,
शिरश्च,:शिरः,च,
तेनालीरामो,जगाद,:तेनालीरामः,जगाद,
अशुभमेव,:अशुभम्,एव,
मयाऽज्ञायि,:मया,अज्ञायि,
यदेष,धूर्तोऽस्ति,:यदेषः,धूर्तः,अस्ति,
धूर्तोऽस्ति,:धूर्तः,अस्ति,
आत्मनो,भविष्यस्य,:आत्मनः,भविष्यस्य,
अक्षमो,जातः,:अक्षमः,जातः,
सिद्धमकुर्वन्,:सिद्धम्,अकुर्वन्,
विजयो,लब्धः,:विजयः,लब्धः,
कृष्णदेवरायोऽवादीत्,:कृष्णदेवरायः,अवादीत्,
सर्वमेतत्,:सर्वम्,एतत्,
सिद्धमभवत्,:सिद्धम्,अभवत्,
भूयोऽपि,:भूयः,अपि,
यो,लोभवशमापद्य,:यः,लोभवशम्,आपद्य,
लोभवशमापद्य,:लोभवशम्,आपद्य,
कदाचिद्,दुष्टचेतसः,:कदाचित्,दुष्टचेतसः,
