तेनालीराममधिकृत्य,:तेनालीरामम्,अधिकृत्य,
तेनालीराममधिकृत्य,:तेनालीरामम्,अधिकृत्य,
नालभत,:न,अलभत,
प्रवृत्तिमवलोक्य,:प्रवृत्तिम्,अवलोक्य,
शिक्षकास्तस्मै,:शिक्षकाः,तस्मै,
नाददुः,:न,अददुः,
जनन्यास्तीव्रोऽभिलाष,आसीत्,:जनन्याः,तीव्रः,अभिलाषः,आसीत्,
चार्जयेत्,:च,अर्जयेत्,
सोऽन्वभवत्,:सः,अन्वभवत्,
यद्,विद्यां,:यत्,विद्यां,
विद्याऽऽभरणभूषितः,:विद्या,आभरणभूषितः,
प्रेरणयाऽसौ,:प्रेरणया,असौ,
बहिर्भागे,:बहिः,भागे,
श्रोतुमचेष्टत,:श्रोतुम्,अचेष्टत,
स्थातुमपि,:स्थातुम्,अपि,
स,निषिद्धोभवत्,:सः,निषिद्धः,अभवत्,
निषिद्धोभवत्,:निषिद्धः,अभवत्,
आत्मनो,दीनहीनां,:आत्मनः,दीनहीनां,
चावेक्ष्य,:च,अवेक्ष्य,
उद्विग्नो,बालकोऽसौ,:उद्विग्नः,बालकः,असौ,
बालकोऽसौ,:बालकः,असौ,
परिव्राजकस्तत्र,:परिव्राजकः,तत्र,
स,तत्रातिष्ठत्,:सः,तत्र,अतिष्ठत्,
तत्रातिष्ठत्,:तत्र,अतिष्ठत्,
बालकोऽपि,:बालकः,अपि,
प्रबुद्धो,जातः,:प्रबुद्धः,जातः,
सार्धमालप्य,:सार्धम्,आलप्य,
स,संन्यासी,:सः,संन्यासी,
यदेष,सामान्यबालको,सामान्यबालको,नास्ति,:यत्,एषः,सामान्यबालकः,सामान्यबालकः,नास्ति,
स,तमुवाच,:सः,तम्,उवाच,
तमुवाच,:तम्,उवाच,
दृढो,विद्यानुरागो,विद्यानुरागो,वर्तते,:दृढः,विद्यानुरागः,विद्यानुरागः,वर्तते,
कालीदेवीमाराधयेः,:कालीदेवीम्,आराधयेः,
तवाभीप्सितं,:तव,अभीप्सितं,
तस्या,विकरालरूपाकृत्या,:तस्याः,विकरालरूपाकृत्या,
तथेति,:तथा,इति,
कालीमन्दिरेऽवस्थाय,:कालीमन्दिरे,अवस्थाय,
सभक्तिमन्त्रजपमकरोत्,:सभक्तिमन्त्रजपम्,अकरोत्,
प्रकटिताऽभवत्,:प्रकटिता,अभवत्,
तस्या,भीषणेन,:तस्याः,भीषणेन,
रूपेणापि,:रूपेण,अपि,
हसितुमारेभे,:हसितुम्,आरेभे,
स,सविनयमुवाच,:सः,सविनयम्,उवाच,
सविनयमुवाच,:सविनयम्,उवाच,
प्रतिश्यायो,भवति,:प्रतिश्यायः,भवति,
व्यग्रो,भवामि,:व्यग्रः,भवामि,
चपलश्च,:चपलः,च,
प्रसन्नाऽस्मि,:प्रसन्ना,अस्मि,
विभवमर्जयिष्यसि,:विभवम्,अर्जयिष्यसि,
एकतरद्,गृहाण,:एकतरत्,गृहाण,
प्रत्युत्पन्नमतिश्च,:प्रत्युत्पन्नमतिः,च,
तत्क्षणमेव,:तत्क्षणम्,एव,
तमपृच्छत्,:तम्,अपृच्छत्,
किमिदमाचरितं,:किम्,इदम्,आचरितं,
सहजभावेनोवाच,:सहजभावेन,उवाच,
विद्यावतो,धनहीनत्वं,:विद्यावतः,धनहीनत्वं,
वैभववतो,मुर्खताऽपि,:वैभववतः,मुर्खता,अपि,
मुर्खताऽपि,:मुर्खता,अपि,
युक्तियुक्तकमुत्तरमाकर्ण्य,:युक्तियुक्तकम्,उत्तरम्,आकर्ण्य,
विद्याया,वैभवस्य,:विद्यायाः,वैभवस्य,
एतस्या,घटनाया,घटनाया,अनन्तरं,:एतस्याः,घटनायाः,घटनायाः,अनन्तरं,
प्रवेशो,लब्धः,:प्रवेशः,लब्धः,
राजसभाया,अष्टदिग्गजेषु,:राजसभायाः,अष्टदिग्गजेषु,
स्थानमवाप्तम्,:स्थानम्,अवाप्तम्,
लोका,विस्मयं,:लोकाः,विस्मयं,
विपद्भ्यो,रक्षा,:विपद्भ्यः,रक्षा,
तस्माद्,अगणिताः,:तस्मात्,अगणिताः,
प्रसादाद्,वा,:प्रसादात्,वा,
आरम्भाद्,उत्तरार्धं,:आरम्भात्,उत्तरार्धं,
यावद्,अनुमीयते,:यावत्,अनुमीयते,
