सन्तरेद्,राजनयाऽम्बुनाथम्,:सन्तरेत्,राजनया,अम्बुनाथम्,
राजनयाऽम्बुनाथम्,:राजनया,अम्बुनाथम्,
सन्तरेद्,राजनयाऽम्बुनाथम्,:सन्तरेत्,राजनया,अम्बुनाथम्,
राजनयाऽम्बुनाथम्,:राजनया,अम्बुनाथम्,
सभासद्,तेनालीरामकृतेन,:सभासत्,तेनालीरामकृतेन,
प्रतिशोधमिच्छन्,:प्रतिशोधम्,इच्छन्,
राजगुरोरपि,:राजगुरोः,अपि,
कलुषितमासीत्,:कलुषितम्,आसीत्,
भवत्येव,:भवति,एव,
नासहत,:न,असहत,
स,राज्ञो,राज्ञो,विषयेऽपि,:सः,राज्ञः,विषये,राज्ञः,विषये,अपि,
सर्वमिदं,:सर्वम्,इदं,
ऊचतुश्च,:ऊचतुः,च,
यदेष,परोक्षे,:यत्,एषः,परोक्षे,
भवन्तमपभाषते,:भवन्तम्,अपभाषते,
विश्वासो,नासीत्,:विश्वासः,नासीत्,
मामन्तरेण,:माम्,अन्तरेण,
एतन्निशम्य,:एतत्,निशम्य,
क्षुब्धोऽपि,:क्षुब्धः,अपि,
तेनालीराम,उवाच,:तेनालीरामः,उवाच,
प्रश्नस्योत्तरं,:प्रश्नस्य,उत्तरं,
नैशेऽन्धकारे,:नैशे,अन्धकारे,
गुणसुन्दरश्च,:गुणसुन्दरः,च,
मिथो,वार्तायां,:मिथः,वार्तायां,
गुणसुन्दरोऽभाषत,:गुणसुन्दरः,अभाषत,
यत्कथितम्,:यत्,कथितम्,
स,विश्वसिति,:सः,विश्वसिति,
स,उच्चैरहसत्,:सः,उच्चैः,अहसत्,
उच्चैरहसत्,:उच्चैः,अहसत्,
चाभाषत,:च,अभाषत,
समर्थनमपि,:समर्थनम्,अपि,
मौनमास्त,:मौनम्,आस्त,
प्रवीणश्च,:प्रवीणः,च,
समुदारो,महानयं,:समुदारः,महानयं,
प्रवदन्त्येवं,:प्रवदन्ति,एवं,
आलपद्भिर्जनैर्यद्,यत्,:आलपद्भिः,जनैः,यत्,यत्,
तेनालीरामोऽवदत्,:तेनालीरामः,अवदत्,
नृपतिरवदत्,:नृपतिः,अवदत्,
ईर्ष्यानलदग्धोऽसौ,:ईर्ष्यानलदग्धः,असौ,
चलितो,जातः,:चलितः,जातः,
त्वयैव,:त्वया,एव,
केनाप्युपायेन,:केनापि,उपायेन,
स,कुसङ्गाद्,कुसङ्गाद्,रक्षणीयः,:सः,कुसङ्गात्,कुसङ्गात्,रक्षणीयः,
तेनालीरामोऽवदत्,:तेनालीरामः,अवदत्,
कैश्चिदेव,:कैश्चित्,एव,
उपस्थिता,अभवन्,:उपस्थिताः,अभवन्,
स्वासनादुत्थाय,:स्वासनात्,उत्थाय,
गुणसुन्दरमुपगम्य,:गुणसुन्दरम्,उपगम्य,
नावबुद्धम्,:न,अवबुद्धम्,
प्रोक्ता,आसन्,:प्रोक्ताः,आसन्,
उच्चैरुक्तं,:उच्चैः,उक्तं,
कस्यचिदपि,:कस्यचित्,अपि,
नाख्येयम्,:न,आख्येयम्,
स,शून्यदृशा,:सः,शून्यदृशा,
स,विचारितवान्,:सः,विचारितवान्,
किञ्चिदुक्तं,:किञ्चित्,उक्तं,
स,उवाच,:सः,उवाच,
नोक्तम्,:न,उक्तम्,
स,मम,:सः,मम,
यदुक्तवान्,:यत्,उक्तवान्,
नावगतम्,:न,अवगतम्,
राजगुरुरचिन्तयत्,:राजगुरुः,अचिन्तयत्,
भूत्वाऽपि,:भूत्वा,अपि,
किमीदृशेन,:किम्,ईदृशेन,
मामुपहसतः,:माम्,उपहसतः,
भ्रान्तिर्विगलिताऽभवत्,:भ्रान्तिः,विगलिता,अभवत्,
यद्,गुणसुन्दरः,:यत्,गुणसुन्दरः,
ततो,राजगुरुणा,:ततः,राजगुरुणा,
परस्परालापोऽपि,:परस्परालापः,अपि,
तयोर्मध्ये,:तयोः,मध्ये,
भेदमुत्पाद्य,:भेदम्,उत्पाद्य,
महीपतिनाऽभाणि,:महीपतिना,अभाणि,
त्वत्समः,:त्वत्,समः,
त्वयैवंविधिना,:त्वया,एवंविधिना,
सर्पोऽपि,:सर्पः,अपि,
दण्डोऽपि,:दण्डः,अपि,
