कण्टकेनैव,:कण्टकेन,एव,
कण्टकेनैव,:कण्टकेन,एव,
महीपालस्तान्,:महीपालः,तान्,
एकमेकं,:एकम्,एकं,
शान्तिमुपैष्यति,:शान्तिम्,उपैष्यति,
कमलमिव,:कमलम्,इव,
क्रोधमुपागतः,:क्रोधम्,उपागतः,
धनतृष्णामभिलक्ष्य,:धनतृष्णाम्,अभिलक्ष्य,
तानेकं,:तान्,एकं,
याऽभीष्टफलदायिनी,:या,अभीष्टफलदायिनी,
दिवमुपगता,:दिवम्,उपगता,
चासादयितुम्,:च,आसादयितुम्,
उच्चैरुवाच,:उच्चैः,उवाच,
एतन्निशम्य,:एतत्,निशम्य,
क्रन्दितुमारभन्त,:क्रन्दितुम्,आरभन्त,
त्वरितमुत्थाय,:त्वरितम्,उत्थाय,
घटनामवगत्य,:घटनाम्,अवगत्य,
कीदृशीयं,:कीदृशी,इयं,
ममाम्बा,:मम,अम्बा,
आर्ताऽऽसीत्,:आर्ता,आसीत्,
मरणकालेऽपि,:मरणकाले,अपि,
नोपगता,:न,उपगता,
तयाऽहम्,:तया,अहम्,
वेदनाऽस्ति,:वेदना,अस्ति,
लज्जामापद्यन्त,:लज्जाम्,आपद्यन्त,
