विवेकोऽर्थलुब्धानाम्,:विवेकः,अर्थलुब्धानाम्,
विवेकोऽर्थलुब्धानाम्,:विवेकः,अर्थलुब्धानाम्,
जलसाद्,अभवन्,:जलसात्,अभवन्,
पशवोऽपि,:पशवः,अपि,
सर्वमिदं,:सर्वम्,इदं,
चिन्तातुरोऽभवत्,:चिन्तातुरः,अभवत्,
स,मन्त्रिणमादिशत्,:सः,मन्त्रिणम्,आदिशत्,
मन्त्रिणमादिशत्,:मन्त्रिणम्,आदिशत्,
त्वरितमेव,:त्वरितम्,एव,
नागतवान्,:न,आगतवान्,
तत्परो,नागच्छति,:तत्परः,न,आगच्छति,
नागच्छति,:न,आगच्छति,
तेनालीरामोऽपि,:तेनालीरामः,अपि,
अप्रमत्त,आसीत्,:अप्रमत्तः,आसीत्,
नृपस्तं,:नृपः,तं,
जनसेवामधिकृत्य,:जनसेवाम्,अधिकृत्य,
ततो,मन्त्री,:ततः,मन्त्री,
तेनालीराम,उवाच,:तेनालीरामः,उवाच,
घोराया,विपदः,:घोरायाः,विपदः,
यद्,यद्,यद्,विहितं,:यत्,यत्,यत्,विहितं,
नृपोऽपश्यत्,:नृपः,अपश्यत्,
केनैते,:केन,एते,
तरवश्छिन्ना,?,:तरवः,छिन्नाः,?,
तेनालीरामोऽवदत्,:तेनालीरामः,अवदत्,
स्कन्धा,एव,:स्कन्धाः,एव,
राज्ञोक्तं,:राज्ञा,उक्तं,
किमेवंरीत्या,:किम्,एवंरीत्या,
वृक्षास्तु,:वृक्षाः,तु,
ममोद्यानस्य,:मम,उद्यानस्य,
तेनालीरामोऽभणत्,:तेनालीरामः,अभणत्,
दशाऽऽसीत्,:दशा,आसीत्,
कृतावासा,आसन्,:कृतावासाः,आसन्,
एतद्विलोक्य,:एतत्,विलोक्य,
साश्चर्यमुवाच,:साश्चर्यम्,उवाच,
जलप्लावाद्,रक्षित्वा,:जलप्लावात्,रक्षित्वा,
ग्रामीणा,वृक्षान्,:ग्रामीणाः,वृक्षान्,
भवितुमर्हति,:भवितुम्,अर्हति,
राज्ञाऽवबुद्धं,:राज्ञा,अवबुद्धं,
गृहीतो,धनराशिः,:गृहीतः,धनराशिः,
मन्त्रिणमेव,:मन्त्रिणम्,एव,
यो,धनराशिः,:यः,धनराशिः,
मन्त्रिणो,वदनं,:मन्त्रिणः,वदनं,
