धेनोर्दुग्धेन,:धेनोः,दुग्धेन,
मार्जार्या,सार्धम्,:मार्जार्याः,सार्धम्,
धेनुरपि,:धेनुः,अपि,
तेनालीरामोऽपि,:तेनालीरामः,अपि,
धेनुरेकां,:धेनुः,एकां,
मुखमक्षिपत्,:मुखम्,अक्षिपत्,
तस्या,मुखम्,:तस्याः,मुखम्,
दुग्धमपि,:दुग्धम्,अपि,
नापिबत्,:न,अपिबत्,
पुष्टाङ्गाश्च,:पुष्टाङ्गाः,च,
कृशकाया,दुर्बला,:कृशकायाः,दुर्बला,
चासीत्,:च,आसीत्,
स्पर्शमपि,:स्पर्शम्,अपि,
नृपेणोक्तम्,:नृपेण,उक्तम्,
कंसमानाय्य,:कंसम्,आनाय्य,
पयोऽमृतं,:पयः,अमृतं,
दृष्ट्वैव,:दृष्ट्वा,एव,
राज्ञो,हस्तात्,:राज्ञः,हस्तात्,
तेनालीरामोऽवदत्,:तेनालीरामः,अवदत्,
राज्ञाऽभाणि,:राज्ञा,अभाणि,
परमहं,:परम्,अहं,
ततोऽसौ,:ततः,असौ,
तस्या,मुखे,:तस्याः,मुखे,
व्रणचिह्नमासीत्।,:व्रणचिह्नम्,आसीत्।,
तद्,विलोक्य,:तत्,विलोक्य,
रुषाऽब्रवीत्,:रुषा,अब्रवीत्,
अस्या,भयमुत्पादितम्,:अस्याः,भयम्,उत्पादितम्,
भयमुत्पादितम्,:भयम्,उत्पादितम्,
अत,एवैषा,:अतः,एव,एषा,
एवैषा,:एव,एषा,
कृतवांस्त्वं,:कृतवान्,त्वं,
सोऽवदत्,:सः,अवदत्,
कर्तव्यमस्ति,:कर्तव्यम्,अस्ति,
यद्,बिडालेभ्यः,:यत्,बिडालेभ्यः,
ततस्तस्मै,:ततः,तस्मै,
व्यवहारो,न,:व्यवहारः,न,
समन्वितो,भूयाः,:समन्वितः,भूयाः,
अवाचश्च,:अवाचः,च,
निरीहाश्च,:निरीहाः,च,
दर्श्यो,दयाभावो,दयाभावो,मानवैर्बुद्धिशीलिभिः,:दर्श्यः,दयाभावः,मानवैः,बुद्धिशीलिभिः,
