प्रणयो,मे,:प्रणयः,मे,
प्रणयो,मे,:प्रणयः,मे,
तस्याभिनन्दनं,:तस्य,अभिनन्दनं,
केचिद्,अनुचराः,:केचित्,अनुचराः,
मिष्टान्नप्रियोऽस्ति,:मिष्टान्नप्रियः,अस्ति,
कृष्णदेवोऽजानात्,:कृष्णदेवः,अजानात्,
स,स्वयमपि,:सः,स्वयमपि,
रसगुल्लाभक्त,आसीत्,:रसगुल्लाभक्तः,आसीत्,
सेवारतोऽविद्यत,:सेवारतः,अविद्यत,
सेवकस्तु,:सेवकः,तु,
सोऽवदत्,:सः,अवदत्,
अतिथिवर्यस्तु,:अतिथिवर्यः,तु,
रसमपि,:रसम्,अपि,
नास्वादयत्,:न,आस्वादयत्,
केवलमिदमवदत्,:केवलम्,इदम्,अवदत्,
मूलमिच्छामि,:मूलम्,इच्छामि,
कोऽभिप्रायः,:कः,अभिप्रायः,
तस्याशयं,:तस्य,आशयं,
उक्तवांश्च,:उक्तवान्,च,
असमर्था,भवामः,:असमर्थाः,भवामः,
ततोऽसौ,:ततः,असौ,
मन्त्रिणमादिशत्,:मन्त्रिणम्,आदिशत्,
रसगुल्लामूलमानीयताम्,:रसगुल्लामूलम्,आनीयताम्,
किंकर्तव्यमूढो,जातः,:किंकर्तव्यमूढः,जातः,
पुरोहितोऽवदत्,:पुरोहितः,अवदत्,
ईरानदेशो,नास्ति,:ईरानदेशः,नास्ति,
तेनालीरामोऽवदत्,:तेनालीरामः,अवदत्,
यद्,अतिमात्रं,:यत्,अतिमात्रं,
भुञ्जानोऽपि,:भुञ्जानः,अपि,
विज्ञजना,वदन्ति,:विज्ञजनाः,वदन्ति,
मातैव,:माता,एव,
जानतेऽन्ये,:जानते,अन्ये,
सम्राडवादीत्,:सम्राट्,अवादीत्,
लज्जिता,न,:लज्जिताः,न,
अतस्त्वं,:अतः,त्वं,
रसगुल्लामूलमानीय,:रसगुल्लामूलम्,आनीय,
तमुपहर,इति,:तम्,उपहरः,इति,
अयमहमानयामि,:अयम्,अहम्,आनयामि,
चादाय,:च,आदाय,
राजसभाया,निश्चक्राम,:राजसभायाः,निश्चक्राम,
प्रतीक्षमाण,आसीत्,:प्रतीक्षमाणः,आसीत्,
रसगुल्लामूलमिति,:रसगुल्लामूलम्,इति,
तेनालीरामो,राजानमुवाच,:तेनालीरामः,राजानम्,उवाच,
राजानमुवाच,:राजानम्,उवाच,
महीपालो,मन्त्रिणम्,:महीपालः,मन्त्रिणम्,
हस्ताद्,रजतस्थालकं,:हस्तात्,रजतस्थालकं,
अतिथिमुपनिन्ये,:अतिथिम्,उपनिन्ये,
किमिदम्,:किम्,इदम्,
सस्मितमुवाच,:सस्मितम्,उवाच,
वस्त्रमपनीय,:वस्त्रम्,अपनीय,
स्थालकस्तं,:स्थालकः,तं,
नेत्रैरपश्यन्।,:नेत्रैः,अपश्यन्,
स,तेनालीरामाय,:सः,तेनालीरामाय,
कृष्णदेवश्च,:कृष्णदेवः,च,
