शक्तेर्गरीयसी,:शक्तेः,गरीयसी,
शक्तोर्गरीयसी,:शक्तेः,गरीयसी,
चासौ,:च,असौ,
स,एवम्,:सः,एवम्,
कश्चिद्,एतादृशः,:कश्चित्,एतादृशः,
मल्लो,विजयनगरे,:मल्लः,विजयनगरे,
यो,मया,:यः,मया,
स,विजेतुः,:सः,विजेतुः,
वार्तेयं,:वार्ता,इयं,
श्रीकृष्णदेवरायस्यापि,:श्रीकृष्णदेवरायस्य,अपि,
स,उद्विग्नः,:सः,उद्विग्नः,
तादृशो,मल्लो,मल्लो,नास्ति,:तादृशः,मल्लः,मल्लः,नास्ति,
मुधैव,:मुधा,एव,
सिक्काशक्तिर्वीक्षिताऽऽसीत्,:सिक्काशक्तिः,वीक्षिता,आसीत्,
इष्टकामपि,:इष्टकाम्,अपि,
अतिदृढाभित्तिरपि,:अतिदृढाभित्तिः,अपि,
सेनापतेर्मौनमालक्ष्य,:सेनापतेः,मौनम्,आलक्ष्य,
भृशमुद्विग्नताम्,:भृशम्,उद्विग्नताम्,
एष,राज्यस्य,:एषः,राज्यस्य,
स,प्रमुखान्,:सः,प्रमुखान्,
ईदृशो,मल्लो,मल्लो,नासीत्,:ईदृशः,मल्लः,मल्लः,नासीत्,
यो,निःसंशयं,:यः,निःसंशयं,
तेनालीरामोऽवदत्,:तेनालीरामः,अवदत्,
नैतद्,भविष्यति,:न,एतत्,भविष्यति,
सोऽपृच्छत्,:सः,अपृच्छत्,
स,त्वं,:सः,त्वं,
मशकमिव,:मशकम्,इव,
नैषा,:न,एषा,
स,बलवतां,:सः,बलवतां,
कञ्चिदीदृशमुपायं,:कञ्चित्,ईदृशम्,उपायं,
लोका,इदं,:लोकाः,इदं,
किञ्चिद्,विचार्य,:किञ्चित्,विचार्य,
प्रमुदिता,आसन्,:प्रमुदिताः,आसन्,
मृत्योरावाहनं,:मृत्योः,आवाहनं,
एष,समाचारः,:एषः,समाचारः,
एतन्निशम्य,:एतत्,निशम्य,
यद्,भूपतिना,:यत्,भूपतिना,
स,घोषणामकार्षीत्,:सः,घोषणाम्,अकार्षीत्,
घोषणामकार्षीत्,:घोषणाम्,अकार्षीत्,
योद्धुमहं,:योद्धुम्,अहं,
नेच्छामि,:न,इच्छामि,
अस्मिंश्च,:अस्मिन्,च,
तद्,‌गृहं,:तत्,गृहं,
स,तत्र,:सः,तत्र,
पञ्चमेऽहनि,:पञ्चमे,अहनि,
उपासनानिरतोऽस्ति,:उपासनानिरतः,अस्ति,
स,जानाति,:सः,जानाति,
यद्,भैरवः,:यत्,भैरवः,
अपरिमितशक्तिसम्पन्नो,देवोऽस्ति,:अपरिमितशक्तिसम्पन्नः,देवः,अस्ति,
देवोऽस्ति,:देवः,अस्ति,
विचारोऽयं,:विचारः,अयं,
सोतिविस्मयं,:सः,अतिविस्मयं,
देवो,भैरवः,:देवः,भैरवः,
एतत्सेवनेन,:एतत्,सेवनेन,
देहो,विद्युत्समन्वितो,विद्युत्समन्वितो,भविष्यति,:देहः,विद्युत्,समन्वितः,विद्युत्,समन्वितः,भविष्यति,
आहतो,भूत्वा,:आहतः,भूत्वा,
एतदाकर्ण्य,:एतत्,आकर्ण्य,
स,तस्यामेव,:सः,तस्याम्,एव,
तस्यामेव,:तस्याम्,एव,
नृपोऽपि,:नृपः,अपि,
चकितो,भूत्वा,:चकितः,भूत्वा,
शक्तेरपेक्षया,:शक्तेः,अपेक्षया,
तेनालीरामश्च,:तेनालीरामः,च,
सहैव,:सह,एव,
रिपोर्भीतिं,:रिपोः,भीतिं,
नीतिमन्तो,बुधाग्रगाः,:नीतिमन्तः,बुधाग्रगाः,
तद्,दुरासदम्,:तत्,दुरासदम्,
