त्यजनीयो,मूर्खाणां,:त्यजनीयः,मूर्खाणां,
त्यजनीयो,मूर्खाणां,:त्यजनीयः,मूर्खाणां,
सभासद्भ्योऽपि,:सभासद्भ्यः,अपि,
तेभ्योऽवसरप्रदानाय,:तेभ्यः,अवसरप्रदानाय,
केषुचिद्,ग्रामेषु,:केषुचित्,ग्रामेषु,
विचरन्तस्ते,:विचरन्तः,ते,
तानुपेत्य,:तान्,उपेत्य,
कष्टमापन्नः,:कष्टम्,आपन्नः,
असन्तुष्टस्तु,:असन्तुष्टः,तु,
कृषका,एवममन्यन्त,:कृषकाः,एवम्,अमन्यन्त,
एवममन्यन्त,:एवम्,अमन्यन्त,
यदेते,:यत्,एते,
सुतस्नेहोऽस्ति,:सुतस्नेहः,अस्ति,
पुनरपृच्छत्,:पुनः,अपृच्छत्,
एको,वृद्धः,:एकः,वृद्धः,
त्रोटयित्वाऽऽनयत्,:त्रोटयित्वा,आनयत्,
नाबोधत्,:न,अबोधत्,
स,निजसहचरौ,:सः,निजसहचरौ,
तयोरेकः,:तयोः,एकः,
निर्बलोऽस्ति,:निर्बलः,अस्ति,
स,वृद्धं,:सः,वृद्धं,
कृषकमुवाच,:कृषकम्,उवाच,
कोऽहम्,:कः,अहम्,
स,कृषकः,:सः,कृषकः,
वेपितुमारभत,:वेपितुम्,आरभत,
अन्यो,वृद्धः,:अन्यः,वृद्धः,
सविनयमब्रवीत्,:सविनयम्,अब्रवीत्,
सम्यग्,ज्ञातवन्तः,:सम्यक्,ज्ञातवन्तः,
परमयमस्ति,:परम्,अयम्,अस्ति,
यद्,युष्माकं,:यत्,युष्माकं,
सहचरा,एव,:सहचराः,एव,
सम्यग्,न,:सम्यक्,न,
अयमाशयोऽसति,:अयम्,आशयः,असति,
यद्,भवान्,:यत्,भवान्,
मधुरश्च,:मधुरः,च,
महाभीषणोऽपि,:महाभीषणः,अपि,
स,वृद्धः,:सः,वृद्धः,
इत्युदीर्य,:इति,उदीर्य,
अनुपदमेव,:अनुपदम्,एव,
दृष्ट्वैव,:दृष्ट्वा,एव,
अत्रापि,:अत्र,अपि,
वयमनुसृताः,:वयम्,अनुसृताः,
नानुसरेयम्',:न,अनुसरेयम्',
यद्यहं,:यदि,अहं,
नानुसरेयं,:न,अनुसरेयं,
सरलहृदया,इमे,:सरलहृदयाः,इमे,
दण्डिता,भवेयुः,:दण्डिताः,भवेयुः,
भूपोऽभ्यभाषत।,:भूपः,अभ्यभाषत।,
नाहं,:न,अहं,
क्वचिद्,गमिष्यामि,:क्वचित्,गमिष्यामि,
यदद्य,:यत्,अद्य,
तस्यागमनात्,:तस्य,आगमनात्,
परमाह्लादितोऽभवत्,:परमाह्लादितः,अभवत्,
शल्यैराहतौ,:शल्यैः,आहतौ,
किञ्चिद्,वचनीयम्,:किञ्चित्,वचनीयम्,
जानन्तीदं,:जानन्ति,इदं,
कुधियो,नेदं,:कुधियः,न,इदं,
नेदं,:न,इदं,
शिवमप्यशिवं,:शिवम्,अपि,अशिवं,
