मामागत्य,:माम्,आगत्य,
जृम्भाऽभवत्,:जृम्भा,अभवत्,
रुष्टो,महाराजः,:रुष्टः,महाराजः,
ततो,गतवान्,:ततः,गतवान्,
तस्माद्दिनात्,:तस्मात्,दिनात्,
स,तिरुमलादेवीं,:सः,तिरुमलादेवीं,
नोपगच्छति,:न,उपगच्छति,
देव्युवाच,:देवी,उवाच,
मदीयो,दोषो,दोषो,नासीत्,:मदीयः,दोषः,दोषः,नासीत्,
क्षमाप्रार्थनाया,अपि,:क्षमाप्रार्थनायाः,अपि,
प्रभावो,न,:प्रभावः,न,
प्रभुरसि,:प्रभुः,असि,
स,राजसभां,:सः,राजसभां,
नृपोऽवादीत्,:नृपः,अवादीत्,
अस्मत्कृतानां,:अस्मत्,कृतानां,
उपायाश्चिन्तनीयाः,:उपायाः,चिन्तनीयाः,
बीजमुप्यते,:बीजम्,उप्यते,
महाराज,उवाच,:महाराजः,उवाच,
सोऽवदत्,:सः,अवदत्,
नापेक्ष्यते,:न,अपेक्ष्यते,
केवलमिदमावश्यकं,:केवलम्,इदम्,आवश्यकं,
नाजृम्भत,:न,अजृम्भत,
नृपोऽवदत्,:नृपः,अवदत्,
त्वादृशो,मुर्खः,:त्वादृशः,मूर्खः,
कश्चिद्,एवंविधः,:कश्चित्,एवंविधः,
तेनालीराम,उवाच,:तेनालीरामः,उवाच,
विस्मृतमेव,:विस्मृतम्,एव,
मूर्खोऽस्मि,:मूर्खः,अस्मि,
शोभनमेव,:शोभनम्,एव,
अहमधुनैव,:अहम्,अधुना,एव,
तिरुमलामुपेत्य,:तिरुमलाम्,उपेत्य,
राजोवाच,:राजा,उवाच,
स्वयमेव,:स्वयम्,एव,
आयतनमभूत्,:आयतनम्,अभूत्,
तिरुमलामुपजगाम,:तिरुमलाम्,उपजगाम,
उभयोर्वैमनस्यं,:उभयोः,वैमनस्यं,
नृपतिस्तेनालीरामाय,:नृपतिः,तेनालीरामाय,
नवमालोकं,:नवम्,आलोकं,
श्रमावसादावप्यपसरतः,:श्रमावसादौ,अपि,अपसरतः,
नाचरतः,:न,आचरतः,
