समुदिताऽभवत्,:समुदिता,अभवत्,
यदिमाः,:यत्,इमाः,
राघवमुपगम्य,:राघवम्,उपगम्य,
द्रव्यमस्मिन्,:द्रव्यम्,अस्मिन्,
सर्वमिदं,:सर्वम्,इदं,
राघवोऽवदत्,:राघवः,अवदत्,
प्रत्यागतस्त्वं,:प्रत्यागतः,त्वं,
स्यूतमुद्घाट्य,:स्यूतम्,उद्घाट्य,
कनकमुद्राश्च,:कनकमुद्राः,च,
बहिर्गच्छेत्,:बहिः,गच्छेत्,
छिद्रमपि,:छिद्रम्,अपि,
राघवमुपगतः,:राघवम्,उपगतः,
स्यूतमादाय,:स्यूतम्,आदाय,
पुनस्तमुपजगाम,:पुनः,तम्,उपजगाम,
नोचितः,:न,उचितः,
किमिदं,:किम्,इदं,
नाहं,:न,अहं,
किमासीत्,:किम्,आसीत्,
क्रोशन्नवदत्,:क्रोशन्,अवदत्,
नाहं,:न,अहं,
गच्छेतः,:गच्छ,इतः,
वञ्चयितुमिच्छसि,:वञ्चयितुम्,इच्छसि,
तत्परोऽभवत्,:तत्परः,अभवत्,
तदाऽसौ,:तदा,असौ,
यदयं,:यत्,अयं,
शक्तोऽसि,:शक्तः,असि,
तेनालीरामोऽवदत्,:तेनालीरामः,अवदत्,
ध्यानेनापश्यत्,:ध्यानेन,अपश्यत्,
ततोऽसौ,:ततः,असौ,
यदहम्,:यत्,अहम्,
अल्पेनैव,:अल्पेन,एव,
समानेष्वपि,:समानेषु,अपि,
सूक्ष्मदृशाऽवलोकनेन,:सूक्ष्मदृशा,अवलोकनेन,
आसीदेव,:आसीत्,एव,
वेङ्‌कटोऽपि,:वेङ्‌कटः,अपि,
नाशक्नोत्,:न,अशक्नोत्,
स्मित्वाऽवदत्,:स्मित्वा,अवदत्,
सन्नुवाच,:सन्,उवाच,
सोऽवदत्,:सः,अवदत्,
सौचिकमाहूय,:सौचिकम्,आहूय,
त्वयाऽयं,:त्वया,अयं,
स्यूतोऽपि,:स्यूतः,अपि,
सौचिकोऽवदत्,:सौचिकः,अवदत्,
रचयितुमहमादिष्टः,:रचयितुम्,अहम्,आदिष्टः,
मयाऽयं,:मया,अयं,
स्वकीयमपराधं,:स्वकीयम्,अपराधं,
राघवमुवाच,:राघवम्,उवाच,
स्वकृतस्यापराधस्य,:स्वकृतस्य,अपराधस्य,
मुदितोऽभवत्,:मुदितः,अभवत्,
भृशमनुतापं,:भृशम्,अनुतापं,
