कश्चिद्,विेशिष्टः,:कश्चित्,विेशिष्टः,
स,न्यवेदयत्,:सः,न्यवेदयत्,
यद्,भवतो,भवतो,राजसभा,:यत्,भवतः,भवतः,राजसभा,
किमिदं,:किम्,इदं,
सहमतो,भूपतिः,:सहमतः,भूपतिः,
स,विद्वान्,:सः,विद्वान्,
कश्चिद्,वक्तुं,:कश्चित्,वक्तुं,
स,मनीषी,:सः,मनीषी,
एतयोरपि,:एतयोः,अपि,
स,भूयो,भूयो,राजानम्,:सः,भूयः,भूयः,राजानम्,
यद्,भवत्सु,:यत्,भवत्सु,
समानाधिकारवतो,विदुषो,विदुषो,मातृभाषानिर्देशनं,:समानाधिकारवतः,विदुषः,विदुषः,मातृभाषानिर्देशनं,
परस्परमुखान्यवैक्षन्त,:परस्परमुखानि,अवैक्षन्त,
मौनमास्थितेषु,:मौनम्,आस्थितेषु,
भूपस्तेनालीराममपश्यत्,:भूपः,तेनालीरामम्,अपश्यत्,
तस्याशयं,:तस्य,आशयं,
स्वासनादुत्थाय,:स्वासनात्,उत्थाय,
तेनालीरामोऽब्रवीत्,:तेनालीरामः,अब्रवीत्,
विदुषोऽस्मद्राजसभायां,:विदुषः,अस्मत्,राजसभायां,
एतद्दर्शनैः,:एतत्,दर्शनैः,
विदुषोऽस्य,:विदुषः,अस्य,
विदुषोऽस्य,:विदुषः,अस्य,
तदाऽहं,:तदा,अहं,
राज्ञोक्तं,:राज्ञा,उक्तं,
स,विद्वान्,:सः,विद्वान्,
अतिथिगृहेऽवस्थानं,:अतिथिगृहे,अवस्थानं,
वाटिकाऽऽसीत्,:वाटिका,आसीत्,
तेनालीरामो,दिनद्वयं,:तेनालीरामः,दिनद्वयं,
सङ्गमवाप्य,:सङ्गम्,अवाप्य,
सन्तुष्टश्च,:सन्तुष्टः,च,
विद्वानपि,:विद्वान्,अपि,
स,विश्वसिति,:सः,विश्वसिति,
पुनस्तत्र,:पुनः,तत्र,
स,विद्वान्,:सः,विद्वान्,
पुनस्तं,:पुनः,तं,
चत्वरमधिष्ठाय,:चत्वरम्,अधिष्ठाय,
प्रहारमकरोत्,:प्रहारम्,अकरोत्,
तेनाघातेन,:तेन,आघातेन,
व्याकुलोऽभूत्,:व्याकुलः,अभूत्,
तमिलभाषयाऽस्मरत्,:तमिलभाषया,अस्मरत्,
इत्यपृच्छत्,:इति,अपृच्छत्,
स,विद्वान्,:सः,विद्वान्,
विकलो,जातः,:विकलः,जातः,
तत्क्षणमेव,:तत्क्षणम्,एव,
तत्कालमेव,:तत्कालम्,एव,
वैद्यमादाय,:वैद्यम्,आदाय,
स,व्याघ्रनखः,:सः,व्याघ्रनखः,
भूपालश्चकित,आसीत्,:भूपालः,चकितः,आसीत्,
स,विदुषे,:सः,विदुषे,
ततो,राजभवनं,:ततः,राजभवनं,
स,विद्वान्,:सः,विद्वान्,
चतुर्थो,दिवसः,:चतुर्थः,दिवसः,
स,स्वासनादुत्थाय,:सः,स्वासनात्,उत्थाय,
स्वासनादुत्थाय,:स्वासनात्,उत्थाय,
भवतो,मातृभाषा,:भवतः,मातृभाषा,
स,विद्वान्,:सः,विद्वान्,
स,प्रत्युवाच,:सः,प्रत्युवाच,
चोच्चारयति,:च,उच्चारयति,
स,प्रहारः,:सः,प्रहारः,
त्वथैव,:तु,अथ,एव,
सापराधोऽस्मि,:सापराधः,अस्मि,
धन्योऽसि,:धन्यः,असि,
प्रत्युत्पन्नमतेस्तव,:प्रत्युत्पन्नमतेः,तव,
एतत्सर्वं,:एतत्,सर्वं,
पारिषद्याश्च,:पारिषद्याः,च,
आपतितेऽनाशंसितदुःखे,:आपतिते,अनाशंसितदुःखे,
प्रायो,मातृगिरा,:प्रायः,मातृगिरा,
