सोऽचिन्तयत्,:सः,अचिन्तयत्,
यदेष,दुष्टः,:यत्,एषः,दुष्टः,
मृत्युदण्डाद्,अपि,:मृत्युदण्डात्,अपि,
रक्षितो,भवति,:रक्षितः,भवति,
किन्त्वहं,:किन्तु,अहं,
कथमात्मानं,:कथम्,आत्मानं,
पराभवाद्,रक्षामि,:पराभवात्,रक्षामि,
त्राणोपायः,:त्राणः,उपायः,
केनाप्युपायेन,:केनापि,उपायेन,
भवेन्मम,:भवेत्,मम,
कष्टान्मुक्तिः,:कष्टात्,मुक्तिः,
स,एकां,:सः,एकां,
तस्माद्,बहुरूपधारणचातुरीम्,:तस्मात्,बहुरूपधारणचातुरीम्,
कतिपयैरहोभिः,:कतिपयैः,अहोभिः,
प्रावीम्यमधिगत्य,:प्रावीम्यम्,अधिगत्य,
स्वकौशलप्रदर्शनदक्षोऽस्मि,:स्वकौशलप्रदर्शनदक्षः,अस्मि,
तेनोक्तम्,:तेन,उक्तम्,
भूमिकाया,निर्वाहं,:भूमिकायाः,निर्वाहं,
प्राणघातोऽपि,:प्राणघातः,अपि,
क्षन्तव्योऽस्मि,:क्षन्तव्यः,अस्मि,
ततस्तेनोक्तम्,:ततः,तेन,उक्तम्,
एतदपि,:एतत्,अपि,
कश्चिद्रिपुः,:कश्चित्,रिपुः,
स्पर्धितुमप्यक्षमतां,:स्पर्धितुम्,अपि,अक्षमतां,
मन्दा,द्विषन्ति,:मन्दाः,द्विषन्ति,
कुर्वन्त्यहितं,:कुर्वन्ति,अहितं,
मुग्धा,आभवन्,:मुग्धाः,अभवन्,
तस्मिन्नाक्रमणं,:तस्मिन्,आक्रमणं,
आहतो,बहुरूपकः,:आहतः,बहुरूपकः,
महाराजोऽपि,:महाराजः,अपि,
स,बहुरूपकस्य,:सः,बहुरूपकस्य,
तेनोक्तम्,:तेन,उक्तम्,
तदनुसारमेव,:तत्,अनुसारम्,एव,
स,तेनालीरामं,:सः,तेनालीरामं,
प्रहारमकरोत्,:प्रहारम्,अकरोत्,
सर्वमिदं,:सर्वम्,इदं,
यद्,बहुरूपकस्य,:यत्,बहुरूपकस्य,
सशङ्‌कोऽहम्,:सशङ्‌कः,अहम्,
तच्छ्रुत्वा,:तत्,श्रुत्वा,
महाराजोऽवदत्,:महाराजः,अवदत्,
कृतचेष्टमिमं,:कृतचेष्टम्,इमं,
दण्डयितुमिच्छामि,:दण्डयितुम्,इच्छामि,
शूलारोपणदण्डमर्हति,:शूलारोपणदण्डम्,अर्हति,
राज्ञो,वचनं,:राज्ञः,वचनं,
तथेति,:तथा,इति,
वयमिच्छामः,:वयम्,इच्छामः,
सफलो,भूत्वा,:सफलः,भूत्वा,
कर्तुमादिष्टः,:कर्तुम्,आदिष्टः,
भोक्तव्यमेव,:भोक्तव्यम्,एव,
महतोऽग्निकुण्डस्य,:महतः,अग्निकुण्डस्य,
वैद्या,अपि,:वैद्याः,अपि,
नारीमेव,:नारीम्,एव,
सोऽतिप्रचण्डवह्निशिखावलयिते,:सः,अतिप्रचण्डवह्निशिखावलयिते,
स,कुण्डाद्,कुण्डाद्,बहिः,:सः,कुण्डात्,कुण्डात्,बहिः,
चाख्याय,:च,आख्याय,
सोऽपि,:सः,अपि,
कैश्चिद्,दिनैः,:कैश्चित्,दिनैः,
गतो,राजगुरुः,:गतः,राजगुरुः,
तमवदत्,:तम्,अवदत्,
योऽयं,:यः,अयं,
ममोपकारः,:मम,उपकारः,
अस्या,घटनाया,घटनाया,अनन्तरं,:अस्याः,घटनायाः,घटनायाः,अनन्तरं,
बहुरूपधारणेऽप्यथ,:बहुरूपधारणे,अपि,अथ,
नवनवभावाभिनये,:नवनवभाव,अभिनये,
य,इमां,:यः,इमां,
स,परमकुशलः,:सः,परमकुशलः,
