यदस्मिन्,:यत्,अस्मिन्,
सभासदश्च,:सभासदः,च,
किन्त्वस्मिन्,:किन्तु,अस्मिन्,
मन्त्रिसेनापत्योर्योजना,:मन्त्रिसेनापत्योः,योजना,
सभासद्भिश्च,:सभासद्भिः,च,
हास्योक्तीनाम्,:हास्य,उक्तीनाम्,
दिनकरेऽस्तमुपगते,:दिनकरे,अस्तम्,उपगते,
पदमधात्,:पदम्,अधात्,
अहमहमिकया,:अहम्,अहमिकया,
निजसौर्ख्यमपि,:निजसौर्ख्यम्,अपि,
कश्चिद्भोजनग्रासम्,:कश्चित्,भोजनग्रासम्,
कञ्चुकेऽपि,:कञ्चुके,अपि,
तदाऽकस्मात्,:तदा,अकस्मात्,
पुरोहितमुपजगाम,:पुरोहितम्,उपजगाम,
कमण्डलुमादाय,:कमण्डलुम्,आदाय,
जलमपातयत्,:जलम्,अपातयत्,
क्रोधावेशमापन्नः,:क्रोधावेशम्,आपन्नः,
पुरोहितोऽभाषत,:पुरोहितः,अभाषत,
कीदृशीयं,:कीदृशी,इयं,
त्वदीयाऽसभ्यता,:त्वदीया,असभ्यता,
तामपि,:ताम्,अपि,
नास्त्येव,:नास्ति,एव,
ध्यानमाकर्षत्,:ध्यानम्,आकर्षत्,
तेनालीरामोऽनारतम्,:तेनालीरामः,अनारतम्,
अहसदेव,:अहसत्,एव,
तदैव,:तदा,एव,
कृष्णदेवरायोऽपि,:कृष्णदेवरायः,अपि,
तेनालीराममवदत्,:तेनालीरामम्,अवदत्,
केयमुन्मत्तता,:का,इयम्,उन्मत्तता,
दर्शितोन्मत्तकृत्योऽपि,:दर्शित,उन्मत्तकृत्यः,अपि,
येप्युपस्थिताः,:ये,अपि,उपस्थिताः,
जलमपि,:जलम्,अपि,
हैमीभक्षणपरोऽस्ति,:हैमीभक्षणपरः,अस्ति,
महीपतिरवदत्,:महीपतिः,अवदत्,
कञ्चुककोशोऽपि,:कञ्चुककोशः,अपि,
अशनमश्नाति,:अशनम्,अश्नाति,
तावदधिकाः,:तावत्,अधिकाः,
उत्सवावसाने,:उत्सव,आवसाने,
श्वसितीह,:श्वसिति,इह,
