विचित्रो,न्यायपथः,:विचित्रः,न्यायपथः,
विचित्रो,न्यायपथः,:विचित्रः,न्यायपथः,
कश्चिन्नरः,:कश्चित्,नरः,
समागतोऽस्मि,:समागतः,अस्मि,
भूपालस्तं,:भूपालः,तं,
वृत्तमाख्यातुम्,:वृत्तम्,आख्यातुम्,
स,उवाच,:सः,उवाच,
आतपच्छत्रोऽहं,:आतपच्छत्रः,अहं,
शिवमन्दिरस्यान्तिके,:शिवमन्दिरस्य,अन्तिके,
रक्तवर्णपुटकेऽपतत्,:रक्तवर्णपुटके,अपतत्,
स्वामिनोऽनुमत्या,:स्वामिनः,अनुमत्या,
त्वमिदं,:त्वम्,इदं,
तदाऽहम्,:तदा,अहम्,
सहमानोऽहं,:सहमानः,अहं,
दास्यान्मुक्तो,भूत्वा,:दास्यात्,मुक्तः,भूत्वा,
वचोऽङ्गीकृतम्,:वचः,अङ्गीकृतम्,
परमधुना,:परम्,अधुना,
स,मदीयं,:सः,मदीयं,
अतोऽहं,:अतः,अहं,
तद्वचनमाकर्ण्य,:तद्वचनम्,आकर्ण्य,
पृष्टश्च,:पृष्टः,च,
सोऽवदत्,:सः,अवदत्,
ह्यो,मयाऽस्मै,:ह्यः,मया,अस्मै,
मयाऽस्मै,:मया,अस्मै,
पृष्टो,ब्रवीति,:पृष्टः,ब्रवीति,
दर्शयितुमुक्तः,:दर्शयितुम्,उक्तः,
तदाऽयं,:तदा,अयं,
रोषारुणो,भूत्वा,:रोषारुणः,भूत्वा,
मामेकं,:माम्,एकं,
ततो,भूपतिः,:ततः,भूपतिः,
स,तं,:सः,तं,
त्वयाऽस्मै,:त्वया,अस्मै,
यदस्माकं,:यत्,अस्माकं,
आकृत्याऽसौ,:आकृत्या,असौ,
ततो,राजा,:ततः,राजा,
अवस्थातुमादिश्य,:अवस्थातुम्,आदिश्य,
यद्,रामदेवः,:यत्,रामदेवः,
कृतापराधोऽस्ति,:कृतापराधः,अस्ति,
स,कठोरं,:सः,कठोरं,
दण्डमर्हति,:दण्डम्,अर्हति,
तेनालीरामोऽपि,:तेनालीरामः,अपि,
तत्रासीत्,:तत्र,आसीत्,
तमपि,:तम्,अपि,
तेनोक्तं,:तेन,उक्तं,
यवनिकाया,अन्तः,:यवनिकायाः,अन्तः,
तदाहं,:तदा,अहं,
यवनिकाऽन्तर्हितोऽभवत्,:यवनिका,अन्तर्हितः,अभवत्,
अनिच्छन्तोऽपि,:अनिच्छन्तः,अपि,
पृष्टश्च,:पृष्टः,च,
तेनोक्तम्,:तेन,उक्तम्,
स,पुनरपृच्छत्,:सः,पुनः,अपृच्छत्,
पुनरपृच्छत्,:पुनः,अपृच्छत्,
यद्,हीरके,:यत्,हीरके,
कथमहं,:कथम्,अहं,
तत्रोपस्थितानां,:तत्र,उपस्थितानां,
तदैव,:तदा,एव,
त्रयोऽवदन्,:त्रयः,अवदन्,
वयमपि,:वयम्,अपि,
जीविकाभ्रष्टा,भवेम,:जीविकाभ्रष्टाः,भवेम,
हननमसत्यं,:हननम्,असत्यं,
नो,विदधाति,:नः,विदधाति,
स्पष्टमासीत्,:स्पष्टम्,आसीत्,
स,स्वामी,:सः,स्वामी,
सोऽर्थदण्डरूपेण,:सः,अर्थदण्डरूपेण,
महिमाऽधिकमुपाचीयत,:महिमा,अधिकम्,उपाचीयत,
