शैत्यचर्चाऽभवत्,:शैत्यचर्चा,अभवत्,
प्रकटयन्नुवाच,:प्रकटयन्,उवाच,
यज्ञो,विधीयेत,:यज्ञः,विधीयेत,
यतो,यज्ञधूमैः,:यतः,यज्ञधूमैः,
सभासदोऽपि,:सभासदः,अपि,
स,राजकोषात्,:सः,राजकोषात्,
स्वीकृतिमपि,:स्वीकृतिम्,अपि,
पुरोहितेनोक्तं,:पुरोहितेन,उक्तं,
सम्पत्स्यमानेऽस्मिन्,:सम्पत्स्यमाने,अस्मिन्,
व्ययो,भवति,:व्ययः,भवति,
तप,आचरिष्यामि,:तपः,आचरिष्यामि,
देवीश्च,:देवीः,च,
शीतलेऽम्बुनि,:शीतले,अम्बुनि,
तपश्चरणे,:तपः,चरणे,
व्यापृतो,जायते,:व्यापृतः,जायते,
कृष्णदेवरायोऽपि,:कृष्णदेवरायः,अपि,
द्रष्टुमनास्तत्र,:द्रष्टुमनाः,तत्र,
तेलानीरामोऽपि,:तेलानीरामः,अपि,
तपश्चर्यां,:तपः,चर्यां,
तेनालीरामोऽवदत्,:तेनालीराम,अवदत्,
तपस्यैषा,:तपस्या,एषा,
नृपोऽवदत्,:नृपः,अवदत्,
यद्येवम्,:यदि,एवम्,
समाप्ति,अत्र,:समाप्तिः,अत्र,
यदाऽसौ,:यदा,असौ,
सलिलाद्,बहिः,:सलिलात्,बहिः,
तेनालीरामश्च,:तेनालीरामः,च,
सरितो,बहिः,:सरितः,बहिः,
नागतवान्,:न,आगतवान्,
तदैव,:तदा,एव,
तेनालीराम,उवाच,:तेनालीरामः,उवाच,
स,बहिरागन्तुं,:सः,बहिरागन्तुं,
कष्टमनुभवति,:कष्टम्,अनुभवति,
साहाय्यमाचरामि,:साहाय्यम्,आचरामि,
किञ्चिद्,विचार्य,:किञ्चित्,विचार्य,
नदीजलाद्,बहिराचकर्ष,:नदीजलात्,बहिः,आचकर्ष,
बहिराचकर्ष,:बहिः,आचकर्ष,
जलाद्,बहिरागतं,:जलात्,बहिः,आगतं,
बहिरागतं,:बहिः,आगतं,
चकितो,नृपतिरवोचत्,:चकितः,नृपतिः,अवोचत्,
नृपतिरवोचत्,:नृपतिः,अवोचत्,
तेनालीरामो,विहस्यावदत्,:तेनालीरामः,विहस्य,अवदत्,
विहस्यावदत्,:विहस्य,अवदत्,
चमत्कारो,नास्ति,:चमत्कारः,नास्ति,
शैत्याद्,रक्षायै,:शैत्यात्,रक्षायै,
एतन्निशम्य,:एतत्,निशम्य,
भूपतिरुच्चैः,:भूपतिः,उच्चैः,
सलज्जो,भूत्वा,:सलज्जः,भूत्वा,
