नीतिर्जयति,:नीतिः,जयति,
नीतिर्जयति,:नीतिः,जयति,
बहिर्गमनमपि,:बहिः,गमनम्,अपि,
इदमवगतम्,:इदम्,अवगतम्,
हेतुमनुसन्धाय,:हेतुम्,अनुसन्धाय,
सीमामतिक्रम्य,:सीमाम्,अतिक्रम्य,
प्रतिवेदनमवगत्य,:प्रतिवेदनम्,अवगत्य,
सेनापतिमादिशत्,:सेनापतिम्,आदिशत्,
परीक्ष्यैव,:परीक्ष्य,एव,
चातङ्‌कः,:च,आतङ्‌कः,
राज्ञस्तर्जनां,:राज्ञः,तर्जनां,
विषमेऽस्मिन्,:विषमे,अस्मिन्,
विपज्जाले,:विपत्,जाले,
शनैरुवाच,:शनैः,उवाच,
सङ्‌केतमवगत्य,:सङ्‌केतम्,अवगत्य,
तेनालीराममगदत्,:तेनालीरामम्,अगदत्,
कृत्यमिदम्,:कृत्यम्,इदम्,
स्वासनादुत्थाय,:स्वासनात्,उत्थाय,
परिवारमपि,:परिवारम्,अपि,
भवच्चरणयोः,:भवत्,चरणयोः,
निपातयितुमीशे,:निपातयितुम्,ईशे,
कृष्णदेवोऽवादीत्,:कृष्णदेवः,अवादीत्,
त्वमस्य,:त्वम्,अस्य,
कार्यमिदं,:कार्यम्,इदं,
सपद्येव,:सपदि,एव,
वार्तेयं,:वार्ता,इयं,
प्रथिताऽभवत्,:प्रथिता,अभवत्,
समाचारमिमम्,:समाचारम्,इमम्,
हसितुमारभत,:हसितुम्,आरभत,
तमयं,:तम्,अयं,
अहमद्यैव,:अहम्,अद्य,एव,
ततोऽसौ,:ततः,असौ,
प्रवृत्तिमवगन्तुं,:प्रवृत्तिम्,अवगन्तुं,
गृहमन्विष्य,:गृहम्,अन्विष्य,
मुखमावृत्य,:मुखम्,आवृत्य,
तद्‌गृहमुपेतवान्,:तद्‌गृहम्,उपेतवान्,
इत्युच्चारयन्,:इति,उच्चारयन्,
कल्याणमस्तु,:कल्याणम्,अस्तु,
आवृतमासीत्,:आवृतम्,आसीत्,
नोद्घाटयामि,:न,उद्घाटयामि,
नोद्घाटये,:न,उद्घाटये,
श्रुत्वैतत्,:श्रुत्वा,एतत्,
मोदमवाप,:मोदम्,अवाप,
यदैव,:यदा,एव,
तदैव,:तदा,एव,
गर्जंश्चावदत्,:गर्जन्,च,अवदत्,
कोऽहम्,:कः,अहम्,
शेरखानोऽस्मि,:शेरखानः,अस्मि,
भूमावपतत्,:भूमौ,अपतत्,
रज्जुभिर्निबद्धोऽभवत्,:रज्जुभिः,निबद्धः,अभवत्,
प्राणभिक्षामयाचत,:प्राणभिक्षाम्,अयाचत,
त्वयाऽवगतं,:त्वया,अवगतं,
सोऽवदत्,:सः,अवदत्,
मयाऽवगतम्,:मया,अवगतम्,
तस्यावासम्,:तस्य,आवासम्,
गृहमुपेत्य,:गृहम्,उपेत्य,
तच्छ्रुत्वा,:तत्,श्रुत्वा,
नृपतिस्तं,:नृपतिः,तं,
महार्घैरुपहारैः,:महार्घैः,उपहारैः,
