सम्मानभावश्च,:सम्मानभावः,च,
एतन्न,:एतत्,न,
तस्यानिष्टमेव,:तस्य,अनिष्टम्,एव,
कश्चिदुपायः,:कश्चित्,उपायः,
महत्त्वमिच्छन्ति,:महत्त्वम्,इच्छन्ति,
कश्चिदवाप्तुं,:कश्चित्,अवाप्तुं,
योग्यताऽस्ति,:योग्यता,अस्ति,
चतुरैर्वञ्चकैर्धूर्तैर्मञ्जुजालं,:चतुरैः,वञ्चकैःधूर्तैः,मञ्जुजालं,
गुणैरेव,:गुणैः,एव,
महाराजोऽपि,:महाराजः,अपि,
सद्‌गुणैश्च,:सद्‌गुणैः,च,
महाराजमनुनीय,:महाराजम्,अनुनीय,
भवत्यैव,:भवति,एव,
जाननाऽपि,:जानना,अपि,
निजभ्रातुर्हितं,:निजभ्रातुः,हितं,
नावेक्षते,:न,अवेक्षते,
प्रासादमुपेयुषि,:प्रासादम्,उपेयुषि,
अकारणमेव,:अकारणम्,एव,
स्वीयमनुरोधं,:स्वीयम्,अनुरोधं,
भूपोऽभणत्,:भूपः,अभणत्,
स्पष्टमुदीरय,:स्पष्टम्,उदीरय,
नितान्तमभिज्ञः,:नितान्तम्,अभिज्ञः,
पुनरवदत्,:पुनः,अवदत्,
तच्छ्रुत्वा,:तत्,श्रुत्वा,
नेतुमागमिष्यति,:नेतुम्,आगमिष्यति,
तमयोग्यं,:तम्,अयोग्यं,
नैति,:न,एति,
प्रचारिताऽभवत्,:प्रचारिताः,अभवत्,
भूपतिमहिष्योर्मध्ये,:भूपतिमहिष्योः,मध्ये,
नालपतः,:न,अलपतः,
तेनालीराममपि,:तेनालीरामम्,अपि,
इदमादिशत्,:इदम्,आदिशत्,
आनयनेऽसमर्थः,:आनयने,असमर्थः,
तत्रागत्य,:तत्र,आगत्य,
इदमाकर्ण्य,:इदम्,आकर्ण्य,
भीतेव,:भीता,इव,
आशङ्‌कितेव,:आशङ्‌किता,इव,
एतद्विषये,:एतत्,विषये,
सोऽवदत्,:सः,अवदत्,
रुष्टोऽस्ति,:रुष्टः,अस्ति,
कलहैरशान्तोऽस्मि,:कलहैः,अशान्तः,अस्मि,
उद्यानेऽमिलत्,:उद्याने,अमिलत्,
यदहं,:यत्,अहं,
ततोऽसौ,:ततः,असौ,
सर्वमवगतवान्,:सर्वम्,अवगतवान्,
उक्तवांश्च,:उक्तवान्,च,
पातिताऽसि,:पातिता,असि,
नानेष्यति,:न,आनेष्यति,
पुनस्तां,:पुनः,तां,
भूपोऽभणत्,:भूपः,अभणत्,
परिवञ्चिताऽसि,:परिवञ्चिता,असि,
ह्यङ्गनानां,:हि,अङ्गनानां,
दक्षश्च,:दक्षः,च,
