उक्तवांश्च,:उक्तवान्,च,
ममातीव,:मम,अतीव,
प्रियोऽस्ति,:प्रियः,अस्ति,
प्रष्टव्योऽसि,:प्रष्टव्यः,असि,
परमेकस्मिन्,:परम्,एकस्मिन्,
तस्मादन्यः,:तस्मात्,अन्यः,
प्रभुर्नासीत्,:प्रभुः,नासीत्,
शुकस्तु,:शुकः,तु,
ततोऽवसरं,:ततः,अवसरं,
महाराजोऽपृच्छत्,:महाराजः,अपृच्छत्,
किमभवत्,:किम्,अभवत्,
कथमेवम्,:कथम्,एवम्,
गतोऽसि,:गतः,असि,
विलोकितवांश्च,:विलोकितवान्,च,
महाराजोऽवदत्,:महाराजः,अवदत्,
तेनालीरामोऽवदत्,:तेनालीरामः,अवदत्,
भवतैव,:भवता,एव,
कथितमासीत्,:कथितम्,आसीत्,
प्रसन्नोऽभवत्,:प्रसन्नः,अभवत्,
वाक्पटुमभिनन्दन्ति,:वाक्पटुम्,अभिनन्दन्ति,
प्रियोऽप्यसौ,:प्रियः,अपि,असौ,
रक्षामपि,:रक्षाम्,अपि,
आत्मनोऽपि,:आत्मनः,अपि,
चान्येषाम्,:च,अन्येषाम्,
