सहचरोऽभवत्,:सहचरः,अभवत्,
भावियोजनानामपि,:भावियोजनानाम्,अपि,
नान्ये,:न,अन्ये,
अतस्तैः,:अतः,तैः,
सर्वमुद्यानं,:सर्वम्,उद्यानं,
रात्रावेव,:रात्रौ,एव,
प्रातरुद्यानं,:प्रातः,उद्यानं,
एतास्तु,:एताः,तु,
सभासदोऽपि,:सभासदः,अपि,
तेऽवदन्,:ते,अवदन्,
प्रातरेव,:प्रातः,एव,
तेनेदं,:तेन,इदं,
भवानपि,:भवान्,अपि,
तस्यापि,:तस्य,अपि,
अवसरेऽनवसरे,:अवसरे,अनवसरे,
अत्रागमनात्,:अत्र,आगमनात्,
मुक्तिर्भविष्यति,:मुक्तिः,भविष्यति,
एतन्निशम्य,:एतत्,निशम्य,
गावश्च,:गावः,च,
तेनालीरामेणापि,:तेनालीरामेण,अपि,
चतुर्थेऽहनि,:चतुर्थे,अहनि,
गोपानादाय,:गोपान्,आदाय,
योऽर्थदण्डः,:यः,अर्थदण्डः,
वक्तुमिच्छन्ति,:वक्तुम्,इच्छन्ति,
तेऽवोचन्,:ते,अवोचन्,
दिवसेऽपि,:दिवसे,अपि,
ज्ञातमभवत्,:ज्ञातम्,अभवत्,
गोपेभ्यश्च,:गोपेभ्यः,च,
अविलोक्याऽऽत्महानिं,:अविलोक्या,आत्महानिं,
