लोभो,व्याधिरनन्तकः,:लोभः,व्याधिः,अनन्तकः,
व्याधिरनन्तकः,:व्याधिः,अनन्तकः,
लोभो,व्याधिरनन्तकः,:लोभः,व्याधिः,अनन्तकः,
व्याधिरनन्तकः,:व्याधिः,अनन्तकः,
समुदिताऽभवत्,:समुदिता,अभवत्,
स,मन्त्रिणम्,:सः,मन्त्रिणम्,
कञ्चिद्,भूखण्डम्,:कञ्चित्,भूखण्डम्,
राज्ञोऽनुमत्या,:राज्ञः,अनुमत्या,
अप्यासीत्,:अपि,आसीत्,
सम्बद्धा,आसन्,:सम्बद्धाः,आसन्,
एतदाकर्ण्य,:एतत्,आकर्ण्य,
विचारमग्नो,जातः,:विचारमग्नः,जातः,
सभासदोऽपृच्छत्,:सभासदः,अपृच्छत्,
तदैव,:तदा,एव,
यदब्रवीत्,:यत्,अब्रवीत्,
समागतोऽस्मि,:समागतः,अस्मि,
स,योगी,:सः,योगी,
स,योगी,:सः,योगी,
सम्प्रेषिताऽस्ति,:सम्प्रेषिता,अस्ति,
तामानीय,:ताम्,आनीय,
इत्युक्त्वाऽसौ,:इत्युक्त्वा,असौ,
स,स्तब्धः,:सः,स्तब्धः,
प्रतिमाया,विद्यमानता,:प्रतिमायाः,विद्यमानता,
ततो,भूपेन,:ततः,भूपेन,
परितो,विलोकितं,:परितः,विलोकितं,
तेनालीरामो,नासीत्,:तेनालीरामः,नासीत्,
अवदंश्च,:अवदन्,च,
ज्ञातमस्माभिः,:ज्ञातम्,अस्माभिः,
त्वमेवासीः,:त्वम्,एव,असीः,
नृपोऽपि,:नृपः,अपि,
विष्णुमूर्तिरेषा,:विष्णुमूर्तिः,एषा,
सत्यमपि,:सत्यम्,अपि,
चेद्,अधिकाधिकमीहते,:चेत्,अधिकाधिकम्,ईहते,
अधिकाधिकमीहते,:अधिकाधिकम्,ईहते,
लोभो,व्याधिरनन्तकः,:लोभः,व्याधिः,अनन्तकः,
व्याधिरनन्तकः,:व्याधिः,अनन्तकः,
