वाक्चतुरो,गरिमाणम्,:वाक्चतुरः,गरिमाणम्,
वाक्चतुरो,गरिमाणम्,:वाक्चतुरः,गरिमाणम्,
लब्धविजयो,भूपः,:लब्धविजयः,भूपः,
तेनोक्तं,:तेन,उक्तं,
यदेष,विजयः,:यदेषः,विजयः,
मामकीनो,नास्ति,:मामकीनः,नास्ति,
अतो,मम,:अतः,मम,
सदस्या,अस्मिन्नवसरे,:सदस्याः,अस्मिन्,अवसरे,
अस्मिन्नवसरे,:अस्मिन्,अवसरे,
एतस्या,राजघोषणाया,राजघोषणाया,अनन्तरं,:एतस्याः,राजघोषणायाः,राजघोषणायाः,अनन्तरं,
स,मण्‍डपः,:सः,मण्‍डपः,
निहिता,आसन्,:निहिताः,आसन्,
ईदृशेऽवसरे,:ईदृशे,अवसरे,
समुत्सुका,बभूवुः,:समुत्सुकाः,बभूवुः,
पुरस्कारमदातुम्,:पुरस्कारम्,अदातुम्,
पुरस्कारा,आसन्,:पुरस्काराः,आसन्,
किञ्चित्कालं,:किञ्चित्,कालं,
शीघ्रमेव,:शीघ्रम्,एव,
पुरस्कारा,गृहीता,गृहीता,।,:पुरस्काराः,गृहीताः,गृहीताः,।,
सन्तुष्टा,आसन्,:सन्तुष्टाः,आसन्,
कस्यैष,पुरस्कारः,:कस्य,एषः,पुरस्कारः,
नापश्यन्,:न,अपश्यन्,
तमनुपस्थितं,:तम्,अनुपस्थितं,
सदस्या,मुदिताः,:सदस्याः,मुदिताः,
इत्यासीत्,:इति,आसीत्,
पुरस्कार,भवन्तं,:पुरस्कारः,भवन्तं,
ध्यानेनापश्यत्।,:ध्यानेन,अपश्यत्।,
विभूषिता,आसन्,:विभूषिताः,आसन्,
कश्चिद्,हीरकजटितां,:कश्चित्,हीरकजटितां,
सर्वमवगतम्,:सर्वम्,अवगतम्,
तद्,रजतस्थालकमादाय,:तत्,रजतस्थालकम्,आदाय,
रजतस्थालकमादाय,:रजतस्थालकम्,आदाय,
स्थालमेवं,:स्थालम्,एवं,
किञ्चिदस्तीति,:किञ्चित्,अस्ति,इति,
स्थालकमेवम्,:स्थालकम्,एवम्,
महीभृदुवाच,:महीभृत्,उवाच,
किमिदं,:किम्,इदं,
सविनयमभाषत,:सविनयम्,अभाषत,
भवतो,गृहीतानि,:भवतः,गृहीतानि,
प्रथमोऽयमवसरः,:प्रथमः,अयम्,अवसरः,
जना,जानीयुः,:जनाः,जानीयुः,
बुद्धिचातुर्यगर्भामुक्तिम्,:बुद्धिचातुर्यगर्भाम्,उक्तिम्,
स्वकण्ठाद्,उन्मुच्य,:स्वकण्ठात्,उन्मुच्य,
उपहारो,वर्तते,:उपहारः,वर्तते,
करतलध्वनिनाऽगुञ्जत्,:करतलध्वनिना,अगुञ्जत्,
समानभावेऽपि,:समानभावे,अपि,
नरो,विन्दति,:नरः,विन्दति,
