निर्धनो,विप्रः,:निर्धनः,विप्रः,
वचनमनुरुध्य,:वचनम्,अनुरुध्य,
सोऽनेकशः,:सः,अनेकशः,
नासादितवान्,:न,असादितवान्,
स,तेनालीरामं,:सः,तेनालीरामं,
कमप्युपायम्,:कमपि,उपायम्,
तत्रानेके,:तत्र,अनेके,
यतयश्च,:यतयः,च,
समवेता,आसन्,:समवेताः,आसन्,
क्रोशानतिक्रान्तः,:क्रोशान्,अतिक्रान्तः,
महूर्तेनैव,:महूर्तेन,एव,
प्रवृत्ता,बभूवुः,:प्रवृत्ताः,बभूवुः,
आनेतुमादिशत्,:आनेतुम्,आदिशत्,
नोपालभ्यत,:न,उपालभ्यत,
सभासद्,आगत्य,:सभासत्,आगत्य,
यद्,एकस्मिन्,:यत्,एकस्मिन्,
घटा,निहिताः,:घटाः,निहिताः,
कस्तावत्,:कः,तावत्,
मन्त्रिणो,वचसा,:मन्त्रिणः,वचसा,
कुटीरमुपेत्य,:कुटीरम्,उपेत्य,
तदैव,:तदा,एव,
स,ब्राह्मणः,:सः,ब्राह्मणः,
तत्राजगाम,:तत्र,आजगाम,
जलमाददतः,:जलम्,आददतः,
विप्रमवदत्,:विप्रम्,अवदत्,
पिपासिता,वयम्,:पिपासिताः,वयम्,
कुटीरमागत्य,:कुटीरम्,आगत्य,
किमेतेन,:किम्,एतेन,
पागोदा,दीयन्ताम्।,:पागोदाः,दीयन्ताम्।,
स,दीनो,दीनो,विप्रः,:सः,दीनः,दीनः,विप्रः,
सम्राजमवदत्,:सम्राजम्,अवदत्,
नाहं,:न,अहं,
जलमेतद्,ईश्वरस्य,:जलम्,एतत्,ईश्वरस्य,
दक्षिणेति,:दक्षिणा,इति,
तामहम्,:ताम्,अहम्,
सोऽवदत्,:सः,अवदत्,
ब्राह्मणोऽयम्,:ब्राह्मणः,अयम्,
भगवत्प्रसाद,एव,:भगवत्प्रसादः,एव,
दक्षिणाऽपि,:दक्षिणा,अपि,
एतद्,वीक्ष्य,:एतत्,वीक्ष्य,
