प्रीतिर्यत्र,:प्रीतिः,यत्र,
प्रीतिर्यत्र,:प्रीतिः,यत्र,
नृपस्तौ,:नृपः,तौ,
भवतोर्मध्ये,:भवतोः,मध्ये,
एकतरोऽवदत्,:एकतरः,अवदत्,
मयाऽयं,:मया,अयं,
हंसमर्पयितुं,:हंसम्,अर्पयितुं,
मित्रमुपगतवान्,:मित्रम्,उपगतवान्,
अपरोऽवदत्,:अपरः,अवदत्,
अस्यैव,:अस्य,एव,
कथमहम्,:कथम्,अहम्,
चावेक्ष्य,:च,अवेक्ष्य,
निर्णयेऽक्षमं,:निर्णये,अक्षमं,
किमेवंविधे,:किम्,एवंविधे,
धन्योऽस्ति,:धन्यः,अस्ति,
यत्रौदार्यं,:यत्र,औदार्यं,
विचित्रोऽभियोगः,:विचित्रः,अभियोगः,
श्रुतश्च,:श्रुतः,च,
अर्धमर्धं,:अर्धम्,अर्धं,
पुरोहितोऽवदत्,:पुरोहितः,अवदत्,
मौनामास्थाय,:मौनाम्,आस्थाय,
आसनमध्यतिष्ठत्,:आसनम्,अध्यतिष्ठत्,
ममाऽयं,:मम,अयं,
भूपतिरपि,:भूपतिः,अपि,
