उत्तमजातीया,वृन्ताकपादपा,वृन्ताकपादपा,आसन्,:उत्तमजातीयाः,वृन्ताकपादपाः,वृन्ताकपादपाः,आसन्,
वृन्ताकशाकोऽपि,:वृन्ताकशाकः,अपि,
परिवेषितोऽभवत्,:परिवेषितः,अभवत्,
शाकमश्नात्,:शाकम्,अश्नात्,
गृहमुपेत्य,:गृहम्,उपेत्य,
प्रशंसामाकर्ण्य,:प्रशंसाम्,आकर्ण्य,
शाकमास्वादयितुं,:शाकम्,आस्वादयितुं,
मसीहाऽस्ति,:मसीहा,अस्ति,
तेनालीरामोऽभणत्,:तेनालीरामः,अभणत्,
नैतच्छक्यम्,:न,एतत्,शक्यम्,
नाहं,:न,अहं,
अनाकर्ण्येव,:अनाकर्ण्य,एव,
याचितोऽसि,:याचितः,असि,
करणीयमेव,:करणीयम्,एव,
विज्ञैरुक्तो,ह्याग्रहो,ह्याग्रहो,दुर्निवारः,:विज्ञैः,उक्तः,हि,आग्रहः,हि,आग्रहः,दुर्निवारः,
यत्नैरुग्रैस्तं,:यत्नैः,उग्रैः,तं,
प्रपूर्यैव,:प्रपूर्य,एव,
नान्यथा,:न,अन्यथा,
विवशो,भूत्वा,:विवशः,भूत्वा,
गृहमानयत्,:गृहम्,आनयत्,
वृन्ताकशाकमपचत्,:वृन्ताकशाकम्,अपचत्,
शाकमास्वाद्य,:शाकम्,आस्वाद्य,
साऽवदत्,:सा,अवदत्,
तनयोऽपि,:तनयः,अपि,
स्वादिष्ठमिमं,:स्वादिष्ठम्,इमं,
शाकमास्वादयतु,:शाकम्,आस्वादयतु,
तेनालीरामोऽवदत्,:तेनालीरामः,अवदत्,
मैवं,:मा,एवं,
कथमेतत्,:कथम्,एतत्,
धीमतामग्राणीस्त्वं,:धीमताम्,अग्राणीः,त्वं,
कञ्चिदुपायं,:कञ्चित्,उपायं,
अग्रणीर्धीमतां,:अग्रणीः,धीमतां,
त्वदीप्सितं,:त्वत्,ईप्सितं,
द्रोणमादाय,:द्रोणम्,आदाय,
छदिमुपेतवान्,:छदिम्,उपेतवान्,
प्रगाढनिद्रासुखमनुभवति,:प्रगाढनिद्रासुखम्,अनुभवति,
बालकस्योपरि,:बालकस्य,उपरि,
वृष्टिमिव,:वृष्टिम्,इव,
प्रबोध्यावदत्,:प्रबोध्य,अवदत्,
वृष्टिर्भवति,:वृष्टिः,भवति,
नीचैर्गत्वा,:नीचैः,गत्वा,
स,तं,:सः,तं,
भोजनमकारयत्,:भोजनम्,अकारयत्,
वृन्ताकशाकमाशयत्,:वृन्ताकशाकम्,आशयत्,
अशाययच्च,:अशाययत्,च,
सूचनाऽधिगता,:सूचना,अधिगता,
नगरेऽप्यस्या,घटनाया,घटनाया,सर्वत्र,:नगरे,अपि,अस्याः,घटनायाः,घटनायाः,सर्वत्र,
घोषणाऽपि,:घोषणा,अपि,
नृपतिनाभ्यधायि,:नृपतिना,अभ्यधायि,
जानामीदम्,:जानामि,इदम्,
स,केनाप्युपायेन,:सः,केनापि,उपायेन,
केनाप्युपायेन,:केनापि,उपायेन,
पुत्रमाकारय,:पुत्रम्,आकारय,
स,सत्यं,:सः,सत्यं,
समाहूतोऽभवत्,:समाहूतः,अभवत्,
सोऽवदत्,:सः,अवदत्,
मयाऽतिस्वादिष्ठः,:मया,अतिस्वादिष्ठः,
तेनालीरममुवाच,:तेनालीरामम्,उवाच,
यद्,भवान्,:यत्,भवान्,
तेनालीरामोऽभणत्,:तेनालीरामः,अभणत्,
एष,बालस्तु,:एषः,बालः,तु,
बालस्तु,:बालः,तु,
गत,आसीत्,:गतः,आसीत्,
नूनमनेन,:नूनम्,अनेन,
दृष्टो,भवेत्,:दृष्टः,भवेत्,
अहमधुनैव,:अहम्,अधुना,एव,
बालकोऽवादीत्,:बालकः,अवादीत्,
एकोऽपि,:एकः,अपि,
नापतत्,:न,अपतत्,
बालोऽयं,:बालः,अयं,
क्षमामयाचत,:क्षमाम्,अयाचत,
