विद्वांसश्च,:विद्वांसः,च,
शास्त्रार्थकार्यक्रमोऽपि,:शास्त्रार्थकार्यक्रमः,अपि,
अतोऽसौ,:अत,असौ,
विद्वांसश्च,:विद्वांसः,च,
राजगुरुरवदत्,:राजगुरुः,अवदत्,
माभूः,:मा,अभूः,
त्वदनुपस्थितेः,:त्वत्,अनुपस्थितेः,
इदमप्यवधारय,:इदम्,अपि,अवधारय,
तेनालीरामोऽपि,:तेनालीरामः,अपि,
नागतः,:न,आगतः,
नृपोऽवदत्,:नृपः,अवदत्,
नेदं,:न,इदं,
नाहं,:न,अहं,
नृपतिर्जगाद,:नृपतिः,जगाद,
नृपोऽभाषत,:नृपः,अभाषत,
अतिविचित्रमिदम्,:अतिविचित्रम्,इदम्,
नापीडयत्,:न,अपीडयत्,
नायं,:न,अयं,
उत्पत्तिर्न,:उत्पत्तिः,न,
स्वशक्तिसीमामतिक्रमति,:स्वशक्तिसीमाम्,अतिक्रमति,
सोऽनेन,:सः,अनेन,
पुरुषोऽस्ति,:पुरुषः,अस्ति,
लोकास्तेषां,:लोकाः,तेषां,
परदोषज्ञानेऽतिपटीयान्,:परदोषज्ञाने,अतिपटीयान्,
तमाद्रिये,:तम्,आद्रिये,
सत्यमुच्यते,:सत्यम्,उच्यते,
तस्यैव,:तस्य,एव,
साधूक्तम्,:साधु,उक्तम्,
किमेतेन,:किम्,एतेन,
पूजामर्हति,:पूजाम्,अर्हति,
करोत्वसौ,:करोति,असौ,
