शक्तेर्गरीयसी,:शक्तेः,गरीयसी,
शक्तोर्गरीयसी,:शक्तेः,गरीयसी,
चासौ,:च,असौ,
वार्तेयं,:वार्ता,इयं,
श्रीकृष्णदेवरायस्यापि,:श्रीकृष्णदेवरायस्य,अपि,
मुधैव,:मुधा,एव,
सिक्काशक्तिर्वीक्षिताऽऽसीत्,:सिक्काशक्तिः,वीक्षिता,आसीत्,
इष्टकामपि,:इष्टकाम्,अपि,
अतिदृढाभित्तिरपि,:अतिदृढाभित्तिः,अपि,
सेनापतेर्मौनमालक्ष्य,:सेनापतेः,मौनम्,आलक्ष्य,
भृशमुद्विग्नताम्,:भृशम्,उद्विग्नताम्,
तेनालीरामोऽवदत्,:तेनालीरामः,अवदत्,
सोऽपृच्छत्,:सः,अपृच्छत्,
मशकमिव,:मशकम्,इव,
नैषा,:न,एषा,
कञ्चिदीदृशमुपायं,:कञ्चित्,ईदृशम्,उपायं,
मृत्योरावाहनं,:मृत्योः,आवाहनं,
एतन्निशम्य,:एतत्,निशम्य,
घोषणामकार्षीत्,:घोषणाम्,अकार्षीत्,
योद्धुमहं,:योद्धुम्,अहं,
नेच्छामि,:न,इच्छामि,
अस्मिंश्च,:अस्मिन्,च,
पञ्चमेऽहनि,:पञ्चमे,अहनि,
उपासनानिरतोऽस्ति,:उपासनानिरतः,अस्ति,
देवोऽस्ति,:देवः,अस्ति,
विचारोऽयं,:विचारः,अयं,
सोतिविस्मयं,:सः,अतिविस्मयं,
एतत्सेवनेन,:एतत्,सेवनेन,
एतदाकर्ण्य,:एतत्,आकर्ण्य,
तस्यामेव,:तस्याम्,एव,
नृपोऽपि,:नृपः,अपि,
शक्तेरपेक्षया,:शक्तेः,अपेक्षया,
तेनालीरामश्च,:तेनालीरामः,च,
सहैव,:सह,एव,
रिपोर्भीतिं,:रिपोः,भीतिं,
