अंगरक्षकाश्च,:अंगरक्षकाः,च,
उद्‌गमस्थलेऽसौ,:उद्‌गमस्थले,असौ,
दर्शनसौभाग्यमविन्दत्।,:दर्शनसौभाग्यम्,अविन्दत्।,
किन्त्वसौ,:किन्तु,असौ,
शून्येऽवस्थितः,:शून्ये,अवस्थितः,
दृश्येनानेन,:दृश्येन,अनेन,
स्वासनमध्यतिष्ठत्।,:स्वासनम्,अध्यतिष्ठत्।,
ततस्तान्,:ततः,तान्,
नृपतिमपृच्छत्,:नृपतिम्,अपृच्छत्,
सविनयमब्रवीत्,:सविनयम्,अब्रवीत्,
यदभिधित्ससि।,:यत्,अभिधित्ससि।,
वित्तसंकटमेघैराच्छन्नं,:वित्तसंकटमेघै,आच्छन्नं,
नर्मदाजलेनापूर्य,:नर्मदाजलेन,अपूर्य,
भूपतिरादिष्टः,:भूपतिः,आदिष्टः,
मन्त्रमुच्चार्य,:मन्त्रम्,उच्चार्य,
अग्रेऽपि,:अग्रे,अपि,
ततोऽसौ,:ततः,असौ,
नृपतेश्चित्तम्,:नृपतेः,चित्तम्,
राज्ञाऽभाषि,:राज्ञा,अभाषि,
इदमभिमन्त्रितं,:इदम्,अभिमन्त्रितं,
भूत्वाऽवदत्,:भूत्वा,अवदत्,
महीपतिरुवाच,:महीपतिः,उवाच,
यदाऽसौ,:यदा,असौ,
तेऽसूचयन्,:ते,असूचयन्,
शयानोऽस्ति,:शयानः,अस्ति,
आकाशकुसुमायितमिव,:आकाशकुसुमायितम्,इव,
जलपात्रमपि,:जलपात्रम्,अपि,
रथेऽवरुद्धे,:रथे,अवरुद्धे,
तमुपयान्ति।,:तम्,उपयान्ति।,
स्यूतमादाय,:स्यूतम्,आदाय,
भूपोऽभाषत,:भूपः,अभाषत,
पात्रमानेतुम्,:पात्रम्,आनेतुम्,
आदिष्टोऽसि,:आदिष्टः,असि,
भूपालस्तमवदत्,:भूपालः,तम्,अवदत्,
सुरक्षितमकारि?,:सुरक्षितम्,अकारि?,
अकथयच्च,:अकथयत्,च,
सोऽवदत्,:सः,अवदत्,
भवत्कृपामेव,:भवत्कृपाम्,एव,
भूपस्तं,:भूपः,तं,
अनिष्टमीहन्ते,:अनिष्टम्,ईहन्ते,
सम्पादनेऽभिरामम्,:सम्पादने,अभिरामम्,
लोकेऽर्जितप्रतिष्ठः,:लोके,अर्जितप्रतिष्ठः,
