उद्विग्नमासीत्,:उद्विग्नम्,आसीत्,
सोऽस्मिन्,:सः,अस्मिन्,
साऽवदत्,:सा,अवदत्,
पुरोहितमाकार्य,:पुरोहितम्,आकार्य,
तत्सर्वमकथयत्,:तत्सर्वम्,अकथयत्,
चापृच्छत्।,:च,अपृच्छत्।,
पञ्चाङ्गमुद्घाट्य,:पञ्चाङ्गम्,उद्घाट्य,
गणनामारभत,:गणनाम्,आरभत,
तदैव,:तदा,एव,
समुदिताऽभवत्,:समुदिता,अभवत्,
सोऽवदत्,:सः,अवदत्,
सक्रोधमवदत्,:सक्रोधम्,अवदत्,
कोऽसौ,:कः,असौ,
ज्ञातुमैच्छत्,:ज्ञातुम्,ऐच्छत्,
ज्ञातुमाकुलः,:ज्ञातुम्,आकुलः,
बहिर्या,:बहिः,यातु,
तेनालीरामोऽपि,:तेनालीरामः,अपि,
एतद्विज्ञाय,:एतत्,विज्ञाय,
चादाय,:च,आदाय,
एतद्घटनाचक्रं,:एतत्,घटनाचक्रं,
ततोऽकस्मात्,:ततः,अकस्मात्,
कश्चिन्महात्मा,:कश्चित्,महात्मा,
दशभिर्द्वादशभिर्वा,:दशभिः,द्वादशभिः,वा,
कश्चिन्महात्मा,:कश्चित्,महात्मा,
समागतोऽस्ति,:समागतः,अस्ति,
सर्वमुक्तवती,:सर्वम्,उक्तवती,
सोऽपि,:सः,अपि,
मिलितुमुत्सुकोऽभवत्,:मिलितुम्,उत्सुकः,अभवत्,
पर्यायेणैव,:पर्यायेण,एव,
तमुपयान्ति,:तम्,उपयान्ति,
कृष्णदेवोऽपि,:कृष्णदेवः,अपि,
तस्यावासम्,:तस्य,अवासम्,
विस्मितोऽभवत्,:विस्मितः,अभवत्,
दोषपूर्णाऽस्ति,:दोषपूर्णा,अस्ति,
पक्षपातैश्च,:पक्षपातैः,च,
नुपतेश्चित्तं,:नृपतेः,चित्तं,
क्लेशमन्वभवत्,:क्लेशम्,अन्वभवत्,
तदैव,:तदा,एव,
सोऽभ्यन्तरं,:सः,अभ्यन्तरं,
सोऽवदत्,:सः,अवदत्,
ध्यानेनापश्यत्,:ध्यानेन,अपश्यत्,
तमवदत्,:तम्,अवदत्,
नावेदितं,:न,अवेदितं,
आवश्यकताऽऽसीत्,:आवश्यकता,आसीत्,
सर्वमहं,:सर्वम्,अहं,
निष्कासितोऽभवम्,:निष्कासितः,अभवम्,
शममुपगतः,:शमम्,उपगतः,
कोपमाभाष्य,:कोपम्,आभाष्य,
मूलकारणमन्विष्य,:मूलकारणम्,अन्विष्य,
