ईरानदेशीयशैल्या,अलमक्रियत,:ईरानदेशीयशैल्याः,अलमक्रियत,
द्रवो,निरमीयत,:द्रवः,निरमीयत,
यदस्मिन्,:यत्,अस्मिन्,
प्रतिष्ठिता,जनाः,:प्रतिष्ठिताः,जनाः,
सभासदश्च,:सभासदः,च,
स,'मूर्खराजः',:सः,'मूर्खराजः',
सुवर्णमुद्रा,अपि,:सुवर्णमुद्राः,अपि,
किन्त्वस्मिन्,:किन्तु,अस्मिन्,
मन्त्रिसेनापत्योर्योजना,:मन्त्रिसेनापत्योः,योजना,
सभासद्भिश्च,:सभासद्भिः,च,
हास्योक्तीनाम्,:हास्य,उक्तीनाम्,
दिनकरेऽस्तमुपगते,:दिनकरे,अस्तम्,उपगते,
पदमधात्,:पदम्,अधात्,
निमन्त्रिता,अभवन्,:निमन्त्रिताः,अभवन्,
अहमहमिकया,:अहम्,अहमिकया,
निजसौर्ख्यमपि,:निजसौर्ख्यम्,अपि,
कश्चिद्भोजनग्रासम्,:कश्चित्,भोजनग्रासम्,
स,विशिष्टाया,विशिष्टाया,हैम्या,:सः,विशिष्टायाः,विशिष्टायाः,हैम्या,
संसक्ता,दृश्यन्ते,:संसक्ताः,दृश्यन्ते,
कञ्चुकेऽपि,:कञ्चुके,अपि,
तदाऽकस्मात्,:तदा,अकस्मात्,
स्वासनाद्,उत्थाय,:स्वासनात्,उत्थाय,
पुरोहितमुपजगाम,:पुरोहितम्,उपजगाम,
कमण्डलुमादाय,:कमण्डलुम्,आदाय,
जलमपातयत्,:जलम्,अपातयत्,
क्रोधावेशमापन्नः,:क्रोधावेशम्,आपन्नः,
पुरोहितोऽभाषत,:पुरोहितः,अभाषत,
कीदृशीयं,:कीदृशी,इयं,
त्वदीयाऽसभ्यता,:त्वदीया,असभ्यता,
मूर्खताया,अपि,:मूर्खतायाः,अपि,
तामपि,:ताम्,अपि,
मूर्खो,भुवि,:मूर्खः,भुवि,
नास्त्येव,:नास्ति,एव,
ध्यानमाकर्षत्,:ध्यानम्,आकर्षत्,
तेनालीरामोऽनारतम्,:तेनालीरामः,अनारतम्,
अहसदेव,:अहसत्,एव,
तदैव,:तदा,एव,
कृष्णदेवरायोऽपि,:कृष्णदेवरायः,अपि,
स,तेनालीराममवदत्,:सः,तेनालीरामम्,अवदत्,
तेनालीराममवदत्,:तेनालीरामम्,अवदत्,
केयमुन्मत्तता,:का,इयम्,उन्मत्तता,
दर्शितोन्मत्तकृत्योऽपि,:दर्शित,उन्मत्तकृत्यः,अपि,
तेनालीरामो,न्यवेदयत्,:तेनालीरामः,न्यवेदयत्,
येप्युपस्थिताः,:ये,अपि,उपस्थिताः,
जलमपि,:जलम्,अपि,
हैमीभक्षणपरोऽस्ति,:हैमीभक्षणपरः,अस्ति,
महीपतिरवदत्,:महीपतिः,अवदत्,
कञ्चुककोशोऽपि,:कञ्चुककोशः,अपि,
नर,इव,:नरः,इव,
अशनमश्नाति,:अशनम्,अश्नाति,
तस्माद्,वारिधौताः,:तस्मात्,वारिधौताः,
तद्,वीक्ष्य,:तत्,वीक्ष्य,
स,यावतीः,:सः,यावतीः,
तावदधिकाः,:तावत्,अधिकाः,
उत्सवावसाने,:उत्सव,आवसाने,
तेनालीरमो,'मुर्खराजपदवीं,:तेनालीरामः,'मूर्खराजपदवीं,
नो,रसधारा,:नः,रसधारा,
श्वसितीह,:श्वसिति,इह,
नरो,भस्त्रातुल्यम्,:नरः,भस्त्रातुल्यम्,
