उद्विग्नमासीत्,:उद्विग्नम्,आसीत्,
तद्,विघ्नितं,:तत्,विघ्नितं,
सोऽस्मिन्,:सः,अस्मिन्,
साऽवदत्,:सा,अवदत्,
प्रेरितो,भूपः,:प्रेरितः,भूपः,
पुरोहितमाकार्य,:पुरोहितम्,आकार्य,
तत्सर्वमकथयत्,:तत्सर्वम्,अकथयत्,
चापृच्छत्।,:च,अपृच्छत्।,
पञ्चाङ्गमुद्घाट्य,:पञ्चाङ्गम्,उद्घाट्य,
पश्चाद्,अङुलीषु,:पश्चात्,अङुलीषु,
गणनामारभत,:गणनाम्,आरभत,
तदैव,:तदा,एव,
समुदिताऽभवत्,:समुदिता,अभवत्,
सोऽवदत्,:सः,अवदत्,
शनिकोपाद्,भवति,:शनिकोपात्,भवति,
शिनिदोषो,नास्ति।,:शनिदोषः,नास्ति।,
शनिदोषपीडितो,वर्तते,:शनिदोषपीडितः,वर्तते,
सक्रोधमवदत्,:सक्रोधम्,अवदत्,
कोऽसौ,:कः,असौ,
यो,मां,:यः,मां,
अन्यद्,अपि,:अन्यत्,अपि,
ज्ञातुमैच्छत्,:ज्ञातुम्,ऐच्छत्,
स,तं,:सः,तं,
ज्ञातुमाकुलः,:ज्ञातुम्,आकुलः,
स,व्यचारयत्,:सः,व्यचारयत्,
यद्,रामकृष्ण,रामकृष्ण,इति,:यत्,रामकृष्णः,रामकृष्णः,इति,
तेनालीराम,एव,:तेनालीरामः,एव,
स,एव,:सः,एव,
स,सपदि,:सः,सपदि,
राज्याद्,बहिर्या,:राज्यात्,बहिः,यातु,
बहिर्या,:बहिः,यातु,
स,मां,:सः,मां,
तेनालीरामोऽपि,:तेनालीरामः,अपि,
यद्,रात्रौ,:यत्,रात्रौ,
राज्ञो,गुप्तकक्षे,:राज्ञः,गुप्तकक्षे,
एतद्विज्ञाय,:एतत्,विज्ञाय,
चादाय,:च,आदाय,
एतद्घटनाचक्रं,:एतत्,घटनाचक्रं,
मुदिता,अभवन्,:मुदिताः,अभवन्,
ततोऽकस्मात्,:ततः,अकस्मात्,
कश्चिन्महात्मा,:कश्चित्,महात्मा,
दशभिर्द्वादशभिर्वा,:दशभिः,द्वादशभिः,वा,
स,महात्मा,:सः,महात्मा,
स,भैक्ष्ये,:सः,भैक्ष्ये,
कश्चिन्महात्मा,:कश्चित्,महात्मा,
समागतोऽस्ति,:समागतः,अस्ति,
स,यस्य,:सः,यस्य,
सर्वमुक्तवती,:सर्वम्,उक्तवती,
सोऽपि,:सः,अपि,
मिलितुमुत्सुकोऽभवत्,:मिलितुम्,उत्सुकः,अभवत्,
स,महात्मा,:सः,महात्मा,
नगराद्,बहिः,:नगरात्,बहिः,
धनिनिर्धन-उत्तमाधमभेदो,नासीत्,:धनिनिर्धन-उत्तमाधमभेदः,नासीत्,
पर्यायेणैव,:पर्यायेण,एव,
तमुपयान्ति,:तम्,उपयान्ति,
कृष्णदेवोऽपि,:कृष्णदेवः,अपि,
तस्यावासम्,:तस्य,अवासम्,
विस्मितोऽभवत्,:विस्मितः,अभवत्,
स्थितो,नरेशः,:स्थितः,नरेशः,
यद्,अस्य,:यत्,अस्य,
दोषपूर्णाऽस्ति,:दोषपूर्णा,अस्ति,
पक्षपातैश्च,:पक्षपातैः,च,
एतद्,ज्ञात्वा,:एतत्,ज्ञात्वा,
नुपतेश्चित्तं,:नृपतेः,चित्तं,
क्लेशमन्वभवत्,:क्लेशम्,अन्वभवत्,
तदैव,:तदा,एव,
सोऽभ्यन्तरं,:सः,अभ्यन्तरं,
स,साधुः,:सः,साधुः,
शिरो,विनम्य,:शिरः,विनम्य,
सोऽवदत्,:सः,अवदत्,
ध्यानेनापश्यत्,:ध्यानेन,अपश्यत्,
स,तेनालीराम,तेनालीराम,आसीत्,:सः,तेनालीरामः,तेनालीरामः,आसीत्,
तमवदत्,:तम्,अवदत्,
यो,दुर्व्यवहारः,:यः,दुर्व्यवहारः,
नावेदितं,:न,अवेदितं,
आवश्यकताऽऽसीत्,:आवश्यकता,आसीत्,
सर्वमहं,:सर्वम्,अहं,
निष्कासितोऽभवम्,:निष्कासितः,अभवम्,
तेनालीराम,उवाच,:तेनालीरामः,उवाच,
शममुपगतः,:शमम्,उपगतः,
कोपमाभाष्य,:कोपम्,आभाष्य,
मूलकारणमन्विष्य,:मूलकारणम्,अन्विष्य,
कृता,लोके,:कृताः,लोके,
फलवन्तो,भवन्ति,:फलवन्तः,भवन्ति,
