वाचमाकर्ण्य,:वाचम्,आकर्ण्य,
विचारोऽतिशोभनः,:विचारः,अतिशोभनः,
कार्यमिदं,:कार्यम्,इदं,
तत्रेदं,:तत्र,इदं,
निश्चितमभवत्,:निश्चितम्,अभवत्,
कर्तुमिच्छन्ति,:कर्तुम्,इच्छन्ति,
ततस्तेन,:ततः,तेन,
तामनुसृत्य,:ताम्,अनुसृत्य,
तदादेशेन,:तत्,आदेशेन,
चर्चाऽभवत्।,:चर्चा,अभवत्।,
एतद्विषये,:एतत्,विषये,
पौराणिकव्यवस्थाविषयेऽपृच्छत्,:पौराणिकव्यवस्थाविषये,अपृच्छत्,
नाशक्नोत्,:न,अशक्नोत्,
इदमुद्घोष्य,:इदम्,उद्घोष्य,
पुरोहितादीनामपि,:पुरोहितादीनाम्,अपि,
व्यचारयंश्च,:व्यचारयन्,च,
तेनालीरामोऽस्मिन्,:तेनालीरामः,अस्मिन्,
विषयेऽपि,:विषये,अपि,
नोचितम्,:न,उचितम्,
तेनालीरामोऽवदत्,:तेनालीरामः,अवदत्,
इदमाकर्ण्य,:इदम्,आकर्ण्य,
सर्वेऽहसन्।,:सर्वे,अहसन्।,
कृष्णदेवोऽपि,:कृष्णदेवः,अपि,
