समारोहा,अभवन्।,:समारोहाः,अभवन्।,
नैकासु,:न,एकासु,
स,विजयस्तम्भः,:सः,विजयस्तम्भः,
विलक्षण,आसीत्।,:विलक्षणः,आसीत्।,
कलायाश्च,:कलायाः,च,
प्रशंसामकार्षीत्।,:प्रशंसाम्,अकार्षीत्।,
यद्,विजयस्तम्भस्य,:यत्,विजयस्तम्भस्य,
एतदतिरिच्य,:एतत्,अतिरिच्य,
किञ्चिद्,दित्सामः,:किञ्चित्,दित्सामः,
सविनयमुवाच,:सविनयम्,उवाच,
एतदेव,:एतत्,एव,
नावशिष्यते,:न,अवशिष्यते,
भूयोऽपि,:भूयः,अपि,
किञ्चिद्,याचितुम्,:किञ्चित्,याचितुम्,
सभासदोऽपि,:सभासदः,अपि,
पारिश्रमिकादन्यत्,:पारिश्रमिकात्,अन्यत्,
प्रकृतिरेव,:प्रकृतिः,एव,
स,स्वीयात्,:सः,स्वीयात्,
पूर्यतामेष,मम,:पूर्यताम्,एषः,मम,
चकितो,भूत्वा,:चकितः,भूत्वा,
मन्त्रिणमवैक्षत,:मन्त्रिणम्,अवैक्षत,
अमात्योऽपि,:अमात्यः,अपि,
शिल्पिनोऽनया,:शिल्पिनः,अनया,
स,सेनापतिमालोकत,:सः,सेनापतिम्,आलोकत,
सेनापतिमालोकत,:सेनापतिम्,आलोकत,
सोऽपि,:सः,अपि,
निश्चेतुमक्षमः,:निश्चेतुम्,अक्षमः,
पुरोहित,अंगुल्या,:पुरोहितः,अंगुल्या,
कर्तुमशक्नुवानः,:कर्तुम्,अशक्नुवानः,
संसारेऽस्मिन्,:संसारे,अस्मिन्,
हीरकेभ्योऽपि,:हीरकेभ्यः,अपि,
प्रवर्धितुमारेभे।,:प्रवर्धितुम्,आरेभे।,
स,मौनं,:सः,मौनं,
तेनैव,:तेन,एव,
स,तमाकारयितुं,:सः,तम्,आकारयितुं,
तमाकारयितुं,:तम्,आकारयितुं,
सेवकेनानुगतः,:सेवकेन,अनुगतः,
भूपतिस्तम्,:भूपतिः,तम्,
किमस्ति,:किम्,अस्ति,
सेवकमुखाद्,विदितसकलवृत्तः,:सेवकमुखात्,विदितसकलवृत्तः,
तेनालीरामो,गम्भीरगिराऽवोचत्,:तेनालीरामः,गम्भीरगिरा,अवोचत्,
गम्भीरगिराऽवोचत्,:गम्भीरगिरा,अवोचत्,
स,एव,:सः,एव,
ततोऽसौ,:ततः,असौ,
परिपूर्णमिच्छामि,:परिपूर्णम्,इच्छामि,
तेनालीरामोऽवदत्,:तेनालीरामः,अवदत्,
मामुपानय,:माम्,उपानय,
समुत्सुका,आसन्,:समुत्सुकाः,आसन्,
स्यूतमादाय,:स्यूतम्,आदाय,
नीतोऽयम्,:नीतः,अयम्,
मुदितो,जातः,:मुदितः,जातः,
स,तम्,:सः,तम्,
स्यूतमादाय,:स्यूतम्,आदाय,
राजसभाया,निश्चक्राम,:राजसभायाः,निश्चक्राम,
विश्रान्तिसौख्यमन्वभवन्,:विश्रान्तिसौख्यम्,अन्वभवन्,
नाहितम्,:न,अहितम्,
स,शल्पी,:सः,शल्पी,
अगृहीत्वैव,:अगृहीत्वा,एव,
वायुरेव,:वायुः,एव,
जीवो,न,:जीवः,न,
कलामभिनन्दता,:कलाम्,अभिनन्दता,
स,सन्तोषितः।,:सः,सन्तोषितः।,
सृष्टिर्निखिला,:सृष्टिः,निखिला,
क्षणमपि,:क्षणम्,अपि,
जीव्यतेऽनेन,:जीव्यते,अनेन,
