नावसीदति,:न,अवसीदति,
नावसीदति,:न,अवसीदति,
चक्रैरेव,:चक्रैः,एव,
ततस्तेनाऽसौ,:ततः,तेन,असौ,
आघातमकार्षीत्,:आघातम्,अकार्षीत्,
अप्यूहितवान्,:अपि,ऊहितवान्,
सोऽवदत्,:सः,अवदत्,
अहमपि,:अहम्,अपि,
बलीवर्दमुपगम्य,:बलीवर्दम्,उपगम्य,
चिरादपि,:चिरात्,अपि,
ततोऽसौ,:ततः,असौ,
अपसारयितुमियेष,:अपसारयितुम्,इयेष,
नापसारणीयं,:न,अपसारणीयं,
नापसारणीयं,:न,अपसारणीयं,
वस्त्रमपाकरोत्,:वस्त्रम्,अपाकरोत्,
वस्त्रेऽपाकृते,:वस्त्रे,अपाकृते,
लघुयन्त्रमस्ति,:लघुयन्त्रम्,अस्ति,
द्वारमपि,:द्वारम्,अपि,
तत्रोपविष्टः,:तत्र,उपविष्टः,
नरस्तेन,:नरः,तेन,
तान्त्रिकश्च,:तान्त्रिकः,च,
चाभिनन्दितोऽभवत्,:चाभिनन्दितः,अभवत्,
दम्भिपाषण्डिधूर्ताश्च,:दम्भिपाषण्डिधूर्ताः,च,
मन्त्रदास्तथा,:मन्त्रदाः,तथा,
