तत्रैकं,:तत्र,एकं,
क्षुपोऽयं,:क्षुपः,अयं,
भवेदिति,:भवेत्,इति,
त्वयाऽवधेयम्,:त्वया,अवधेयम्,
क्षुपमादाय,:क्षुपम्,आदाय,
महाराजोऽपि,:महाराजः,अपि,
विचित्रमघटत,:विचित्रम्,अघटत,
प्रातरुत्थाय,:प्रातः,उत्थाय,
द्रष्टुमैच्छत्,:द्रष्टुम्,ऐच्छत्,
राजानमुपगता,:राजानम्,उपगता,
नैच्छत्,:न,ऐच्छत्,
तमुपजगाम,:तम्,उपजगाम,
अपरैका,:अपरा,एका,
अताडयदेव,:अताडयत्,एव,
निषिद्धमासीत्,:निषिद्धम्,आसीत्,
अत्याचारघटनामिमाम्,:अत्याचारघटनाम्,इमाम्,
तत्रोपेत्य,:तत्र,उपेत्य,
नृपस्ताम्,:नृपः,ताम्,
एषैव,:एषा,एव,
इयमेव,:इयम्,एव,
नृपोऽभणत्,:नृपः,अभणत्,
त्वयोदितं,:त्वया,उदितं,
नावगच्छामि,:न,अवगच्छामि,
स्पष्टमुदीरय,:स्पष्टम्,उदीरय,
वृत्तमिति,:वृत्तम्,इति,
निबद्धाञ्जलिपुटाऽब्रवीत्,:निबद्धाञ्जलिपुटा,अब्रवीत्,
भवदुपवनस्य,:भवत्,उपवनस्य,
एषाऽपराधिनी,:एषा,अपराधिनी,
नालभत्,:न,अलभत्,
कीदृशोऽयं,:कीदृशः,अयं,
समुदिताऽभवत्,:समुदिता,अभवत्,
केनैवं,:केन,एवं,
तयोक्तं,:तया,उक्तं,
नेप्सितः,:न,ईप्सितः,
