गतिरियम्,:गतिः,इयम्,
गतिरियम्,:गतिः,इयम्,
नहतश्च,:नहतः,च,
इदमपि,:इदम्,अपि,
चावगतं,:च,अवगतं,
योजनामनुसृत्य,:योजनाम्,अनुसृत्य,
अवरोधश्च,:अवरोधः,च,
एतच्छ्रुत्वा,:एतत्,श्रुत्वा,
व्यग्रतामवापुः,:व्यग्रताम्,अवापुः,
बालक्रीडैव,:बालक्रीडा,एव,
विदधानोऽवदत्,:विदधानः,अवदत्,
यदहम्,:यत्,अहम्,
इदानीमेव,:इदानीम्,एव,
समुद्यतोऽस्मि,:समुद्यतः,अस्मि,
सभासदश्च,:सभासदः,च,
नाभिलषामि,:न,अभिलषामि,
विद्वानपेक्षते,:विद्वान्,अपेक्षते,
तेनालीरामोऽपि,:तेनालीरामः,अपि,
तेनोक्तं,:तेन,उक्तं,
नोचितः,:न,उचितः,
तद्वचनमाकर्ण्य,:तद्वचनम्,आकर्ण्य,
भूपोऽभाषत,:भूपः,अभाषत,
ग्रहीतुमैच्छत्,:ग्रहीतुम्,ऐच्छत्,
अवदच्च,:अवदत्,च,
दण्डोऽपि,:दण्डः,अपि,
मर्षयितुमर्हति,:मर्षयितुम्,अर्हति,
तदाऽहं,:तदा,अहं,
मृत्युदण्डाधिकारमपि,:मृत्युदण्डाधिकारम्,अपि,
राजसमक्षमेव,:राजसमक्षम्,एव,
ज्योतिर्विद्!,:ज्योतिर्वित्,!,
कोऽत्र,:कः,अत्र,
ममैकामपि,:मम,एकाम्,अपि,
समुद्यतोऽस्मि,:समुद्यतः,अस्मि,
धन्योऽस्ति,:धन्यः,अस्ति,
ज्ञातुमर्हामि,:ज्ञातुम्,अर्हामि,
तेनालीरामोऽपृच्छत्,:तेनालीरामः,अपृच्छत्,
सम्प्रत्यहं,:सम्प्रति,अहं,
चतुश्चत्वारिंशद्वर्षोऽस्मि,:चतुश्चत्वारिंशद्वर्षः,अस्मि,
पलस्यापि,:पलस्य,अपि,
तदैव,:तदा,एव,
शिरश्च,:शिरः,च,
अशुभमेव,:अशुभम्,एव,
मयाऽज्ञायि,:मया,अज्ञायि,
धूर्तोऽस्ति,:धूर्तः,अस्ति,
सिद्धमकुर्वन्,:सिद्धम्,अकुर्वन्,
कृष्णदेवरायोऽवादीत्,:कृष्णदेवरायः,अवादीत्,
सर्वमेतत्,:सर्वम्,एतत्,
सिद्धमभवत्,:सिद्धम्,अभवत्,
भूयोऽपि,:भूयः,अपि,
लोभवशमापद्य,:लोभवशम्,आपद्य,
