सभासद्भ्योऽपि,:सभासद्भ्यः,अपि,
तेभ्योऽवसरप्रदानाय,:तेभ्यः,अवसरप्रदानाय,
विचरन्तस्ते,:विचरन्तः,ते,
तानुपेत्य,:तान्,उपेत्य,
कष्टमापन्नः,:कष्टम्,आपन्नः,
असन्तुष्टस्तु,:असन्तुष्टः,तु,
एवममन्यन्त,:एवम्,अमन्यन्त,
यदेते,:यत्,एते,
सुतस्नेहोऽस्ति,:सुतस्नेहः,अस्ति,
पुनरपृच्छत्,:पुनः,अपृच्छत्,
त्रोटयित्वाऽऽनयत्,:त्रोटयित्वा,आनयत्,
नाबोधत्,:न,अबोधत्,
तयोरेकः,:तयोः,एकः,
निर्बलोऽस्ति,:निर्बलः,अस्ति,
कृषकमुवाच,:कृषकम्,उवाच,
कोऽहम्,:कः,अहम्,
वेपितुमारभत,:वेपितुम्,आरभत,
सविनयमब्रवीत्,:सविनयम्,अब्रवीत्,
परमयमस्ति,:परम्,अयम्,अस्ति,
अयमाशयोऽसति,:अयम्,आशयः,असति,
मधुरश्च,:मधुरः,च,
महाभीषणोऽपि,:महाभीषणः,अपि,
इत्युदीर्य,:इति,उदीर्य,
अनुपदमेव,:अनुपदम्,एव,
दृष्ट्वैव,:दृष्ट्वा,एव,
अत्रापि,:अत्र,अपि,
वयमनुसृताः,:वयम्,अनुसृताः,
नानुसरेयम्',:न,अनुसरेयम्',
यद्यहं,:यदि,अहं,
नानुसरेयं,:न,अनुसरेयं,
भूपोऽभ्यभाषत।,:भूपः,अभ्यभाषत।,
नाहं,:न,अहं,
यदद्य,:यत्,अद्य,
तस्यागमनात्,:तस्य,आगमनात्,
परमाह्लादितोऽभवत्,:परमाह्लादितः,अभवत्,
शल्यैराहतौ,:शल्यैः,आहतौ,
जानन्तीदं,:जानन्ति,इदं,
नेदं,:न,इदं,
शिवमप्यशिवं,:शिवम्,अपि,अशिवं,
