तमवदत्,:तम्,अवदत्,
मुखमपि,:मुखम्,अपि,
नेच्छामि,:न,इच्छामि,
तेनालीरामनिर्दिष्टमुपायम्,:तेनालीरामनिर्दिष्टम्,उपायम्,
नृपस्तं,:नृपः,तं,
भूपतिस्तं,:भूपतिः,तं,
नाधिगतम्,:न,अधिगतम्,
वाम्भिस्तु,:वाम्भिः,तु,
स्वस्याप्यरातेः,:स्वस्य,अपि,अरातेः,
तमूचतुः,:तम्,ऊचतुः,
तस्याभिवादनं,:तस्य,अभिवादनं,
नृपोऽभाषत,:नृपः,अभाषत,
स्मित्वाऽवदत्,:स्मित्वा,अवदत्,
नासन्,:न,आसन्,
ईदृशमवसरं,:ईदृशम्,अवसरं,
सोऽवदत्,:सः,अवदत्,
नृपेणोक्तम्,:नृपेण,उक्तम्,
सोऽकथयत्,:सः,अकथयत्,
एतन्निशम्य,:एतत्,निशम्य,
तेनालीरामोऽवदत्,:तेनालीरामः,अवदत्,
सेत्स्यति,:सा,इत्स्यति,
भवदादेशस्य,:भवत्,आदेशस्य,
यज्ञेऽवसिते,:यज्ञे,अवसिते,
पुरोहितमाहूय,:पुरोहितम्,आहूय,
अतस्त्वं,:अतः,त्वं,
तत्क्षणमेव,:तत्क्षणम्,एव,
महात्मोवाच,:महात्मा,उवाच,
नेदं,:न,इदं,
कल्याणर्थमनेन,:कल्याणार्थम्,अनेन,
एतद्द्वारा,:एतत्,द्वारा,
महात्माऽभाषत,:महात्मा,अभाषत,
प्रजायाश्च,:प्रजायाः,च,
बुद्धेर्न,:बुद्धेः,न,
