कर्मविधिज्ञो,लभते,:कर्मविधिज्ञः,लभते,
कर्मविधिज्ञो,लभते,:कर्मविधिज्ञः,लभते,
स्वयमसौ,:स्वयम्,असौ,
सदसो,बहिर्नयेत्,:सदसः,बहिः,नयेत्,
बहिर्नयेत्,:बहिः,नयेत्,
एष,पणोऽपि,:एषः,पणः,अपि,
पणोऽपि,:पणः,अपि,
सदसो,बहिर्नयेत्,:सदसः,बहिः,नयेत्,
बहिर्नयेत्,:बहिः,नयेत्,
एष,पणोऽपि,:एषः,पणः,अपि,
पणोऽपि,:पणः,अपि,
स,एतां,:सः,एतां,
प्रमुदिता,आसन्,:प्रमुदिताः,आसन्,
तेनालीराम,उष्णीषमवतार्य,:तेनालीरामः,उष्णीषम्‌,अवतार्य,
उष्णीषमवतार्य,:उष्णीषम्‌,अवतार्य,
चास्तीर्य,:च,आस्तीर्य,
इतस्ततो,विकीर्णानां,:इतस्ततः,विकीर्णानां,
तत्रोपेत्य,:तत्र,उपेत्य,
ताश्चिनोति,:ताः,चिनोति,
उपहसन्तो,वदन्ति,:उपहसन्तः,वदन्ति,
प्राप्यापि,:प्राप्य,अपि,
सन्तोषो,नास्ति,:सन्तोषः,नास्ति,
ईदृशो,लोभाविष्टो,लोभाविष्टो,नरो,नरो,मया,:ईदृशः,लोभाविष्टः,लोभाविष्टः,नरः,नरः,मया,
नावलोकितः,:न,अवलोकितः,
मन्त्रिवचनमनुमोदमानो,महीपालोऽपि,:मन्त्रिवचनम्,अनुमोदमानः,महीपालः,अपि,
महीपालोऽपि,:महीपालः,अपि,
कथमतिमात्रं,:कथम्,अतिमात्रं,
लब्ध्वाऽपि,:लब्ध्वा,अपि,
मनो,न,:मनः,न,
इतस्ततोऽभिधावसि,:इतस्ततः,अभिधावसि,
लोभस्तु,:लोभः,तु,
सीमामतिक्रान्तः,:सीमाम्,अतिक्रान्तः,
राजवचो,निशम्य,:राजवचः,निशम्य,
नाहं,:न,अहं,
वशीकृतोऽस्मि,:वशीकृतः,अस्मि,
भवतो,नाम,:भवतः,नाम,
कश्चिदेतासु,:कश्चित्,एतासु,
एतासामीदृशोऽपमानो,मया,:एतासाम्,ईदृशः,अपमानः,मया,
अतोऽहमेताः,:अतः,अहम्,एताः,
विचित्यैव,:विचित्य,एव,
राज्ञो,वदने,:राज्ञः,वदने,
ततोऽसौ,:ततः,असौ,
यदेतस्मै,:यत्,एतस्मै,
अन्याऽप्येका,:अन्या,अपि,एका,
स,श्रियो,श्रियो,भाजनं,:सः,श्रियः,श्रियः,भाजनं,
