कश्चिद्,धनाढ्यः,:कश्चित्,धनाढ्यः,
यद्,अहं,:यत्,अहं,
मुषितोऽस्मि,:मुषितः,अस्मि,
चौरैरपहृतम्,:चौरैः,अपहृतम्,
सोऽवदत्,:सः,अवदत्,
प्रयत्नास्तु,:प्रयत्नाः,तु,
नोपलब्धम्,:न,उपलब्धम्,
नृपेणोक्तम्,:नृपेण,उक्तम्,
प्रयत्नो,विधेयः,:प्रयत्नः,विधेयः,
निग्रहमिच्छामि,:निग्रहम्,इच्छामि,
कश्चिद्,धनवान्,:कश्चित्,धनवान्,
लुण्ठितो,जातः,:लुण्ठितः,जातः,
व्याकुलाऽऽसीत्,:व्याकुला,आसीत्,
भूपतिरपि,:भूपतिः,अपि,
चिन्तातुरश्च,:चिन्तातुरः,च,
चौरा,अतिकुशलतया,:चौराः,अतिकुशलतया,
स,सर्वान्,:सः,सर्वान्,
भर्त्सयमानोऽभाषत,:भर्त्सयमानः,अभाषत,
समर्थो,नास्ति,:समर्थः,नास्ति,
निश्चिन्तो,भवेत्,:निश्चिन्तः,भवेत्,
वार्तालापमकार्षीत्,:वार्तालापम्,अकार्षीत्,
बहिश्चागच्छन्,:बहिः,च,आगच्छन्,
तदैव,:तदा,एव,
प्रबुद्धोऽभवत्,:प्रबुद्धः,अभवत्,
समीपस्था,जनाः,:समीपस्थाः,जनाः,
उपस्थितोऽभवत्,:उपस्थितः,अभवत्,
स,रक्षापुरुषान्,:सः,रक्षापुरुषान्,
चौरा,निगृहीता,निगृहीता,अभवन्,:चौराः,निगृहीताः,निगृहीताः,अभवन्,
नृपोऽपृच्छत्,:नृपः,अपृच्छत्,
ग्रहीतुमेव,:ग्रहीतुम्,एव,
नृपोऽवदत्,:नृपः,अवदत्,
स्मित्वाऽभाषत,:स्मित्वा,अभाषत,
