किमपेक्षते,:किम्,अपेक्षते,
किमपेक्षते,:किम्,अपेक्षते,
एकदाऽसौ,:एकदा,असौ,
शीताद्,वेपमाने,:शीतात्,वेपमाने,
रथादवातरत्,:रथात्,अवातरत्,
सभासदश्च,:सभासदः,च,
तमवदत्,:तम्,अवदत्,
प्रसन्नो,नासि।,:प्रसन्नः,नासि।,
वाचमाकर्ण्य,:वाचम्,आकर्ण्य,
कृष्णदेवरायोऽपि,:कृष्णदेवरायः,अपि,
मौनमास्थितं,:मौनम्,आस्थितं,
नावदत्,:न,अवदत्,
कर्तुमीहन्ते,:कर्तुम्,ईहन्ते,
नित्यमेवाधमा,जनाः,:नित्यम्,एव,अधमाः,जनाः,
राजधर्ममवहेलयसे,:राजधर्मम्,अवहेलयसे,
किमर्थमासीः,:किमर्थम्,आसीः,
नावदत्,:न,अवदत्,
क्रोधविह्वलो,भूत्वा,:क्रोधविह्वलः,भूत्वा,
तवैतस्य,:तव,एतस्य,
निर्वासितोऽसि,:निर्वासितः,असि,
केवलमेकं,:केवलम्,एकं,
नेतुमर्हसि,:नेतुम्,अर्हसि,
इतस्ततोऽपश्यत्,:इतस्ततः,अपश्यत्,
चावदत्,:च,अवदत्,
दण्डोऽपि,:दण्डः,अपि,
चिन्तावशो,जातः,:चिन्तावशः,जातः,
एष,दण्डादेशः,:एषः,दण्डादेशः,
सम्बद्धोऽस्ति,:सम्बद्धः,अस्ति,
स,शालसहितं,:सः,शालसहितं,
याचकमन्विष्य,:याचकम्,अन्विष्य,
नृपोऽवादीत्,:नृपः,अवादीत्,
ततोऽप्यधिकमूल्यवत्,:ततोऽपि,अधिकमूल्यवत्,
स,तं,:सः,तं,
स,तेनालीराममुवाच,:सः,तेनालीरामम्,उवाच,
तेनालीराममुवाच,:तेनालीरामम्,उवाच,
नाभिनन्दितम्,:न,अभिनन्दितम्,
सोऽवदत्,:सः,अवदत्,
प्राप्तमेव,:प्राप्तम्,एव,
मत्वाऽहं,:मत्वा,अहं,
मौनमधारयम्,:मौनम्,अधारयम्,
स,क्रोधेन,:सः,क्रोधेन,
प्रसङ्गेऽपि,:प्रसङ्गे,अपि,
विपदामाघातैः,:विपदाम्,आघातैः,
धीरा,मतिमन्तः,:धीराः,मतिमन्तः,
