दुर्जनोऽकारणम्,:दुर्जनः,अकारणम्,
दुर्जनोऽकारणम्,:दुर्जनः,अकारणम्,
प्रायोऽलभत,:प्रायः,अलभत,
राजभवनोद्यानेऽवस्थितः,:राजभवनोद्याने,अवस्थितः,
आयोऽतीवाधिकः,:आयः,अतीव,अधिकः,
अस्मदपेक्षया,:अस्मत्,अपेक्षया,
कुतस्तस्य,:कुतः,तस्य,
सेनापतिरावादीत्,:सेनापतिः,अवादीत्,
वैतनिककार्यादपरं,:वैतनिककार्यात्,अपरं,
नार्हति,:न,अर्हति,
पुरोहितोऽप्यकथयत्,:पुरोहितः,अपि,अकथयत्,
आयोऽप्यधिकोऽस्ति,:आयः,अपि,अधिकः,अस्ति,
राज्यनियमानामवहेलनात्,:राज्यनियमानाम्,अवहेलनात्,
दण्डमर्हति,:दण्डम्,अर्हति,
द्वेषवतामिह,:द्वेषवताम्,इह,
मतमाकर्ण्य,:मतम्,आकर्ण्य,
गम्भीरमुद्रामधारयत्,:गम्भीरमुद्राम्,अधारयत्,
सत्यमस्ति,:सत्यम्,अस्ति,
वेतनादन्यत्,:वेतनात्,अन्यत्,
राजकीयसेवारतोऽसौ,:राजकीयसेवारतः,असौ,
विकटाऽऽसीत्,:विकटा,आसीत्,
भृत्येनानुगतः,:भृत्येन,अनुगतः,
नृपतिस्तं,:नृपतिः,तं,
तेनालीरामोऽब्रवीत्,:तेनालीरामः,अब्रवीत्,
स्यूतमुद्घाट्य,:स्यूतम्,उद्घाट्य,
भूत्वाऽपृच्छत्,:भूत्वा,अपृच्छत्,
सोऽवदत्,:सः,अवदत्,
कुक्कुटोऽस्ति,:कुक्कुटः,अस्ति,
भवानेव,:भवान्,एव,
हसित्वाऽवदत्,:हसित्वा,अवदत्,
चतुरश्च,:चतुरः,च,
मतमभ्यनन्दन्,:मतम्,अभ्यनन्दन्,
पुनस्तं,:पुनः,तं,
एतेभ्योऽधिकम्,:एतेभ्यः,अधिकम्,
ज्ञातुमिच्छामः,:ज्ञातुम्,इच्छामः,
अहमेकः,:अहम्,एकः,
तमपृच्छत्,:तम्,अपृच्छत्,
विरुद्धमाचरन्ति,:विरुद्धम्,आचरन्ति,
तेनालीरामोऽवदत्,:तेनालीरामः,अवदत्,
उच्चैरहसत्,:उच्चैः,अहसत्,
