विश्वमिदं,:विश्वम्,इदं,
केचिज्जना,एतादृशानि,:केचिज्जनाः,एतादृशानि,
कृष्णदेवरायस्यापि,:कृष्णदेवरायस्य,अपि,
रुचिरासीत्,:रुचिः,आसीत्,
सदस्या,दुर्लभवस्तूनां,:सदस्याः,दुर्लभवस्तूनां,
तत्परा,आसन्,:तत्पराः,आसन्,
किञ्चिद्,अभिलषन्ति,:किञ्चित्,अभिलषन्ति,
केचिद्,विलक्षणं,:केचित्,विलक्षणं,
कुशला,आसन्,:कुशलाः,आसन्,
कश्चिद्,धूर्तः,:कश्चित्,धूर्तः,
उक्तवांश्च,:उक्तवान्,च,
एष,दुर्लभः,:एषः,दुर्लभः,
घनवनान्ताद्,आनायितः,:घनवनान्तात्,आनायितः,
स,मयूरं,:सः,मयूरं,
चापृच्छत्,:च,अपृच्छत्,
व्ययोऽभवत्,:व्ययः,अभवत्,
सदस्योऽवदत्,:सदस्यः,अवदत्,
पुरस्कारमिव,:पुरस्कारम्,इव,
व्ययिता,आसन्,:व्ययिताः,आसन्,
तेनालीरामेणापि,:तेनालीरामेण,अपि,
स,तं,:सः,तं,
सोऽजानात्,:सः,अजानात्,
किञ्चिद्,धौर्त्यं,:किञ्चित्,धौर्त्यं,
ततोऽग्रिमे,:ततः,अग्रिमे,
स,तं,:सः,तं,
चतुरो,मयूरान्,:चतुरः,मयूरान्,
राजसभायामुपस्थितोऽभवत्,:राजसभायाम्,उपस्थितः,अभवत्,
चतुरो,मयूरान्,:चतुरः,मयूरान्,
स,दुष्टः,:सः,दुष्टः,
चतुरो,मयूरान्,:चतुरः,मयूरान्,
स,उदतरत्,:सः,उदतरत्,
अनेनैव,:अनेन,एव,
मयूरा,रञ्जिताः,:मयूराः,रञ्जिताः,
सक्रोधमादिशत्,:सक्रोधम्,आदिशत्,
अस्माद्,गृहीत्वा,:अस्मात्,गृहीत्वा,
ततो,नृपतिना,:ततः,नृपतिना,
प्रकारैरनेकैर्जगत्प्राङ्गणेऽस्मिन्,:प्रकारैः,अनेकैः,जगत्प्राङ्गणे,अस्मिन्,
शठा,वञ्चने,:शठाः,वञ्चने,
नरैर्बुद्धिमद्भिः,:नरैः,बुद्धिमद्भिः,
