कर्तुमैच्छत्,:कर्तुम्,ऐच्छत्,
स,ज्ञातुमुत्सुकः,:सः,ज्ञातुम्,उत्सुकः,
ज्ञातुमुत्सुकः,:ज्ञातुम्,उत्सुकः,
तेनोक्तं,:तेन,उक्तं,
केनचिद्,रहस्यमयेन,:केनचित्,रहस्यमयेन,
ग्रस्तोऽस्मि,:ग्रस्तः,अस्मि,
को,मम,:कः,मम,
चिन्तितोऽस्मि,:चिन्तितः,अस्मि,
राज्ञाऽभाणि,:राज्ञा,अभाणि,
परलोकमुपैषि,:परलोकम्,उपैषि,
तदाऽहं,:तदा,अहं,
तेनालीरामोऽवादीत्,:तेनालीरामः,अवादीत्,
लोको,यद्,यद्,राजानः,:लोकः,यत्,यत्,राजानः,
विश्वसनीयवचना,न,:विश्वसनीयवचनाः,न,
राज्ञोक्तम्,:राज्ञा,उक्तम्,
मिथ्योक्तिरेषा,:मिथ्या,उक्तिः,एषा,
तस्माद्,दिनात्,:तस्मात्,दिनात्,
तेनालीरामो,राजसभां,:तेनालीरामः,राजसभां,
इदमपि,:इदम्‌,अपि,
आक्रान्तोऽस्मि,:आक्रान्तः,अस्मि,
ततस्तेन,:ततः,तेन,
चावदत्,:च,अवदत्,
राजसेवका,आगत्य,:राजसेवकाः,आगत्य,
नेतुमिच्छन्ति,:नेतुम्,इच्छन्ति,
महीपतिनाऽपि,:महीपतिना,अपि,
स,सर्वदा,:सः,सर्वदा,
अतस्तेनादिष्टम्,:अतः,तेन,आदिष्टम्,
मञ्जूषामानयन्,:मञ्जूषाम्,आनयन्,
आवरणेऽनावृते,:आवरणे,अनावृते,
बहिरागत्य,:बहिः,आगत्य,
सत्यमभिहितम्,:सत्यम्‌,अभिहितम्,
आसीद्,यद्,यद्,राजानः,:आसीत्,यत्,यत्,राजानः,
विश्वसनीया,न,:विश्वसनीयाः,न,
नृपेणोक्तं,:नृपेण,उक्तं,
जीवतोऽसि,:जीवतः,असि,
गन्तुमर्हामि,:गन्तुम्,अर्हामि,
तावद्,बन्धुजनेष्वनुरक्तिः,:तावत्,बन्धुजनेषु,अनुरक्तिः,
बन्धुजनेष्वनुरक्तिः,:बन्धुजनेषु,अनुरक्तिः,
यावज्जीवति,:यावत्,जीवति,
निधनमुपगते,:निधनम्,उपगते,
