उपद्रवैस्तेनालीरामः,:उपद्रवैः,तेनालीरामः,
इतस्ततोऽपसारणेऽपि,:इतस्ततः,अपसारणे,अपि,
दुष्करमासीत्,:दुष्करम्,आसीत्,
स्वपतिमब्रवीत्-,:स्वपतिम्,अब्रवीत्-,
चैच्छत्,:च,ऐच्छत्,
मयैषा,:मया,एषा,
नेयं,:न,इयं,
इत्युदीर्य,:इति,उदीर्य,
आवरणेऽपसृते,:आवरणे,अपसृते,
केचिदाहताः,:केचित्,आहताः,
यदीदृशस्य,:यदि,ईदृशस्य,
कोऽस्ति,:कः,अस्ति,
माजूषायामेव,:माजूषायाम्,एव,
पत्रमासीत्,:पत्रम्,आसीत्,
तैरपि,:तैः,अपि,
यद्युपहारः,:यदि,उपहारः,
स्याद्यदि,:स्यात्,यदि,
तदप्यलम्,:तदपि,अलम्,
भवतामीहाऽप्युपहारे,:भवताम्,ईह,अपि,उपहारे,
नव्यतमैर्भव्यैरुपहारैः,:नव्यतमैः,भव्यैः,उपहारैः,
