केनचिद्,अपराधेन,:केनचित्,अपराधेन,
तमवदत्,:तम्,अवदत्,
मुखमपि,:मुखम्,अपि,
नेच्छामि,:न,इच्छामि,
तेनालीरामनिर्दिष्टमुपायम्,:तेनालीरामनिर्दिष्टम्,उपायम्,
स,श्मश्रुलमुखः,:सः,श्मश्रुलमुखः,
नृपस्तं,:नृपः,तं,
भूपतिस्तं,:भूपतिः,तं,
राज्ञो,निर्णयेन,:राज्ञः,निर्णयेन,
नाधिगतम्,:न,अधिगतम्,
वाम्भिस्तु,:वाम्भिः,तु,
स्वस्याप्यरातेः,:स्वस्य,अपि,अरातेः,
तमूचतुः,:तम्,ऊचतुः,
स,ईदृशम्,:सः,ईदृशम्,
निरस्तो,भवेत्,:निरस्तः,भवेत्,
कश्चिद्,विशालदेहः,:कश्चित्,विशालदेहः,
तस्याभिवादनं,:तस्य,अभिवादनं,
स,महात्मा,:सः,महात्मा,
स,महात्मा,:सः,महात्मा,
स,महात्मा,:सः,महात्मा,
यद्,ततः,:यत्,ततः,
किञ्चिद्,विचार्य,:किञ्चित्,विचार्य,
नृपोऽभाषत,:नृपः,अभाषत,
भवांश्चेद्,यज्ञस्य,:भवान्,चेत्,यज्ञस्य,
कृतार्थो,भविष्यामि,:कृतार्थः,भविष्यामि,
स,महात्मा,:सः,महात्मा,
स्मित्वाऽवदत्,:स्मित्वा,अवदत्,
शिष्यो,नास्ति,:शिष्यः,नास्ति,
अभावो,नासीत्,:अभावः,नासीत्,
ततो,भूपतिः,:ततः,भूपतिः,
निराकृता,अभवन्,:निराकृताः,अभवन्,
योग्या,नासन्,:योग्याः,न,आसन्,
नासन्,:न,आसन्,
पण्डिता,अपि,:पण्डिताः,अपि,
स्वीकृता,नाभवन्,:स्वीकृताः,नासन्,
ईदृशमवसरं,:ईदृशम्,अवसरं,
सोऽवदत्,:सः,अवदत्,
किञ्चिद्,वक्ष्यामि,:किञ्चित्,वक्ष्यामि,
नृपेणोक्तम्,:नृपेण,उक्तम्,
सोऽकथयत्,:सः,अकथयत्,
स,तं,:सः,तं,
एतन्निशम्य,:एतत्,निशम्य,
तेनालीरामोऽवदत्,:तेनालीरामः,अवदत्,
सम्पन्नो,भविष्यति,:सम्पन्नः,भविष्यति,
सेत्स्यति,:सा,इत्स्यति,
भवदादेशस्य,:भवत्,आदेशस्य,
मुक्तो,जातः,:मुक्तः,जातः,
यज्ञेऽवसिते,:यज्ञे,अवसिते,
पुरोहितमाहूय,:पुरोहितम्,आहूय,
अतस्त्वं,:अतः,त्वं,
तत्क्षणमेव,:तत्क्षणम्,एव,
महात्मोवाच,:महात्मा,उवाच,
नेदं,:न,इदं,
कल्याणर्थमनेन,:कल्याणार्थम्,अनेन,
एतद्द्वारा,:एतत्,द्वारा,
महात्माऽभाषत,:महात्मा,अभाषत,
प्रजायाश्च,:प्रजायाः,च,
आशुगो,धन्विना,:आशुगः,धन्विना,
मुक्तो,लक्ष्यभ्रष्टो,भवेत्,:मुक्तः,लक्ष्यभ्रष्टः,भवेत्,
बुद्धेर्न,:बुद्धेः,न,
क्वचिद्,भ्रष्टलक्ष्यता,:क्वचित्,भ्रष्टलक्ष्यता,
