स,यो,यो,व्यवहारे,:सः,यः,यः,व्यवहारे,
स,यो,यो,व्यवहारे,:सः,यः,यः,व्यवहारे,
तेनोक्तं,:तेन,उक्तं,
नूनमहं,:नूनम्,अहं,
किन्त्वस्माकं,:किन्तु,अस्माकं,
को,दद्यात्,:कः,दद्यात्,
प्रश्नस्यास्य,:प्रश्नस्य,अस्य,
क्षमो,नाभूत्,:क्षमः,न,अभूत्,
नाभूत्,:न,अभूत्,
पुनरब्रवीत्,:पुनः,अब्रवीत्,
समर्थो,नास्ति,:समर्थः,नास्ति,
तेनालीरामोऽवदत्,:तेनालीरामः,अवदत्,
मयोक्तसंख्यायाः,:मया,उक्तसंख्यायाः,
कारयितुमर्हति,:कारयितुम्,अर्हति,
राज्ञोक्तम्,:राज्ञा,उक्तम्,
तेनालीरामो,गम्भीरवाचा,:तेनालीरामः,गम्भीरवाचा,
पुनरपृच्छत्,:पुनः,अपृच्छत्,
संख्याऽधिका,:संख्या,अधिका,
तेनालीरामोऽभ्यधात्,:तेनालीरामः,अभ्यधात्,
एतद्,ज्ञातुं,:एतत्,ज्ञातुं,
यद्,राज्यान्तराणाम्,:यत्,राज्यान्तराणाम्,
इहागता,भवेयुः।,:इहागताः,भवेयुः।,
महीपालो,निरुत्तरोऽभवत्,:महीपालः,निरुत्तरः,अभवत्,
निरुत्तरोऽभवत्,:निरुत्तरः,अभवत्,
ततोऽसौ,:ततः,असौ,
दृक्पातमकरोत्,:दृक्पातम्,अकरोत्,
तत्परा,भवन्ति,:तत्पराः,भवन्ति,
इदमुत्तमं,:इदम्,उत्तमं,
नासादितम्,:न,आसादितम्,
विवक्षतीव,:विवक्षति,इव,
यद्,युष्मासु,:यत्,युष्मासु,
कोऽस्त्येतेन,:कः,अस्ति,एतेन,
तस्यैव,:तस्य,एव,
समादरश्च,:समादरः,च,
अनर्गलस्यापि,:अनर्गलस्य,अपि,
यो,ह्युत्तरदानदक्षः,:यः,हि,उत्तरदानदक्षः,
ह्युत्तरदानदक्षः,:हि,उत्तरदानदक्षः,
