दण्डमर्हन्ति,:दण्डम्,अर्हन्ति,
राजानमुवाच,:राजानम्,उवाच,
विदितमभवत्,:विदितम्,अभवत्,
पेयेष्वपमिश्रणस्य,:पेयेषु,अपमिश्रणस्य,
स्याच्छासकस्तत्र,:स्यात्,शासकः,तत्र,
सम्बन्धिभिश्च,:सम्बन्धिभिः,च,
तेनालीराममुपगताः,:तेनालीरामम्,उपगताः,
तेऽब्रुवन्,:ते,अब्रुवन्,
यदेते,:यत्,एते,
आपणिकास्तु,:आपणिकाः,तु,
तस्मादेव,:तस्मात्,एव,
साधनमपि,:साधनम्,अपि,
दण्डमर्हन्ति,:दण्डम्,अर्हन्ति,
तेनालीरामस्तेषां,:तेनालीरामः,तेषां,
परमस्याः,:परम्,अस्याः,
एतद्विषये,:एतत्,विषये,
तुङ्गभद्रानद्यास्तीरे,:तुङ्गभद्रानद्याः,तीरे,
केचिन्मत्स्यजीविनः,:केचित्,मत्स्यजीविनः,
भूपोऽपि,:भूपः,अपि,
जनाश्च,:जनाः,च,
तुरङ्गमादवतीर्य,:तुरङ्गमात्,अवतीर्य,
तेनालीरममुवाच,:तेनालीरामम्,उवाच,
किमिदं,:किम्,इदं,
किमेते,:किम्,एते,
उद्‌गमादेव,:उद्‌गमात्,एव,
नद्यामेव,:नद्याम्,एव,
स्खलिताक्षरमुवाच,:स्खलिताक्षरम्,उवाच,
ज्ञातमासीत्,:ज्ञातम्,आसीत्,
सस्मितमभाषत,:सस्मितम्,अभाषत,
सोऽवदत्,:सः,अवदत्,
भवतैषा,:भवता,एषा,
नीतिर्नाङ्गीकृता,:नीतिः,न,अङ्गीकृता,
सोऽपराधी,:सः,अपराधी,
श्रुत्वैव,:श्रुत्वा,एव,
स्थितिमबोधत्,:स्थितिम्,अबोधत्,
भूपतिरुवाच,:भूपतिः,उवाच,
धन्यस्त्वं,:धन्यः,त्वम्,
अवदताऽपि,:अवदता,अपि,
संसाधयेच्चैव,:संसाधयेत्,च,एव,
