कलाकाराश्च,:कलाकाराः,च,
मन्त्रिणोऽधिकारे,:मन्त्रिणः,अधिकारे,
भव्यतामवेक्षितुं,:भव्यताम्,अवेक्षितुं,
मन्त्रिणोऽविरामयत्नैः,:मन्त्रिणः,अविरामयत्नैः,
त्रुटिर्वा,:त्रुटिः,वा,
मन्त्रिणश्च,:मन्त्रिणः,च,
तदैव,:तदा,एव,
मौनमवलम्ब्य,:मौनम्,अवलम्ब्य,
नाकर्षति,:न,आकर्षति,
तेनालीरामोऽवदत्,:तेनालीरामः,अवदत्,
पदमाकर्ण्य,:पदम्,आकर्ण्य,
भूपोऽप्राक्षीत्,:भूपः,अप्राक्षीत्,
वक्तुमीहसे,:वक्तुम्,ईहसे,
स्पष्टमुदीरय,:स्पष्टम्,उदीरय,
मौनमास्थितं,:मौनम्,आस्थितं,
दण्डशब्दमाकर्ण्य,:दण्डशब्दम्,आकर्ण्य,
सविनयमुवाच,:सविनयम्,उवाच,
त्रुटिर्विद्यते,:त्रुटिः,विद्यते,
पश्यन्नुवाच,:पश्यन्,उवाच,
सभासदश्च,:सभासदः,च,
तेनालीरामोऽवदत्,:तेनालीरामः,अवदत्,
अशितुमपि,:अशितुम्,अपि,
सर्वमवेक्ष्य,:सर्वम्,अवेक्ष्य,
मदिरामेव,:मदिराम्,एव,
