नैकासु,:न,एकासु,
कलायाश्च,:कलायाः,च,
प्रशंसामकार्षीत्।,:प्रशंसाम्,अकार्षीत्।,
एतदतिरिच्य,:एतत्,अतिरिच्य,
सविनयमुवाच,:सविनयम्,उवाच,
एतदेव,:एतत्,एव,
नावशिष्यते,:न,अवशिष्यते,
भूयोऽपि,:भूयः,अपि,
सभासदोऽपि,:सभासदः,अपि,
पारिश्रमिकादन्यत्,:पारिश्रमिकात्,अन्यत्,
प्रकृतिरेव,:प्रकृतिः,एव,
मन्त्रिणमवैक्षत,:मन्त्रिणम्,अवैक्षत,
अमात्योऽपि,:अमात्यः,अपि,
शिल्पिनोऽनया,:शिल्पिनः,अनया,
सेनापतिमालोकत,:सेनापतिम्,आलोकत,
सोऽपि,:सः,अपि,
निश्चेतुमक्षमः,:निश्चेतुम्,अक्षमः,
कर्तुमशक्नुवानः,:कर्तुम्,अशक्नुवानः,
संसारेऽस्मिन्,:संसारे,अस्मिन्,
हीरकेभ्योऽपि,:हीरकेभ्यः,अपि,
प्रवर्धितुमारेभे।,:प्रवर्धितुम्,आरेभे।,
तेनैव,:तेन,एव,
तमाकारयितुं,:तम्,आकारयितुं,
सेवकेनानुगतः,:सेवकेन,अनुगतः,
भूपतिस्तम्,:भूपतिः,तम्,
किमस्ति,:किम्,अस्ति,
गम्भीरगिराऽवोचत्,:गम्भीरगिरा,अवोचत्,
ततोऽसौ,:ततः,असौ,
परिपूर्णमिच्छामि,:परिपूर्णम्,इच्छामि,
तेनालीरामोऽवदत्,:तेनालीरामः,अवदत्,
मामुपानय,:माम्,उपानय,
स्यूतमादाय,:स्यूतम्,आदाय,
नीतोऽयम्,:नीतः,अयम्,
स्यूतमादाय,:स्यूतम्,आदाय,
विश्रान्तिसौख्यमन्वभवन्,:विश्रान्तिसौख्यम्,अन्वभवन्,
नाहितम्,:न,अहितम्,
अगृहीत्वैव,:अगृहीत्वा,एव,
वायुरेव,:वायुः,एव,
कलामभिनन्दता,:कलाम्,अभिनन्दता,
सृष्टिर्निखिला,:सृष्टिः,निखिला,
क्षणमपि,:क्षणम्,अपि,
जीव्यतेऽनेन,:जीव्यते,अनेन,
