दुर्जनोऽकारणम्,:दुर्जनः,अकारणम्,
दुर्जनोऽकारणम्,:दुर्जनः,अकारणम्,
प्रायोऽलभत,:प्रायः,अलभत,
कार्यदिवसा,आसन्,:कार्यदिवसाः,आसन्,
राजभवनोद्यानेऽवस्थितः,:राजभवनोद्याने,अवस्थितः,
स्थितो,महाराजः,:स्थितः,महाराजः,
आयोऽतीवाधिकः,:आयः,अतीव,अधिकः,
स,तु,:सः,तु,
अस्मदपेक्षया,:अस्मत्,अपेक्षया,
कुतस्तस्य,:कुतः,तस्य,
सेनापतिरावादीत्,:सेनापतिः,अवादीत्,
वैतनिककार्यादपरं,:वैतनिककार्यात्,अपरं,
नार्हति,:न,अर्हति,
आयो,भवेत्,:आयः,भवेत्,
पुरोहितोऽप्यकथयत्,:पुरोहितः,अपि,अकथयत्,
आयोऽप्यधिकोऽस्ति,:आयः,अपि,अधिकः,अस्ति,
राज्यनियमानामवहेलनात्,:राज्यनियमानाम्,अवहेलनात्,
स,दण्डमर्हति,:सः,दण्डम्,अर्हति,
दण्डमर्हति,:दण्डम्,अर्हति,
द्वेषवतामिह,:द्वेषवताम्,इह,
कुतो,मानसी,:कुतः,मानसी,
मतमाकर्ण्य,:मतम्,आकर्ण्य,
महाराजो,गम्भीरमुद्रामधारयत्,:महाराजः,गम्भीरमुद्राम्,अधारयत्,
गम्भीरमुद्रामधारयत्,:गम्भीरमुद्राम्,अधारयत्,
सत्यमस्ति,:सत्यम्,अस्ति,
वेतनादन्यत्,:वेतनात्,अन्यत्,
स,पुरस्कारं,:सः,पुरस्कारं,
राजकीयसेवाया,अङ्गभूतानि,:राजकीयसेवायाः,अङ्गभूतानि,
राजकीयसेवारतोऽसौ,:राजकीयसेवारतः,असौ,
मग्नोऽभूद्,भूपालः,:मग्नः,अभूत्,भूपालः,
विकटाऽऽसीत्,:विकटा,आसीत्,
निर्णयो,विधेयः,:निर्णयः,विधेयः,
भृत्येनानुगतः,:भृत्येन,अनुगतः,
नृपतिस्तं,:नृपतिः,तं,
तेनालीरामोऽब्रवीत्,:तेनालीरामः,अब्रवीत्,
स्यूतमुद्घाट्य,:स्यूतम्,उद्घाट्य,
विस्मितो,भूत्वाऽपृच्छत्,:विस्मितः,भूत्वा,अपृच्छत्,
भूत्वाऽपृच्छत्,:भूत्वा,अपृच्छत्,
सोऽवदत्,:सः,अवदत्,
कुक्कुटोऽस्ति,:कुक्कुटः,अस्ति,
किन्त्वेष,ताम्रचूडः,:किन्तु,एषः,ताम्रचूडः,
भवानेव,:भवान्,एव,
हसित्वाऽवदत्,:हसित्वा,अवदत्,
एष,स्फूर्तिमान्,:एषः,स्फूर्तिमान्,
चतुरश्च,:चतुरः,च,
राज्ञो,मतमभ्यनन्दन्,:राज्ञः,मतम्,अभ्यनन्दन्,
मतमभ्यनन्दन्,:मतम्,अभ्यनन्दन्,
पुनस्तं,:पुनः,तं,
एतेभ्योऽधिकम्,:एतेभ्यः,अधिकम्,
ज्ञातुमिच्छामः,:ज्ञातुम्,इच्छामः,
अहमेकः,:अहम्,एकः,
तमपृच्छत्,:तम्,अपृच्छत्,
विरुद्धमाचरन्ति,:विरुद्धम्,आचरन्ति,
तेनालीरामोऽवदत्,:तेनालीरामः,अवदत्,
उच्चैरहसत्,:उच्चैः,अहसत्,
