वयमिच्छामः,:वयम्,इच्छामः,
यदस्मिन्,:यदि,अस्मिन्,
ईदृशमायोजनं,:ईदृशम्,आयोजनं,
राजवचोऽभिनन्दितवान्,:राजवचः,अभिनन्दितवान्,
अन्येषामपि,:अन्येषाम्,अपि,
सर्वमिदं,:सर्वम्,इदं,
नारोचत,:न,अरोचत,
स्मित्वाऽवदत्,:स्मित्वा,अवदत्,
दिनसमयेऽपि,:दिनसमये,अपि,
प्रकाशमिच्छति,:प्रकाशम्,इच्छति,
महाराजोऽपि,:महाराजः,अपि,
कोऽभिप्रायः,:कः,अभिप्रायः,
ज्ञातुमिच्छामः,:ज्ञातुम्,इच्छामः,
नाहं,:न,अहं,
नृपोऽवदत्,:नृपः,अवदत्,
सोऽवदत्,:सः,अवदत्,
अबालवयसोऽपि,:अबालवयसः,अपि,
कोऽस्ति',:कः,अस्ति',
नृपोऽपृच्छत्,:नृपः,अपृच्छत्,
भवानेव,:भवान्,एव,
एतदाकर्ण्य,:एतत्,आकर्ण्य,
नृपतिरुच्चैर्जहास,:नृपतिः,उच्चैः,जहास,
सभासदोऽपि,:सभासदः,अपि,
सहभागिनोऽभवन्,:सहभागिनः,अभवन्,
सम्पन्नोऽभूत्,:सम्पन्नः,अभूत्,
बालकैरपि,:बालकैः,अपि,
प्रतिभाप्रकाशस्तु,:प्रतिभाप्रकाशः,तु,
कलिकानामिव,:कलिकानाम्,इव,
मानसमेषां,:मानसम्,एषां,
नैतेषां,:न,एतेषां,
धावन्तीमे,:धावन्ती,इमे,
प्रियमुभयं,:प्रियम्,उभयं,
प्रियमस्पष्टाक्षरवचनम्,:प्रियम्,अस्पष्टाक्षरवचनम्,
शैशवमतितरलं,:शैशवम्,अतितरलं,
क्रीडनकान्यपि,:क्रीडनकानि,अपि,
प्रौढजनानामपि,:प्रौढजनानाम्,अपि,
धावत्यभितः,:धावति,अभितः,
