श्रुतमासीत्,:श्रुतम्,आसीत्,
समुदिताऽभवत्,:समुदिता,अभवत्,
दिनेष्वेव,:दिनेषु,एव,
जनिरभवत्,:जनिः,अभवत्,
तत्रोपेत्य,:तत्र,उपेत्य,
धूर्तप्रकृतिरासीत्,:धूर्तप्रकृतिः,आसीत्,
न्यूनतामेष्यति,:न्यूनताम्,एष्यति,
बहून्याश्वासनानि,:बहूनि,आश्वासनानि,
गताश्च,:गताः,च,
नागच्छत्‌,:न,आगच्छत्‌,
काऽस्ति,:का,अस्ति,
रात्रिश्च,:रात्रिः,च,
विपच्चापि,:विपत्,च,अपि,
नोचिता,:न,उचिता,
ततस्तेन,:ततः,तेन,
प्रस्थानमकार्षीत्,:प्रस्थानम्,अकार्षीत्,
जननीमुवाच,:जननीम्,उवाच,
अहमिच्छामि,:अहम्,इच्छामि,
नाम्नाऽपि,:नाम्ना,अपि,
युक्तिमेतां,:युक्तिम्,एतां,
माताऽवदत्,:माता,अवदत्,
नाम्नैव,:नाम्ना,एव,
राज्यप्रमुखश्चासीत्,:राज्यप्रमुखः,च,आसीत्,
उदारहृदयश्चास्ति,:उदारहृदयः,च,अस्ति,
तेनालीरामोऽवदत्,:तेनालीरामः,अवदत्,
संशयमनारुह्य,:संशयम्,अनारुह्य,
किन्त्वहं,:किन्तु,अहं,
सर्वमिदं,:सर्वम्,इदं,
स्थातुमेकं,:स्थातुम्,एकं,
जनाश्च,:जनाः,च,
राजगुरुमुपेत्य,:राजगुरुम्,उपेत्य,
नाभिजानाति,:न,अभिजानाति,
चाकरवम्,:च,अकरवम्,
ममाभिधानं,:मम,अभिधानं,
राजगुरुस्तम्,:राजगुरुः,तम्,
जनमुदीर्य,:जनम्,उदीर्य,
तस्योपहासं,:तस्य,उपहासं,
प्रकटयन्नाह,:प्रकटयन्,आह,
भ्रमोऽस्ति,:भ्रमः,अस्ति,
सर्वमिदं,:सर्वम्,इदं,
केवलमस्माकं,:केवलम्,अस्माकं,
यदेताः,:यत्,एताः,
तेनालीरामोऽपृच्छत्,:तेनालीरामः,अपृच्छत्,
अपीदं,:अपि,इदं,
इदमस्माकं,:इदम्,अस्माकं,
शास्त्रादधिकं,:शास्त्रात्,अधिकं,
सोऽवदत्,:सः,अवदत्,
अहमपि,:अहम्,अपि,
राजगुरुरप्यासीत्,:राजगुरुः,अपि,आसीत्,
