विशेषणसम्मानितो,भविष्यति,:विशेषणसम्मानितः,भविष्यति,
सप्ताहेऽतीते,:सप्ताहे,अतीते,
नावलोकितम्,:न,अवलोकितम्,
कुत्रास्ति,:कुत्र,अस्ति,
व्याकुलो,भवेत्,:व्याकुलः,भवेत्,
नृपतिरभाषत,:नृपतिः,अभाषत,
इदमेव,:इदम्,एव,
आत्मविश्वासेनावदत्,:आत्मविश्वासेन,अवदत्,
एतन्मदीयं,:एतत्,मदीयं,
स्वयमेव,:स्वयम्,एव,
कोऽहम्,:कः,अहम्,
विस्मयान्विता,आसन्।,:विस्मयान्विताः,आसन्।,
सभासदस्तु,:सभासदः,तु,
त्वरितमेव,:त्वरितम्,एव,
भ्रान्तिरपगता,:भ्रान्तिः,उपगता,
वक्तुमारभत,:वक्तुम्,आरभत,
तस्यैव,:तस्य,एव,
पापिनो,रावणस्य,:पापिनः,रावणस्य,
छायाऽस्मि,:छाया,अस्मि,
मुदिता,भूत्वा,:मुदिताः,भूत्वा,
ब्रुवन्तीमालक्ष्य,:ब्रुवन्तीम्,आलक्ष्य,
पुनरवदत्,:पुनः,अवदत्,
मृतो,नास्मि,:मृतः,नास्मि,
यद्,यत्,:यत्,यत्,
कोऽस्ति,:कः,अस्ति,
खड्गमाकृष्य,:खड्गम्,आकृष्य,
अधुनैव,:अधुना,एव,
प्रतिमाऽवदत्,:प्रतिमा,अवदत्,
खण्डशो,भूत्वा,:खण्डशः,भूत्वा,
प्रतिमाऽभ्यन्तरात्,:प्रतिमा,अभ्यन्तरात्,
प्रणतवदनो,भूत्वाऽवदत्,:प्रणतवदनः,भूत्वा,अवदत्,
भूत्वाऽवदत्,:भूत्वा,अवदत्,
नैतत्,:न,एतत्,
नेदम्,:न,इदम्,
नयनोन्मीलकं,:नयन,उन्मीलकं,
चित्रमेव,:चित्रम्,एव,
इदमेव,:इदम्,एव,
कर्तव्यमबोधयत्,:कर्तव्यम्,अबोधयत्,
निर्णयमाकर्ण्य,:निर्णयम्,आकर्ण्य,
परस्परमवलोकयन्तोऽतिष्ठन्,:परस्परं,अवलोकयन्तः,अतिष्ठन्,
परितो,जगत्याम्,:परितः,जगत्याम्,
कट्वपि,:कटु,अपि,
यो,ब्रवीति,:यः,ब्रवीति,
