विविधा,अद्वितीयाः,:विविधाः,अद्वितीयाः,
पुष्पसारा,आसन्,:पुष्पसाराः,आसन्,
घ्रात्वाऽवगतं,:घ्रात्वा,अवगतं,
अनुपमा,एव,:अनुपमाः,एव,
पृष्टास्तेऽवदन्,:पृष्टाः,ते,अवदन्,
वंशानुगतोऽस्माकं,:वंशानुगतः,अस्माकं,
मृदोऽपि,:मृदः,अपि,
कलाविद्,आसीत्,:कलावित्,आसीत्,
शिक्षणेऽप्यसौ,:शिक्षणे,अपि,असौ,
स,प्राह,:सः,प्राह,
सम्राजा,ते,:सम्राजाः,ते,
प्रबन्धाश्च,:प्रबन्धाः,च,
इदमुद्यानं,:इदम्,उद्यानं,
राजभवनान्तर्गतमासीत्,:राजभवनान्तर्गतम्,आसीत्,
तस्मिन्नेव,:तस्मिन्,एव,
तत्राययौ,:तत्र,आययौ,
व्यस्त,आसीत्,:व्यस्तः,आसीत्,
उत्क्रामन्तीव,:उत्क्रामन्ति,इव,
समागतोऽस्मि,:समागतः,अस्मि,
कक्षादेव,:कक्षात्,एव,
द्वारमुल्लंघ्य,:द्वारम्,उल्लंघ्य,
किमभवत्,:किम्,अभवत्,
आशङ्‌कित,इव,:आशङ्‌कितः,इव,
कुतो,लब्धमिदम्,:कुतः,लब्धम्,इदम्,
लब्धमिदम्,:लब्धम्,इदम्,
कर्गदोऽयं,:कर्गदः,अयं,
पुष्पसारविक्रेतृभ्यो,लब्धः,:पुष्पसारविक्रेतृभ्यः,लब्धः,
उज्जयिनीया,न,:उज्जयिनीयाः,न,
पुष्पसारनिर्यासयन्त्रमपि,:पुष्पसारनिर्यासयन्त्रम्,अपि,
व्याकुलो,जातः,:व्याकुलः,जातः,
सपद्येव,:सपदि,एव,
ज्ञातमभवत्,:ज्ञातम्,अभवत्,
सर्वांस्तान्,:सर्वान्,तान्,
भूपोऽब्रवीत्,:भूपः,अब्रवीत्,
सूक्ष्मेक्षिकावन्तो,जना,जना,विद्यन्ते,:सूक्ष्मेक्षिकावन्तः,जनाः,जनाः,विद्यन्ते,
तद्,राष्ट्रं,:तत्,राष्ट्रं,
एतन्निशम्य,:एतत्,निशम्य,
विवशा,अजायन्त,:विवशाः,अजायन्त,
कुत,आयातः,:कुतः,आयातः,
चोररिपुभ्यो,भीतिः,:चोररिपुभ्यः,भीतिः,
