वयमिच्छामः,:वयम्,इच्छामः,
यदस्मिन्,:यदि,अस्मिन्,
ईदृशमायोजनं,:ईदृशम्,आयोजनं,
यद्,आबालवृद्धं,:यत्,आबालवृद्धं,
जना,भागं,:जनाः,भागं,
राजवचोऽभिनन्दितवान्,:राजवचः,अभिनन्दितवान्,
भवेद्,इत्यत्र,:भवेत्,इत्यत्र,
अन्येषामपि,:अन्येषाम्,अपि,
सर्वमिदं,:सर्वम्,इदं,
नारोचत,:न,अरोचत,
स,तेनालीरामे,:सः,तेनालीरामे,
स्मित्वाऽवदत्,:स्मित्वा,अवदत्,
दिनसमयेऽपि,:दिनसमये,अपि,
प्रकाशमिच्छति,:प्रकाशम्,इच्छति,
महाराजोऽपि,:महाराजः,अपि,
खिन्न,इव,:खिन्नः,इव,
कोऽभिप्रायः,:कः,अभिप्रायः,
ज्ञातुमिच्छामः,:ज्ञातुम्,इच्छामः,
स,प्रत्युवाच,:सः,प्रत्युवाच,
नाहं,:न,अहं,
तैलदीपप्रभाया,अधिकतरं,:तैलदीपप्रभायाः,अधिकतरं,
नृपोऽवदत्,:नृपः,अवदत्,
सोऽवदत्,:सः,अवदत्,
यथारुचि,खेलन्तु,:यथारुचिः,खेलन्तु,
बाला,एव,:बालाः,एव,
अबालवयसोऽपि,:अबालवयसः,अपि,
बाला,भूत्वा,:बालाः,भूत्वा,
यो,बालकः,:यः,बालकः,
कोऽस्ति',:कः,अस्ति',
नृपोऽपृच्छत्,:नृपः,अपृच्छत्,
स,तु,:सः,तु,
भवानेव,:भवान्,एव,
निर्मलस्वभावो,भवदन्यः,:निर्मलस्वभावः,भवदन्यः,
एतदाकर्ण्य,:एतत्,आकर्ण्य,
नृपतिरुच्चैर्जहास,:नृपतिः,उच्चैः,जहास,
सभासदोऽपि,:सभासदः,अपि,
सहभागिनोऽभवन्,:सहभागिनः,अभवन्,
सम्पन्नोऽभूत्,:सम्पन्नः,अभूत्,
बालकैरपि,:बालकैः,अपि,
प्रतिभाप्रकाशस्तु,:प्रतिभाप्रकाशः,तु,
कलिकानामिव,:कलिकानाम्,इव,
शुचि,विमलं,:शुचिः,विमलं,
मानसमेषां,:मानसम्,एषां,
नैतेषां,:न,एतेषां,
धावन्तीमे,:धावन्ती,इमे,
रोषो,हर्षः,:रोषः,हर्षः,
प्रियमुभयं,:प्रियम्,उभयं,
प्रियमस्पष्टाक्षरवचनम्,:प्रियम्,अस्पष्टाक्षरवचनम्,
शैशवमतितरलं,:शैशवम्,अतितरलं,
क्रीडनकान्यपि,:क्रीडनकानि,अपि,
प्रौढजनानामपि,:प्रौढजनानाम्,अपि,
निर्हैतुक,एषां,:निर्हैतुकः,एषां,
धावत्यभितः,:धावति,अभितः,
