नीतिर्जयति,:नीतिः,जयति,
नीतिर्जयति,:नीतिः,जयति,
गृहाद्,बहिर्गमनमपि,:गृहात्,बहिः,गमनम्,अपि,
बहिर्गमनमपि,:बहिः,गमनम्,अपि,
इदमवगतम्,:इदम्,अवगतम्,
स,हेतुमनुसन्धाय,:सः,हेतुम्,अनुसन्धाय,
हेतुमनुसन्धाय,:हेतुम्,अनुसन्धाय,
तद्,उद्वेगजनकम्,:तत्,उद्वेगजनकम्,
सीमामतिक्रम्य,:सीमाम्,अतिक्रम्य,
तेषामेष,उपक्रमः,:तेषाम्,एषः,उपक्रमः,
प्रतिवेदनमवगत्य,:प्रतिवेदनम्,अवगत्य,
चिन्तातुरो,भूत्वा,:चिन्तातुरः,भूत्वा,
सेनापतिमादिशत्,:सेनापतिम्,आदिशत्,
परीक्ष्यैव,:परीक्ष्य,एव,
चातङ्‌कः,:च,आतङ्‌कः,
अतिकुशला,आसन्,:अतिकुशलाः,आसन्,
यद्,राज्ये,:यत्,राज्ये,
सदस्या,राज्ञस्तर्जनां,:सदस्याः,राज्ञः,तर्जनां,
राज्ञस्तर्जनां,:राज्ञः,तर्जनां,
मिथो,विलोकयन्ति,:मिथः,विलोकयन्ति,
विषमेऽस्मिन्,:विषमे,अस्मिन्,
विपज्जाले,:विपत्,जाले,
शनैरुवाच,:शनैः,उवाच,
पराजिता,भवन्ति,:पराजिताः,भवन्ति,
तेनालीरामो,जयति,:तेनालीरामः,जयति,
सङ्‌केतमवगत्य,:सङ्‌केतम्,अवगत्य,
तेनालीराममगदत्,:तेनालीरामम्,अगदत्,
कृत्यमिदम्,:कृत्यम्,इदम्,
स्वासनादुत्थाय,:स्वासनात्,उत्थाय,
परिवारमपि,:परिवारम्,अपि,
भवच्चरणयोः,:भवत्,चरणयोः,
निपातयितुमीशे,:निपातयितुम्,ईशे,
कृष्णदेवोऽवादीत्,:कृष्णदेवः,अवादीत्,
त्वमस्य,:त्वम्,अस्य,
कार्यमिदं,:कार्यम्,इदं,
तेनालीरामो,गृहं,:तेनालीरामः,गृहं,
सपद्येव,:सपदि,एव,
वार्तेयं,:वार्ता,इयं,
प्रथिताऽभवत्,:प्रथिता,अभवत्,
समाचारमिमम्,:समाचारम्,इमम्,
हसितुमारभत,:हसितुम्,आरभत,
तमयं,:तम्,अयं,
अहमद्यैव,:अहम्,अद्य,एव,
ततोऽसौ,:ततः,असौ,
प्रवृत्तिमवगन्तुं,:प्रवृत्तिम्,अवगन्तुं,
गृहमन्विष्य,:गृहम्,अन्विष्य,
मुखमावृत्य,:मुखम्,आवृत्य,
तद्‌गृहमुपेतवान्,:तद्‌गृहम्,उपेतवान्,
इत्युच्चारयन्,:इति,उच्चारयन्,
कल्याणमस्तु,:कल्याणम्,अस्तु,
अभ्यन्तराद्,आवृतमासीत्,:अभ्यन्तरात्,आवृतम्,आसीत्,
आवृतमासीत्,:आवृतम्,आसीत्,
तेनालीरामोऽभ्यन्तराद्,ऊचे,:तेनालीरामः,अभ्यन्तरात्,ऊचे,
नोद्घाटयामि,:न,उद्घाटयामि,
स,एव,:सः,एव,
नोद्घाटये,:न,उद्घाटये,
वातायनाद्,भिक्षां,:वातायनात्,भिक्षां,
श्रुत्वैतत्,:श्रुत्वा,एतत्,
मोदमवाप,:मोदम्,अवाप,
यदैव,:यदा,एव,
स,वातायनशलाकाय,:सः,वातायनशलाकाय,
कश्चिद्,अंशः,:कश्चित्,अंशः,
तदैव,:तदा,एव,
गर्जंश्चावदत्,:गर्जन्,च,अवदत्,
कोऽहम्,:कः,अहम्,
स,एव,:सः,एव,
शेरखानोऽस्मि,:शेरखानः,अस्मि,
स,मूर्छितो,मूर्छितो,भूत्वा,:सः,मूर्छितः,मूर्छितः,भूत्वा,
भूमावपतत्,:भूमौ,अपतत्,
रज्जुभिर्निबद्धोऽभवत्,:रज्जुभिः,निबद्धः,अभवत्,
प्राणभिक्षामयाचत,:प्राणभिक्षाम्,अयाचत,
त्वयाऽवगतं,:त्वया,अवगतं,
सोऽवदत्,:सः,अवदत्,
पूर्वकृत्येभ्यो,मयाऽवगतम्,:पूर्वकृत्येभ्यः,मया,अवगतम्,
मयाऽवगतम्,:मया,अवगतम्,
स,सर्वदा,:सः,सर्वदा,
तस्यावासम्,:तस्य,आवासम्,
स,मम,:सः,मम,
गृहमुपेत्य,:गृहम्,उपेत्य,
तच्छ्रुत्वा,:तत्,श्रुत्वा,
नृपतिस्तं,:नृपतिः,तं,
महार्घैरुपहारैः,:महार्घैः,उपहारैः,
सभासदो,व्यलोकयत्,:सभासदः,व्यलोकयत्,
