विवेकोऽर्थलुब्धानाम्,:विवेकः,अर्थलुब्धानाम्,
विवेकोऽर्थलुब्धानाम्,:विवेकः,अर्थलुब्धानाम्,
पशवोऽपि,:पशवः,अपि,
सर्वमिदं,:सर्वम्,इदं,
चिन्तातुरोऽभवत्,:चिन्तातुरः,अभवत्,
मन्त्रिणमादिशत्,:मन्त्रिणम्,आदिशत्,
त्वरितमेव,:त्वरितम्,एव,
नागतवान्,:न,आगतवान्,
नागच्छति,:न,आगच्छति,
तेनालीरामोऽपि,:तेनालीरामः,अपि,
नृपस्तं,:नृपः,तं,
जनसेवामधिकृत्य,:जनसेवाम्,अधिकृत्य,
नृपोऽपश्यत्,:नृपः,अपश्यत्,
केनैते,:केन,एते,
तेनालीरामोऽवदत्,:तेनालीरामः,अवदत्,
राज्ञोक्तं,:राज्ञा,उक्तं,
किमेवंरीत्या,:किम्,एवंरीत्या,
वृक्षास्तु,:वृक्षाः,तु,
ममोद्यानस्य,:मम,उद्यानस्य,
तेनालीरामोऽभणत्,:तेनालीरामः,अभणत्,
दशाऽऽसीत्,:दशा,आसीत्,
एतद्विलोक्य,:एतत्,विलोक्य,
साश्चर्यमुवाच,:साश्चर्यम्,उवाच,
भवितुमर्हति,:भवितुम्,अर्हति,
राज्ञाऽवबुद्धं,:राज्ञा,अवबुद्धं,
मन्त्रिणमेव,:मन्त्रिणम्,एव,
